[2025-01-29 15:36:33,713][__main__][INFO] - 
model:
  dim_treatments: 4
  dim_vitals: 0
  dim_static_features: 1
  dim_outcomes: 1
  name: CRN
  encoder:
    _target_: src.models.crn.CRNEncoder
    seq_hidden_units: 24
    br_size: 18
    fc_hidden_units: 36
    dropout_rate: 0.1
    num_layer: 1
    batch_size: 128
    optimizer:
      optimizer_cls: adam
      learning_rate: 0.001
      weight_decay: 0.0
      lr_scheduler: false
    tune_hparams: false
    tune_range: 50
    hparams_grid: null
    resources_per_trial: null
  train_decoder: true
  decoder:
    _target_: src.models.crn.CRNDecoder
    seq_hidden_units: null
    br_size: 24
    fc_hidden_units: 12
    dropout_rate: 0.1
    num_layer: 1
    batch_size: 1024
    optimizer:
      optimizer_cls: adam
      learning_rate: 0.001
      weight_decay: 0.0
      lr_scheduler: false
    tune_hparams: false
    tune_range: 30
    hparams_grid: null
    resources_per_trial: null
dataset:
  val_batch_size: 512
  treatment_mode: multiclass
  _target_: src.data.SyntheticCancerDatasetCollection
  name: tumor_generator
  coeff: 1.0
  chemo_coeff: 1.0
  radio_coeff: 1.0
  seed: 10
  random: true
  noise_percentage: 0.05
  num_patients:
    train: 10000
    val: 1000
    test: 1000
  window_size: 15
  lag: 0
  max_seq_length: 60
  projection_horizon: 5
  cf_seq_mode: sliding_treatment
exp:
  seed: 10
  gpus:
  - 0
  max_epochs: 250
  logging: true
  mlflow_uri: http://127.0.0.1:5000
  unscale_rmse: true
  percentage_rmse: true
  alpha: 0.01
  update_alpha: true
  alpha_rate: exp
  initial_balancing_method: grad_reverse
  final_balancing_method: grad_reverse
  bce_weight: false
  weights_ema: false
  beta: 0.99
  alpha_wass: 0.0001
  alpha_wass_epoch: false
  alpha_wass_growth: 0.001
  alpha_wass_max: 0.01
  balancing: grad_reverse
  balancing_switch_epoch: 249
  gap_epoch: 50
  clustering_method: GMM
  number_clusters: 2
  num_timepoints: 59
  checkpoint_dir: ./checkpoints/cancer/crn/1

[2025-01-29 15:36:33,739][root][INFO] - Simulating initial volumes for stage I  with norm params: mu=1.72, sigma=4.7, lb=-0.6221218732608373, ub=-0.023523848418276528
[2025-01-29 15:36:33,747][root][INFO] - Simulating initial volumes for stage II  with norm params: mu=1.96, sigma=1.63, lb=-1.9410876100159118, ub=0.3711345751297772
[2025-01-29 15:36:33,749][root][INFO] - Simulating initial volumes for stage IIIA  with norm params: mu=1.91, sigma=9.4, lb=-0.33127370258786554, ub=0.06967546355973796
[2025-01-29 15:36:33,749][root][INFO] - Simulating initial volumes for stage IIIB  with norm params: mu=2.76, sigma=6.87, lb=-0.5769974969906748, ub=-0.02839165102452155
[2025-01-29 15:36:33,752][root][INFO] - Simulating initial volumes for stage IV  with norm params: mu=3.86, sigma=8.82, lb=-0.5741465764541877, ub=-0.14683113860980307
[2025-01-29 15:36:33,775][root][INFO] - Got correlated params for 4658 patients
[2025-01-29 15:36:33,780][root][INFO] - Got correlated params for 9338 patients
[2025-01-29 15:36:33,785][root][INFO] - Got correlated params for 13912 patients
[2025-01-29 15:36:33,793][root][INFO] - Simulating beta_c parameters
[2025-01-29 15:36:33,798][root][INFO] - Randomising outputs
[2025-01-29 15:36:34,027][__main__][INFO] - 
model:
  dim_treatments: 4
  dim_vitals: 0
  dim_static_features: 1
  dim_outcomes: 1
  name: CRN
  encoder:
    _target_: src.models.crn.CRNEncoder
    seq_hidden_units: 24
    br_size: 18
    fc_hidden_units: 36
    dropout_rate: 0.1
    num_layer: 1
    batch_size: 128
    optimizer:
      optimizer_cls: adam
      learning_rate: 0.001
      weight_decay: 0.0
      lr_scheduler: false
    tune_hparams: false
    tune_range: 50
    hparams_grid: null
    resources_per_trial: null
  train_decoder: true
  decoder:
    _target_: src.models.crn.CRNDecoder
    seq_hidden_units: null
    br_size: 24
    fc_hidden_units: 12
    dropout_rate: 0.1
    num_layer: 1
    batch_size: 1024
    optimizer:
      optimizer_cls: adam
      learning_rate: 0.001
      weight_decay: 0.0
      lr_scheduler: false
    tune_hparams: false
    tune_range: 30
    hparams_grid: null
    resources_per_trial: null
dataset:
  val_batch_size: 512
  treatment_mode: multiclass
  _target_: src.data.SyntheticCancerDatasetCollection
  name: tumor_generator
  coeff: 1.0
  chemo_coeff: 1.0
  radio_coeff: 1.0
  seed: 101
  random: true
  noise_percentage: 0.05
  num_patients:
    train: 10000
    val: 1000
    test: 1000
  window_size: 15
  lag: 0
  max_seq_length: 60
  projection_horizon: 5
  cf_seq_mode: sliding_treatment
exp:
  seed: 101
  gpus:
  - 0
  max_epochs: 250
  logging: true
  mlflow_uri: http://127.0.0.1:5000
  unscale_rmse: true
  percentage_rmse: true
  alpha: 0.01
  update_alpha: true
  alpha_rate: exp
  initial_balancing_method: grad_reverse
  final_balancing_method: grad_reverse
  bce_weight: false
  weights_ema: false
  beta: 0.99
  alpha_wass: 0.0001
  alpha_wass_epoch: false
  alpha_wass_growth: 0.001
  alpha_wass_max: 0.01
  balancing: grad_reverse
  balancing_switch_epoch: 249
  gap_epoch: 50
  clustering_method: GMM
  number_clusters: 2
  num_timepoints: 59
  checkpoint_dir: ./checkpoints/cancer/crn/1

[2025-01-29 15:36:34,037][root][INFO] - Simulating initial volumes for stage I  with norm params: mu=1.72, sigma=4.7, lb=-0.6221218732608373, ub=-0.023523848418276528
[2025-01-29 15:36:34,039][root][INFO] - Simulating initial volumes for stage II  with norm params: mu=1.96, sigma=1.63, lb=-1.9410876100159118, ub=0.3711345751297772
[2025-01-29 15:36:34,040][root][INFO] - Simulating initial volumes for stage IIIA  with norm params: mu=1.91, sigma=9.4, lb=-0.33127370258786554, ub=0.06967546355973796
[2025-01-29 15:36:34,040][root][INFO] - Simulating initial volumes for stage IIIB  with norm params: mu=2.76, sigma=6.87, lb=-0.5769974969906748, ub=-0.02839165102452155
[2025-01-29 15:36:34,043][root][INFO] - Simulating initial volumes for stage IV  with norm params: mu=3.86, sigma=8.82, lb=-0.5741465764541877, ub=-0.14683113860980307
[2025-01-29 15:36:34,052][root][INFO] - Got correlated params for 4645 patients
[2025-01-29 15:36:34,056][root][INFO] - Got correlated params for 9125 patients
[2025-01-29 15:36:34,061][root][INFO] - Got correlated params for 13736 patients
[2025-01-29 15:36:34,068][root][INFO] - Simulating beta_c parameters
[2025-01-29 15:36:34,073][root][INFO] - Randomising outputs
[2025-01-29 15:36:48,175][src.data.cancer_sim.dataset][INFO] - Processing train dataset before training
[2025-01-29 15:36:49,274][src.data.cancer_sim.dataset][INFO] - Shape of processed train data: {'cancer_volume': (10000, 60), 'chemo_dosage': (10000, 60), 'radio_dosage': (10000, 60), 'chemo_application': (10000, 60), 'radio_application': (10000, 60), 'chemo_probabilities': (10000, 60), 'radio_probabilities': (10000, 60), 'sequence_lengths': (10000,), 'death_flags': (10000, 60), 'recovery_flags': (10000, 60), 'patient_types': (10000,), 'prev_treatments': (10000, 59, 4), 'current_treatments': (10000, 59, 4), 'current_covariates': (10000, 59, 2), 'outputs': (10000, 59, 1), 'active_entries': (10000, 59, 1), 'unscaled_outputs': (10000, 59, 1), 'prev_outputs': (10000, 59, 1), 'static_features': (10000, 1)}
[2025-01-29 15:36:49,326][root][INFO] - Simulating initial volumes for stage I  with norm params: mu=1.72, sigma=4.7, lb=-0.6221218732608373, ub=-0.023523848418276528
[2025-01-29 15:36:49,327][root][INFO] - Simulating initial volumes for stage II  with norm params: mu=1.96, sigma=1.63, lb=-1.9410876100159118, ub=0.3711345751297772
[2025-01-29 15:36:49,328][root][INFO] - Simulating initial volumes for stage IIIA  with norm params: mu=1.91, sigma=9.4, lb=-0.33127370258786554, ub=0.06967546355973796
[2025-01-29 15:36:49,328][root][INFO] - Simulating initial volumes for stage IIIB  with norm params: mu=2.76, sigma=6.87, lb=-0.5769974969906748, ub=-0.02839165102452155
[2025-01-29 15:36:49,329][root][INFO] - Simulating initial volumes for stage IV  with norm params: mu=3.86, sigma=8.82, lb=-0.5741465764541877, ub=-0.14683113860980307
[2025-01-29 15:36:49,331][root][INFO] - Got correlated params for 455 patients
[2025-01-29 15:36:49,332][root][INFO] - Got correlated params for 905 patients
[2025-01-29 15:36:49,333][root][INFO] - Got correlated params for 1366 patients
[2025-01-29 15:36:49,334][root][INFO] - Simulating beta_c parameters
[2025-01-29 15:36:49,335][root][INFO] - Randomising outputs
[2025-01-29 15:36:50,758][root][INFO] - Simulating initial volumes for stage I  with norm params: mu=1.72, sigma=4.7, lb=-0.6221218732608373, ub=-0.023523848418276528
[2025-01-29 15:36:50,759][root][INFO] - Simulating initial volumes for stage II  with norm params: mu=1.96, sigma=1.63, lb=-1.9410876100159118, ub=0.3711345751297772
[2025-01-29 15:36:50,759][root][INFO] - Simulating initial volumes for stage IIIA  with norm params: mu=1.91, sigma=9.4, lb=-0.33127370258786554, ub=0.06967546355973796
[2025-01-29 15:36:50,760][root][INFO] - Simulating initial volumes for stage IIIB  with norm params: mu=2.76, sigma=6.87, lb=-0.5769974969906748, ub=-0.02839165102452155
[2025-01-29 15:36:50,761][root][INFO] - Simulating initial volumes for stage IV  with norm params: mu=3.86, sigma=8.82, lb=-0.5741465764541877, ub=-0.14683113860980307
[2025-01-29 15:36:50,762][root][INFO] - Got correlated params for 493 patients
[2025-01-29 15:36:50,763][root][INFO] - Got correlated params for 947 patients
[2025-01-29 15:36:50,764][root][INFO] - Got correlated params for 1403 patients
[2025-01-29 15:36:50,765][root][INFO] - Simulating beta_c parameters
[2025-01-29 15:36:50,766][root][INFO] - Randomising outputs
[2025-01-29 15:36:51,420][src.data.cancer_sim.dataset][INFO] - Processing train dataset before training
[2025-01-29 15:36:52,509][src.data.cancer_sim.dataset][INFO] - Shape of processed train data: {'cancer_volume': (10000, 60), 'chemo_dosage': (10000, 60), 'radio_dosage': (10000, 60), 'chemo_application': (10000, 60), 'radio_application': (10000, 60), 'chemo_probabilities': (10000, 60), 'radio_probabilities': (10000, 60), 'sequence_lengths': (10000,), 'death_flags': (10000, 60), 'recovery_flags': (10000, 60), 'patient_types': (10000,), 'prev_treatments': (10000, 59, 4), 'current_treatments': (10000, 59, 4), 'current_covariates': (10000, 59, 2), 'outputs': (10000, 59, 1), 'active_entries': (10000, 59, 1), 'unscaled_outputs': (10000, 59, 1), 'prev_outputs': (10000, 59, 1), 'static_features': (10000, 1)}
[2025-01-29 15:36:52,570][root][INFO] - Simulating initial volumes for stage I  with norm params: mu=1.72, sigma=4.7, lb=-0.6221218732608373, ub=-0.023523848418276528
[2025-01-29 15:36:52,571][root][INFO] - Simulating initial volumes for stage II  with norm params: mu=1.96, sigma=1.63, lb=-1.9410876100159118, ub=0.3711345751297772
[2025-01-29 15:36:52,572][root][INFO] - Simulating initial volumes for stage IIIA  with norm params: mu=1.91, sigma=9.4, lb=-0.33127370258786554, ub=0.06967546355973796
[2025-01-29 15:36:52,573][root][INFO] - Simulating initial volumes for stage IIIB  with norm params: mu=2.76, sigma=6.87, lb=-0.5769974969906748, ub=-0.02839165102452155
[2025-01-29 15:36:52,574][root][INFO] - Simulating initial volumes for stage IV  with norm params: mu=3.86, sigma=8.82, lb=-0.5741465764541877, ub=-0.14683113860980307
[2025-01-29 15:36:52,575][root][INFO] - Got correlated params for 468 patients
[2025-01-29 15:36:52,576][root][INFO] - Got correlated params for 912 patients
[2025-01-29 15:36:52,577][root][INFO] - Got correlated params for 1370 patients
[2025-01-29 15:36:52,578][root][INFO] - Simulating beta_c parameters
[2025-01-29 15:36:52,579][root][INFO] - Randomising outputs
[2025-01-29 15:36:54,260][root][INFO] - Simulating initial volumes for stage I  with norm params: mu=1.72, sigma=4.7, lb=-0.6221218732608373, ub=-0.023523848418276528
[2025-01-29 15:36:54,260][root][INFO] - Simulating initial volumes for stage II  with norm params: mu=1.96, sigma=1.63, lb=-1.9410876100159118, ub=0.3711345751297772
[2025-01-29 15:36:54,261][root][INFO] - Simulating initial volumes for stage IIIA  with norm params: mu=1.91, sigma=9.4, lb=-0.33127370258786554, ub=0.06967546355973796
[2025-01-29 15:36:54,261][root][INFO] - Simulating initial volumes for stage IIIB  with norm params: mu=2.76, sigma=6.87, lb=-0.5769974969906748, ub=-0.02839165102452155
[2025-01-29 15:36:54,262][root][INFO] - Simulating initial volumes for stage IV  with norm params: mu=3.86, sigma=8.82, lb=-0.5741465764541877, ub=-0.14683113860980307
[2025-01-29 15:36:54,264][root][INFO] - Got correlated params for 466 patients
[2025-01-29 15:36:54,265][root][INFO] - Got correlated params for 924 patients
[2025-01-29 15:36:54,266][root][INFO] - Got correlated params for 1390 patients
[2025-01-29 15:36:54,267][root][INFO] - Simulating beta_c parameters
[2025-01-29 15:36:54,268][root][INFO] - Randomising outputs
[2025-01-29 15:36:55,764][root][INFO] - Simulating initial volumes for stage I  with norm params: mu=1.72, sigma=4.7, lb=-0.6221218732608373, ub=-0.023523848418276528
[2025-01-29 15:36:55,766][root][INFO] - Simulating initial volumes for stage II  with norm params: mu=1.96, sigma=1.63, lb=-1.9410876100159118, ub=0.3711345751297772
[2025-01-29 15:36:55,766][root][INFO] - Simulating initial volumes for stage IIIA  with norm params: mu=1.91, sigma=9.4, lb=-0.33127370258786554, ub=0.06967546355973796
[2025-01-29 15:36:55,767][root][INFO] - Simulating initial volumes for stage IIIB  with norm params: mu=2.76, sigma=6.87, lb=-0.5769974969906748, ub=-0.02839165102452155
[2025-01-29 15:36:55,768][root][INFO] - Simulating initial volumes for stage IV  with norm params: mu=3.86, sigma=8.82, lb=-0.5741465764541877, ub=-0.14683113860980307
[2025-01-29 15:36:55,769][root][INFO] - Got correlated params for 445 patients
[2025-01-29 15:36:55,770][root][INFO] - Got correlated params for 895 patients
[2025-01-29 15:36:55,771][root][INFO] - Got correlated params for 1355 patients
[2025-01-29 15:36:55,772][root][INFO] - Simulating beta_c parameters
[2025-01-29 15:36:55,773][root][INFO] - Randomising outputs
[2025-01-29 15:37:00,226][root][INFO] - Simulating initial volumes for stage I  with norm params: mu=1.72, sigma=4.7, lb=-0.6221218732608373, ub=-0.023523848418276528
[2025-01-29 15:37:00,227][root][INFO] - Simulating initial volumes for stage II  with norm params: mu=1.96, sigma=1.63, lb=-1.9410876100159118, ub=0.3711345751297772
[2025-01-29 15:37:00,228][root][INFO] - Simulating initial volumes for stage IIIA  with norm params: mu=1.91, sigma=9.4, lb=-0.33127370258786554, ub=0.06967546355973796
[2025-01-29 15:37:00,228][root][INFO] - Simulating initial volumes for stage IIIB  with norm params: mu=2.76, sigma=6.87, lb=-0.5769974969906748, ub=-0.02839165102452155
[2025-01-29 15:37:00,229][root][INFO] - Simulating initial volumes for stage IV  with norm params: mu=3.86, sigma=8.82, lb=-0.5741465764541877, ub=-0.14683113860980307
[2025-01-29 15:37:00,231][root][INFO] - Got correlated params for 480 patients
[2025-01-29 15:37:00,232][root][INFO] - Got correlated params for 951 patients
[2025-01-29 15:37:00,233][root][INFO] - Got correlated params for 1433 patients
[2025-01-29 15:37:00,234][root][INFO] - Simulating beta_c parameters
[2025-01-29 15:37:00,235][root][INFO] - Randomising outputs
[2025-01-29 15:37:19,165][src.data.cancer_sim.dataset][INFO] - train Dataset already processed
[2025-01-29 15:37:19,166][src.data.cancer_sim.dataset][INFO] - Processing val dataset before training
[2025-01-29 15:37:19,275][src.data.cancer_sim.dataset][INFO] - Shape of processed val data: {'cancer_volume': (1000, 60), 'chemo_dosage': (1000, 60), 'radio_dosage': (1000, 60), 'chemo_application': (1000, 60), 'radio_application': (1000, 60), 'chemo_probabilities': (1000, 60), 'radio_probabilities': (1000, 60), 'sequence_lengths': (1000,), 'death_flags': (1000, 60), 'recovery_flags': (1000, 60), 'patient_types': (1000,), 'prev_treatments': (1000, 59, 4), 'current_treatments': (1000, 59, 4), 'current_covariates': (1000, 59, 2), 'outputs': (1000, 59, 1), 'active_entries': (1000, 59, 1), 'unscaled_outputs': (1000, 59, 1), 'prev_outputs': (1000, 59, 1), 'static_features': (1000, 1)}
[2025-01-29 15:37:19,275][src.data.cancer_sim.dataset][INFO] - Processing test dataset before training
[2025-01-29 15:37:27,398][src.data.cancer_sim.dataset][INFO] - train Dataset already processed
[2025-01-29 15:37:27,399][src.data.cancer_sim.dataset][INFO] - Processing val dataset before training
[2025-01-29 15:37:27,508][src.data.cancer_sim.dataset][INFO] - Shape of processed val data: {'cancer_volume': (1000, 60), 'chemo_dosage': (1000, 60), 'radio_dosage': (1000, 60), 'chemo_application': (1000, 60), 'radio_application': (1000, 60), 'chemo_probabilities': (1000, 60), 'radio_probabilities': (1000, 60), 'sequence_lengths': (1000,), 'death_flags': (1000, 60), 'recovery_flags': (1000, 60), 'patient_types': (1000,), 'prev_treatments': (1000, 59, 4), 'current_treatments': (1000, 59, 4), 'current_covariates': (1000, 59, 2), 'outputs': (1000, 59, 1), 'active_entries': (1000, 59, 1), 'unscaled_outputs': (1000, 59, 1), 'prev_outputs': (1000, 59, 1), 'static_features': (1000, 1)}
[2025-01-29 15:37:27,509][src.data.cancer_sim.dataset][INFO] - Processing test dataset before training
[2025-01-29 15:37:39,983][src.data.cancer_sim.dataset][INFO] - Shape of processed test data: {'cancer_volume': (216208, 60), 'chemo_application': (216208, 60), 'radio_application': (216208, 60), 'sequence_lengths': (216208,), 'patient_types': (216208,), 'prev_treatments': (216208, 59, 4), 'current_treatments': (216208, 59, 4), 'current_covariates': (216208, 59, 2), 'outputs': (216208, 59, 1), 'active_entries': (216208, 59, 1), 'unscaled_outputs': (216208, 59, 1), 'prev_outputs': (216208, 59, 1), 'static_features': (216208, 1)}
[2025-01-29 15:37:40,567][src.models.crn][INFO] - Input size of encoder: 6
[2025-01-29 15:37:48,161][src.data.cancer_sim.dataset][INFO] - Shape of processed test data: {'cancer_volume': (215352, 60), 'chemo_application': (215352, 60), 'radio_application': (215352, 60), 'sequence_lengths': (215352,), 'patient_types': (215352,), 'prev_treatments': (215352, 59, 4), 'current_treatments': (215352, 59, 4), 'current_covariates': (215352, 59, 2), 'outputs': (215352, 59, 1), 'active_entries': (215352, 59, 1), 'unscaled_outputs': (215352, 59, 1), 'prev_outputs': (215352, 59, 1), 'static_features': (215352, 1)}
[2025-01-29 15:37:48,603][src.models.crn][INFO] - Input size of encoder: 6
[2025-01-29 15:48:44,714][src.models.time_varying_model][INFO] - RMSE calculation for val.
[2025-01-29 15:48:44,715][src.models.time_varying_model][INFO] - Predictions for val.
[2025-01-29 15:48:45,275][__main__][INFO] - Val normalised RMSE (all): 0.6203016082805614; Val normalised RMSE (orig): 0.6036850836251363
[2025-01-29 15:48:45,275][src.models.time_varying_model][INFO] - RMSE calculation for test.
[2025-01-29 15:48:45,276][src.models.time_varying_model][INFO] - Predictions for test.
[2025-01-29 15:48:58,516][__main__][INFO] - Test normalised RMSE (all): 0.7453042167046332; Test normalised RMSE (orig): 0.5290448105053015; Test normalised RMSE (only counterfactual): 0.7046894098245424
[2025-01-29 15:48:58,575][src.models.crn][INFO] - Input size of decoder: 6
[2025-01-29 15:48:58,593][src.data.cancer_sim.dataset][INFO] - train Dataset already processed
[2025-01-29 15:48:58,593][src.data.cancer_sim.dataset][INFO] - val Dataset already processed
[2025-01-29 15:48:58,593][src.data.cancer_sim.dataset][INFO] - Processing test dataset before training
[2025-01-29 15:49:55,026][src.data.cancer_sim.dataset][INFO] - Shape of processed test data: {'cancer_volume': (548326, 65), 'chemo_application': (548326, 65), 'radio_application': (548326, 65), 'sequence_lengths': (548326,), 'patient_types': (548326,), 'patient_ids_all_trajectories': (548326,), 'patient_current_t': (548326,), 'prev_treatments': (548326, 64, 4), 'current_treatments': (548326, 64, 4), 'current_covariates': (548326, 64, 2), 'outputs': (548326, 64, 1), 'active_entries': (548326, 64, 1), 'unscaled_outputs': (548326, 64, 1), 'prev_outputs': (548326, 64, 1), 'static_features': (548326, 1)}
[2025-01-29 15:49:55,030][src.models.time_varying_model][INFO] - Balanced representations inference for train.
[2025-01-29 15:49:56,288][src.models.time_varying_model][INFO] - Balanced representations inference for val.
[2025-01-29 15:49:56,841][src.models.time_varying_model][INFO] - Balanced representations inference for test.
[2025-01-29 15:50:30,101][src.models.time_varying_model][INFO] - Predictions for test.
[2025-01-29 15:51:04,048][src.data.cancer_sim.dataset][INFO] - Processing train dataset before training (multiple sequences)
[2025-01-29 15:51:06,751][src.data.cancer_sim.dataset][INFO] - Shape of processed train data: {'init_state': (489999, 18), 'original_index': (489999,), 'active_encoder_r': (489999, 59), 'prev_treatments': (489999, 5, 4), 'current_treatments': (489999, 5, 4), 'current_covariates': (489999, 5, 2), 'prev_outputs': (489999, 5, 1), 'static_features': (489999, 1), 'outputs': (489999, 5, 1), 'sequence_lengths': (489999,), 'active_entries': (489999, 5, 1), 'unscaled_outputs': (489999, 5, 1)}
[2025-01-29 15:51:06,753][src.data.cancer_sim.dataset][INFO] - Processing val dataset before training (multiple sequences)
[2025-01-29 15:51:07,023][src.data.cancer_sim.dataset][INFO] - Shape of processed val data: {'init_state': (49683, 18), 'original_index': (49683,), 'active_encoder_r': (49683, 59), 'prev_treatments': (49683, 5, 4), 'current_treatments': (49683, 5, 4), 'current_covariates': (49683, 5, 2), 'prev_outputs': (49683, 5, 1), 'static_features': (49683, 1), 'outputs': (49683, 5, 1), 'sequence_lengths': (49683,), 'active_entries': (49683, 5, 1), 'unscaled_outputs': (49683, 5, 1)}
[2025-01-29 15:51:07,023][src.data.cancer_sim.dataset][INFO] - Processing test dataset before testing (multiple sequences)
[2025-01-29 15:51:14,438][src.data.cancer_sim.dataset][INFO] - Shape of processed test data: {'active_encoder_r': (548326, 59), 'prev_treatments': (548326, 5, 4), 'current_treatments': (548326, 5, 4), 'current_covariates': (548326, 5, 2), 'prev_outputs': (548326, 5, 1), 'static_features': (548326, 1), 'outputs': (548326, 5, 1), 'sequence_lengths': (548326,), 'active_entries': (548326, 5, 1), 'unscaled_outputs': (548326, 5, 1), 'patient_types': (548326,), 'patient_ids_all_trajectories': (548326,), 'patient_current_t': (548326,), 'init_state': (548326, 18)}
[2025-01-29 15:51:14,496][src.data.cancer_sim.dataset][INFO] - Processing test dataset before testing (autoregressive)
[2025-01-29 15:51:18,394][src.data.cancer_sim.dataset][INFO] - Shape of processed test data: {'current_covariates': (548326, 5, 2), 'prev_treatments': (548326, 5, 4), 'current_treatments': (548326, 5, 4), 'init_state': (548326, 18), 'active_encoder_r': (548326, 59), 'active_entries': (548326, 5, 1), 'prev_outputs': (548326, 5, 1), 'static_features': (548326, 1)}
[2025-01-29 15:51:52,277][src.models.time_varying_model][INFO] - RMSE calculation for val.
[2025-01-29 15:51:52,277][src.models.time_varying_model][INFO] - Predictions for val.
[2025-01-29 15:51:52,899][__main__][INFO] - Val normalised RMSE (all): 0.6192233952185039; Val normalised RMSE (orig): 0.6023828651267222
[2025-01-29 15:51:52,899][src.models.time_varying_model][INFO] - RMSE calculation for test.
[2025-01-29 15:51:52,899][src.models.time_varying_model][INFO] - Predictions for test.
[2025-01-29 15:52:08,278][__main__][INFO] - Test normalised RMSE (all): 0.8616641207533458; Test normalised RMSE (orig): 0.6134261980181817; Test normalised RMSE (only counterfactual): 0.7618808019929053
[2025-01-29 15:52:08,346][src.models.crn][INFO] - Input size of decoder: 6
[2025-01-29 15:52:08,359][src.data.cancer_sim.dataset][INFO] - train Dataset already processed
[2025-01-29 15:52:08,359][src.data.cancer_sim.dataset][INFO] - val Dataset already processed
[2025-01-29 15:52:08,359][src.data.cancer_sim.dataset][INFO] - Processing test dataset before training
[2025-01-29 15:53:04,030][src.data.cancer_sim.dataset][INFO] - Shape of processed test data: {'cancer_volume': (532768, 65), 'chemo_application': (532768, 65), 'radio_application': (532768, 65), 'sequence_lengths': (532768,), 'patient_types': (532768,), 'patient_ids_all_trajectories': (532768,), 'patient_current_t': (532768,), 'prev_treatments': (532768, 64, 4), 'current_treatments': (532768, 64, 4), 'current_covariates': (532768, 64, 2), 'outputs': (532768, 64, 1), 'active_entries': (532768, 64, 1), 'unscaled_outputs': (532768, 64, 1), 'prev_outputs': (532768, 64, 1), 'static_features': (532768, 1)}
[2025-01-29 15:53:04,033][src.models.time_varying_model][INFO] - Balanced representations inference for train.
[2025-01-29 15:53:05,517][src.models.time_varying_model][INFO] - Balanced representations inference for val.
[2025-01-29 15:53:06,129][src.models.time_varying_model][INFO] - Balanced representations inference for test.
[2025-01-29 15:53:43,969][src.models.time_varying_model][INFO] - Predictions for test.
[2025-01-29 15:54:22,835][src.data.cancer_sim.dataset][INFO] - Processing train dataset before training (multiple sequences)
[2025-01-29 15:54:25,568][src.data.cancer_sim.dataset][INFO] - Shape of processed train data: {'init_state': (488634, 18), 'original_index': (488634,), 'active_encoder_r': (488634, 59), 'prev_treatments': (488634, 5, 4), 'current_treatments': (488634, 5, 4), 'current_covariates': (488634, 5, 2), 'prev_outputs': (488634, 5, 1), 'static_features': (488634, 1), 'outputs': (488634, 5, 1), 'sequence_lengths': (488634,), 'active_entries': (488634, 5, 1), 'unscaled_outputs': (488634, 5, 1)}
[2025-01-29 15:54:25,570][src.data.cancer_sim.dataset][INFO] - Processing val dataset before training (multiple sequences)
[2025-01-29 15:54:25,844][src.data.cancer_sim.dataset][INFO] - Shape of processed val data: {'init_state': (49631, 18), 'original_index': (49631,), 'active_encoder_r': (49631, 59), 'prev_treatments': (49631, 5, 4), 'current_treatments': (49631, 5, 4), 'current_covariates': (49631, 5, 2), 'prev_outputs': (49631, 5, 1), 'static_features': (49631, 1), 'outputs': (49631, 5, 1), 'sequence_lengths': (49631,), 'active_entries': (49631, 5, 1), 'unscaled_outputs': (49631, 5, 1)}
[2025-01-29 15:54:25,845][src.data.cancer_sim.dataset][INFO] - Processing test dataset before testing (multiple sequences)
[2025-01-29 15:54:33,565][src.data.cancer_sim.dataset][INFO] - Shape of processed test data: {'active_encoder_r': (532768, 59), 'prev_treatments': (532768, 5, 4), 'current_treatments': (532768, 5, 4), 'current_covariates': (532768, 5, 2), 'prev_outputs': (532768, 5, 1), 'static_features': (532768, 1), 'outputs': (532768, 5, 1), 'sequence_lengths': (532768,), 'active_entries': (532768, 5, 1), 'unscaled_outputs': (532768, 5, 1), 'patient_types': (532768,), 'patient_ids_all_trajectories': (532768,), 'patient_current_t': (532768,), 'init_state': (532768, 18)}
[2025-01-29 15:54:33,624][src.data.cancer_sim.dataset][INFO] - Processing test dataset before testing (autoregressive)
[2025-01-29 15:54:38,255][src.data.cancer_sim.dataset][INFO] - Shape of processed test data: {'current_covariates': (532768, 5, 2), 'prev_treatments': (532768, 5, 4), 'current_treatments': (532768, 5, 4), 'init_state': (532768, 18), 'active_encoder_r': (532768, 59), 'active_entries': (532768, 5, 1), 'prev_outputs': (532768, 5, 1), 'static_features': (532768, 1)}
[2025-01-29 18:27:58,828][src.models.time_varying_model][INFO] - RMSE calculation for val.
[2025-01-29 18:27:58,830][src.models.time_varying_model][INFO] - Predictions for val.
[2025-01-29 18:28:00,929][__main__][INFO] - Val normalised RMSE (all): 0.3528341729057082; Val normalised RMSE (orig): 0.3528341729057086
[2025-01-29 18:28:00,930][src.models.time_varying_model][INFO] - RMSE calculation for test.
[2025-01-29 18:28:00,930][src.models.time_varying_model][INFO] - Autoregressive Prediction for test.
[2025-01-29 18:28:00,941][src.models.time_varying_model][INFO] - t = 2
[2025-01-29 18:28:00,941][src.models.time_varying_model][INFO] - Predictions for test.
[2025-01-29 18:28:15,979][src.models.time_varying_model][INFO] - t = 3
[2025-01-29 18:28:15,979][src.models.time_varying_model][INFO] - Predictions for test.
[2025-01-29 18:28:31,078][src.models.time_varying_model][INFO] - t = 4
[2025-01-29 18:28:31,079][src.models.time_varying_model][INFO] - Predictions for test.
[2025-01-29 18:28:46,217][src.models.time_varying_model][INFO] - t = 5
[2025-01-29 18:28:46,217][src.models.time_varying_model][INFO] - Predictions for test.
[2025-01-29 18:29:01,587][src.models.time_varying_model][INFO] - t = 6
[2025-01-29 18:29:01,588][src.models.time_varying_model][INFO] - Predictions for test.
[2025-01-29 18:29:17,893][__main__][INFO] - Test normalised RMSE (n-step prediction): {'2-step': 0.6793572759521085, '3-step': 0.6946239227056932, '4-step': 0.7214393895693508, '5-step': 0.746490482833494, '6-step': 0.764683094477214}
[2025-01-29 20:43:47,025][src.models.time_varying_model][INFO] - RMSE calculation for val.
[2025-01-29 20:43:47,026][src.models.time_varying_model][INFO] - Predictions for val.
[2025-01-29 20:43:49,556][__main__][INFO] - Val normalised RMSE (all): 0.33792872908241367; Val normalised RMSE (orig): 0.33792872908241356
[2025-01-29 20:43:49,556][src.models.time_varying_model][INFO] - RMSE calculation for test.
[2025-01-29 20:43:49,556][src.models.time_varying_model][INFO] - Autoregressive Prediction for test.
[2025-01-29 20:43:49,560][src.models.time_varying_model][INFO] - t = 2
[2025-01-29 20:43:49,560][src.models.time_varying_model][INFO] - Predictions for test.
[2025-01-29 20:44:07,540][src.models.time_varying_model][INFO] - t = 3
[2025-01-29 20:44:07,540][src.models.time_varying_model][INFO] - Predictions for test.
[2025-01-29 20:44:25,451][src.models.time_varying_model][INFO] - t = 4
[2025-01-29 20:44:25,452][src.models.time_varying_model][INFO] - Predictions for test.
[2025-01-29 20:44:44,014][src.models.time_varying_model][INFO] - t = 5
[2025-01-29 20:44:44,015][src.models.time_varying_model][INFO] - Predictions for test.
[2025-01-29 20:45:03,511][src.models.time_varying_model][INFO] - t = 6
[2025-01-29 20:45:03,511][src.models.time_varying_model][INFO] - Predictions for test.
[2025-01-29 20:45:23,241][__main__][INFO] - Test normalised RMSE (n-step prediction): {'2-step': 0.6125299862107239, '3-step': 0.6231772457785227, '4-step': 0.6405495554933078, '5-step': 0.6630681153075588, '6-step': 0.6875300551752725}
