[2025-01-30 07:47:20,854][__main__][INFO] - 
model:
  dim_treatments: 4
  dim_vitals: 0
  dim_static_features: 1
  dim_outcomes: 1
  name: CT
  multi:
    _target_: src.models.ct.CT
    max_seq_length: 65
    seq_hidden_units: 12
    br_size: 16
    fc_hidden_units: 48
    dropout_rate: 0.1
    num_layer: 1
    num_heads: 2
    max_grad_norm: null
    batch_size: 1024
    attn_dropout: true
    disable_cross_attention: false
    isolate_subnetwork: _
    self_positional_encoding:
      absolute: false
      trainable: true
      max_relative_position: 15
    optimizer:
      optimizer_cls: adam
      learning_rate: 0.02
      weight_decay: 0.0
      lr_scheduler: false
    augment_with_masked_vitals: true
    tune_hparams: false
    tune_range: 50
    hparams_grid: null
    resources_per_trial: null
  self_positional_encoding:
    max_relative_position: 15
dataset:
  val_batch_size: 512
  treatment_mode: multiclass
  _target_: src.data.SyntheticCancerDatasetCollection
  name: tumor_generator
  coeff: 6.0
  chemo_coeff: 6.0
  radio_coeff: 6.0
  seed: 10
  random: false
  noise_percentage: 0.0
  num_patients:
    train: 10000
    val: 1000
    test: 1000
  window_size: 15
  lag: 0
  max_seq_length: 60
  projection_horizon: 5
  cf_seq_mode: sliding_treatment
exp:
  seed: 10
  gpus:
  - 0
  max_epochs: 120
  logging: true
  mlflow_uri: http://127.0.0.1:5000
  unscale_rmse: true
  percentage_rmse: true
  alpha: 0.01
  update_alpha: true
  alpha_rate: exp
  initial_balancing_method: domain_confusion
  final_balancing_method: subgroup
  bce_weight: false
  weights_ema: true
  beta: 0.99
  alpha_wass: 0.1
  alpha_wass_epoch: false
  alpha_wass_growth: 0.001
  alpha_wass_max: 0.01
  balancing_switch_epoch: 99
  clustering_method: GMM
  number_clusters: 5
  num_timepoints: 59
  gap_epoch: 10
  checkpoint_dir: ./checkpoints/cancer/ct/SGA/6

[2025-01-30 07:47:20,880][root][INFO] - Simulating initial volumes for stage I  with norm params: mu=1.72, sigma=4.7, lb=-0.6221218732608373, ub=-0.023523848418276528
[2025-01-30 07:47:20,888][root][INFO] - Simulating initial volumes for stage II  with norm params: mu=1.96, sigma=1.63, lb=-1.9410876100159118, ub=0.3711345751297772
[2025-01-30 07:47:20,889][root][INFO] - Simulating initial volumes for stage IIIA  with norm params: mu=1.91, sigma=9.4, lb=-0.33127370258786554, ub=0.06967546355973796
[2025-01-30 07:47:20,890][root][INFO] - Simulating initial volumes for stage IIIB  with norm params: mu=2.76, sigma=6.87, lb=-0.5769974969906748, ub=-0.02839165102452155
[2025-01-30 07:47:20,893][root][INFO] - Simulating initial volumes for stage IV  with norm params: mu=3.86, sigma=8.82, lb=-0.5741465764541877, ub=-0.14683113860980307
[2025-01-30 07:47:20,917][root][INFO] - Got correlated params for 4658 patients
[2025-01-30 07:47:20,921][root][INFO] - Got correlated params for 9338 patients
[2025-01-30 07:47:20,926][root][INFO] - Got correlated params for 13912 patients
[2025-01-30 07:47:20,934][root][INFO] - Simulating beta_c parameters
[2025-01-30 07:47:20,939][root][INFO] - Randomising outputs
[2025-01-30 07:47:36,018][root][INFO] - Simulating initial volumes for stage I  with norm params: mu=1.72, sigma=4.7, lb=-0.6221218732608373, ub=-0.023523848418276528
[2025-01-30 07:47:36,021][root][INFO] - Simulating initial volumes for stage II  with norm params: mu=1.96, sigma=1.63, lb=-1.9410876100159118, ub=0.3711345751297772
[2025-01-30 07:47:36,021][root][INFO] - Simulating initial volumes for stage IIIA  with norm params: mu=1.91, sigma=9.4, lb=-0.33127370258786554, ub=0.06967546355973796
[2025-01-30 07:47:36,022][root][INFO] - Simulating initial volumes for stage IIIB  with norm params: mu=2.76, sigma=6.87, lb=-0.5769974969906748, ub=-0.02839165102452155
[2025-01-30 07:47:36,023][root][INFO] - Simulating initial volumes for stage IV  with norm params: mu=3.86, sigma=8.82, lb=-0.5741465764541877, ub=-0.14683113860980307
[2025-01-30 07:47:36,025][root][INFO] - Got correlated params for 464 patients
[2025-01-30 07:47:36,026][root][INFO] - Got correlated params for 942 patients
[2025-01-30 07:47:36,027][root][INFO] - Got correlated params for 1398 patients
[2025-01-30 07:47:36,028][root][INFO] - Simulating beta_c parameters
[2025-01-30 07:47:36,029][root][INFO] - Randomising outputs
[2025-01-30 07:47:37,504][root][INFO] - Simulating initial volumes for stage I  with norm params: mu=1.72, sigma=4.7, lb=-0.6221218732608373, ub=-0.023523848418276528
[2025-01-30 07:47:37,505][root][INFO] - Simulating initial volumes for stage II  with norm params: mu=1.96, sigma=1.63, lb=-1.9410876100159118, ub=0.3711345751297772
[2025-01-30 07:47:37,505][root][INFO] - Simulating initial volumes for stage IIIA  with norm params: mu=1.91, sigma=9.4, lb=-0.33127370258786554, ub=0.06967546355973796
[2025-01-30 07:47:37,506][root][INFO] - Simulating initial volumes for stage IIIB  with norm params: mu=2.76, sigma=6.87, lb=-0.5769974969906748, ub=-0.02839165102452155
[2025-01-30 07:47:37,507][root][INFO] - Simulating initial volumes for stage IV  with norm params: mu=3.86, sigma=8.82, lb=-0.5741465764541877, ub=-0.14683113860980307
[2025-01-30 07:47:37,508][root][INFO] - Got correlated params for 491 patients
[2025-01-30 07:47:37,509][root][INFO] - Got correlated params for 936 patients
[2025-01-30 07:47:37,510][root][INFO] - Got correlated params for 1396 patients
[2025-01-30 07:47:37,511][root][INFO] - Simulating beta_c parameters
[2025-01-30 07:47:37,512][root][INFO] - Randomising outputs
[2025-01-30 07:47:42,880][root][INFO] - Simulating initial volumes for stage I  with norm params: mu=1.72, sigma=4.7, lb=-0.6221218732608373, ub=-0.023523848418276528
[2025-01-30 07:47:42,881][root][INFO] - Simulating initial volumes for stage II  with norm params: mu=1.96, sigma=1.63, lb=-1.9410876100159118, ub=0.3711345751297772
[2025-01-30 07:47:42,882][root][INFO] - Simulating initial volumes for stage IIIA  with norm params: mu=1.91, sigma=9.4, lb=-0.33127370258786554, ub=0.06967546355973796
[2025-01-30 07:47:42,882][root][INFO] - Simulating initial volumes for stage IIIB  with norm params: mu=2.76, sigma=6.87, lb=-0.5769974969906748, ub=-0.02839165102452155
[2025-01-30 07:47:42,883][root][INFO] - Simulating initial volumes for stage IV  with norm params: mu=3.86, sigma=8.82, lb=-0.5741465764541877, ub=-0.14683113860980307
[2025-01-30 07:47:42,885][root][INFO] - Got correlated params for 434 patients
[2025-01-30 07:47:42,885][root][INFO] - Got correlated params for 874 patients
[2025-01-30 07:47:42,886][root][INFO] - Got correlated params for 1357 patients
[2025-01-30 07:47:42,887][root][INFO] - Simulating beta_c parameters
[2025-01-30 07:47:42,888][root][INFO] - Randomising outputs
[2025-01-30 07:48:06,916][src.data.cancer_sim.dataset][INFO] - Processing train dataset before training
[2025-01-30 07:48:07,811][src.data.cancer_sim.dataset][INFO] - Shape of processed train data: {'cancer_volume': (10000, 60), 'chemo_dosage': (10000, 60), 'radio_dosage': (10000, 60), 'chemo_application': (10000, 60), 'radio_application': (10000, 60), 'chemo_probabilities': (10000, 60), 'radio_probabilities': (10000, 60), 'sequence_lengths': (10000,), 'death_flags': (10000, 60), 'recovery_flags': (10000, 60), 'patient_types': (10000,), 'prev_treatments': (10000, 59, 4), 'current_treatments': (10000, 59, 4), 'current_covariates': (10000, 59, 2), 'outputs': (10000, 59, 1), 'active_entries': (10000, 59, 1), 'unscaled_outputs': (10000, 59, 1), 'prev_outputs': (10000, 59, 1), 'static_features': (10000, 1)}
[2025-01-30 07:48:07,811][src.data.cancer_sim.dataset][INFO] - Processing val dataset before training
[2025-01-30 07:48:07,901][src.data.cancer_sim.dataset][INFO] - Shape of processed val data: {'cancer_volume': (1000, 60), 'chemo_dosage': (1000, 60), 'radio_dosage': (1000, 60), 'chemo_application': (1000, 60), 'radio_application': (1000, 60), 'chemo_probabilities': (1000, 60), 'radio_probabilities': (1000, 60), 'sequence_lengths': (1000,), 'death_flags': (1000, 60), 'recovery_flags': (1000, 60), 'patient_types': (1000,), 'prev_treatments': (1000, 59, 4), 'current_treatments': (1000, 59, 4), 'current_covariates': (1000, 59, 2), 'outputs': (1000, 59, 1), 'active_entries': (1000, 59, 1), 'unscaled_outputs': (1000, 59, 1), 'prev_outputs': (1000, 59, 1), 'static_features': (1000, 1)}
[2025-01-30 07:48:07,901][src.data.cancer_sim.dataset][INFO] - Processing test dataset before training
[2025-01-30 07:48:27,146][src.data.cancer_sim.dataset][INFO] - Shape of processed test data: {'cancer_volume': (224868, 60), 'chemo_application': (224868, 60), 'radio_application': (224868, 60), 'sequence_lengths': (224868,), 'patient_types': (224868,), 'prev_treatments': (224868, 59, 4), 'current_treatments': (224868, 59, 4), 'current_covariates': (224868, 59, 2), 'outputs': (224868, 59, 1), 'active_entries': (224868, 59, 1), 'unscaled_outputs': (224868, 59, 1), 'prev_outputs': (224868, 59, 1), 'static_features': (224868, 1)}
[2025-01-30 07:48:27,148][src.data.cancer_sim.dataset][INFO] - Processing test dataset before training
[2025-01-30 07:49:19,235][src.data.cancer_sim.dataset][INFO] - Shape of processed test data: {'cancer_volume': (548744, 65), 'chemo_application': (548744, 65), 'radio_application': (548744, 65), 'sequence_lengths': (548744,), 'patient_types': (548744,), 'patient_ids_all_trajectories': (548744,), 'patient_current_t': (548744,), 'prev_treatments': (548744, 64, 4), 'current_treatments': (548744, 64, 4), 'current_covariates': (548744, 64, 2), 'outputs': (548744, 64, 1), 'active_entries': (548744, 64, 1), 'unscaled_outputs': (548744, 64, 1), 'prev_outputs': (548744, 64, 1), 'static_features': (548744, 1)}
[2025-01-30 07:49:19,239][src.data.cancer_sim.dataset][INFO] - Processing test dataset before testing (multiple sequences)
[2025-01-30 07:49:25,951][src.data.cancer_sim.dataset][INFO] - Shape of processed test data: {'active_encoder_r': (548744, 59), 'prev_treatments': (548744, 5, 4), 'current_treatments': (548744, 5, 4), 'current_covariates': (548744, 5, 2), 'prev_outputs': (548744, 5, 1), 'static_features': (548744, 1), 'outputs': (548744, 5, 1), 'sequence_lengths': (548744,), 'active_entries': (548744, 5, 1), 'unscaled_outputs': (548744, 5, 1), 'patient_types': (548744,), 'patient_ids_all_trajectories': (548744,), 'patient_current_t': (548744,)}
[2025-01-30 07:49:28,496][src.models.ct][INFO] - Max input size of multi: 4
[2025-01-30 07:54:56,926][src.models.time_varying_model][INFO] - RMSE calculation for val.
[2025-01-30 07:54:56,926][src.models.time_varying_model][INFO] - Predictions for val.
[2025-01-30 07:54:57,607][__main__][INFO] - Val normalised RMSE (all): 0.6404877426992762; Val normalised RMSE (orig): 0.6327502782549853
[2025-01-30 07:54:57,608][src.models.time_varying_model][INFO] - RMSE calculation for test.
[2025-01-30 07:54:57,608][src.models.time_varying_model][INFO] - Predictions for test.
[2025-01-30 07:55:13,255][__main__][INFO] - Test normalised RMSE (all): 1.9287800864708442; Test normalised RMSE (orig): 1.8759303590649559; Test normalised RMSE (only counterfactual): 2.1983936673407234
[2025-01-30 07:55:13,301][src.models.time_varying_model][INFO] - RMSE calculation for test.
[2025-01-30 07:55:13,301][src.models.ct][INFO] - Autoregressive Prediction for test.
[2025-01-30 07:55:13,304][src.models.ct][INFO] - t = 1
[2025-01-30 07:55:13,304][src.models.time_varying_model][INFO] - Predictions for test.
[2025-01-30 07:56:02,547][src.models.ct][INFO] - t = 2
[2025-01-30 07:56:02,547][src.models.time_varying_model][INFO] - Predictions for test.
[2025-01-30 07:56:53,651][src.models.ct][INFO] - t = 3
[2025-01-30 07:56:53,652][src.models.time_varying_model][INFO] - Predictions for test.
[2025-01-30 07:57:42,802][src.models.ct][INFO] - t = 4
[2025-01-30 07:57:42,803][src.models.time_varying_model][INFO] - Predictions for test.
[2025-01-30 07:58:31,679][src.models.ct][INFO] - t = 5
[2025-01-30 07:58:31,680][src.models.time_varying_model][INFO] - Predictions for test.
[2025-01-30 07:59:20,964][src.models.ct][INFO] - t = 6
[2025-01-30 07:59:20,965][src.models.time_varying_model][INFO] - Predictions for test.
[2025-01-30 08:00:12,025][__main__][INFO] - Test normalised RMSE (n-step prediction): {'2-step': 3.1931858552813774, '3-step': 3.3871531780247133, '4-step': 3.4335801132211192, '5-step': 3.3713558213951798, '6-step': 3.1580543917967487}
