[2025-01-24 19:58:48,102][__main__][INFO] - 
model:
  dim_treatments: ???
  dim_vitals: ???
  dim_static_features: ???
  dim_outcomes: ???
  name: CRN
  encoder:
    _target_: src.models.crn.CRNEncoder
    seq_hidden_units: 74
    br_size: 74
    fc_hidden_units: 37
    dropout_rate: 0.1
    num_layer: 1
    batch_size: 128
    optimizer:
      optimizer_cls: adam
      learning_rate: 0.001
      weight_decay: 0.0
      lr_scheduler: false
    tune_hparams: false
    tune_range: 50
    hparams_grid: null
    resources_per_trial: null
  train_decoder: true
  decoder:
    _target_: src.models.crn.CRNDecoder
    seq_hidden_units: null
    br_size: 98
    fc_hidden_units: 98
    dropout_rate: 0.1
    num_layer: 2
    batch_size: 512
    optimizer:
      optimizer_cls: adam
      learning_rate: 0.0001
      weight_decay: 0.0
      lr_scheduler: false
    tune_hparams: false
    tune_range: 30
    hparams_grid: null
    resources_per_trial: null
dataset:
  val_batch_size: 512
  treatment_mode: multilabel
  _target_: src.data.MIMIC3SyntheticDatasetCollection
  seed: 123
  name: mimic3_synthetic
  path: data/processed/all_hourly_data.h5
  min_seq_length: 20
  max_seq_length: 100
  max_number: 1000
  data_seed: 123
  projection_horizon: 10
  n_treatments_seq: 10
  split:
    val: 0.2
    test: 0.2
  autoregressive: true
  random: false
  vital_list:
  - heart rate
  - red blood cell count
  - sodium
  - mean blood pressure
  - systemic vascular resistance
  - glucose
  - chloride urine
  - glascow coma scale total
  - hematocrit
  - positive end-expiratory pressure set
  - respiratory rate
  - prothrombin time pt
  - cholesterol
  - hemoglobin
  - creatinine
  - blood urea nitrogen
  - bicarbonate
  - calcium ionized
  - partial pressure of carbon dioxide
  - magnesium
  - anion gap
  - phosphorous
  - venous pvo2
  - platelets
  - calcium urine
  static_list:
  - gender
  - ethnicity
  - age
  drop_first: false
  synth_outcomes_list:
  - _target_: src.data.mimic_iii.SyntheticOutcomeGenerator
    exogeneous_vars:
    - heart rate
    - glucose
    - sodium
    exog_dependency:
      _target_: src.data.mimic_iii.utils.RandomFourierFeaturesFunction
      input_dim: 3
      gamma: 0.005
      scale: 40.0
    exog_weight: 0.9
    endo_dependency:
      _target_: src.data.mimic_iii.utils.DiscretizedRandomGPFunction
      kernels:
      - _target_: sklearn.gaussian_process.kernels.Matern
        length_scale: 25.0
        nu: 2.5
      - _target_: sklearn.gaussian_process.kernels.WhiteKernel
        noise_level: 0.005
    endo_rand_weight: 0.4
    endo_spline_weight: 2.0
    outcome_name: y1
  - _target_: src.data.mimic_iii.SyntheticOutcomeGenerator
    exogeneous_vars:
    - heart rate
    - glucose
    - anion gap
    exog_dependency:
      _target_: src.data.mimic_iii.utils.RandomFourierFeaturesFunction
      input_dim: 3
      gamma: 0.005
      scale: 40.0
    exog_weight: 1.0
    endo_dependency:
      _target_: src.data.mimic_iii.utils.DiscretizedRandomGPFunction
      kernels:
      - _target_: sklearn.gaussian_process.kernels.Matern
        length_scale: 25.0
        nu: 2.5
      - _target_: sklearn.gaussian_process.kernels.WhiteKernel
        noise_level: 0.001
    endo_rand_weight: 0.5
    endo_spline_weight: 3.5
    outcome_name: y2
  synth_treatments_list:
  - _target_: src.data.mimic_iii.SyntheticTreatment
    confounding_vars:
    - blood urea nitrogen
    - glucose
    - sodium
    confounder_outcomes:
    - y1
    confounding_dependency:
      _target_: src.data.mimic_iii.utils.RandomFourierFeaturesFunction
      input_dim: 3
      gamma: 0.01
      scale: 30.0
    window: 3
    conf_outcome_weight: 2.5
    conf_vars_weight: 2.5
    bias: 0.0
    full_effect: -1.0
    effect_window: 20
    treatment_name: t1
  - _target_: src.data.mimic_iii.SyntheticTreatment
    confounding_vars:
    - systemic vascular resistance
    - bicarbonate
    - anion gap
    confounder_outcomes:
    - y1
    - y2
    confounding_dependency:
      _target_: src.data.mimic_iii.utils.RandomFourierFeaturesFunction
      input_dim: 3
      gamma: 0.01
      scale: 30.0
    window: 3
    conf_outcome_weight: 2.0
    conf_vars_weight: 0.25
    bias: 1.0
    full_effect: -1.0
    effect_window: 20
    treatment_name: t2
  - _target_: src.data.mimic_iii.SyntheticTreatment
    confounding_vars:
    - chloride urine
    - glucose
    - sodium
    - systemic vascular resistance
    - magnesium
    - anion gap
    confounder_outcomes:
    - y2
    confounding_dependency:
      _target_: src.data.mimic_iii.utils.RandomFourierFeaturesFunction
      input_dim: 6
      gamma: 0.01
      scale: 30.0
    window: 20
    conf_outcome_weight: 1.5
    conf_vars_weight: 0.25
    bias: 0.0
    full_effect: -0.75
    effect_window: 7
    treatment_name: t3
  treatment_outcomes_influence:
    y1:
    - t1
    - t2
    y2:
    - t2
    - t3
  noise_percentage: 0.05
exp:
  seed: 123
  gpus:
  - 0
  max_epochs: 500
  logging: true
  mlflow_uri: http://127.0.0.1:5000
  unscale_rmse: false
  percentage_rmse: false
  alpha: 0
  update_alpha: true
  alpha_rate: exp
  initial_balancing_method: grad_reverse
  final_balancing_method: grad_reverse
  bce_weight: false
  weights_ema: true
  beta: 0.99
  alpha_wass: 1.0e-05
  alpha_wass_epoch: false
  alpha_wass_growth: 0.001
  alpha_wass_max: 0.01
  balancing: grad_reverse
  balancing_switch_epoch: 499
  gap_epoch: 50
  num_timepoints: 99
  clustering_method: GMM
  number_clusters: 2
  checkpoint_dir: ./checkpoints/mimic3_synthetic/crn/1000_random

[2025-01-24 19:58:48,142][src.data.mimic_iii.load_data][INFO] - Loading MIMIC-III dataset from /opt/hpcaas/.mounts/fs-08d5b24cdba02ca24/home/yilingliu/CausalTransformer_rebuttal/data/processed/all_hourly_data.h5.
[2025-01-24 19:58:57,639][src.data.mimic_iii.load_data][INFO] - Number of patients filtered: 1000.
[2025-01-24 19:58:57,719][src.data.mimic_iii.semi_synthetic_dataset][INFO] - Simulating untreated outcome y1
[2025-01-24 19:58:57,870][src.data.mimic_iii.semi_synthetic_dataset][INFO] - Simulating untreated outcome y2
[2025-01-24 19:58:57,991][src.data.mimic_iii.semi_synthetic_dataset][INFO] - Simulating factual treatments and applying them to outcomes.
[2025-01-24 20:08:02,333][src.data.mimic_iii.semi_synthetic_dataset][INFO] - Shape of exploded vitals: (600, 100, 25).
[2025-01-24 20:08:02,336][src.data.mimic_iii.semi_synthetic_dataset][INFO] - Simulating untreated outcome y1
[2025-01-24 20:08:02,382][src.data.mimic_iii.semi_synthetic_dataset][INFO] - Simulating untreated outcome y2
[2025-01-24 20:08:02,431][src.data.mimic_iii.semi_synthetic_dataset][INFO] - Simulating factual treatments and applying them to outcomes.
[2025-01-24 20:09:59,844][src.data.mimic_iii.semi_synthetic_dataset][INFO] - Shape of exploded vitals: (200, 100, 25).
[2025-01-24 20:09:59,847][src.data.mimic_iii.semi_synthetic_dataset][INFO] - Simulating untreated outcome y1
[2025-01-24 20:09:59,905][src.data.mimic_iii.semi_synthetic_dataset][INFO] - Simulating untreated outcome y2
[2025-01-24 20:09:59,956][src.data.mimic_iii.semi_synthetic_dataset][INFO] - Simulating counterfactual_one_step treatments and applying them to outcomes.
[2025-01-24 20:29:06,678][src.data.mimic_iii.semi_synthetic_dataset][INFO] - Concatenating all the trajectories together.
[2025-01-24 20:29:20,537][src.data.mimic_iii.semi_synthetic_dataset][INFO] - Shape of exploded vitals: (91336, 100, 25).
[2025-01-24 20:29:20,540][src.data.mimic_iii.semi_synthetic_dataset][INFO] - Simulating untreated outcome y1
[2025-01-24 20:29:20,632][src.data.mimic_iii.semi_synthetic_dataset][INFO] - Simulating untreated outcome y2
[2025-01-24 20:29:20,683][src.data.mimic_iii.semi_synthetic_dataset][INFO] - Simulating counterfactual_treatment_seq treatments and applying them to outcomes.
[2025-01-24 23:28:42,331][src.data.mimic_iii.semi_synthetic_dataset][INFO] - Concatenating all the trajectories together.
[2025-01-24 23:28:57,147][src.data.mimic_iii.semi_synthetic_dataset][INFO] - Shape of exploded vitals: (94170, 100, 25).
[2025-01-24 23:29:21,912][src.data.mimic_iii.semi_synthetic_dataset][INFO] - Performing normalisation.
[2025-01-24 23:29:21,922][src.data.mimic_iii.semi_synthetic_dataset][INFO] - Processing train dataset before training
[2025-01-24 23:29:21,924][src.data.mimic_iii.semi_synthetic_dataset][INFO] - Shape of processed train data: {'sequence_lengths': (600,), 'prev_treatments': (600, 99, 3), 'vitals': (600, 99, 25), 'next_vitals': (600, 98, 25), 'current_treatments': (600, 99, 3), 'static_features': (600, 44), 'active_entries': (600, 99, 1), 'unscaled_outputs': (600, 99, 2), 'prev_unscaled_outputs': (600, 99, 2), 'outputs': (600, 99, 2), 'prev_outputs': (600, 99, 2)}
[2025-01-24 23:29:21,924][src.data.mimic_iii.semi_synthetic_dataset][INFO] - Processing val dataset before training
[2025-01-24 23:29:21,925][src.data.mimic_iii.semi_synthetic_dataset][INFO] - Shape of processed val data: {'sequence_lengths': (200,), 'prev_treatments': (200, 99, 3), 'vitals': (200, 99, 25), 'next_vitals': (200, 98, 25), 'current_treatments': (200, 99, 3), 'static_features': (200, 44), 'active_entries': (200, 99, 1), 'unscaled_outputs': (200, 99, 2), 'prev_unscaled_outputs': (200, 99, 2), 'outputs': (200, 99, 2), 'prev_outputs': (200, 99, 2)}
[2025-01-24 23:29:21,925][src.data.mimic_iii.semi_synthetic_dataset][INFO] - Processing test dataset before training
[2025-01-24 23:29:22,124][src.data.mimic_iii.semi_synthetic_dataset][INFO] - Shape of processed test data: {'sequence_lengths': (91336,), 'prev_treatments': (91336, 99, 3), 'vitals': (91336, 99, 25), 'next_vitals': (91336, 98, 25), 'current_treatments': (91336, 99, 3), 'static_features': (91336, 44), 'active_entries': (91336, 99, 1), 'unscaled_outputs': (91336, 99, 2), 'prev_unscaled_outputs': (91336, 99, 2), 'outputs': (91336, 99, 2), 'prev_outputs': (91336, 99, 2)}
[2025-01-24 23:29:22,885][src.models.crn][INFO] - Input size of encoder: 74
[2025-01-24 23:32:56,971][src.models.time_varying_model][INFO] - RMSE calculation for val.
[2025-01-24 23:32:56,972][src.models.time_varying_model][INFO] - Predictions for val.
[2025-01-24 23:32:57,471][__main__][INFO] - Val normalised RMSE (all): 0.20041028549083945; Val normalised RMSE (orig): 0.1797895590088079
[2025-01-24 23:32:57,471][src.models.time_varying_model][INFO] - RMSE calculation for test.
[2025-01-24 23:32:57,472][src.models.time_varying_model][INFO] - Predictions for test.
[2025-01-24 23:33:13,891][__main__][INFO] - Test normalised RMSE (all): 0.20923517329727667; Test normalised RMSE (orig): 0.1822409734141448; Test normalised RMSE (only counterfactual): 0.22267269608289936
[2025-01-24 23:33:13,951][src.models.crn][INFO] - Input size of decoder: 49
[2025-01-24 23:33:13,974][src.data.mimic_iii.semi_synthetic_dataset][INFO] - train Dataset already processed
[2025-01-24 23:33:13,974][src.data.mimic_iii.semi_synthetic_dataset][INFO] - val Dataset already processed
[2025-01-24 23:33:13,974][src.data.mimic_iii.semi_synthetic_dataset][INFO] - Processing test dataset before training
[2025-01-24 23:33:14,226][src.data.mimic_iii.semi_synthetic_dataset][INFO] - Shape of processed test data: {'sequence_lengths': (94170,), 'prev_treatments': (94170, 99, 3), 'vitals': (94170, 99, 25), 'next_vitals': (94170, 98, 25), 'current_treatments': (94170, 99, 3), 'static_features': (94170, 44), 'active_entries': (94170, 99, 1), 'unscaled_outputs': (94170, 99, 2), 'prev_unscaled_outputs': (94170, 99, 2), 'outputs': (94170, 99, 2), 'prev_outputs': (94170, 99, 2)}
[2025-01-24 23:33:14,226][src.models.time_varying_model][INFO] - Balanced representations inference for train.
[2025-01-24 23:33:17,183][src.models.time_varying_model][INFO] - Balanced representations inference for val.
[2025-01-24 23:33:17,661][src.models.time_varying_model][INFO] - Balanced representations inference for test.
[2025-01-24 23:33:29,999][src.models.time_varying_model][INFO] - Predictions for test.
[2025-01-24 23:33:45,764][src.data.mimic_iii.real_dataset][INFO] - Processing train dataset before training (multiple sequences)
[2025-01-24 23:33:46,001][src.data.mimic_iii.real_dataset][INFO] - Shape of processed train data: {'init_state': (26373, 74), 'original_index': (26373,), 'active_encoder_r': (26373, 99), 'prev_treatments': (26373, 10, 3), 'current_treatments': (26373, 10, 3), 'static_features': (26373, 44), 'prev_outputs': (26373, 10, 2), 'outputs': (26373, 10, 2), 'unscaled_outputs': (26373, 10, 2), 'sequence_lengths': (26373,), 'active_entries': (26373, 10, 1)}
[2025-01-24 23:33:46,001][src.data.mimic_iii.real_dataset][INFO] - Processing val dataset before training (multiple sequences)
[2025-01-24 23:33:46,076][src.data.mimic_iii.real_dataset][INFO] - Shape of processed val data: {'init_state': (8600, 74), 'original_index': (8600,), 'active_encoder_r': (8600, 99), 'prev_treatments': (8600, 10, 3), 'current_treatments': (8600, 10, 3), 'static_features': (8600, 44), 'prev_outputs': (8600, 10, 2), 'outputs': (8600, 10, 2), 'unscaled_outputs': (8600, 10, 2), 'sequence_lengths': (8600,), 'active_entries': (8600, 10, 1)}
[2025-01-24 23:33:46,076][src.data.mimic_iii.real_dataset][INFO] - Processing test dataset before testing (multiple sequences)
[2025-01-24 23:33:48,534][src.data.mimic_iii.real_dataset][INFO] - Shape of processed test data: {'original_index': (94170,), 'active_encoder_r': (94170, 89), 'prev_treatments': (94170, 10, 3), 'current_treatments': (94170, 10, 3), 'static_features': (94170, 44), 'prev_outputs': (94170, 10, 2), 'outputs': (94170, 10, 2), 'unscaled_outputs': (94170, 10, 2), 'sequence_lengths': (94170,), 'active_entries': (94170, 10, 1), 'init_state': (94170, 74)}
[2025-01-24 23:33:48,535][src.data.mimic_iii.real_dataset][INFO] - Processing test dataset before testing (autoregressive)
[2025-01-24 23:33:49,020][src.data.mimic_iii.real_dataset][INFO] - Shape of processed test data: {'prev_treatments': (94170, 10, 3), 'current_treatments': (94170, 10, 3), 'prev_outputs': (94170, 10, 2), 'init_state': (94170, 74), 'active_encoder_r': (94170, 89), 'active_entries': (94170, 10, 1), 'static_features': (94170, 44)}
