[2025-01-27 23:13:42,113][__main__][INFO] - 
model:
  dim_treatments: 4
  dim_vitals: 0
  dim_static_features: 1
  dim_outcomes: 1
  name: CT
  multi:
    _target_: src.models.ct.CT
    max_seq_length: 65
    seq_hidden_units: 12
    br_size: 16
    fc_hidden_units: 48
    dropout_rate: 0.1
    num_layer: 1
    num_heads: 2
    max_grad_norm: null
    batch_size: 1024
    attn_dropout: true
    disable_cross_attention: false
    isolate_subnetwork: _
    self_positional_encoding:
      absolute: false
      trainable: true
      max_relative_position: 15
    optimizer:
      optimizer_cls: adam
      learning_rate: 0.01
      weight_decay: 0.0
      lr_scheduler: false
    augment_with_masked_vitals: true
    tune_hparams: false
    tune_range: 50
    hparams_grid: null
    resources_per_trial: null
  self_positional_encoding:
    max_relative_position: 15
dataset:
  val_batch_size: 512
  treatment_mode: multiclass
  _target_: src.data.SyntheticCancerDatasetCollection
  name: tumor_generator
  coeff: 5.0
  chemo_coeff: 5.0
  radio_coeff: 5.0
  seed: 101
  random: false
  noise_percentage: 0.0
  num_patients:
    train: 10000
    val: 1000
    test: 1000
  window_size: 15
  lag: 0
  max_seq_length: 60
  projection_horizon: 5
  cf_seq_mode: sliding_treatment
exp:
  seed: 101
  gpus:
  - 0
  max_epochs: 80
  logging: true
  mlflow_uri: http://127.0.0.1:5000
  unscale_rmse: true
  percentage_rmse: true
  alpha: 0.01
  update_alpha: true
  alpha_rate: exp
  initial_balancing_method: domain_confusion
  final_balancing_method: subgroup
  bce_weight: false
  weights_ema: true
  beta: 0.99
  alpha_wass: 0.001
  alpha_wass_epoch: false
  alpha_wass_growth: 0.001
  alpha_wass_max: 0.01
  balancing_switch_epoch: 49
  clustering_method: GMM
  number_clusters: 2
  num_timepoints: 59
  gap_epoch: 5
  checkpoint_dir: ./checkpoints/cancer/ct/SGA/5

[2025-01-27 23:13:42,126][root][INFO] - Simulating initial volumes for stage I  with norm params: mu=1.72, sigma=4.7, lb=-0.6221218732608373, ub=-0.023523848418276528
[2025-01-27 23:13:42,128][root][INFO] - Simulating initial volumes for stage II  with norm params: mu=1.96, sigma=1.63, lb=-1.9410876100159118, ub=0.3711345751297772
[2025-01-27 23:13:42,129][root][INFO] - Simulating initial volumes for stage IIIA  with norm params: mu=1.91, sigma=9.4, lb=-0.33127370258786554, ub=0.06967546355973796
[2025-01-27 23:13:42,130][root][INFO] - Simulating initial volumes for stage IIIB  with norm params: mu=2.76, sigma=6.87, lb=-0.5769974969906748, ub=-0.02839165102452155
[2025-01-27 23:13:42,132][root][INFO] - Simulating initial volumes for stage IV  with norm params: mu=3.86, sigma=8.82, lb=-0.5741465764541877, ub=-0.14683113860980307
[2025-01-27 23:13:42,141][root][INFO] - Got correlated params for 4645 patients
[2025-01-27 23:13:42,146][root][INFO] - Got correlated params for 9125 patients
[2025-01-27 23:13:42,151][root][INFO] - Got correlated params for 13736 patients
[2025-01-27 23:13:42,158][root][INFO] - Simulating beta_c parameters
[2025-01-27 23:13:42,163][root][INFO] - Randomising outputs
[2025-01-27 23:13:59,585][root][INFO] - Simulating initial volumes for stage I  with norm params: mu=1.72, sigma=4.7, lb=-0.6221218732608373, ub=-0.023523848418276528
[2025-01-27 23:13:59,587][root][INFO] - Simulating initial volumes for stage II  with norm params: mu=1.96, sigma=1.63, lb=-1.9410876100159118, ub=0.3711345751297772
[2025-01-27 23:13:59,588][root][INFO] - Simulating initial volumes for stage IIIA  with norm params: mu=1.91, sigma=9.4, lb=-0.33127370258786554, ub=0.06967546355973796
[2025-01-27 23:13:59,589][root][INFO] - Simulating initial volumes for stage IIIB  with norm params: mu=2.76, sigma=6.87, lb=-0.5769974969906748, ub=-0.02839165102452155
[2025-01-27 23:13:59,589][root][INFO] - Simulating initial volumes for stage IV  with norm params: mu=3.86, sigma=8.82, lb=-0.5741465764541877, ub=-0.14683113860980307
[2025-01-27 23:13:59,591][root][INFO] - Got correlated params for 438 patients
[2025-01-27 23:13:59,592][root][INFO] - Got correlated params for 895 patients
[2025-01-27 23:13:59,593][root][INFO] - Got correlated params for 1361 patients
[2025-01-27 23:13:59,595][root][INFO] - Simulating beta_c parameters
[2025-01-27 23:13:59,596][root][INFO] - Randomising outputs
[2025-01-27 23:14:01,340][root][INFO] - Simulating initial volumes for stage I  with norm params: mu=1.72, sigma=4.7, lb=-0.6221218732608373, ub=-0.023523848418276528
[2025-01-27 23:14:01,341][root][INFO] - Simulating initial volumes for stage II  with norm params: mu=1.96, sigma=1.63, lb=-1.9410876100159118, ub=0.3711345751297772
[2025-01-27 23:14:01,342][root][INFO] - Simulating initial volumes for stage IIIA  with norm params: mu=1.91, sigma=9.4, lb=-0.33127370258786554, ub=0.06967546355973796
[2025-01-27 23:14:01,342][root][INFO] - Simulating initial volumes for stage IIIB  with norm params: mu=2.76, sigma=6.87, lb=-0.5769974969906748, ub=-0.02839165102452155
[2025-01-27 23:14:01,343][root][INFO] - Simulating initial volumes for stage IV  with norm params: mu=3.86, sigma=8.82, lb=-0.5741465764541877, ub=-0.14683113860980307
[2025-01-27 23:14:01,345][root][INFO] - Got correlated params for 448 patients
[2025-01-27 23:14:01,346][root][INFO] - Got correlated params for 913 patients
[2025-01-27 23:14:01,347][root][INFO] - Got correlated params for 1384 patients
[2025-01-27 23:14:01,347][root][INFO] - Simulating beta_c parameters
[2025-01-27 23:14:01,349][root][INFO] - Randomising outputs
[2025-01-27 23:14:07,660][root][INFO] - Simulating initial volumes for stage I  with norm params: mu=1.72, sigma=4.7, lb=-0.6221218732608373, ub=-0.023523848418276528
[2025-01-27 23:14:07,662][root][INFO] - Simulating initial volumes for stage II  with norm params: mu=1.96, sigma=1.63, lb=-1.9410876100159118, ub=0.3711345751297772
[2025-01-27 23:14:07,663][root][INFO] - Simulating initial volumes for stage IIIA  with norm params: mu=1.91, sigma=9.4, lb=-0.33127370258786554, ub=0.06967546355973796
[2025-01-27 23:14:07,663][root][INFO] - Simulating initial volumes for stage IIIB  with norm params: mu=2.76, sigma=6.87, lb=-0.5769974969906748, ub=-0.02839165102452155
[2025-01-27 23:14:07,664][root][INFO] - Simulating initial volumes for stage IV  with norm params: mu=3.86, sigma=8.82, lb=-0.5741465764541877, ub=-0.14683113860980307
[2025-01-27 23:14:07,666][root][INFO] - Got correlated params for 469 patients
[2025-01-27 23:14:07,667][root][INFO] - Got correlated params for 898 patients
[2025-01-27 23:14:07,668][root][INFO] - Got correlated params for 1364 patients
[2025-01-27 23:14:07,669][root][INFO] - Simulating beta_c parameters
[2025-01-27 23:14:07,670][root][INFO] - Randomising outputs
[2025-01-27 23:14:36,279][src.data.cancer_sim.dataset][INFO] - Processing train dataset before training
[2025-01-27 23:14:37,186][src.data.cancer_sim.dataset][INFO] - Shape of processed train data: {'cancer_volume': (10000, 60), 'chemo_dosage': (10000, 60), 'radio_dosage': (10000, 60), 'chemo_application': (10000, 60), 'radio_application': (10000, 60), 'chemo_probabilities': (10000, 60), 'radio_probabilities': (10000, 60), 'sequence_lengths': (10000,), 'death_flags': (10000, 60), 'recovery_flags': (10000, 60), 'patient_types': (10000,), 'prev_treatments': (10000, 59, 4), 'current_treatments': (10000, 59, 4), 'current_covariates': (10000, 59, 2), 'outputs': (10000, 59, 1), 'active_entries': (10000, 59, 1), 'unscaled_outputs': (10000, 59, 1), 'prev_outputs': (10000, 59, 1), 'static_features': (10000, 1)}
[2025-01-27 23:14:37,187][src.data.cancer_sim.dataset][INFO] - Processing val dataset before training
[2025-01-27 23:14:37,278][src.data.cancer_sim.dataset][INFO] - Shape of processed val data: {'cancer_volume': (1000, 60), 'chemo_dosage': (1000, 60), 'radio_dosage': (1000, 60), 'chemo_application': (1000, 60), 'radio_application': (1000, 60), 'chemo_probabilities': (1000, 60), 'radio_probabilities': (1000, 60), 'sequence_lengths': (1000,), 'death_flags': (1000, 60), 'recovery_flags': (1000, 60), 'patient_types': (1000,), 'prev_treatments': (1000, 59, 4), 'current_treatments': (1000, 59, 4), 'current_covariates': (1000, 59, 2), 'outputs': (1000, 59, 1), 'active_entries': (1000, 59, 1), 'unscaled_outputs': (1000, 59, 1), 'prev_outputs': (1000, 59, 1), 'static_features': (1000, 1)}
[2025-01-27 23:14:37,278][src.data.cancer_sim.dataset][INFO] - Processing test dataset before training
[2025-01-27 23:14:56,558][src.data.cancer_sim.dataset][INFO] - Shape of processed test data: {'cancer_volume': (228824, 60), 'chemo_application': (228824, 60), 'radio_application': (228824, 60), 'sequence_lengths': (228824,), 'patient_types': (228824,), 'prev_treatments': (228824, 59, 4), 'current_treatments': (228824, 59, 4), 'current_covariates': (228824, 59, 2), 'outputs': (228824, 59, 1), 'active_entries': (228824, 59, 1), 'unscaled_outputs': (228824, 59, 1), 'prev_outputs': (228824, 59, 1), 'static_features': (228824, 1)}
[2025-01-27 23:14:56,559][src.data.cancer_sim.dataset][INFO] - Processing test dataset before training
[2025-01-27 23:15:50,412][src.data.cancer_sim.dataset][INFO] - Shape of processed test data: {'cancer_volume': (563559, 65), 'chemo_application': (563559, 65), 'radio_application': (563559, 65), 'sequence_lengths': (563559,), 'patient_types': (563559,), 'patient_ids_all_trajectories': (563559,), 'patient_current_t': (563559,), 'prev_treatments': (563559, 64, 4), 'current_treatments': (563559, 64, 4), 'current_covariates': (563559, 64, 2), 'outputs': (563559, 64, 1), 'active_entries': (563559, 64, 1), 'unscaled_outputs': (563559, 64, 1), 'prev_outputs': (563559, 64, 1), 'static_features': (563559, 1)}
[2025-01-27 23:15:50,416][src.data.cancer_sim.dataset][INFO] - Processing test dataset before testing (multiple sequences)
[2025-01-27 23:15:58,147][src.data.cancer_sim.dataset][INFO] - Shape of processed test data: {'active_encoder_r': (563559, 59), 'prev_treatments': (563559, 5, 4), 'current_treatments': (563559, 5, 4), 'current_covariates': (563559, 5, 2), 'prev_outputs': (563559, 5, 1), 'static_features': (563559, 1), 'outputs': (563559, 5, 1), 'sequence_lengths': (563559,), 'active_entries': (563559, 5, 1), 'unscaled_outputs': (563559, 5, 1), 'patient_types': (563559,), 'patient_ids_all_trajectories': (563559,), 'patient_current_t': (563559,)}
[2025-01-27 23:16:00,591][src.models.ct][INFO] - Max input size of multi: 4
[2025-01-27 23:25:18,888][src.models.time_varying_model][INFO] - RMSE calculation for val.
[2025-01-27 23:25:18,889][src.models.time_varying_model][INFO] - Predictions for val.
[2025-01-27 23:25:19,621][__main__][INFO] - Val normalised RMSE (all): 0.6685856306916158; Val normalised RMSE (orig): 0.6630924590438452
[2025-01-27 23:25:19,622][src.models.time_varying_model][INFO] - RMSE calculation for test.
[2025-01-27 23:25:19,622][src.models.time_varying_model][INFO] - Predictions for test.
[2025-01-27 23:25:38,144][__main__][INFO] - Test normalised RMSE (all): 2.335191136570266; Test normalised RMSE (orig): 1.9499630278398548; Test normalised RMSE (only counterfactual): 2.0469448489536712
[2025-01-27 23:25:38,193][src.models.time_varying_model][INFO] - RMSE calculation for test.
[2025-01-27 23:25:38,193][src.models.ct][INFO] - Autoregressive Prediction for test.
[2025-01-27 23:25:38,196][src.models.ct][INFO] - t = 1
[2025-01-27 23:25:38,196][src.models.time_varying_model][INFO] - Predictions for test.
[2025-01-27 23:26:36,154][src.models.ct][INFO] - t = 2
[2025-01-27 23:26:36,155][src.models.time_varying_model][INFO] - Predictions for test.
[2025-01-27 23:27:35,546][src.models.ct][INFO] - t = 3
[2025-01-27 23:27:35,546][src.models.time_varying_model][INFO] - Predictions for test.
[2025-01-27 23:28:32,893][src.models.ct][INFO] - t = 4
[2025-01-27 23:28:32,893][src.models.time_varying_model][INFO] - Predictions for test.
[2025-01-27 23:29:30,678][src.models.ct][INFO] - t = 5
[2025-01-27 23:29:30,678][src.models.time_varying_model][INFO] - Predictions for test.
[2025-01-27 23:30:28,397][src.models.ct][INFO] - t = 6
[2025-01-27 23:30:28,398][src.models.time_varying_model][INFO] - Predictions for test.
[2025-01-27 23:31:27,156][__main__][INFO] - Test normalised RMSE (n-step prediction): {'2-step': 1.4951173655658072, '3-step': 1.4454833656778217, '4-step': 1.4900440257320733, '5-step': 1.5090002562158458, '6-step': 1.4939924034787488}
