[2025-01-29 21:47:46,299][__main__][INFO] - 
model:
  dim_treatments: 4
  dim_vitals: 0
  dim_static_features: 1
  dim_outcomes: 1
  name: RMSN
  propensity_treatment:
    _target_: src.models.rmsn.RMSNPropensityNetworkTreatment
    seq_hidden_units: 8
    dropout_rate: 0.2
    num_layer: 1
    batch_size: 256
    max_grad_norm: 2.0
    optimizer:
      optimizer_cls: adam
      learning_rate: 0.01
      weight_decay: 0.0
      lr_scheduler: false
    tune_hparams: false
    tune_range: 50
    resources_per_trial: null
    hparams_grid: null
  propensity_history:
    _target_: src.models.rmsn.RMSNPropensityNetworkHistory
    seq_hidden_units: 16
    dropout_rate: 0.5
    num_layer: 1
    batch_size: 256
    max_grad_norm: 2.0
    optimizer:
      optimizer_cls: adam
      learning_rate: 0.01
      weight_decay: 0.0
      lr_scheduler: false
    tune_hparams: false
    tune_range: 50
    resources_per_trial: null
    hparams_grid: null
  encoder:
    _target_: src.models.rmsn.RMSNEncoder
    seq_hidden_units: 12
    dropout_rate: 0.1
    num_layer: 1
    batch_size: 256
    max_grad_norm: 0.5
    optimizer:
      optimizer_cls: adam
      learning_rate: 0.01
      weight_decay: 0.0
      lr_scheduler: false
    tune_hparams: false
    tune_range: 50
    resources_per_trial: null
    hparams_grid: null
  train_decoder: true
  decoder:
    _target_: src.models.rmsn.RMSNDecoder
    seq_hidden_units: 64
    dropout_rate: 0.2
    num_layer: 1
    batch_size: 1024
    max_grad_norm: 4.0
    optimizer:
      optimizer_cls: adam
      learning_rate: 0.01
      weight_decay: 0.0
      lr_scheduler: false
    tune_hparams: false
    tune_range: 20
    resources_per_trial: null
dataset:
  val_batch_size: 512
  treatment_mode: multilabel
  _target_: src.data.SyntheticCancerDatasetCollection
  name: tumor_generator
  coeff: 6.0
  chemo_coeff: 6.0
  radio_coeff: 6.0
  seed: 10
  random: false
  noise_percentage: 0.0
  num_patients:
    train: 10000
    val: 1000
    test: 1000
  window_size: 15
  lag: 0
  max_seq_length: 60
  projection_horizon: 5
  cf_seq_mode: sliding_treatment
exp:
  seed: 10
  gpus:
  - 0
  max_epochs: 20
  logging: true
  mlflow_uri: http://127.0.0.1:5000
  unscale_rmse: true
  percentage_rmse: true
  alpha: 1.0
  update_alpha: false
  alpha_rate: exp
  initial_balancing_method: null
  final_balancing_method: null
  bce_weight: false
  weights_ema: true
  beta: 0.99
  alpha_wass: 0.0001
  alpha_wass_epoch: false
  alpha_wass_growth: 0.001
  alpha_wass_max: 0.01

[2025-01-29 21:47:46,320][root][INFO] - Simulating initial volumes for stage I  with norm params: mu=1.72, sigma=4.7, lb=-0.6221218732608373, ub=-0.023523848418276528
[2025-01-29 21:47:46,327][root][INFO] - Simulating initial volumes for stage II  with norm params: mu=1.96, sigma=1.63, lb=-1.9410876100159118, ub=0.3711345751297772
[2025-01-29 21:47:46,329][root][INFO] - Simulating initial volumes for stage IIIA  with norm params: mu=1.91, sigma=9.4, lb=-0.33127370258786554, ub=0.06967546355973796
[2025-01-29 21:47:46,330][root][INFO] - Simulating initial volumes for stage IIIB  with norm params: mu=2.76, sigma=6.87, lb=-0.5769974969906748, ub=-0.02839165102452155
[2025-01-29 21:47:46,332][root][INFO] - Simulating initial volumes for stage IV  with norm params: mu=3.86, sigma=8.82, lb=-0.5741465764541877, ub=-0.14683113860980307
[2025-01-29 21:47:46,357][root][INFO] - Got correlated params for 4658 patients
[2025-01-29 21:47:46,362][root][INFO] - Got correlated params for 9338 patients
[2025-01-29 21:47:46,367][root][INFO] - Got correlated params for 13912 patients
[2025-01-29 21:47:46,375][root][INFO] - Simulating beta_c parameters
[2025-01-29 21:47:46,380][root][INFO] - Randomising outputs
[2025-01-29 21:48:01,412][root][INFO] - Simulating initial volumes for stage I  with norm params: mu=1.72, sigma=4.7, lb=-0.6221218732608373, ub=-0.023523848418276528
[2025-01-29 21:48:01,415][root][INFO] - Simulating initial volumes for stage II  with norm params: mu=1.96, sigma=1.63, lb=-1.9410876100159118, ub=0.3711345751297772
[2025-01-29 21:48:01,415][root][INFO] - Simulating initial volumes for stage IIIA  with norm params: mu=1.91, sigma=9.4, lb=-0.33127370258786554, ub=0.06967546355973796
[2025-01-29 21:48:01,416][root][INFO] - Simulating initial volumes for stage IIIB  with norm params: mu=2.76, sigma=6.87, lb=-0.5769974969906748, ub=-0.02839165102452155
[2025-01-29 21:48:01,417][root][INFO] - Simulating initial volumes for stage IV  with norm params: mu=3.86, sigma=8.82, lb=-0.5741465764541877, ub=-0.14683113860980307
[2025-01-29 21:48:01,419][root][INFO] - Got correlated params for 464 patients
[2025-01-29 21:48:01,420][root][INFO] - Got correlated params for 942 patients
[2025-01-29 21:48:01,421][root][INFO] - Got correlated params for 1398 patients
[2025-01-29 21:48:01,422][root][INFO] - Simulating beta_c parameters
[2025-01-29 21:48:01,423][root][INFO] - Randomising outputs
[2025-01-29 21:48:02,902][root][INFO] - Simulating initial volumes for stage I  with norm params: mu=1.72, sigma=4.7, lb=-0.6221218732608373, ub=-0.023523848418276528
[2025-01-29 21:48:02,903][root][INFO] - Simulating initial volumes for stage II  with norm params: mu=1.96, sigma=1.63, lb=-1.9410876100159118, ub=0.3711345751297772
[2025-01-29 21:48:02,903][root][INFO] - Simulating initial volumes for stage IIIA  with norm params: mu=1.91, sigma=9.4, lb=-0.33127370258786554, ub=0.06967546355973796
[2025-01-29 21:48:02,904][root][INFO] - Simulating initial volumes for stage IIIB  with norm params: mu=2.76, sigma=6.87, lb=-0.5769974969906748, ub=-0.02839165102452155
[2025-01-29 21:48:02,905][root][INFO] - Simulating initial volumes for stage IV  with norm params: mu=3.86, sigma=8.82, lb=-0.5741465764541877, ub=-0.14683113860980307
[2025-01-29 21:48:02,906][root][INFO] - Got correlated params for 491 patients
[2025-01-29 21:48:02,907][root][INFO] - Got correlated params for 936 patients
[2025-01-29 21:48:02,908][root][INFO] - Got correlated params for 1396 patients
[2025-01-29 21:48:02,909][root][INFO] - Simulating beta_c parameters
[2025-01-29 21:48:02,910][root][INFO] - Randomising outputs
[2025-01-29 21:48:08,369][root][INFO] - Simulating initial volumes for stage I  with norm params: mu=1.72, sigma=4.7, lb=-0.6221218732608373, ub=-0.023523848418276528
[2025-01-29 21:48:08,370][root][INFO] - Simulating initial volumes for stage II  with norm params: mu=1.96, sigma=1.63, lb=-1.9410876100159118, ub=0.3711345751297772
[2025-01-29 21:48:08,370][root][INFO] - Simulating initial volumes for stage IIIA  with norm params: mu=1.91, sigma=9.4, lb=-0.33127370258786554, ub=0.06967546355973796
[2025-01-29 21:48:08,371][root][INFO] - Simulating initial volumes for stage IIIB  with norm params: mu=2.76, sigma=6.87, lb=-0.5769974969906748, ub=-0.02839165102452155
[2025-01-29 21:48:08,372][root][INFO] - Simulating initial volumes for stage IV  with norm params: mu=3.86, sigma=8.82, lb=-0.5741465764541877, ub=-0.14683113860980307
[2025-01-29 21:48:08,373][root][INFO] - Got correlated params for 434 patients
[2025-01-29 21:48:08,374][root][INFO] - Got correlated params for 874 patients
[2025-01-29 21:48:08,375][root][INFO] - Got correlated params for 1357 patients
[2025-01-29 21:48:08,376][root][INFO] - Simulating beta_c parameters
[2025-01-29 21:48:08,377][root][INFO] - Randomising outputs
[2025-01-29 21:48:33,093][src.data.cancer_sim.dataset][INFO] - Processing train dataset before training
[2025-01-29 21:48:33,135][src.data.cancer_sim.dataset][INFO] - Shape of processed train data: {'cancer_volume': (10000, 60), 'chemo_dosage': (10000, 60), 'radio_dosage': (10000, 60), 'chemo_application': (10000, 60), 'radio_application': (10000, 60), 'chemo_probabilities': (10000, 60), 'radio_probabilities': (10000, 60), 'sequence_lengths': (10000,), 'death_flags': (10000, 60), 'recovery_flags': (10000, 60), 'patient_types': (10000,), 'prev_treatments': (10000, 59, 2), 'current_treatments': (10000, 59, 2), 'current_covariates': (10000, 59, 2), 'outputs': (10000, 59, 1), 'active_entries': (10000, 59, 1), 'unscaled_outputs': (10000, 59, 1), 'prev_outputs': (10000, 59, 1), 'static_features': (10000, 1)}
[2025-01-29 21:48:33,136][src.data.cancer_sim.dataset][INFO] - Processing val dataset before training
[2025-01-29 21:48:33,139][src.data.cancer_sim.dataset][INFO] - Shape of processed val data: {'cancer_volume': (1000, 60), 'chemo_dosage': (1000, 60), 'radio_dosage': (1000, 60), 'chemo_application': (1000, 60), 'radio_application': (1000, 60), 'chemo_probabilities': (1000, 60), 'radio_probabilities': (1000, 60), 'sequence_lengths': (1000,), 'death_flags': (1000, 60), 'recovery_flags': (1000, 60), 'patient_types': (1000,), 'prev_treatments': (1000, 59, 2), 'current_treatments': (1000, 59, 2), 'current_covariates': (1000, 59, 2), 'outputs': (1000, 59, 1), 'active_entries': (1000, 59, 1), 'unscaled_outputs': (1000, 59, 1), 'prev_outputs': (1000, 59, 1), 'static_features': (1000, 1)}
[2025-01-29 21:48:33,139][src.data.cancer_sim.dataset][INFO] - Processing test dataset before training
[2025-01-29 21:48:33,855][src.data.cancer_sim.dataset][INFO] - Shape of processed test data: {'cancer_volume': (224868, 60), 'chemo_application': (224868, 60), 'radio_application': (224868, 60), 'sequence_lengths': (224868,), 'patient_types': (224868,), 'prev_treatments': (224868, 59, 2), 'current_treatments': (224868, 59, 2), 'current_covariates': (224868, 59, 2), 'outputs': (224868, 59, 1), 'active_entries': (224868, 59, 1), 'unscaled_outputs': (224868, 59, 1), 'prev_outputs': (224868, 59, 1), 'static_features': (224868, 1)}
[2025-01-29 21:48:33,869][src.models.rmsn][INFO] - Input size of propensity_treatment: 2
[2025-01-29 21:49:11,491][src.models.time_varying_model][INFO] - BCE calculation for val.
[2025-01-29 21:49:11,491][src.models.rmsn][INFO] - Propensity scores for val.
[2025-01-29 21:49:11,917][__main__][INFO] - Val normalised BCE (all): 0.7399463100009512; Val normalised RMSE (orig): 0.7399257673921755
[2025-01-29 21:49:11,918][src.models.time_varying_model][INFO] - BCE calculation for test.
[2025-01-29 21:49:11,918][src.models.rmsn][INFO] - Propensity scores for test.
[2025-01-29 21:49:22,824][__main__][INFO] - Test normalised RMSE (all): 0.7312098199161716; Test normalised RMSE (orig): 0.7303243245577863.
[2025-01-29 21:49:22,867][src.models.rmsn][INFO] - Input size of propensity_history: 4
[2025-01-29 21:49:49,316][src.models.time_varying_model][INFO] - BCE calculation for val.
[2025-01-29 21:49:49,316][src.models.rmsn][INFO] - Propensity scores for val.
[2025-01-29 21:49:49,741][__main__][INFO] - Val normalised BCE (all): 0.726339042204949; Val normalised RMSE (orig): 0.726341471388068
[2025-01-29 21:49:49,742][src.models.time_varying_model][INFO] - BCE calculation for test.
[2025-01-29 21:49:49,742][src.models.rmsn][INFO] - Propensity scores for test.
[2025-01-29 21:50:00,568][__main__][INFO] - Test normalised BCE (all): 0.7677972497721018; Test normalised BCE (orig): 0.7700366081145649.
[2025-01-29 21:50:00,610][src.models.rmsn][INFO] - Input size of encoder: 4
[2025-01-29 21:50:00,623][src.models.rmsn][INFO] - Propensity scores for train.
[2025-01-29 21:50:04,089][src.models.rmsn][INFO] - Propensity scores for train.
[2025-01-29 21:50:34,778][src.models.time_varying_model][INFO] - RMSE calculation for val.
[2025-01-29 21:50:34,779][src.models.rmsn][INFO] - Predictions for val.
[2025-01-29 21:50:35,151][__main__][INFO] - Val normalised RMSE (all): 0.7534927705616664; Val normalised RMSE (orig): 0.7436097401292165
[2025-01-29 21:50:35,151][src.models.time_varying_model][INFO] - RMSE calculation for test.
[2025-01-29 21:50:35,151][src.models.rmsn][INFO] - Predictions for test.
[2025-01-29 21:50:46,494][__main__][INFO] - Test normalised RMSE (all): 1.3753719420019488; Test normalised RMSE (orig): 1.1880249903794418; Test normalised RMSE (only counterfactual): 2.003088048288705
[2025-01-29 21:50:46,547][src.models.rmsn][INFO] - Input size of decoder: 4
[2025-01-29 21:50:46,560][src.data.cancer_sim.dataset][INFO] - train Dataset already processed
[2025-01-29 21:50:46,560][src.data.cancer_sim.dataset][INFO] - val Dataset already processed
[2025-01-29 21:50:46,560][src.data.cancer_sim.dataset][INFO] - Processing test dataset before training
[2025-01-29 21:50:48,731][src.data.cancer_sim.dataset][INFO] - Shape of processed test data: {'cancer_volume': (548744, 65), 'chemo_application': (548744, 65), 'radio_application': (548744, 65), 'sequence_lengths': (548744,), 'patient_types': (548744,), 'patient_ids_all_trajectories': (548744,), 'patient_current_t': (548744,), 'prev_treatments': (548744, 64, 2), 'current_treatments': (548744, 64, 2), 'current_covariates': (548744, 64, 2), 'outputs': (548744, 64, 1), 'active_entries': (548744, 64, 1), 'unscaled_outputs': (548744, 64, 1), 'prev_outputs': (548744, 64, 1), 'static_features': (548744, 1)}
[2025-01-29 21:50:48,732][src.models.rmsn][INFO] - Representations inference for train.
[2025-01-29 21:50:49,793][src.models.rmsn][INFO] - Representations inference for val.
[2025-01-29 21:50:50,183][src.models.rmsn][INFO] - Representations inference for test.
[2025-01-29 21:51:17,613][src.models.rmsn][INFO] - Predictions for test.
[2025-01-29 21:51:46,210][src.data.cancer_sim.dataset][INFO] - Processing train dataset before training (multiple sequences)
[2025-01-29 21:51:49,316][src.data.cancer_sim.dataset][INFO] - Shape of processed train data: {'init_state': (515994, 12), 'original_index': (515994,), 'active_encoder_r': (515994, 59), 'prev_treatments': (515994, 5, 2), 'current_treatments': (515994, 5, 2), 'current_covariates': (515994, 5, 2), 'prev_outputs': (515994, 5, 1), 'static_features': (515994, 1), 'outputs': (515994, 5, 1), 'sequence_lengths': (515994,), 'active_entries': (515994, 5, 1), 'unscaled_outputs': (515994, 5, 1), 'stabilized_weights': (515994, 6)}
[2025-01-29 21:51:49,316][src.data.cancer_sim.dataset][INFO] - Processing val dataset before training (multiple sequences)
[2025-01-29 21:51:49,618][src.data.cancer_sim.dataset][INFO] - Shape of processed val data: {'init_state': (51287, 12), 'original_index': (51287,), 'active_encoder_r': (51287, 59), 'prev_treatments': (51287, 5, 2), 'current_treatments': (51287, 5, 2), 'current_covariates': (51287, 5, 2), 'prev_outputs': (51287, 5, 1), 'static_features': (51287, 1), 'outputs': (51287, 5, 1), 'sequence_lengths': (51287,), 'active_entries': (51287, 5, 1), 'unscaled_outputs': (51287, 5, 1)}
[2025-01-29 21:51:49,618][src.data.cancer_sim.dataset][INFO] - Processing test dataset before testing (multiple sequences)
[2025-01-29 21:51:56,205][src.data.cancer_sim.dataset][INFO] - Shape of processed test data: {'active_encoder_r': (548744, 59), 'prev_treatments': (548744, 5, 2), 'current_treatments': (548744, 5, 2), 'current_covariates': (548744, 5, 2), 'prev_outputs': (548744, 5, 1), 'static_features': (548744, 1), 'outputs': (548744, 5, 1), 'sequence_lengths': (548744,), 'active_entries': (548744, 5, 1), 'unscaled_outputs': (548744, 5, 1), 'patient_types': (548744,), 'patient_ids_all_trajectories': (548744,), 'patient_current_t': (548744,), 'init_state': (548744, 12)}
[2025-01-29 21:51:56,211][src.data.cancer_sim.dataset][INFO] - Processing test dataset before testing (autoregressive)
[2025-01-29 21:51:59,922][src.data.cancer_sim.dataset][INFO] - Shape of processed test data: {'current_covariates': (548744, 5, 2), 'prev_treatments': (548744, 5, 2), 'current_treatments': (548744, 5, 2), 'init_state': (548744, 12), 'active_encoder_r': (548744, 59), 'active_entries': (548744, 5, 1), 'prev_outputs': (548744, 5, 1), 'static_features': (548744, 1)}
[2025-01-29 22:00:25,668][src.models.time_varying_model][INFO] - RMSE calculation for val.
[2025-01-29 22:00:25,668][src.models.rmsn][INFO] - Predictions for val.
[2025-01-29 22:00:27,719][__main__][INFO] - Val normalised RMSE (all): 0.3367110790454572; Val normalised RMSE (orig): 0.33671107904545744
[2025-01-29 22:00:27,719][src.models.time_varying_model][INFO] - RMSE calculation for test.
[2025-01-29 22:00:27,719][src.models.time_varying_model][INFO] - Autoregressive Prediction for test.
[2025-01-29 22:00:27,730][src.models.time_varying_model][INFO] - t = 2
[2025-01-29 22:00:27,730][src.models.rmsn][INFO] - Predictions for test.
[2025-01-29 22:00:42,398][src.models.time_varying_model][INFO] - t = 3
[2025-01-29 22:00:42,398][src.models.rmsn][INFO] - Predictions for test.
[2025-01-29 22:00:57,253][src.models.time_varying_model][INFO] - t = 4
[2025-01-29 22:00:57,254][src.models.rmsn][INFO] - Predictions for test.
[2025-01-29 22:01:12,009][src.models.time_varying_model][INFO] - t = 5
[2025-01-29 22:01:12,010][src.models.rmsn][INFO] - Predictions for test.
[2025-01-29 22:01:26,634][src.models.time_varying_model][INFO] - t = 6
[2025-01-29 22:01:26,635][src.models.rmsn][INFO] - Predictions for test.
[2025-01-29 22:01:42,696][__main__][INFO] - Test normalised RMSE (n-step prediction): {'2-step': 3.192132889783075, '3-step': 3.376791082908357, '4-step': 3.3839828083136405, '5-step': 3.3690342637617734, '6-step': 3.2671346942389365}
