[2024-11-21 20:35:49,360][__main__][INFO] - 
model:
  dim_treatments: 4
  dim_vitals: 0
  dim_static_features: 1
  dim_outcomes: 1
  name: CT
  multi:
    _target_: src.models.ct.CT
    max_seq_length: 65
    seq_hidden_units: 16
    br_size: 8
    fc_hidden_units: 32
    dropout_rate: 0.1
    num_layer: 1
    num_heads: 2
    max_grad_norm: null
    batch_size: 128
    attn_dropout: true
    disable_cross_attention: false
    isolate_subnetwork: _
    self_positional_encoding:
      absolute: false
      trainable: true
      max_relative_position: 15
    optimizer:
      optimizer_cls: adam
      learning_rate: 0.01
      weight_decay: 0.0
      lr_scheduler: false
    augment_with_masked_vitals: true
    tune_hparams: false
    tune_range: 50
    hparams_grid: null
    resources_per_trial: null
  self_positional_encoding:
    max_relative_position: 15
dataset:
  val_batch_size: 512
  treatment_mode: multiclass
  _target_: src.data.SyntheticCancerDatasetCollection
  name: tumor_generator
  coeff: 2.0
  chemo_coeff: 2.0
  radio_coeff: 2.0
  seed: 10
  random: true
  noise_percentage: 0.05
  num_patients:
    train: 10000
    val: 1000
    test: 1000
  window_size: 15
  lag: 0
  max_seq_length: 60
  projection_horizon: 5
  cf_seq_mode: sliding_treatment
exp:
  seed: 10
  gpus:
  - 0
  max_epochs: 330
  logging: true
  mlflow_uri: http://127.0.0.1:5000
  unscale_rmse: true
  percentage_rmse: true
  alpha: 0.01
  update_alpha: true
  alpha_rate: exp
  initial_balancing_method: domain_confusion
  final_balancing_method: subgroup
  bce_weight: false
  weights_ema: true
  beta: 0.99
  alpha_wass: 0.0001
  alpha_wass_epoch: false
  alpha_wass_growth: 0.001
  alpha_wass_max: 0.01
  balancing_switch_epoch: 299
  clustering_method: GMM
  number_clusters: 2
  num_timepoints: 59
  gap_epoch: 10
  checkpoint_dir: ./checkpoints/cancer/ct/2

[2024-11-21 20:35:49,405][root][INFO] - Simulating initial volumes for stage I  with norm params: mu=1.72, sigma=4.7, lb=-0.6221218732608373, ub=-0.023523848418276528
[2024-11-21 20:35:49,409][root][INFO] - Simulating initial volumes for stage II  with norm params: mu=1.96, sigma=1.63, lb=-1.9410876100159118, ub=0.3711345751297772
[2024-11-21 20:35:49,410][root][INFO] - Simulating initial volumes for stage IIIA  with norm params: mu=1.91, sigma=9.4, lb=-0.33127370258786554, ub=0.06967546355973796
[2024-11-21 20:35:49,411][root][INFO] - Simulating initial volumes for stage IIIB  with norm params: mu=2.76, sigma=6.87, lb=-0.5769974969906748, ub=-0.02839165102452155
[2024-11-21 20:35:49,414][root][INFO] - Simulating initial volumes for stage IV  with norm params: mu=3.86, sigma=8.82, lb=-0.5741465764541877, ub=-0.14683113860980307
[2024-11-21 20:35:49,439][root][INFO] - Got correlated params for 4658 patients
[2024-11-21 20:35:49,444][root][INFO] - Got correlated params for 9338 patients
[2024-11-21 20:35:49,449][root][INFO] - Got correlated params for 13912 patients
[2024-11-21 20:35:49,456][root][INFO] - Simulating beta_c parameters
[2024-11-21 20:35:49,461][root][INFO] - Randomising outputs
[2024-11-21 20:36:08,073][src.data.cancer_sim.dataset][INFO] - Processing train dataset before training
[2024-11-21 20:36:09,110][src.data.cancer_sim.dataset][INFO] - Shape of processed train data: {'cancer_volume': (10000, 60), 'chemo_dosage': (10000, 60), 'radio_dosage': (10000, 60), 'chemo_application': (10000, 60), 'radio_application': (10000, 60), 'chemo_probabilities': (10000, 60), 'radio_probabilities': (10000, 60), 'sequence_lengths': (10000,), 'death_flags': (10000, 60), 'recovery_flags': (10000, 60), 'patient_types': (10000,), 'prev_treatments': (10000, 59, 4), 'current_treatments': (10000, 59, 4), 'current_covariates': (10000, 59, 2), 'outputs': (10000, 59, 1), 'active_entries': (10000, 59, 1), 'unscaled_outputs': (10000, 59, 1), 'prev_outputs': (10000, 59, 1), 'static_features': (10000, 1)}
[2024-11-21 20:36:09,181][root][INFO] - Simulating initial volumes for stage I  with norm params: mu=1.72, sigma=4.7, lb=-0.6221218732608373, ub=-0.023523848418276528
[2024-11-21 20:36:09,183][root][INFO] - Simulating initial volumes for stage II  with norm params: mu=1.96, sigma=1.63, lb=-1.9410876100159118, ub=0.3711345751297772
[2024-11-21 20:36:09,183][root][INFO] - Simulating initial volumes for stage IIIA  with norm params: mu=1.91, sigma=9.4, lb=-0.33127370258786554, ub=0.06967546355973796
[2024-11-21 20:36:09,184][root][INFO] - Simulating initial volumes for stage IIIB  with norm params: mu=2.76, sigma=6.87, lb=-0.5769974969906748, ub=-0.02839165102452155
[2024-11-21 20:36:09,185][root][INFO] - Simulating initial volumes for stage IV  with norm params: mu=3.86, sigma=8.82, lb=-0.5741465764541877, ub=-0.14683113860980307
[2024-11-21 20:36:09,187][root][INFO] - Got correlated params for 455 patients
[2024-11-21 20:36:09,188][root][INFO] - Got correlated params for 905 patients
[2024-11-21 20:36:09,189][root][INFO] - Got correlated params for 1366 patients
[2024-11-21 20:36:09,190][root][INFO] - Simulating beta_c parameters
[2024-11-21 20:36:09,191][root][INFO] - Randomising outputs
[2024-11-21 20:36:11,021][root][INFO] - Simulating initial volumes for stage I  with norm params: mu=1.72, sigma=4.7, lb=-0.6221218732608373, ub=-0.023523848418276528
[2024-11-21 20:36:11,022][root][INFO] - Simulating initial volumes for stage II  with norm params: mu=1.96, sigma=1.63, lb=-1.9410876100159118, ub=0.3711345751297772
[2024-11-21 20:36:11,023][root][INFO] - Simulating initial volumes for stage IIIA  with norm params: mu=1.91, sigma=9.4, lb=-0.33127370258786554, ub=0.06967546355973796
[2024-11-21 20:36:11,023][root][INFO] - Simulating initial volumes for stage IIIB  with norm params: mu=2.76, sigma=6.87, lb=-0.5769974969906748, ub=-0.02839165102452155
[2024-11-21 20:36:11,024][root][INFO] - Simulating initial volumes for stage IV  with norm params: mu=3.86, sigma=8.82, lb=-0.5741465764541877, ub=-0.14683113860980307
[2024-11-21 20:36:11,026][root][INFO] - Got correlated params for 493 patients
[2024-11-21 20:36:11,027][root][INFO] - Got correlated params for 947 patients
[2024-11-21 20:36:11,028][root][INFO] - Got correlated params for 1403 patients
[2024-11-21 20:36:11,029][root][INFO] - Simulating beta_c parameters
[2024-11-21 20:36:11,031][root][INFO] - Randomising outputs
[2024-11-21 20:36:19,258][root][INFO] - Simulating initial volumes for stage I  with norm params: mu=1.72, sigma=4.7, lb=-0.6221218732608373, ub=-0.023523848418276528
[2024-11-21 20:36:19,260][root][INFO] - Simulating initial volumes for stage II  with norm params: mu=1.96, sigma=1.63, lb=-1.9410876100159118, ub=0.3711345751297772
[2024-11-21 20:36:19,261][root][INFO] - Simulating initial volumes for stage IIIA  with norm params: mu=1.91, sigma=9.4, lb=-0.33127370258786554, ub=0.06967546355973796
[2024-11-21 20:36:19,261][root][INFO] - Simulating initial volumes for stage IIIB  with norm params: mu=2.76, sigma=6.87, lb=-0.5769974969906748, ub=-0.02839165102452155
[2024-11-21 20:36:19,262][root][INFO] - Simulating initial volumes for stage IV  with norm params: mu=3.86, sigma=8.82, lb=-0.5741465764541877, ub=-0.14683113860980307
[2024-11-21 20:36:19,265][root][INFO] - Got correlated params for 445 patients
[2024-11-21 20:36:19,266][root][INFO] - Got correlated params for 895 patients
[2024-11-21 20:36:19,267][root][INFO] - Got correlated params for 1355 patients
[2024-11-21 20:36:19,268][root][INFO] - Simulating beta_c parameters
[2024-11-21 20:36:19,269][root][INFO] - Randomising outputs
[2024-11-21 20:36:49,779][src.data.cancer_sim.dataset][INFO] - train Dataset already processed
[2024-11-21 20:36:49,779][src.data.cancer_sim.dataset][INFO] - Processing val dataset before training
[2024-11-21 20:36:49,884][src.data.cancer_sim.dataset][INFO] - Shape of processed val data: {'cancer_volume': (1000, 60), 'chemo_dosage': (1000, 60), 'radio_dosage': (1000, 60), 'chemo_application': (1000, 60), 'radio_application': (1000, 60), 'chemo_probabilities': (1000, 60), 'radio_probabilities': (1000, 60), 'sequence_lengths': (1000,), 'death_flags': (1000, 60), 'recovery_flags': (1000, 60), 'patient_types': (1000,), 'prev_treatments': (1000, 59, 4), 'current_treatments': (1000, 59, 4), 'current_covariates': (1000, 59, 2), 'outputs': (1000, 59, 1), 'active_entries': (1000, 59, 1), 'unscaled_outputs': (1000, 59, 1), 'prev_outputs': (1000, 59, 1), 'static_features': (1000, 1)}
[2024-11-21 20:36:49,884][src.data.cancer_sim.dataset][INFO] - Processing test dataset before training
[2024-11-21 20:37:10,268][src.data.cancer_sim.dataset][INFO] - Shape of processed test data: {'cancer_volume': (222916, 60), 'chemo_application': (222916, 60), 'radio_application': (222916, 60), 'sequence_lengths': (222916,), 'patient_types': (222916,), 'prev_treatments': (222916, 59, 4), 'current_treatments': (222916, 59, 4), 'current_covariates': (222916, 59, 2), 'outputs': (222916, 59, 1), 'active_entries': (222916, 59, 1), 'unscaled_outputs': (222916, 59, 1), 'prev_outputs': (222916, 59, 1), 'static_features': (222916, 1)}
[2024-11-21 20:37:10,270][src.data.cancer_sim.dataset][INFO] - Processing test dataset before training
[2024-11-21 20:38:06,432][src.data.cancer_sim.dataset][INFO] - Shape of processed test data: {'cancer_volume': (565098, 65), 'chemo_application': (565098, 65), 'radio_application': (565098, 65), 'sequence_lengths': (565098,), 'patient_types': (565098,), 'patient_ids_all_trajectories': (565098,), 'patient_current_t': (565098,), 'prev_treatments': (565098, 64, 4), 'current_treatments': (565098, 64, 4), 'current_covariates': (565098, 64, 2), 'outputs': (565098, 64, 1), 'active_entries': (565098, 64, 1), 'unscaled_outputs': (565098, 64, 1), 'prev_outputs': (565098, 64, 1), 'static_features': (565098, 1)}
[2024-11-21 20:38:06,435][src.data.cancer_sim.dataset][INFO] - Processing test dataset before testing (multiple sequences)
[2024-11-21 20:38:15,749][src.data.cancer_sim.dataset][INFO] - Shape of processed test data: {'active_encoder_r': (565098, 59), 'prev_treatments': (565098, 5, 4), 'current_treatments': (565098, 5, 4), 'current_covariates': (565098, 5, 2), 'prev_outputs': (565098, 5, 1), 'static_features': (565098, 1), 'outputs': (565098, 5, 1), 'sequence_lengths': (565098,), 'active_entries': (565098, 5, 1), 'unscaled_outputs': (565098, 5, 1), 'patient_types': (565098,), 'patient_ids_all_trajectories': (565098,), 'patient_current_t': (565098,)}
[2024-11-21 20:38:18,708][src.models.ct][INFO] - Max input size of multi: 4
[2024-11-21 21:01:12,697][src.models.time_varying_model][INFO] - RMSE calculation for val.
[2024-11-21 21:01:12,699][src.models.time_varying_model][INFO] - Predictions for val.
[2024-11-21 21:01:13,567][__main__][INFO] - Val normalised RMSE (all): 0.5642217346142079; Val normalised RMSE (orig): 0.5567944699962926
[2024-11-21 21:01:13,567][src.models.time_varying_model][INFO] - RMSE calculation for test.
[2024-11-21 21:01:13,567][src.models.time_varying_model][INFO] - Predictions for test.
[2024-11-21 21:01:33,750][__main__][INFO] - Test normalised RMSE (all): 0.8339494472965346; Test normalised RMSE (orig): 0.6022031395538527; Test normalised RMSE (only counterfactual): 0.7735823927969849
[2024-11-21 21:01:33,804][src.models.time_varying_model][INFO] - RMSE calculation for test.
[2024-11-21 21:01:33,804][src.models.ct][INFO] - Autoregressive Prediction for test.
[2024-11-21 21:01:33,804][src.models.ct][INFO] - t = 1
[2024-11-21 21:01:33,805][src.models.time_varying_model][INFO] - Predictions for test.
[2024-11-21 21:02:37,913][src.models.ct][INFO] - t = 2
[2024-11-21 21:02:37,914][src.models.time_varying_model][INFO] - Predictions for test.
[2024-11-21 21:03:43,283][src.models.ct][INFO] - t = 3
[2024-11-21 21:03:43,284][src.models.time_varying_model][INFO] - Predictions for test.
[2024-11-21 21:04:47,627][src.models.ct][INFO] - t = 4
[2024-11-21 21:04:47,628][src.models.time_varying_model][INFO] - Predictions for test.
[2024-11-21 21:05:52,489][src.models.ct][INFO] - t = 5
[2024-11-21 21:05:52,490][src.models.time_varying_model][INFO] - Predictions for test.
[2024-11-21 21:06:57,374][src.models.ct][INFO] - t = 6
[2024-11-21 21:06:57,376][src.models.time_varying_model][INFO] - Predictions for test.
[2024-11-21 21:08:03,149][__main__][INFO] - Test normalised RMSE (n-step prediction): {'2-step': 0.6981029949127399, '3-step': 0.7229012146599191, '4-step': 0.7559488734727928, '5-step': 0.7864603723057759, '6-step': 0.8100934881411392}
