[2025-01-20 08:25:59,320][__main__][INFO] - 
model:
  dim_treatments: 4
  dim_vitals: 0
  dim_static_features: 1
  dim_outcomes: 1
  name: CRN
  encoder:
    _target_: src.models.crn.CRNEncoder
    seq_hidden_units: 24
    br_size: 18
    fc_hidden_units: 36
    dropout_rate: 0.1
    num_layer: 1
    batch_size: 128
    optimizer:
      optimizer_cls: adam
      learning_rate: 0.001
      weight_decay: 0.0
      lr_scheduler: false
    tune_hparams: false
    tune_range: 50
    hparams_grid: null
    resources_per_trial: null
  train_decoder: true
  decoder:
    _target_: src.models.crn.CRNDecoder
    seq_hidden_units: null
    br_size: 24
    fc_hidden_units: 12
    dropout_rate: 0.1
    num_layer: 1
    batch_size: 1024
    optimizer:
      optimizer_cls: adam
      learning_rate: 0.001
      weight_decay: 0.0
      lr_scheduler: false
    tune_hparams: false
    tune_range: 30
    hparams_grid: null
    resources_per_trial: null
dataset:
  val_batch_size: 512
  treatment_mode: multiclass
  _target_: src.data.SyntheticCancerDatasetCollection
  name: tumor_generator
  coeff: 1.0
  chemo_coeff: 1.0
  radio_coeff: 1.0
  seed: 10
  random: true
  noise_percentage: 0.05
  num_patients:
    train: 10000
    val: 1000
    test: 1000
  window_size: 15
  lag: 0
  max_seq_length: 60
  projection_horizon: 5
  cf_seq_mode: sliding_treatment
exp:
  seed: 10
  gpus:
  - 0
  max_epochs: 100
  logging: true
  mlflow_uri: http://127.0.0.1:5000
  unscale_rmse: true
  percentage_rmse: true
  alpha: 0.01
  update_alpha: true
  alpha_rate: exp
  initial_balancing_method: grad_reverse
  final_balancing_method: grad_reverse
  bce_weight: false
  weights_ema: false
  beta: 0.99
  alpha_wass: 0.0001
  alpha_wass_epoch: false
  alpha_wass_growth: 0.001
  alpha_wass_max: 0.01
  balancing: grad_reverse
  balancing_switch_epoch: 99
  gap_epoch: 50
  clustering_method: GMM
  number_clusters: 2
  num_timepoints: 59
  checkpoint_dir: ./checkpoints/cancer/crn/1

[2025-01-20 08:25:59,334][root][INFO] - Simulating initial volumes for stage I  with norm params: mu=1.72, sigma=4.7, lb=-0.6221218732608373, ub=-0.023523848418276528
[2025-01-20 08:25:59,335][root][INFO] - Simulating initial volumes for stage II  with norm params: mu=1.96, sigma=1.63, lb=-1.9410876100159118, ub=0.3711345751297772
[2025-01-20 08:25:59,336][root][INFO] - Simulating initial volumes for stage IIIA  with norm params: mu=1.91, sigma=9.4, lb=-0.33127370258786554, ub=0.06967546355973796
[2025-01-20 08:25:59,337][root][INFO] - Simulating initial volumes for stage IIIB  with norm params: mu=2.76, sigma=6.87, lb=-0.5769974969906748, ub=-0.02839165102452155
[2025-01-20 08:25:59,339][root][INFO] - Simulating initial volumes for stage IV  with norm params: mu=3.86, sigma=8.82, lb=-0.5741465764541877, ub=-0.14683113860980307
[2025-01-20 08:25:59,348][root][INFO] - Got correlated params for 4658 patients
[2025-01-20 08:25:59,353][root][INFO] - Got correlated params for 9338 patients
[2025-01-20 08:25:59,358][root][INFO] - Got correlated params for 13912 patients
[2025-01-20 08:25:59,365][root][INFO] - Simulating beta_c parameters
[2025-01-20 08:25:59,370][root][INFO] - Randomising outputs
[2025-01-20 08:26:16,550][src.data.cancer_sim.dataset][INFO] - Processing train dataset before training
[2025-01-20 08:26:17,762][src.data.cancer_sim.dataset][INFO] - Shape of processed train data: {'cancer_volume': (10000, 60), 'chemo_dosage': (10000, 60), 'radio_dosage': (10000, 60), 'chemo_application': (10000, 60), 'radio_application': (10000, 60), 'chemo_probabilities': (10000, 60), 'radio_probabilities': (10000, 60), 'sequence_lengths': (10000,), 'death_flags': (10000, 60), 'recovery_flags': (10000, 60), 'patient_types': (10000,), 'prev_treatments': (10000, 59, 4), 'current_treatments': (10000, 59, 4), 'current_covariates': (10000, 59, 2), 'outputs': (10000, 59, 1), 'active_entries': (10000, 59, 1), 'unscaled_outputs': (10000, 59, 1), 'prev_outputs': (10000, 59, 1), 'static_features': (10000, 1)}
[2025-01-20 08:26:17,824][root][INFO] - Simulating initial volumes for stage I  with norm params: mu=1.72, sigma=4.7, lb=-0.6221218732608373, ub=-0.023523848418276528
[2025-01-20 08:26:17,826][root][INFO] - Simulating initial volumes for stage II  with norm params: mu=1.96, sigma=1.63, lb=-1.9410876100159118, ub=0.3711345751297772
[2025-01-20 08:26:17,826][root][INFO] - Simulating initial volumes for stage IIIA  with norm params: mu=1.91, sigma=9.4, lb=-0.33127370258786554, ub=0.06967546355973796
[2025-01-20 08:26:17,827][root][INFO] - Simulating initial volumes for stage IIIB  with norm params: mu=2.76, sigma=6.87, lb=-0.5769974969906748, ub=-0.02839165102452155
[2025-01-20 08:26:17,828][root][INFO] - Simulating initial volumes for stage IV  with norm params: mu=3.86, sigma=8.82, lb=-0.5741465764541877, ub=-0.14683113860980307
[2025-01-20 08:26:17,830][root][INFO] - Got correlated params for 455 patients
[2025-01-20 08:26:17,831][root][INFO] - Got correlated params for 905 patients
[2025-01-20 08:26:17,832][root][INFO] - Got correlated params for 1366 patients
[2025-01-20 08:26:17,833][root][INFO] - Simulating beta_c parameters
[2025-01-20 08:26:17,834][root][INFO] - Randomising outputs
[2025-01-20 08:26:19,501][root][INFO] - Simulating initial volumes for stage I  with norm params: mu=1.72, sigma=4.7, lb=-0.6221218732608373, ub=-0.023523848418276528
[2025-01-20 08:26:19,502][root][INFO] - Simulating initial volumes for stage II  with norm params: mu=1.96, sigma=1.63, lb=-1.9410876100159118, ub=0.3711345751297772
[2025-01-20 08:26:19,503][root][INFO] - Simulating initial volumes for stage IIIA  with norm params: mu=1.91, sigma=9.4, lb=-0.33127370258786554, ub=0.06967546355973796
[2025-01-20 08:26:19,503][root][INFO] - Simulating initial volumes for stage IIIB  with norm params: mu=2.76, sigma=6.87, lb=-0.5769974969906748, ub=-0.02839165102452155
[2025-01-20 08:26:19,504][root][INFO] - Simulating initial volumes for stage IV  with norm params: mu=3.86, sigma=8.82, lb=-0.5741465764541877, ub=-0.14683113860980307
[2025-01-20 08:26:19,505][root][INFO] - Got correlated params for 493 patients
[2025-01-20 08:26:19,506][root][INFO] - Got correlated params for 947 patients
[2025-01-20 08:26:19,507][root][INFO] - Got correlated params for 1403 patients
[2025-01-20 08:26:19,508][root][INFO] - Simulating beta_c parameters
[2025-01-20 08:26:19,509][root][INFO] - Randomising outputs
[2025-01-20 08:26:25,626][root][INFO] - Simulating initial volumes for stage I  with norm params: mu=1.72, sigma=4.7, lb=-0.6221218732608373, ub=-0.023523848418276528
[2025-01-20 08:26:25,627][root][INFO] - Simulating initial volumes for stage II  with norm params: mu=1.96, sigma=1.63, lb=-1.9410876100159118, ub=0.3711345751297772
[2025-01-20 08:26:25,628][root][INFO] - Simulating initial volumes for stage IIIA  with norm params: mu=1.91, sigma=9.4, lb=-0.33127370258786554, ub=0.06967546355973796
[2025-01-20 08:26:25,628][root][INFO] - Simulating initial volumes for stage IIIB  with norm params: mu=2.76, sigma=6.87, lb=-0.5769974969906748, ub=-0.02839165102452155
[2025-01-20 08:26:25,629][root][INFO] - Simulating initial volumes for stage IV  with norm params: mu=3.86, sigma=8.82, lb=-0.5741465764541877, ub=-0.14683113860980307
[2025-01-20 08:26:25,631][root][INFO] - Got correlated params for 445 patients
[2025-01-20 08:26:25,632][root][INFO] - Got correlated params for 895 patients
[2025-01-20 08:26:25,633][root][INFO] - Got correlated params for 1355 patients
[2025-01-20 08:26:25,634][root][INFO] - Simulating beta_c parameters
[2025-01-20 08:26:25,635][root][INFO] - Randomising outputs
[2025-01-20 08:26:54,170][src.data.cancer_sim.dataset][INFO] - train Dataset already processed
[2025-01-20 08:26:54,170][src.data.cancer_sim.dataset][INFO] - Processing val dataset before training
[2025-01-20 08:26:54,292][src.data.cancer_sim.dataset][INFO] - Shape of processed val data: {'cancer_volume': (1000, 60), 'chemo_dosage': (1000, 60), 'radio_dosage': (1000, 60), 'chemo_application': (1000, 60), 'radio_application': (1000, 60), 'chemo_probabilities': (1000, 60), 'radio_probabilities': (1000, 60), 'sequence_lengths': (1000,), 'death_flags': (1000, 60), 'recovery_flags': (1000, 60), 'patient_types': (1000,), 'prev_treatments': (1000, 59, 4), 'current_treatments': (1000, 59, 4), 'current_covariates': (1000, 59, 2), 'outputs': (1000, 59, 1), 'active_entries': (1000, 59, 1), 'unscaled_outputs': (1000, 59, 1), 'prev_outputs': (1000, 59, 1), 'static_features': (1000, 1)}
[2025-01-20 08:26:54,293][src.data.cancer_sim.dataset][INFO] - Processing test dataset before training
[2025-01-20 08:27:17,335][src.data.cancer_sim.dataset][INFO] - Shape of processed test data: {'cancer_volume': (216208, 60), 'chemo_application': (216208, 60), 'radio_application': (216208, 60), 'sequence_lengths': (216208,), 'patient_types': (216208,), 'prev_treatments': (216208, 59, 4), 'current_treatments': (216208, 59, 4), 'current_covariates': (216208, 59, 2), 'outputs': (216208, 59, 1), 'active_entries': (216208, 59, 1), 'unscaled_outputs': (216208, 59, 1), 'prev_outputs': (216208, 59, 1), 'static_features': (216208, 1)}
[2025-01-20 08:27:17,745][src.models.crn][INFO] - Input size of encoder: 6
[2025-01-20 08:32:56,801][src.models.time_varying_model][INFO] - RMSE calculation for val.
[2025-01-20 08:32:56,802][src.models.time_varying_model][INFO] - Predictions for val.
[2025-01-20 08:32:57,329][__main__][INFO] - Val normalised RMSE (all): 0.6371923717921036; Val normalised RMSE (orig): 0.6202574879116147
[2025-01-20 08:32:57,330][src.models.time_varying_model][INFO] - RMSE calculation for test.
[2025-01-20 08:32:57,330][src.models.time_varying_model][INFO] - Predictions for test.
[2025-01-20 08:33:12,731][__main__][INFO] - Test normalised RMSE (all): 0.7571599579506619; Test normalised RMSE (orig): 0.5387345271619112; Test normalised RMSE (only counterfactual): 0.7154032190338171
[2025-01-20 08:33:12,792][src.models.crn][INFO] - Input size of decoder: 6
[2025-01-20 08:33:12,805][src.data.cancer_sim.dataset][INFO] - train Dataset already processed
[2025-01-20 08:33:12,806][src.data.cancer_sim.dataset][INFO] - val Dataset already processed
[2025-01-20 08:33:12,806][src.data.cancer_sim.dataset][INFO] - Processing test dataset before training
[2025-01-20 08:34:15,653][src.data.cancer_sim.dataset][INFO] - Shape of processed test data: {'cancer_volume': (548326, 65), 'chemo_application': (548326, 65), 'radio_application': (548326, 65), 'sequence_lengths': (548326,), 'patient_types': (548326,), 'patient_ids_all_trajectories': (548326,), 'patient_current_t': (548326,), 'prev_treatments': (548326, 64, 4), 'current_treatments': (548326, 64, 4), 'current_covariates': (548326, 64, 2), 'outputs': (548326, 64, 1), 'active_entries': (548326, 64, 1), 'unscaled_outputs': (548326, 64, 1), 'prev_outputs': (548326, 64, 1), 'static_features': (548326, 1)}
[2025-01-20 08:34:15,656][src.models.time_varying_model][INFO] - Balanced representations inference for train.
[2025-01-20 08:34:17,052][src.models.time_varying_model][INFO] - Balanced representations inference for val.
[2025-01-20 08:34:17,589][src.models.time_varying_model][INFO] - Balanced representations inference for test.
[2025-01-20 08:34:56,974][src.models.time_varying_model][INFO] - Predictions for test.
[2025-01-20 08:35:36,646][src.data.cancer_sim.dataset][INFO] - Processing train dataset before training (multiple sequences)
[2025-01-20 08:35:39,504][src.data.cancer_sim.dataset][INFO] - Shape of processed train data: {'init_state': (489999, 18), 'original_index': (489999,), 'active_encoder_r': (489999, 59), 'prev_treatments': (489999, 5, 4), 'current_treatments': (489999, 5, 4), 'current_covariates': (489999, 5, 2), 'prev_outputs': (489999, 5, 1), 'static_features': (489999, 1), 'outputs': (489999, 5, 1), 'sequence_lengths': (489999,), 'active_entries': (489999, 5, 1), 'unscaled_outputs': (489999, 5, 1)}
[2025-01-20 08:35:39,505][src.data.cancer_sim.dataset][INFO] - Processing val dataset before training (multiple sequences)
[2025-01-20 08:35:39,790][src.data.cancer_sim.dataset][INFO] - Shape of processed val data: {'init_state': (49683, 18), 'original_index': (49683,), 'active_encoder_r': (49683, 59), 'prev_treatments': (49683, 5, 4), 'current_treatments': (49683, 5, 4), 'current_covariates': (49683, 5, 2), 'prev_outputs': (49683, 5, 1), 'static_features': (49683, 1), 'outputs': (49683, 5, 1), 'sequence_lengths': (49683,), 'active_entries': (49683, 5, 1), 'unscaled_outputs': (49683, 5, 1)}
[2025-01-20 08:35:39,790][src.data.cancer_sim.dataset][INFO] - Processing test dataset before testing (multiple sequences)
[2025-01-20 08:35:48,359][src.data.cancer_sim.dataset][INFO] - Shape of processed test data: {'active_encoder_r': (548326, 59), 'prev_treatments': (548326, 5, 4), 'current_treatments': (548326, 5, 4), 'current_covariates': (548326, 5, 2), 'prev_outputs': (548326, 5, 1), 'static_features': (548326, 1), 'outputs': (548326, 5, 1), 'sequence_lengths': (548326,), 'active_entries': (548326, 5, 1), 'unscaled_outputs': (548326, 5, 1), 'patient_types': (548326,), 'patient_ids_all_trajectories': (548326,), 'patient_current_t': (548326,), 'init_state': (548326, 18)}
[2025-01-20 08:35:48,414][src.data.cancer_sim.dataset][INFO] - Processing test dataset before testing (autoregressive)
[2025-01-20 08:35:52,725][src.data.cancer_sim.dataset][INFO] - Shape of processed test data: {'current_covariates': (548326, 5, 2), 'prev_treatments': (548326, 5, 4), 'current_treatments': (548326, 5, 4), 'init_state': (548326, 18), 'active_encoder_r': (548326, 59), 'active_entries': (548326, 5, 1), 'prev_outputs': (548326, 5, 1), 'static_features': (548326, 1)}
[2025-01-20 09:23:05,518][src.models.time_varying_model][INFO] - RMSE calculation for val.
[2025-01-20 09:23:05,519][src.models.time_varying_model][INFO] - Predictions for val.
[2025-01-20 09:23:07,904][__main__][INFO] - Val normalised RMSE (all): 0.37438698421446315; Val normalised RMSE (orig): 0.37438698421446376
[2025-01-20 09:23:07,905][src.models.time_varying_model][INFO] - RMSE calculation for test.
[2025-01-20 09:23:07,905][src.models.time_varying_model][INFO] - Autoregressive Prediction for test.
[2025-01-20 09:23:07,908][src.models.time_varying_model][INFO] - t = 2
[2025-01-20 09:23:07,909][src.models.time_varying_model][INFO] - Predictions for test.
[2025-01-20 09:23:26,125][src.models.time_varying_model][INFO] - t = 3
[2025-01-20 09:23:26,126][src.models.time_varying_model][INFO] - Predictions for test.
[2025-01-20 09:23:44,408][src.models.time_varying_model][INFO] - t = 4
[2025-01-20 09:23:44,408][src.models.time_varying_model][INFO] - Predictions for test.
[2025-01-20 09:24:02,918][src.models.time_varying_model][INFO] - t = 5
[2025-01-20 09:24:02,919][src.models.time_varying_model][INFO] - Predictions for test.
[2025-01-20 09:24:21,513][src.models.time_varying_model][INFO] - t = 6
[2025-01-20 09:24:21,513][src.models.time_varying_model][INFO] - Predictions for test.
[2025-01-20 09:24:41,646][__main__][INFO] - Test normalised RMSE (n-step prediction): {'2-step': 0.696669325093955, '3-step': 0.7318485362069426, '4-step': 0.7786985198877814, '5-step': 0.8181365728964043, '6-step': 0.8410296670964167}
