[2025-01-30 07:47:53,980][__main__][INFO] - 
model:
  dim_treatments: 4
  dim_vitals: 0
  dim_static_features: 1
  dim_outcomes: 1
  name: CT
  multi:
    _target_: src.models.ct.CT
    max_seq_length: 65
    seq_hidden_units: 12
    br_size: 16
    fc_hidden_units: 48
    dropout_rate: 0.1
    num_layer: 1
    num_heads: 2
    max_grad_norm: null
    batch_size: 1024
    attn_dropout: true
    disable_cross_attention: false
    isolate_subnetwork: _
    self_positional_encoding:
      absolute: false
      trainable: true
      max_relative_position: 15
    optimizer:
      optimizer_cls: adam
      learning_rate: 0.02
      weight_decay: 0.0
      lr_scheduler: false
    augment_with_masked_vitals: true
    tune_hparams: false
    tune_range: 50
    hparams_grid: null
    resources_per_trial: null
  self_positional_encoding:
    max_relative_position: 15
dataset:
  val_batch_size: 512
  treatment_mode: multiclass
  _target_: src.data.SyntheticCancerDatasetCollection
  name: tumor_generator
  coeff: 6.0
  chemo_coeff: 6.0
  radio_coeff: 6.0
  seed: 10
  random: false
  noise_percentage: 0.0
  num_patients:
    train: 10000
    val: 1000
    test: 1000
  window_size: 15
  lag: 0
  max_seq_length: 60
  projection_horizon: 5
  cf_seq_mode: sliding_treatment
exp:
  seed: 10
  gpus:
  - 0
  max_epochs: 120
  logging: true
  mlflow_uri: http://127.0.0.1:5000
  unscale_rmse: true
  percentage_rmse: true
  alpha: 0.01
  update_alpha: true
  alpha_rate: exp
  initial_balancing_method: domain_confusion
  final_balancing_method: subgroup
  bce_weight: false
  weights_ema: true
  beta: 0.99
  alpha_wass: 0.1
  alpha_wass_epoch: false
  alpha_wass_growth: 0.001
  alpha_wass_max: 0.01
  balancing_switch_epoch: 99
  clustering_method: KMeans
  number_clusters: 5
  num_timepoints: 59
  gap_epoch: 10
  checkpoint_dir: ./checkpoints/cancer/ct/SGA/6

[2025-01-30 07:47:54,005][root][INFO] - Simulating initial volumes for stage I  with norm params: mu=1.72, sigma=4.7, lb=-0.6221218732608373, ub=-0.023523848418276528
[2025-01-30 07:47:54,013][root][INFO] - Simulating initial volumes for stage II  with norm params: mu=1.96, sigma=1.63, lb=-1.9410876100159118, ub=0.3711345751297772
[2025-01-30 07:47:54,015][root][INFO] - Simulating initial volumes for stage IIIA  with norm params: mu=1.91, sigma=9.4, lb=-0.33127370258786554, ub=0.06967546355973796
[2025-01-30 07:47:54,016][root][INFO] - Simulating initial volumes for stage IIIB  with norm params: mu=2.76, sigma=6.87, lb=-0.5769974969906748, ub=-0.02839165102452155
[2025-01-30 07:47:54,018][root][INFO] - Simulating initial volumes for stage IV  with norm params: mu=3.86, sigma=8.82, lb=-0.5741465764541877, ub=-0.14683113860980307
[2025-01-30 07:47:54,042][root][INFO] - Got correlated params for 4658 patients
[2025-01-30 07:47:54,047][root][INFO] - Got correlated params for 9338 patients
[2025-01-30 07:47:54,052][root][INFO] - Got correlated params for 13912 patients
[2025-01-30 07:47:54,060][root][INFO] - Simulating beta_c parameters
[2025-01-30 07:47:54,065][root][INFO] - Randomising outputs
[2025-01-30 07:48:09,179][root][INFO] - Simulating initial volumes for stage I  with norm params: mu=1.72, sigma=4.7, lb=-0.6221218732608373, ub=-0.023523848418276528
[2025-01-30 07:48:09,181][root][INFO] - Simulating initial volumes for stage II  with norm params: mu=1.96, sigma=1.63, lb=-1.9410876100159118, ub=0.3711345751297772
[2025-01-30 07:48:09,182][root][INFO] - Simulating initial volumes for stage IIIA  with norm params: mu=1.91, sigma=9.4, lb=-0.33127370258786554, ub=0.06967546355973796
[2025-01-30 07:48:09,183][root][INFO] - Simulating initial volumes for stage IIIB  with norm params: mu=2.76, sigma=6.87, lb=-0.5769974969906748, ub=-0.02839165102452155
[2025-01-30 07:48:09,184][root][INFO] - Simulating initial volumes for stage IV  with norm params: mu=3.86, sigma=8.82, lb=-0.5741465764541877, ub=-0.14683113860980307
[2025-01-30 07:48:09,186][root][INFO] - Got correlated params for 464 patients
[2025-01-30 07:48:09,187][root][INFO] - Got correlated params for 942 patients
[2025-01-30 07:48:09,188][root][INFO] - Got correlated params for 1398 patients
[2025-01-30 07:48:09,189][root][INFO] - Simulating beta_c parameters
[2025-01-30 07:48:09,190][root][INFO] - Randomising outputs
[2025-01-30 07:48:10,656][root][INFO] - Simulating initial volumes for stage I  with norm params: mu=1.72, sigma=4.7, lb=-0.6221218732608373, ub=-0.023523848418276528
[2025-01-30 07:48:10,657][root][INFO] - Simulating initial volumes for stage II  with norm params: mu=1.96, sigma=1.63, lb=-1.9410876100159118, ub=0.3711345751297772
[2025-01-30 07:48:10,657][root][INFO] - Simulating initial volumes for stage IIIA  with norm params: mu=1.91, sigma=9.4, lb=-0.33127370258786554, ub=0.06967546355973796
[2025-01-30 07:48:10,658][root][INFO] - Simulating initial volumes for stage IIIB  with norm params: mu=2.76, sigma=6.87, lb=-0.5769974969906748, ub=-0.02839165102452155
[2025-01-30 07:48:10,659][root][INFO] - Simulating initial volumes for stage IV  with norm params: mu=3.86, sigma=8.82, lb=-0.5741465764541877, ub=-0.14683113860980307
[2025-01-30 07:48:10,660][root][INFO] - Got correlated params for 491 patients
[2025-01-30 07:48:10,661][root][INFO] - Got correlated params for 936 patients
[2025-01-30 07:48:10,662][root][INFO] - Got correlated params for 1396 patients
[2025-01-30 07:48:10,663][root][INFO] - Simulating beta_c parameters
[2025-01-30 07:48:10,664][root][INFO] - Randomising outputs
[2025-01-30 07:48:16,011][root][INFO] - Simulating initial volumes for stage I  with norm params: mu=1.72, sigma=4.7, lb=-0.6221218732608373, ub=-0.023523848418276528
[2025-01-30 07:48:16,012][root][INFO] - Simulating initial volumes for stage II  with norm params: mu=1.96, sigma=1.63, lb=-1.9410876100159118, ub=0.3711345751297772
[2025-01-30 07:48:16,012][root][INFO] - Simulating initial volumes for stage IIIA  with norm params: mu=1.91, sigma=9.4, lb=-0.33127370258786554, ub=0.06967546355973796
[2025-01-30 07:48:16,013][root][INFO] - Simulating initial volumes for stage IIIB  with norm params: mu=2.76, sigma=6.87, lb=-0.5769974969906748, ub=-0.02839165102452155
[2025-01-30 07:48:16,014][root][INFO] - Simulating initial volumes for stage IV  with norm params: mu=3.86, sigma=8.82, lb=-0.5741465764541877, ub=-0.14683113860980307
[2025-01-30 07:48:16,015][root][INFO] - Got correlated params for 434 patients
[2025-01-30 07:48:16,016][root][INFO] - Got correlated params for 874 patients
[2025-01-30 07:48:16,017][root][INFO] - Got correlated params for 1357 patients
[2025-01-30 07:48:16,019][root][INFO] - Simulating beta_c parameters
[2025-01-30 07:48:16,020][root][INFO] - Randomising outputs
[2025-01-30 07:48:40,652][src.data.cancer_sim.dataset][INFO] - Processing train dataset before training
[2025-01-30 07:48:41,547][src.data.cancer_sim.dataset][INFO] - Shape of processed train data: {'cancer_volume': (10000, 60), 'chemo_dosage': (10000, 60), 'radio_dosage': (10000, 60), 'chemo_application': (10000, 60), 'radio_application': (10000, 60), 'chemo_probabilities': (10000, 60), 'radio_probabilities': (10000, 60), 'sequence_lengths': (10000,), 'death_flags': (10000, 60), 'recovery_flags': (10000, 60), 'patient_types': (10000,), 'prev_treatments': (10000, 59, 4), 'current_treatments': (10000, 59, 4), 'current_covariates': (10000, 59, 2), 'outputs': (10000, 59, 1), 'active_entries': (10000, 59, 1), 'unscaled_outputs': (10000, 59, 1), 'prev_outputs': (10000, 59, 1), 'static_features': (10000, 1)}
[2025-01-30 07:48:41,548][src.data.cancer_sim.dataset][INFO] - Processing val dataset before training
[2025-01-30 07:48:41,637][src.data.cancer_sim.dataset][INFO] - Shape of processed val data: {'cancer_volume': (1000, 60), 'chemo_dosage': (1000, 60), 'radio_dosage': (1000, 60), 'chemo_application': (1000, 60), 'radio_application': (1000, 60), 'chemo_probabilities': (1000, 60), 'radio_probabilities': (1000, 60), 'sequence_lengths': (1000,), 'death_flags': (1000, 60), 'recovery_flags': (1000, 60), 'patient_types': (1000,), 'prev_treatments': (1000, 59, 4), 'current_treatments': (1000, 59, 4), 'current_covariates': (1000, 59, 2), 'outputs': (1000, 59, 1), 'active_entries': (1000, 59, 1), 'unscaled_outputs': (1000, 59, 1), 'prev_outputs': (1000, 59, 1), 'static_features': (1000, 1)}
[2025-01-30 07:48:41,637][src.data.cancer_sim.dataset][INFO] - Processing test dataset before training
[2025-01-30 07:49:00,908][src.data.cancer_sim.dataset][INFO] - Shape of processed test data: {'cancer_volume': (224868, 60), 'chemo_application': (224868, 60), 'radio_application': (224868, 60), 'sequence_lengths': (224868,), 'patient_types': (224868,), 'prev_treatments': (224868, 59, 4), 'current_treatments': (224868, 59, 4), 'current_covariates': (224868, 59, 2), 'outputs': (224868, 59, 1), 'active_entries': (224868, 59, 1), 'unscaled_outputs': (224868, 59, 1), 'prev_outputs': (224868, 59, 1), 'static_features': (224868, 1)}
[2025-01-30 07:49:00,910][src.data.cancer_sim.dataset][INFO] - Processing test dataset before training
[2025-01-30 07:49:52,739][src.data.cancer_sim.dataset][INFO] - Shape of processed test data: {'cancer_volume': (548744, 65), 'chemo_application': (548744, 65), 'radio_application': (548744, 65), 'sequence_lengths': (548744,), 'patient_types': (548744,), 'patient_ids_all_trajectories': (548744,), 'patient_current_t': (548744,), 'prev_treatments': (548744, 64, 4), 'current_treatments': (548744, 64, 4), 'current_covariates': (548744, 64, 2), 'outputs': (548744, 64, 1), 'active_entries': (548744, 64, 1), 'unscaled_outputs': (548744, 64, 1), 'prev_outputs': (548744, 64, 1), 'static_features': (548744, 1)}
[2025-01-30 07:49:52,743][src.data.cancer_sim.dataset][INFO] - Processing test dataset before testing (multiple sequences)
[2025-01-30 07:49:59,703][src.data.cancer_sim.dataset][INFO] - Shape of processed test data: {'active_encoder_r': (548744, 59), 'prev_treatments': (548744, 5, 4), 'current_treatments': (548744, 5, 4), 'current_covariates': (548744, 5, 2), 'prev_outputs': (548744, 5, 1), 'static_features': (548744, 1), 'outputs': (548744, 5, 1), 'sequence_lengths': (548744,), 'active_entries': (548744, 5, 1), 'unscaled_outputs': (548744, 5, 1), 'patient_types': (548744,), 'patient_ids_all_trajectories': (548744,), 'patient_current_t': (548744,)}
[2025-01-30 07:50:02,374][src.models.ct][INFO] - Max input size of multi: 4
[2025-01-30 07:53:57,145][src.models.time_varying_model][INFO] - RMSE calculation for val.
[2025-01-30 07:53:57,145][src.models.time_varying_model][INFO] - Predictions for val.
[2025-01-30 07:53:57,818][__main__][INFO] - Val normalised RMSE (all): 0.6392662285140351; Val normalised RMSE (orig): 0.631536815754701
[2025-01-30 07:53:57,818][src.models.time_varying_model][INFO] - RMSE calculation for test.
[2025-01-30 07:53:57,818][src.models.time_varying_model][INFO] - Predictions for test.
[2025-01-30 07:54:13,235][__main__][INFO] - Test normalised RMSE (all): 1.9373150209464562; Test normalised RMSE (orig): 1.8768603234053831; Test normalised RMSE (only counterfactual): 2.1929649615179474
[2025-01-30 07:54:13,279][src.models.time_varying_model][INFO] - RMSE calculation for test.
[2025-01-30 07:54:13,279][src.models.ct][INFO] - Autoregressive Prediction for test.
[2025-01-30 07:54:13,282][src.models.ct][INFO] - t = 1
[2025-01-30 07:54:13,282][src.models.time_varying_model][INFO] - Predictions for test.
[2025-01-30 07:55:03,867][src.models.ct][INFO] - t = 2
[2025-01-30 07:55:03,868][src.models.time_varying_model][INFO] - Predictions for test.
[2025-01-30 07:55:53,343][src.models.ct][INFO] - t = 3
[2025-01-30 07:55:53,343][src.models.time_varying_model][INFO] - Predictions for test.
[2025-01-30 07:56:42,659][src.models.ct][INFO] - t = 4
[2025-01-30 07:56:42,660][src.models.time_varying_model][INFO] - Predictions for test.
[2025-01-30 07:57:31,995][src.models.ct][INFO] - t = 5
[2025-01-30 07:57:31,995][src.models.time_varying_model][INFO] - Predictions for test.
[2025-01-30 07:58:22,171][src.models.ct][INFO] - t = 6
[2025-01-30 07:58:22,172][src.models.time_varying_model][INFO] - Predictions for test.
[2025-01-30 07:59:12,495][__main__][INFO] - Test normalised RMSE (n-step prediction): {'2-step': 3.1576138046657833, '3-step': 3.38524320945735, '4-step': 3.46879783383301, '5-step': 3.419692249758273, '6-step': 3.206253751550169}
