[2025-01-28 20:27:10,775][__main__][INFO] - 
model:
  dim_treatments: 4
  dim_vitals: 0
  dim_static_features: 1
  dim_outcomes: 1
  name: CT
  multi:
    _target_: src.models.ct.CT
    max_seq_length: 65
    seq_hidden_units: 12
    br_size: 16
    fc_hidden_units: 48
    dropout_rate: 0.1
    num_layer: 1
    num_heads: 2
    max_grad_norm: null
    batch_size: 256
    attn_dropout: true
    disable_cross_attention: false
    isolate_subnetwork: _
    self_positional_encoding:
      absolute: false
      trainable: true
      max_relative_position: 15
    optimizer:
      optimizer_cls: adam
      learning_rate: 0.01
      weight_decay: 0.0
      lr_scheduler: false
    augment_with_masked_vitals: true
    tune_hparams: false
    tune_range: 50
    hparams_grid: null
    resources_per_trial: null
  self_positional_encoding:
    max_relative_position: 15
dataset:
  val_batch_size: 512
  treatment_mode: multiclass
  _target_: src.data.SyntheticCancerDatasetCollection
  name: tumor_generator
  coeff: 5.0
  chemo_coeff: 5.0
  radio_coeff: 5.0
  seed: 10
  random: true
  noise_percentage: 0.05
  num_patients:
    train: 10000
    val: 1000
    test: 1000
  window_size: 15
  lag: 0
  max_seq_length: 60
  projection_horizon: 5
  cf_seq_mode: sliding_treatment
exp:
  seed: 10
  gpus:
  - 0
  max_epochs: 40
  logging: true
  mlflow_uri: http://127.0.0.1:5000
  unscale_rmse: true
  percentage_rmse: true
  alpha: 0.01
  update_alpha: true
  alpha_rate: exp
  initial_balancing_method: domain_confusion
  final_balancing_method: domain_confusion
  bce_weight: false
  weights_ema: true
  beta: 0.99
  alpha_wass: 0.0001
  alpha_wass_epoch: false
  alpha_wass_growth: 0.001
  alpha_wass_max: 0.01
  balancing_switch_epoch: 39
  clustering_method: GMM
  number_clusters: 2
  num_timepoints: 59
  gap_epoch: 60
  checkpoint_dir: ./checkpoints/cancer/ct/random/5

[2025-01-28 20:27:10,802][root][INFO] - Simulating initial volumes for stage I  with norm params: mu=1.72, sigma=4.7, lb=-0.6221218732608373, ub=-0.023523848418276528
[2025-01-28 20:27:10,811][root][INFO] - Simulating initial volumes for stage II  with norm params: mu=1.96, sigma=1.63, lb=-1.9410876100159118, ub=0.3711345751297772
[2025-01-28 20:27:10,812][root][INFO] - Simulating initial volumes for stage IIIA  with norm params: mu=1.91, sigma=9.4, lb=-0.33127370258786554, ub=0.06967546355973796
[2025-01-28 20:27:10,813][root][INFO] - Simulating initial volumes for stage IIIB  with norm params: mu=2.76, sigma=6.87, lb=-0.5769974969906748, ub=-0.02839165102452155
[2025-01-28 20:27:10,816][root][INFO] - Simulating initial volumes for stage IV  with norm params: mu=3.86, sigma=8.82, lb=-0.5741465764541877, ub=-0.14683113860980307
[2025-01-28 20:27:10,840][root][INFO] - Got correlated params for 4658 patients
[2025-01-28 20:27:10,845][root][INFO] - Got correlated params for 9338 patients
[2025-01-28 20:27:10,850][root][INFO] - Got correlated params for 13912 patients
[2025-01-28 20:27:10,858][root][INFO] - Simulating beta_c parameters
[2025-01-28 20:27:10,863][root][INFO] - Randomising outputs
[2025-01-28 20:27:26,729][src.data.cancer_sim.dataset][INFO] - Processing train dataset before training
[2025-01-28 20:27:27,637][src.data.cancer_sim.dataset][INFO] - Shape of processed train data: {'cancer_volume': (10000, 60), 'chemo_dosage': (10000, 60), 'radio_dosage': (10000, 60), 'chemo_application': (10000, 60), 'radio_application': (10000, 60), 'chemo_probabilities': (10000, 60), 'radio_probabilities': (10000, 60), 'sequence_lengths': (10000,), 'death_flags': (10000, 60), 'recovery_flags': (10000, 60), 'patient_types': (10000,), 'prev_treatments': (10000, 59, 4), 'current_treatments': (10000, 59, 4), 'current_covariates': (10000, 59, 2), 'outputs': (10000, 59, 1), 'active_entries': (10000, 59, 1), 'unscaled_outputs': (10000, 59, 1), 'prev_outputs': (10000, 59, 1), 'static_features': (10000, 1)}
[2025-01-28 20:27:27,688][root][INFO] - Simulating initial volumes for stage I  with norm params: mu=1.72, sigma=4.7, lb=-0.6221218732608373, ub=-0.023523848418276528
[2025-01-28 20:27:27,689][root][INFO] - Simulating initial volumes for stage II  with norm params: mu=1.96, sigma=1.63, lb=-1.9410876100159118, ub=0.3711345751297772
[2025-01-28 20:27:27,689][root][INFO] - Simulating initial volumes for stage IIIA  with norm params: mu=1.91, sigma=9.4, lb=-0.33127370258786554, ub=0.06967546355973796
[2025-01-28 20:27:27,690][root][INFO] - Simulating initial volumes for stage IIIB  with norm params: mu=2.76, sigma=6.87, lb=-0.5769974969906748, ub=-0.02839165102452155
[2025-01-28 20:27:27,691][root][INFO] - Simulating initial volumes for stage IV  with norm params: mu=3.86, sigma=8.82, lb=-0.5741465764541877, ub=-0.14683113860980307
[2025-01-28 20:27:27,693][root][INFO] - Got correlated params for 455 patients
[2025-01-28 20:27:27,694][root][INFO] - Got correlated params for 905 patients
[2025-01-28 20:27:27,695][root][INFO] - Got correlated params for 1366 patients
[2025-01-28 20:27:27,696][root][INFO] - Simulating beta_c parameters
[2025-01-28 20:27:27,696][root][INFO] - Randomising outputs
[2025-01-28 20:27:29,240][root][INFO] - Simulating initial volumes for stage I  with norm params: mu=1.72, sigma=4.7, lb=-0.6221218732608373, ub=-0.023523848418276528
[2025-01-28 20:27:29,241][root][INFO] - Simulating initial volumes for stage II  with norm params: mu=1.96, sigma=1.63, lb=-1.9410876100159118, ub=0.3711345751297772
[2025-01-28 20:27:29,241][root][INFO] - Simulating initial volumes for stage IIIA  with norm params: mu=1.91, sigma=9.4, lb=-0.33127370258786554, ub=0.06967546355973796
[2025-01-28 20:27:29,242][root][INFO] - Simulating initial volumes for stage IIIB  with norm params: mu=2.76, sigma=6.87, lb=-0.5769974969906748, ub=-0.02839165102452155
[2025-01-28 20:27:29,243][root][INFO] - Simulating initial volumes for stage IV  with norm params: mu=3.86, sigma=8.82, lb=-0.5741465764541877, ub=-0.14683113860980307
[2025-01-28 20:27:29,244][root][INFO] - Got correlated params for 493 patients
[2025-01-28 20:27:29,245][root][INFO] - Got correlated params for 947 patients
[2025-01-28 20:27:29,246][root][INFO] - Got correlated params for 1403 patients
[2025-01-28 20:27:29,247][root][INFO] - Simulating beta_c parameters
[2025-01-28 20:27:29,248][root][INFO] - Randomising outputs
[2025-01-28 20:27:34,511][root][INFO] - Simulating initial volumes for stage I  with norm params: mu=1.72, sigma=4.7, lb=-0.6221218732608373, ub=-0.023523848418276528
[2025-01-28 20:27:34,512][root][INFO] - Simulating initial volumes for stage II  with norm params: mu=1.96, sigma=1.63, lb=-1.9410876100159118, ub=0.3711345751297772
[2025-01-28 20:27:34,513][root][INFO] - Simulating initial volumes for stage IIIA  with norm params: mu=1.91, sigma=9.4, lb=-0.33127370258786554, ub=0.06967546355973796
[2025-01-28 20:27:34,514][root][INFO] - Simulating initial volumes for stage IIIB  with norm params: mu=2.76, sigma=6.87, lb=-0.5769974969906748, ub=-0.02839165102452155
[2025-01-28 20:27:34,514][root][INFO] - Simulating initial volumes for stage IV  with norm params: mu=3.86, sigma=8.82, lb=-0.5741465764541877, ub=-0.14683113860980307
[2025-01-28 20:27:34,516][root][INFO] - Got correlated params for 445 patients
[2025-01-28 20:27:34,517][root][INFO] - Got correlated params for 895 patients
[2025-01-28 20:27:34,518][root][INFO] - Got correlated params for 1355 patients
[2025-01-28 20:27:34,519][root][INFO] - Simulating beta_c parameters
[2025-01-28 20:27:34,520][root][INFO] - Randomising outputs
[2025-01-28 20:28:00,373][src.data.cancer_sim.dataset][INFO] - train Dataset already processed
[2025-01-28 20:28:00,373][src.data.cancer_sim.dataset][INFO] - Processing val dataset before training
[2025-01-28 20:28:00,465][src.data.cancer_sim.dataset][INFO] - Shape of processed val data: {'cancer_volume': (1000, 60), 'chemo_dosage': (1000, 60), 'radio_dosage': (1000, 60), 'chemo_application': (1000, 60), 'radio_application': (1000, 60), 'chemo_probabilities': (1000, 60), 'radio_probabilities': (1000, 60), 'sequence_lengths': (1000,), 'death_flags': (1000, 60), 'recovery_flags': (1000, 60), 'patient_types': (1000,), 'prev_treatments': (1000, 59, 4), 'current_treatments': (1000, 59, 4), 'current_covariates': (1000, 59, 2), 'outputs': (1000, 59, 1), 'active_entries': (1000, 59, 1), 'unscaled_outputs': (1000, 59, 1), 'prev_outputs': (1000, 59, 1), 'static_features': (1000, 1)}
[2025-01-28 20:28:00,465][src.data.cancer_sim.dataset][INFO] - Processing test dataset before training
[2025-01-28 20:28:19,941][src.data.cancer_sim.dataset][INFO] - Shape of processed test data: {'cancer_volume': (215732, 60), 'chemo_application': (215732, 60), 'radio_application': (215732, 60), 'sequence_lengths': (215732,), 'patient_types': (215732,), 'prev_treatments': (215732, 59, 4), 'current_treatments': (215732, 59, 4), 'current_covariates': (215732, 59, 2), 'outputs': (215732, 59, 1), 'active_entries': (215732, 59, 1), 'unscaled_outputs': (215732, 59, 1), 'prev_outputs': (215732, 59, 1), 'static_features': (215732, 1)}
[2025-01-28 20:28:19,943][src.data.cancer_sim.dataset][INFO] - Processing test dataset before training
[2025-01-28 20:29:14,236][src.data.cancer_sim.dataset][INFO] - Shape of processed test data: {'cancer_volume': (576490, 65), 'chemo_application': (576490, 65), 'radio_application': (576490, 65), 'sequence_lengths': (576490,), 'patient_types': (576490,), 'patient_ids_all_trajectories': (576490,), 'patient_current_t': (576490,), 'prev_treatments': (576490, 64, 4), 'current_treatments': (576490, 64, 4), 'current_covariates': (576490, 64, 2), 'outputs': (576490, 64, 1), 'active_entries': (576490, 64, 1), 'unscaled_outputs': (576490, 64, 1), 'prev_outputs': (576490, 64, 1), 'static_features': (576490, 1)}
[2025-01-28 20:29:14,240][src.data.cancer_sim.dataset][INFO] - Processing test dataset before testing (multiple sequences)
[2025-01-28 20:29:21,357][src.data.cancer_sim.dataset][INFO] - Shape of processed test data: {'active_encoder_r': (576490, 59), 'prev_treatments': (576490, 5, 4), 'current_treatments': (576490, 5, 4), 'current_covariates': (576490, 5, 2), 'prev_outputs': (576490, 5, 1), 'static_features': (576490, 1), 'outputs': (576490, 5, 1), 'sequence_lengths': (576490,), 'active_entries': (576490, 5, 1), 'unscaled_outputs': (576490, 5, 1), 'patient_types': (576490,), 'patient_ids_all_trajectories': (576490,), 'patient_current_t': (576490,)}
[2025-01-28 20:29:23,971][src.models.ct][INFO] - Max input size of multi: 4
[2025-01-28 20:31:42,569][src.models.time_varying_model][INFO] - RMSE calculation for val.
[2025-01-28 20:31:42,569][src.models.time_varying_model][INFO] - Predictions for val.
[2025-01-28 20:31:43,285][__main__][INFO] - Val normalised RMSE (all): 0.6144981112518582; Val normalised RMSE (orig): 0.609255341087729
[2025-01-28 20:31:43,285][src.models.time_varying_model][INFO] - RMSE calculation for test.
[2025-01-28 20:31:43,285][src.models.time_varying_model][INFO] - Predictions for test.
[2025-01-28 20:31:58,535][__main__][INFO] - Test normalised RMSE (all): 1.4377426114198497; Test normalised RMSE (orig): 1.1894835598912568; Test normalised RMSE (only counterfactual): 1.3411629578125033
[2025-01-28 20:31:58,578][src.models.time_varying_model][INFO] - RMSE calculation for test.
[2025-01-28 20:31:58,579][src.models.ct][INFO] - Autoregressive Prediction for test.
[2025-01-28 20:31:58,579][src.models.ct][INFO] - t = 1
[2025-01-28 20:31:58,579][src.models.time_varying_model][INFO] - Predictions for test.
[2025-01-28 20:32:51,287][src.models.ct][INFO] - t = 2
[2025-01-28 20:32:51,288][src.models.time_varying_model][INFO] - Predictions for test.
[2025-01-28 20:33:44,119][src.models.ct][INFO] - t = 3
[2025-01-28 20:33:44,120][src.models.time_varying_model][INFO] - Predictions for test.
[2025-01-28 20:34:36,212][src.models.ct][INFO] - t = 4
[2025-01-28 20:34:36,212][src.models.time_varying_model][INFO] - Predictions for test.
[2025-01-28 20:35:28,650][src.models.ct][INFO] - t = 5
[2025-01-28 20:35:28,650][src.models.time_varying_model][INFO] - Predictions for test.
[2025-01-28 20:36:21,261][src.models.ct][INFO] - t = 6
[2025-01-28 20:36:21,261][src.models.time_varying_model][INFO] - Predictions for test.
[2025-01-28 20:37:14,980][__main__][INFO] - Test normalised RMSE (n-step prediction): {'2-step': 1.0365912219197633, '3-step': 1.171319380963798, '4-step': 1.267763877100243, '5-step': 1.3266240427104272, '6-step': 1.343532574371275}
