[2025-01-30 02:57:09,210][__main__][INFO] - 
model:
  dim_treatments: 4
  dim_vitals: 0
  dim_static_features: 1
  dim_outcomes: 1
  name: CRN
  encoder:
    _target_: src.models.crn.CRNEncoder
    seq_hidden_units: 24
    br_size: 24
    fc_hidden_units: 96
    dropout_rate: 0.2
    num_layer: 1
    batch_size: 64
    optimizer:
      optimizer_cls: adam
      learning_rate: 0.001
      weight_decay: 0.0
      lr_scheduler: false
    tune_hparams: false
    tune_range: 50
    hparams_grid: null
    resources_per_trial: null
  train_decoder: true
  decoder:
    _target_: src.models.crn.CRNDecoder
    seq_hidden_units: null
    br_size: 24
    fc_hidden_units: 12
    dropout_rate: 0.1
    num_layer: 1
    batch_size: 1024
    optimizer:
      optimizer_cls: adam
      learning_rate: 0.001
      weight_decay: 0.0
      lr_scheduler: false
    tune_hparams: false
    tune_range: 30
    hparams_grid: null
    resources_per_trial: null
dataset:
  val_batch_size: 512
  treatment_mode: multiclass
  _target_: src.data.SyntheticCancerDatasetCollection
  name: tumor_generator
  coeff: 6.0
  chemo_coeff: 6.0
  radio_coeff: 6.0
  seed: 10
  random: false
  noise_percentage: 0.0
  num_patients:
    train: 10000
    val: 1000
    test: 1000
  window_size: 15
  lag: 0
  max_seq_length: 60
  projection_horizon: 5
  cf_seq_mode: sliding_treatment
exp:
  seed: 10
  gpus:
  - 0
  max_epochs: 101
  logging: true
  mlflow_uri: http://127.0.0.1:5000
  unscale_rmse: true
  percentage_rmse: true
  alpha: 0.01
  update_alpha: true
  alpha_rate: exp
  initial_balancing_method: grad_reverse
  final_balancing_method: subgroup
  bce_weight: false
  weights_ema: false
  beta: 0.99
  alpha_wass: 10000
  alpha_wass_epoch: false
  alpha_wass_growth: 0.001
  alpha_wass_max: 0.01
  balancing: grad_reverse
  balancing_switch_epoch: 99
  gap_epoch: 1
  clustering_method: GMM
  number_clusters: 3
  num_timepoints: 59
  checkpoint_dir: ./checkpoints/cancer/crn/SGA/6

[2025-01-30 02:57:09,233][root][INFO] - Simulating initial volumes for stage I  with norm params: mu=1.72, sigma=4.7, lb=-0.6221218732608373, ub=-0.023523848418276528
[2025-01-30 02:57:09,240][root][INFO] - Simulating initial volumes for stage II  with norm params: mu=1.96, sigma=1.63, lb=-1.9410876100159118, ub=0.3711345751297772
[2025-01-30 02:57:09,241][root][INFO] - Simulating initial volumes for stage IIIA  with norm params: mu=1.91, sigma=9.4, lb=-0.33127370258786554, ub=0.06967546355973796
[2025-01-30 02:57:09,242][root][INFO] - Simulating initial volumes for stage IIIB  with norm params: mu=2.76, sigma=6.87, lb=-0.5769974969906748, ub=-0.02839165102452155
[2025-01-30 02:57:09,244][root][INFO] - Simulating initial volumes for stage IV  with norm params: mu=3.86, sigma=8.82, lb=-0.5741465764541877, ub=-0.14683113860980307
[2025-01-30 02:57:09,268][root][INFO] - Got correlated params for 4658 patients
[2025-01-30 02:57:09,273][root][INFO] - Got correlated params for 9338 patients
[2025-01-30 02:57:09,278][root][INFO] - Got correlated params for 13912 patients
[2025-01-30 02:57:09,286][root][INFO] - Simulating beta_c parameters
[2025-01-30 02:57:09,291][root][INFO] - Randomising outputs
[2025-01-30 02:57:09,543][__main__][INFO] - 
model:
  dim_treatments: 4
  dim_vitals: 0
  dim_static_features: 1
  dim_outcomes: 1
  name: CRN
  encoder:
    _target_: src.models.crn.CRNEncoder
    seq_hidden_units: 24
    br_size: 24
    fc_hidden_units: 96
    dropout_rate: 0.2
    num_layer: 1
    batch_size: 64
    optimizer:
      optimizer_cls: adam
      learning_rate: 0.001
      weight_decay: 0.0
      lr_scheduler: false
    tune_hparams: false
    tune_range: 50
    hparams_grid: null
    resources_per_trial: null
  train_decoder: true
  decoder:
    _target_: src.models.crn.CRNDecoder
    seq_hidden_units: null
    br_size: 24
    fc_hidden_units: 12
    dropout_rate: 0.1
    num_layer: 1
    batch_size: 1024
    optimizer:
      optimizer_cls: adam
      learning_rate: 0.001
      weight_decay: 0.0
      lr_scheduler: false
    tune_hparams: false
    tune_range: 30
    hparams_grid: null
    resources_per_trial: null
dataset:
  val_batch_size: 512
  treatment_mode: multiclass
  _target_: src.data.SyntheticCancerDatasetCollection
  name: tumor_generator
  coeff: 6.0
  chemo_coeff: 6.0
  radio_coeff: 6.0
  seed: 10
  random: false
  noise_percentage: 0.0
  num_patients:
    train: 10000
    val: 1000
    test: 1000
  window_size: 15
  lag: 0
  max_seq_length: 60
  projection_horizon: 5
  cf_seq_mode: sliding_treatment
exp:
  seed: 10
  gpus:
  - 0
  max_epochs: 101
  logging: true
  mlflow_uri: http://127.0.0.1:5000
  unscale_rmse: true
  percentage_rmse: true
  alpha: 0.01
  update_alpha: true
  alpha_rate: exp
  initial_balancing_method: grad_reverse
  final_balancing_method: subgroup
  bce_weight: false
  weights_ema: false
  beta: 0.99
  alpha_wass: 10000
  alpha_wass_epoch: false
  alpha_wass_growth: 0.001
  alpha_wass_max: 0.01
  balancing: grad_reverse
  balancing_switch_epoch: 99
  gap_epoch: 1
  clustering_method: KMeans
  number_clusters: 3
  num_timepoints: 59
  checkpoint_dir: ./checkpoints/cancer/crn/SGA/6

[2025-01-30 02:57:09,552][root][INFO] - Simulating initial volumes for stage I  with norm params: mu=1.72, sigma=4.7, lb=-0.6221218732608373, ub=-0.023523848418276528
[2025-01-30 02:57:09,554][root][INFO] - Simulating initial volumes for stage II  with norm params: mu=1.96, sigma=1.63, lb=-1.9410876100159118, ub=0.3711345751297772
[2025-01-30 02:57:09,555][root][INFO] - Simulating initial volumes for stage IIIA  with norm params: mu=1.91, sigma=9.4, lb=-0.33127370258786554, ub=0.06967546355973796
[2025-01-30 02:57:09,555][root][INFO] - Simulating initial volumes for stage IIIB  with norm params: mu=2.76, sigma=6.87, lb=-0.5769974969906748, ub=-0.02839165102452155
[2025-01-30 02:57:09,558][root][INFO] - Simulating initial volumes for stage IV  with norm params: mu=3.86, sigma=8.82, lb=-0.5741465764541877, ub=-0.14683113860980307
[2025-01-30 02:57:09,567][root][INFO] - Got correlated params for 4658 patients
[2025-01-30 02:57:09,571][root][INFO] - Got correlated params for 9338 patients
[2025-01-30 02:57:09,576][root][INFO] - Got correlated params for 13912 patients
[2025-01-30 02:57:09,583][root][INFO] - Simulating beta_c parameters
[2025-01-30 02:57:09,588][root][INFO] - Randomising outputs
[2025-01-30 02:57:24,708][root][INFO] - Simulating initial volumes for stage I  with norm params: mu=1.72, sigma=4.7, lb=-0.6221218732608373, ub=-0.023523848418276528
[2025-01-30 02:57:24,711][root][INFO] - Simulating initial volumes for stage II  with norm params: mu=1.96, sigma=1.63, lb=-1.9410876100159118, ub=0.3711345751297772
[2025-01-30 02:57:24,711][root][INFO] - Simulating initial volumes for stage IIIA  with norm params: mu=1.91, sigma=9.4, lb=-0.33127370258786554, ub=0.06967546355973796
[2025-01-30 02:57:24,712][root][INFO] - Simulating initial volumes for stage IIIB  with norm params: mu=2.76, sigma=6.87, lb=-0.5769974969906748, ub=-0.02839165102452155
[2025-01-30 02:57:24,713][root][INFO] - Simulating initial volumes for stage IV  with norm params: mu=3.86, sigma=8.82, lb=-0.5741465764541877, ub=-0.14683113860980307
[2025-01-30 02:57:24,715][root][INFO] - Got correlated params for 464 patients
[2025-01-30 02:57:24,716][root][INFO] - Got correlated params for 942 patients
[2025-01-30 02:57:24,717][root][INFO] - Got correlated params for 1398 patients
[2025-01-30 02:57:24,718][root][INFO] - Simulating beta_c parameters
[2025-01-30 02:57:24,719][root][INFO] - Randomising outputs
[2025-01-30 02:57:26,199][root][INFO] - Simulating initial volumes for stage I  with norm params: mu=1.72, sigma=4.7, lb=-0.6221218732608373, ub=-0.023523848418276528
[2025-01-30 02:57:26,199][root][INFO] - Simulating initial volumes for stage II  with norm params: mu=1.96, sigma=1.63, lb=-1.9410876100159118, ub=0.3711345751297772
[2025-01-30 02:57:26,200][root][INFO] - Simulating initial volumes for stage IIIA  with norm params: mu=1.91, sigma=9.4, lb=-0.33127370258786554, ub=0.06967546355973796
[2025-01-30 02:57:26,201][root][INFO] - Simulating initial volumes for stage IIIB  with norm params: mu=2.76, sigma=6.87, lb=-0.5769974969906748, ub=-0.02839165102452155
[2025-01-30 02:57:26,201][root][INFO] - Simulating initial volumes for stage IV  with norm params: mu=3.86, sigma=8.82, lb=-0.5741465764541877, ub=-0.14683113860980307
[2025-01-30 02:57:26,203][root][INFO] - Got correlated params for 491 patients
[2025-01-30 02:57:26,204][root][INFO] - Got correlated params for 936 patients
[2025-01-30 02:57:26,205][root][INFO] - Got correlated params for 1396 patients
[2025-01-30 02:57:26,206][root][INFO] - Simulating beta_c parameters
[2025-01-30 02:57:26,207][root][INFO] - Randomising outputs
[2025-01-30 02:57:27,177][root][INFO] - Simulating initial volumes for stage I  with norm params: mu=1.72, sigma=4.7, lb=-0.6221218732608373, ub=-0.023523848418276528
[2025-01-30 02:57:27,179][root][INFO] - Simulating initial volumes for stage II  with norm params: mu=1.96, sigma=1.63, lb=-1.9410876100159118, ub=0.3711345751297772
[2025-01-30 02:57:27,179][root][INFO] - Simulating initial volumes for stage IIIA  with norm params: mu=1.91, sigma=9.4, lb=-0.33127370258786554, ub=0.06967546355973796
[2025-01-30 02:57:27,180][root][INFO] - Simulating initial volumes for stage IIIB  with norm params: mu=2.76, sigma=6.87, lb=-0.5769974969906748, ub=-0.02839165102452155
[2025-01-30 02:57:27,181][root][INFO] - Simulating initial volumes for stage IV  with norm params: mu=3.86, sigma=8.82, lb=-0.5741465764541877, ub=-0.14683113860980307
[2025-01-30 02:57:27,183][root][INFO] - Got correlated params for 464 patients
[2025-01-30 02:57:27,184][root][INFO] - Got correlated params for 942 patients
[2025-01-30 02:57:27,185][root][INFO] - Got correlated params for 1398 patients
[2025-01-30 02:57:27,186][root][INFO] - Simulating beta_c parameters
[2025-01-30 02:57:27,187][root][INFO] - Randomising outputs
[2025-01-30 02:57:28,923][root][INFO] - Simulating initial volumes for stage I  with norm params: mu=1.72, sigma=4.7, lb=-0.6221218732608373, ub=-0.023523848418276528
[2025-01-30 02:57:28,924][root][INFO] - Simulating initial volumes for stage II  with norm params: mu=1.96, sigma=1.63, lb=-1.9410876100159118, ub=0.3711345751297772
[2025-01-30 02:57:28,925][root][INFO] - Simulating initial volumes for stage IIIA  with norm params: mu=1.91, sigma=9.4, lb=-0.33127370258786554, ub=0.06967546355973796
[2025-01-30 02:57:28,925][root][INFO] - Simulating initial volumes for stage IIIB  with norm params: mu=2.76, sigma=6.87, lb=-0.5769974969906748, ub=-0.02839165102452155
[2025-01-30 02:57:28,926][root][INFO] - Simulating initial volumes for stage IV  with norm params: mu=3.86, sigma=8.82, lb=-0.5741465764541877, ub=-0.14683113860980307
[2025-01-30 02:57:28,928][root][INFO] - Got correlated params for 491 patients
[2025-01-30 02:57:28,928][root][INFO] - Got correlated params for 936 patients
[2025-01-30 02:57:28,929][root][INFO] - Got correlated params for 1396 patients
[2025-01-30 02:57:28,930][root][INFO] - Simulating beta_c parameters
[2025-01-30 02:57:28,931][root][INFO] - Randomising outputs
[2025-01-30 02:57:31,638][root][INFO] - Simulating initial volumes for stage I  with norm params: mu=1.72, sigma=4.7, lb=-0.6221218732608373, ub=-0.023523848418276528
[2025-01-30 02:57:31,639][root][INFO] - Simulating initial volumes for stage II  with norm params: mu=1.96, sigma=1.63, lb=-1.9410876100159118, ub=0.3711345751297772
[2025-01-30 02:57:31,639][root][INFO] - Simulating initial volumes for stage IIIA  with norm params: mu=1.91, sigma=9.4, lb=-0.33127370258786554, ub=0.06967546355973796
[2025-01-30 02:57:31,640][root][INFO] - Simulating initial volumes for stage IIIB  with norm params: mu=2.76, sigma=6.87, lb=-0.5769974969906748, ub=-0.02839165102452155
[2025-01-30 02:57:31,641][root][INFO] - Simulating initial volumes for stage IV  with norm params: mu=3.86, sigma=8.82, lb=-0.5741465764541877, ub=-0.14683113860980307
[2025-01-30 02:57:31,642][root][INFO] - Got correlated params for 434 patients
[2025-01-30 02:57:31,643][root][INFO] - Got correlated params for 874 patients
[2025-01-30 02:57:31,644][root][INFO] - Got correlated params for 1357 patients
[2025-01-30 02:57:31,645][root][INFO] - Simulating beta_c parameters
[2025-01-30 02:57:31,646][root][INFO] - Randomising outputs
[2025-01-30 02:57:35,482][root][INFO] - Simulating initial volumes for stage I  with norm params: mu=1.72, sigma=4.7, lb=-0.6221218732608373, ub=-0.023523848418276528
[2025-01-30 02:57:35,484][root][INFO] - Simulating initial volumes for stage II  with norm params: mu=1.96, sigma=1.63, lb=-1.9410876100159118, ub=0.3711345751297772
[2025-01-30 02:57:35,485][root][INFO] - Simulating initial volumes for stage IIIA  with norm params: mu=1.91, sigma=9.4, lb=-0.33127370258786554, ub=0.06967546355973796
[2025-01-30 02:57:35,485][root][INFO] - Simulating initial volumes for stage IIIB  with norm params: mu=2.76, sigma=6.87, lb=-0.5769974969906748, ub=-0.02839165102452155
[2025-01-30 02:57:35,486][root][INFO] - Simulating initial volumes for stage IV  with norm params: mu=3.86, sigma=8.82, lb=-0.5741465764541877, ub=-0.14683113860980307
[2025-01-30 02:57:35,488][root][INFO] - Got correlated params for 434 patients
[2025-01-30 02:57:35,489][root][INFO] - Got correlated params for 874 patients
[2025-01-30 02:57:35,490][root][INFO] - Got correlated params for 1357 patients
[2025-01-30 02:57:35,491][root][INFO] - Simulating beta_c parameters
[2025-01-30 02:57:35,492][root][INFO] - Randomising outputs
[2025-01-30 02:57:55,972][src.data.cancer_sim.dataset][INFO] - Processing train dataset before training
[2025-01-30 02:57:56,859][src.data.cancer_sim.dataset][INFO] - Shape of processed train data: {'cancer_volume': (10000, 60), 'chemo_dosage': (10000, 60), 'radio_dosage': (10000, 60), 'chemo_application': (10000, 60), 'radio_application': (10000, 60), 'chemo_probabilities': (10000, 60), 'radio_probabilities': (10000, 60), 'sequence_lengths': (10000,), 'death_flags': (10000, 60), 'recovery_flags': (10000, 60), 'patient_types': (10000,), 'prev_treatments': (10000, 59, 4), 'current_treatments': (10000, 59, 4), 'current_covariates': (10000, 59, 2), 'outputs': (10000, 59, 1), 'active_entries': (10000, 59, 1), 'unscaled_outputs': (10000, 59, 1), 'prev_outputs': (10000, 59, 1), 'static_features': (10000, 1)}
[2025-01-30 02:57:56,860][src.data.cancer_sim.dataset][INFO] - Processing val dataset before training
[2025-01-30 02:57:56,949][src.data.cancer_sim.dataset][INFO] - Shape of processed val data: {'cancer_volume': (1000, 60), 'chemo_dosage': (1000, 60), 'radio_dosage': (1000, 60), 'chemo_application': (1000, 60), 'radio_application': (1000, 60), 'chemo_probabilities': (1000, 60), 'radio_probabilities': (1000, 60), 'sequence_lengths': (1000,), 'death_flags': (1000, 60), 'recovery_flags': (1000, 60), 'patient_types': (1000,), 'prev_treatments': (1000, 59, 4), 'current_treatments': (1000, 59, 4), 'current_covariates': (1000, 59, 2), 'outputs': (1000, 59, 1), 'active_entries': (1000, 59, 1), 'unscaled_outputs': (1000, 59, 1), 'prev_outputs': (1000, 59, 1), 'static_features': (1000, 1)}
[2025-01-30 02:57:56,949][src.data.cancer_sim.dataset][INFO] - Processing test dataset before training
[2025-01-30 02:58:04,479][src.data.cancer_sim.dataset][INFO] - Processing train dataset before training
[2025-01-30 02:58:05,371][src.data.cancer_sim.dataset][INFO] - Shape of processed train data: {'cancer_volume': (10000, 60), 'chemo_dosage': (10000, 60), 'radio_dosage': (10000, 60), 'chemo_application': (10000, 60), 'radio_application': (10000, 60), 'chemo_probabilities': (10000, 60), 'radio_probabilities': (10000, 60), 'sequence_lengths': (10000,), 'death_flags': (10000, 60), 'recovery_flags': (10000, 60), 'patient_types': (10000,), 'prev_treatments': (10000, 59, 4), 'current_treatments': (10000, 59, 4), 'current_covariates': (10000, 59, 2), 'outputs': (10000, 59, 1), 'active_entries': (10000, 59, 1), 'unscaled_outputs': (10000, 59, 1), 'prev_outputs': (10000, 59, 1), 'static_features': (10000, 1)}
[2025-01-30 02:58:05,371][src.data.cancer_sim.dataset][INFO] - Processing val dataset before training
[2025-01-30 02:58:05,462][src.data.cancer_sim.dataset][INFO] - Shape of processed val data: {'cancer_volume': (1000, 60), 'chemo_dosage': (1000, 60), 'radio_dosage': (1000, 60), 'chemo_application': (1000, 60), 'radio_application': (1000, 60), 'chemo_probabilities': (1000, 60), 'radio_probabilities': (1000, 60), 'sequence_lengths': (1000,), 'death_flags': (1000, 60), 'recovery_flags': (1000, 60), 'patient_types': (1000,), 'prev_treatments': (1000, 59, 4), 'current_treatments': (1000, 59, 4), 'current_covariates': (1000, 59, 2), 'outputs': (1000, 59, 1), 'active_entries': (1000, 59, 1), 'unscaled_outputs': (1000, 59, 1), 'prev_outputs': (1000, 59, 1), 'static_features': (1000, 1)}
[2025-01-30 02:58:05,463][src.data.cancer_sim.dataset][INFO] - Processing test dataset before training
[2025-01-30 02:58:16,227][src.data.cancer_sim.dataset][INFO] - Shape of processed test data: {'cancer_volume': (224868, 60), 'chemo_application': (224868, 60), 'radio_application': (224868, 60), 'sequence_lengths': (224868,), 'patient_types': (224868,), 'prev_treatments': (224868, 59, 4), 'current_treatments': (224868, 59, 4), 'current_covariates': (224868, 59, 2), 'outputs': (224868, 59, 1), 'active_entries': (224868, 59, 1), 'unscaled_outputs': (224868, 59, 1), 'prev_outputs': (224868, 59, 1), 'static_features': (224868, 1)}
[2025-01-30 02:58:16,815][src.models.crn][INFO] - Input size of encoder: 6
[2025-01-30 02:58:25,305][src.data.cancer_sim.dataset][INFO] - Shape of processed test data: {'cancer_volume': (224868, 60), 'chemo_application': (224868, 60), 'radio_application': (224868, 60), 'sequence_lengths': (224868,), 'patient_types': (224868,), 'prev_treatments': (224868, 59, 4), 'current_treatments': (224868, 59, 4), 'current_covariates': (224868, 59, 2), 'outputs': (224868, 59, 1), 'active_entries': (224868, 59, 1), 'unscaled_outputs': (224868, 59, 1), 'prev_outputs': (224868, 59, 1), 'static_features': (224868, 1)}
[2025-01-30 02:58:25,745][src.models.crn][INFO] - Input size of encoder: 6
[2025-01-30 03:06:43,806][src.models.time_varying_model][INFO] - RMSE calculation for val.
[2025-01-30 03:06:43,808][src.models.time_varying_model][INFO] - Predictions for val.
[2025-01-30 03:06:44,474][__main__][INFO] - Val normalised RMSE (all): 2.170950779180057; Val normalised RMSE (orig): 2.143334189381385
[2025-01-30 03:06:44,474][src.models.time_varying_model][INFO] - RMSE calculation for test.
[2025-01-30 03:06:44,474][src.models.time_varying_model][INFO] - Predictions for test.
[2025-01-30 03:07:00,217][__main__][INFO] - Test normalised RMSE (all): 8.08797480589489; Test normalised RMSE (orig): 7.097588256737845; Test normalised RMSE (only counterfactual): 6.173474943779419
[2025-01-30 03:07:00,300][src.models.crn][INFO] - Input size of decoder: 6
[2025-01-30 03:07:00,317][src.data.cancer_sim.dataset][INFO] - train Dataset already processed
[2025-01-30 03:07:00,318][src.data.cancer_sim.dataset][INFO] - val Dataset already processed
[2025-01-30 03:07:00,318][src.data.cancer_sim.dataset][INFO] - Processing test dataset before training
[2025-01-30 03:07:52,439][src.data.cancer_sim.dataset][INFO] - Shape of processed test data: {'cancer_volume': (548744, 65), 'chemo_application': (548744, 65), 'radio_application': (548744, 65), 'sequence_lengths': (548744,), 'patient_types': (548744,), 'patient_ids_all_trajectories': (548744,), 'patient_current_t': (548744,), 'prev_treatments': (548744, 64, 4), 'current_treatments': (548744, 64, 4), 'current_covariates': (548744, 64, 2), 'outputs': (548744, 64, 1), 'active_entries': (548744, 64, 1), 'unscaled_outputs': (548744, 64, 1), 'prev_outputs': (548744, 64, 1), 'static_features': (548744, 1)}
[2025-01-30 03:07:52,443][src.models.time_varying_model][INFO] - Balanced representations inference for train.
[2025-01-30 03:07:53,917][src.models.time_varying_model][INFO] - Balanced representations inference for val.
[2025-01-30 03:07:54,575][src.models.time_varying_model][INFO] - Balanced representations inference for test.
[2025-01-30 03:08:31,561][src.models.time_varying_model][INFO] - Predictions for test.
[2025-01-30 03:09:10,980][src.data.cancer_sim.dataset][INFO] - Processing train dataset before training (multiple sequences)
[2025-01-30 03:09:13,634][src.data.cancer_sim.dataset][INFO] - Shape of processed train data: {'init_state': (515994, 24), 'original_index': (515994,), 'active_encoder_r': (515994, 59), 'prev_treatments': (515994, 5, 4), 'current_treatments': (515994, 5, 4), 'current_covariates': (515994, 5, 2), 'prev_outputs': (515994, 5, 1), 'static_features': (515994, 1), 'outputs': (515994, 5, 1), 'sequence_lengths': (515994,), 'active_entries': (515994, 5, 1), 'unscaled_outputs': (515994, 5, 1)}
[2025-01-30 03:09:13,636][src.data.cancer_sim.dataset][INFO] - Processing val dataset before training (multiple sequences)
[2025-01-30 03:09:13,897][src.data.cancer_sim.dataset][INFO] - Shape of processed val data: {'init_state': (51287, 24), 'original_index': (51287,), 'active_encoder_r': (51287, 59), 'prev_treatments': (51287, 5, 4), 'current_treatments': (51287, 5, 4), 'current_covariates': (51287, 5, 2), 'prev_outputs': (51287, 5, 1), 'static_features': (51287, 1), 'outputs': (51287, 5, 1), 'sequence_lengths': (51287,), 'active_entries': (51287, 5, 1), 'unscaled_outputs': (51287, 5, 1)}
[2025-01-30 03:09:13,897][src.data.cancer_sim.dataset][INFO] - Processing test dataset before testing (multiple sequences)
[2025-01-30 03:09:20,750][src.data.cancer_sim.dataset][INFO] - Shape of processed test data: {'active_encoder_r': (548744, 59), 'prev_treatments': (548744, 5, 4), 'current_treatments': (548744, 5, 4), 'current_covariates': (548744, 5, 2), 'prev_outputs': (548744, 5, 1), 'static_features': (548744, 1), 'outputs': (548744, 5, 1), 'sequence_lengths': (548744,), 'active_entries': (548744, 5, 1), 'unscaled_outputs': (548744, 5, 1), 'patient_types': (548744,), 'patient_ids_all_trajectories': (548744,), 'patient_current_t': (548744,), 'init_state': (548744, 24)}
[2025-01-30 03:09:20,808][src.data.cancer_sim.dataset][INFO] - Processing test dataset before testing (autoregressive)
[2025-01-30 03:09:24,605][src.models.time_varying_model][INFO] - RMSE calculation for val.
[2025-01-30 03:09:24,605][src.models.time_varying_model][INFO] - Predictions for val.
[2025-01-30 03:09:24,705][src.data.cancer_sim.dataset][INFO] - Shape of processed test data: {'current_covariates': (548744, 5, 2), 'prev_treatments': (548744, 5, 4), 'current_treatments': (548744, 5, 4), 'init_state': (548744, 24), 'active_encoder_r': (548744, 59), 'active_entries': (548744, 5, 1), 'prev_outputs': (548744, 5, 1), 'static_features': (548744, 1)}
[2025-01-30 03:09:25,306][__main__][INFO] - Val normalised RMSE (all): 2.0097847948784233; Val normalised RMSE (orig): 1.9848823583237727
[2025-01-30 03:09:25,306][src.models.time_varying_model][INFO] - RMSE calculation for test.
[2025-01-30 03:09:25,306][src.models.time_varying_model][INFO] - Predictions for test.
[2025-01-30 03:09:44,622][__main__][INFO] - Test normalised RMSE (all): 8.179552573843562; Test normalised RMSE (orig): 7.228814274065093; Test normalised RMSE (only counterfactual): 6.238413380533844
[2025-01-30 03:09:44,685][src.models.crn][INFO] - Input size of decoder: 6
[2025-01-30 03:09:44,713][src.data.cancer_sim.dataset][INFO] - train Dataset already processed
[2025-01-30 03:09:44,713][src.data.cancer_sim.dataset][INFO] - val Dataset already processed
[2025-01-30 03:09:44,713][src.data.cancer_sim.dataset][INFO] - Processing test dataset before training
[2025-01-30 03:09:55,320][src.models.time_varying_model][INFO] - RMSE calculation for val.
[2025-01-30 03:09:55,320][src.models.time_varying_model][INFO] - Predictions for val.
[2025-01-30 03:09:57,735][__main__][INFO] - Val normalised RMSE (all): 0.30064422777834654; Val normalised RMSE (orig): 0.30064422777834726
[2025-01-30 03:09:57,735][src.models.time_varying_model][INFO] - RMSE calculation for test.
[2025-01-30 03:09:57,735][src.models.time_varying_model][INFO] - Autoregressive Prediction for test.
[2025-01-30 03:09:57,746][src.models.time_varying_model][INFO] - t = 2
[2025-01-30 03:09:57,746][src.models.time_varying_model][INFO] - Predictions for test.
[2025-01-30 03:10:14,423][src.models.time_varying_model][INFO] - t = 3
[2025-01-30 03:10:14,424][src.models.time_varying_model][INFO] - Predictions for test.
[2025-01-30 03:10:31,698][src.models.time_varying_model][INFO] - t = 4
[2025-01-30 03:10:31,700][src.models.time_varying_model][INFO] - Predictions for test.
[2025-01-30 03:10:38,490][src.data.cancer_sim.dataset][INFO] - Shape of processed test data: {'cancer_volume': (548744, 65), 'chemo_application': (548744, 65), 'radio_application': (548744, 65), 'sequence_lengths': (548744,), 'patient_types': (548744,), 'patient_ids_all_trajectories': (548744,), 'patient_current_t': (548744,), 'prev_treatments': (548744, 64, 4), 'current_treatments': (548744, 64, 4), 'current_covariates': (548744, 64, 2), 'outputs': (548744, 64, 1), 'active_entries': (548744, 64, 1), 'unscaled_outputs': (548744, 64, 1), 'prev_outputs': (548744, 64, 1), 'static_features': (548744, 1)}
[2025-01-30 03:10:38,493][src.models.time_varying_model][INFO] - Balanced representations inference for train.
[2025-01-30 03:10:40,235][src.models.time_varying_model][INFO] - Balanced representations inference for val.
[2025-01-30 03:10:40,877][src.models.time_varying_model][INFO] - Balanced representations inference for test.
[2025-01-30 03:10:48,877][src.models.time_varying_model][INFO] - t = 5
[2025-01-30 03:10:48,878][src.models.time_varying_model][INFO] - Predictions for test.
[2025-01-30 03:11:06,278][src.models.time_varying_model][INFO] - t = 6
[2025-01-30 03:11:06,278][src.models.time_varying_model][INFO] - Predictions for test.
[2025-01-30 03:11:24,469][__main__][INFO] - Test normalised RMSE (n-step prediction): {'2-step': 3.0853758978102745, '3-step': 3.3211561577851336, '4-step': 3.398249882741687, '5-step': 3.3107041313520478, '6-step': 3.0934603575240938}
[2025-01-30 03:11:25,023][src.models.time_varying_model][INFO] - Predictions for test.
[2025-01-30 03:12:10,960][src.data.cancer_sim.dataset][INFO] - Processing train dataset before training (multiple sequences)
[2025-01-30 03:12:13,950][src.data.cancer_sim.dataset][INFO] - Shape of processed train data: {'init_state': (515994, 24), 'original_index': (515994,), 'active_encoder_r': (515994, 59), 'prev_treatments': (515994, 5, 4), 'current_treatments': (515994, 5, 4), 'current_covariates': (515994, 5, 2), 'prev_outputs': (515994, 5, 1), 'static_features': (515994, 1), 'outputs': (515994, 5, 1), 'sequence_lengths': (515994,), 'active_entries': (515994, 5, 1), 'unscaled_outputs': (515994, 5, 1)}
[2025-01-30 03:12:13,952][src.data.cancer_sim.dataset][INFO] - Processing val dataset before training (multiple sequences)
[2025-01-30 03:12:14,243][src.data.cancer_sim.dataset][INFO] - Shape of processed val data: {'init_state': (51287, 24), 'original_index': (51287,), 'active_encoder_r': (51287, 59), 'prev_treatments': (51287, 5, 4), 'current_treatments': (51287, 5, 4), 'current_covariates': (51287, 5, 2), 'prev_outputs': (51287, 5, 1), 'static_features': (51287, 1), 'outputs': (51287, 5, 1), 'sequence_lengths': (51287,), 'active_entries': (51287, 5, 1), 'unscaled_outputs': (51287, 5, 1)}
[2025-01-30 03:12:14,243][src.data.cancer_sim.dataset][INFO] - Processing test dataset before testing (multiple sequences)
[2025-01-30 03:12:22,624][src.data.cancer_sim.dataset][INFO] - Shape of processed test data: {'active_encoder_r': (548744, 59), 'prev_treatments': (548744, 5, 4), 'current_treatments': (548744, 5, 4), 'current_covariates': (548744, 5, 2), 'prev_outputs': (548744, 5, 1), 'static_features': (548744, 1), 'outputs': (548744, 5, 1), 'sequence_lengths': (548744,), 'active_entries': (548744, 5, 1), 'unscaled_outputs': (548744, 5, 1), 'patient_types': (548744,), 'patient_ids_all_trajectories': (548744,), 'patient_current_t': (548744,), 'init_state': (548744, 24)}
[2025-01-30 03:12:22,681][src.data.cancer_sim.dataset][INFO] - Processing test dataset before testing (autoregressive)
[2025-01-30 03:12:27,398][src.data.cancer_sim.dataset][INFO] - Shape of processed test data: {'current_covariates': (548744, 5, 2), 'prev_treatments': (548744, 5, 4), 'current_treatments': (548744, 5, 4), 'init_state': (548744, 24), 'active_encoder_r': (548744, 59), 'active_entries': (548744, 5, 1), 'prev_outputs': (548744, 5, 1), 'static_features': (548744, 1)}
[2025-01-30 03:13:04,299][src.models.time_varying_model][INFO] - RMSE calculation for val.
[2025-01-30 03:13:04,299][src.models.time_varying_model][INFO] - Predictions for val.
[2025-01-30 03:13:07,122][__main__][INFO] - Val normalised RMSE (all): 0.30064422777834654; Val normalised RMSE (orig): 0.30064422777834726
[2025-01-30 03:13:07,123][src.models.time_varying_model][INFO] - RMSE calculation for test.
[2025-01-30 03:13:07,123][src.models.time_varying_model][INFO] - Autoregressive Prediction for test.
[2025-01-30 03:13:07,126][src.models.time_varying_model][INFO] - t = 2
[2025-01-30 03:13:07,126][src.models.time_varying_model][INFO] - Predictions for test.
[2025-01-30 03:13:27,578][src.models.time_varying_model][INFO] - t = 3
[2025-01-30 03:13:27,578][src.models.time_varying_model][INFO] - Predictions for test.
[2025-01-30 03:13:48,538][src.models.time_varying_model][INFO] - t = 4
[2025-01-30 03:13:48,538][src.models.time_varying_model][INFO] - Predictions for test.
[2025-01-30 03:14:09,272][src.models.time_varying_model][INFO] - t = 5
[2025-01-30 03:14:09,273][src.models.time_varying_model][INFO] - Predictions for test.
[2025-01-30 03:14:30,184][src.models.time_varying_model][INFO] - t = 6
[2025-01-30 03:14:30,184][src.models.time_varying_model][INFO] - Predictions for test.
[2025-01-30 03:14:52,551][__main__][INFO] - Test normalised RMSE (n-step prediction): {'2-step': 3.0853758978102745, '3-step': 3.3211561577851336, '4-step': 3.398249882741687, '5-step': 3.3107041313520478, '6-step': 3.0934603575240938}
