[2025-01-27 23:13:50,475][__main__][INFO] - 
model:
  dim_treatments: 4
  dim_vitals: 0
  dim_static_features: 1
  dim_outcomes: 1
  name: CT
  multi:
    _target_: src.models.ct.CT
    max_seq_length: 65
    seq_hidden_units: 12
    br_size: 16
    fc_hidden_units: 48
    dropout_rate: 0.1
    num_layer: 1
    num_heads: 2
    max_grad_norm: null
    batch_size: 1024
    attn_dropout: true
    disable_cross_attention: false
    isolate_subnetwork: _
    self_positional_encoding:
      absolute: false
      trainable: true
      max_relative_position: 15
    optimizer:
      optimizer_cls: adam
      learning_rate: 0.01
      weight_decay: 0.0
      lr_scheduler: false
    augment_with_masked_vitals: true
    tune_hparams: false
    tune_range: 50
    hparams_grid: null
    resources_per_trial: null
  self_positional_encoding:
    max_relative_position: 15
dataset:
  val_batch_size: 512
  treatment_mode: multiclass
  _target_: src.data.SyntheticCancerDatasetCollection
  name: tumor_generator
  coeff: 5.0
  chemo_coeff: 5.0
  radio_coeff: 5.0
  seed: 10
  random: false
  noise_percentage: 0.0
  num_patients:
    train: 10000
    val: 1000
    test: 1000
  window_size: 15
  lag: 0
  max_seq_length: 60
  projection_horizon: 5
  cf_seq_mode: sliding_treatment
exp:
  seed: 10
  gpus:
  - 0
  max_epochs: 120
  logging: true
  mlflow_uri: http://127.0.0.1:5000
  unscale_rmse: true
  percentage_rmse: true
  alpha: 0.01
  update_alpha: true
  alpha_rate: exp
  initial_balancing_method: domain_confusion
  final_balancing_method: subgroup
  bce_weight: false
  weights_ema: true
  beta: 0.99
  alpha_wass: 0.001
  alpha_wass_epoch: false
  alpha_wass_growth: 0.001
  alpha_wass_max: 0.01
  balancing_switch_epoch: 99
  clustering_method: GMM
  number_clusters: 2
  num_timepoints: 59
  gap_epoch: 10
  checkpoint_dir: ./checkpoints/cancer/ct/SGA/5

[2025-01-27 23:13:50,488][root][INFO] - Simulating initial volumes for stage I  with norm params: mu=1.72, sigma=4.7, lb=-0.6221218732608373, ub=-0.023523848418276528
[2025-01-27 23:13:50,489][root][INFO] - Simulating initial volumes for stage II  with norm params: mu=1.96, sigma=1.63, lb=-1.9410876100159118, ub=0.3711345751297772
[2025-01-27 23:13:50,490][root][INFO] - Simulating initial volumes for stage IIIA  with norm params: mu=1.91, sigma=9.4, lb=-0.33127370258786554, ub=0.06967546355973796
[2025-01-27 23:13:50,491][root][INFO] - Simulating initial volumes for stage IIIB  with norm params: mu=2.76, sigma=6.87, lb=-0.5769974969906748, ub=-0.02839165102452155
[2025-01-27 23:13:50,493][root][INFO] - Simulating initial volumes for stage IV  with norm params: mu=3.86, sigma=8.82, lb=-0.5741465764541877, ub=-0.14683113860980307
[2025-01-27 23:13:50,502][root][INFO] - Got correlated params for 4658 patients
[2025-01-27 23:13:50,507][root][INFO] - Got correlated params for 9338 patients
[2025-01-27 23:13:50,511][root][INFO] - Got correlated params for 13912 patients
[2025-01-27 23:13:50,519][root][INFO] - Simulating beta_c parameters
[2025-01-27 23:13:50,523][root][INFO] - Randomising outputs
[2025-01-27 23:14:07,827][root][INFO] - Simulating initial volumes for stage I  with norm params: mu=1.72, sigma=4.7, lb=-0.6221218732608373, ub=-0.023523848418276528
[2025-01-27 23:14:07,830][root][INFO] - Simulating initial volumes for stage II  with norm params: mu=1.96, sigma=1.63, lb=-1.9410876100159118, ub=0.3711345751297772
[2025-01-27 23:14:07,830][root][INFO] - Simulating initial volumes for stage IIIA  with norm params: mu=1.91, sigma=9.4, lb=-0.33127370258786554, ub=0.06967546355973796
[2025-01-27 23:14:07,831][root][INFO] - Simulating initial volumes for stage IIIB  with norm params: mu=2.76, sigma=6.87, lb=-0.5769974969906748, ub=-0.02839165102452155
[2025-01-27 23:14:07,832][root][INFO] - Simulating initial volumes for stage IV  with norm params: mu=3.86, sigma=8.82, lb=-0.5741465764541877, ub=-0.14683113860980307
[2025-01-27 23:14:07,834][root][INFO] - Got correlated params for 464 patients
[2025-01-27 23:14:07,835][root][INFO] - Got correlated params for 942 patients
[2025-01-27 23:14:07,836][root][INFO] - Got correlated params for 1398 patients
[2025-01-27 23:14:07,837][root][INFO] - Simulating beta_c parameters
[2025-01-27 23:14:07,838][root][INFO] - Randomising outputs
[2025-01-27 23:14:09,564][root][INFO] - Simulating initial volumes for stage I  with norm params: mu=1.72, sigma=4.7, lb=-0.6221218732608373, ub=-0.023523848418276528
[2025-01-27 23:14:09,565][root][INFO] - Simulating initial volumes for stage II  with norm params: mu=1.96, sigma=1.63, lb=-1.9410876100159118, ub=0.3711345751297772
[2025-01-27 23:14:09,566][root][INFO] - Simulating initial volumes for stage IIIA  with norm params: mu=1.91, sigma=9.4, lb=-0.33127370258786554, ub=0.06967546355973796
[2025-01-27 23:14:09,567][root][INFO] - Simulating initial volumes for stage IIIB  with norm params: mu=2.76, sigma=6.87, lb=-0.5769974969906748, ub=-0.02839165102452155
[2025-01-27 23:14:09,567][root][INFO] - Simulating initial volumes for stage IV  with norm params: mu=3.86, sigma=8.82, lb=-0.5741465764541877, ub=-0.14683113860980307
[2025-01-27 23:14:09,569][root][INFO] - Got correlated params for 491 patients
[2025-01-27 23:14:09,570][root][INFO] - Got correlated params for 936 patients
[2025-01-27 23:14:09,571][root][INFO] - Got correlated params for 1396 patients
[2025-01-27 23:14:09,572][root][INFO] - Simulating beta_c parameters
[2025-01-27 23:14:09,573][root][INFO] - Randomising outputs
[2025-01-27 23:14:15,767][root][INFO] - Simulating initial volumes for stage I  with norm params: mu=1.72, sigma=4.7, lb=-0.6221218732608373, ub=-0.023523848418276528
[2025-01-27 23:14:15,768][root][INFO] - Simulating initial volumes for stage II  with norm params: mu=1.96, sigma=1.63, lb=-1.9410876100159118, ub=0.3711345751297772
[2025-01-27 23:14:15,769][root][INFO] - Simulating initial volumes for stage IIIA  with norm params: mu=1.91, sigma=9.4, lb=-0.33127370258786554, ub=0.06967546355973796
[2025-01-27 23:14:15,769][root][INFO] - Simulating initial volumes for stage IIIB  with norm params: mu=2.76, sigma=6.87, lb=-0.5769974969906748, ub=-0.02839165102452155
[2025-01-27 23:14:15,770][root][INFO] - Simulating initial volumes for stage IV  with norm params: mu=3.86, sigma=8.82, lb=-0.5741465764541877, ub=-0.14683113860980307
[2025-01-27 23:14:15,772][root][INFO] - Got correlated params for 434 patients
[2025-01-27 23:14:15,773][root][INFO] - Got correlated params for 874 patients
[2025-01-27 23:14:15,774][root][INFO] - Got correlated params for 1357 patients
[2025-01-27 23:14:15,775][root][INFO] - Simulating beta_c parameters
[2025-01-27 23:14:15,776][root][INFO] - Randomising outputs
[2025-01-27 23:14:43,643][src.data.cancer_sim.dataset][INFO] - Processing train dataset before training
[2025-01-27 23:14:44,544][src.data.cancer_sim.dataset][INFO] - Shape of processed train data: {'cancer_volume': (10000, 60), 'chemo_dosage': (10000, 60), 'radio_dosage': (10000, 60), 'chemo_application': (10000, 60), 'radio_application': (10000, 60), 'chemo_probabilities': (10000, 60), 'radio_probabilities': (10000, 60), 'sequence_lengths': (10000,), 'death_flags': (10000, 60), 'recovery_flags': (10000, 60), 'patient_types': (10000,), 'prev_treatments': (10000, 59, 4), 'current_treatments': (10000, 59, 4), 'current_covariates': (10000, 59, 2), 'outputs': (10000, 59, 1), 'active_entries': (10000, 59, 1), 'unscaled_outputs': (10000, 59, 1), 'prev_outputs': (10000, 59, 1), 'static_features': (10000, 1)}
[2025-01-27 23:14:44,545][src.data.cancer_sim.dataset][INFO] - Processing val dataset before training
[2025-01-27 23:14:44,636][src.data.cancer_sim.dataset][INFO] - Shape of processed val data: {'cancer_volume': (1000, 60), 'chemo_dosage': (1000, 60), 'radio_dosage': (1000, 60), 'chemo_application': (1000, 60), 'radio_application': (1000, 60), 'chemo_probabilities': (1000, 60), 'radio_probabilities': (1000, 60), 'sequence_lengths': (1000,), 'death_flags': (1000, 60), 'recovery_flags': (1000, 60), 'patient_types': (1000,), 'prev_treatments': (1000, 59, 4), 'current_treatments': (1000, 59, 4), 'current_covariates': (1000, 59, 2), 'outputs': (1000, 59, 1), 'active_entries': (1000, 59, 1), 'unscaled_outputs': (1000, 59, 1), 'prev_outputs': (1000, 59, 1), 'static_features': (1000, 1)}
[2025-01-27 23:14:44,636][src.data.cancer_sim.dataset][INFO] - Processing test dataset before training
[2025-01-27 23:15:03,849][src.data.cancer_sim.dataset][INFO] - Shape of processed test data: {'cancer_volume': (225248, 60), 'chemo_application': (225248, 60), 'radio_application': (225248, 60), 'sequence_lengths': (225248,), 'patient_types': (225248,), 'prev_treatments': (225248, 59, 4), 'current_treatments': (225248, 59, 4), 'current_covariates': (225248, 59, 2), 'outputs': (225248, 59, 1), 'active_entries': (225248, 59, 1), 'unscaled_outputs': (225248, 59, 1), 'prev_outputs': (225248, 59, 1), 'static_features': (225248, 1)}
[2025-01-27 23:15:03,851][src.data.cancer_sim.dataset][INFO] - Processing test dataset before training
[2025-01-27 23:15:56,811][src.data.cancer_sim.dataset][INFO] - Shape of processed test data: {'cancer_volume': (554444, 65), 'chemo_application': (554444, 65), 'radio_application': (554444, 65), 'sequence_lengths': (554444,), 'patient_types': (554444,), 'patient_ids_all_trajectories': (554444,), 'patient_current_t': (554444,), 'prev_treatments': (554444, 64, 4), 'current_treatments': (554444, 64, 4), 'current_covariates': (554444, 64, 2), 'outputs': (554444, 64, 1), 'active_entries': (554444, 64, 1), 'unscaled_outputs': (554444, 64, 1), 'prev_outputs': (554444, 64, 1), 'static_features': (554444, 1)}
[2025-01-27 23:15:56,814][src.data.cancer_sim.dataset][INFO] - Processing test dataset before testing (multiple sequences)
[2025-01-27 23:16:04,398][src.data.cancer_sim.dataset][INFO] - Shape of processed test data: {'active_encoder_r': (554444, 59), 'prev_treatments': (554444, 5, 4), 'current_treatments': (554444, 5, 4), 'current_covariates': (554444, 5, 2), 'prev_outputs': (554444, 5, 1), 'static_features': (554444, 1), 'outputs': (554444, 5, 1), 'sequence_lengths': (554444,), 'active_entries': (554444, 5, 1), 'unscaled_outputs': (554444, 5, 1), 'patient_types': (554444,), 'patient_ids_all_trajectories': (554444,), 'patient_current_t': (554444,)}
[2025-01-27 23:16:06,808][src.models.ct][INFO] - Max input size of multi: 4
[2025-01-27 23:21:20,245][src.models.time_varying_model][INFO] - RMSE calculation for val.
[2025-01-27 23:21:20,245][src.models.time_varying_model][INFO] - Predictions for val.
[2025-01-27 23:21:21,324][__main__][INFO] - Val normalised RMSE (all): 0.6231869978412481; Val normalised RMSE (orig): 0.6156202424857407
[2025-01-27 23:21:21,324][src.models.time_varying_model][INFO] - RMSE calculation for test.
[2025-01-27 23:21:21,324][src.models.time_varying_model][INFO] - Predictions for test.
[2025-01-27 23:21:39,411][__main__][INFO] - Test normalised RMSE (all): 1.676405310474491; Test normalised RMSE (orig): 1.5216506464007296; Test normalised RMSE (only counterfactual): 1.7548485258258786
[2025-01-27 23:21:39,460][src.models.time_varying_model][INFO] - RMSE calculation for test.
[2025-01-27 23:21:39,460][src.models.ct][INFO] - Autoregressive Prediction for test.
[2025-01-27 23:21:39,463][src.models.ct][INFO] - t = 1
[2025-01-27 23:21:39,463][src.models.time_varying_model][INFO] - Predictions for test.
[2025-01-27 23:22:35,923][src.models.ct][INFO] - t = 2
[2025-01-27 23:22:35,924][src.models.time_varying_model][INFO] - Predictions for test.
[2025-01-27 23:23:32,835][src.models.ct][INFO] - t = 3
[2025-01-27 23:23:32,836][src.models.time_varying_model][INFO] - Predictions for test.
[2025-01-27 23:24:28,878][src.models.ct][INFO] - t = 4
[2025-01-27 23:24:28,879][src.models.time_varying_model][INFO] - Predictions for test.
[2025-01-27 23:25:24,660][src.models.ct][INFO] - t = 5
[2025-01-27 23:25:24,660][src.models.time_varying_model][INFO] - Predictions for test.
[2025-01-27 23:26:20,429][src.models.ct][INFO] - t = 6
[2025-01-27 23:26:20,429][src.models.time_varying_model][INFO] - Predictions for test.
[2025-01-27 23:27:17,565][__main__][INFO] - Test normalised RMSE (n-step prediction): {'2-step': 2.1120596941245733, '3-step': 2.2969321861272975, '4-step': 2.3668226132369985, '5-step': 2.35791244787655, '6-step': 2.2583641558519965}
