[2025-01-30 16:35:43,348][__main__][INFO] - 
model:
  dim_treatments: 4
  dim_vitals: 0
  dim_static_features: 1
  dim_outcomes: 1
  name: CRN
  encoder:
    _target_: src.models.crn.CRNEncoder
    seq_hidden_units: 24
    br_size: 24
    fc_hidden_units: 96
    dropout_rate: 0.2
    num_layer: 1
    batch_size: 1024
    optimizer:
      optimizer_cls: adam
      learning_rate: 0.001
      weight_decay: 0.0
      lr_scheduler: false
    tune_hparams: false
    tune_range: 50
    hparams_grid: null
    resources_per_trial: null
  train_decoder: true
  decoder:
    _target_: src.models.crn.CRNDecoder
    seq_hidden_units: null
    br_size: 24
    fc_hidden_units: 12
    dropout_rate: 0.1
    num_layer: 1
    batch_size: 4096
    optimizer:
      optimizer_cls: adam
      learning_rate: 0.001
      weight_decay: 0.0
      lr_scheduler: false
    tune_hparams: false
    tune_range: 30
    hparams_grid: null
    resources_per_trial: null
dataset:
  val_batch_size: 512
  treatment_mode: multiclass
  _target_: src.data.SyntheticCancerDatasetCollection
  name: tumor_generator
  coeff: 6.0
  chemo_coeff: 6.0
  radio_coeff: 6.0
  seed: 10
  random: false
  noise_percentage: 0.0
  num_patients:
    train: 10000
    val: 1000
    test: 1000
  window_size: 15
  lag: 0
  max_seq_length: 60
  projection_horizon: 5
  cf_seq_mode: sliding_treatment
exp:
  seed: 10
  gpus:
  - 0
  max_epochs: 130
  logging: true
  mlflow_uri: http://127.0.0.1:5000
  unscale_rmse: true
  percentage_rmse: true
  alpha: 0.01
  update_alpha: true
  alpha_rate: exp
  initial_balancing_method: grad_reverse
  final_balancing_method: subgroup
  bce_weight: false
  weights_ema: false
  beta: 0.99
  alpha_wass: 1.0
  alpha_wass_epoch: false
  alpha_wass_growth: 0.001
  alpha_wass_max: 0.01
  balancing: grad_reverse
  balancing_switch_epoch: 99
  gap_epoch: 5
  clustering_method: GMM
  number_clusters: 3
  num_timepoints: 59
  checkpoint_dir: ./checkpoints/cancer/crn/SGA/6

[2025-01-30 16:35:43,372][root][INFO] - Simulating initial volumes for stage I  with norm params: mu=1.72, sigma=4.7, lb=-0.6221218732608373, ub=-0.023523848418276528
[2025-01-30 16:35:43,381][root][INFO] - Simulating initial volumes for stage II  with norm params: mu=1.96, sigma=1.63, lb=-1.9410876100159118, ub=0.3711345751297772
[2025-01-30 16:35:43,382][root][INFO] - Simulating initial volumes for stage IIIA  with norm params: mu=1.91, sigma=9.4, lb=-0.33127370258786554, ub=0.06967546355973796
[2025-01-30 16:35:43,383][root][INFO] - Simulating initial volumes for stage IIIB  with norm params: mu=2.76, sigma=6.87, lb=-0.5769974969906748, ub=-0.02839165102452155
[2025-01-30 16:35:43,386][root][INFO] - Simulating initial volumes for stage IV  with norm params: mu=3.86, sigma=8.82, lb=-0.5741465764541877, ub=-0.14683113860980307
[2025-01-30 16:35:43,411][root][INFO] - Got correlated params for 4658 patients
[2025-01-30 16:35:43,416][root][INFO] - Got correlated params for 9338 patients
[2025-01-30 16:35:43,421][root][INFO] - Got correlated params for 13912 patients
[2025-01-30 16:35:43,431][root][INFO] - Simulating beta_c parameters
[2025-01-30 16:35:43,439][root][INFO] - Randomising outputs
[2025-01-30 16:36:01,488][root][INFO] - Simulating initial volumes for stage I  with norm params: mu=1.72, sigma=4.7, lb=-0.6221218732608373, ub=-0.023523848418276528
[2025-01-30 16:36:01,491][root][INFO] - Simulating initial volumes for stage II  with norm params: mu=1.96, sigma=1.63, lb=-1.9410876100159118, ub=0.3711345751297772
[2025-01-30 16:36:01,491][root][INFO] - Simulating initial volumes for stage IIIA  with norm params: mu=1.91, sigma=9.4, lb=-0.33127370258786554, ub=0.06967546355973796
[2025-01-30 16:36:01,492][root][INFO] - Simulating initial volumes for stage IIIB  with norm params: mu=2.76, sigma=6.87, lb=-0.5769974969906748, ub=-0.02839165102452155
[2025-01-30 16:36:01,493][root][INFO] - Simulating initial volumes for stage IV  with norm params: mu=3.86, sigma=8.82, lb=-0.5741465764541877, ub=-0.14683113860980307
[2025-01-30 16:36:01,495][root][INFO] - Got correlated params for 464 patients
[2025-01-30 16:36:01,496][root][INFO] - Got correlated params for 942 patients
[2025-01-30 16:36:01,497][root][INFO] - Got correlated params for 1398 patients
[2025-01-30 16:36:01,498][root][INFO] - Simulating beta_c parameters
[2025-01-30 16:36:01,499][root][INFO] - Randomising outputs
[2025-01-30 16:36:03,312][root][INFO] - Simulating initial volumes for stage I  with norm params: mu=1.72, sigma=4.7, lb=-0.6221218732608373, ub=-0.023523848418276528
[2025-01-30 16:36:03,312][root][INFO] - Simulating initial volumes for stage II  with norm params: mu=1.96, sigma=1.63, lb=-1.9410876100159118, ub=0.3711345751297772
[2025-01-30 16:36:03,313][root][INFO] - Simulating initial volumes for stage IIIA  with norm params: mu=1.91, sigma=9.4, lb=-0.33127370258786554, ub=0.06967546355973796
[2025-01-30 16:36:03,314][root][INFO] - Simulating initial volumes for stage IIIB  with norm params: mu=2.76, sigma=6.87, lb=-0.5769974969906748, ub=-0.02839165102452155
[2025-01-30 16:36:03,314][root][INFO] - Simulating initial volumes for stage IV  with norm params: mu=3.86, sigma=8.82, lb=-0.5741465764541877, ub=-0.14683113860980307
[2025-01-30 16:36:03,316][root][INFO] - Got correlated params for 491 patients
[2025-01-30 16:36:03,317][root][INFO] - Got correlated params for 936 patients
[2025-01-30 16:36:03,318][root][INFO] - Got correlated params for 1396 patients
[2025-01-30 16:36:03,319][root][INFO] - Simulating beta_c parameters
[2025-01-30 16:36:03,320][root][INFO] - Randomising outputs
[2025-01-30 16:36:09,835][root][INFO] - Simulating initial volumes for stage I  with norm params: mu=1.72, sigma=4.7, lb=-0.6221218732608373, ub=-0.023523848418276528
[2025-01-30 16:36:09,836][root][INFO] - Simulating initial volumes for stage II  with norm params: mu=1.96, sigma=1.63, lb=-1.9410876100159118, ub=0.3711345751297772
[2025-01-30 16:36:09,837][root][INFO] - Simulating initial volumes for stage IIIA  with norm params: mu=1.91, sigma=9.4, lb=-0.33127370258786554, ub=0.06967546355973796
[2025-01-30 16:36:09,838][root][INFO] - Simulating initial volumes for stage IIIB  with norm params: mu=2.76, sigma=6.87, lb=-0.5769974969906748, ub=-0.02839165102452155
[2025-01-30 16:36:09,838][root][INFO] - Simulating initial volumes for stage IV  with norm params: mu=3.86, sigma=8.82, lb=-0.5741465764541877, ub=-0.14683113860980307
[2025-01-30 16:36:09,840][root][INFO] - Got correlated params for 434 patients
[2025-01-30 16:36:09,841][root][INFO] - Got correlated params for 874 patients
[2025-01-30 16:36:09,842][root][INFO] - Got correlated params for 1357 patients
[2025-01-30 16:36:09,843][root][INFO] - Simulating beta_c parameters
[2025-01-30 16:36:09,844][root][INFO] - Randomising outputs
[2025-01-30 16:36:39,938][src.data.cancer_sim.dataset][INFO] - Processing train dataset before training
[2025-01-30 16:36:40,944][src.data.cancer_sim.dataset][INFO] - Shape of processed train data: {'cancer_volume': (10000, 60), 'chemo_dosage': (10000, 60), 'radio_dosage': (10000, 60), 'chemo_application': (10000, 60), 'radio_application': (10000, 60), 'chemo_probabilities': (10000, 60), 'radio_probabilities': (10000, 60), 'sequence_lengths': (10000,), 'death_flags': (10000, 60), 'recovery_flags': (10000, 60), 'patient_types': (10000,), 'prev_treatments': (10000, 59, 4), 'current_treatments': (10000, 59, 4), 'current_covariates': (10000, 59, 2), 'outputs': (10000, 59, 1), 'active_entries': (10000, 59, 1), 'unscaled_outputs': (10000, 59, 1), 'prev_outputs': (10000, 59, 1), 'static_features': (10000, 1)}
[2025-01-30 16:36:40,944][src.data.cancer_sim.dataset][INFO] - Processing val dataset before training
[2025-01-30 16:36:41,045][src.data.cancer_sim.dataset][INFO] - Shape of processed val data: {'cancer_volume': (1000, 60), 'chemo_dosage': (1000, 60), 'radio_dosage': (1000, 60), 'chemo_application': (1000, 60), 'radio_application': (1000, 60), 'chemo_probabilities': (1000, 60), 'radio_probabilities': (1000, 60), 'sequence_lengths': (1000,), 'death_flags': (1000, 60), 'recovery_flags': (1000, 60), 'patient_types': (1000,), 'prev_treatments': (1000, 59, 4), 'current_treatments': (1000, 59, 4), 'current_covariates': (1000, 59, 2), 'outputs': (1000, 59, 1), 'active_entries': (1000, 59, 1), 'unscaled_outputs': (1000, 59, 1), 'prev_outputs': (1000, 59, 1), 'static_features': (1000, 1)}
[2025-01-30 16:36:41,046][src.data.cancer_sim.dataset][INFO] - Processing test dataset before training
[2025-01-30 16:37:02,597][src.data.cancer_sim.dataset][INFO] - Shape of processed test data: {'cancer_volume': (224868, 60), 'chemo_application': (224868, 60), 'radio_application': (224868, 60), 'sequence_lengths': (224868,), 'patient_types': (224868,), 'prev_treatments': (224868, 59, 4), 'current_treatments': (224868, 59, 4), 'current_covariates': (224868, 59, 2), 'outputs': (224868, 59, 1), 'active_entries': (224868, 59, 1), 'unscaled_outputs': (224868, 59, 1), 'prev_outputs': (224868, 59, 1), 'static_features': (224868, 1)}
[2025-01-30 16:37:03,234][src.models.crn][INFO] - Input size of encoder: 6
[2025-01-30 16:49:58,610][src.models.time_varying_model][INFO] - RMSE calculation for val.
[2025-01-30 16:49:58,612][src.models.time_varying_model][INFO] - Predictions for val.
[2025-01-30 16:49:59,219][__main__][INFO] - Val normalised RMSE (all): 0.6499903084362112; Val normalised RMSE (orig): 0.6415539637221707
[2025-01-30 16:49:59,219][src.models.time_varying_model][INFO] - RMSE calculation for test.
[2025-01-30 16:49:59,219][src.models.time_varying_model][INFO] - Predictions for test.
[2025-01-30 16:50:16,327][__main__][INFO] - Test normalised RMSE (all): 1.8355919487943955; Test normalised RMSE (orig): 1.596548787087006; Test normalised RMSE (only counterfactual): 2.106678844154536
[2025-01-30 16:50:16,389][src.models.crn][INFO] - Input size of decoder: 6
[2025-01-30 16:50:16,411][src.data.cancer_sim.dataset][INFO] - train Dataset already processed
[2025-01-30 16:50:16,411][src.data.cancer_sim.dataset][INFO] - val Dataset already processed
[2025-01-30 16:50:16,411][src.data.cancer_sim.dataset][INFO] - Processing test dataset before training
[2025-01-30 16:51:15,231][src.data.cancer_sim.dataset][INFO] - Shape of processed test data: {'cancer_volume': (548744, 65), 'chemo_application': (548744, 65), 'radio_application': (548744, 65), 'sequence_lengths': (548744,), 'patient_types': (548744,), 'patient_ids_all_trajectories': (548744,), 'patient_current_t': (548744,), 'prev_treatments': (548744, 64, 4), 'current_treatments': (548744, 64, 4), 'current_covariates': (548744, 64, 2), 'outputs': (548744, 64, 1), 'active_entries': (548744, 64, 1), 'unscaled_outputs': (548744, 64, 1), 'prev_outputs': (548744, 64, 1), 'static_features': (548744, 1)}
[2025-01-30 16:51:15,235][src.models.time_varying_model][INFO] - Balanced representations inference for train.
[2025-01-30 16:51:16,701][src.models.time_varying_model][INFO] - Balanced representations inference for val.
[2025-01-30 16:51:17,283][src.models.time_varying_model][INFO] - Balanced representations inference for test.
[2025-01-30 16:51:58,745][src.models.time_varying_model][INFO] - Predictions for test.
[2025-01-30 16:52:41,359][src.data.cancer_sim.dataset][INFO] - Processing train dataset before training (multiple sequences)
[2025-01-30 16:52:44,664][src.data.cancer_sim.dataset][INFO] - Shape of processed train data: {'init_state': (515994, 24), 'original_index': (515994,), 'active_encoder_r': (515994, 59), 'prev_treatments': (515994, 5, 4), 'current_treatments': (515994, 5, 4), 'current_covariates': (515994, 5, 2), 'prev_outputs': (515994, 5, 1), 'static_features': (515994, 1), 'outputs': (515994, 5, 1), 'sequence_lengths': (515994,), 'active_entries': (515994, 5, 1), 'unscaled_outputs': (515994, 5, 1)}
[2025-01-30 16:52:44,666][src.data.cancer_sim.dataset][INFO] - Processing val dataset before training (multiple sequences)
[2025-01-30 16:52:44,991][src.data.cancer_sim.dataset][INFO] - Shape of processed val data: {'init_state': (51287, 24), 'original_index': (51287,), 'active_encoder_r': (51287, 59), 'prev_treatments': (51287, 5, 4), 'current_treatments': (51287, 5, 4), 'current_covariates': (51287, 5, 2), 'prev_outputs': (51287, 5, 1), 'static_features': (51287, 1), 'outputs': (51287, 5, 1), 'sequence_lengths': (51287,), 'active_entries': (51287, 5, 1), 'unscaled_outputs': (51287, 5, 1)}
[2025-01-30 16:52:44,991][src.data.cancer_sim.dataset][INFO] - Processing test dataset before testing (multiple sequences)
[2025-01-30 16:52:53,715][src.data.cancer_sim.dataset][INFO] - Shape of processed test data: {'active_encoder_r': (548744, 59), 'prev_treatments': (548744, 5, 4), 'current_treatments': (548744, 5, 4), 'current_covariates': (548744, 5, 2), 'prev_outputs': (548744, 5, 1), 'static_features': (548744, 1), 'outputs': (548744, 5, 1), 'sequence_lengths': (548744,), 'active_entries': (548744, 5, 1), 'unscaled_outputs': (548744, 5, 1), 'patient_types': (548744,), 'patient_ids_all_trajectories': (548744,), 'patient_current_t': (548744,), 'init_state': (548744, 24)}
[2025-01-30 16:52:53,773][src.data.cancer_sim.dataset][INFO] - Processing test dataset before testing (autoregressive)
[2025-01-30 16:52:58,500][src.data.cancer_sim.dataset][INFO] - Shape of processed test data: {'current_covariates': (548744, 5, 2), 'prev_treatments': (548744, 5, 4), 'current_treatments': (548744, 5, 4), 'init_state': (548744, 24), 'active_encoder_r': (548744, 59), 'active_entries': (548744, 5, 1), 'prev_outputs': (548744, 5, 1), 'static_features': (548744, 1)}
[2025-01-30 16:58:17,092][src.models.time_varying_model][INFO] - RMSE calculation for val.
[2025-01-30 16:58:17,092][src.models.time_varying_model][INFO] - Predictions for val.
[2025-01-30 16:58:19,700][__main__][INFO] - Val normalised RMSE (all): 0.35774708467413163; Val normalised RMSE (orig): 0.3577470846741305
[2025-01-30 16:58:19,700][src.models.time_varying_model][INFO] - RMSE calculation for test.
[2025-01-30 16:58:19,700][src.models.time_varying_model][INFO] - Autoregressive Prediction for test.
[2025-01-30 16:58:19,704][src.models.time_varying_model][INFO] - t = 2
[2025-01-30 16:58:19,704][src.models.time_varying_model][INFO] - Predictions for test.
[2025-01-30 16:58:38,713][src.models.time_varying_model][INFO] - t = 3
[2025-01-30 16:58:38,713][src.models.time_varying_model][INFO] - Predictions for test.
[2025-01-30 16:58:57,684][src.models.time_varying_model][INFO] - t = 4
[2025-01-30 16:58:57,684][src.models.time_varying_model][INFO] - Predictions for test.
[2025-01-30 16:59:16,769][src.models.time_varying_model][INFO] - t = 5
[2025-01-30 16:59:16,770][src.models.time_varying_model][INFO] - Predictions for test.
[2025-01-30 16:59:36,006][src.models.time_varying_model][INFO] - t = 6
[2025-01-30 16:59:36,006][src.models.time_varying_model][INFO] - Predictions for test.
[2025-01-30 16:59:57,177][__main__][INFO] - Test normalised RMSE (n-step prediction): {'2-step': 4.940534426354773, '3-step': 6.29903861341142, '4-step': 6.959956434511749, '5-step': 7.104427261197745, '6-step': 6.876954655913272}
