[2025-01-29 20:09:04,552][__main__][INFO] - 
model:
  dim_treatments: 4
  dim_vitals: 0
  dim_static_features: 1
  dim_outcomes: 1
  name: G-Net
  g_net:
    _target_: src.models.gnet.GNet
    seq_hidden_units: 24
    num_layer: 1
    r_size: 18
    fc_hidden_units: 72
    num_comp: 1
    mc_samples: 50
    fit_vitals: true
    comp_sizes: null
    batch_size: 1024
    dropout_rate: 0.2
    optimizer:
      optimizer_cls: adam
      learning_rate: 0.01
      weight_decay: 0.0
      lr_scheduler: false
    tune_hparams: false
    tune_range: 50
    hparams_grid: null
    resources_per_trial: null
dataset:
  val_batch_size: 4096
  treatment_mode: multiclass
  _target_: src.data.SyntheticCancerDatasetCollection
  name: tumor_generator
  coeff: 6.0
  chemo_coeff: 6.0
  radio_coeff: 6.0
  seed: 10
  random: false
  noise_percentage: 0.0
  num_patients:
    train: 10000
    val: 1000
    test: 1000
  window_size: 15
  lag: 0
  max_seq_length: 60
  projection_horizon: 5
  cf_seq_mode: sliding_treatment
  holdout_ratio: 0.1
exp:
  seed: 10
  gpus:
  - 0
  max_epochs: 50
  logging: true
  mlflow_uri: http://127.0.0.1:5000
  unscale_rmse: true
  percentage_rmse: true
  alpha: 1.0
  update_alpha: false
  alpha_rate: exp
  initial_balancing_method: null
  final_balancing_method: null
  bce_weight: false
  weights_ema: true
  beta: 0.99
  alpha_wass: 0.0001
  alpha_wass_epoch: false
  alpha_wass_growth: 0.001
  alpha_wass_max: 0.01

[2025-01-29 20:09:04,571][root][INFO] - Simulating initial volumes for stage I  with norm params: mu=1.72, sigma=4.7, lb=-0.6221218732608373, ub=-0.023523848418276528
[2025-01-29 20:09:04,580][root][INFO] - Simulating initial volumes for stage II  with norm params: mu=1.96, sigma=1.63, lb=-1.9410876100159118, ub=0.3711345751297772
[2025-01-29 20:09:04,582][root][INFO] - Simulating initial volumes for stage IIIA  with norm params: mu=1.91, sigma=9.4, lb=-0.33127370258786554, ub=0.06967546355973796
[2025-01-29 20:09:04,583][root][INFO] - Simulating initial volumes for stage IIIB  with norm params: mu=2.76, sigma=6.87, lb=-0.5769974969906748, ub=-0.02839165102452155
[2025-01-29 20:09:04,585][root][INFO] - Simulating initial volumes for stage IV  with norm params: mu=3.86, sigma=8.82, lb=-0.5741465764541877, ub=-0.14683113860980307
[2025-01-29 20:09:04,609][root][INFO] - Got correlated params for 4658 patients
[2025-01-29 20:09:04,614][root][INFO] - Got correlated params for 9338 patients
[2025-01-29 20:09:04,618][root][INFO] - Got correlated params for 13912 patients
[2025-01-29 20:09:04,625][root][INFO] - Simulating beta_c parameters
[2025-01-29 20:09:04,631][root][INFO] - Randomising outputs
[2025-01-29 20:09:19,822][root][INFO] - Simulating initial volumes for stage I  with norm params: mu=1.72, sigma=4.7, lb=-0.6221218732608373, ub=-0.023523848418276528
[2025-01-29 20:09:19,824][root][INFO] - Simulating initial volumes for stage II  with norm params: mu=1.96, sigma=1.63, lb=-1.9410876100159118, ub=0.3711345751297772
[2025-01-29 20:09:19,825][root][INFO] - Simulating initial volumes for stage IIIA  with norm params: mu=1.91, sigma=9.4, lb=-0.33127370258786554, ub=0.06967546355973796
[2025-01-29 20:09:19,825][root][INFO] - Simulating initial volumes for stage IIIB  with norm params: mu=2.76, sigma=6.87, lb=-0.5769974969906748, ub=-0.02839165102452155
[2025-01-29 20:09:19,826][root][INFO] - Simulating initial volumes for stage IV  with norm params: mu=3.86, sigma=8.82, lb=-0.5741465764541877, ub=-0.14683113860980307
[2025-01-29 20:09:19,828][root][INFO] - Got correlated params for 464 patients
[2025-01-29 20:09:19,829][root][INFO] - Got correlated params for 942 patients
[2025-01-29 20:09:19,830][root][INFO] - Got correlated params for 1398 patients
[2025-01-29 20:09:19,831][root][INFO] - Simulating beta_c parameters
[2025-01-29 20:09:19,832][root][INFO] - Randomising outputs
[2025-01-29 20:09:21,364][root][INFO] - Simulating initial volumes for stage I  with norm params: mu=1.72, sigma=4.7, lb=-0.6221218732608373, ub=-0.023523848418276528
[2025-01-29 20:09:21,365][root][INFO] - Simulating initial volumes for stage II  with norm params: mu=1.96, sigma=1.63, lb=-1.9410876100159118, ub=0.3711345751297772
[2025-01-29 20:09:21,366][root][INFO] - Simulating initial volumes for stage IIIA  with norm params: mu=1.91, sigma=9.4, lb=-0.33127370258786554, ub=0.06967546355973796
[2025-01-29 20:09:21,366][root][INFO] - Simulating initial volumes for stage IIIB  with norm params: mu=2.76, sigma=6.87, lb=-0.5769974969906748, ub=-0.02839165102452155
[2025-01-29 20:09:21,367][root][INFO] - Simulating initial volumes for stage IV  with norm params: mu=3.86, sigma=8.82, lb=-0.5741465764541877, ub=-0.14683113860980307
[2025-01-29 20:09:21,369][root][INFO] - Got correlated params for 491 patients
[2025-01-29 20:09:21,370][root][INFO] - Got correlated params for 936 patients
[2025-01-29 20:09:21,371][root][INFO] - Got correlated params for 1396 patients
[2025-01-29 20:09:21,372][root][INFO] - Simulating beta_c parameters
[2025-01-29 20:09:21,373][root][INFO] - Randomising outputs
[2025-01-29 20:09:26,841][root][INFO] - Simulating initial volumes for stage I  with norm params: mu=1.72, sigma=4.7, lb=-0.6221218732608373, ub=-0.023523848418276528
[2025-01-29 20:09:26,842][root][INFO] - Simulating initial volumes for stage II  with norm params: mu=1.96, sigma=1.63, lb=-1.9410876100159118, ub=0.3711345751297772
[2025-01-29 20:09:26,843][root][INFO] - Simulating initial volumes for stage IIIA  with norm params: mu=1.91, sigma=9.4, lb=-0.33127370258786554, ub=0.06967546355973796
[2025-01-29 20:09:26,843][root][INFO] - Simulating initial volumes for stage IIIB  with norm params: mu=2.76, sigma=6.87, lb=-0.5769974969906748, ub=-0.02839165102452155
[2025-01-29 20:09:26,844][root][INFO] - Simulating initial volumes for stage IV  with norm params: mu=3.86, sigma=8.82, lb=-0.5741465764541877, ub=-0.14683113860980307
[2025-01-29 20:09:26,846][root][INFO] - Got correlated params for 434 patients
[2025-01-29 20:09:26,847][root][INFO] - Got correlated params for 874 patients
[2025-01-29 20:09:26,848][root][INFO] - Got correlated params for 1357 patients
[2025-01-29 20:09:26,849][root][INFO] - Simulating beta_c parameters
[2025-01-29 20:09:26,850][root][INFO] - Randomising outputs
[2025-01-29 20:09:51,257][src.data.cancer_sim.dataset][INFO] - Processing train dataset before training
[2025-01-29 20:09:52,149][src.data.cancer_sim.dataset][INFO] - Shape of processed train data: {'cancer_volume': (10000, 60), 'chemo_dosage': (10000, 60), 'radio_dosage': (10000, 60), 'chemo_application': (10000, 60), 'radio_application': (10000, 60), 'chemo_probabilities': (10000, 60), 'radio_probabilities': (10000, 60), 'sequence_lengths': (10000,), 'death_flags': (10000, 60), 'recovery_flags': (10000, 60), 'patient_types': (10000,), 'prev_treatments': (10000, 59, 4), 'current_treatments': (10000, 59, 4), 'current_covariates': (10000, 59, 2), 'outputs': (10000, 59, 1), 'active_entries': (10000, 59, 1), 'unscaled_outputs': (10000, 59, 1), 'prev_outputs': (10000, 59, 1), 'static_features': (10000, 1)}
[2025-01-29 20:09:52,150][src.data.cancer_sim.dataset][INFO] - Processing val dataset before training
[2025-01-29 20:09:52,238][src.data.cancer_sim.dataset][INFO] - Shape of processed val data: {'cancer_volume': (1000, 60), 'chemo_dosage': (1000, 60), 'radio_dosage': (1000, 60), 'chemo_application': (1000, 60), 'radio_application': (1000, 60), 'chemo_probabilities': (1000, 60), 'radio_probabilities': (1000, 60), 'sequence_lengths': (1000,), 'death_flags': (1000, 60), 'recovery_flags': (1000, 60), 'patient_types': (1000,), 'prev_treatments': (1000, 59, 4), 'current_treatments': (1000, 59, 4), 'current_covariates': (1000, 59, 2), 'outputs': (1000, 59, 1), 'active_entries': (1000, 59, 1), 'unscaled_outputs': (1000, 59, 1), 'prev_outputs': (1000, 59, 1), 'static_features': (1000, 1)}
[2025-01-29 20:09:52,239][src.data.cancer_sim.dataset][INFO] - Processing test dataset before training
[2025-01-29 20:10:11,520][src.data.cancer_sim.dataset][INFO] - Shape of processed test data: {'cancer_volume': (224868, 60), 'chemo_application': (224868, 60), 'radio_application': (224868, 60), 'sequence_lengths': (224868,), 'patient_types': (224868,), 'prev_treatments': (224868, 59, 4), 'current_treatments': (224868, 59, 4), 'current_covariates': (224868, 59, 2), 'outputs': (224868, 59, 1), 'active_entries': (224868, 59, 1), 'unscaled_outputs': (224868, 59, 1), 'prev_outputs': (224868, 59, 1), 'static_features': (224868, 1)}
[2025-01-29 20:10:11,521][src.data.cancer_sim.dataset][INFO] - Processing test dataset before training
[2025-01-29 20:11:03,448][src.data.cancer_sim.dataset][INFO] - Shape of processed test data: {'cancer_volume': (548744, 65), 'chemo_application': (548744, 65), 'radio_application': (548744, 65), 'sequence_lengths': (548744,), 'patient_types': (548744,), 'patient_ids_all_trajectories': (548744,), 'patient_current_t': (548744,), 'prev_treatments': (548744, 64, 4), 'current_treatments': (548744, 64, 4), 'current_covariates': (548744, 64, 2), 'outputs': (548744, 64, 1), 'active_entries': (548744, 64, 1), 'unscaled_outputs': (548744, 64, 1), 'prev_outputs': (548744, 64, 1), 'static_features': (548744, 1)}
[2025-01-29 20:11:03,451][src.data.cancer_sim.dataset][INFO] - Processing test dataset before testing (multiple sequences)
[2025-01-29 20:11:10,116][src.data.cancer_sim.dataset][INFO] - Shape of processed test data: {'active_encoder_r': (548744, 59), 'prev_treatments': (548744, 5, 4), 'current_treatments': (548744, 5, 4), 'current_covariates': (548744, 5, 2), 'prev_outputs': (548744, 5, 1), 'static_features': (548744, 1), 'outputs': (548744, 5, 1), 'sequence_lengths': (548744,), 'active_entries': (548744, 5, 1), 'unscaled_outputs': (548744, 5, 1), 'patient_types': (548744,), 'patient_ids_all_trajectories': (548744,), 'patient_current_t': (548744,)}
[2025-01-29 20:11:12,644][src.models.gnet][INFO] - Input size of g_net: 6
[2025-01-29 20:11:12,792][src.data.dataset_collection][INFO] - Splited train_f on train_f: 9000 and train_f_holdout: 1000
[2025-01-29 20:11:12,792][src.data.dataset_collection][INFO] - Exploding test_cf_treatment_seq 50 times
[2025-01-29 20:13:33,845][src.models.gnet][INFO] - Fitting residuals based on train_f_holdout.
[2025-01-29 20:13:33,846][src.models.gnet][INFO] - Predictions for train.
[2025-01-29 20:13:34,514][src.models.time_varying_model][INFO] - RMSE calculation for val.
[2025-01-29 20:13:34,514][src.models.gnet][INFO] - Predictions for val.
[2025-01-29 20:13:35,195][__main__][INFO] - Val normalised RMSE (all): 0.727096811520154; Val normalised RMSE (orig): 0.7190348345142824
[2025-01-29 20:13:35,195][src.models.time_varying_model][INFO] - RMSE calculation for test.
[2025-01-29 20:13:35,196][src.models.gnet][INFO] - Predictions for test.
[2025-01-29 20:13:45,706][__main__][INFO] - Test normalised RMSE (all): 1.328096567569771; Test normalised RMSE (orig): 1.1143451836911966; Test normalised RMSE (only counterfactual): 1.9694662997919519
[2025-01-29 20:13:45,766][src.models.time_varying_model][INFO] - RMSE calculation for test.
[2025-01-29 20:13:45,766][src.models.gnet][INFO] - Autoregressive Prediction for test with MC-sampling of trajectories.
[2025-01-29 20:13:45,766][src.models.gnet][INFO] - t = 1
[2025-01-29 20:13:45,766][src.models.gnet][INFO] - Predictions for test.
[2025-01-29 20:14:10,703][src.models.gnet][INFO] - Predictions for test.
