[2025-01-27 23:44:48,675][__main__][INFO] - 
model:
  dim_treatments: 4
  dim_vitals: 0
  dim_static_features: 1
  dim_outcomes: 1
  name: CT
  multi:
    _target_: src.models.ct.CT
    max_seq_length: 65
    seq_hidden_units: 12
    br_size: 16
    fc_hidden_units: 48
    dropout_rate: 0.1
    num_layer: 1
    num_heads: 2
    max_grad_norm: null
    batch_size: 1024
    attn_dropout: true
    disable_cross_attention: false
    isolate_subnetwork: _
    self_positional_encoding:
      absolute: false
      trainable: true
      max_relative_position: 15
    optimizer:
      optimizer_cls: adam
      learning_rate: 0.01
      weight_decay: 0.0
      lr_scheduler: false
    augment_with_masked_vitals: true
    tune_hparams: false
    tune_range: 50
    hparams_grid: null
    resources_per_trial: null
  self_positional_encoding:
    max_relative_position: 15
dataset:
  val_batch_size: 512
  treatment_mode: multiclass
  _target_: src.data.SyntheticCancerDatasetCollection
  name: tumor_generator
  coeff: 5.0
  chemo_coeff: 5.0
  radio_coeff: 5.0
  seed: 10
  random: false
  noise_percentage: 0.0
  num_patients:
    train: 10000
    val: 1000
    test: 1000
  window_size: 15
  lag: 0
  max_seq_length: 60
  projection_horizon: 5
  cf_seq_mode: sliding_treatment
exp:
  seed: 10
  gpus:
  - 0
  max_epochs: 120
  logging: true
  mlflow_uri: http://127.0.0.1:5000
  unscale_rmse: true
  percentage_rmse: true
  alpha: 0.01
  update_alpha: true
  alpha_rate: exp
  initial_balancing_method: domain_confusion
  final_balancing_method: subgroup
  bce_weight: false
  weights_ema: true
  beta: 0.99
  alpha_wass: 0.001
  alpha_wass_epoch: false
  alpha_wass_growth: 0.001
  alpha_wass_max: 0.01
  balancing_switch_epoch: 99
  clustering_method: GMM
  number_clusters: 2
  num_timepoints: 59
  gap_epoch: 3
  checkpoint_dir: ./checkpoints/cancer/ct/SGA/5

[2025-01-27 23:44:48,702][root][INFO] - Simulating initial volumes for stage I  with norm params: mu=1.72, sigma=4.7, lb=-0.6221218732608373, ub=-0.023523848418276528
[2025-01-27 23:44:48,712][root][INFO] - Simulating initial volumes for stage II  with norm params: mu=1.96, sigma=1.63, lb=-1.9410876100159118, ub=0.3711345751297772
[2025-01-27 23:44:48,713][root][INFO] - Simulating initial volumes for stage IIIA  with norm params: mu=1.91, sigma=9.4, lb=-0.33127370258786554, ub=0.06967546355973796
[2025-01-27 23:44:48,714][root][INFO] - Simulating initial volumes for stage IIIB  with norm params: mu=2.76, sigma=6.87, lb=-0.5769974969906748, ub=-0.02839165102452155
[2025-01-27 23:44:48,717][root][INFO] - Simulating initial volumes for stage IV  with norm params: mu=3.86, sigma=8.82, lb=-0.5741465764541877, ub=-0.14683113860980307
[2025-01-27 23:44:48,745][root][INFO] - Got correlated params for 4658 patients
[2025-01-27 23:44:48,750][root][INFO] - Got correlated params for 9338 patients
[2025-01-27 23:44:48,755][root][INFO] - Got correlated params for 13912 patients
[2025-01-27 23:44:48,763][root][INFO] - Simulating beta_c parameters
[2025-01-27 23:44:48,768][root][INFO] - Randomising outputs
[2025-01-27 23:44:48,966][__main__][INFO] - 
model:
  dim_treatments: 4
  dim_vitals: 0
  dim_static_features: 1
  dim_outcomes: 1
  name: CT
  multi:
    _target_: src.models.ct.CT
    max_seq_length: 65
    seq_hidden_units: 12
    br_size: 16
    fc_hidden_units: 48
    dropout_rate: 0.1
    num_layer: 1
    num_heads: 2
    max_grad_norm: null
    batch_size: 1024
    attn_dropout: true
    disable_cross_attention: false
    isolate_subnetwork: _
    self_positional_encoding:
      absolute: false
      trainable: true
      max_relative_position: 15
    optimizer:
      optimizer_cls: adam
      learning_rate: 0.01
      weight_decay: 0.0
      lr_scheduler: false
    augment_with_masked_vitals: true
    tune_hparams: false
    tune_range: 50
    hparams_grid: null
    resources_per_trial: null
  self_positional_encoding:
    max_relative_position: 15
dataset:
  val_batch_size: 512
  treatment_mode: multiclass
  _target_: src.data.SyntheticCancerDatasetCollection
  name: tumor_generator
  coeff: 5.0
  chemo_coeff: 5.0
  radio_coeff: 5.0
  seed: 10
  random: false
  noise_percentage: 0.0
  num_patients:
    train: 10000
    val: 1000
    test: 1000
  window_size: 15
  lag: 0
  max_seq_length: 60
  projection_horizon: 5
  cf_seq_mode: sliding_treatment
exp:
  seed: 10
  gpus:
  - 0
  max_epochs: 120
  logging: true
  mlflow_uri: http://127.0.0.1:5000
  unscale_rmse: true
  percentage_rmse: true
  alpha: 0.01
  update_alpha: true
  alpha_rate: exp
  initial_balancing_method: domain_confusion
  final_balancing_method: subgroup
  bce_weight: false
  weights_ema: true
  beta: 0.99
  alpha_wass: 0.01
  alpha_wass_epoch: false
  alpha_wass_growth: 0.001
  alpha_wass_max: 0.01
  balancing_switch_epoch: 99
  clustering_method: GMM
  number_clusters: 2
  num_timepoints: 59
  gap_epoch: 5
  checkpoint_dir: ./checkpoints/cancer/ct/SGA/5

[2025-01-27 23:44:48,982][root][INFO] - Simulating initial volumes for stage I  with norm params: mu=1.72, sigma=4.7, lb=-0.6221218732608373, ub=-0.023523848418276528
[2025-01-27 23:44:48,984][root][INFO] - Simulating initial volumes for stage II  with norm params: mu=1.96, sigma=1.63, lb=-1.9410876100159118, ub=0.3711345751297772
[2025-01-27 23:44:48,985][root][INFO] - Simulating initial volumes for stage IIIA  with norm params: mu=1.91, sigma=9.4, lb=-0.33127370258786554, ub=0.06967546355973796
[2025-01-27 23:44:48,986][root][INFO] - Simulating initial volumes for stage IIIB  with norm params: mu=2.76, sigma=6.87, lb=-0.5769974969906748, ub=-0.02839165102452155
[2025-01-27 23:44:48,988][root][INFO] - Simulating initial volumes for stage IV  with norm params: mu=3.86, sigma=8.82, lb=-0.5741465764541877, ub=-0.14683113860980307
[2025-01-27 23:44:48,998][root][INFO] - Got correlated params for 4658 patients
[2025-01-27 23:44:49,002][root][INFO] - Got correlated params for 9338 patients
[2025-01-27 23:44:49,007][root][INFO] - Got correlated params for 13912 patients
[2025-01-27 23:44:49,015][root][INFO] - Simulating beta_c parameters
[2025-01-27 23:44:49,020][root][INFO] - Randomising outputs
[2025-01-27 23:45:04,407][root][INFO] - Simulating initial volumes for stage I  with norm params: mu=1.72, sigma=4.7, lb=-0.6221218732608373, ub=-0.023523848418276528
[2025-01-27 23:45:04,409][root][INFO] - Simulating initial volumes for stage II  with norm params: mu=1.96, sigma=1.63, lb=-1.9410876100159118, ub=0.3711345751297772
[2025-01-27 23:45:04,410][root][INFO] - Simulating initial volumes for stage IIIA  with norm params: mu=1.91, sigma=9.4, lb=-0.33127370258786554, ub=0.06967546355973796
[2025-01-27 23:45:04,411][root][INFO] - Simulating initial volumes for stage IIIB  with norm params: mu=2.76, sigma=6.87, lb=-0.5769974969906748, ub=-0.02839165102452155
[2025-01-27 23:45:04,411][root][INFO] - Simulating initial volumes for stage IV  with norm params: mu=3.86, sigma=8.82, lb=-0.5741465764541877, ub=-0.14683113860980307
[2025-01-27 23:45:04,413][root][INFO] - Got correlated params for 464 patients
[2025-01-27 23:45:04,415][root][INFO] - Got correlated params for 942 patients
[2025-01-27 23:45:04,416][root][INFO] - Got correlated params for 1398 patients
[2025-01-27 23:45:04,417][root][INFO] - Simulating beta_c parameters
[2025-01-27 23:45:04,418][root][INFO] - Randomising outputs
[2025-01-27 23:45:05,961][root][INFO] - Simulating initial volumes for stage I  with norm params: mu=1.72, sigma=4.7, lb=-0.6221218732608373, ub=-0.023523848418276528
[2025-01-27 23:45:05,962][root][INFO] - Simulating initial volumes for stage II  with norm params: mu=1.96, sigma=1.63, lb=-1.9410876100159118, ub=0.3711345751297772
[2025-01-27 23:45:05,963][root][INFO] - Simulating initial volumes for stage IIIA  with norm params: mu=1.91, sigma=9.4, lb=-0.33127370258786554, ub=0.06967546355973796
[2025-01-27 23:45:05,964][root][INFO] - Simulating initial volumes for stage IIIB  with norm params: mu=2.76, sigma=6.87, lb=-0.5769974969906748, ub=-0.02839165102452155
[2025-01-27 23:45:05,964][root][INFO] - Simulating initial volumes for stage IV  with norm params: mu=3.86, sigma=8.82, lb=-0.5741465764541877, ub=-0.14683113860980307
[2025-01-27 23:45:05,966][root][INFO] - Got correlated params for 491 patients
[2025-01-27 23:45:05,967][root][INFO] - Got correlated params for 936 patients
[2025-01-27 23:45:05,968][root][INFO] - Got correlated params for 1396 patients
[2025-01-27 23:45:05,969][root][INFO] - Simulating beta_c parameters
[2025-01-27 23:45:05,970][root][INFO] - Randomising outputs
[2025-01-27 23:45:06,855][root][INFO] - Simulating initial volumes for stage I  with norm params: mu=1.72, sigma=4.7, lb=-0.6221218732608373, ub=-0.023523848418276528
[2025-01-27 23:45:06,857][root][INFO] - Simulating initial volumes for stage II  with norm params: mu=1.96, sigma=1.63, lb=-1.9410876100159118, ub=0.3711345751297772
[2025-01-27 23:45:06,858][root][INFO] - Simulating initial volumes for stage IIIA  with norm params: mu=1.91, sigma=9.4, lb=-0.33127370258786554, ub=0.06967546355973796
[2025-01-27 23:45:06,858][root][INFO] - Simulating initial volumes for stage IIIB  with norm params: mu=2.76, sigma=6.87, lb=-0.5769974969906748, ub=-0.02839165102452155
[2025-01-27 23:45:06,859][root][INFO] - Simulating initial volumes for stage IV  with norm params: mu=3.86, sigma=8.82, lb=-0.5741465764541877, ub=-0.14683113860980307
[2025-01-27 23:45:06,861][root][INFO] - Got correlated params for 464 patients
[2025-01-27 23:45:06,862][root][INFO] - Got correlated params for 942 patients
[2025-01-27 23:45:06,863][root][INFO] - Got correlated params for 1398 patients
[2025-01-27 23:45:06,864][root][INFO] - Simulating beta_c parameters
[2025-01-27 23:45:06,865][root][INFO] - Randomising outputs
[2025-01-27 23:45:08,657][root][INFO] - Simulating initial volumes for stage I  with norm params: mu=1.72, sigma=4.7, lb=-0.6221218732608373, ub=-0.023523848418276528
[2025-01-27 23:45:08,658][root][INFO] - Simulating initial volumes for stage II  with norm params: mu=1.96, sigma=1.63, lb=-1.9410876100159118, ub=0.3711345751297772
[2025-01-27 23:45:08,659][root][INFO] - Simulating initial volumes for stage IIIA  with norm params: mu=1.91, sigma=9.4, lb=-0.33127370258786554, ub=0.06967546355973796
[2025-01-27 23:45:08,660][root][INFO] - Simulating initial volumes for stage IIIB  with norm params: mu=2.76, sigma=6.87, lb=-0.5769974969906748, ub=-0.02839165102452155
[2025-01-27 23:45:08,660][root][INFO] - Simulating initial volumes for stage IV  with norm params: mu=3.86, sigma=8.82, lb=-0.5741465764541877, ub=-0.14683113860980307
[2025-01-27 23:45:08,663][root][INFO] - Got correlated params for 491 patients
[2025-01-27 23:45:08,664][root][INFO] - Got correlated params for 936 patients
[2025-01-27 23:45:08,665][root][INFO] - Got correlated params for 1396 patients
[2025-01-27 23:45:08,666][root][INFO] - Simulating beta_c parameters
[2025-01-27 23:45:08,667][root][INFO] - Randomising outputs
[2025-01-27 23:45:11,523][root][INFO] - Simulating initial volumes for stage I  with norm params: mu=1.72, sigma=4.7, lb=-0.6221218732608373, ub=-0.023523848418276528
[2025-01-27 23:45:11,525][root][INFO] - Simulating initial volumes for stage II  with norm params: mu=1.96, sigma=1.63, lb=-1.9410876100159118, ub=0.3711345751297772
[2025-01-27 23:45:11,525][root][INFO] - Simulating initial volumes for stage IIIA  with norm params: mu=1.91, sigma=9.4, lb=-0.33127370258786554, ub=0.06967546355973796
[2025-01-27 23:45:11,526][root][INFO] - Simulating initial volumes for stage IIIB  with norm params: mu=2.76, sigma=6.87, lb=-0.5769974969906748, ub=-0.02839165102452155
[2025-01-27 23:45:11,527][root][INFO] - Simulating initial volumes for stage IV  with norm params: mu=3.86, sigma=8.82, lb=-0.5741465764541877, ub=-0.14683113860980307
[2025-01-27 23:45:11,528][root][INFO] - Got correlated params for 434 patients
[2025-01-27 23:45:11,530][root][INFO] - Got correlated params for 874 patients
[2025-01-27 23:45:11,531][root][INFO] - Got correlated params for 1357 patients
[2025-01-27 23:45:11,532][root][INFO] - Simulating beta_c parameters
[2025-01-27 23:45:11,533][root][INFO] - Randomising outputs
[2025-01-27 23:45:15,045][root][INFO] - Simulating initial volumes for stage I  with norm params: mu=1.72, sigma=4.7, lb=-0.6221218732608373, ub=-0.023523848418276528
[2025-01-27 23:45:15,046][root][INFO] - Simulating initial volumes for stage II  with norm params: mu=1.96, sigma=1.63, lb=-1.9410876100159118, ub=0.3711345751297772
[2025-01-27 23:45:15,047][root][INFO] - Simulating initial volumes for stage IIIA  with norm params: mu=1.91, sigma=9.4, lb=-0.33127370258786554, ub=0.06967546355973796
[2025-01-27 23:45:15,047][root][INFO] - Simulating initial volumes for stage IIIB  with norm params: mu=2.76, sigma=6.87, lb=-0.5769974969906748, ub=-0.02839165102452155
[2025-01-27 23:45:15,048][root][INFO] - Simulating initial volumes for stage IV  with norm params: mu=3.86, sigma=8.82, lb=-0.5741465764541877, ub=-0.14683113860980307
[2025-01-27 23:45:15,050][root][INFO] - Got correlated params for 434 patients
[2025-01-27 23:45:15,051][root][INFO] - Got correlated params for 874 patients
[2025-01-27 23:45:15,052][root][INFO] - Got correlated params for 1357 patients
[2025-01-27 23:45:15,053][root][INFO] - Simulating beta_c parameters
[2025-01-27 23:45:15,054][root][INFO] - Randomising outputs
[2025-01-27 23:45:36,824][src.data.cancer_sim.dataset][INFO] - Processing train dataset before training
[2025-01-27 23:45:37,747][src.data.cancer_sim.dataset][INFO] - Shape of processed train data: {'cancer_volume': (10000, 60), 'chemo_dosage': (10000, 60), 'radio_dosage': (10000, 60), 'chemo_application': (10000, 60), 'radio_application': (10000, 60), 'chemo_probabilities': (10000, 60), 'radio_probabilities': (10000, 60), 'sequence_lengths': (10000,), 'death_flags': (10000, 60), 'recovery_flags': (10000, 60), 'patient_types': (10000,), 'prev_treatments': (10000, 59, 4), 'current_treatments': (10000, 59, 4), 'current_covariates': (10000, 59, 2), 'outputs': (10000, 59, 1), 'active_entries': (10000, 59, 1), 'unscaled_outputs': (10000, 59, 1), 'prev_outputs': (10000, 59, 1), 'static_features': (10000, 1)}
[2025-01-27 23:45:37,747][src.data.cancer_sim.dataset][INFO] - Processing val dataset before training
[2025-01-27 23:45:37,840][src.data.cancer_sim.dataset][INFO] - Shape of processed val data: {'cancer_volume': (1000, 60), 'chemo_dosage': (1000, 60), 'radio_dosage': (1000, 60), 'chemo_application': (1000, 60), 'radio_application': (1000, 60), 'chemo_probabilities': (1000, 60), 'radio_probabilities': (1000, 60), 'sequence_lengths': (1000,), 'death_flags': (1000, 60), 'recovery_flags': (1000, 60), 'patient_types': (1000,), 'prev_treatments': (1000, 59, 4), 'current_treatments': (1000, 59, 4), 'current_covariates': (1000, 59, 2), 'outputs': (1000, 59, 1), 'active_entries': (1000, 59, 1), 'unscaled_outputs': (1000, 59, 1), 'prev_outputs': (1000, 59, 1), 'static_features': (1000, 1)}
[2025-01-27 23:45:37,840][src.data.cancer_sim.dataset][INFO] - Processing test dataset before training
[2025-01-27 23:45:44,131][src.data.cancer_sim.dataset][INFO] - Processing train dataset before training
[2025-01-27 23:45:45,018][src.data.cancer_sim.dataset][INFO] - Shape of processed train data: {'cancer_volume': (10000, 60), 'chemo_dosage': (10000, 60), 'radio_dosage': (10000, 60), 'chemo_application': (10000, 60), 'radio_application': (10000, 60), 'chemo_probabilities': (10000, 60), 'radio_probabilities': (10000, 60), 'sequence_lengths': (10000,), 'death_flags': (10000, 60), 'recovery_flags': (10000, 60), 'patient_types': (10000,), 'prev_treatments': (10000, 59, 4), 'current_treatments': (10000, 59, 4), 'current_covariates': (10000, 59, 2), 'outputs': (10000, 59, 1), 'active_entries': (10000, 59, 1), 'unscaled_outputs': (10000, 59, 1), 'prev_outputs': (10000, 59, 1), 'static_features': (10000, 1)}
[2025-01-27 23:45:45,018][src.data.cancer_sim.dataset][INFO] - Processing val dataset before training
[2025-01-27 23:45:45,116][src.data.cancer_sim.dataset][INFO] - Shape of processed val data: {'cancer_volume': (1000, 60), 'chemo_dosage': (1000, 60), 'radio_dosage': (1000, 60), 'chemo_application': (1000, 60), 'radio_application': (1000, 60), 'chemo_probabilities': (1000, 60), 'radio_probabilities': (1000, 60), 'sequence_lengths': (1000,), 'death_flags': (1000, 60), 'recovery_flags': (1000, 60), 'patient_types': (1000,), 'prev_treatments': (1000, 59, 4), 'current_treatments': (1000, 59, 4), 'current_covariates': (1000, 59, 2), 'outputs': (1000, 59, 1), 'active_entries': (1000, 59, 1), 'unscaled_outputs': (1000, 59, 1), 'prev_outputs': (1000, 59, 1), 'static_features': (1000, 1)}
[2025-01-27 23:45:45,116][src.data.cancer_sim.dataset][INFO] - Processing test dataset before training
[2025-01-27 23:45:57,733][src.data.cancer_sim.dataset][INFO] - Shape of processed test data: {'cancer_volume': (225248, 60), 'chemo_application': (225248, 60), 'radio_application': (225248, 60), 'sequence_lengths': (225248,), 'patient_types': (225248,), 'prev_treatments': (225248, 59, 4), 'current_treatments': (225248, 59, 4), 'current_covariates': (225248, 59, 2), 'outputs': (225248, 59, 1), 'active_entries': (225248, 59, 1), 'unscaled_outputs': (225248, 59, 1), 'prev_outputs': (225248, 59, 1), 'static_features': (225248, 1)}
[2025-01-27 23:45:57,735][src.data.cancer_sim.dataset][INFO] - Processing test dataset before training
[2025-01-27 23:46:04,649][src.data.cancer_sim.dataset][INFO] - Shape of processed test data: {'cancer_volume': (225248, 60), 'chemo_application': (225248, 60), 'radio_application': (225248, 60), 'sequence_lengths': (225248,), 'patient_types': (225248,), 'prev_treatments': (225248, 59, 4), 'current_treatments': (225248, 59, 4), 'current_covariates': (225248, 59, 2), 'outputs': (225248, 59, 1), 'active_entries': (225248, 59, 1), 'unscaled_outputs': (225248, 59, 1), 'prev_outputs': (225248, 59, 1), 'static_features': (225248, 1)}
[2025-01-27 23:46:04,651][src.data.cancer_sim.dataset][INFO] - Processing test dataset before training
[2025-01-27 23:46:51,312][src.data.cancer_sim.dataset][INFO] - Shape of processed test data: {'cancer_volume': (554444, 65), 'chemo_application': (554444, 65), 'radio_application': (554444, 65), 'sequence_lengths': (554444,), 'patient_types': (554444,), 'patient_ids_all_trajectories': (554444,), 'patient_current_t': (554444,), 'prev_treatments': (554444, 64, 4), 'current_treatments': (554444, 64, 4), 'current_covariates': (554444, 64, 2), 'outputs': (554444, 64, 1), 'active_entries': (554444, 64, 1), 'unscaled_outputs': (554444, 64, 1), 'prev_outputs': (554444, 64, 1), 'static_features': (554444, 1)}
[2025-01-27 23:46:51,316][src.data.cancer_sim.dataset][INFO] - Processing test dataset before testing (multiple sequences)
[2025-01-27 23:46:57,479][src.data.cancer_sim.dataset][INFO] - Shape of processed test data: {'cancer_volume': (554444, 65), 'chemo_application': (554444, 65), 'radio_application': (554444, 65), 'sequence_lengths': (554444,), 'patient_types': (554444,), 'patient_ids_all_trajectories': (554444,), 'patient_current_t': (554444,), 'prev_treatments': (554444, 64, 4), 'current_treatments': (554444, 64, 4), 'current_covariates': (554444, 64, 2), 'outputs': (554444, 64, 1), 'active_entries': (554444, 64, 1), 'unscaled_outputs': (554444, 64, 1), 'prev_outputs': (554444, 64, 1), 'static_features': (554444, 1)}
[2025-01-27 23:46:57,483][src.data.cancer_sim.dataset][INFO] - Processing test dataset before testing (multiple sequences)
[2025-01-27 23:46:58,318][src.data.cancer_sim.dataset][INFO] - Shape of processed test data: {'active_encoder_r': (554444, 59), 'prev_treatments': (554444, 5, 4), 'current_treatments': (554444, 5, 4), 'current_covariates': (554444, 5, 2), 'prev_outputs': (554444, 5, 1), 'static_features': (554444, 1), 'outputs': (554444, 5, 1), 'sequence_lengths': (554444,), 'active_entries': (554444, 5, 1), 'unscaled_outputs': (554444, 5, 1), 'patient_types': (554444,), 'patient_ids_all_trajectories': (554444,), 'patient_current_t': (554444,)}
[2025-01-27 23:47:00,824][src.models.ct][INFO] - Max input size of multi: 4
[2025-01-27 23:47:05,078][src.data.cancer_sim.dataset][INFO] - Shape of processed test data: {'active_encoder_r': (554444, 59), 'prev_treatments': (554444, 5, 4), 'current_treatments': (554444, 5, 4), 'current_covariates': (554444, 5, 2), 'prev_outputs': (554444, 5, 1), 'static_features': (554444, 1), 'outputs': (554444, 5, 1), 'sequence_lengths': (554444,), 'active_entries': (554444, 5, 1), 'unscaled_outputs': (554444, 5, 1), 'patient_types': (554444,), 'patient_ids_all_trajectories': (554444,), 'patient_current_t': (554444,)}
[2025-01-27 23:47:07,476][src.models.ct][INFO] - Max input size of multi: 4
[2025-01-27 23:51:48,534][src.models.time_varying_model][INFO] - RMSE calculation for val.
[2025-01-27 23:51:48,534][src.models.time_varying_model][INFO] - Predictions for val.
[2025-01-27 23:51:49,683][__main__][INFO] - Val normalised RMSE (all): 0.6323665005897715; Val normalised RMSE (orig): 0.6250038010735722
[2025-01-27 23:51:49,683][src.models.time_varying_model][INFO] - RMSE calculation for test.
[2025-01-27 23:51:49,683][src.models.time_varying_model][INFO] - Predictions for test.
[2025-01-27 23:52:07,936][__main__][INFO] - Test normalised RMSE (all): 1.5866084516590193; Test normalised RMSE (orig): 1.406329885828573; Test normalised RMSE (only counterfactual): 1.6785159938471517
[2025-01-27 23:52:07,984][src.models.time_varying_model][INFO] - RMSE calculation for test.
[2025-01-27 23:52:07,985][src.models.ct][INFO] - Autoregressive Prediction for test.
[2025-01-27 23:52:07,988][src.models.ct][INFO] - t = 1
[2025-01-27 23:52:07,988][src.models.time_varying_model][INFO] - Predictions for test.
[2025-01-27 23:52:24,254][src.models.time_varying_model][INFO] - RMSE calculation for val.
[2025-01-27 23:52:24,254][src.models.time_varying_model][INFO] - Predictions for val.
[2025-01-27 23:52:24,940][__main__][INFO] - Val normalised RMSE (all): 0.6300194567654859; Val normalised RMSE (orig): 0.6226801378758702
[2025-01-27 23:52:24,940][src.models.time_varying_model][INFO] - RMSE calculation for test.
[2025-01-27 23:52:24,940][src.models.time_varying_model][INFO] - Predictions for test.
[2025-01-27 23:52:40,347][__main__][INFO] - Test normalised RMSE (all): 1.633264524688511; Test normalised RMSE (orig): 1.461240301709103; Test normalised RMSE (only counterfactual): 1.7029882487488486
[2025-01-27 23:52:40,390][src.models.time_varying_model][INFO] - RMSE calculation for test.
[2025-01-27 23:52:40,390][src.models.ct][INFO] - Autoregressive Prediction for test.
[2025-01-27 23:52:40,393][src.models.ct][INFO] - t = 1
[2025-01-27 23:52:40,393][src.models.time_varying_model][INFO] - Predictions for test.
[2025-01-27 23:53:04,910][src.models.ct][INFO] - t = 2
[2025-01-27 23:53:04,911][src.models.time_varying_model][INFO] - Predictions for test.
[2025-01-27 23:53:30,745][src.models.ct][INFO] - t = 2
[2025-01-27 23:53:30,746][src.models.time_varying_model][INFO] - Predictions for test.
[2025-01-27 23:54:02,320][src.models.ct][INFO] - t = 3
[2025-01-27 23:54:02,321][src.models.time_varying_model][INFO] - Predictions for test.
[2025-01-27 23:54:21,652][src.models.ct][INFO] - t = 3
[2025-01-27 23:54:21,653][src.models.time_varying_model][INFO] - Predictions for test.
[2025-01-27 23:54:59,207][src.models.ct][INFO] - t = 4
[2025-01-27 23:54:59,207][src.models.time_varying_model][INFO] - Predictions for test.
[2025-01-27 23:55:11,331][src.models.ct][INFO] - t = 4
[2025-01-27 23:55:11,332][src.models.time_varying_model][INFO] - Predictions for test.
[2025-01-27 23:55:56,008][src.models.ct][INFO] - t = 5
[2025-01-27 23:55:56,009][src.models.time_varying_model][INFO] - Predictions for test.
[2025-01-27 23:56:01,419][src.models.ct][INFO] - t = 5
[2025-01-27 23:56:01,420][src.models.time_varying_model][INFO] - Predictions for test.
[2025-01-27 23:56:52,588][src.models.ct][INFO] - t = 6
[2025-01-27 23:56:52,589][src.models.time_varying_model][INFO] - Predictions for test.
[2025-01-27 23:56:52,907][src.models.ct][INFO] - t = 6
[2025-01-27 23:56:52,907][src.models.time_varying_model][INFO] - Predictions for test.
[2025-01-27 23:57:44,625][__main__][INFO] - Test normalised RMSE (n-step prediction): {'2-step': 2.0615599764516443, '3-step': 2.2917049237290614, '4-step': 2.350312325966721, '5-step': 2.3543096137112127, '6-step': 2.2488254425963152}
[2025-01-27 23:57:52,013][__main__][INFO] - Test normalised RMSE (n-step prediction): {'2-step': 2.0056352378613744, '3-step': 2.2365588130186125, '4-step': 2.300689580152595, '5-step': 2.294568729466527, '6-step': 2.1835987611177843}
