[2025-01-27 18:39:43,042][__main__][INFO] - 
model:
  dim_treatments: 4
  dim_vitals: 0
  dim_static_features: 1
  dim_outcomes: 1
  name: MSM
  lag_features: 1
  propensity_treatment:
    _target_: src.models.msm.MSMPropensityTreatment
  propensity_history:
    _target_: src.models.msm.MSMPropensityHistory
  msm_regressor:
    _target_: src.models.msm.MSMRegressor
dataset:
  val_batch_size: 512
  treatment_mode: multilabel
  _target_: src.data.SyntheticCancerDatasetCollection
  name: tumor_generator
  coeff: 6.0
  chemo_coeff: 6.0
  radio_coeff: 6.0
  seed: 666
  random: false
  noise_percentage: 0.0
  num_patients:
    train: 10000
    val: 1000
    test: 1000
  window_size: 15
  lag: 0
  max_seq_length: 60
  projection_horizon: 5
  cf_seq_mode: sliding_treatment
exp:
  seed: 666
  gpus:
  - 0
  max_epochs: 100
  logging: true
  mlflow_uri: http://127.0.0.1:5000
  unscale_rmse: true
  percentage_rmse: true
  alpha: 1.0
  update_alpha: false
  alpha_rate: exp
  initial_balancing_method: null
  final_balancing_method: null
  bce_weight: false
  weights_ema: true
  beta: 0.99
  alpha_wass: 0.0001
  alpha_wass_epoch: false
  alpha_wass_growth: 0.001
  alpha_wass_max: 0.01

[2025-01-27 18:39:43,063][root][INFO] - Simulating initial volumes for stage I  with norm params: mu=1.72, sigma=4.7, lb=-0.6221218732608373, ub=-0.023523848418276528
[2025-01-27 18:39:43,071][root][INFO] - Simulating initial volumes for stage II  with norm params: mu=1.96, sigma=1.63, lb=-1.9410876100159118, ub=0.3711345751297772
[2025-01-27 18:39:43,073][root][INFO] - Simulating initial volumes for stage IIIA  with norm params: mu=1.91, sigma=9.4, lb=-0.33127370258786554, ub=0.06967546355973796
[2025-01-27 18:39:43,073][root][INFO] - Simulating initial volumes for stage IIIB  with norm params: mu=2.76, sigma=6.87, lb=-0.5769974969906748, ub=-0.02839165102452155
[2025-01-27 18:39:43,076][root][INFO] - Simulating initial volumes for stage IV  with norm params: mu=3.86, sigma=8.82, lb=-0.5741465764541877, ub=-0.14683113860980307
[2025-01-27 18:39:43,101][root][INFO] - Got correlated params for 4572 patients
[2025-01-27 18:39:43,105][root][INFO] - Got correlated params for 9141 patients
[2025-01-27 18:39:43,110][root][INFO] - Got correlated params for 13751 patients
[2025-01-27 18:39:43,118][root][INFO] - Simulating beta_c parameters
[2025-01-27 18:39:43,123][root][INFO] - Randomising outputs
[2025-01-27 18:40:00,720][root][INFO] - Simulating initial volumes for stage I  with norm params: mu=1.72, sigma=4.7, lb=-0.6221218732608373, ub=-0.023523848418276528
[2025-01-27 18:40:00,722][root][INFO] - Simulating initial volumes for stage II  with norm params: mu=1.96, sigma=1.63, lb=-1.9410876100159118, ub=0.3711345751297772
[2025-01-27 18:40:00,723][root][INFO] - Simulating initial volumes for stage IIIA  with norm params: mu=1.91, sigma=9.4, lb=-0.33127370258786554, ub=0.06967546355973796
[2025-01-27 18:40:00,724][root][INFO] - Simulating initial volumes for stage IIIB  with norm params: mu=2.76, sigma=6.87, lb=-0.5769974969906748, ub=-0.02839165102452155
[2025-01-27 18:40:00,725][root][INFO] - Simulating initial volumes for stage IV  with norm params: mu=3.86, sigma=8.82, lb=-0.5741465764541877, ub=-0.14683113860980307
[2025-01-27 18:40:00,727][root][INFO] - Got correlated params for 452 patients
[2025-01-27 18:40:00,728][root][INFO] - Got correlated params for 895 patients
[2025-01-27 18:40:00,729][root][INFO] - Got correlated params for 1383 patients
[2025-01-27 18:40:00,730][root][INFO] - Simulating beta_c parameters
[2025-01-27 18:40:00,731][root][INFO] - Randomising outputs
[2025-01-27 18:40:02,447][root][INFO] - Simulating initial volumes for stage I  with norm params: mu=1.72, sigma=4.7, lb=-0.6221218732608373, ub=-0.023523848418276528
[2025-01-27 18:40:02,447][root][INFO] - Simulating initial volumes for stage II  with norm params: mu=1.96, sigma=1.63, lb=-1.9410876100159118, ub=0.3711345751297772
[2025-01-27 18:40:02,448][root][INFO] - Simulating initial volumes for stage IIIA  with norm params: mu=1.91, sigma=9.4, lb=-0.33127370258786554, ub=0.06967546355973796
[2025-01-27 18:40:02,449][root][INFO] - Simulating initial volumes for stage IIIB  with norm params: mu=2.76, sigma=6.87, lb=-0.5769974969906748, ub=-0.02839165102452155
[2025-01-27 18:40:02,449][root][INFO] - Simulating initial volumes for stage IV  with norm params: mu=3.86, sigma=8.82, lb=-0.5741465764541877, ub=-0.14683113860980307
[2025-01-27 18:40:02,451][root][INFO] - Got correlated params for 468 patients
[2025-01-27 18:40:02,452][root][INFO] - Got correlated params for 929 patients
[2025-01-27 18:40:02,453][root][INFO] - Got correlated params for 1391 patients
[2025-01-27 18:40:02,454][root][INFO] - Simulating beta_c parameters
[2025-01-27 18:40:02,455][root][INFO] - Randomising outputs
[2025-01-27 18:40:08,734][root][INFO] - Simulating initial volumes for stage I  with norm params: mu=1.72, sigma=4.7, lb=-0.6221218732608373, ub=-0.023523848418276528
[2025-01-27 18:40:08,735][root][INFO] - Simulating initial volumes for stage II  with norm params: mu=1.96, sigma=1.63, lb=-1.9410876100159118, ub=0.3711345751297772
[2025-01-27 18:40:08,735][root][INFO] - Simulating initial volumes for stage IIIA  with norm params: mu=1.91, sigma=9.4, lb=-0.33127370258786554, ub=0.06967546355973796
[2025-01-27 18:40:08,736][root][INFO] - Simulating initial volumes for stage IIIB  with norm params: mu=2.76, sigma=6.87, lb=-0.5769974969906748, ub=-0.02839165102452155
[2025-01-27 18:40:08,737][root][INFO] - Simulating initial volumes for stage IV  with norm params: mu=3.86, sigma=8.82, lb=-0.5741465764541877, ub=-0.14683113860980307
[2025-01-27 18:40:08,738][root][INFO] - Got correlated params for 450 patients
[2025-01-27 18:40:08,739][root][INFO] - Got correlated params for 864 patients
[2025-01-27 18:40:08,740][root][INFO] - Got correlated params for 1313 patients
[2025-01-27 18:40:08,741][root][INFO] - Simulating beta_c parameters
[2025-01-27 18:40:08,742][root][INFO] - Randomising outputs
[2025-01-27 18:40:37,893][src.data.cancer_sim.dataset][INFO] - Processing train dataset before training
[2025-01-27 18:40:37,942][src.data.cancer_sim.dataset][INFO] - Shape of processed train data: {'cancer_volume': (10000, 60), 'chemo_dosage': (10000, 60), 'radio_dosage': (10000, 60), 'chemo_application': (10000, 60), 'radio_application': (10000, 60), 'chemo_probabilities': (10000, 60), 'radio_probabilities': (10000, 60), 'sequence_lengths': (10000,), 'death_flags': (10000, 60), 'recovery_flags': (10000, 60), 'patient_types': (10000,), 'prev_treatments': (10000, 59, 2), 'current_treatments': (10000, 59, 2), 'current_covariates': (10000, 59, 2), 'outputs': (10000, 59, 1), 'active_entries': (10000, 59, 1), 'unscaled_outputs': (10000, 59, 1), 'prev_outputs': (10000, 59, 1), 'static_features': (10000, 1)}
[2025-01-27 18:40:37,942][src.data.cancer_sim.dataset][INFO] - Processing val dataset before training
[2025-01-27 18:40:37,946][src.data.cancer_sim.dataset][INFO] - Shape of processed val data: {'cancer_volume': (1000, 60), 'chemo_dosage': (1000, 60), 'radio_dosage': (1000, 60), 'chemo_application': (1000, 60), 'radio_application': (1000, 60), 'chemo_probabilities': (1000, 60), 'radio_probabilities': (1000, 60), 'sequence_lengths': (1000,), 'death_flags': (1000, 60), 'recovery_flags': (1000, 60), 'patient_types': (1000,), 'prev_treatments': (1000, 59, 2), 'current_treatments': (1000, 59, 2), 'current_covariates': (1000, 59, 2), 'outputs': (1000, 59, 1), 'active_entries': (1000, 59, 1), 'unscaled_outputs': (1000, 59, 1), 'prev_outputs': (1000, 59, 1), 'static_features': (1000, 1)}
[2025-01-27 18:40:37,946][src.data.cancer_sim.dataset][INFO] - Processing test dataset before training
[2025-01-27 18:40:38,683][src.data.cancer_sim.dataset][INFO] - Shape of processed test data: {'cancer_volume': (222572, 60), 'chemo_application': (222572, 60), 'radio_application': (222572, 60), 'sequence_lengths': (222572,), 'patient_types': (222572,), 'prev_treatments': (222572, 59, 2), 'current_treatments': (222572, 59, 2), 'current_covariates': (222572, 59, 2), 'outputs': (222572, 59, 1), 'active_entries': (222572, 59, 1), 'unscaled_outputs': (222572, 59, 1), 'prev_outputs': (222572, 59, 1), 'static_features': (222572, 1)}
[2025-01-27 18:40:38,684][src.data.cancer_sim.dataset][INFO] - Processing test dataset before training
[2025-01-27 18:40:40,834][src.data.cancer_sim.dataset][INFO] - Shape of processed test data: {'cancer_volume': (568168, 65), 'chemo_application': (568168, 65), 'radio_application': (568168, 65), 'sequence_lengths': (568168,), 'patient_types': (568168,), 'patient_ids_all_trajectories': (568168,), 'patient_current_t': (568168,), 'prev_treatments': (568168, 64, 2), 'current_treatments': (568168, 64, 2), 'current_covariates': (568168, 64, 2), 'outputs': (568168, 64, 1), 'active_entries': (568168, 64, 1), 'unscaled_outputs': (568168, 64, 1), 'prev_outputs': (568168, 64, 1), 'static_features': (568168, 1)}
[2025-01-27 18:40:40,835][src.data.cancer_sim.dataset][INFO] - Processing test dataset before testing (multiple sequences)
[2025-01-27 18:40:48,027][src.data.cancer_sim.dataset][INFO] - Shape of processed test data: {'active_encoder_r': (568168, 59), 'prev_treatments': (568168, 5, 2), 'current_treatments': (568168, 5, 2), 'current_covariates': (568168, 5, 2), 'prev_outputs': (568168, 5, 1), 'static_features': (568168, 1), 'outputs': (568168, 5, 1), 'sequence_lengths': (568168,), 'active_entries': (568168, 5, 1), 'unscaled_outputs': (568168, 5, 1), 'patient_types': (568168,), 'patient_ids_all_trajectories': (568168,), 'patient_current_t': (568168,)}
[2025-01-27 18:40:49,534][src.models.msm][INFO] - Input size of propensity_treatment: 2
[2025-01-27 18:40:50,494][src.data.cancer_sim.dataset][INFO] - Exploding train dataset before testing (multiple sequences)
[2025-01-27 18:40:53,953][src.data.cancer_sim.dataset][INFO] - Shape of processed train data: {'prev_treatments': (563747, 59, 2), 'current_treatments': (563747, 59, 2), 'static_features': (563747, 1), 'prev_outputs': (563747, 59, 1), 'outputs': (563747, 59, 1), 'unscaled_outputs': (563747, 59, 1), 'sequence_lengths': (563747,), 'active_entries': (563747, 59, 1)}
[2025-01-27 18:40:56,891][src.models.msm][INFO] - Input size of propensity_history: 4
[2025-01-27 18:40:57,348][src.data.cancer_sim.dataset][INFO] - Exploding train dataset before testing (multiple sequences)
[2025-01-27 18:41:00,770][src.data.cancer_sim.dataset][INFO] - Shape of processed train data: {'prev_treatments': (563747, 59, 2), 'current_treatments': (563747, 59, 2), 'static_features': (563747, 1), 'prev_outputs': (563747, 59, 1), 'outputs': (563747, 59, 1), 'unscaled_outputs': (563747, 59, 1), 'sequence_lengths': (563747,), 'active_entries': (563747, 59, 1)}
[2025-01-27 18:41:05,111][src.models.msm][INFO] - Input size of msm_regressor: 4
[2025-01-27 18:41:05,568][src.models.msm][INFO] - Propensity scores for train.
[2025-01-27 18:41:05,621][src.data.cancer_sim.dataset][INFO] - Exploding train dataset before testing (multiple sequences)
[2025-01-27 18:41:09,182][src.data.cancer_sim.dataset][INFO] - Shape of processed train data: {'prev_treatments': (580000, 59, 2), 'current_treatments': (580000, 59, 2), 'static_features': (580000, 1), 'prev_outputs': (580000, 59, 1), 'outputs': (580000, 59, 1), 'unscaled_outputs': (580000, 59, 1), 'sequence_lengths': (580000,), 'active_entries': (580000, 59, 1)}
[2025-01-27 18:41:10,231][src.models.msm][INFO] - Propensity scores for train.
[2025-01-27 18:41:10,276][src.data.cancer_sim.dataset][INFO] - Exploding train dataset before testing (multiple sequences)
[2025-01-27 18:41:13,830][src.data.cancer_sim.dataset][INFO] - Shape of processed train data: {'prev_treatments': (580000, 59, 2), 'current_treatments': (580000, 59, 2), 'static_features': (580000, 1), 'prev_outputs': (580000, 59, 1), 'outputs': (580000, 59, 1), 'unscaled_outputs': (580000, 59, 1), 'sequence_lengths': (580000,), 'active_entries': (580000, 59, 1)}
[2025-01-27 18:41:15,508][src.data.cancer_sim.dataset][INFO] - Exploding train dataset before testing (multiple sequences)
[2025-01-27 18:41:19,429][src.data.cancer_sim.dataset][INFO] - Shape of processed train data: {'prev_treatments': (563747, 59, 2), 'current_treatments': (563747, 59, 2), 'static_features': (563747, 1), 'prev_outputs': (563747, 59, 1), 'outputs': (563747, 59, 1), 'unscaled_outputs': (563747, 59, 1), 'sequence_lengths': (563747,), 'active_entries': (563747, 59, 1), 'stabilized_weights': (563747, 59)}
[2025-01-27 18:41:22,754][src.data.cancer_sim.dataset][INFO] - Exploding train dataset before testing (multiple sequences)
[2025-01-27 18:41:26,559][src.data.cancer_sim.dataset][INFO] - Shape of processed train data: {'prev_treatments': (553766, 59, 2), 'current_treatments': (553766, 59, 2), 'static_features': (553766, 1), 'prev_outputs': (553766, 59, 1), 'outputs': (553766, 59, 1), 'unscaled_outputs': (553766, 59, 1), 'sequence_lengths': (553766,), 'active_entries': (553766, 59, 1), 'stabilized_weights': (553766, 59)}
[2025-01-27 18:41:30,061][src.data.cancer_sim.dataset][INFO] - Exploding train dataset before testing (multiple sequences)
[2025-01-27 18:41:33,826][src.data.cancer_sim.dataset][INFO] - Shape of processed train data: {'prev_treatments': (543867, 59, 2), 'current_treatments': (543867, 59, 2), 'static_features': (543867, 1), 'prev_outputs': (543867, 59, 1), 'outputs': (543867, 59, 1), 'unscaled_outputs': (543867, 59, 1), 'sequence_lengths': (543867,), 'active_entries': (543867, 59, 1), 'stabilized_weights': (543867, 59)}
[2025-01-27 18:41:37,280][src.data.cancer_sim.dataset][INFO] - Exploding train dataset before testing (multiple sequences)
[2025-01-27 18:41:41,012][src.data.cancer_sim.dataset][INFO] - Shape of processed train data: {'prev_treatments': (534027, 59, 2), 'current_treatments': (534027, 59, 2), 'static_features': (534027, 1), 'prev_outputs': (534027, 59, 1), 'outputs': (534027, 59, 1), 'unscaled_outputs': (534027, 59, 1), 'sequence_lengths': (534027,), 'active_entries': (534027, 59, 1), 'stabilized_weights': (534027, 59)}
[2025-01-27 18:41:44,437][src.data.cancer_sim.dataset][INFO] - Exploding train dataset before testing (multiple sequences)
[2025-01-27 18:41:48,094][src.data.cancer_sim.dataset][INFO] - Shape of processed train data: {'prev_treatments': (524214, 59, 2), 'current_treatments': (524214, 59, 2), 'static_features': (524214, 1), 'prev_outputs': (524214, 59, 1), 'outputs': (524214, 59, 1), 'unscaled_outputs': (524214, 59, 1), 'sequence_lengths': (524214,), 'active_entries': (524214, 59, 1), 'stabilized_weights': (524214, 59)}
[2025-01-27 18:41:51,486][src.data.cancer_sim.dataset][INFO] - Exploding train dataset before testing (multiple sequences)
[2025-01-27 18:41:55,041][src.data.cancer_sim.dataset][INFO] - Shape of processed train data: {'prev_treatments': (514418, 59, 2), 'current_treatments': (514418, 59, 2), 'static_features': (514418, 1), 'prev_outputs': (514418, 59, 1), 'outputs': (514418, 59, 1), 'unscaled_outputs': (514418, 59, 1), 'sequence_lengths': (514418,), 'active_entries': (514418, 59, 1), 'stabilized_weights': (514418, 59)}
[2025-01-27 18:41:58,542][src.models.time_varying_model][INFO] - RMSE calculation for test.
[2025-01-27 18:41:58,543][src.models.msm][INFO] - Predictions for test.
[2025-01-27 18:41:59,262][src.data.cancer_sim.dataset][INFO] - Exploding test dataset before testing (multiple sequences)
[2025-01-27 18:42:02,844][src.data.cancer_sim.dataset][INFO] - Shape of processed test data: {'prev_treatments': (580000, 59, 2), 'current_treatments': (580000, 59, 2), 'static_features': (580000, 1), 'prev_outputs': (580000, 59, 1), 'outputs': (580000, 59, 1), 'unscaled_outputs': (580000, 59, 1), 'sequence_lengths': (580000,), 'active_entries': (580000, 59, 1)}
[2025-01-27 18:42:06,090][src.data.cancer_sim.dataset][INFO] - Exploding test dataset before testing (multiple sequences)
[2025-01-27 18:42:09,675][src.data.cancer_sim.dataset][INFO] - Shape of processed test data: {'prev_treatments': (580000, 59, 2), 'current_treatments': (580000, 59, 2), 'static_features': (580000, 1), 'prev_outputs': (580000, 59, 1), 'outputs': (580000, 59, 1), 'unscaled_outputs': (580000, 59, 1), 'sequence_lengths': (580000,), 'active_entries': (580000, 59, 1)}
[2025-01-27 18:42:13,125][src.data.cancer_sim.dataset][INFO] - Exploding test dataset before testing (multiple sequences)
[2025-01-27 18:42:16,706][src.data.cancer_sim.dataset][INFO] - Shape of processed test data: {'prev_treatments': (580000, 59, 2), 'current_treatments': (580000, 59, 2), 'static_features': (580000, 1), 'prev_outputs': (580000, 59, 1), 'outputs': (580000, 59, 1), 'unscaled_outputs': (580000, 59, 1), 'sequence_lengths': (580000,), 'active_entries': (580000, 59, 1)}
[2025-01-27 18:42:20,145][src.data.cancer_sim.dataset][INFO] - Exploding test dataset before testing (multiple sequences)
[2025-01-27 18:42:23,713][src.data.cancer_sim.dataset][INFO] - Shape of processed test data: {'prev_treatments': (580000, 59, 2), 'current_treatments': (580000, 59, 2), 'static_features': (580000, 1), 'prev_outputs': (580000, 59, 1), 'outputs': (580000, 59, 1), 'unscaled_outputs': (580000, 59, 1), 'sequence_lengths': (580000,), 'active_entries': (580000, 59, 1)}
[2025-01-27 18:42:27,097][src.data.cancer_sim.dataset][INFO] - Exploding test dataset before testing (multiple sequences)
[2025-01-27 18:42:30,694][src.data.cancer_sim.dataset][INFO] - Shape of processed test data: {'prev_treatments': (580000, 59, 2), 'current_treatments': (580000, 59, 2), 'static_features': (580000, 1), 'prev_outputs': (580000, 59, 1), 'outputs': (580000, 59, 1), 'unscaled_outputs': (580000, 59, 1), 'sequence_lengths': (580000,), 'active_entries': (580000, 59, 1)}
[2025-01-27 18:42:34,125][src.data.cancer_sim.dataset][INFO] - Exploding test dataset before testing (multiple sequences)
[2025-01-27 18:42:37,731][src.data.cancer_sim.dataset][INFO] - Shape of processed test data: {'prev_treatments': (580000, 59, 2), 'current_treatments': (580000, 59, 2), 'static_features': (580000, 1), 'prev_outputs': (580000, 59, 1), 'outputs': (580000, 59, 1), 'unscaled_outputs': (580000, 59, 1), 'sequence_lengths': (580000,), 'active_entries': (580000, 59, 1)}
[2025-01-27 18:42:41,224][src.data.cancer_sim.dataset][INFO] - Exploding test dataset before testing (multiple sequences)
[2025-01-27 18:42:44,813][src.data.cancer_sim.dataset][INFO] - Shape of processed test data: {'prev_treatments': (580000, 59, 2), 'current_treatments': (580000, 59, 2), 'static_features': (580000, 1), 'prev_outputs': (580000, 59, 1), 'outputs': (580000, 59, 1), 'unscaled_outputs': (580000, 59, 1), 'sequence_lengths': (580000,), 'active_entries': (580000, 59, 1)}
[2025-01-27 18:42:48,180][src.data.cancer_sim.dataset][INFO] - Exploding test dataset before testing (multiple sequences)
[2025-01-27 18:42:51,765][src.data.cancer_sim.dataset][INFO] - Shape of processed test data: {'prev_treatments': (580000, 59, 2), 'current_treatments': (580000, 59, 2), 'static_features': (580000, 1), 'prev_outputs': (580000, 59, 1), 'outputs': (580000, 59, 1), 'unscaled_outputs': (580000, 59, 1), 'sequence_lengths': (580000,), 'active_entries': (580000, 59, 1)}
[2025-01-27 18:42:55,197][src.data.cancer_sim.dataset][INFO] - Exploding test dataset before testing (multiple sequences)
[2025-01-27 18:42:58,774][src.data.cancer_sim.dataset][INFO] - Shape of processed test data: {'prev_treatments': (580000, 59, 2), 'current_treatments': (580000, 59, 2), 'static_features': (580000, 1), 'prev_outputs': (580000, 59, 1), 'outputs': (580000, 59, 1), 'unscaled_outputs': (580000, 59, 1), 'sequence_lengths': (580000,), 'active_entries': (580000, 59, 1)}
[2025-01-27 18:43:02,103][src.data.cancer_sim.dataset][INFO] - Exploding test dataset before testing (multiple sequences)
[2025-01-27 18:43:05,687][src.data.cancer_sim.dataset][INFO] - Shape of processed test data: {'prev_treatments': (580000, 59, 2), 'current_treatments': (580000, 59, 2), 'static_features': (580000, 1), 'prev_outputs': (580000, 59, 1), 'outputs': (580000, 59, 1), 'unscaled_outputs': (580000, 59, 1), 'sequence_lengths': (580000,), 'active_entries': (580000, 59, 1)}
[2025-01-27 18:43:09,021][src.data.cancer_sim.dataset][INFO] - Exploding test dataset before testing (multiple sequences)
[2025-01-27 18:43:12,607][src.data.cancer_sim.dataset][INFO] - Shape of processed test data: {'prev_treatments': (580000, 59, 2), 'current_treatments': (580000, 59, 2), 'static_features': (580000, 1), 'prev_outputs': (580000, 59, 1), 'outputs': (580000, 59, 1), 'unscaled_outputs': (580000, 59, 1), 'sequence_lengths': (580000,), 'active_entries': (580000, 59, 1)}
[2025-01-27 18:43:15,997][src.data.cancer_sim.dataset][INFO] - Exploding test dataset before testing (multiple sequences)
[2025-01-27 18:43:19,591][src.data.cancer_sim.dataset][INFO] - Shape of processed test data: {'prev_treatments': (580000, 59, 2), 'current_treatments': (580000, 59, 2), 'static_features': (580000, 1), 'prev_outputs': (580000, 59, 1), 'outputs': (580000, 59, 1), 'unscaled_outputs': (580000, 59, 1), 'sequence_lengths': (580000,), 'active_entries': (580000, 59, 1)}
[2025-01-27 18:43:23,058][src.data.cancer_sim.dataset][INFO] - Exploding test dataset before testing (multiple sequences)
[2025-01-27 18:43:26,646][src.data.cancer_sim.dataset][INFO] - Shape of processed test data: {'prev_treatments': (580000, 59, 2), 'current_treatments': (580000, 59, 2), 'static_features': (580000, 1), 'prev_outputs': (580000, 59, 1), 'outputs': (580000, 59, 1), 'unscaled_outputs': (580000, 59, 1), 'sequence_lengths': (580000,), 'active_entries': (580000, 59, 1)}
[2025-01-27 18:43:30,090][src.data.cancer_sim.dataset][INFO] - Exploding test dataset before testing (multiple sequences)
[2025-01-27 18:43:33,621][src.data.cancer_sim.dataset][INFO] - Shape of processed test data: {'prev_treatments': (580000, 59, 2), 'current_treatments': (580000, 59, 2), 'static_features': (580000, 1), 'prev_outputs': (580000, 59, 1), 'outputs': (580000, 59, 1), 'unscaled_outputs': (580000, 59, 1), 'sequence_lengths': (580000,), 'active_entries': (580000, 59, 1)}
[2025-01-27 18:43:37,111][src.data.cancer_sim.dataset][INFO] - Exploding test dataset before testing (multiple sequences)
[2025-01-27 18:43:40,698][src.data.cancer_sim.dataset][INFO] - Shape of processed test data: {'prev_treatments': (580000, 59, 2), 'current_treatments': (580000, 59, 2), 'static_features': (580000, 1), 'prev_outputs': (580000, 59, 1), 'outputs': (580000, 59, 1), 'unscaled_outputs': (580000, 59, 1), 'sequence_lengths': (580000,), 'active_entries': (580000, 59, 1)}
[2025-01-27 18:43:44,093][src.data.cancer_sim.dataset][INFO] - Exploding test dataset before testing (multiple sequences)
[2025-01-27 18:43:47,707][src.data.cancer_sim.dataset][INFO] - Shape of processed test data: {'prev_treatments': (580000, 59, 2), 'current_treatments': (580000, 59, 2), 'static_features': (580000, 1), 'prev_outputs': (580000, 59, 1), 'outputs': (580000, 59, 1), 'unscaled_outputs': (580000, 59, 1), 'sequence_lengths': (580000,), 'active_entries': (580000, 59, 1)}
[2025-01-27 18:43:51,147][src.data.cancer_sim.dataset][INFO] - Exploding test dataset before testing (multiple sequences)
[2025-01-27 18:43:54,705][src.data.cancer_sim.dataset][INFO] - Shape of processed test data: {'prev_treatments': (580000, 59, 2), 'current_treatments': (580000, 59, 2), 'static_features': (580000, 1), 'prev_outputs': (580000, 59, 1), 'outputs': (580000, 59, 1), 'unscaled_outputs': (580000, 59, 1), 'sequence_lengths': (580000,), 'active_entries': (580000, 59, 1)}
[2025-01-27 18:43:58,039][src.data.cancer_sim.dataset][INFO] - Exploding test dataset before testing (multiple sequences)
[2025-01-27 18:44:01,620][src.data.cancer_sim.dataset][INFO] - Shape of processed test data: {'prev_treatments': (580000, 59, 2), 'current_treatments': (580000, 59, 2), 'static_features': (580000, 1), 'prev_outputs': (580000, 59, 1), 'outputs': (580000, 59, 1), 'unscaled_outputs': (580000, 59, 1), 'sequence_lengths': (580000,), 'active_entries': (580000, 59, 1)}
[2025-01-27 18:44:04,961][src.data.cancer_sim.dataset][INFO] - Exploding test dataset before testing (multiple sequences)
[2025-01-27 18:44:08,515][src.data.cancer_sim.dataset][INFO] - Shape of processed test data: {'prev_treatments': (580000, 59, 2), 'current_treatments': (580000, 59, 2), 'static_features': (580000, 1), 'prev_outputs': (580000, 59, 1), 'outputs': (580000, 59, 1), 'unscaled_outputs': (580000, 59, 1), 'sequence_lengths': (580000,), 'active_entries': (580000, 59, 1)}
[2025-01-27 18:44:12,000][src.data.cancer_sim.dataset][INFO] - Exploding test dataset before testing (multiple sequences)
[2025-01-27 18:44:15,549][src.data.cancer_sim.dataset][INFO] - Shape of processed test data: {'prev_treatments': (580000, 59, 2), 'current_treatments': (580000, 59, 2), 'static_features': (580000, 1), 'prev_outputs': (580000, 59, 1), 'outputs': (580000, 59, 1), 'unscaled_outputs': (580000, 59, 1), 'sequence_lengths': (580000,), 'active_entries': (580000, 59, 1)}
[2025-01-27 18:44:18,931][src.data.cancer_sim.dataset][INFO] - Exploding test dataset before testing (multiple sequences)
[2025-01-27 18:44:22,512][src.data.cancer_sim.dataset][INFO] - Shape of processed test data: {'prev_treatments': (580000, 59, 2), 'current_treatments': (580000, 59, 2), 'static_features': (580000, 1), 'prev_outputs': (580000, 59, 1), 'outputs': (580000, 59, 1), 'unscaled_outputs': (580000, 59, 1), 'sequence_lengths': (580000,), 'active_entries': (580000, 59, 1)}
[2025-01-27 18:44:25,962][src.data.cancer_sim.dataset][INFO] - Exploding test dataset before testing (multiple sequences)
[2025-01-27 18:44:29,489][src.data.cancer_sim.dataset][INFO] - Shape of processed test data: {'prev_treatments': (580000, 59, 2), 'current_treatments': (580000, 59, 2), 'static_features': (580000, 1), 'prev_outputs': (580000, 59, 1), 'outputs': (580000, 59, 1), 'unscaled_outputs': (580000, 59, 1), 'sequence_lengths': (580000,), 'active_entries': (580000, 59, 1)}
[2025-01-27 18:44:32,950][src.data.cancer_sim.dataset][INFO] - Exploding test dataset before testing (multiple sequences)
[2025-01-27 18:44:33,859][src.data.cancer_sim.dataset][INFO] - Shape of processed test data: {'prev_treatments': (149176, 59, 2), 'current_treatments': (149176, 59, 2), 'static_features': (149176, 1), 'prev_outputs': (149176, 59, 1), 'outputs': (149176, 59, 1), 'unscaled_outputs': (149176, 59, 1), 'sequence_lengths': (149176,), 'active_entries': (149176, 59, 1)}
[2025-01-27 18:44:35,123][__main__][INFO] - Test normalised RMSE (all): 2.3547747653248274; Test normalised RMSE (orig): 2.025488220276832; Test normalised RMSE (only counterfactual): 1.9948797155785964
[2025-01-27 18:44:35,155][src.models.time_varying_model][INFO] - RMSE calculation for test.
[2025-01-27 18:44:35,155][src.models.msm][INFO] - Autoregressive Prediction for test.
[2025-01-27 18:44:51,546][__main__][INFO] - Test normalised RMSE (n-step prediction): {'2-step': 1.3607826493333877, '3-step': 1.1481671839243413, '4-step': 1.15553557123734, '5-step': 1.1553984507848771, '6-step': 1.091028282155372}
