[2024-11-21 18:09:46,991][__main__][INFO] - 
model:
  dim_treatments: 4
  dim_vitals: 0
  dim_static_features: 1
  dim_outcomes: 1
  name: CT
  multi:
    _target_: src.models.ct.CT
    max_seq_length: 65
    seq_hidden_units: 16
    br_size: 12
    fc_hidden_units: 24
    dropout_rate: 0.1
    num_layer: 1
    num_heads: 2
    max_grad_norm: null
    batch_size: 128
    attn_dropout: true
    disable_cross_attention: false
    isolate_subnetwork: _
    self_positional_encoding:
      absolute: false
      trainable: true
      max_relative_position: 15
    optimizer:
      optimizer_cls: adam
      learning_rate: 0.001
      weight_decay: 0.0
      lr_scheduler: false
    augment_with_masked_vitals: true
    tune_hparams: false
    tune_range: 50
    hparams_grid: null
    resources_per_trial: null
  self_positional_encoding:
    max_relative_position: 15
dataset:
  val_batch_size: 512
  treatment_mode: multiclass
  _target_: src.data.SyntheticCancerDatasetCollection
  name: tumor_generator
  coeff: 3.0
  chemo_coeff: 3.0
  radio_coeff: 3.0
  seed: 10
  random: true
  noise_percentage: 0.05
  num_patients:
    train: 10000
    val: 1000
    test: 1000
  window_size: 15
  lag: 0
  max_seq_length: 60
  projection_horizon: 5
  cf_seq_mode: sliding_treatment
exp:
  seed: 10
  gpus:
  - 0
  max_epochs: 220
  logging: true
  mlflow_uri: http://127.0.0.1:5000
  unscale_rmse: true
  percentage_rmse: true
  alpha: 0.01
  update_alpha: true
  alpha_rate: exp
  initial_balancing_method: domain_confusion
  final_balancing_method: subgroup
  bce_weight: false
  weights_ema: true
  beta: 0.99
  alpha_wass: 0.001
  alpha_wass_epoch: false
  alpha_wass_growth: 0.001
  alpha_wass_max: 0.01
  balancing_switch_epoch: 199
  clustering_method: GMM
  number_clusters: 2
  num_timepoints: 59
  gap_epoch: 10
  checkpoint_dir: ./checkpoints/cancer/ct/3

[2024-11-21 18:09:47,010][root][INFO] - Simulating initial volumes for stage I  with norm params: mu=1.72, sigma=4.7, lb=-0.6221218732608373, ub=-0.023523848418276528
[2024-11-21 18:09:47,011][root][INFO] - Simulating initial volumes for stage II  with norm params: mu=1.96, sigma=1.63, lb=-1.9410876100159118, ub=0.3711345751297772
[2024-11-21 18:09:47,012][root][INFO] - Simulating initial volumes for stage IIIA  with norm params: mu=1.91, sigma=9.4, lb=-0.33127370258786554, ub=0.06967546355973796
[2024-11-21 18:09:47,013][root][INFO] - Simulating initial volumes for stage IIIB  with norm params: mu=2.76, sigma=6.87, lb=-0.5769974969906748, ub=-0.02839165102452155
[2024-11-21 18:09:47,016][root][INFO] - Simulating initial volumes for stage IV  with norm params: mu=3.86, sigma=8.82, lb=-0.5741465764541877, ub=-0.14683113860980307
[2024-11-21 18:09:47,024][root][INFO] - Got correlated params for 4658 patients
[2024-11-21 18:09:47,029][root][INFO] - Got correlated params for 9338 patients
[2024-11-21 18:09:47,033][root][INFO] - Got correlated params for 13912 patients
[2024-11-21 18:09:47,041][root][INFO] - Simulating beta_c parameters
[2024-11-21 18:09:47,046][root][INFO] - Randomising outputs
[2024-11-21 18:10:04,593][src.data.cancer_sim.dataset][INFO] - Processing train dataset before training
[2024-11-21 18:10:05,573][src.data.cancer_sim.dataset][INFO] - Shape of processed train data: {'cancer_volume': (10000, 60), 'chemo_dosage': (10000, 60), 'radio_dosage': (10000, 60), 'chemo_application': (10000, 60), 'radio_application': (10000, 60), 'chemo_probabilities': (10000, 60), 'radio_probabilities': (10000, 60), 'sequence_lengths': (10000,), 'death_flags': (10000, 60), 'recovery_flags': (10000, 60), 'patient_types': (10000,), 'prev_treatments': (10000, 59, 4), 'current_treatments': (10000, 59, 4), 'current_covariates': (10000, 59, 2), 'outputs': (10000, 59, 1), 'active_entries': (10000, 59, 1), 'unscaled_outputs': (10000, 59, 1), 'prev_outputs': (10000, 59, 1), 'static_features': (10000, 1)}
[2024-11-21 18:10:05,645][root][INFO] - Simulating initial volumes for stage I  with norm params: mu=1.72, sigma=4.7, lb=-0.6221218732608373, ub=-0.023523848418276528
[2024-11-21 18:10:05,646][root][INFO] - Simulating initial volumes for stage II  with norm params: mu=1.96, sigma=1.63, lb=-1.9410876100159118, ub=0.3711345751297772
[2024-11-21 18:10:05,647][root][INFO] - Simulating initial volumes for stage IIIA  with norm params: mu=1.91, sigma=9.4, lb=-0.33127370258786554, ub=0.06967546355973796
[2024-11-21 18:10:05,647][root][INFO] - Simulating initial volumes for stage IIIB  with norm params: mu=2.76, sigma=6.87, lb=-0.5769974969906748, ub=-0.02839165102452155
[2024-11-21 18:10:05,648][root][INFO] - Simulating initial volumes for stage IV  with norm params: mu=3.86, sigma=8.82, lb=-0.5741465764541877, ub=-0.14683113860980307
[2024-11-21 18:10:05,650][root][INFO] - Got correlated params for 455 patients
[2024-11-21 18:10:05,651][root][INFO] - Got correlated params for 905 patients
[2024-11-21 18:10:05,652][root][INFO] - Got correlated params for 1366 patients
[2024-11-21 18:10:05,654][root][INFO] - Simulating beta_c parameters
[2024-11-21 18:10:05,655][root][INFO] - Randomising outputs
[2024-11-21 18:10:07,374][root][INFO] - Simulating initial volumes for stage I  with norm params: mu=1.72, sigma=4.7, lb=-0.6221218732608373, ub=-0.023523848418276528
[2024-11-21 18:10:07,375][root][INFO] - Simulating initial volumes for stage II  with norm params: mu=1.96, sigma=1.63, lb=-1.9410876100159118, ub=0.3711345751297772
[2024-11-21 18:10:07,375][root][INFO] - Simulating initial volumes for stage IIIA  with norm params: mu=1.91, sigma=9.4, lb=-0.33127370258786554, ub=0.06967546355973796
[2024-11-21 18:10:07,376][root][INFO] - Simulating initial volumes for stage IIIB  with norm params: mu=2.76, sigma=6.87, lb=-0.5769974969906748, ub=-0.02839165102452155
[2024-11-21 18:10:07,377][root][INFO] - Simulating initial volumes for stage IV  with norm params: mu=3.86, sigma=8.82, lb=-0.5741465764541877, ub=-0.14683113860980307
[2024-11-21 18:10:07,378][root][INFO] - Got correlated params for 493 patients
[2024-11-21 18:10:07,379][root][INFO] - Got correlated params for 947 patients
[2024-11-21 18:10:07,380][root][INFO] - Got correlated params for 1403 patients
[2024-11-21 18:10:07,381][root][INFO] - Simulating beta_c parameters
[2024-11-21 18:10:07,382][root][INFO] - Randomising outputs
[2024-11-21 18:10:15,245][root][INFO] - Simulating initial volumes for stage I  with norm params: mu=1.72, sigma=4.7, lb=-0.6221218732608373, ub=-0.023523848418276528
[2024-11-21 18:10:15,246][root][INFO] - Simulating initial volumes for stage II  with norm params: mu=1.96, sigma=1.63, lb=-1.9410876100159118, ub=0.3711345751297772
[2024-11-21 18:10:15,247][root][INFO] - Simulating initial volumes for stage IIIA  with norm params: mu=1.91, sigma=9.4, lb=-0.33127370258786554, ub=0.06967546355973796
[2024-11-21 18:10:15,248][root][INFO] - Simulating initial volumes for stage IIIB  with norm params: mu=2.76, sigma=6.87, lb=-0.5769974969906748, ub=-0.02839165102452155
[2024-11-21 18:10:15,249][root][INFO] - Simulating initial volumes for stage IV  with norm params: mu=3.86, sigma=8.82, lb=-0.5741465764541877, ub=-0.14683113860980307
[2024-11-21 18:10:15,251][root][INFO] - Got correlated params for 445 patients
[2024-11-21 18:10:15,252][root][INFO] - Got correlated params for 895 patients
[2024-11-21 18:10:15,253][root][INFO] - Got correlated params for 1355 patients
[2024-11-21 18:10:15,254][root][INFO] - Simulating beta_c parameters
[2024-11-21 18:10:15,255][root][INFO] - Randomising outputs
[2024-11-21 18:10:44,562][src.data.cancer_sim.dataset][INFO] - train Dataset already processed
[2024-11-21 18:10:44,563][src.data.cancer_sim.dataset][INFO] - Processing val dataset before training
[2024-11-21 18:10:44,665][src.data.cancer_sim.dataset][INFO] - Shape of processed val data: {'cancer_volume': (1000, 60), 'chemo_dosage': (1000, 60), 'radio_dosage': (1000, 60), 'chemo_application': (1000, 60), 'radio_application': (1000, 60), 'chemo_probabilities': (1000, 60), 'radio_probabilities': (1000, 60), 'sequence_lengths': (1000,), 'death_flags': (1000, 60), 'recovery_flags': (1000, 60), 'patient_types': (1000,), 'prev_treatments': (1000, 59, 4), 'current_treatments': (1000, 59, 4), 'current_covariates': (1000, 59, 2), 'outputs': (1000, 59, 1), 'active_entries': (1000, 59, 1), 'unscaled_outputs': (1000, 59, 1), 'prev_outputs': (1000, 59, 1), 'static_features': (1000, 1)}
[2024-11-21 18:10:44,665][src.data.cancer_sim.dataset][INFO] - Processing test dataset before training
[2024-11-21 18:11:05,253][src.data.cancer_sim.dataset][INFO] - Shape of processed test data: {'cancer_volume': (222916, 60), 'chemo_application': (222916, 60), 'radio_application': (222916, 60), 'sequence_lengths': (222916,), 'patient_types': (222916,), 'prev_treatments': (222916, 59, 4), 'current_treatments': (222916, 59, 4), 'current_covariates': (222916, 59, 2), 'outputs': (222916, 59, 1), 'active_entries': (222916, 59, 1), 'unscaled_outputs': (222916, 59, 1), 'prev_outputs': (222916, 59, 1), 'static_features': (222916, 1)}
[2024-11-21 18:11:05,255][src.data.cancer_sim.dataset][INFO] - Processing test dataset before training
[2024-11-21 18:12:02,181][src.data.cancer_sim.dataset][INFO] - Shape of processed test data: {'cancer_volume': (573992, 65), 'chemo_application': (573992, 65), 'radio_application': (573992, 65), 'sequence_lengths': (573992,), 'patient_types': (573992,), 'patient_ids_all_trajectories': (573992,), 'patient_current_t': (573992,), 'prev_treatments': (573992, 64, 4), 'current_treatments': (573992, 64, 4), 'current_covariates': (573992, 64, 2), 'outputs': (573992, 64, 1), 'active_entries': (573992, 64, 1), 'unscaled_outputs': (573992, 64, 1), 'prev_outputs': (573992, 64, 1), 'static_features': (573992, 1)}
[2024-11-21 18:12:02,184][src.data.cancer_sim.dataset][INFO] - Processing test dataset before testing (multiple sequences)
[2024-11-21 18:12:11,725][src.data.cancer_sim.dataset][INFO] - Shape of processed test data: {'active_encoder_r': (573992, 59), 'prev_treatments': (573992, 5, 4), 'current_treatments': (573992, 5, 4), 'current_covariates': (573992, 5, 2), 'prev_outputs': (573992, 5, 1), 'static_features': (573992, 1), 'outputs': (573992, 5, 1), 'sequence_lengths': (573992,), 'active_entries': (573992, 5, 1), 'unscaled_outputs': (573992, 5, 1), 'patient_types': (573992,), 'patient_ids_all_trajectories': (573992,), 'patient_current_t': (573992,)}
[2024-11-21 18:12:14,563][src.models.ct][INFO] - Max input size of multi: 4
[2024-11-21 18:33:18,024][src.models.time_varying_model][INFO] - RMSE calculation for val.
[2024-11-21 18:33:18,026][src.models.time_varying_model][INFO] - Predictions for val.
[2024-11-21 18:33:18,967][__main__][INFO] - Val normalised RMSE (all): 0.5707392796838908; Val normalised RMSE (orig): 0.5654343450724755
[2024-11-21 18:33:18,967][src.models.time_varying_model][INFO] - RMSE calculation for test.
[2024-11-21 18:33:18,967][src.models.time_varying_model][INFO] - Predictions for test.
[2024-11-21 18:33:39,494][__main__][INFO] - Test normalised RMSE (all): 0.9532161358758374; Test normalised RMSE (orig): 0.7009616980839153; Test normalised RMSE (only counterfactual): 0.8828373927928217
[2024-11-21 18:33:39,553][src.models.time_varying_model][INFO] - RMSE calculation for test.
[2024-11-21 18:33:39,553][src.models.ct][INFO] - Autoregressive Prediction for test.
[2024-11-21 18:33:39,554][src.models.ct][INFO] - t = 1
[2024-11-21 18:33:39,554][src.models.time_varying_model][INFO] - Predictions for test.
[2024-11-21 18:34:43,883][src.models.ct][INFO] - t = 2
[2024-11-21 18:34:43,884][src.models.time_varying_model][INFO] - Predictions for test.
[2024-11-21 18:35:48,791][src.models.ct][INFO] - t = 3
[2024-11-21 18:35:48,792][src.models.time_varying_model][INFO] - Predictions for test.
[2024-11-21 18:36:53,315][src.models.ct][INFO] - t = 4
[2024-11-21 18:36:53,316][src.models.time_varying_model][INFO] - Predictions for test.
[2024-11-21 18:37:57,866][src.models.ct][INFO] - t = 5
[2024-11-21 18:37:57,867][src.models.time_varying_model][INFO] - Predictions for test.
[2024-11-21 18:39:02,340][src.models.ct][INFO] - t = 6
[2024-11-21 18:39:02,341][src.models.time_varying_model][INFO] - Predictions for test.
[2024-11-21 18:40:08,106][__main__][INFO] - Test normalised RMSE (n-step prediction): {'2-step': 0.7514729985354579, '3-step': 0.8053922707675258, '4-step': 0.8483146874646655, '5-step': 0.8887944329542378, '6-step': 0.9352572744060335}
