[2024-11-21 16:11:42,292][__main__][INFO] - 
model:
  dim_treatments: 4
  dim_vitals: 0
  dim_static_features: 1
  dim_outcomes: 1
  name: CT
  multi:
    _target_: src.models.ct.CT
    max_seq_length: 65
    seq_hidden_units: 16
    br_size: 8
    fc_hidden_units: 32
    dropout_rate: 0.1
    num_layer: 1
    num_heads: 2
    max_grad_norm: null
    batch_size: 128
    attn_dropout: true
    disable_cross_attention: false
    isolate_subnetwork: _
    self_positional_encoding:
      absolute: false
      trainable: true
      max_relative_position: 15
    optimizer:
      optimizer_cls: adam
      learning_rate: 0.01
      weight_decay: 0.0
      lr_scheduler: false
    augment_with_masked_vitals: true
    tune_hparams: false
    tune_range: 50
    hparams_grid: null
    resources_per_trial: null
  self_positional_encoding:
    max_relative_position: 15
dataset:
  val_batch_size: 512
  treatment_mode: multiclass
  _target_: src.data.SyntheticCancerDatasetCollection
  name: tumor_generator
  coeff: 2.0
  chemo_coeff: 2.0
  radio_coeff: 2.0
  seed: 10
  random: true
  noise_percentage: 0.05
  num_patients:
    train: 10000
    val: 1000
    test: 1000
  window_size: 15
  lag: 0
  max_seq_length: 60
  projection_horizon: 5
  cf_seq_mode: sliding_treatment
exp:
  seed: 10
  gpus:
  - 0
  max_epochs: 10
  logging: true
  mlflow_uri: http://127.0.0.1:5000
  unscale_rmse: true
  percentage_rmse: true
  alpha: 0.01
  update_alpha: true
  alpha_rate: exp
  initial_balancing_method: domain_confusion
  final_balancing_method: domain_confusion
  bce_weight: false
  weights_ema: true
  beta: 0.99
  alpha_wass: 0.0001
  alpha_wass_epoch: false
  alpha_wass_growth: 0.001
  alpha_wass_max: 0.01
  balancing_switch_epoch: 9
  clustering_method: GMM
  number_clusters: 2
  num_timepoints: 59
  gap_epoch: 60
  checkpoint_dir: ./checkpoints/cancer/ct/2

[2024-11-21 16:11:42,336][root][INFO] - Simulating initial volumes for stage I  with norm params: mu=1.72, sigma=4.7, lb=-0.6221218732608373, ub=-0.023523848418276528
[2024-11-21 16:11:42,341][root][INFO] - Simulating initial volumes for stage II  with norm params: mu=1.96, sigma=1.63, lb=-1.9410876100159118, ub=0.3711345751297772
[2024-11-21 16:11:42,342][root][INFO] - Simulating initial volumes for stage IIIA  with norm params: mu=1.91, sigma=9.4, lb=-0.33127370258786554, ub=0.06967546355973796
[2024-11-21 16:11:42,343][root][INFO] - Simulating initial volumes for stage IIIB  with norm params: mu=2.76, sigma=6.87, lb=-0.5769974969906748, ub=-0.02839165102452155
[2024-11-21 16:11:42,345][root][INFO] - Simulating initial volumes for stage IV  with norm params: mu=3.86, sigma=8.82, lb=-0.5741465764541877, ub=-0.14683113860980307
[2024-11-21 16:11:42,372][root][INFO] - Got correlated params for 4658 patients
[2024-11-21 16:11:42,377][root][INFO] - Got correlated params for 9338 patients
[2024-11-21 16:11:42,382][root][INFO] - Got correlated params for 13912 patients
[2024-11-21 16:11:42,390][root][INFO] - Simulating beta_c parameters
[2024-11-21 16:11:42,395][root][INFO] - Randomising outputs
[2024-11-21 16:12:00,126][src.data.cancer_sim.dataset][INFO] - Processing train dataset before training
[2024-11-21 16:12:01,125][src.data.cancer_sim.dataset][INFO] - Shape of processed train data: {'cancer_volume': (10000, 60), 'chemo_dosage': (10000, 60), 'radio_dosage': (10000, 60), 'chemo_application': (10000, 60), 'radio_application': (10000, 60), 'chemo_probabilities': (10000, 60), 'radio_probabilities': (10000, 60), 'sequence_lengths': (10000,), 'death_flags': (10000, 60), 'recovery_flags': (10000, 60), 'patient_types': (10000,), 'prev_treatments': (10000, 59, 4), 'current_treatments': (10000, 59, 4), 'current_covariates': (10000, 59, 2), 'outputs': (10000, 59, 1), 'active_entries': (10000, 59, 1), 'unscaled_outputs': (10000, 59, 1), 'prev_outputs': (10000, 59, 1), 'static_features': (10000, 1)}
[2024-11-21 16:12:01,199][root][INFO] - Simulating initial volumes for stage I  with norm params: mu=1.72, sigma=4.7, lb=-0.6221218732608373, ub=-0.023523848418276528
[2024-11-21 16:12:01,200][root][INFO] - Simulating initial volumes for stage II  with norm params: mu=1.96, sigma=1.63, lb=-1.9410876100159118, ub=0.3711345751297772
[2024-11-21 16:12:01,201][root][INFO] - Simulating initial volumes for stage IIIA  with norm params: mu=1.91, sigma=9.4, lb=-0.33127370258786554, ub=0.06967546355973796
[2024-11-21 16:12:01,201][root][INFO] - Simulating initial volumes for stage IIIB  with norm params: mu=2.76, sigma=6.87, lb=-0.5769974969906748, ub=-0.02839165102452155
[2024-11-21 16:12:01,202][root][INFO] - Simulating initial volumes for stage IV  with norm params: mu=3.86, sigma=8.82, lb=-0.5741465764541877, ub=-0.14683113860980307
[2024-11-21 16:12:01,204][root][INFO] - Got correlated params for 455 patients
[2024-11-21 16:12:01,206][root][INFO] - Got correlated params for 905 patients
[2024-11-21 16:12:01,207][root][INFO] - Got correlated params for 1366 patients
[2024-11-21 16:12:01,208][root][INFO] - Simulating beta_c parameters
[2024-11-21 16:12:01,209][root][INFO] - Randomising outputs
[2024-11-21 16:12:02,955][root][INFO] - Simulating initial volumes for stage I  with norm params: mu=1.72, sigma=4.7, lb=-0.6221218732608373, ub=-0.023523848418276528
[2024-11-21 16:12:02,955][root][INFO] - Simulating initial volumes for stage II  with norm params: mu=1.96, sigma=1.63, lb=-1.9410876100159118, ub=0.3711345751297772
[2024-11-21 16:12:02,956][root][INFO] - Simulating initial volumes for stage IIIA  with norm params: mu=1.91, sigma=9.4, lb=-0.33127370258786554, ub=0.06967546355973796
[2024-11-21 16:12:02,956][root][INFO] - Simulating initial volumes for stage IIIB  with norm params: mu=2.76, sigma=6.87, lb=-0.5769974969906748, ub=-0.02839165102452155
[2024-11-21 16:12:02,957][root][INFO] - Simulating initial volumes for stage IV  with norm params: mu=3.86, sigma=8.82, lb=-0.5741465764541877, ub=-0.14683113860980307
[2024-11-21 16:12:02,959][root][INFO] - Got correlated params for 493 patients
[2024-11-21 16:12:02,960][root][INFO] - Got correlated params for 947 patients
[2024-11-21 16:12:02,961][root][INFO] - Got correlated params for 1403 patients
[2024-11-21 16:12:02,962][root][INFO] - Simulating beta_c parameters
[2024-11-21 16:12:02,963][root][INFO] - Randomising outputs
[2024-11-21 16:12:11,057][root][INFO] - Simulating initial volumes for stage I  with norm params: mu=1.72, sigma=4.7, lb=-0.6221218732608373, ub=-0.023523848418276528
[2024-11-21 16:12:11,058][root][INFO] - Simulating initial volumes for stage II  with norm params: mu=1.96, sigma=1.63, lb=-1.9410876100159118, ub=0.3711345751297772
[2024-11-21 16:12:11,059][root][INFO] - Simulating initial volumes for stage IIIA  with norm params: mu=1.91, sigma=9.4, lb=-0.33127370258786554, ub=0.06967546355973796
[2024-11-21 16:12:11,060][root][INFO] - Simulating initial volumes for stage IIIB  with norm params: mu=2.76, sigma=6.87, lb=-0.5769974969906748, ub=-0.02839165102452155
[2024-11-21 16:12:11,061][root][INFO] - Simulating initial volumes for stage IV  with norm params: mu=3.86, sigma=8.82, lb=-0.5741465764541877, ub=-0.14683113860980307
[2024-11-21 16:12:11,063][root][INFO] - Got correlated params for 445 patients
[2024-11-21 16:12:11,064][root][INFO] - Got correlated params for 895 patients
[2024-11-21 16:12:11,065][root][INFO] - Got correlated params for 1355 patients
[2024-11-21 16:12:11,066][root][INFO] - Simulating beta_c parameters
[2024-11-21 16:12:11,067][root][INFO] - Randomising outputs
[2024-11-21 16:12:39,982][src.data.cancer_sim.dataset][INFO] - train Dataset already processed
[2024-11-21 16:12:39,983][src.data.cancer_sim.dataset][INFO] - Processing val dataset before training
[2024-11-21 16:12:40,086][src.data.cancer_sim.dataset][INFO] - Shape of processed val data: {'cancer_volume': (1000, 60), 'chemo_dosage': (1000, 60), 'radio_dosage': (1000, 60), 'chemo_application': (1000, 60), 'radio_application': (1000, 60), 'chemo_probabilities': (1000, 60), 'radio_probabilities': (1000, 60), 'sequence_lengths': (1000,), 'death_flags': (1000, 60), 'recovery_flags': (1000, 60), 'patient_types': (1000,), 'prev_treatments': (1000, 59, 4), 'current_treatments': (1000, 59, 4), 'current_covariates': (1000, 59, 2), 'outputs': (1000, 59, 1), 'active_entries': (1000, 59, 1), 'unscaled_outputs': (1000, 59, 1), 'prev_outputs': (1000, 59, 1), 'static_features': (1000, 1)}
[2024-11-21 16:12:40,086][src.data.cancer_sim.dataset][INFO] - Processing test dataset before training
[2024-11-21 16:13:00,310][src.data.cancer_sim.dataset][INFO] - Shape of processed test data: {'cancer_volume': (222916, 60), 'chemo_application': (222916, 60), 'radio_application': (222916, 60), 'sequence_lengths': (222916,), 'patient_types': (222916,), 'prev_treatments': (222916, 59, 4), 'current_treatments': (222916, 59, 4), 'current_covariates': (222916, 59, 2), 'outputs': (222916, 59, 1), 'active_entries': (222916, 59, 1), 'unscaled_outputs': (222916, 59, 1), 'prev_outputs': (222916, 59, 1), 'static_features': (222916, 1)}
[2024-11-21 16:13:00,312][src.data.cancer_sim.dataset][INFO] - Processing test dataset before training
[2024-11-21 16:13:55,301][src.data.cancer_sim.dataset][INFO] - Shape of processed test data: {'cancer_volume': (565098, 65), 'chemo_application': (565098, 65), 'radio_application': (565098, 65), 'sequence_lengths': (565098,), 'patient_types': (565098,), 'patient_ids_all_trajectories': (565098,), 'patient_current_t': (565098,), 'prev_treatments': (565098, 64, 4), 'current_treatments': (565098, 64, 4), 'current_covariates': (565098, 64, 2), 'outputs': (565098, 64, 1), 'active_entries': (565098, 64, 1), 'unscaled_outputs': (565098, 64, 1), 'prev_outputs': (565098, 64, 1), 'static_features': (565098, 1)}
[2024-11-21 16:13:55,304][src.data.cancer_sim.dataset][INFO] - Processing test dataset before testing (multiple sequences)
[2024-11-21 16:14:04,517][src.data.cancer_sim.dataset][INFO] - Shape of processed test data: {'active_encoder_r': (565098, 59), 'prev_treatments': (565098, 5, 4), 'current_treatments': (565098, 5, 4), 'current_covariates': (565098, 5, 2), 'prev_outputs': (565098, 5, 1), 'static_features': (565098, 1), 'outputs': (565098, 5, 1), 'sequence_lengths': (565098,), 'active_entries': (565098, 5, 1), 'unscaled_outputs': (565098, 5, 1), 'patient_types': (565098,), 'patient_ids_all_trajectories': (565098,), 'patient_current_t': (565098,)}
[2024-11-21 16:14:07,439][src.models.ct][INFO] - Max input size of multi: 4
[2024-11-21 16:15:21,885][src.models.time_varying_model][INFO] - RMSE calculation for val.
[2024-11-21 16:15:21,886][src.models.time_varying_model][INFO] - Predictions for val.
[2024-11-21 16:15:22,755][__main__][INFO] - Val normalised RMSE (all): 0.7084060968228716; Val normalised RMSE (orig): 0.6998052615278461
[2024-11-21 16:15:22,755][src.models.time_varying_model][INFO] - RMSE calculation for test.
[2024-11-21 16:15:22,756][src.models.time_varying_model][INFO] - Predictions for test.
[2024-11-21 16:15:41,876][__main__][INFO] - Test normalised RMSE (all): 0.966302579262761; Test normalised RMSE (orig): 0.7016910248571755; Test normalised RMSE (only counterfactual): 0.8604972449873636
[2024-11-21 16:15:41,927][src.models.time_varying_model][INFO] - RMSE calculation for test.
[2024-11-21 16:15:41,927][src.models.ct][INFO] - Autoregressive Prediction for test.
[2024-11-21 16:15:41,928][src.models.ct][INFO] - t = 1
[2024-11-21 16:15:41,928][src.models.time_varying_model][INFO] - Predictions for test.
[2024-11-21 16:16:43,455][src.models.ct][INFO] - t = 2
[2024-11-21 16:16:43,456][src.models.time_varying_model][INFO] - Predictions for test.
[2024-11-21 16:17:46,126][src.models.ct][INFO] - t = 3
[2024-11-21 16:17:46,127][src.models.time_varying_model][INFO] - Predictions for test.
[2024-11-21 16:18:47,739][src.models.ct][INFO] - t = 4
[2024-11-21 16:18:47,740][src.models.time_varying_model][INFO] - Predictions for test.
[2024-11-21 16:19:49,516][src.models.ct][INFO] - t = 5
[2024-11-21 16:19:49,517][src.models.time_varying_model][INFO] - Predictions for test.
[2024-11-21 16:20:51,660][src.models.ct][INFO] - t = 6
[2024-11-21 16:20:51,661][src.models.time_varying_model][INFO] - Predictions for test.
[2024-11-21 16:21:55,065][__main__][INFO] - Test normalised RMSE (n-step prediction): {'2-step': 0.9102746000181853, '3-step': 0.9473045213958534, '4-step': 0.9891311310359122, '5-step': 1.0234095662886888, '6-step': 1.0429928253461456}
