[2025-01-28 21:13:14,875][__main__][INFO] - 
model:
  dim_treatments: 4
  dim_vitals: 0
  dim_static_features: 1
  dim_outcomes: 1
  name: CT
  multi:
    _target_: src.models.ct.CT
    max_seq_length: 65
    seq_hidden_units: 12
    br_size: 16
    fc_hidden_units: 48
    dropout_rate: 0.1
    num_layer: 1
    num_heads: 2
    max_grad_norm: null
    batch_size: 256
    attn_dropout: true
    disable_cross_attention: false
    isolate_subnetwork: _
    self_positional_encoding:
      absolute: false
      trainable: true
      max_relative_position: 15
    optimizer:
      optimizer_cls: adam
      learning_rate: 0.01
      weight_decay: 0.0
      lr_scheduler: false
    augment_with_masked_vitals: true
    tune_hparams: false
    tune_range: 50
    hparams_grid: null
    resources_per_trial: null
  self_positional_encoding:
    max_relative_position: 15
dataset:
  val_batch_size: 512
  treatment_mode: multiclass
  _target_: src.data.SyntheticCancerDatasetCollection
  name: tumor_generator
  coeff: 5.0
  chemo_coeff: 5.0
  radio_coeff: 5.0
  seed: 10
  random: true
  noise_percentage: 0.05
  num_patients:
    train: 10000
    val: 1000
    test: 1000
  window_size: 15
  lag: 0
  max_seq_length: 60
  projection_horizon: 5
  cf_seq_mode: sliding_treatment
exp:
  seed: 10
  gpus:
  - 0
  max_epochs: 120
  logging: true
  mlflow_uri: http://127.0.0.1:5000
  unscale_rmse: true
  percentage_rmse: true
  alpha: 0.01
  update_alpha: true
  alpha_rate: exp
  initial_balancing_method: domain_confusion
  final_balancing_method: subgroup
  bce_weight: false
  weights_ema: true
  beta: 0.99
  alpha_wass: 0.001
  alpha_wass_epoch: false
  alpha_wass_growth: 0.001
  alpha_wass_max: 0.01
  balancing_switch_epoch: 99
  clustering_method: GMM
  number_clusters: 2
  num_timepoints: 59
  gap_epoch: 100
  checkpoint_dir: ./checkpoints/cancer/ct/random_SGA/5

[2025-01-28 21:13:14,896][root][INFO] - Simulating initial volumes for stage I  with norm params: mu=1.72, sigma=4.7, lb=-0.6221218732608373, ub=-0.023523848418276528
[2025-01-28 21:13:14,899][root][INFO] - Simulating initial volumes for stage II  with norm params: mu=1.96, sigma=1.63, lb=-1.9410876100159118, ub=0.3711345751297772
[2025-01-28 21:13:14,900][root][INFO] - Simulating initial volumes for stage IIIA  with norm params: mu=1.91, sigma=9.4, lb=-0.33127370258786554, ub=0.06967546355973796
[2025-01-28 21:13:14,901][root][INFO] - Simulating initial volumes for stage IIIB  with norm params: mu=2.76, sigma=6.87, lb=-0.5769974969906748, ub=-0.02839165102452155
[2025-01-28 21:13:14,904][root][INFO] - Simulating initial volumes for stage IV  with norm params: mu=3.86, sigma=8.82, lb=-0.5741465764541877, ub=-0.14683113860980307
[2025-01-28 21:13:14,927][root][INFO] - Got correlated params for 4658 patients
[2025-01-28 21:13:14,932][root][INFO] - Got correlated params for 9338 patients
[2025-01-28 21:13:14,937][root][INFO] - Got correlated params for 13912 patients
[2025-01-28 21:13:14,945][root][INFO] - Simulating beta_c parameters
[2025-01-28 21:13:14,949][root][INFO] - Randomising outputs
[2025-01-28 21:13:33,149][src.data.cancer_sim.dataset][INFO] - Processing train dataset before training
[2025-01-28 21:13:34,057][src.data.cancer_sim.dataset][INFO] - Shape of processed train data: {'cancer_volume': (10000, 60), 'chemo_dosage': (10000, 60), 'radio_dosage': (10000, 60), 'chemo_application': (10000, 60), 'radio_application': (10000, 60), 'chemo_probabilities': (10000, 60), 'radio_probabilities': (10000, 60), 'sequence_lengths': (10000,), 'death_flags': (10000, 60), 'recovery_flags': (10000, 60), 'patient_types': (10000,), 'prev_treatments': (10000, 59, 4), 'current_treatments': (10000, 59, 4), 'current_covariates': (10000, 59, 2), 'outputs': (10000, 59, 1), 'active_entries': (10000, 59, 1), 'unscaled_outputs': (10000, 59, 1), 'prev_outputs': (10000, 59, 1), 'static_features': (10000, 1)}
[2025-01-28 21:13:34,119][root][INFO] - Simulating initial volumes for stage I  with norm params: mu=1.72, sigma=4.7, lb=-0.6221218732608373, ub=-0.023523848418276528
[2025-01-28 21:13:34,120][root][INFO] - Simulating initial volumes for stage II  with norm params: mu=1.96, sigma=1.63, lb=-1.9410876100159118, ub=0.3711345751297772
[2025-01-28 21:13:34,121][root][INFO] - Simulating initial volumes for stage IIIA  with norm params: mu=1.91, sigma=9.4, lb=-0.33127370258786554, ub=0.06967546355973796
[2025-01-28 21:13:34,122][root][INFO] - Simulating initial volumes for stage IIIB  with norm params: mu=2.76, sigma=6.87, lb=-0.5769974969906748, ub=-0.02839165102452155
[2025-01-28 21:13:34,122][root][INFO] - Simulating initial volumes for stage IV  with norm params: mu=3.86, sigma=8.82, lb=-0.5741465764541877, ub=-0.14683113860980307
[2025-01-28 21:13:34,124][root][INFO] - Got correlated params for 455 patients
[2025-01-28 21:13:34,125][root][INFO] - Got correlated params for 905 patients
[2025-01-28 21:13:34,126][root][INFO] - Got correlated params for 1366 patients
[2025-01-28 21:13:34,127][root][INFO] - Simulating beta_c parameters
[2025-01-28 21:13:34,128][root][INFO] - Randomising outputs
[2025-01-28 21:13:35,933][root][INFO] - Simulating initial volumes for stage I  with norm params: mu=1.72, sigma=4.7, lb=-0.6221218732608373, ub=-0.023523848418276528
[2025-01-28 21:13:35,934][root][INFO] - Simulating initial volumes for stage II  with norm params: mu=1.96, sigma=1.63, lb=-1.9410876100159118, ub=0.3711345751297772
[2025-01-28 21:13:35,935][root][INFO] - Simulating initial volumes for stage IIIA  with norm params: mu=1.91, sigma=9.4, lb=-0.33127370258786554, ub=0.06967546355973796
[2025-01-28 21:13:35,935][root][INFO] - Simulating initial volumes for stage IIIB  with norm params: mu=2.76, sigma=6.87, lb=-0.5769974969906748, ub=-0.02839165102452155
[2025-01-28 21:13:35,936][root][INFO] - Simulating initial volumes for stage IV  with norm params: mu=3.86, sigma=8.82, lb=-0.5741465764541877, ub=-0.14683113860980307
[2025-01-28 21:13:35,938][root][INFO] - Got correlated params for 493 patients
[2025-01-28 21:13:35,939][root][INFO] - Got correlated params for 947 patients
[2025-01-28 21:13:35,940][root][INFO] - Got correlated params for 1403 patients
[2025-01-28 21:13:35,941][root][INFO] - Simulating beta_c parameters
[2025-01-28 21:13:35,942][root][INFO] - Randomising outputs
[2025-01-28 21:13:42,063][root][INFO] - Simulating initial volumes for stage I  with norm params: mu=1.72, sigma=4.7, lb=-0.6221218732608373, ub=-0.023523848418276528
[2025-01-28 21:13:42,064][root][INFO] - Simulating initial volumes for stage II  with norm params: mu=1.96, sigma=1.63, lb=-1.9410876100159118, ub=0.3711345751297772
[2025-01-28 21:13:42,065][root][INFO] - Simulating initial volumes for stage IIIA  with norm params: mu=1.91, sigma=9.4, lb=-0.33127370258786554, ub=0.06967546355973796
[2025-01-28 21:13:42,065][root][INFO] - Simulating initial volumes for stage IIIB  with norm params: mu=2.76, sigma=6.87, lb=-0.5769974969906748, ub=-0.02839165102452155
[2025-01-28 21:13:42,066][root][INFO] - Simulating initial volumes for stage IV  with norm params: mu=3.86, sigma=8.82, lb=-0.5741465764541877, ub=-0.14683113860980307
[2025-01-28 21:13:42,068][root][INFO] - Got correlated params for 445 patients
[2025-01-28 21:13:42,069][root][INFO] - Got correlated params for 895 patients
[2025-01-28 21:13:42,070][root][INFO] - Got correlated params for 1355 patients
[2025-01-28 21:13:42,071][root][INFO] - Simulating beta_c parameters
[2025-01-28 21:13:42,072][root][INFO] - Randomising outputs
[2025-01-28 21:14:12,305][src.data.cancer_sim.dataset][INFO] - train Dataset already processed
[2025-01-28 21:14:12,306][src.data.cancer_sim.dataset][INFO] - Processing val dataset before training
[2025-01-28 21:14:12,396][src.data.cancer_sim.dataset][INFO] - Shape of processed val data: {'cancer_volume': (1000, 60), 'chemo_dosage': (1000, 60), 'radio_dosage': (1000, 60), 'chemo_application': (1000, 60), 'radio_application': (1000, 60), 'chemo_probabilities': (1000, 60), 'radio_probabilities': (1000, 60), 'sequence_lengths': (1000,), 'death_flags': (1000, 60), 'recovery_flags': (1000, 60), 'patient_types': (1000,), 'prev_treatments': (1000, 59, 4), 'current_treatments': (1000, 59, 4), 'current_covariates': (1000, 59, 2), 'outputs': (1000, 59, 1), 'active_entries': (1000, 59, 1), 'unscaled_outputs': (1000, 59, 1), 'prev_outputs': (1000, 59, 1), 'static_features': (1000, 1)}
[2025-01-28 21:14:12,397][src.data.cancer_sim.dataset][INFO] - Processing test dataset before training
[2025-01-28 21:14:31,827][src.data.cancer_sim.dataset][INFO] - Shape of processed test data: {'cancer_volume': (215732, 60), 'chemo_application': (215732, 60), 'radio_application': (215732, 60), 'sequence_lengths': (215732,), 'patient_types': (215732,), 'prev_treatments': (215732, 59, 4), 'current_treatments': (215732, 59, 4), 'current_covariates': (215732, 59, 2), 'outputs': (215732, 59, 1), 'active_entries': (215732, 59, 1), 'unscaled_outputs': (215732, 59, 1), 'prev_outputs': (215732, 59, 1), 'static_features': (215732, 1)}
[2025-01-28 21:14:31,829][src.data.cancer_sim.dataset][INFO] - Processing test dataset before training
[2025-01-28 21:15:26,274][src.data.cancer_sim.dataset][INFO] - Shape of processed test data: {'cancer_volume': (576490, 65), 'chemo_application': (576490, 65), 'radio_application': (576490, 65), 'sequence_lengths': (576490,), 'patient_types': (576490,), 'patient_ids_all_trajectories': (576490,), 'patient_current_t': (576490,), 'prev_treatments': (576490, 64, 4), 'current_treatments': (576490, 64, 4), 'current_covariates': (576490, 64, 2), 'outputs': (576490, 64, 1), 'active_entries': (576490, 64, 1), 'unscaled_outputs': (576490, 64, 1), 'prev_outputs': (576490, 64, 1), 'static_features': (576490, 1)}
[2025-01-28 21:15:26,277][src.data.cancer_sim.dataset][INFO] - Processing test dataset before testing (multiple sequences)
[2025-01-28 21:15:34,273][src.data.cancer_sim.dataset][INFO] - Shape of processed test data: {'active_encoder_r': (576490, 59), 'prev_treatments': (576490, 5, 4), 'current_treatments': (576490, 5, 4), 'current_covariates': (576490, 5, 2), 'prev_outputs': (576490, 5, 1), 'static_features': (576490, 1), 'outputs': (576490, 5, 1), 'sequence_lengths': (576490,), 'active_entries': (576490, 5, 1), 'unscaled_outputs': (576490, 5, 1), 'patient_types': (576490,), 'patient_ids_all_trajectories': (576490,), 'patient_current_t': (576490,)}
[2025-01-28 21:15:36,917][src.models.ct][INFO] - Max input size of multi: 4
[2025-01-28 21:19:59,277][src.models.time_varying_model][INFO] - RMSE calculation for val.
[2025-01-28 21:19:59,278][src.models.time_varying_model][INFO] - Predictions for val.
[2025-01-28 21:20:00,824][__main__][INFO] - Val normalised RMSE (all): 0.5724428924291811; Val normalised RMSE (orig): 0.5675027874031454
[2025-01-28 21:20:00,825][src.models.time_varying_model][INFO] - RMSE calculation for test.
[2025-01-28 21:20:00,825][src.models.time_varying_model][INFO] - Predictions for test.
[2025-01-28 21:20:21,056][__main__][INFO] - Test normalised RMSE (all): 1.3610529203046555; Test normalised RMSE (orig): 1.1052962037395442; Test normalised RMSE (only counterfactual): 1.3310400387657169
[2025-01-28 21:20:21,100][src.models.time_varying_model][INFO] - RMSE calculation for test.
[2025-01-28 21:20:21,100][src.models.ct][INFO] - Autoregressive Prediction for test.
[2025-01-28 21:20:21,103][src.models.ct][INFO] - t = 1
[2025-01-28 21:20:21,103][src.models.time_varying_model][INFO] - Predictions for test.
[2025-01-28 21:21:20,869][src.models.ct][INFO] - t = 2
[2025-01-28 21:21:20,870][src.models.time_varying_model][INFO] - Predictions for test.
[2025-01-28 21:22:21,103][src.models.ct][INFO] - t = 3
[2025-01-28 21:22:21,104][src.models.time_varying_model][INFO] - Predictions for test.
[2025-01-28 21:23:20,176][src.models.ct][INFO] - t = 4
[2025-01-28 21:23:20,177][src.models.time_varying_model][INFO] - Predictions for test.
[2025-01-28 21:24:19,258][src.models.ct][INFO] - t = 5
[2025-01-28 21:24:19,258][src.models.time_varying_model][INFO] - Predictions for test.
[2025-01-28 21:25:19,684][src.models.ct][INFO] - t = 6
[2025-01-28 21:25:19,684][src.models.time_varying_model][INFO] - Predictions for test.
[2025-01-28 21:26:20,728][__main__][INFO] - Test normalised RMSE (n-step prediction): {'2-step': 0.9525608730048664, '3-step': 1.1043320509689618, '4-step': 1.2356829365702793, '5-step': 1.3363796961055032, '6-step': 1.4187245198609082}
