[2025-01-28 23:07:39,358][__main__][INFO] - 
model:
  dim_treatments: 4
  dim_vitals: 0
  dim_static_features: 1
  dim_outcomes: 1
  name: CRN
  encoder:
    _target_: src.models.crn.CRNEncoder
    seq_hidden_units: 24
    br_size: 24
    fc_hidden_units: 96
    dropout_rate: 0.2
    num_layer: 1
    batch_size: 64
    optimizer:
      optimizer_cls: adam
      learning_rate: 0.001
      weight_decay: 0.0
      lr_scheduler: false
    tune_hparams: false
    tune_range: 50
    hparams_grid: null
    resources_per_trial: null
  train_decoder: true
  decoder:
    _target_: src.models.crn.CRNDecoder
    seq_hidden_units: null
    br_size: 24
    fc_hidden_units: 12
    dropout_rate: 0.1
    num_layer: 1
    batch_size: 1024
    optimizer:
      optimizer_cls: adam
      learning_rate: 0.001
      weight_decay: 0.0
      lr_scheduler: false
    tune_hparams: false
    tune_range: 30
    hparams_grid: null
    resources_per_trial: null
dataset:
  val_batch_size: 512
  treatment_mode: multiclass
  _target_: src.data.SyntheticCancerDatasetCollection
  name: tumor_generator
  coeff: 5.0
  chemo_coeff: 5.0
  radio_coeff: 5.0
  seed: 10
  random: true
  noise_percentage: 0.05
  num_patients:
    train: 10000
    val: 1000
    test: 1000
  window_size: 15
  lag: 0
  max_seq_length: 60
  projection_horizon: 5
  cf_seq_mode: sliding_treatment
exp:
  seed: 10
  gpus:
  - 0
  max_epochs: 30
  logging: true
  mlflow_uri: http://127.0.0.1:5000
  unscale_rmse: true
  percentage_rmse: true
  alpha: 0.01
  update_alpha: true
  alpha_rate: exp
  initial_balancing_method: grad_reverse
  final_balancing_method: grad_reverse
  bce_weight: false
  weights_ema: false
  beta: 0.99
  alpha_wass: 0.0001
  alpha_wass_epoch: false
  alpha_wass_growth: 0.001
  alpha_wass_max: 0.01
  balancing: grad_reverse
  balancing_switch_epoch: 29
  gap_epoch: 50
  clustering_method: GMM
  number_clusters: 2
  num_timepoints: 59
  checkpoint_dir: ./checkpoints/cancer/crn/random/5

[2025-01-28 23:07:39,384][root][INFO] - Simulating initial volumes for stage I  with norm params: mu=1.72, sigma=4.7, lb=-0.6221218732608373, ub=-0.023523848418276528
[2025-01-28 23:07:39,392][root][INFO] - Simulating initial volumes for stage II  with norm params: mu=1.96, sigma=1.63, lb=-1.9410876100159118, ub=0.3711345751297772
[2025-01-28 23:07:39,393][root][INFO] - Simulating initial volumes for stage IIIA  with norm params: mu=1.91, sigma=9.4, lb=-0.33127370258786554, ub=0.06967546355973796
[2025-01-28 23:07:39,394][root][INFO] - Simulating initial volumes for stage IIIB  with norm params: mu=2.76, sigma=6.87, lb=-0.5769974969906748, ub=-0.02839165102452155
[2025-01-28 23:07:39,397][root][INFO] - Simulating initial volumes for stage IV  with norm params: mu=3.86, sigma=8.82, lb=-0.5741465764541877, ub=-0.14683113860980307
[2025-01-28 23:07:39,420][root][INFO] - Got correlated params for 4658 patients
[2025-01-28 23:07:39,424][root][INFO] - Got correlated params for 9338 patients
[2025-01-28 23:07:39,429][root][INFO] - Got correlated params for 13912 patients
[2025-01-28 23:07:39,438][root][INFO] - Simulating beta_c parameters
[2025-01-28 23:07:39,443][root][INFO] - Randomising outputs
[2025-01-28 23:07:54,755][src.data.cancer_sim.dataset][INFO] - Processing train dataset before training
[2025-01-28 23:07:55,666][src.data.cancer_sim.dataset][INFO] - Shape of processed train data: {'cancer_volume': (10000, 60), 'chemo_dosage': (10000, 60), 'radio_dosage': (10000, 60), 'chemo_application': (10000, 60), 'radio_application': (10000, 60), 'chemo_probabilities': (10000, 60), 'radio_probabilities': (10000, 60), 'sequence_lengths': (10000,), 'death_flags': (10000, 60), 'recovery_flags': (10000, 60), 'patient_types': (10000,), 'prev_treatments': (10000, 59, 4), 'current_treatments': (10000, 59, 4), 'current_covariates': (10000, 59, 2), 'outputs': (10000, 59, 1), 'active_entries': (10000, 59, 1), 'unscaled_outputs': (10000, 59, 1), 'prev_outputs': (10000, 59, 1), 'static_features': (10000, 1)}
[2025-01-28 23:07:55,718][root][INFO] - Simulating initial volumes for stage I  with norm params: mu=1.72, sigma=4.7, lb=-0.6221218732608373, ub=-0.023523848418276528
[2025-01-28 23:07:55,719][root][INFO] - Simulating initial volumes for stage II  with norm params: mu=1.96, sigma=1.63, lb=-1.9410876100159118, ub=0.3711345751297772
[2025-01-28 23:07:55,720][root][INFO] - Simulating initial volumes for stage IIIA  with norm params: mu=1.91, sigma=9.4, lb=-0.33127370258786554, ub=0.06967546355973796
[2025-01-28 23:07:55,721][root][INFO] - Simulating initial volumes for stage IIIB  with norm params: mu=2.76, sigma=6.87, lb=-0.5769974969906748, ub=-0.02839165102452155
[2025-01-28 23:07:55,721][root][INFO] - Simulating initial volumes for stage IV  with norm params: mu=3.86, sigma=8.82, lb=-0.5741465764541877, ub=-0.14683113860980307
[2025-01-28 23:07:55,723][root][INFO] - Got correlated params for 455 patients
[2025-01-28 23:07:55,724][root][INFO] - Got correlated params for 905 patients
[2025-01-28 23:07:55,725][root][INFO] - Got correlated params for 1366 patients
[2025-01-28 23:07:55,726][root][INFO] - Simulating beta_c parameters
[2025-01-28 23:07:55,727][root][INFO] - Randomising outputs
[2025-01-28 23:07:57,209][root][INFO] - Simulating initial volumes for stage I  with norm params: mu=1.72, sigma=4.7, lb=-0.6221218732608373, ub=-0.023523848418276528
[2025-01-28 23:07:57,210][root][INFO] - Simulating initial volumes for stage II  with norm params: mu=1.96, sigma=1.63, lb=-1.9410876100159118, ub=0.3711345751297772
[2025-01-28 23:07:57,210][root][INFO] - Simulating initial volumes for stage IIIA  with norm params: mu=1.91, sigma=9.4, lb=-0.33127370258786554, ub=0.06967546355973796
[2025-01-28 23:07:57,211][root][INFO] - Simulating initial volumes for stage IIIB  with norm params: mu=2.76, sigma=6.87, lb=-0.5769974969906748, ub=-0.02839165102452155
[2025-01-28 23:07:57,212][root][INFO] - Simulating initial volumes for stage IV  with norm params: mu=3.86, sigma=8.82, lb=-0.5741465764541877, ub=-0.14683113860980307
[2025-01-28 23:07:57,213][root][INFO] - Got correlated params for 493 patients
[2025-01-28 23:07:57,214][root][INFO] - Got correlated params for 947 patients
[2025-01-28 23:07:57,215][root][INFO] - Got correlated params for 1403 patients
[2025-01-28 23:07:57,216][root][INFO] - Simulating beta_c parameters
[2025-01-28 23:07:57,217][root][INFO] - Randomising outputs
[2025-01-28 23:08:02,528][root][INFO] - Simulating initial volumes for stage I  with norm params: mu=1.72, sigma=4.7, lb=-0.6221218732608373, ub=-0.023523848418276528
[2025-01-28 23:08:02,530][root][INFO] - Simulating initial volumes for stage II  with norm params: mu=1.96, sigma=1.63, lb=-1.9410876100159118, ub=0.3711345751297772
[2025-01-28 23:08:02,530][root][INFO] - Simulating initial volumes for stage IIIA  with norm params: mu=1.91, sigma=9.4, lb=-0.33127370258786554, ub=0.06967546355973796
[2025-01-28 23:08:02,531][root][INFO] - Simulating initial volumes for stage IIIB  with norm params: mu=2.76, sigma=6.87, lb=-0.5769974969906748, ub=-0.02839165102452155
[2025-01-28 23:08:02,532][root][INFO] - Simulating initial volumes for stage IV  with norm params: mu=3.86, sigma=8.82, lb=-0.5741465764541877, ub=-0.14683113860980307
[2025-01-28 23:08:02,534][root][INFO] - Got correlated params for 445 patients
[2025-01-28 23:08:02,535][root][INFO] - Got correlated params for 895 patients
[2025-01-28 23:08:02,536][root][INFO] - Got correlated params for 1355 patients
[2025-01-28 23:08:02,537][root][INFO] - Simulating beta_c parameters
[2025-01-28 23:08:02,537][root][INFO] - Randomising outputs
[2025-01-28 23:08:27,946][src.data.cancer_sim.dataset][INFO] - train Dataset already processed
[2025-01-28 23:08:27,946][src.data.cancer_sim.dataset][INFO] - Processing val dataset before training
[2025-01-28 23:08:28,039][src.data.cancer_sim.dataset][INFO] - Shape of processed val data: {'cancer_volume': (1000, 60), 'chemo_dosage': (1000, 60), 'radio_dosage': (1000, 60), 'chemo_application': (1000, 60), 'radio_application': (1000, 60), 'chemo_probabilities': (1000, 60), 'radio_probabilities': (1000, 60), 'sequence_lengths': (1000,), 'death_flags': (1000, 60), 'recovery_flags': (1000, 60), 'patient_types': (1000,), 'prev_treatments': (1000, 59, 4), 'current_treatments': (1000, 59, 4), 'current_covariates': (1000, 59, 2), 'outputs': (1000, 59, 1), 'active_entries': (1000, 59, 1), 'unscaled_outputs': (1000, 59, 1), 'prev_outputs': (1000, 59, 1), 'static_features': (1000, 1)}
[2025-01-28 23:08:28,039][src.data.cancer_sim.dataset][INFO] - Processing test dataset before training
[2025-01-28 23:08:47,527][src.data.cancer_sim.dataset][INFO] - Shape of processed test data: {'cancer_volume': (215732, 60), 'chemo_application': (215732, 60), 'radio_application': (215732, 60), 'sequence_lengths': (215732,), 'patient_types': (215732,), 'prev_treatments': (215732, 59, 4), 'current_treatments': (215732, 59, 4), 'current_covariates': (215732, 59, 2), 'outputs': (215732, 59, 1), 'active_entries': (215732, 59, 1), 'unscaled_outputs': (215732, 59, 1), 'prev_outputs': (215732, 59, 1), 'static_features': (215732, 1)}
[2025-01-28 23:08:48,158][src.models.crn][INFO] - Input size of encoder: 6
[2025-01-28 23:11:21,588][src.models.time_varying_model][INFO] - RMSE calculation for val.
[2025-01-28 23:11:21,588][src.models.time_varying_model][INFO] - Predictions for val.
[2025-01-28 23:11:22,226][__main__][INFO] - Val normalised RMSE (all): 0.67417722284018; Val normalised RMSE (orig): 0.6684798036097072
[2025-01-28 23:11:22,226][src.models.time_varying_model][INFO] - RMSE calculation for test.
[2025-01-28 23:11:22,226][src.models.time_varying_model][INFO] - Predictions for test.
[2025-01-28 23:11:36,053][__main__][INFO] - Test normalised RMSE (all): 1.510794666206375; Test normalised RMSE (orig): 1.1629741417837092; Test normalised RMSE (only counterfactual): 1.356203661693906
[2025-01-28 23:11:36,115][src.models.crn][INFO] - Input size of decoder: 6
[2025-01-28 23:11:36,127][src.data.cancer_sim.dataset][INFO] - train Dataset already processed
[2025-01-28 23:11:36,127][src.data.cancer_sim.dataset][INFO] - val Dataset already processed
[2025-01-28 23:11:36,127][src.data.cancer_sim.dataset][INFO] - Processing test dataset before training
[2025-01-28 23:12:30,440][src.data.cancer_sim.dataset][INFO] - Shape of processed test data: {'cancer_volume': (576490, 65), 'chemo_application': (576490, 65), 'radio_application': (576490, 65), 'sequence_lengths': (576490,), 'patient_types': (576490,), 'patient_ids_all_trajectories': (576490,), 'patient_current_t': (576490,), 'prev_treatments': (576490, 64, 4), 'current_treatments': (576490, 64, 4), 'current_covariates': (576490, 64, 2), 'outputs': (576490, 64, 1), 'active_entries': (576490, 64, 1), 'unscaled_outputs': (576490, 64, 1), 'prev_outputs': (576490, 64, 1), 'static_features': (576490, 1)}
[2025-01-28 23:12:30,444][src.models.time_varying_model][INFO] - Balanced representations inference for train.
[2025-01-28 23:12:31,738][src.models.time_varying_model][INFO] - Balanced representations inference for val.
[2025-01-28 23:12:32,293][src.models.time_varying_model][INFO] - Balanced representations inference for test.
[2025-01-28 23:13:08,499][src.models.time_varying_model][INFO] - Predictions for test.
[2025-01-28 23:13:46,095][src.data.cancer_sim.dataset][INFO] - Processing train dataset before training (multiple sequences)
[2025-01-28 23:13:48,944][src.data.cancer_sim.dataset][INFO] - Shape of processed train data: {'init_state': (514877, 24), 'original_index': (514877,), 'active_encoder_r': (514877, 59), 'prev_treatments': (514877, 5, 4), 'current_treatments': (514877, 5, 4), 'current_covariates': (514877, 5, 2), 'prev_outputs': (514877, 5, 1), 'static_features': (514877, 1), 'outputs': (514877, 5, 1), 'sequence_lengths': (514877,), 'active_entries': (514877, 5, 1), 'unscaled_outputs': (514877, 5, 1)}
[2025-01-28 23:13:48,946][src.data.cancer_sim.dataset][INFO] - Processing val dataset before training (multiple sequences)
[2025-01-28 23:13:49,238][src.data.cancer_sim.dataset][INFO] - Shape of processed val data: {'init_state': (51873, 24), 'original_index': (51873,), 'active_encoder_r': (51873, 59), 'prev_treatments': (51873, 5, 4), 'current_treatments': (51873, 5, 4), 'current_covariates': (51873, 5, 2), 'prev_outputs': (51873, 5, 1), 'static_features': (51873, 1), 'outputs': (51873, 5, 1), 'sequence_lengths': (51873,), 'active_entries': (51873, 5, 1), 'unscaled_outputs': (51873, 5, 1)}
[2025-01-28 23:13:49,239][src.data.cancer_sim.dataset][INFO] - Processing test dataset before testing (multiple sequences)
[2025-01-28 23:13:57,497][src.data.cancer_sim.dataset][INFO] - Shape of processed test data: {'active_encoder_r': (576490, 59), 'prev_treatments': (576490, 5, 4), 'current_treatments': (576490, 5, 4), 'current_covariates': (576490, 5, 2), 'prev_outputs': (576490, 5, 1), 'static_features': (576490, 1), 'outputs': (576490, 5, 1), 'sequence_lengths': (576490,), 'active_entries': (576490, 5, 1), 'unscaled_outputs': (576490, 5, 1), 'patient_types': (576490,), 'patient_ids_all_trajectories': (576490,), 'patient_current_t': (576490,), 'init_state': (576490, 24)}
[2025-01-28 23:13:57,554][src.data.cancer_sim.dataset][INFO] - Processing test dataset before testing (autoregressive)
[2025-01-28 23:14:01,702][src.data.cancer_sim.dataset][INFO] - Shape of processed test data: {'current_covariates': (576490, 5, 2), 'prev_treatments': (576490, 5, 4), 'current_treatments': (576490, 5, 4), 'init_state': (576490, 24), 'active_encoder_r': (576490, 59), 'active_entries': (576490, 5, 1), 'prev_outputs': (576490, 5, 1), 'static_features': (576490, 1)}
[2025-01-28 23:26:05,423][src.models.time_varying_model][INFO] - RMSE calculation for val.
[2025-01-28 23:26:05,424][src.models.time_varying_model][INFO] - Predictions for val.
[2025-01-28 23:26:07,594][__main__][INFO] - Val normalised RMSE (all): 0.36090830087502684; Val normalised RMSE (orig): 0.36090830087502823
[2025-01-28 23:26:07,594][src.models.time_varying_model][INFO] - RMSE calculation for test.
[2025-01-28 23:26:07,594][src.models.time_varying_model][INFO] - Autoregressive Prediction for test.
[2025-01-28 23:26:07,606][src.models.time_varying_model][INFO] - t = 2
[2025-01-28 23:26:07,606][src.models.time_varying_model][INFO] - Predictions for test.
[2025-01-28 23:26:23,152][src.models.time_varying_model][INFO] - t = 3
[2025-01-28 23:26:23,153][src.models.time_varying_model][INFO] - Predictions for test.
[2025-01-28 23:26:38,936][src.models.time_varying_model][INFO] - t = 4
[2025-01-28 23:26:38,937][src.models.time_varying_model][INFO] - Predictions for test.
[2025-01-28 23:26:54,671][src.models.time_varying_model][INFO] - t = 5
[2025-01-28 23:26:54,672][src.models.time_varying_model][INFO] - Predictions for test.
[2025-01-28 23:27:10,312][src.models.time_varying_model][INFO] - t = 6
[2025-01-28 23:27:10,312][src.models.time_varying_model][INFO] - Predictions for test.
[2025-01-28 23:27:27,482][__main__][INFO] - Test normalised RMSE (n-step prediction): {'2-step': 1.2841364077549233, '3-step': 1.3302617124726042, '4-step': 1.380116498543153, '5-step': 1.389624989613364, '6-step': 1.353705128938034}
