[2025-01-30 21:44:34,609][__main__][INFO] - 
model:
  dim_treatments: 4
  dim_vitals: 0
  dim_static_features: 1
  dim_outcomes: 1
  name: CRN
  encoder:
    _target_: src.models.crn.CRNEncoder
    seq_hidden_units: 24
    br_size: 24
    fc_hidden_units: 96
    dropout_rate: 0.2
    num_layer: 1
    batch_size: 1024
    optimizer:
      optimizer_cls: adam
      learning_rate: 0.001
      weight_decay: 0.0
      lr_scheduler: false
    tune_hparams: false
    tune_range: 50
    hparams_grid: null
    resources_per_trial: null
  train_decoder: true
  decoder:
    _target_: src.models.crn.CRNDecoder
    seq_hidden_units: null
    br_size: 24
    fc_hidden_units: 12
    dropout_rate: 0.1
    num_layer: 1
    batch_size: 1024
    optimizer:
      optimizer_cls: adam
      learning_rate: 0.001
      weight_decay: 0.0
      lr_scheduler: false
    tune_hparams: false
    tune_range: 30
    hparams_grid: null
    resources_per_trial: null
dataset:
  val_batch_size: 512
  treatment_mode: multiclass
  _target_: src.data.SyntheticCancerDatasetCollection
  name: tumor_generator
  coeff: 6.0
  chemo_coeff: 6.0
  radio_coeff: 6.0
  seed: 10
  random: false
  noise_percentage: 0.0
  num_patients:
    train: 10000
    val: 1000
    test: 1000
  window_size: 15
  lag: 0
  max_seq_length: 60
  projection_horizon: 5
  cf_seq_mode: sliding_treatment
exp:
  seed: 10
  gpus:
  - 0
  max_epochs: 130
  logging: true
  mlflow_uri: http://127.0.0.1:5000
  unscale_rmse: true
  percentage_rmse: true
  alpha: 0.01
  update_alpha: true
  alpha_rate: exp
  initial_balancing_method: grad_reverse
  final_balancing_method: subgroup
  bce_weight: false
  weights_ema: false
  beta: 0.99
  alpha_wass: 0.01
  alpha_wass_epoch: false
  alpha_wass_growth: 0.001
  alpha_wass_max: 0.01
  balancing: grad_reverse
  balancing_switch_epoch: 99
  gap_epoch: 5
  clustering_method: KMeans
  number_clusters: 3
  num_timepoints: 59
  checkpoint_dir: ./checkpoints/cancer/crn/SGA/6

[2025-01-30 21:44:34,634][root][INFO] - Simulating initial volumes for stage I  with norm params: mu=1.72, sigma=4.7, lb=-0.6221218732608373, ub=-0.023523848418276528
[2025-01-30 21:44:34,641][root][INFO] - Simulating initial volumes for stage II  with norm params: mu=1.96, sigma=1.63, lb=-1.9410876100159118, ub=0.3711345751297772
[2025-01-30 21:44:34,643][root][INFO] - Simulating initial volumes for stage IIIA  with norm params: mu=1.91, sigma=9.4, lb=-0.33127370258786554, ub=0.06967546355973796
[2025-01-30 21:44:34,644][root][INFO] - Simulating initial volumes for stage IIIB  with norm params: mu=2.76, sigma=6.87, lb=-0.5769974969906748, ub=-0.02839165102452155
[2025-01-30 21:44:34,646][root][INFO] - Simulating initial volumes for stage IV  with norm params: mu=3.86, sigma=8.82, lb=-0.5741465764541877, ub=-0.14683113860980307
[2025-01-30 21:44:34,670][root][INFO] - Got correlated params for 4658 patients
[2025-01-30 21:44:34,675][root][INFO] - Got correlated params for 9338 patients
[2025-01-30 21:44:34,679][root][INFO] - Got correlated params for 13912 patients
[2025-01-30 21:44:34,688][root][INFO] - Simulating beta_c parameters
[2025-01-30 21:44:34,693][root][INFO] - Randomising outputs
[2025-01-30 21:44:52,142][root][INFO] - Simulating initial volumes for stage I  with norm params: mu=1.72, sigma=4.7, lb=-0.6221218732608373, ub=-0.023523848418276528
[2025-01-30 21:44:52,144][root][INFO] - Simulating initial volumes for stage II  with norm params: mu=1.96, sigma=1.63, lb=-1.9410876100159118, ub=0.3711345751297772
[2025-01-30 21:44:52,145][root][INFO] - Simulating initial volumes for stage IIIA  with norm params: mu=1.91, sigma=9.4, lb=-0.33127370258786554, ub=0.06967546355973796
[2025-01-30 21:44:52,146][root][INFO] - Simulating initial volumes for stage IIIB  with norm params: mu=2.76, sigma=6.87, lb=-0.5769974969906748, ub=-0.02839165102452155
[2025-01-30 21:44:52,146][root][INFO] - Simulating initial volumes for stage IV  with norm params: mu=3.86, sigma=8.82, lb=-0.5741465764541877, ub=-0.14683113860980307
[2025-01-30 21:44:52,148][root][INFO] - Got correlated params for 464 patients
[2025-01-30 21:44:52,149][root][INFO] - Got correlated params for 942 patients
[2025-01-30 21:44:52,150][root][INFO] - Got correlated params for 1398 patients
[2025-01-30 21:44:52,151][root][INFO] - Simulating beta_c parameters
[2025-01-30 21:44:52,153][root][INFO] - Randomising outputs
[2025-01-30 21:44:53,846][root][INFO] - Simulating initial volumes for stage I  with norm params: mu=1.72, sigma=4.7, lb=-0.6221218732608373, ub=-0.023523848418276528
[2025-01-30 21:44:53,846][root][INFO] - Simulating initial volumes for stage II  with norm params: mu=1.96, sigma=1.63, lb=-1.9410876100159118, ub=0.3711345751297772
[2025-01-30 21:44:53,847][root][INFO] - Simulating initial volumes for stage IIIA  with norm params: mu=1.91, sigma=9.4, lb=-0.33127370258786554, ub=0.06967546355973796
[2025-01-30 21:44:53,847][root][INFO] - Simulating initial volumes for stage IIIB  with norm params: mu=2.76, sigma=6.87, lb=-0.5769974969906748, ub=-0.02839165102452155
[2025-01-30 21:44:53,848][root][INFO] - Simulating initial volumes for stage IV  with norm params: mu=3.86, sigma=8.82, lb=-0.5741465764541877, ub=-0.14683113860980307
[2025-01-30 21:44:53,850][root][INFO] - Got correlated params for 491 patients
[2025-01-30 21:44:53,851][root][INFO] - Got correlated params for 936 patients
[2025-01-30 21:44:53,852][root][INFO] - Got correlated params for 1396 patients
[2025-01-30 21:44:53,853][root][INFO] - Simulating beta_c parameters
[2025-01-30 21:44:53,854][root][INFO] - Randomising outputs
[2025-01-30 21:45:00,059][root][INFO] - Simulating initial volumes for stage I  with norm params: mu=1.72, sigma=4.7, lb=-0.6221218732608373, ub=-0.023523848418276528
[2025-01-30 21:45:00,060][root][INFO] - Simulating initial volumes for stage II  with norm params: mu=1.96, sigma=1.63, lb=-1.9410876100159118, ub=0.3711345751297772
[2025-01-30 21:45:00,061][root][INFO] - Simulating initial volumes for stage IIIA  with norm params: mu=1.91, sigma=9.4, lb=-0.33127370258786554, ub=0.06967546355973796
[2025-01-30 21:45:00,062][root][INFO] - Simulating initial volumes for stage IIIB  with norm params: mu=2.76, sigma=6.87, lb=-0.5769974969906748, ub=-0.02839165102452155
[2025-01-30 21:45:00,062][root][INFO] - Simulating initial volumes for stage IV  with norm params: mu=3.86, sigma=8.82, lb=-0.5741465764541877, ub=-0.14683113860980307
[2025-01-30 21:45:00,064][root][INFO] - Got correlated params for 434 patients
[2025-01-30 21:45:00,065][root][INFO] - Got correlated params for 874 patients
[2025-01-30 21:45:00,066][root][INFO] - Got correlated params for 1357 patients
[2025-01-30 21:45:00,067][root][INFO] - Simulating beta_c parameters
[2025-01-30 21:45:00,068][root][INFO] - Randomising outputs
[2025-01-30 21:45:27,377][src.data.cancer_sim.dataset][INFO] - Processing train dataset before training
[2025-01-30 21:45:28,299][src.data.cancer_sim.dataset][INFO] - Shape of processed train data: {'cancer_volume': (10000, 60), 'chemo_dosage': (10000, 60), 'radio_dosage': (10000, 60), 'chemo_application': (10000, 60), 'radio_application': (10000, 60), 'chemo_probabilities': (10000, 60), 'radio_probabilities': (10000, 60), 'sequence_lengths': (10000,), 'death_flags': (10000, 60), 'recovery_flags': (10000, 60), 'patient_types': (10000,), 'prev_treatments': (10000, 59, 4), 'current_treatments': (10000, 59, 4), 'current_covariates': (10000, 59, 2), 'outputs': (10000, 59, 1), 'active_entries': (10000, 59, 1), 'unscaled_outputs': (10000, 59, 1), 'prev_outputs': (10000, 59, 1), 'static_features': (10000, 1)}
[2025-01-30 21:45:28,299][src.data.cancer_sim.dataset][INFO] - Processing val dataset before training
[2025-01-30 21:45:28,391][src.data.cancer_sim.dataset][INFO] - Shape of processed val data: {'cancer_volume': (1000, 60), 'chemo_dosage': (1000, 60), 'radio_dosage': (1000, 60), 'chemo_application': (1000, 60), 'radio_application': (1000, 60), 'chemo_probabilities': (1000, 60), 'radio_probabilities': (1000, 60), 'sequence_lengths': (1000,), 'death_flags': (1000, 60), 'recovery_flags': (1000, 60), 'patient_types': (1000,), 'prev_treatments': (1000, 59, 4), 'current_treatments': (1000, 59, 4), 'current_covariates': (1000, 59, 2), 'outputs': (1000, 59, 1), 'active_entries': (1000, 59, 1), 'unscaled_outputs': (1000, 59, 1), 'prev_outputs': (1000, 59, 1), 'static_features': (1000, 1)}
[2025-01-30 21:45:28,391][src.data.cancer_sim.dataset][INFO] - Processing test dataset before training
[2025-01-30 21:45:48,372][src.data.cancer_sim.dataset][INFO] - Shape of processed test data: {'cancer_volume': (224868, 60), 'chemo_application': (224868, 60), 'radio_application': (224868, 60), 'sequence_lengths': (224868,), 'patient_types': (224868,), 'prev_treatments': (224868, 59, 4), 'current_treatments': (224868, 59, 4), 'current_covariates': (224868, 59, 2), 'outputs': (224868, 59, 1), 'active_entries': (224868, 59, 1), 'unscaled_outputs': (224868, 59, 1), 'prev_outputs': (224868, 59, 1), 'static_features': (224868, 1)}
[2025-01-30 21:45:49,029][src.models.crn][INFO] - Input size of encoder: 6
[2025-01-30 21:56:31,226][src.models.time_varying_model][INFO] - RMSE calculation for val.
[2025-01-30 21:56:31,227][src.models.time_varying_model][INFO] - Predictions for val.
[2025-01-30 21:56:31,916][__main__][INFO] - Val normalised RMSE (all): 0.6498257578696806; Val normalised RMSE (orig): 0.6413905162244384
[2025-01-30 21:56:31,916][src.models.time_varying_model][INFO] - RMSE calculation for test.
[2025-01-30 21:56:31,916][src.models.time_varying_model][INFO] - Predictions for test.
[2025-01-30 21:56:48,854][__main__][INFO] - Test normalised RMSE (all): 1.8356190104251782; Test normalised RMSE (orig): 1.596771703599571; Test normalised RMSE (only counterfactual): 2.107491746716841
[2025-01-30 21:56:48,923][src.models.crn][INFO] - Input size of decoder: 6
[2025-01-30 21:56:48,936][src.data.cancer_sim.dataset][INFO] - train Dataset already processed
[2025-01-30 21:56:48,936][src.data.cancer_sim.dataset][INFO] - val Dataset already processed
[2025-01-30 21:56:48,936][src.data.cancer_sim.dataset][INFO] - Processing test dataset before training
[2025-01-30 21:57:42,867][src.data.cancer_sim.dataset][INFO] - Shape of processed test data: {'cancer_volume': (548744, 65), 'chemo_application': (548744, 65), 'radio_application': (548744, 65), 'sequence_lengths': (548744,), 'patient_types': (548744,), 'patient_ids_all_trajectories': (548744,), 'patient_current_t': (548744,), 'prev_treatments': (548744, 64, 4), 'current_treatments': (548744, 64, 4), 'current_covariates': (548744, 64, 2), 'outputs': (548744, 64, 1), 'active_entries': (548744, 64, 1), 'unscaled_outputs': (548744, 64, 1), 'prev_outputs': (548744, 64, 1), 'static_features': (548744, 1)}
[2025-01-30 21:57:42,871][src.models.time_varying_model][INFO] - Balanced representations inference for train.
[2025-01-30 21:57:44,402][src.models.time_varying_model][INFO] - Balanced representations inference for val.
[2025-01-30 21:57:45,046][src.models.time_varying_model][INFO] - Balanced representations inference for test.
[2025-01-30 21:58:25,638][src.models.time_varying_model][INFO] - Predictions for test.
[2025-01-30 21:59:08,596][src.data.cancer_sim.dataset][INFO] - Processing train dataset before training (multiple sequences)
[2025-01-30 21:59:11,562][src.data.cancer_sim.dataset][INFO] - Shape of processed train data: {'init_state': (515994, 24), 'original_index': (515994,), 'active_encoder_r': (515994, 59), 'prev_treatments': (515994, 5, 4), 'current_treatments': (515994, 5, 4), 'current_covariates': (515994, 5, 2), 'prev_outputs': (515994, 5, 1), 'static_features': (515994, 1), 'outputs': (515994, 5, 1), 'sequence_lengths': (515994,), 'active_entries': (515994, 5, 1), 'unscaled_outputs': (515994, 5, 1)}
[2025-01-30 21:59:11,563][src.data.cancer_sim.dataset][INFO] - Processing val dataset before training (multiple sequences)
[2025-01-30 21:59:11,853][src.data.cancer_sim.dataset][INFO] - Shape of processed val data: {'init_state': (51287, 24), 'original_index': (51287,), 'active_encoder_r': (51287, 59), 'prev_treatments': (51287, 5, 4), 'current_treatments': (51287, 5, 4), 'current_covariates': (51287, 5, 2), 'prev_outputs': (51287, 5, 1), 'static_features': (51287, 1), 'outputs': (51287, 5, 1), 'sequence_lengths': (51287,), 'active_entries': (51287, 5, 1), 'unscaled_outputs': (51287, 5, 1)}
[2025-01-30 21:59:11,853][src.data.cancer_sim.dataset][INFO] - Processing test dataset before testing (multiple sequences)
[2025-01-30 21:59:20,489][src.data.cancer_sim.dataset][INFO] - Shape of processed test data: {'active_encoder_r': (548744, 59), 'prev_treatments': (548744, 5, 4), 'current_treatments': (548744, 5, 4), 'current_covariates': (548744, 5, 2), 'prev_outputs': (548744, 5, 1), 'static_features': (548744, 1), 'outputs': (548744, 5, 1), 'sequence_lengths': (548744,), 'active_entries': (548744, 5, 1), 'unscaled_outputs': (548744, 5, 1), 'patient_types': (548744,), 'patient_ids_all_trajectories': (548744,), 'patient_current_t': (548744,), 'init_state': (548744, 24)}
[2025-01-30 21:59:20,547][src.data.cancer_sim.dataset][INFO] - Processing test dataset before testing (autoregressive)
[2025-01-30 21:59:24,830][src.data.cancer_sim.dataset][INFO] - Shape of processed test data: {'current_covariates': (548744, 5, 2), 'prev_treatments': (548744, 5, 4), 'current_treatments': (548744, 5, 4), 'init_state': (548744, 24), 'active_encoder_r': (548744, 59), 'active_entries': (548744, 5, 1), 'prev_outputs': (548744, 5, 1), 'static_features': (548744, 1)}
[2025-01-30 23:06:05,175][src.models.time_varying_model][INFO] - RMSE calculation for val.
[2025-01-30 23:06:05,177][src.models.time_varying_model][INFO] - Predictions for val.
[2025-01-30 23:06:07,764][__main__][INFO] - Val normalised RMSE (all): 0.29120791872717755; Val normalised RMSE (orig): 0.29120791872717766
[2025-01-30 23:06:07,764][src.models.time_varying_model][INFO] - RMSE calculation for test.
[2025-01-30 23:06:07,765][src.models.time_varying_model][INFO] - Autoregressive Prediction for test.
[2025-01-30 23:06:07,776][src.models.time_varying_model][INFO] - t = 2
[2025-01-30 23:06:07,776][src.models.time_varying_model][INFO] - Predictions for test.
[2025-01-30 23:06:26,467][src.models.time_varying_model][INFO] - t = 3
[2025-01-30 23:06:26,468][src.models.time_varying_model][INFO] - Predictions for test.
[2025-01-30 23:06:45,460][src.models.time_varying_model][INFO] - t = 4
[2025-01-30 23:06:45,460][src.models.time_varying_model][INFO] - Predictions for test.
[2025-01-30 23:07:04,450][src.models.time_varying_model][INFO] - t = 5
[2025-01-30 23:07:04,450][src.models.time_varying_model][INFO] - Predictions for test.
[2025-01-30 23:07:23,340][src.models.time_varying_model][INFO] - t = 6
[2025-01-30 23:07:23,340][src.models.time_varying_model][INFO] - Predictions for test.
[2025-01-30 23:07:43,976][__main__][INFO] - Test normalised RMSE (n-step prediction): {'2-step': 2.8147134890067775, '3-step': 3.0663053996664664, '4-step': 3.228980993697081, '5-step': 3.2956302153480963, '6-step': 3.2569678370936153}
