[2025-01-30 04:46:34,988][__main__][INFO] - 
model:
  dim_treatments: 4
  dim_vitals: 0
  dim_static_features: 1
  dim_outcomes: 1
  name: CRN
  encoder:
    _target_: src.models.crn.CRNEncoder
    seq_hidden_units: 24
    br_size: 24
    fc_hidden_units: 96
    dropout_rate: 0.2
    num_layer: 1
    batch_size: 256
    optimizer:
      optimizer_cls: adam
      learning_rate: 0.001
      weight_decay: 0.0
      lr_scheduler: false
    tune_hparams: false
    tune_range: 50
    hparams_grid: null
    resources_per_trial: null
  train_decoder: true
  decoder:
    _target_: src.models.crn.CRNDecoder
    seq_hidden_units: null
    br_size: 24
    fc_hidden_units: 12
    dropout_rate: 0.1
    num_layer: 1
    batch_size: 1024
    optimizer:
      optimizer_cls: adam
      learning_rate: 0.001
      weight_decay: 0.0
      lr_scheduler: false
    tune_hparams: false
    tune_range: 30
    hparams_grid: null
    resources_per_trial: null
dataset:
  val_batch_size: 512
  treatment_mode: multiclass
  _target_: src.data.SyntheticCancerDatasetCollection
  name: tumor_generator
  coeff: 2.0
  chemo_coeff: 2.0
  radio_coeff: 2.0
  seed: 10
  random: false
  noise_percentage: 0.0
  num_patients:
    train: 10000
    val: 1000
    test: 1000
  window_size: 15
  lag: 0
  max_seq_length: 60
  projection_horizon: 5
  cf_seq_mode: sliding_treatment
exp:
  seed: 10
  gpus:
  - 0
  max_epochs: 130
  logging: true
  mlflow_uri: http://127.0.0.1:5000
  unscale_rmse: true
  percentage_rmse: true
  alpha: 0.01
  update_alpha: true
  alpha_rate: exp
  initial_balancing_method: grad_reverse
  final_balancing_method: subgroup
  bce_weight: false
  weights_ema: false
  beta: 0.99
  alpha_wass: 0.0001
  alpha_wass_epoch: false
  alpha_wass_growth: 0.001
  alpha_wass_max: 0.01
  balancing: grad_reverse
  balancing_switch_epoch: 99
  gap_epoch: 10
  clustering_method: GMM
  number_clusters: 2
  num_timepoints: 59
  checkpoint_dir: ./checkpoints/cancer/crn/2

[2025-01-30 04:46:35,013][root][INFO] - Simulating initial volumes for stage I  with norm params: mu=1.72, sigma=4.7, lb=-0.6221218732608373, ub=-0.023523848418276528
[2025-01-30 04:46:35,022][root][INFO] - Simulating initial volumes for stage II  with norm params: mu=1.96, sigma=1.63, lb=-1.9410876100159118, ub=0.3711345751297772
[2025-01-30 04:46:35,023][root][INFO] - Simulating initial volumes for stage IIIA  with norm params: mu=1.91, sigma=9.4, lb=-0.33127370258786554, ub=0.06967546355973796
[2025-01-30 04:46:35,024][root][INFO] - Simulating initial volumes for stage IIIB  with norm params: mu=2.76, sigma=6.87, lb=-0.5769974969906748, ub=-0.02839165102452155
[2025-01-30 04:46:35,027][root][INFO] - Simulating initial volumes for stage IV  with norm params: mu=3.86, sigma=8.82, lb=-0.5741465764541877, ub=-0.14683113860980307
[2025-01-30 04:46:35,051][root][INFO] - Got correlated params for 4658 patients
[2025-01-30 04:46:35,056][root][INFO] - Got correlated params for 9338 patients
[2025-01-30 04:46:35,061][root][INFO] - Got correlated params for 13912 patients
[2025-01-30 04:46:35,069][root][INFO] - Simulating beta_c parameters
[2025-01-30 04:46:35,074][root][INFO] - Randomising outputs
[2025-01-30 04:46:50,685][root][INFO] - Simulating initial volumes for stage I  with norm params: mu=1.72, sigma=4.7, lb=-0.6221218732608373, ub=-0.023523848418276528
[2025-01-30 04:46:50,688][root][INFO] - Simulating initial volumes for stage II  with norm params: mu=1.96, sigma=1.63, lb=-1.9410876100159118, ub=0.3711345751297772
[2025-01-30 04:46:50,688][root][INFO] - Simulating initial volumes for stage IIIA  with norm params: mu=1.91, sigma=9.4, lb=-0.33127370258786554, ub=0.06967546355973796
[2025-01-30 04:46:50,689][root][INFO] - Simulating initial volumes for stage IIIB  with norm params: mu=2.76, sigma=6.87, lb=-0.5769974969906748, ub=-0.02839165102452155
[2025-01-30 04:46:50,690][root][INFO] - Simulating initial volumes for stage IV  with norm params: mu=3.86, sigma=8.82, lb=-0.5741465764541877, ub=-0.14683113860980307
[2025-01-30 04:46:50,692][root][INFO] - Got correlated params for 464 patients
[2025-01-30 04:46:50,693][root][INFO] - Got correlated params for 942 patients
[2025-01-30 04:46:50,694][root][INFO] - Got correlated params for 1398 patients
[2025-01-30 04:46:50,695][root][INFO] - Simulating beta_c parameters
[2025-01-30 04:46:50,696][root][INFO] - Randomising outputs
[2025-01-30 04:46:52,225][root][INFO] - Simulating initial volumes for stage I  with norm params: mu=1.72, sigma=4.7, lb=-0.6221218732608373, ub=-0.023523848418276528
[2025-01-30 04:46:52,226][root][INFO] - Simulating initial volumes for stage II  with norm params: mu=1.96, sigma=1.63, lb=-1.9410876100159118, ub=0.3711345751297772
[2025-01-30 04:46:52,227][root][INFO] - Simulating initial volumes for stage IIIA  with norm params: mu=1.91, sigma=9.4, lb=-0.33127370258786554, ub=0.06967546355973796
[2025-01-30 04:46:52,227][root][INFO] - Simulating initial volumes for stage IIIB  with norm params: mu=2.76, sigma=6.87, lb=-0.5769974969906748, ub=-0.02839165102452155
[2025-01-30 04:46:52,228][root][INFO] - Simulating initial volumes for stage IV  with norm params: mu=3.86, sigma=8.82, lb=-0.5741465764541877, ub=-0.14683113860980307
[2025-01-30 04:46:52,230][root][INFO] - Got correlated params for 491 patients
[2025-01-30 04:46:52,231][root][INFO] - Got correlated params for 936 patients
[2025-01-30 04:46:52,232][root][INFO] - Got correlated params for 1396 patients
[2025-01-30 04:46:52,233][root][INFO] - Simulating beta_c parameters
[2025-01-30 04:46:52,234][root][INFO] - Randomising outputs
[2025-01-30 04:46:57,983][root][INFO] - Simulating initial volumes for stage I  with norm params: mu=1.72, sigma=4.7, lb=-0.6221218732608373, ub=-0.023523848418276528
[2025-01-30 04:46:57,984][root][INFO] - Simulating initial volumes for stage II  with norm params: mu=1.96, sigma=1.63, lb=-1.9410876100159118, ub=0.3711345751297772
[2025-01-30 04:46:57,985][root][INFO] - Simulating initial volumes for stage IIIA  with norm params: mu=1.91, sigma=9.4, lb=-0.33127370258786554, ub=0.06967546355973796
[2025-01-30 04:46:57,985][root][INFO] - Simulating initial volumes for stage IIIB  with norm params: mu=2.76, sigma=6.87, lb=-0.5769974969906748, ub=-0.02839165102452155
[2025-01-30 04:46:57,986][root][INFO] - Simulating initial volumes for stage IV  with norm params: mu=3.86, sigma=8.82, lb=-0.5741465764541877, ub=-0.14683113860980307
[2025-01-30 04:46:57,988][root][INFO] - Got correlated params for 434 patients
[2025-01-30 04:46:57,989][root][INFO] - Got correlated params for 874 patients
[2025-01-30 04:46:57,990][root][INFO] - Got correlated params for 1357 patients
[2025-01-30 04:46:57,991][root][INFO] - Simulating beta_c parameters
[2025-01-30 04:46:57,992][root][INFO] - Randomising outputs
[2025-01-30 04:47:23,400][src.data.cancer_sim.dataset][INFO] - Processing train dataset before training
[2025-01-30 04:47:24,430][src.data.cancer_sim.dataset][INFO] - Shape of processed train data: {'cancer_volume': (10000, 60), 'chemo_dosage': (10000, 60), 'radio_dosage': (10000, 60), 'chemo_application': (10000, 60), 'radio_application': (10000, 60), 'chemo_probabilities': (10000, 60), 'radio_probabilities': (10000, 60), 'sequence_lengths': (10000,), 'death_flags': (10000, 60), 'recovery_flags': (10000, 60), 'patient_types': (10000,), 'prev_treatments': (10000, 59, 4), 'current_treatments': (10000, 59, 4), 'current_covariates': (10000, 59, 2), 'outputs': (10000, 59, 1), 'active_entries': (10000, 59, 1), 'unscaled_outputs': (10000, 59, 1), 'prev_outputs': (10000, 59, 1), 'static_features': (10000, 1)}
[2025-01-30 04:47:24,430][src.data.cancer_sim.dataset][INFO] - Processing val dataset before training
[2025-01-30 04:47:24,534][src.data.cancer_sim.dataset][INFO] - Shape of processed val data: {'cancer_volume': (1000, 60), 'chemo_dosage': (1000, 60), 'radio_dosage': (1000, 60), 'chemo_application': (1000, 60), 'radio_application': (1000, 60), 'chemo_probabilities': (1000, 60), 'radio_probabilities': (1000, 60), 'sequence_lengths': (1000,), 'death_flags': (1000, 60), 'recovery_flags': (1000, 60), 'patient_types': (1000,), 'prev_treatments': (1000, 59, 4), 'current_treatments': (1000, 59, 4), 'current_covariates': (1000, 59, 2), 'outputs': (1000, 59, 1), 'active_entries': (1000, 59, 1), 'unscaled_outputs': (1000, 59, 1), 'prev_outputs': (1000, 59, 1), 'static_features': (1000, 1)}
[2025-01-30 04:47:24,534][src.data.cancer_sim.dataset][INFO] - Processing test dataset before training
[2025-01-30 04:47:45,576][src.data.cancer_sim.dataset][INFO] - Shape of processed test data: {'cancer_volume': (224056, 60), 'chemo_application': (224056, 60), 'radio_application': (224056, 60), 'sequence_lengths': (224056,), 'patient_types': (224056,), 'prev_treatments': (224056, 59, 4), 'current_treatments': (224056, 59, 4), 'current_covariates': (224056, 59, 2), 'outputs': (224056, 59, 1), 'active_entries': (224056, 59, 1), 'unscaled_outputs': (224056, 59, 1), 'prev_outputs': (224056, 59, 1), 'static_features': (224056, 1)}
[2025-01-30 04:47:46,212][src.models.crn][INFO] - Input size of encoder: 6
[2025-01-30 05:00:29,010][src.models.time_varying_model][INFO] - RMSE calculation for val.
[2025-01-30 05:00:29,011][src.models.time_varying_model][INFO] - Predictions for val.
[2025-01-30 05:00:29,571][__main__][INFO] - Val normalised RMSE (all): 0.6403536862609696; Val normalised RMSE (orig): 0.6268910887366639
[2025-01-30 05:00:29,571][src.models.time_varying_model][INFO] - RMSE calculation for test.
[2025-01-30 05:00:29,571][src.models.time_varying_model][INFO] - Predictions for test.
[2025-01-30 05:00:43,855][__main__][INFO] - Test normalised RMSE (all): 0.7386868083594722; Test normalised RMSE (orig): 0.5401569269020172; Test normalised RMSE (only counterfactual): 0.8224895280845567
[2025-01-30 05:00:43,920][src.models.crn][INFO] - Input size of decoder: 6
[2025-01-30 05:00:43,936][src.data.cancer_sim.dataset][INFO] - train Dataset already processed
[2025-01-30 05:00:43,936][src.data.cancer_sim.dataset][INFO] - val Dataset already processed
[2025-01-30 05:00:43,937][src.data.cancer_sim.dataset][INFO] - Processing test dataset before training
[2025-01-30 05:01:40,481][src.data.cancer_sim.dataset][INFO] - Shape of processed test data: {'cancer_volume': (556848, 65), 'chemo_application': (556848, 65), 'radio_application': (556848, 65), 'sequence_lengths': (556848,), 'patient_types': (556848,), 'patient_ids_all_trajectories': (556848,), 'patient_current_t': (556848,), 'prev_treatments': (556848, 64, 4), 'current_treatments': (556848, 64, 4), 'current_covariates': (556848, 64, 2), 'outputs': (556848, 64, 1), 'active_entries': (556848, 64, 1), 'unscaled_outputs': (556848, 64, 1), 'prev_outputs': (556848, 64, 1), 'static_features': (556848, 1)}
[2025-01-30 05:01:40,484][src.models.time_varying_model][INFO] - Balanced representations inference for train.
[2025-01-30 05:01:41,799][src.models.time_varying_model][INFO] - Balanced representations inference for val.
[2025-01-30 05:01:42,355][src.models.time_varying_model][INFO] - Balanced representations inference for test.
[2025-01-30 05:02:17,361][src.models.time_varying_model][INFO] - Predictions for test.
[2025-01-30 05:02:53,864][src.data.cancer_sim.dataset][INFO] - Processing train dataset before training (multiple sequences)
[2025-01-30 05:02:56,710][src.data.cancer_sim.dataset][INFO] - Shape of processed train data: {'init_state': (507446, 24), 'original_index': (507446,), 'active_encoder_r': (507446, 59), 'prev_treatments': (507446, 5, 4), 'current_treatments': (507446, 5, 4), 'current_covariates': (507446, 5, 2), 'prev_outputs': (507446, 5, 1), 'static_features': (507446, 1), 'outputs': (507446, 5, 1), 'sequence_lengths': (507446,), 'active_entries': (507446, 5, 1), 'unscaled_outputs': (507446, 5, 1)}
[2025-01-30 05:02:56,712][src.data.cancer_sim.dataset][INFO] - Processing val dataset before training (multiple sequences)
[2025-01-30 05:02:56,995][src.data.cancer_sim.dataset][INFO] - Shape of processed val data: {'init_state': (50238, 24), 'original_index': (50238,), 'active_encoder_r': (50238, 59), 'prev_treatments': (50238, 5, 4), 'current_treatments': (50238, 5, 4), 'current_covariates': (50238, 5, 2), 'prev_outputs': (50238, 5, 1), 'static_features': (50238, 1), 'outputs': (50238, 5, 1), 'sequence_lengths': (50238,), 'active_entries': (50238, 5, 1), 'unscaled_outputs': (50238, 5, 1)}
[2025-01-30 05:02:56,995][src.data.cancer_sim.dataset][INFO] - Processing test dataset before testing (multiple sequences)
[2025-01-30 05:03:05,008][src.data.cancer_sim.dataset][INFO] - Shape of processed test data: {'active_encoder_r': (556848, 59), 'prev_treatments': (556848, 5, 4), 'current_treatments': (556848, 5, 4), 'current_covariates': (556848, 5, 2), 'prev_outputs': (556848, 5, 1), 'static_features': (556848, 1), 'outputs': (556848, 5, 1), 'sequence_lengths': (556848,), 'active_entries': (556848, 5, 1), 'unscaled_outputs': (556848, 5, 1), 'patient_types': (556848,), 'patient_ids_all_trajectories': (556848,), 'patient_current_t': (556848,), 'init_state': (556848, 24)}
[2025-01-30 05:03:05,065][src.data.cancer_sim.dataset][INFO] - Processing test dataset before testing (autoregressive)
[2025-01-30 05:03:09,028][src.data.cancer_sim.dataset][INFO] - Shape of processed test data: {'current_covariates': (556848, 5, 2), 'prev_treatments': (556848, 5, 4), 'current_treatments': (556848, 5, 4), 'init_state': (556848, 24), 'active_encoder_r': (556848, 59), 'active_entries': (556848, 5, 1), 'prev_outputs': (556848, 5, 1), 'static_features': (556848, 1)}
[2025-01-30 05:54:58,127][src.models.time_varying_model][INFO] - RMSE calculation for val.
[2025-01-30 05:54:58,129][src.models.time_varying_model][INFO] - Predictions for val.
[2025-01-30 05:55:00,285][__main__][INFO] - Val normalised RMSE (all): 0.32557173077474605; Val normalised RMSE (orig): 0.32557173077474594
[2025-01-30 05:55:00,286][src.models.time_varying_model][INFO] - RMSE calculation for test.
[2025-01-30 05:55:00,286][src.models.time_varying_model][INFO] - Autoregressive Prediction for test.
[2025-01-30 05:55:00,297][src.models.time_varying_model][INFO] - t = 2
[2025-01-30 05:55:00,298][src.models.time_varying_model][INFO] - Predictions for test.
[2025-01-30 05:55:15,724][src.models.time_varying_model][INFO] - t = 3
[2025-01-30 05:55:15,725][src.models.time_varying_model][INFO] - Predictions for test.
[2025-01-30 05:55:31,148][src.models.time_varying_model][INFO] - t = 4
[2025-01-30 05:55:31,149][src.models.time_varying_model][INFO] - Predictions for test.
[2025-01-30 05:55:46,703][src.models.time_varying_model][INFO] - t = 5
[2025-01-30 05:55:46,703][src.models.time_varying_model][INFO] - Predictions for test.
[2025-01-30 05:56:02,345][src.models.time_varying_model][INFO] - t = 6
[2025-01-30 05:56:02,346][src.models.time_varying_model][INFO] - Predictions for test.
[2025-01-30 05:56:19,446][__main__][INFO] - Test normalised RMSE (n-step prediction): {'2-step': 0.6744677274577657, '3-step': 0.7060599799691655, '4-step': 0.73963594022071, '5-step': 0.7712767714213399, '6-step': 0.7915824455363488}
