[2025-01-27 17:10:53,966][__main__][INFO] - 
model:
  dim_treatments: 4
  dim_vitals: 0
  dim_static_features: 1
  dim_outcomes: 1
  name: CT
  multi:
    _target_: src.models.ct.CT
    max_seq_length: 65
    seq_hidden_units: 24
    br_size: 12
    fc_hidden_units: 48
    dropout_rate: 0.1
    num_layer: 1
    num_heads: 2
    max_grad_norm: null
    batch_size: 256
    attn_dropout: true
    disable_cross_attention: false
    isolate_subnetwork: _
    self_positional_encoding:
      absolute: false
      trainable: true
      max_relative_position: 15
    optimizer:
      optimizer_cls: adam
      learning_rate: 0.01
      weight_decay: 0.0
      lr_scheduler: false
    augment_with_masked_vitals: true
    tune_hparams: false
    tune_range: 50
    hparams_grid: null
    resources_per_trial: null
  self_positional_encoding:
    max_relative_position: 15
dataset:
  val_batch_size: 512
  treatment_mode: multiclass
  _target_: src.data.SyntheticCancerDatasetCollection
  name: tumor_generator
  coeff: 6.0
  chemo_coeff: 6.0
  radio_coeff: 6.0
  seed: 10
  random: false
  noise_percentage: 0.0
  num_patients:
    train: 10000
    val: 1000
    test: 1000
  window_size: 15
  lag: 0
  max_seq_length: 60
  projection_horizon: 5
  cf_seq_mode: sliding_treatment
exp:
  seed: 10
  gpus:
  - 0
  max_epochs: 100
  logging: true
  mlflow_uri: http://127.0.0.1:5000
  unscale_rmse: true
  percentage_rmse: true
  alpha: 0.0
  update_alpha: true
  alpha_rate: exp
  initial_balancing_method: domain_confusion
  final_balancing_method: domain_confusion
  bce_weight: false
  weights_ema: true
  beta: 0.99
  alpha_wass: 0.0001
  alpha_wass_epoch: false
  alpha_wass_growth: 0.001
  alpha_wass_max: 0.01
  balancing_switch_epoch: 99
  clustering_method: GMM
  number_clusters: 2
  num_timepoints: 59
  gap_epoch: 60
  checkpoint_dir: ./checkpoints/cancer/ct/alpha0/6

[2025-01-27 17:10:53,990][root][INFO] - Simulating initial volumes for stage I  with norm params: mu=1.72, sigma=4.7, lb=-0.6221218732608373, ub=-0.023523848418276528
[2025-01-27 17:10:53,998][root][INFO] - Simulating initial volumes for stage II  with norm params: mu=1.96, sigma=1.63, lb=-1.9410876100159118, ub=0.3711345751297772
[2025-01-27 17:10:53,999][root][INFO] - Simulating initial volumes for stage IIIA  with norm params: mu=1.91, sigma=9.4, lb=-0.33127370258786554, ub=0.06967546355973796
[2025-01-27 17:10:54,000][root][INFO] - Simulating initial volumes for stage IIIB  with norm params: mu=2.76, sigma=6.87, lb=-0.5769974969906748, ub=-0.02839165102452155
[2025-01-27 17:10:54,002][root][INFO] - Simulating initial volumes for stage IV  with norm params: mu=3.86, sigma=8.82, lb=-0.5741465764541877, ub=-0.14683113860980307
[2025-01-27 17:10:54,026][root][INFO] - Got correlated params for 4658 patients
[2025-01-27 17:10:54,031][root][INFO] - Got correlated params for 9338 patients
[2025-01-27 17:10:54,036][root][INFO] - Got correlated params for 13912 patients
[2025-01-27 17:10:54,044][root][INFO] - Simulating beta_c parameters
[2025-01-27 17:10:54,050][root][INFO] - Randomising outputs
[2025-01-27 17:11:09,322][root][INFO] - Simulating initial volumes for stage I  with norm params: mu=1.72, sigma=4.7, lb=-0.6221218732608373, ub=-0.023523848418276528
[2025-01-27 17:11:09,324][root][INFO] - Simulating initial volumes for stage II  with norm params: mu=1.96, sigma=1.63, lb=-1.9410876100159118, ub=0.3711345751297772
[2025-01-27 17:11:09,325][root][INFO] - Simulating initial volumes for stage IIIA  with norm params: mu=1.91, sigma=9.4, lb=-0.33127370258786554, ub=0.06967546355973796
[2025-01-27 17:11:09,325][root][INFO] - Simulating initial volumes for stage IIIB  with norm params: mu=2.76, sigma=6.87, lb=-0.5769974969906748, ub=-0.02839165102452155
[2025-01-27 17:11:09,326][root][INFO] - Simulating initial volumes for stage IV  with norm params: mu=3.86, sigma=8.82, lb=-0.5741465764541877, ub=-0.14683113860980307
[2025-01-27 17:11:09,328][root][INFO] - Got correlated params for 464 patients
[2025-01-27 17:11:09,329][root][INFO] - Got correlated params for 942 patients
[2025-01-27 17:11:09,330][root][INFO] - Got correlated params for 1398 patients
[2025-01-27 17:11:09,332][root][INFO] - Simulating beta_c parameters
[2025-01-27 17:11:09,333][root][INFO] - Randomising outputs
[2025-01-27 17:11:10,844][root][INFO] - Simulating initial volumes for stage I  with norm params: mu=1.72, sigma=4.7, lb=-0.6221218732608373, ub=-0.023523848418276528
[2025-01-27 17:11:10,845][root][INFO] - Simulating initial volumes for stage II  with norm params: mu=1.96, sigma=1.63, lb=-1.9410876100159118, ub=0.3711345751297772
[2025-01-27 17:11:10,845][root][INFO] - Simulating initial volumes for stage IIIA  with norm params: mu=1.91, sigma=9.4, lb=-0.33127370258786554, ub=0.06967546355973796
[2025-01-27 17:11:10,846][root][INFO] - Simulating initial volumes for stage IIIB  with norm params: mu=2.76, sigma=6.87, lb=-0.5769974969906748, ub=-0.02839165102452155
[2025-01-27 17:11:10,847][root][INFO] - Simulating initial volumes for stage IV  with norm params: mu=3.86, sigma=8.82, lb=-0.5741465764541877, ub=-0.14683113860980307
[2025-01-27 17:11:10,848][root][INFO] - Got correlated params for 491 patients
[2025-01-27 17:11:10,849][root][INFO] - Got correlated params for 936 patients
[2025-01-27 17:11:10,850][root][INFO] - Got correlated params for 1396 patients
[2025-01-27 17:11:10,851][root][INFO] - Simulating beta_c parameters
[2025-01-27 17:11:10,852][root][INFO] - Randomising outputs
[2025-01-27 17:11:16,303][root][INFO] - Simulating initial volumes for stage I  with norm params: mu=1.72, sigma=4.7, lb=-0.6221218732608373, ub=-0.023523848418276528
[2025-01-27 17:11:16,304][root][INFO] - Simulating initial volumes for stage II  with norm params: mu=1.96, sigma=1.63, lb=-1.9410876100159118, ub=0.3711345751297772
[2025-01-27 17:11:16,305][root][INFO] - Simulating initial volumes for stage IIIA  with norm params: mu=1.91, sigma=9.4, lb=-0.33127370258786554, ub=0.06967546355973796
[2025-01-27 17:11:16,306][root][INFO] - Simulating initial volumes for stage IIIB  with norm params: mu=2.76, sigma=6.87, lb=-0.5769974969906748, ub=-0.02839165102452155
[2025-01-27 17:11:16,307][root][INFO] - Simulating initial volumes for stage IV  with norm params: mu=3.86, sigma=8.82, lb=-0.5741465764541877, ub=-0.14683113860980307
[2025-01-27 17:11:16,308][root][INFO] - Got correlated params for 434 patients
[2025-01-27 17:11:16,309][root][INFO] - Got correlated params for 874 patients
[2025-01-27 17:11:16,311][root][INFO] - Got correlated params for 1357 patients
[2025-01-27 17:11:16,312][root][INFO] - Simulating beta_c parameters
[2025-01-27 17:11:16,313][root][INFO] - Randomising outputs
[2025-01-27 17:11:40,975][src.data.cancer_sim.dataset][INFO] - Processing train dataset before training
[2025-01-27 17:11:41,863][src.data.cancer_sim.dataset][INFO] - Shape of processed train data: {'cancer_volume': (10000, 60), 'chemo_dosage': (10000, 60), 'radio_dosage': (10000, 60), 'chemo_application': (10000, 60), 'radio_application': (10000, 60), 'chemo_probabilities': (10000, 60), 'radio_probabilities': (10000, 60), 'sequence_lengths': (10000,), 'death_flags': (10000, 60), 'recovery_flags': (10000, 60), 'patient_types': (10000,), 'prev_treatments': (10000, 59, 4), 'current_treatments': (10000, 59, 4), 'current_covariates': (10000, 59, 2), 'outputs': (10000, 59, 1), 'active_entries': (10000, 59, 1), 'unscaled_outputs': (10000, 59, 1), 'prev_outputs': (10000, 59, 1), 'static_features': (10000, 1)}
[2025-01-27 17:11:41,864][src.data.cancer_sim.dataset][INFO] - Processing val dataset before training
[2025-01-27 17:11:41,953][src.data.cancer_sim.dataset][INFO] - Shape of processed val data: {'cancer_volume': (1000, 60), 'chemo_dosage': (1000, 60), 'radio_dosage': (1000, 60), 'chemo_application': (1000, 60), 'radio_application': (1000, 60), 'chemo_probabilities': (1000, 60), 'radio_probabilities': (1000, 60), 'sequence_lengths': (1000,), 'death_flags': (1000, 60), 'recovery_flags': (1000, 60), 'patient_types': (1000,), 'prev_treatments': (1000, 59, 4), 'current_treatments': (1000, 59, 4), 'current_covariates': (1000, 59, 2), 'outputs': (1000, 59, 1), 'active_entries': (1000, 59, 1), 'unscaled_outputs': (1000, 59, 1), 'prev_outputs': (1000, 59, 1), 'static_features': (1000, 1)}
[2025-01-27 17:11:41,953][src.data.cancer_sim.dataset][INFO] - Processing test dataset before training
[2025-01-27 17:12:01,305][src.data.cancer_sim.dataset][INFO] - Shape of processed test data: {'cancer_volume': (224868, 60), 'chemo_application': (224868, 60), 'radio_application': (224868, 60), 'sequence_lengths': (224868,), 'patient_types': (224868,), 'prev_treatments': (224868, 59, 4), 'current_treatments': (224868, 59, 4), 'current_covariates': (224868, 59, 2), 'outputs': (224868, 59, 1), 'active_entries': (224868, 59, 1), 'unscaled_outputs': (224868, 59, 1), 'prev_outputs': (224868, 59, 1), 'static_features': (224868, 1)}
[2025-01-27 17:12:01,306][src.data.cancer_sim.dataset][INFO] - Processing test dataset before training
[2025-01-27 17:12:53,662][src.data.cancer_sim.dataset][INFO] - Shape of processed test data: {'cancer_volume': (548744, 65), 'chemo_application': (548744, 65), 'radio_application': (548744, 65), 'sequence_lengths': (548744,), 'patient_types': (548744,), 'patient_ids_all_trajectories': (548744,), 'patient_current_t': (548744,), 'prev_treatments': (548744, 64, 4), 'current_treatments': (548744, 64, 4), 'current_covariates': (548744, 64, 2), 'outputs': (548744, 64, 1), 'active_entries': (548744, 64, 1), 'unscaled_outputs': (548744, 64, 1), 'prev_outputs': (548744, 64, 1), 'static_features': (548744, 1)}
[2025-01-27 17:12:53,666][src.data.cancer_sim.dataset][INFO] - Processing test dataset before testing (multiple sequences)
[2025-01-27 17:13:00,445][src.data.cancer_sim.dataset][INFO] - Shape of processed test data: {'active_encoder_r': (548744, 59), 'prev_treatments': (548744, 5, 4), 'current_treatments': (548744, 5, 4), 'current_covariates': (548744, 5, 2), 'prev_outputs': (548744, 5, 1), 'static_features': (548744, 1), 'outputs': (548744, 5, 1), 'sequence_lengths': (548744,), 'active_entries': (548744, 5, 1), 'unscaled_outputs': (548744, 5, 1), 'patient_types': (548744,), 'patient_ids_all_trajectories': (548744,), 'patient_current_t': (548744,)}
[2025-01-27 17:13:03,001][src.models.ct][INFO] - Max input size of multi: 4
[2025-01-27 17:18:40,760][src.models.time_varying_model][INFO] - RMSE calculation for val.
[2025-01-27 17:18:40,761][src.models.time_varying_model][INFO] - Predictions for val.
[2025-01-27 17:18:41,434][__main__][INFO] - Val normalised RMSE (all): 0.5525294593463431; Val normalised RMSE (orig): 0.5454269407757107
[2025-01-27 17:18:41,434][src.models.time_varying_model][INFO] - RMSE calculation for test.
[2025-01-27 17:18:41,434][src.models.time_varying_model][INFO] - Predictions for test.
[2025-01-27 17:18:56,792][__main__][INFO] - Test normalised RMSE (all): 1.697316686364324; Test normalised RMSE (orig): 1.9048285654481265; Test normalised RMSE (only counterfactual): 2.073595337387307
[2025-01-27 17:18:56,834][src.models.time_varying_model][INFO] - RMSE calculation for test.
[2025-01-27 17:18:56,834][src.models.ct][INFO] - Autoregressive Prediction for test.
[2025-01-27 17:18:56,837][src.models.ct][INFO] - t = 1
[2025-01-27 17:18:56,837][src.models.time_varying_model][INFO] - Predictions for test.
[2025-01-27 17:19:45,781][src.models.ct][INFO] - t = 2
[2025-01-27 17:19:45,782][src.models.time_varying_model][INFO] - Predictions for test.
[2025-01-27 17:20:35,689][src.models.ct][INFO] - t = 3
[2025-01-27 17:20:35,689][src.models.time_varying_model][INFO] - Predictions for test.
[2025-01-27 17:21:24,586][src.models.ct][INFO] - t = 4
[2025-01-27 17:21:24,587][src.models.time_varying_model][INFO] - Predictions for test.
[2025-01-27 17:22:13,766][src.models.ct][INFO] - t = 5
[2025-01-27 17:22:13,767][src.models.time_varying_model][INFO] - Predictions for test.
[2025-01-27 17:23:02,577][src.models.ct][INFO] - t = 6
[2025-01-27 17:23:02,578][src.models.time_varying_model][INFO] - Predictions for test.
[2025-01-27 17:23:53,041][__main__][INFO] - Test normalised RMSE (n-step prediction): {'2-step': 2.8037844020907876, '3-step': 2.969574226025941, '4-step': 3.062184641166024, '5-step': 3.0744859005709255, '6-step': 2.9531389439389404}
