[2025-01-27 03:57:47,164][__main__][INFO] - 
model:
  dim_treatments: 4
  dim_vitals: 0
  dim_static_features: 1
  dim_outcomes: 1
  name: CRN
  encoder:
    _target_: src.models.crn.CRNEncoder
    seq_hidden_units: 24
    br_size: 18
    fc_hidden_units: 36
    dropout_rate: 0.2
    num_layer: 1
    batch_size: 1024
    optimizer:
      optimizer_cls: adam
      learning_rate: 0.005
      weight_decay: 0.0
      lr_scheduler: false
    tune_hparams: false
    tune_range: 50
    hparams_grid: null
    resources_per_trial: null
  train_decoder: true
  decoder:
    _target_: src.models.crn.CRNDecoder
    seq_hidden_units: null
    br_size: 24
    fc_hidden_units: 12
    dropout_rate: 0.1
    num_layer: 1
    batch_size: 4096
    optimizer:
      optimizer_cls: adam
      learning_rate: 0.01
      weight_decay: 0.0
      lr_scheduler: false
    tune_hparams: false
    tune_range: 30
    hparams_grid: null
    resources_per_trial: null
dataset:
  val_batch_size: 512
  treatment_mode: multiclass
  _target_: src.data.SyntheticCancerDatasetCollection
  name: tumor_generator
  coeff: 1.0
  chemo_coeff: 1.0
  radio_coeff: 1.0
  seed: 10
  random: true
  noise_percentage: 0.05
  num_patients:
    train: 10000
    val: 1000
    test: 1000
  window_size: 15
  lag: 0
  max_seq_length: 60
  projection_horizon: 5
  cf_seq_mode: sliding_treatment
exp:
  seed: 10
  gpus:
  - 0
  max_epochs: 120
  logging: true
  mlflow_uri: http://127.0.0.1:5000
  unscale_rmse: true
  percentage_rmse: true
  alpha: 0.01
  update_alpha: true
  alpha_rate: exp
  initial_balancing_method: grad_reverse
  final_balancing_method: subgroup
  bce_weight: false
  weights_ema: false
  beta: 0.99
  alpha_wass: 0.0001
  alpha_wass_epoch: false
  alpha_wass_growth: 0.001
  alpha_wass_max: 0.01
  balancing: grad_reverse
  balancing_switch_epoch: 99
  gap_epoch: 10
  clustering_method: GMM
  number_clusters: 2
  num_timepoints: 59
  checkpoint_dir: ./checkpoints/cancer/crn/1

[2025-01-27 03:57:47,190][root][INFO] - Simulating initial volumes for stage I  with norm params: mu=1.72, sigma=4.7, lb=-0.6221218732608373, ub=-0.023523848418276528
[2025-01-27 03:57:47,197][root][INFO] - Simulating initial volumes for stage II  with norm params: mu=1.96, sigma=1.63, lb=-1.9410876100159118, ub=0.3711345751297772
[2025-01-27 03:57:47,198][root][INFO] - Simulating initial volumes for stage IIIA  with norm params: mu=1.91, sigma=9.4, lb=-0.33127370258786554, ub=0.06967546355973796
[2025-01-27 03:57:47,199][root][INFO] - Simulating initial volumes for stage IIIB  with norm params: mu=2.76, sigma=6.87, lb=-0.5769974969906748, ub=-0.02839165102452155
[2025-01-27 03:57:47,202][root][INFO] - Simulating initial volumes for stage IV  with norm params: mu=3.86, sigma=8.82, lb=-0.5741465764541877, ub=-0.14683113860980307
[2025-01-27 03:57:47,225][root][INFO] - Got correlated params for 4658 patients
[2025-01-27 03:57:47,230][root][INFO] - Got correlated params for 9338 patients
[2025-01-27 03:57:47,235][root][INFO] - Got correlated params for 13912 patients
[2025-01-27 03:57:47,242][root][INFO] - Simulating beta_c parameters
[2025-01-27 03:57:47,248][root][INFO] - Randomising outputs
[2025-01-27 03:58:02,367][src.data.cancer_sim.dataset][INFO] - Processing train dataset before training
[2025-01-27 03:58:03,454][src.data.cancer_sim.dataset][INFO] - Shape of processed train data: {'cancer_volume': (10000, 60), 'chemo_dosage': (10000, 60), 'radio_dosage': (10000, 60), 'chemo_application': (10000, 60), 'radio_application': (10000, 60), 'chemo_probabilities': (10000, 60), 'radio_probabilities': (10000, 60), 'sequence_lengths': (10000,), 'death_flags': (10000, 60), 'recovery_flags': (10000, 60), 'patient_types': (10000,), 'prev_treatments': (10000, 59, 4), 'current_treatments': (10000, 59, 4), 'current_covariates': (10000, 59, 2), 'outputs': (10000, 59, 1), 'active_entries': (10000, 59, 1), 'unscaled_outputs': (10000, 59, 1), 'prev_outputs': (10000, 59, 1), 'static_features': (10000, 1)}
[2025-01-27 03:58:03,504][root][INFO] - Simulating initial volumes for stage I  with norm params: mu=1.72, sigma=4.7, lb=-0.6221218732608373, ub=-0.023523848418276528
[2025-01-27 03:58:03,505][root][INFO] - Simulating initial volumes for stage II  with norm params: mu=1.96, sigma=1.63, lb=-1.9410876100159118, ub=0.3711345751297772
[2025-01-27 03:58:03,506][root][INFO] - Simulating initial volumes for stage IIIA  with norm params: mu=1.91, sigma=9.4, lb=-0.33127370258786554, ub=0.06967546355973796
[2025-01-27 03:58:03,506][root][INFO] - Simulating initial volumes for stage IIIB  with norm params: mu=2.76, sigma=6.87, lb=-0.5769974969906748, ub=-0.02839165102452155
[2025-01-27 03:58:03,507][root][INFO] - Simulating initial volumes for stage IV  with norm params: mu=3.86, sigma=8.82, lb=-0.5741465764541877, ub=-0.14683113860980307
[2025-01-27 03:58:03,509][root][INFO] - Got correlated params for 455 patients
[2025-01-27 03:58:03,510][root][INFO] - Got correlated params for 905 patients
[2025-01-27 03:58:03,511][root][INFO] - Got correlated params for 1366 patients
[2025-01-27 03:58:03,512][root][INFO] - Simulating beta_c parameters
[2025-01-27 03:58:03,513][root][INFO] - Randomising outputs
[2025-01-27 03:58:04,972][root][INFO] - Simulating initial volumes for stage I  with norm params: mu=1.72, sigma=4.7, lb=-0.6221218732608373, ub=-0.023523848418276528
[2025-01-27 03:58:04,973][root][INFO] - Simulating initial volumes for stage II  with norm params: mu=1.96, sigma=1.63, lb=-1.9410876100159118, ub=0.3711345751297772
[2025-01-27 03:58:04,974][root][INFO] - Simulating initial volumes for stage IIIA  with norm params: mu=1.91, sigma=9.4, lb=-0.33127370258786554, ub=0.06967546355973796
[2025-01-27 03:58:04,974][root][INFO] - Simulating initial volumes for stage IIIB  with norm params: mu=2.76, sigma=6.87, lb=-0.5769974969906748, ub=-0.02839165102452155
[2025-01-27 03:58:04,975][root][INFO] - Simulating initial volumes for stage IV  with norm params: mu=3.86, sigma=8.82, lb=-0.5741465764541877, ub=-0.14683113860980307
[2025-01-27 03:58:04,976][root][INFO] - Got correlated params for 493 patients
[2025-01-27 03:58:04,977][root][INFO] - Got correlated params for 947 patients
[2025-01-27 03:58:04,978][root][INFO] - Got correlated params for 1403 patients
[2025-01-27 03:58:04,979][root][INFO] - Simulating beta_c parameters
[2025-01-27 03:58:04,980][root][INFO] - Randomising outputs
[2025-01-27 03:58:10,265][root][INFO] - Simulating initial volumes for stage I  with norm params: mu=1.72, sigma=4.7, lb=-0.6221218732608373, ub=-0.023523848418276528
[2025-01-27 03:58:10,266][root][INFO] - Simulating initial volumes for stage II  with norm params: mu=1.96, sigma=1.63, lb=-1.9410876100159118, ub=0.3711345751297772
[2025-01-27 03:58:10,266][root][INFO] - Simulating initial volumes for stage IIIA  with norm params: mu=1.91, sigma=9.4, lb=-0.33127370258786554, ub=0.06967546355973796
[2025-01-27 03:58:10,267][root][INFO] - Simulating initial volumes for stage IIIB  with norm params: mu=2.76, sigma=6.87, lb=-0.5769974969906748, ub=-0.02839165102452155
[2025-01-27 03:58:10,268][root][INFO] - Simulating initial volumes for stage IV  with norm params: mu=3.86, sigma=8.82, lb=-0.5741465764541877, ub=-0.14683113860980307
[2025-01-27 03:58:10,269][root][INFO] - Got correlated params for 445 patients
[2025-01-27 03:58:10,270][root][INFO] - Got correlated params for 895 patients
[2025-01-27 03:58:10,271][root][INFO] - Got correlated params for 1355 patients
[2025-01-27 03:58:10,272][root][INFO] - Simulating beta_c parameters
[2025-01-27 03:58:10,273][root][INFO] - Randomising outputs
[2025-01-27 03:58:34,840][src.data.cancer_sim.dataset][INFO] - train Dataset already processed
[2025-01-27 03:58:34,841][src.data.cancer_sim.dataset][INFO] - Processing val dataset before training
[2025-01-27 03:58:34,950][src.data.cancer_sim.dataset][INFO] - Shape of processed val data: {'cancer_volume': (1000, 60), 'chemo_dosage': (1000, 60), 'radio_dosage': (1000, 60), 'chemo_application': (1000, 60), 'radio_application': (1000, 60), 'chemo_probabilities': (1000, 60), 'radio_probabilities': (1000, 60), 'sequence_lengths': (1000,), 'death_flags': (1000, 60), 'recovery_flags': (1000, 60), 'patient_types': (1000,), 'prev_treatments': (1000, 59, 4), 'current_treatments': (1000, 59, 4), 'current_covariates': (1000, 59, 2), 'outputs': (1000, 59, 1), 'active_entries': (1000, 59, 1), 'unscaled_outputs': (1000, 59, 1), 'prev_outputs': (1000, 59, 1), 'static_features': (1000, 1)}
[2025-01-27 03:58:34,950][src.data.cancer_sim.dataset][INFO] - Processing test dataset before training
[2025-01-27 03:58:55,805][src.data.cancer_sim.dataset][INFO] - Shape of processed test data: {'cancer_volume': (216208, 60), 'chemo_application': (216208, 60), 'radio_application': (216208, 60), 'sequence_lengths': (216208,), 'patient_types': (216208,), 'prev_treatments': (216208, 59, 4), 'current_treatments': (216208, 59, 4), 'current_covariates': (216208, 59, 2), 'outputs': (216208, 59, 1), 'active_entries': (216208, 59, 1), 'unscaled_outputs': (216208, 59, 1), 'prev_outputs': (216208, 59, 1), 'static_features': (216208, 1)}
[2025-01-27 03:58:56,411][src.models.crn][INFO] - Input size of encoder: 6
[2025-01-27 04:01:38,888][src.models.time_varying_model][INFO] - RMSE calculation for val.
[2025-01-27 04:01:38,889][src.models.time_varying_model][INFO] - Predictions for val.
[2025-01-27 04:01:39,440][__main__][INFO] - Val normalised RMSE (all): 0.6390149324062818; Val normalised RMSE (orig): 0.6219831170114206
[2025-01-27 04:01:39,440][src.models.time_varying_model][INFO] - RMSE calculation for test.
[2025-01-27 04:01:39,440][src.models.time_varying_model][INFO] - Predictions for test.
[2025-01-27 04:01:52,586][__main__][INFO] - Test normalised RMSE (all): 0.758327332565877; Test normalised RMSE (orig): 0.539117538053361; Test normalised RMSE (only counterfactual): 0.7221683838627618
[2025-01-27 04:01:52,649][src.models.crn][INFO] - Input size of decoder: 6
[2025-01-27 04:01:52,667][src.data.cancer_sim.dataset][INFO] - train Dataset already processed
[2025-01-27 04:01:52,667][src.data.cancer_sim.dataset][INFO] - val Dataset already processed
[2025-01-27 04:01:52,667][src.data.cancer_sim.dataset][INFO] - Processing test dataset before training
[2025-01-27 04:02:49,222][src.data.cancer_sim.dataset][INFO] - Shape of processed test data: {'cancer_volume': (548326, 65), 'chemo_application': (548326, 65), 'radio_application': (548326, 65), 'sequence_lengths': (548326,), 'patient_types': (548326,), 'patient_ids_all_trajectories': (548326,), 'patient_current_t': (548326,), 'prev_treatments': (548326, 64, 4), 'current_treatments': (548326, 64, 4), 'current_covariates': (548326, 64, 2), 'outputs': (548326, 64, 1), 'active_entries': (548326, 64, 1), 'unscaled_outputs': (548326, 64, 1), 'prev_outputs': (548326, 64, 1), 'static_features': (548326, 1)}
[2025-01-27 04:02:49,226][src.models.time_varying_model][INFO] - Balanced representations inference for train.
[2025-01-27 04:02:50,528][src.models.time_varying_model][INFO] - Balanced representations inference for val.
[2025-01-27 04:02:51,091][src.models.time_varying_model][INFO] - Balanced representations inference for test.
[2025-01-27 04:03:23,655][src.models.time_varying_model][INFO] - Predictions for test.
[2025-01-27 04:03:57,236][src.data.cancer_sim.dataset][INFO] - Processing train dataset before training (multiple sequences)
[2025-01-27 04:03:59,951][src.data.cancer_sim.dataset][INFO] - Shape of processed train data: {'init_state': (489999, 18), 'original_index': (489999,), 'active_encoder_r': (489999, 59), 'prev_treatments': (489999, 5, 4), 'current_treatments': (489999, 5, 4), 'current_covariates': (489999, 5, 2), 'prev_outputs': (489999, 5, 1), 'static_features': (489999, 1), 'outputs': (489999, 5, 1), 'sequence_lengths': (489999,), 'active_entries': (489999, 5, 1), 'unscaled_outputs': (489999, 5, 1)}
[2025-01-27 04:03:59,953][src.data.cancer_sim.dataset][INFO] - Processing val dataset before training (multiple sequences)
[2025-01-27 04:04:00,232][src.data.cancer_sim.dataset][INFO] - Shape of processed val data: {'init_state': (49683, 18), 'original_index': (49683,), 'active_encoder_r': (49683, 59), 'prev_treatments': (49683, 5, 4), 'current_treatments': (49683, 5, 4), 'current_covariates': (49683, 5, 2), 'prev_outputs': (49683, 5, 1), 'static_features': (49683, 1), 'outputs': (49683, 5, 1), 'sequence_lengths': (49683,), 'active_entries': (49683, 5, 1), 'unscaled_outputs': (49683, 5, 1)}
[2025-01-27 04:04:00,232][src.data.cancer_sim.dataset][INFO] - Processing test dataset before testing (multiple sequences)
[2025-01-27 04:04:07,925][src.data.cancer_sim.dataset][INFO] - Shape of processed test data: {'active_encoder_r': (548326, 59), 'prev_treatments': (548326, 5, 4), 'current_treatments': (548326, 5, 4), 'current_covariates': (548326, 5, 2), 'prev_outputs': (548326, 5, 1), 'static_features': (548326, 1), 'outputs': (548326, 5, 1), 'sequence_lengths': (548326,), 'active_entries': (548326, 5, 1), 'unscaled_outputs': (548326, 5, 1), 'patient_types': (548326,), 'patient_ids_all_trajectories': (548326,), 'patient_current_t': (548326,), 'init_state': (548326, 18)}
[2025-01-27 04:04:07,983][src.data.cancer_sim.dataset][INFO] - Processing test dataset before testing (autoregressive)
[2025-01-27 04:04:12,116][src.data.cancer_sim.dataset][INFO] - Shape of processed test data: {'current_covariates': (548326, 5, 2), 'prev_treatments': (548326, 5, 4), 'current_treatments': (548326, 5, 4), 'init_state': (548326, 18), 'active_encoder_r': (548326, 59), 'active_entries': (548326, 5, 1), 'prev_outputs': (548326, 5, 1), 'static_features': (548326, 1)}
[2025-01-27 04:10:26,262][src.models.time_varying_model][INFO] - RMSE calculation for val.
[2025-01-27 04:10:26,263][src.models.time_varying_model][INFO] - Predictions for val.
[2025-01-27 04:10:28,352][__main__][INFO] - Val normalised RMSE (all): 0.3728787931354193; Val normalised RMSE (orig): 0.37287879313542
[2025-01-27 04:10:28,352][src.models.time_varying_model][INFO] - RMSE calculation for test.
[2025-01-27 04:10:28,352][src.models.time_varying_model][INFO] - Autoregressive Prediction for test.
[2025-01-27 04:10:28,356][src.models.time_varying_model][INFO] - t = 2
[2025-01-27 04:10:28,356][src.models.time_varying_model][INFO] - Predictions for test.
[2025-01-27 04:10:43,239][src.models.time_varying_model][INFO] - t = 3
[2025-01-27 04:10:43,239][src.models.time_varying_model][INFO] - Predictions for test.
[2025-01-27 04:10:58,325][src.models.time_varying_model][INFO] - t = 4
[2025-01-27 04:10:58,326][src.models.time_varying_model][INFO] - Predictions for test.
[2025-01-27 04:11:13,116][src.models.time_varying_model][INFO] - t = 5
[2025-01-27 04:11:13,116][src.models.time_varying_model][INFO] - Predictions for test.
[2025-01-27 04:11:28,116][src.models.time_varying_model][INFO] - t = 6
[2025-01-27 04:11:28,116][src.models.time_varying_model][INFO] - Predictions for test.
[2025-01-27 04:11:44,512][__main__][INFO] - Test normalised RMSE (n-step prediction): {'2-step': 0.7132777194373622, '3-step': 0.7248292738687714, '4-step': 0.7534613063031941, '5-step': 0.7851390470721302, '6-step': 0.8109069489546418}
