[2025-01-27 18:57:58,146][__main__][INFO] - 
model:
  dim_treatments: 4
  dim_vitals: 0
  dim_static_features: 1
  dim_outcomes: 1
  name: MSM
  lag_features: 1
  propensity_treatment:
    _target_: src.models.msm.MSMPropensityTreatment
  propensity_history:
    _target_: src.models.msm.MSMPropensityHistory
  msm_regressor:
    _target_: src.models.msm.MSMRegressor
dataset:
  val_batch_size: 512
  treatment_mode: multilabel
  _target_: src.data.SyntheticCancerDatasetCollection
  name: tumor_generator
  coeff: 6.0
  chemo_coeff: 6.0
  radio_coeff: 6.0
  seed: 1
  random: false
  noise_percentage: 0.0
  num_patients:
    train: 10000
    val: 1000
    test: 1000
  window_size: 15
  lag: 0
  max_seq_length: 60
  projection_horizon: 5
  cf_seq_mode: sliding_treatment
exp:
  seed: 1
  gpus:
  - 0
  max_epochs: 100
  logging: true
  mlflow_uri: http://127.0.0.1:5000
  unscale_rmse: true
  percentage_rmse: true
  alpha: 1.0
  update_alpha: false
  alpha_rate: exp
  initial_balancing_method: null
  final_balancing_method: null
  bce_weight: false
  weights_ema: true
  beta: 0.99
  alpha_wass: 0.0001
  alpha_wass_epoch: false
  alpha_wass_growth: 0.001
  alpha_wass_max: 0.01

[2025-01-27 18:57:58,156][root][INFO] - Simulating initial volumes for stage I  with norm params: mu=1.72, sigma=4.7, lb=-0.6221218732608373, ub=-0.023523848418276528
[2025-01-27 18:57:58,158][root][INFO] - Simulating initial volumes for stage II  with norm params: mu=1.96, sigma=1.63, lb=-1.9410876100159118, ub=0.3711345751297772
[2025-01-27 18:57:58,158][root][INFO] - Simulating initial volumes for stage IIIA  with norm params: mu=1.91, sigma=9.4, lb=-0.33127370258786554, ub=0.06967546355973796
[2025-01-27 18:57:58,159][root][INFO] - Simulating initial volumes for stage IIIB  with norm params: mu=2.76, sigma=6.87, lb=-0.5769974969906748, ub=-0.02839165102452155
[2025-01-27 18:57:58,162][root][INFO] - Simulating initial volumes for stage IV  with norm params: mu=3.86, sigma=8.82, lb=-0.5741465764541877, ub=-0.14683113860980307
[2025-01-27 18:57:58,171][root][INFO] - Got correlated params for 4549 patients
[2025-01-27 18:57:58,176][root][INFO] - Got correlated params for 9155 patients
[2025-01-27 18:57:58,181][root][INFO] - Got correlated params for 13752 patients
[2025-01-27 18:57:58,187][root][INFO] - Simulating beta_c parameters
[2025-01-27 18:57:58,192][root][INFO] - Randomising outputs
[2025-01-27 18:58:15,724][root][INFO] - Simulating initial volumes for stage I  with norm params: mu=1.72, sigma=4.7, lb=-0.6221218732608373, ub=-0.023523848418276528
[2025-01-27 18:58:15,727][root][INFO] - Simulating initial volumes for stage II  with norm params: mu=1.96, sigma=1.63, lb=-1.9410876100159118, ub=0.3711345751297772
[2025-01-27 18:58:15,727][root][INFO] - Simulating initial volumes for stage IIIA  with norm params: mu=1.91, sigma=9.4, lb=-0.33127370258786554, ub=0.06967546355973796
[2025-01-27 18:58:15,728][root][INFO] - Simulating initial volumes for stage IIIB  with norm params: mu=2.76, sigma=6.87, lb=-0.5769974969906748, ub=-0.02839165102452155
[2025-01-27 18:58:15,729][root][INFO] - Simulating initial volumes for stage IV  with norm params: mu=3.86, sigma=8.82, lb=-0.5741465764541877, ub=-0.14683113860980307
[2025-01-27 18:58:15,731][root][INFO] - Got correlated params for 445 patients
[2025-01-27 18:58:15,732][root][INFO] - Got correlated params for 903 patients
[2025-01-27 18:58:15,733][root][INFO] - Got correlated params for 1388 patients
[2025-01-27 18:58:15,734][root][INFO] - Simulating beta_c parameters
[2025-01-27 18:58:15,735][root][INFO] - Randomising outputs
[2025-01-27 18:58:17,485][root][INFO] - Simulating initial volumes for stage I  with norm params: mu=1.72, sigma=4.7, lb=-0.6221218732608373, ub=-0.023523848418276528
[2025-01-27 18:58:17,486][root][INFO] - Simulating initial volumes for stage II  with norm params: mu=1.96, sigma=1.63, lb=-1.9410876100159118, ub=0.3711345751297772
[2025-01-27 18:58:17,486][root][INFO] - Simulating initial volumes for stage IIIA  with norm params: mu=1.91, sigma=9.4, lb=-0.33127370258786554, ub=0.06967546355973796
[2025-01-27 18:58:17,487][root][INFO] - Simulating initial volumes for stage IIIB  with norm params: mu=2.76, sigma=6.87, lb=-0.5769974969906748, ub=-0.02839165102452155
[2025-01-27 18:58:17,488][root][INFO] - Simulating initial volumes for stage IV  with norm params: mu=3.86, sigma=8.82, lb=-0.5741465764541877, ub=-0.14683113860980307
[2025-01-27 18:58:17,489][root][INFO] - Got correlated params for 457 patients
[2025-01-27 18:58:17,490][root][INFO] - Got correlated params for 910 patients
[2025-01-27 18:58:17,491][root][INFO] - Got correlated params for 1339 patients
[2025-01-27 18:58:17,492][root][INFO] - Simulating beta_c parameters
[2025-01-27 18:58:17,493][root][INFO] - Randomising outputs
[2025-01-27 18:58:23,743][root][INFO] - Simulating initial volumes for stage I  with norm params: mu=1.72, sigma=4.7, lb=-0.6221218732608373, ub=-0.023523848418276528
[2025-01-27 18:58:23,745][root][INFO] - Simulating initial volumes for stage II  with norm params: mu=1.96, sigma=1.63, lb=-1.9410876100159118, ub=0.3711345751297772
[2025-01-27 18:58:23,745][root][INFO] - Simulating initial volumes for stage IIIA  with norm params: mu=1.91, sigma=9.4, lb=-0.33127370258786554, ub=0.06967546355973796
[2025-01-27 18:58:23,746][root][INFO] - Simulating initial volumes for stage IIIB  with norm params: mu=2.76, sigma=6.87, lb=-0.5769974969906748, ub=-0.02839165102452155
[2025-01-27 18:58:23,747][root][INFO] - Simulating initial volumes for stage IV  with norm params: mu=3.86, sigma=8.82, lb=-0.5741465764541877, ub=-0.14683113860980307
[2025-01-27 18:58:23,749][root][INFO] - Got correlated params for 463 patients
[2025-01-27 18:58:23,750][root][INFO] - Got correlated params for 958 patients
[2025-01-27 18:58:23,751][root][INFO] - Got correlated params for 1444 patients
[2025-01-27 18:58:23,752][root][INFO] - Simulating beta_c parameters
[2025-01-27 18:58:23,753][root][INFO] - Randomising outputs
[2025-01-27 18:58:50,440][src.data.cancer_sim.dataset][INFO] - Processing train dataset before training
[2025-01-27 18:58:50,478][src.data.cancer_sim.dataset][INFO] - Shape of processed train data: {'cancer_volume': (10000, 60), 'chemo_dosage': (10000, 60), 'radio_dosage': (10000, 60), 'chemo_application': (10000, 60), 'radio_application': (10000, 60), 'chemo_probabilities': (10000, 60), 'radio_probabilities': (10000, 60), 'sequence_lengths': (10000,), 'death_flags': (10000, 60), 'recovery_flags': (10000, 60), 'patient_types': (10000,), 'prev_treatments': (10000, 59, 2), 'current_treatments': (10000, 59, 2), 'current_covariates': (10000, 59, 2), 'outputs': (10000, 59, 1), 'active_entries': (10000, 59, 1), 'unscaled_outputs': (10000, 59, 1), 'prev_outputs': (10000, 59, 1), 'static_features': (10000, 1)}
[2025-01-27 18:58:50,479][src.data.cancer_sim.dataset][INFO] - Processing val dataset before training
[2025-01-27 18:58:50,483][src.data.cancer_sim.dataset][INFO] - Shape of processed val data: {'cancer_volume': (1000, 60), 'chemo_dosage': (1000, 60), 'radio_dosage': (1000, 60), 'chemo_application': (1000, 60), 'radio_application': (1000, 60), 'chemo_probabilities': (1000, 60), 'radio_probabilities': (1000, 60), 'sequence_lengths': (1000,), 'death_flags': (1000, 60), 'recovery_flags': (1000, 60), 'patient_types': (1000,), 'prev_treatments': (1000, 59, 2), 'current_treatments': (1000, 59, 2), 'current_covariates': (1000, 59, 2), 'outputs': (1000, 59, 1), 'active_entries': (1000, 59, 1), 'unscaled_outputs': (1000, 59, 1), 'prev_outputs': (1000, 59, 1), 'static_features': (1000, 1)}
[2025-01-27 18:58:50,483][src.data.cancer_sim.dataset][INFO] - Processing test dataset before training
[2025-01-27 18:58:51,314][src.data.cancer_sim.dataset][INFO] - Shape of processed test data: {'cancer_volume': (222428, 60), 'chemo_application': (222428, 60), 'radio_application': (222428, 60), 'sequence_lengths': (222428,), 'patient_types': (222428,), 'prev_treatments': (222428, 59, 2), 'current_treatments': (222428, 59, 2), 'current_covariates': (222428, 59, 2), 'outputs': (222428, 59, 1), 'active_entries': (222428, 59, 1), 'unscaled_outputs': (222428, 59, 1), 'prev_outputs': (222428, 59, 1), 'static_features': (222428, 1)}
[2025-01-27 18:58:51,315][src.data.cancer_sim.dataset][INFO] - Processing test dataset before training
[2025-01-27 18:58:53,265][src.data.cancer_sim.dataset][INFO] - Shape of processed test data: {'cancer_volume': (512720, 65), 'chemo_application': (512720, 65), 'radio_application': (512720, 65), 'sequence_lengths': (512720,), 'patient_types': (512720,), 'patient_ids_all_trajectories': (512720,), 'patient_current_t': (512720,), 'prev_treatments': (512720, 64, 2), 'current_treatments': (512720, 64, 2), 'current_covariates': (512720, 64, 2), 'outputs': (512720, 64, 1), 'active_entries': (512720, 64, 1), 'unscaled_outputs': (512720, 64, 1), 'prev_outputs': (512720, 64, 1), 'static_features': (512720, 1)}
[2025-01-27 18:58:53,266][src.data.cancer_sim.dataset][INFO] - Processing test dataset before testing (multiple sequences)
[2025-01-27 18:58:59,676][src.data.cancer_sim.dataset][INFO] - Shape of processed test data: {'active_encoder_r': (512720, 59), 'prev_treatments': (512720, 5, 2), 'current_treatments': (512720, 5, 2), 'current_covariates': (512720, 5, 2), 'prev_outputs': (512720, 5, 1), 'static_features': (512720, 1), 'outputs': (512720, 5, 1), 'sequence_lengths': (512720,), 'active_entries': (512720, 5, 1), 'unscaled_outputs': (512720, 5, 1), 'patient_types': (512720,), 'patient_ids_all_trajectories': (512720,), 'patient_current_t': (512720,)}
[2025-01-27 18:59:01,032][src.models.msm][INFO] - Input size of propensity_treatment: 2
[2025-01-27 18:59:01,911][src.data.cancer_sim.dataset][INFO] - Exploding train dataset before testing (multiple sequences)
[2025-01-27 18:59:05,379][src.data.cancer_sim.dataset][INFO] - Shape of processed train data: {'prev_treatments': (562499, 59, 2), 'current_treatments': (562499, 59, 2), 'static_features': (562499, 1), 'prev_outputs': (562499, 59, 1), 'outputs': (562499, 59, 1), 'unscaled_outputs': (562499, 59, 1), 'sequence_lengths': (562499,), 'active_entries': (562499, 59, 1)}
[2025-01-27 18:59:08,313][src.models.msm][INFO] - Input size of propensity_history: 4
[2025-01-27 18:59:08,754][src.data.cancer_sim.dataset][INFO] - Exploding train dataset before testing (multiple sequences)
[2025-01-27 18:59:12,232][src.data.cancer_sim.dataset][INFO] - Shape of processed train data: {'prev_treatments': (562499, 59, 2), 'current_treatments': (562499, 59, 2), 'static_features': (562499, 1), 'prev_outputs': (562499, 59, 1), 'outputs': (562499, 59, 1), 'unscaled_outputs': (562499, 59, 1), 'sequence_lengths': (562499,), 'active_entries': (562499, 59, 1)}
[2025-01-27 18:59:16,632][src.models.msm][INFO] - Input size of msm_regressor: 4
[2025-01-27 18:59:17,089][src.models.msm][INFO] - Propensity scores for train.
[2025-01-27 18:59:17,129][src.data.cancer_sim.dataset][INFO] - Exploding train dataset before testing (multiple sequences)
[2025-01-27 18:59:20,681][src.data.cancer_sim.dataset][INFO] - Shape of processed train data: {'prev_treatments': (580000, 59, 2), 'current_treatments': (580000, 59, 2), 'static_features': (580000, 1), 'prev_outputs': (580000, 59, 1), 'outputs': (580000, 59, 1), 'unscaled_outputs': (580000, 59, 1), 'sequence_lengths': (580000,), 'active_entries': (580000, 59, 1)}
[2025-01-27 18:59:21,736][src.models.msm][INFO] - Propensity scores for train.
[2025-01-27 18:59:21,780][src.data.cancer_sim.dataset][INFO] - Exploding train dataset before testing (multiple sequences)
[2025-01-27 18:59:25,354][src.data.cancer_sim.dataset][INFO] - Shape of processed train data: {'prev_treatments': (580000, 59, 2), 'current_treatments': (580000, 59, 2), 'static_features': (580000, 1), 'prev_outputs': (580000, 59, 1), 'outputs': (580000, 59, 1), 'unscaled_outputs': (580000, 59, 1), 'sequence_lengths': (580000,), 'active_entries': (580000, 59, 1)}
[2025-01-27 18:59:27,034][src.data.cancer_sim.dataset][INFO] - Exploding train dataset before testing (multiple sequences)
[2025-01-27 18:59:30,893][src.data.cancer_sim.dataset][INFO] - Shape of processed train data: {'prev_treatments': (562499, 59, 2), 'current_treatments': (562499, 59, 2), 'static_features': (562499, 1), 'prev_outputs': (562499, 59, 1), 'outputs': (562499, 59, 1), 'unscaled_outputs': (562499, 59, 1), 'sequence_lengths': (562499,), 'active_entries': (562499, 59, 1), 'stabilized_weights': (562499, 59)}
[2025-01-27 18:59:34,210][src.data.cancer_sim.dataset][INFO] - Exploding train dataset before testing (multiple sequences)
[2025-01-27 18:59:38,054][src.data.cancer_sim.dataset][INFO] - Shape of processed train data: {'prev_treatments': (552515, 59, 2), 'current_treatments': (552515, 59, 2), 'static_features': (552515, 1), 'prev_outputs': (552515, 59, 1), 'outputs': (552515, 59, 1), 'unscaled_outputs': (552515, 59, 1), 'sequence_lengths': (552515,), 'active_entries': (552515, 59, 1), 'stabilized_weights': (552515, 59)}
[2025-01-27 18:59:41,615][src.data.cancer_sim.dataset][INFO] - Exploding train dataset before testing (multiple sequences)
[2025-01-27 18:59:45,405][src.data.cancer_sim.dataset][INFO] - Shape of processed train data: {'prev_treatments': (542623, 59, 2), 'current_treatments': (542623, 59, 2), 'static_features': (542623, 1), 'prev_outputs': (542623, 59, 1), 'outputs': (542623, 59, 1), 'unscaled_outputs': (542623, 59, 1), 'sequence_lengths': (542623,), 'active_entries': (542623, 59, 1), 'stabilized_weights': (542623, 59)}
[2025-01-27 18:59:48,859][src.data.cancer_sim.dataset][INFO] - Exploding train dataset before testing (multiple sequences)
[2025-01-27 18:59:52,525][src.data.cancer_sim.dataset][INFO] - Shape of processed train data: {'prev_treatments': (532794, 59, 2), 'current_treatments': (532794, 59, 2), 'static_features': (532794, 1), 'prev_outputs': (532794, 59, 1), 'outputs': (532794, 59, 1), 'unscaled_outputs': (532794, 59, 1), 'sequence_lengths': (532794,), 'active_entries': (532794, 59, 1), 'stabilized_weights': (532794, 59)}
[2025-01-27 18:59:55,926][src.data.cancer_sim.dataset][INFO] - Exploding train dataset before testing (multiple sequences)
[2025-01-27 18:59:59,588][src.data.cancer_sim.dataset][INFO] - Shape of processed train data: {'prev_treatments': (522997, 59, 2), 'current_treatments': (522997, 59, 2), 'static_features': (522997, 1), 'prev_outputs': (522997, 59, 1), 'outputs': (522997, 59, 1), 'unscaled_outputs': (522997, 59, 1), 'sequence_lengths': (522997,), 'active_entries': (522997, 59, 1), 'stabilized_weights': (522997, 59)}
[2025-01-27 19:00:02,928][src.data.cancer_sim.dataset][INFO] - Exploding train dataset before testing (multiple sequences)
[2025-01-27 19:00:06,487][src.data.cancer_sim.dataset][INFO] - Shape of processed train data: {'prev_treatments': (513230, 59, 2), 'current_treatments': (513230, 59, 2), 'static_features': (513230, 1), 'prev_outputs': (513230, 59, 1), 'outputs': (513230, 59, 1), 'unscaled_outputs': (513230, 59, 1), 'sequence_lengths': (513230,), 'active_entries': (513230, 59, 1), 'stabilized_weights': (513230, 59)}
[2025-01-27 19:00:09,963][src.models.time_varying_model][INFO] - RMSE calculation for test.
[2025-01-27 19:00:09,963][src.models.msm][INFO] - Predictions for test.
[2025-01-27 19:00:10,702][src.data.cancer_sim.dataset][INFO] - Exploding test dataset before testing (multiple sequences)
[2025-01-27 19:00:14,329][src.data.cancer_sim.dataset][INFO] - Shape of processed test data: {'prev_treatments': (580000, 59, 2), 'current_treatments': (580000, 59, 2), 'static_features': (580000, 1), 'prev_outputs': (580000, 59, 1), 'outputs': (580000, 59, 1), 'unscaled_outputs': (580000, 59, 1), 'sequence_lengths': (580000,), 'active_entries': (580000, 59, 1)}
[2025-01-27 19:00:17,638][src.data.cancer_sim.dataset][INFO] - Exploding test dataset before testing (multiple sequences)
[2025-01-27 19:00:21,214][src.data.cancer_sim.dataset][INFO] - Shape of processed test data: {'prev_treatments': (580000, 59, 2), 'current_treatments': (580000, 59, 2), 'static_features': (580000, 1), 'prev_outputs': (580000, 59, 1), 'outputs': (580000, 59, 1), 'unscaled_outputs': (580000, 59, 1), 'sequence_lengths': (580000,), 'active_entries': (580000, 59, 1)}
[2025-01-27 19:00:24,592][src.data.cancer_sim.dataset][INFO] - Exploding test dataset before testing (multiple sequences)
[2025-01-27 19:00:28,189][src.data.cancer_sim.dataset][INFO] - Shape of processed test data: {'prev_treatments': (580000, 59, 2), 'current_treatments': (580000, 59, 2), 'static_features': (580000, 1), 'prev_outputs': (580000, 59, 1), 'outputs': (580000, 59, 1), 'unscaled_outputs': (580000, 59, 1), 'sequence_lengths': (580000,), 'active_entries': (580000, 59, 1)}
[2025-01-27 19:00:31,625][src.data.cancer_sim.dataset][INFO] - Exploding test dataset before testing (multiple sequences)
[2025-01-27 19:00:35,151][src.data.cancer_sim.dataset][INFO] - Shape of processed test data: {'prev_treatments': (580000, 59, 2), 'current_treatments': (580000, 59, 2), 'static_features': (580000, 1), 'prev_outputs': (580000, 59, 1), 'outputs': (580000, 59, 1), 'unscaled_outputs': (580000, 59, 1), 'sequence_lengths': (580000,), 'active_entries': (580000, 59, 1)}
[2025-01-27 19:00:38,613][src.data.cancer_sim.dataset][INFO] - Exploding test dataset before testing (multiple sequences)
[2025-01-27 19:00:42,206][src.data.cancer_sim.dataset][INFO] - Shape of processed test data: {'prev_treatments': (580000, 59, 2), 'current_treatments': (580000, 59, 2), 'static_features': (580000, 1), 'prev_outputs': (580000, 59, 1), 'outputs': (580000, 59, 1), 'unscaled_outputs': (580000, 59, 1), 'sequence_lengths': (580000,), 'active_entries': (580000, 59, 1)}
[2025-01-27 19:00:45,612][src.data.cancer_sim.dataset][INFO] - Exploding test dataset before testing (multiple sequences)
[2025-01-27 19:00:49,188][src.data.cancer_sim.dataset][INFO] - Shape of processed test data: {'prev_treatments': (580000, 59, 2), 'current_treatments': (580000, 59, 2), 'static_features': (580000, 1), 'prev_outputs': (580000, 59, 1), 'outputs': (580000, 59, 1), 'unscaled_outputs': (580000, 59, 1), 'sequence_lengths': (580000,), 'active_entries': (580000, 59, 1)}
[2025-01-27 19:00:52,648][src.data.cancer_sim.dataset][INFO] - Exploding test dataset before testing (multiple sequences)
[2025-01-27 19:00:56,228][src.data.cancer_sim.dataset][INFO] - Shape of processed test data: {'prev_treatments': (580000, 59, 2), 'current_treatments': (580000, 59, 2), 'static_features': (580000, 1), 'prev_outputs': (580000, 59, 1), 'outputs': (580000, 59, 1), 'unscaled_outputs': (580000, 59, 1), 'sequence_lengths': (580000,), 'active_entries': (580000, 59, 1)}
[2025-01-27 19:00:59,602][src.data.cancer_sim.dataset][INFO] - Exploding test dataset before testing (multiple sequences)
[2025-01-27 19:01:03,178][src.data.cancer_sim.dataset][INFO] - Shape of processed test data: {'prev_treatments': (580000, 59, 2), 'current_treatments': (580000, 59, 2), 'static_features': (580000, 1), 'prev_outputs': (580000, 59, 1), 'outputs': (580000, 59, 1), 'unscaled_outputs': (580000, 59, 1), 'sequence_lengths': (580000,), 'active_entries': (580000, 59, 1)}
[2025-01-27 19:01:06,615][src.data.cancer_sim.dataset][INFO] - Exploding test dataset before testing (multiple sequences)
[2025-01-27 19:01:10,211][src.data.cancer_sim.dataset][INFO] - Shape of processed test data: {'prev_treatments': (580000, 59, 2), 'current_treatments': (580000, 59, 2), 'static_features': (580000, 1), 'prev_outputs': (580000, 59, 1), 'outputs': (580000, 59, 1), 'unscaled_outputs': (580000, 59, 1), 'sequence_lengths': (580000,), 'active_entries': (580000, 59, 1)}
[2025-01-27 19:01:13,652][src.data.cancer_sim.dataset][INFO] - Exploding test dataset before testing (multiple sequences)
[2025-01-27 19:01:17,216][src.data.cancer_sim.dataset][INFO] - Shape of processed test data: {'prev_treatments': (580000, 59, 2), 'current_treatments': (580000, 59, 2), 'static_features': (580000, 1), 'prev_outputs': (580000, 59, 1), 'outputs': (580000, 59, 1), 'unscaled_outputs': (580000, 59, 1), 'sequence_lengths': (580000,), 'active_entries': (580000, 59, 1)}
[2025-01-27 19:01:20,618][src.data.cancer_sim.dataset][INFO] - Exploding test dataset before testing (multiple sequences)
[2025-01-27 19:01:24,210][src.data.cancer_sim.dataset][INFO] - Shape of processed test data: {'prev_treatments': (580000, 59, 2), 'current_treatments': (580000, 59, 2), 'static_features': (580000, 1), 'prev_outputs': (580000, 59, 1), 'outputs': (580000, 59, 1), 'unscaled_outputs': (580000, 59, 1), 'sequence_lengths': (580000,), 'active_entries': (580000, 59, 1)}
[2025-01-27 19:01:27,670][src.data.cancer_sim.dataset][INFO] - Exploding test dataset before testing (multiple sequences)
[2025-01-27 19:01:31,246][src.data.cancer_sim.dataset][INFO] - Shape of processed test data: {'prev_treatments': (580000, 59, 2), 'current_treatments': (580000, 59, 2), 'static_features': (580000, 1), 'prev_outputs': (580000, 59, 1), 'outputs': (580000, 59, 1), 'unscaled_outputs': (580000, 59, 1), 'sequence_lengths': (580000,), 'active_entries': (580000, 59, 1)}
[2025-01-27 19:01:34,671][src.data.cancer_sim.dataset][INFO] - Exploding test dataset before testing (multiple sequences)
[2025-01-27 19:01:38,270][src.data.cancer_sim.dataset][INFO] - Shape of processed test data: {'prev_treatments': (580000, 59, 2), 'current_treatments': (580000, 59, 2), 'static_features': (580000, 1), 'prev_outputs': (580000, 59, 1), 'outputs': (580000, 59, 1), 'unscaled_outputs': (580000, 59, 1), 'sequence_lengths': (580000,), 'active_entries': (580000, 59, 1)}
[2025-01-27 19:01:41,677][src.data.cancer_sim.dataset][INFO] - Exploding test dataset before testing (multiple sequences)
[2025-01-27 19:01:45,244][src.data.cancer_sim.dataset][INFO] - Shape of processed test data: {'prev_treatments': (580000, 59, 2), 'current_treatments': (580000, 59, 2), 'static_features': (580000, 1), 'prev_outputs': (580000, 59, 1), 'outputs': (580000, 59, 1), 'unscaled_outputs': (580000, 59, 1), 'sequence_lengths': (580000,), 'active_entries': (580000, 59, 1)}
[2025-01-27 19:01:48,742][src.data.cancer_sim.dataset][INFO] - Exploding test dataset before testing (multiple sequences)
[2025-01-27 19:01:52,291][src.data.cancer_sim.dataset][INFO] - Shape of processed test data: {'prev_treatments': (580000, 59, 2), 'current_treatments': (580000, 59, 2), 'static_features': (580000, 1), 'prev_outputs': (580000, 59, 1), 'outputs': (580000, 59, 1), 'unscaled_outputs': (580000, 59, 1), 'sequence_lengths': (580000,), 'active_entries': (580000, 59, 1)}
[2025-01-27 19:01:55,673][src.data.cancer_sim.dataset][INFO] - Exploding test dataset before testing (multiple sequences)
[2025-01-27 19:01:59,224][src.data.cancer_sim.dataset][INFO] - Shape of processed test data: {'prev_treatments': (580000, 59, 2), 'current_treatments': (580000, 59, 2), 'static_features': (580000, 1), 'prev_outputs': (580000, 59, 1), 'outputs': (580000, 59, 1), 'unscaled_outputs': (580000, 59, 1), 'sequence_lengths': (580000,), 'active_entries': (580000, 59, 1)}
[2025-01-27 19:02:02,662][src.data.cancer_sim.dataset][INFO] - Exploding test dataset before testing (multiple sequences)
[2025-01-27 19:02:06,247][src.data.cancer_sim.dataset][INFO] - Shape of processed test data: {'prev_treatments': (580000, 59, 2), 'current_treatments': (580000, 59, 2), 'static_features': (580000, 1), 'prev_outputs': (580000, 59, 1), 'outputs': (580000, 59, 1), 'unscaled_outputs': (580000, 59, 1), 'sequence_lengths': (580000,), 'active_entries': (580000, 59, 1)}
[2025-01-27 19:02:09,599][src.data.cancer_sim.dataset][INFO] - Exploding test dataset before testing (multiple sequences)
[2025-01-27 19:02:13,187][src.data.cancer_sim.dataset][INFO] - Shape of processed test data: {'prev_treatments': (580000, 59, 2), 'current_treatments': (580000, 59, 2), 'static_features': (580000, 1), 'prev_outputs': (580000, 59, 1), 'outputs': (580000, 59, 1), 'unscaled_outputs': (580000, 59, 1), 'sequence_lengths': (580000,), 'active_entries': (580000, 59, 1)}
[2025-01-27 19:02:16,564][src.data.cancer_sim.dataset][INFO] - Exploding test dataset before testing (multiple sequences)
[2025-01-27 19:02:20,128][src.data.cancer_sim.dataset][INFO] - Shape of processed test data: {'prev_treatments': (580000, 59, 2), 'current_treatments': (580000, 59, 2), 'static_features': (580000, 1), 'prev_outputs': (580000, 59, 1), 'outputs': (580000, 59, 1), 'unscaled_outputs': (580000, 59, 1), 'sequence_lengths': (580000,), 'active_entries': (580000, 59, 1)}
[2025-01-27 19:02:23,574][src.data.cancer_sim.dataset][INFO] - Exploding test dataset before testing (multiple sequences)
[2025-01-27 19:02:27,149][src.data.cancer_sim.dataset][INFO] - Shape of processed test data: {'prev_treatments': (580000, 59, 2), 'current_treatments': (580000, 59, 2), 'static_features': (580000, 1), 'prev_outputs': (580000, 59, 1), 'outputs': (580000, 59, 1), 'unscaled_outputs': (580000, 59, 1), 'sequence_lengths': (580000,), 'active_entries': (580000, 59, 1)}
[2025-01-27 19:02:30,529][src.data.cancer_sim.dataset][INFO] - Exploding test dataset before testing (multiple sequences)
[2025-01-27 19:02:34,119][src.data.cancer_sim.dataset][INFO] - Shape of processed test data: {'prev_treatments': (580000, 59, 2), 'current_treatments': (580000, 59, 2), 'static_features': (580000, 1), 'prev_outputs': (580000, 59, 1), 'outputs': (580000, 59, 1), 'unscaled_outputs': (580000, 59, 1), 'sequence_lengths': (580000,), 'active_entries': (580000, 59, 1)}
[2025-01-27 19:02:37,568][src.data.cancer_sim.dataset][INFO] - Exploding test dataset before testing (multiple sequences)
[2025-01-27 19:02:41,161][src.data.cancer_sim.dataset][INFO] - Shape of processed test data: {'prev_treatments': (580000, 59, 2), 'current_treatments': (580000, 59, 2), 'static_features': (580000, 1), 'prev_outputs': (580000, 59, 1), 'outputs': (580000, 59, 1), 'unscaled_outputs': (580000, 59, 1), 'sequence_lengths': (580000,), 'active_entries': (580000, 59, 1)}
[2025-01-27 19:02:44,614][src.data.cancer_sim.dataset][INFO] - Exploding test dataset before testing (multiple sequences)
[2025-01-27 19:02:45,468][src.data.cancer_sim.dataset][INFO] - Shape of processed test data: {'prev_treatments': (140824, 59, 2), 'current_treatments': (140824, 59, 2), 'static_features': (140824, 1), 'prev_outputs': (140824, 59, 1), 'outputs': (140824, 59, 1), 'unscaled_outputs': (140824, 59, 1), 'sequence_lengths': (140824,), 'active_entries': (140824, 59, 1)}
[2025-01-27 19:02:46,693][__main__][INFO] - Test normalised RMSE (all): 3.4731393050659096; Test normalised RMSE (orig): 3.0101561390825533; Test normalised RMSE (only counterfactual): 2.630218820196113
[2025-01-27 19:02:46,731][src.models.time_varying_model][INFO] - RMSE calculation for test.
[2025-01-27 19:02:46,731][src.models.msm][INFO] - Autoregressive Prediction for test.
[2025-01-27 19:03:01,424][__main__][INFO] - Test normalised RMSE (n-step prediction): {'2-step': 2.9744754564326534, '3-step': 2.7151655460160358, '4-step': 2.8042137314685327, '5-step': 2.782185862176041, '6-step': 2.588716353458173}
