[2025-01-28 15:26:55,280][__main__][INFO] - 
model:
  dim_treatments: 4
  dim_vitals: 0
  dim_static_features: 1
  dim_outcomes: 1
  name: CRN
  encoder:
    _target_: src.models.crn.CRNEncoder
    seq_hidden_units: 24
    br_size: 24
    fc_hidden_units: 96
    dropout_rate: 0.2
    num_layer: 1
    batch_size: 64
    optimizer:
      optimizer_cls: adam
      learning_rate: 0.001
      weight_decay: 0.0
      lr_scheduler: false
    tune_hparams: false
    tune_range: 50
    hparams_grid: null
    resources_per_trial: null
  train_decoder: true
  decoder:
    _target_: src.models.crn.CRNDecoder
    seq_hidden_units: null
    br_size: 24
    fc_hidden_units: 12
    dropout_rate: 0.1
    num_layer: 1
    batch_size: 1024
    optimizer:
      optimizer_cls: adam
      learning_rate: 0.001
      weight_decay: 0.0
      lr_scheduler: false
    tune_hparams: false
    tune_range: 30
    hparams_grid: null
    resources_per_trial: null
dataset:
  val_batch_size: 512
  treatment_mode: multiclass
  _target_: src.data.SyntheticCancerDatasetCollection
  name: tumor_generator
  coeff: 5.0
  chemo_coeff: 5.0
  radio_coeff: 5.0
  seed: 10
  random: false
  noise_percentage: 0.0
  num_patients:
    train: 10000
    val: 1000
    test: 1000
  window_size: 15
  lag: 0
  max_seq_length: 60
  projection_horizon: 5
  cf_seq_mode: sliding_treatment
exp:
  seed: 10
  gpus:
  - 0
  max_epochs: 100
  logging: true
  mlflow_uri: http://127.0.0.1:5000
  unscale_rmse: true
  percentage_rmse: true
  alpha: 0.01
  update_alpha: true
  alpha_rate: exp
  initial_balancing_method: grad_reverse
  final_balancing_method: grad_reverse
  bce_weight: false
  weights_ema: false
  beta: 0.99
  alpha_wass: 0.0001
  alpha_wass_epoch: false
  alpha_wass_growth: 0.001
  alpha_wass_max: 0.01
  balancing: grad_reverse
  balancing_switch_epoch: 99
  gap_epoch: 50
  clustering_method: GMM
  number_clusters: 2
  num_timepoints: 59
  checkpoint_dir: ./checkpoints/cancer/crn/SGA/5

[2025-01-28 15:26:55,304][root][INFO] - Simulating initial volumes for stage I  with norm params: mu=1.72, sigma=4.7, lb=-0.6221218732608373, ub=-0.023523848418276528
[2025-01-28 15:26:55,313][root][INFO] - Simulating initial volumes for stage II  with norm params: mu=1.96, sigma=1.63, lb=-1.9410876100159118, ub=0.3711345751297772
[2025-01-28 15:26:55,314][root][INFO] - Simulating initial volumes for stage IIIA  with norm params: mu=1.91, sigma=9.4, lb=-0.33127370258786554, ub=0.06967546355973796
[2025-01-28 15:26:55,315][root][INFO] - Simulating initial volumes for stage IIIB  with norm params: mu=2.76, sigma=6.87, lb=-0.5769974969906748, ub=-0.02839165102452155
[2025-01-28 15:26:55,317][root][INFO] - Simulating initial volumes for stage IV  with norm params: mu=3.86, sigma=8.82, lb=-0.5741465764541877, ub=-0.14683113860980307
[2025-01-28 15:26:55,340][root][INFO] - Got correlated params for 4658 patients
[2025-01-28 15:26:55,345][root][INFO] - Got correlated params for 9338 patients
[2025-01-28 15:26:55,350][root][INFO] - Got correlated params for 13912 patients
[2025-01-28 15:26:55,358][root][INFO] - Simulating beta_c parameters
[2025-01-28 15:26:55,363][root][INFO] - Randomising outputs
[2025-01-28 15:27:10,446][root][INFO] - Simulating initial volumes for stage I  with norm params: mu=1.72, sigma=4.7, lb=-0.6221218732608373, ub=-0.023523848418276528
[2025-01-28 15:27:10,448][root][INFO] - Simulating initial volumes for stage II  with norm params: mu=1.96, sigma=1.63, lb=-1.9410876100159118, ub=0.3711345751297772
[2025-01-28 15:27:10,449][root][INFO] - Simulating initial volumes for stage IIIA  with norm params: mu=1.91, sigma=9.4, lb=-0.33127370258786554, ub=0.06967546355973796
[2025-01-28 15:27:10,450][root][INFO] - Simulating initial volumes for stage IIIB  with norm params: mu=2.76, sigma=6.87, lb=-0.5769974969906748, ub=-0.02839165102452155
[2025-01-28 15:27:10,450][root][INFO] - Simulating initial volumes for stage IV  with norm params: mu=3.86, sigma=8.82, lb=-0.5741465764541877, ub=-0.14683113860980307
[2025-01-28 15:27:10,452][root][INFO] - Got correlated params for 464 patients
[2025-01-28 15:27:10,453][root][INFO] - Got correlated params for 942 patients
[2025-01-28 15:27:10,454][root][INFO] - Got correlated params for 1398 patients
[2025-01-28 15:27:10,455][root][INFO] - Simulating beta_c parameters
[2025-01-28 15:27:10,456][root][INFO] - Randomising outputs
[2025-01-28 15:27:11,937][root][INFO] - Simulating initial volumes for stage I  with norm params: mu=1.72, sigma=4.7, lb=-0.6221218732608373, ub=-0.023523848418276528
[2025-01-28 15:27:11,938][root][INFO] - Simulating initial volumes for stage II  with norm params: mu=1.96, sigma=1.63, lb=-1.9410876100159118, ub=0.3711345751297772
[2025-01-28 15:27:11,939][root][INFO] - Simulating initial volumes for stage IIIA  with norm params: mu=1.91, sigma=9.4, lb=-0.33127370258786554, ub=0.06967546355973796
[2025-01-28 15:27:11,939][root][INFO] - Simulating initial volumes for stage IIIB  with norm params: mu=2.76, sigma=6.87, lb=-0.5769974969906748, ub=-0.02839165102452155
[2025-01-28 15:27:11,940][root][INFO] - Simulating initial volumes for stage IV  with norm params: mu=3.86, sigma=8.82, lb=-0.5741465764541877, ub=-0.14683113860980307
[2025-01-28 15:27:11,942][root][INFO] - Got correlated params for 491 patients
[2025-01-28 15:27:11,943][root][INFO] - Got correlated params for 936 patients
[2025-01-28 15:27:11,944][root][INFO] - Got correlated params for 1396 patients
[2025-01-28 15:27:11,945][root][INFO] - Simulating beta_c parameters
[2025-01-28 15:27:11,946][root][INFO] - Randomising outputs
[2025-01-28 15:27:17,362][root][INFO] - Simulating initial volumes for stage I  with norm params: mu=1.72, sigma=4.7, lb=-0.6221218732608373, ub=-0.023523848418276528
[2025-01-28 15:27:17,363][root][INFO] - Simulating initial volumes for stage II  with norm params: mu=1.96, sigma=1.63, lb=-1.9410876100159118, ub=0.3711345751297772
[2025-01-28 15:27:17,364][root][INFO] - Simulating initial volumes for stage IIIA  with norm params: mu=1.91, sigma=9.4, lb=-0.33127370258786554, ub=0.06967546355973796
[2025-01-28 15:27:17,364][root][INFO] - Simulating initial volumes for stage IIIB  with norm params: mu=2.76, sigma=6.87, lb=-0.5769974969906748, ub=-0.02839165102452155
[2025-01-28 15:27:17,365][root][INFO] - Simulating initial volumes for stage IV  with norm params: mu=3.86, sigma=8.82, lb=-0.5741465764541877, ub=-0.14683113860980307
[2025-01-28 15:27:17,367][root][INFO] - Got correlated params for 434 patients
[2025-01-28 15:27:17,368][root][INFO] - Got correlated params for 874 patients
[2025-01-28 15:27:17,369][root][INFO] - Got correlated params for 1357 patients
[2025-01-28 15:27:17,370][root][INFO] - Simulating beta_c parameters
[2025-01-28 15:27:17,371][root][INFO] - Randomising outputs
[2025-01-28 15:27:42,273][src.data.cancer_sim.dataset][INFO] - Processing train dataset before training
[2025-01-28 15:27:43,185][src.data.cancer_sim.dataset][INFO] - Shape of processed train data: {'cancer_volume': (10000, 60), 'chemo_dosage': (10000, 60), 'radio_dosage': (10000, 60), 'chemo_application': (10000, 60), 'radio_application': (10000, 60), 'chemo_probabilities': (10000, 60), 'radio_probabilities': (10000, 60), 'sequence_lengths': (10000,), 'death_flags': (10000, 60), 'recovery_flags': (10000, 60), 'patient_types': (10000,), 'prev_treatments': (10000, 59, 4), 'current_treatments': (10000, 59, 4), 'current_covariates': (10000, 59, 2), 'outputs': (10000, 59, 1), 'active_entries': (10000, 59, 1), 'unscaled_outputs': (10000, 59, 1), 'prev_outputs': (10000, 59, 1), 'static_features': (10000, 1)}
[2025-01-28 15:27:43,185][src.data.cancer_sim.dataset][INFO] - Processing val dataset before training
[2025-01-28 15:27:43,277][src.data.cancer_sim.dataset][INFO] - Shape of processed val data: {'cancer_volume': (1000, 60), 'chemo_dosage': (1000, 60), 'radio_dosage': (1000, 60), 'chemo_application': (1000, 60), 'radio_application': (1000, 60), 'chemo_probabilities': (1000, 60), 'radio_probabilities': (1000, 60), 'sequence_lengths': (1000,), 'death_flags': (1000, 60), 'recovery_flags': (1000, 60), 'patient_types': (1000,), 'prev_treatments': (1000, 59, 4), 'current_treatments': (1000, 59, 4), 'current_covariates': (1000, 59, 2), 'outputs': (1000, 59, 1), 'active_entries': (1000, 59, 1), 'unscaled_outputs': (1000, 59, 1), 'prev_outputs': (1000, 59, 1), 'static_features': (1000, 1)}
[2025-01-28 15:27:43,277][src.data.cancer_sim.dataset][INFO] - Processing test dataset before training
[2025-01-28 15:28:02,991][src.data.cancer_sim.dataset][INFO] - Shape of processed test data: {'cancer_volume': (225248, 60), 'chemo_application': (225248, 60), 'radio_application': (225248, 60), 'sequence_lengths': (225248,), 'patient_types': (225248,), 'prev_treatments': (225248, 59, 4), 'current_treatments': (225248, 59, 4), 'current_covariates': (225248, 59, 2), 'outputs': (225248, 59, 1), 'active_entries': (225248, 59, 1), 'unscaled_outputs': (225248, 59, 1), 'prev_outputs': (225248, 59, 1), 'static_features': (225248, 1)}
[2025-01-28 15:28:03,602][src.models.crn][INFO] - Input size of encoder: 6
[2025-01-28 15:28:16,334][src.models.time_varying_model][INFO] - RMSE calculation for val.
[2025-01-28 15:28:16,334][src.models.time_varying_model][INFO] - Predictions for val.
[2025-01-28 15:28:16,958][__main__][INFO] - Val normalised RMSE (all): 0.6594200845356544; Val normalised RMSE (orig): 0.6510327090311777
[2025-01-28 15:28:16,958][src.models.time_varying_model][INFO] - RMSE calculation for test.
[2025-01-28 15:28:16,958][src.models.time_varying_model][INFO] - Predictions for test.
[2025-01-28 15:28:30,918][__main__][INFO] - Test normalised RMSE (all): 0.9871189507563678; Test normalised RMSE (orig): 0.7841459643846601; Test normalised RMSE (only counterfactual): 1.40335846476254
[2025-01-28 15:28:30,979][src.models.crn][INFO] - Input size of decoder: 6
[2025-01-28 15:28:30,997][src.data.cancer_sim.dataset][INFO] - train Dataset already processed
[2025-01-28 15:28:30,997][src.data.cancer_sim.dataset][INFO] - val Dataset already processed
[2025-01-28 15:28:30,997][src.data.cancer_sim.dataset][INFO] - Processing test dataset before training
[2025-01-28 15:29:24,038][src.data.cancer_sim.dataset][INFO] - Shape of processed test data: {'cancer_volume': (554444, 65), 'chemo_application': (554444, 65), 'radio_application': (554444, 65), 'sequence_lengths': (554444,), 'patient_types': (554444,), 'patient_ids_all_trajectories': (554444,), 'patient_current_t': (554444,), 'prev_treatments': (554444, 64, 4), 'current_treatments': (554444, 64, 4), 'current_covariates': (554444, 64, 2), 'outputs': (554444, 64, 1), 'active_entries': (554444, 64, 1), 'unscaled_outputs': (554444, 64, 1), 'prev_outputs': (554444, 64, 1), 'static_features': (554444, 1)}
[2025-01-28 15:29:24,041][src.models.time_varying_model][INFO] - Balanced representations inference for train.
[2025-01-28 15:29:25,492][src.models.time_varying_model][INFO] - Balanced representations inference for val.
[2025-01-28 15:29:26,018][src.models.time_varying_model][INFO] - Balanced representations inference for test.
[2025-01-28 15:30:00,177][src.models.time_varying_model][INFO] - Predictions for test.
[2025-01-28 15:30:35,875][src.data.cancer_sim.dataset][INFO] - Processing train dataset before training (multiple sequences)
[2025-01-28 15:30:38,749][src.data.cancer_sim.dataset][INFO] - Shape of processed train data: {'init_state': (514877, 24), 'original_index': (514877,), 'active_encoder_r': (514877, 59), 'prev_treatments': (514877, 5, 4), 'current_treatments': (514877, 5, 4), 'current_covariates': (514877, 5, 2), 'prev_outputs': (514877, 5, 1), 'static_features': (514877, 1), 'outputs': (514877, 5, 1), 'sequence_lengths': (514877,), 'active_entries': (514877, 5, 1), 'unscaled_outputs': (514877, 5, 1)}
[2025-01-28 15:30:38,750][src.data.cancer_sim.dataset][INFO] - Processing val dataset before training (multiple sequences)
[2025-01-28 15:30:39,036][src.data.cancer_sim.dataset][INFO] - Shape of processed val data: {'init_state': (51318, 24), 'original_index': (51318,), 'active_encoder_r': (51318, 59), 'prev_treatments': (51318, 5, 4), 'current_treatments': (51318, 5, 4), 'current_covariates': (51318, 5, 2), 'prev_outputs': (51318, 5, 1), 'static_features': (51318, 1), 'outputs': (51318, 5, 1), 'sequence_lengths': (51318,), 'active_entries': (51318, 5, 1), 'unscaled_outputs': (51318, 5, 1)}
[2025-01-28 15:30:39,037][src.data.cancer_sim.dataset][INFO] - Processing test dataset before testing (multiple sequences)
[2025-01-28 15:30:46,571][src.data.cancer_sim.dataset][INFO] - Shape of processed test data: {'active_encoder_r': (554444, 59), 'prev_treatments': (554444, 5, 4), 'current_treatments': (554444, 5, 4), 'current_covariates': (554444, 5, 2), 'prev_outputs': (554444, 5, 1), 'static_features': (554444, 1), 'outputs': (554444, 5, 1), 'sequence_lengths': (554444,), 'active_entries': (554444, 5, 1), 'unscaled_outputs': (554444, 5, 1), 'patient_types': (554444,), 'patient_ids_all_trajectories': (554444,), 'patient_current_t': (554444,), 'init_state': (554444, 24)}
[2025-01-28 15:30:46,628][src.data.cancer_sim.dataset][INFO] - Processing test dataset before testing (autoregressive)
[2025-01-28 15:30:50,573][src.data.cancer_sim.dataset][INFO] - Shape of processed test data: {'current_covariates': (554444, 5, 2), 'prev_treatments': (554444, 5, 4), 'current_treatments': (554444, 5, 4), 'init_state': (554444, 24), 'active_encoder_r': (554444, 59), 'active_entries': (554444, 5, 1), 'prev_outputs': (554444, 5, 1), 'static_features': (554444, 1)}
[2025-01-28 15:30:53,997][src.models.time_varying_model][INFO] - RMSE calculation for val.
[2025-01-28 15:30:53,997][src.models.time_varying_model][INFO] - Predictions for val.
[2025-01-28 15:30:56,095][__main__][INFO] - Val normalised RMSE (all): 0.30496458867072573; Val normalised RMSE (orig): 0.3049645886707245
[2025-01-28 15:30:56,096][src.models.time_varying_model][INFO] - RMSE calculation for test.
[2025-01-28 15:30:56,096][src.models.time_varying_model][INFO] - Autoregressive Prediction for test.
[2025-01-28 15:30:56,107][src.models.time_varying_model][INFO] - t = 2
[2025-01-28 15:30:56,107][src.models.time_varying_model][INFO] - Predictions for test.
[2025-01-28 15:31:10,684][src.models.time_varying_model][INFO] - t = 3
[2025-01-28 15:31:10,684][src.models.time_varying_model][INFO] - Predictions for test.
[2025-01-28 15:31:25,499][src.models.time_varying_model][INFO] - t = 4
[2025-01-28 15:31:25,500][src.models.time_varying_model][INFO] - Predictions for test.
[2025-01-28 15:31:40,789][src.models.time_varying_model][INFO] - t = 5
[2025-01-28 15:31:40,789][src.models.time_varying_model][INFO] - Predictions for test.
[2025-01-28 15:31:55,639][src.models.time_varying_model][INFO] - t = 6
[2025-01-28 15:31:55,639][src.models.time_varying_model][INFO] - Predictions for test.
[2025-01-28 15:32:11,951][__main__][INFO] - Test normalised RMSE (n-step prediction): {'2-step': 1.4564349526477525, '3-step': 1.6836732817069537, '4-step': 1.8018052900572696, '5-step': 1.87027381272767, '6-step': 1.859492952341728}
