[2025-01-30 06:28:18,741][__main__][INFO] - 
model:
  dim_treatments: 4
  dim_vitals: 0
  dim_static_features: 1
  dim_outcomes: 1
  name: CT
  multi:
    _target_: src.models.ct.CT
    max_seq_length: 65
    seq_hidden_units: 12
    br_size: 16
    fc_hidden_units: 48
    dropout_rate: 0.1
    num_layer: 1
    num_heads: 2
    max_grad_norm: null
    batch_size: 1024
    attn_dropout: true
    disable_cross_attention: false
    isolate_subnetwork: _
    self_positional_encoding:
      absolute: false
      trainable: true
      max_relative_position: 15
    optimizer:
      optimizer_cls: adam
      learning_rate: 0.01
      weight_decay: 0.0
      lr_scheduler: false
    augment_with_masked_vitals: true
    tune_hparams: false
    tune_range: 50
    hparams_grid: null
    resources_per_trial: null
  self_positional_encoding:
    max_relative_position: 15
dataset:
  val_batch_size: 512
  treatment_mode: multiclass
  _target_: src.data.SyntheticCancerDatasetCollection
  name: tumor_generator
  coeff: 5.0
  chemo_coeff: 5.0
  radio_coeff: 5.0
  seed: 101
  random: false
  noise_percentage: 0.0
  num_patients:
    train: 10000
    val: 1000
    test: 1000
  window_size: 15
  lag: 0
  max_seq_length: 60
  projection_horizon: 5
  cf_seq_mode: sliding_treatment
exp:
  seed: 101
  gpus:
  - 0
  max_epochs: 30
  logging: true
  mlflow_uri: http://127.0.0.1:5000
  unscale_rmse: true
  percentage_rmse: true
  alpha: 0.01
  update_alpha: true
  alpha_rate: exp
  initial_balancing_method: domain_confusion
  final_balancing_method: subgroup
  bce_weight: false
  weights_ema: true
  beta: 0.99
  alpha_wass: 10
  alpha_wass_epoch: false
  alpha_wass_growth: 0.001
  alpha_wass_max: 0.01
  balancing_switch_epoch: 29
  clustering_method: GMM
  number_clusters: 3
  num_timepoints: 59
  gap_epoch: 5
  checkpoint_dir: ./checkpoints/cancer/ct/SGA/5

[2025-01-30 06:28:18,765][root][INFO] - Simulating initial volumes for stage I  with norm params: mu=1.72, sigma=4.7, lb=-0.6221218732608373, ub=-0.023523848418276528
[2025-01-30 06:28:18,773][root][INFO] - Simulating initial volumes for stage II  with norm params: mu=1.96, sigma=1.63, lb=-1.9410876100159118, ub=0.3711345751297772
[2025-01-30 06:28:18,774][root][INFO] - Simulating initial volumes for stage IIIA  with norm params: mu=1.91, sigma=9.4, lb=-0.33127370258786554, ub=0.06967546355973796
[2025-01-30 06:28:18,775][root][INFO] - Simulating initial volumes for stage IIIB  with norm params: mu=2.76, sigma=6.87, lb=-0.5769974969906748, ub=-0.02839165102452155
[2025-01-30 06:28:18,777][root][INFO] - Simulating initial volumes for stage IV  with norm params: mu=3.86, sigma=8.82, lb=-0.5741465764541877, ub=-0.14683113860980307
[2025-01-30 06:28:18,802][root][INFO] - Got correlated params for 4645 patients
[2025-01-30 06:28:18,807][root][INFO] - Got correlated params for 9125 patients
[2025-01-30 06:28:18,812][root][INFO] - Got correlated params for 13736 patients
[2025-01-30 06:28:18,820][root][INFO] - Simulating beta_c parameters
[2025-01-30 06:28:18,825][root][INFO] - Randomising outputs
[2025-01-30 06:28:34,045][root][INFO] - Simulating initial volumes for stage I  with norm params: mu=1.72, sigma=4.7, lb=-0.6221218732608373, ub=-0.023523848418276528
[2025-01-30 06:28:34,047][root][INFO] - Simulating initial volumes for stage II  with norm params: mu=1.96, sigma=1.63, lb=-1.9410876100159118, ub=0.3711345751297772
[2025-01-30 06:28:34,048][root][INFO] - Simulating initial volumes for stage IIIA  with norm params: mu=1.91, sigma=9.4, lb=-0.33127370258786554, ub=0.06967546355973796
[2025-01-30 06:28:34,049][root][INFO] - Simulating initial volumes for stage IIIB  with norm params: mu=2.76, sigma=6.87, lb=-0.5769974969906748, ub=-0.02839165102452155
[2025-01-30 06:28:34,050][root][INFO] - Simulating initial volumes for stage IV  with norm params: mu=3.86, sigma=8.82, lb=-0.5741465764541877, ub=-0.14683113860980307
[2025-01-30 06:28:34,052][root][INFO] - Got correlated params for 438 patients
[2025-01-30 06:28:34,053][root][INFO] - Got correlated params for 895 patients
[2025-01-30 06:28:34,054][root][INFO] - Got correlated params for 1361 patients
[2025-01-30 06:28:34,055][root][INFO] - Simulating beta_c parameters
[2025-01-30 06:28:34,056][root][INFO] - Randomising outputs
[2025-01-30 06:28:35,561][root][INFO] - Simulating initial volumes for stage I  with norm params: mu=1.72, sigma=4.7, lb=-0.6221218732608373, ub=-0.023523848418276528
[2025-01-30 06:28:35,562][root][INFO] - Simulating initial volumes for stage II  with norm params: mu=1.96, sigma=1.63, lb=-1.9410876100159118, ub=0.3711345751297772
[2025-01-30 06:28:35,563][root][INFO] - Simulating initial volumes for stage IIIA  with norm params: mu=1.91, sigma=9.4, lb=-0.33127370258786554, ub=0.06967546355973796
[2025-01-30 06:28:35,563][root][INFO] - Simulating initial volumes for stage IIIB  with norm params: mu=2.76, sigma=6.87, lb=-0.5769974969906748, ub=-0.02839165102452155
[2025-01-30 06:28:35,564][root][INFO] - Simulating initial volumes for stage IV  with norm params: mu=3.86, sigma=8.82, lb=-0.5741465764541877, ub=-0.14683113860980307
[2025-01-30 06:28:35,566][root][INFO] - Got correlated params for 448 patients
[2025-01-30 06:28:35,567][root][INFO] - Got correlated params for 913 patients
[2025-01-30 06:28:35,568][root][INFO] - Got correlated params for 1384 patients
[2025-01-30 06:28:35,568][root][INFO] - Simulating beta_c parameters
[2025-01-30 06:28:35,569][root][INFO] - Randomising outputs
[2025-01-30 06:28:41,309][root][INFO] - Simulating initial volumes for stage I  with norm params: mu=1.72, sigma=4.7, lb=-0.6221218732608373, ub=-0.023523848418276528
[2025-01-30 06:28:41,310][root][INFO] - Simulating initial volumes for stage II  with norm params: mu=1.96, sigma=1.63, lb=-1.9410876100159118, ub=0.3711345751297772
[2025-01-30 06:28:41,311][root][INFO] - Simulating initial volumes for stage IIIA  with norm params: mu=1.91, sigma=9.4, lb=-0.33127370258786554, ub=0.06967546355973796
[2025-01-30 06:28:41,312][root][INFO] - Simulating initial volumes for stage IIIB  with norm params: mu=2.76, sigma=6.87, lb=-0.5769974969906748, ub=-0.02839165102452155
[2025-01-30 06:28:41,312][root][INFO] - Simulating initial volumes for stage IV  with norm params: mu=3.86, sigma=8.82, lb=-0.5741465764541877, ub=-0.14683113860980307
[2025-01-30 06:28:41,314][root][INFO] - Got correlated params for 469 patients
[2025-01-30 06:28:41,315][root][INFO] - Got correlated params for 898 patients
[2025-01-30 06:28:41,316][root][INFO] - Got correlated params for 1364 patients
[2025-01-30 06:28:41,317][root][INFO] - Simulating beta_c parameters
[2025-01-30 06:28:41,318][root][INFO] - Randomising outputs
[2025-01-30 06:29:06,292][src.data.cancer_sim.dataset][INFO] - Processing train dataset before training
[2025-01-30 06:29:07,205][src.data.cancer_sim.dataset][INFO] - Shape of processed train data: {'cancer_volume': (10000, 60), 'chemo_dosage': (10000, 60), 'radio_dosage': (10000, 60), 'chemo_application': (10000, 60), 'radio_application': (10000, 60), 'chemo_probabilities': (10000, 60), 'radio_probabilities': (10000, 60), 'sequence_lengths': (10000,), 'death_flags': (10000, 60), 'recovery_flags': (10000, 60), 'patient_types': (10000,), 'prev_treatments': (10000, 59, 4), 'current_treatments': (10000, 59, 4), 'current_covariates': (10000, 59, 2), 'outputs': (10000, 59, 1), 'active_entries': (10000, 59, 1), 'unscaled_outputs': (10000, 59, 1), 'prev_outputs': (10000, 59, 1), 'static_features': (10000, 1)}
[2025-01-30 06:29:07,205][src.data.cancer_sim.dataset][INFO] - Processing val dataset before training
[2025-01-30 06:29:07,297][src.data.cancer_sim.dataset][INFO] - Shape of processed val data: {'cancer_volume': (1000, 60), 'chemo_dosage': (1000, 60), 'radio_dosage': (1000, 60), 'chemo_application': (1000, 60), 'radio_application': (1000, 60), 'chemo_probabilities': (1000, 60), 'radio_probabilities': (1000, 60), 'sequence_lengths': (1000,), 'death_flags': (1000, 60), 'recovery_flags': (1000, 60), 'patient_types': (1000,), 'prev_treatments': (1000, 59, 4), 'current_treatments': (1000, 59, 4), 'current_covariates': (1000, 59, 2), 'outputs': (1000, 59, 1), 'active_entries': (1000, 59, 1), 'unscaled_outputs': (1000, 59, 1), 'prev_outputs': (1000, 59, 1), 'static_features': (1000, 1)}
[2025-01-30 06:29:07,297][src.data.cancer_sim.dataset][INFO] - Processing test dataset before training
[2025-01-30 06:29:26,913][src.data.cancer_sim.dataset][INFO] - Shape of processed test data: {'cancer_volume': (228824, 60), 'chemo_application': (228824, 60), 'radio_application': (228824, 60), 'sequence_lengths': (228824,), 'patient_types': (228824,), 'prev_treatments': (228824, 59, 4), 'current_treatments': (228824, 59, 4), 'current_covariates': (228824, 59, 2), 'outputs': (228824, 59, 1), 'active_entries': (228824, 59, 1), 'unscaled_outputs': (228824, 59, 1), 'prev_outputs': (228824, 59, 1), 'static_features': (228824, 1)}
[2025-01-30 06:29:26,914][src.data.cancer_sim.dataset][INFO] - Processing test dataset before training
[2025-01-30 06:30:20,764][src.data.cancer_sim.dataset][INFO] - Shape of processed test data: {'cancer_volume': (563559, 65), 'chemo_application': (563559, 65), 'radio_application': (563559, 65), 'sequence_lengths': (563559,), 'patient_types': (563559,), 'patient_ids_all_trajectories': (563559,), 'patient_current_t': (563559,), 'prev_treatments': (563559, 64, 4), 'current_treatments': (563559, 64, 4), 'current_covariates': (563559, 64, 2), 'outputs': (563559, 64, 1), 'active_entries': (563559, 64, 1), 'unscaled_outputs': (563559, 64, 1), 'prev_outputs': (563559, 64, 1), 'static_features': (563559, 1)}
[2025-01-30 06:30:20,768][src.data.cancer_sim.dataset][INFO] - Processing test dataset before testing (multiple sequences)
[2025-01-30 06:30:27,920][src.data.cancer_sim.dataset][INFO] - Shape of processed test data: {'active_encoder_r': (563559, 59), 'prev_treatments': (563559, 5, 4), 'current_treatments': (563559, 5, 4), 'current_covariates': (563559, 5, 2), 'prev_outputs': (563559, 5, 1), 'static_features': (563559, 1), 'outputs': (563559, 5, 1), 'sequence_lengths': (563559,), 'active_entries': (563559, 5, 1), 'unscaled_outputs': (563559, 5, 1), 'patient_types': (563559,), 'patient_ids_all_trajectories': (563559,), 'patient_current_t': (563559,)}
[2025-01-30 06:30:30,485][src.models.ct][INFO] - Max input size of multi: 4
[2025-01-30 06:31:15,869][src.models.time_varying_model][INFO] - RMSE calculation for val.
[2025-01-30 06:31:15,869][src.models.time_varying_model][INFO] - Predictions for val.
[2025-01-30 06:31:16,865][__main__][INFO] - Val normalised RMSE (all): 0.750038753766571; Val normalised RMSE (orig): 0.744031852219469
[2025-01-30 06:31:16,865][src.models.time_varying_model][INFO] - RMSE calculation for test.
[2025-01-30 06:31:16,865][src.models.time_varying_model][INFO] - Predictions for test.
[2025-01-30 06:31:32,723][__main__][INFO] - Test normalised RMSE (all): 3.258869431116563; Test normalised RMSE (orig): 2.735989555508788; Test normalised RMSE (only counterfactual): 2.5317130918312456
[2025-01-30 06:31:32,765][src.models.time_varying_model][INFO] - RMSE calculation for test.
[2025-01-30 06:31:32,766][src.models.ct][INFO] - Autoregressive Prediction for test.
[2025-01-30 06:31:32,767][src.models.ct][INFO] - t = 1
[2025-01-30 06:31:32,767][src.models.time_varying_model][INFO] - Predictions for test.
[2025-01-30 06:32:24,734][src.models.ct][INFO] - t = 2
[2025-01-30 06:32:24,735][src.models.time_varying_model][INFO] - Predictions for test.
[2025-01-30 06:33:16,899][src.models.ct][INFO] - t = 3
[2025-01-30 06:33:16,899][src.models.time_varying_model][INFO] - Predictions for test.
[2025-01-30 06:34:08,206][src.models.ct][INFO] - t = 4
[2025-01-30 06:34:08,207][src.models.time_varying_model][INFO] - Predictions for test.
