[2025-01-27 23:45:37,375][__main__][INFO] - 
model:
  dim_treatments: 4
  dim_vitals: 0
  dim_static_features: 1
  dim_outcomes: 1
  name: CT
  multi:
    _target_: src.models.ct.CT
    max_seq_length: 65
    seq_hidden_units: 12
    br_size: 16
    fc_hidden_units: 48
    dropout_rate: 0.1
    num_layer: 1
    num_heads: 2
    max_grad_norm: null
    batch_size: 1024
    attn_dropout: true
    disable_cross_attention: false
    isolate_subnetwork: _
    self_positional_encoding:
      absolute: false
      trainable: true
      max_relative_position: 15
    optimizer:
      optimizer_cls: adam
      learning_rate: 0.01
      weight_decay: 0.0
      lr_scheduler: false
    augment_with_masked_vitals: true
    tune_hparams: false
    tune_range: 50
    hparams_grid: null
    resources_per_trial: null
  self_positional_encoding:
    max_relative_position: 15
dataset:
  val_batch_size: 512
  treatment_mode: multiclass
  _target_: src.data.SyntheticCancerDatasetCollection
  name: tumor_generator
  coeff: 5.0
  chemo_coeff: 5.0
  radio_coeff: 5.0
  seed: 10
  random: false
  noise_percentage: 0.0
  num_patients:
    train: 10000
    val: 1000
    test: 1000
  window_size: 15
  lag: 0
  max_seq_length: 60
  projection_horizon: 5
  cf_seq_mode: sliding_treatment
exp:
  seed: 10
  gpus:
  - 0
  max_epochs: 130
  logging: true
  mlflow_uri: http://127.0.0.1:5000
  unscale_rmse: true
  percentage_rmse: true
  alpha: 0.01
  update_alpha: true
  alpha_rate: exp
  initial_balancing_method: domain_confusion
  final_balancing_method: subgroup
  bce_weight: false
  weights_ema: true
  beta: 0.99
  alpha_wass: 0.1
  alpha_wass_epoch: false
  alpha_wass_growth: 0.001
  alpha_wass_max: 0.01
  balancing_switch_epoch: 99
  clustering_method: GMM
  number_clusters: 2
  num_timepoints: 59
  gap_epoch: 5
  checkpoint_dir: ./checkpoints/cancer/ct/SGA/5

[2025-01-27 23:45:37,401][root][INFO] - Simulating initial volumes for stage I  with norm params: mu=1.72, sigma=4.7, lb=-0.6221218732608373, ub=-0.023523848418276528
[2025-01-27 23:45:37,409][root][INFO] - Simulating initial volumes for stage II  with norm params: mu=1.96, sigma=1.63, lb=-1.9410876100159118, ub=0.3711345751297772
[2025-01-27 23:45:37,425][root][INFO] - Simulating initial volumes for stage IIIA  with norm params: mu=1.91, sigma=9.4, lb=-0.33127370258786554, ub=0.06967546355973796
[2025-01-27 23:45:37,426][root][INFO] - Simulating initial volumes for stage IIIB  with norm params: mu=2.76, sigma=6.87, lb=-0.5769974969906748, ub=-0.02839165102452155
[2025-01-27 23:45:37,428][root][INFO] - Simulating initial volumes for stage IV  with norm params: mu=3.86, sigma=8.82, lb=-0.5741465764541877, ub=-0.14683113860980307
[2025-01-27 23:45:37,452][root][INFO] - Got correlated params for 4658 patients
[2025-01-27 23:45:37,457][root][INFO] - Got correlated params for 9338 patients
[2025-01-27 23:45:37,462][root][INFO] - Got correlated params for 13912 patients
[2025-01-27 23:45:37,470][root][INFO] - Simulating beta_c parameters
[2025-01-27 23:45:37,475][root][INFO] - Randomising outputs
[2025-01-27 23:45:52,406][root][INFO] - Simulating initial volumes for stage I  with norm params: mu=1.72, sigma=4.7, lb=-0.6221218732608373, ub=-0.023523848418276528
[2025-01-27 23:45:52,409][root][INFO] - Simulating initial volumes for stage II  with norm params: mu=1.96, sigma=1.63, lb=-1.9410876100159118, ub=0.3711345751297772
[2025-01-27 23:45:52,409][root][INFO] - Simulating initial volumes for stage IIIA  with norm params: mu=1.91, sigma=9.4, lb=-0.33127370258786554, ub=0.06967546355973796
[2025-01-27 23:45:52,410][root][INFO] - Simulating initial volumes for stage IIIB  with norm params: mu=2.76, sigma=6.87, lb=-0.5769974969906748, ub=-0.02839165102452155
[2025-01-27 23:45:52,411][root][INFO] - Simulating initial volumes for stage IV  with norm params: mu=3.86, sigma=8.82, lb=-0.5741465764541877, ub=-0.14683113860980307
[2025-01-27 23:45:52,413][root][INFO] - Got correlated params for 464 patients
[2025-01-27 23:45:52,414][root][INFO] - Got correlated params for 942 patients
[2025-01-27 23:45:52,415][root][INFO] - Got correlated params for 1398 patients
[2025-01-27 23:45:52,416][root][INFO] - Simulating beta_c parameters
[2025-01-27 23:45:52,417][root][INFO] - Randomising outputs
[2025-01-27 23:45:53,960][root][INFO] - Simulating initial volumes for stage I  with norm params: mu=1.72, sigma=4.7, lb=-0.6221218732608373, ub=-0.023523848418276528
[2025-01-27 23:45:53,961][root][INFO] - Simulating initial volumes for stage II  with norm params: mu=1.96, sigma=1.63, lb=-1.9410876100159118, ub=0.3711345751297772
[2025-01-27 23:45:53,962][root][INFO] - Simulating initial volumes for stage IIIA  with norm params: mu=1.91, sigma=9.4, lb=-0.33127370258786554, ub=0.06967546355973796
[2025-01-27 23:45:53,962][root][INFO] - Simulating initial volumes for stage IIIB  with norm params: mu=2.76, sigma=6.87, lb=-0.5769974969906748, ub=-0.02839165102452155
[2025-01-27 23:45:53,963][root][INFO] - Simulating initial volumes for stage IV  with norm params: mu=3.86, sigma=8.82, lb=-0.5741465764541877, ub=-0.14683113860980307
[2025-01-27 23:45:53,965][root][INFO] - Got correlated params for 491 patients
[2025-01-27 23:45:53,966][root][INFO] - Got correlated params for 936 patients
[2025-01-27 23:45:53,967][root][INFO] - Got correlated params for 1396 patients
[2025-01-27 23:45:53,968][root][INFO] - Simulating beta_c parameters
[2025-01-27 23:45:53,969][root][INFO] - Randomising outputs
[2025-01-27 23:45:59,602][root][INFO] - Simulating initial volumes for stage I  with norm params: mu=1.72, sigma=4.7, lb=-0.6221218732608373, ub=-0.023523848418276528
[2025-01-27 23:45:59,603][root][INFO] - Simulating initial volumes for stage II  with norm params: mu=1.96, sigma=1.63, lb=-1.9410876100159118, ub=0.3711345751297772
[2025-01-27 23:45:59,603][root][INFO] - Simulating initial volumes for stage IIIA  with norm params: mu=1.91, sigma=9.4, lb=-0.33127370258786554, ub=0.06967546355973796
[2025-01-27 23:45:59,604][root][INFO] - Simulating initial volumes for stage IIIB  with norm params: mu=2.76, sigma=6.87, lb=-0.5769974969906748, ub=-0.02839165102452155
[2025-01-27 23:45:59,605][root][INFO] - Simulating initial volumes for stage IV  with norm params: mu=3.86, sigma=8.82, lb=-0.5741465764541877, ub=-0.14683113860980307
[2025-01-27 23:45:59,606][root][INFO] - Got correlated params for 434 patients
[2025-01-27 23:45:59,607][root][INFO] - Got correlated params for 874 patients
[2025-01-27 23:45:59,608][root][INFO] - Got correlated params for 1357 patients
[2025-01-27 23:45:59,609][root][INFO] - Simulating beta_c parameters
[2025-01-27 23:45:59,610][root][INFO] - Randomising outputs
[2025-01-27 23:46:24,682][src.data.cancer_sim.dataset][INFO] - Processing train dataset before training
[2025-01-27 23:46:25,576][src.data.cancer_sim.dataset][INFO] - Shape of processed train data: {'cancer_volume': (10000, 60), 'chemo_dosage': (10000, 60), 'radio_dosage': (10000, 60), 'chemo_application': (10000, 60), 'radio_application': (10000, 60), 'chemo_probabilities': (10000, 60), 'radio_probabilities': (10000, 60), 'sequence_lengths': (10000,), 'death_flags': (10000, 60), 'recovery_flags': (10000, 60), 'patient_types': (10000,), 'prev_treatments': (10000, 59, 4), 'current_treatments': (10000, 59, 4), 'current_covariates': (10000, 59, 2), 'outputs': (10000, 59, 1), 'active_entries': (10000, 59, 1), 'unscaled_outputs': (10000, 59, 1), 'prev_outputs': (10000, 59, 1), 'static_features': (10000, 1)}
[2025-01-27 23:46:25,577][src.data.cancer_sim.dataset][INFO] - Processing val dataset before training
[2025-01-27 23:46:25,706][src.data.cancer_sim.dataset][INFO] - Shape of processed val data: {'cancer_volume': (1000, 60), 'chemo_dosage': (1000, 60), 'radio_dosage': (1000, 60), 'chemo_application': (1000, 60), 'radio_application': (1000, 60), 'chemo_probabilities': (1000, 60), 'radio_probabilities': (1000, 60), 'sequence_lengths': (1000,), 'death_flags': (1000, 60), 'recovery_flags': (1000, 60), 'patient_types': (1000,), 'prev_treatments': (1000, 59, 4), 'current_treatments': (1000, 59, 4), 'current_covariates': (1000, 59, 2), 'outputs': (1000, 59, 1), 'active_entries': (1000, 59, 1), 'unscaled_outputs': (1000, 59, 1), 'prev_outputs': (1000, 59, 1), 'static_features': (1000, 1)}
[2025-01-27 23:46:25,707][src.data.cancer_sim.dataset][INFO] - Processing test dataset before training
[2025-01-27 23:46:45,239][src.data.cancer_sim.dataset][INFO] - Shape of processed test data: {'cancer_volume': (225248, 60), 'chemo_application': (225248, 60), 'radio_application': (225248, 60), 'sequence_lengths': (225248,), 'patient_types': (225248,), 'prev_treatments': (225248, 59, 4), 'current_treatments': (225248, 59, 4), 'current_covariates': (225248, 59, 2), 'outputs': (225248, 59, 1), 'active_entries': (225248, 59, 1), 'unscaled_outputs': (225248, 59, 1), 'prev_outputs': (225248, 59, 1), 'static_features': (225248, 1)}
[2025-01-27 23:46:45,241][src.data.cancer_sim.dataset][INFO] - Processing test dataset before training
[2025-01-27 23:47:38,204][src.data.cancer_sim.dataset][INFO] - Shape of processed test data: {'cancer_volume': (554444, 65), 'chemo_application': (554444, 65), 'radio_application': (554444, 65), 'sequence_lengths': (554444,), 'patient_types': (554444,), 'patient_ids_all_trajectories': (554444,), 'patient_current_t': (554444,), 'prev_treatments': (554444, 64, 4), 'current_treatments': (554444, 64, 4), 'current_covariates': (554444, 64, 2), 'outputs': (554444, 64, 1), 'active_entries': (554444, 64, 1), 'unscaled_outputs': (554444, 64, 1), 'prev_outputs': (554444, 64, 1), 'static_features': (554444, 1)}
[2025-01-27 23:47:38,207][src.data.cancer_sim.dataset][INFO] - Processing test dataset before testing (multiple sequences)
[2025-01-27 23:47:45,003][src.data.cancer_sim.dataset][INFO] - Shape of processed test data: {'active_encoder_r': (554444, 59), 'prev_treatments': (554444, 5, 4), 'current_treatments': (554444, 5, 4), 'current_covariates': (554444, 5, 2), 'prev_outputs': (554444, 5, 1), 'static_features': (554444, 1), 'outputs': (554444, 5, 1), 'sequence_lengths': (554444,), 'active_entries': (554444, 5, 1), 'unscaled_outputs': (554444, 5, 1), 'patient_types': (554444,), 'patient_ids_all_trajectories': (554444,), 'patient_current_t': (554444,)}
[2025-01-27 23:47:47,504][src.models.ct][INFO] - Max input size of multi: 4
[2025-01-27 23:53:39,097][src.models.time_varying_model][INFO] - RMSE calculation for val.
[2025-01-27 23:53:39,098][src.models.time_varying_model][INFO] - Predictions for val.
[2025-01-27 23:53:39,746][__main__][INFO] - Val normalised RMSE (all): 0.6192699530345497; Val normalised RMSE (orig): 0.6118111518497154
[2025-01-27 23:53:39,746][src.models.time_varying_model][INFO] - RMSE calculation for test.
[2025-01-27 23:53:39,746][src.models.time_varying_model][INFO] - Predictions for test.
[2025-01-27 23:53:55,314][__main__][INFO] - Test normalised RMSE (all): 1.5364493342719785; Test normalised RMSE (orig): 1.3656289268988935; Test normalised RMSE (only counterfactual): 1.6517262283509835
[2025-01-27 23:53:55,357][src.models.time_varying_model][INFO] - RMSE calculation for test.
[2025-01-27 23:53:55,357][src.models.ct][INFO] - Autoregressive Prediction for test.
[2025-01-27 23:53:55,360][src.models.ct][INFO] - t = 1
[2025-01-27 23:53:55,360][src.models.time_varying_model][INFO] - Predictions for test.
[2025-01-27 23:54:46,150][src.models.ct][INFO] - t = 2
[2025-01-27 23:54:46,151][src.models.time_varying_model][INFO] - Predictions for test.
[2025-01-27 23:55:37,137][src.models.ct][INFO] - t = 3
[2025-01-27 23:55:37,138][src.models.time_varying_model][INFO] - Predictions for test.
[2025-01-27 23:56:27,054][src.models.ct][INFO] - t = 4
[2025-01-27 23:56:27,054][src.models.time_varying_model][INFO] - Predictions for test.
[2025-01-27 23:57:17,210][src.models.ct][INFO] - t = 5
[2025-01-27 23:57:17,210][src.models.time_varying_model][INFO] - Predictions for test.
[2025-01-27 23:58:07,428][src.models.ct][INFO] - t = 6
[2025-01-27 23:58:07,429][src.models.time_varying_model][INFO] - Predictions for test.
[2025-01-27 23:58:58,969][__main__][INFO] - Test normalised RMSE (n-step prediction): {'2-step': 1.8985795853526037, '3-step': 2.1265795357179194, '4-step': 2.1849642105335234, '5-step': 2.1811321902393637, '6-step': 2.0696855117533812}
