[2025-01-20 04:46:36,108][__main__][INFO] - 
model:
  dim_treatments: 4
  dim_vitals: 0
  dim_static_features: 1
  dim_outcomes: 1
  name: CT
  multi:
    _target_: src.models.ct.CT
    max_seq_length: 65
    seq_hidden_units: 16
    br_size: 12
    fc_hidden_units: 24
    dropout_rate: 0.1
    num_layer: 1
    num_heads: 2
    max_grad_norm: null
    batch_size: 128
    attn_dropout: true
    disable_cross_attention: false
    isolate_subnetwork: _
    self_positional_encoding:
      absolute: false
      trainable: true
      max_relative_position: 15
    optimizer:
      optimizer_cls: adam
      learning_rate: 0.001
      weight_decay: 0.0
      lr_scheduler: false
    augment_with_masked_vitals: true
    tune_hparams: false
    tune_range: 50
    hparams_grid: null
    resources_per_trial: null
  self_positional_encoding:
    max_relative_position: 15
dataset:
  val_batch_size: 512
  treatment_mode: multiclass
  _target_: src.data.SyntheticCancerDatasetCollection
  name: tumor_generator
  coeff: 3.0
  chemo_coeff: 3.0
  radio_coeff: 3.0
  seed: 10
  random: true
  noise_percentage: 0.05
  num_patients:
    train: 10000
    val: 1000
    test: 1000
  window_size: 15
  lag: 0
  max_seq_length: 60
  projection_horizon: 5
  cf_seq_mode: sliding_treatment
exp:
  seed: 10
  gpus:
  - 0
  max_epochs: 200
  logging: true
  mlflow_uri: http://127.0.0.1:5000
  unscale_rmse: true
  percentage_rmse: true
  alpha: 0.01
  update_alpha: true
  alpha_rate: exp
  initial_balancing_method: domain_confusion
  final_balancing_method: domain_confusion
  bce_weight: false
  weights_ema: true
  beta: 0.99
  alpha_wass: 0.001
  alpha_wass_epoch: false
  alpha_wass_growth: 0.001
  alpha_wass_max: 0.01
  balancing_switch_epoch: 199
  clustering_method: GMM
  number_clusters: 2
  num_timepoints: 59
  gap_epoch: 60
  checkpoint_dir: ./checkpoints/cancer/ct/3

[2025-01-20 04:46:36,124][root][INFO] - Simulating initial volumes for stage I  with norm params: mu=1.72, sigma=4.7, lb=-0.6221218732608373, ub=-0.023523848418276528
[2025-01-20 04:46:36,126][root][INFO] - Simulating initial volumes for stage II  with norm params: mu=1.96, sigma=1.63, lb=-1.9410876100159118, ub=0.3711345751297772
[2025-01-20 04:46:36,127][root][INFO] - Simulating initial volumes for stage IIIA  with norm params: mu=1.91, sigma=9.4, lb=-0.33127370258786554, ub=0.06967546355973796
[2025-01-20 04:46:36,128][root][INFO] - Simulating initial volumes for stage IIIB  with norm params: mu=2.76, sigma=6.87, lb=-0.5769974969906748, ub=-0.02839165102452155
[2025-01-20 04:46:36,130][root][INFO] - Simulating initial volumes for stage IV  with norm params: mu=3.86, sigma=8.82, lb=-0.5741465764541877, ub=-0.14683113860980307
[2025-01-20 04:46:36,139][root][INFO] - Got correlated params for 4658 patients
[2025-01-20 04:46:36,144][root][INFO] - Got correlated params for 9338 patients
[2025-01-20 04:46:36,149][root][INFO] - Got correlated params for 13912 patients
[2025-01-20 04:46:36,156][root][INFO] - Simulating beta_c parameters
[2025-01-20 04:46:36,161][root][INFO] - Randomising outputs
[2025-01-20 04:46:53,690][src.data.cancer_sim.dataset][INFO] - Processing train dataset before training
[2025-01-20 04:46:54,680][src.data.cancer_sim.dataset][INFO] - Shape of processed train data: {'cancer_volume': (10000, 60), 'chemo_dosage': (10000, 60), 'radio_dosage': (10000, 60), 'chemo_application': (10000, 60), 'radio_application': (10000, 60), 'chemo_probabilities': (10000, 60), 'radio_probabilities': (10000, 60), 'sequence_lengths': (10000,), 'death_flags': (10000, 60), 'recovery_flags': (10000, 60), 'patient_types': (10000,), 'prev_treatments': (10000, 59, 4), 'current_treatments': (10000, 59, 4), 'current_covariates': (10000, 59, 2), 'outputs': (10000, 59, 1), 'active_entries': (10000, 59, 1), 'unscaled_outputs': (10000, 59, 1), 'prev_outputs': (10000, 59, 1), 'static_features': (10000, 1)}
[2025-01-20 04:46:54,742][root][INFO] - Simulating initial volumes for stage I  with norm params: mu=1.72, sigma=4.7, lb=-0.6221218732608373, ub=-0.023523848418276528
[2025-01-20 04:46:54,743][root][INFO] - Simulating initial volumes for stage II  with norm params: mu=1.96, sigma=1.63, lb=-1.9410876100159118, ub=0.3711345751297772
[2025-01-20 04:46:54,744][root][INFO] - Simulating initial volumes for stage IIIA  with norm params: mu=1.91, sigma=9.4, lb=-0.33127370258786554, ub=0.06967546355973796
[2025-01-20 04:46:54,744][root][INFO] - Simulating initial volumes for stage IIIB  with norm params: mu=2.76, sigma=6.87, lb=-0.5769974969906748, ub=-0.02839165102452155
[2025-01-20 04:46:54,745][root][INFO] - Simulating initial volumes for stage IV  with norm params: mu=3.86, sigma=8.82, lb=-0.5741465764541877, ub=-0.14683113860980307
[2025-01-20 04:46:54,747][root][INFO] - Got correlated params for 455 patients
[2025-01-20 04:46:54,748][root][INFO] - Got correlated params for 905 patients
[2025-01-20 04:46:54,749][root][INFO] - Got correlated params for 1366 patients
[2025-01-20 04:46:54,750][root][INFO] - Simulating beta_c parameters
[2025-01-20 04:46:54,751][root][INFO] - Randomising outputs
[2025-01-20 04:46:56,488][root][INFO] - Simulating initial volumes for stage I  with norm params: mu=1.72, sigma=4.7, lb=-0.6221218732608373, ub=-0.023523848418276528
[2025-01-20 04:46:56,489][root][INFO] - Simulating initial volumes for stage II  with norm params: mu=1.96, sigma=1.63, lb=-1.9410876100159118, ub=0.3711345751297772
[2025-01-20 04:46:56,489][root][INFO] - Simulating initial volumes for stage IIIA  with norm params: mu=1.91, sigma=9.4, lb=-0.33127370258786554, ub=0.06967546355973796
[2025-01-20 04:46:56,490][root][INFO] - Simulating initial volumes for stage IIIB  with norm params: mu=2.76, sigma=6.87, lb=-0.5769974969906748, ub=-0.02839165102452155
[2025-01-20 04:46:56,491][root][INFO] - Simulating initial volumes for stage IV  with norm params: mu=3.86, sigma=8.82, lb=-0.5741465764541877, ub=-0.14683113860980307
[2025-01-20 04:46:56,492][root][INFO] - Got correlated params for 493 patients
[2025-01-20 04:46:56,493][root][INFO] - Got correlated params for 947 patients
[2025-01-20 04:46:56,494][root][INFO] - Got correlated params for 1403 patients
[2025-01-20 04:46:56,495][root][INFO] - Simulating beta_c parameters
[2025-01-20 04:46:56,496][root][INFO] - Randomising outputs
[2025-01-20 04:47:02,642][root][INFO] - Simulating initial volumes for stage I  with norm params: mu=1.72, sigma=4.7, lb=-0.6221218732608373, ub=-0.023523848418276528
[2025-01-20 04:47:02,643][root][INFO] - Simulating initial volumes for stage II  with norm params: mu=1.96, sigma=1.63, lb=-1.9410876100159118, ub=0.3711345751297772
[2025-01-20 04:47:02,644][root][INFO] - Simulating initial volumes for stage IIIA  with norm params: mu=1.91, sigma=9.4, lb=-0.33127370258786554, ub=0.06967546355973796
[2025-01-20 04:47:02,644][root][INFO] - Simulating initial volumes for stage IIIB  with norm params: mu=2.76, sigma=6.87, lb=-0.5769974969906748, ub=-0.02839165102452155
[2025-01-20 04:47:02,645][root][INFO] - Simulating initial volumes for stage IV  with norm params: mu=3.86, sigma=8.82, lb=-0.5741465764541877, ub=-0.14683113860980307
[2025-01-20 04:47:02,647][root][INFO] - Got correlated params for 445 patients
[2025-01-20 04:47:02,648][root][INFO] - Got correlated params for 895 patients
[2025-01-20 04:47:02,649][root][INFO] - Got correlated params for 1355 patients
[2025-01-20 04:47:02,650][root][INFO] - Simulating beta_c parameters
[2025-01-20 04:47:02,651][root][INFO] - Randomising outputs
[2025-01-20 04:47:31,857][src.data.cancer_sim.dataset][INFO] - train Dataset already processed
[2025-01-20 04:47:31,858][src.data.cancer_sim.dataset][INFO] - Processing val dataset before training
[2025-01-20 04:47:31,955][src.data.cancer_sim.dataset][INFO] - Shape of processed val data: {'cancer_volume': (1000, 60), 'chemo_dosage': (1000, 60), 'radio_dosage': (1000, 60), 'chemo_application': (1000, 60), 'radio_application': (1000, 60), 'chemo_probabilities': (1000, 60), 'radio_probabilities': (1000, 60), 'sequence_lengths': (1000,), 'death_flags': (1000, 60), 'recovery_flags': (1000, 60), 'patient_types': (1000,), 'prev_treatments': (1000, 59, 4), 'current_treatments': (1000, 59, 4), 'current_covariates': (1000, 59, 2), 'outputs': (1000, 59, 1), 'active_entries': (1000, 59, 1), 'unscaled_outputs': (1000, 59, 1), 'prev_outputs': (1000, 59, 1), 'static_features': (1000, 1)}
[2025-01-20 04:47:31,956][src.data.cancer_sim.dataset][INFO] - Processing test dataset before training
[2025-01-20 04:47:52,481][src.data.cancer_sim.dataset][INFO] - Shape of processed test data: {'cancer_volume': (222916, 60), 'chemo_application': (222916, 60), 'radio_application': (222916, 60), 'sequence_lengths': (222916,), 'patient_types': (222916,), 'prev_treatments': (222916, 59, 4), 'current_treatments': (222916, 59, 4), 'current_covariates': (222916, 59, 2), 'outputs': (222916, 59, 1), 'active_entries': (222916, 59, 1), 'unscaled_outputs': (222916, 59, 1), 'prev_outputs': (222916, 59, 1), 'static_features': (222916, 1)}
[2025-01-20 04:47:52,482][src.data.cancer_sim.dataset][INFO] - Processing test dataset before training
[2025-01-20 04:48:48,995][src.data.cancer_sim.dataset][INFO] - Shape of processed test data: {'cancer_volume': (573992, 65), 'chemo_application': (573992, 65), 'radio_application': (573992, 65), 'sequence_lengths': (573992,), 'patient_types': (573992,), 'patient_ids_all_trajectories': (573992,), 'patient_current_t': (573992,), 'prev_treatments': (573992, 64, 4), 'current_treatments': (573992, 64, 4), 'current_covariates': (573992, 64, 2), 'outputs': (573992, 64, 1), 'active_entries': (573992, 64, 1), 'unscaled_outputs': (573992, 64, 1), 'prev_outputs': (573992, 64, 1), 'static_features': (573992, 1)}
[2025-01-20 04:48:48,998][src.data.cancer_sim.dataset][INFO] - Processing test dataset before testing (multiple sequences)
[2025-01-20 04:48:56,868][src.data.cancer_sim.dataset][INFO] - Shape of processed test data: {'active_encoder_r': (573992, 59), 'prev_treatments': (573992, 5, 4), 'current_treatments': (573992, 5, 4), 'current_covariates': (573992, 5, 2), 'prev_outputs': (573992, 5, 1), 'static_features': (573992, 1), 'outputs': (573992, 5, 1), 'sequence_lengths': (573992,), 'active_entries': (573992, 5, 1), 'unscaled_outputs': (573992, 5, 1), 'patient_types': (573992,), 'patient_ids_all_trajectories': (573992,), 'patient_current_t': (573992,)}
[2025-01-20 04:48:59,408][src.models.ct][INFO] - Max input size of multi: 4
[2025-01-20 04:49:01,472][src.models.time_varying_model][INFO] - RMSE calculation for val.
[2025-01-20 04:49:01,472][src.models.time_varying_model][INFO] - Predictions for val.
[2025-01-20 04:49:02,132][__main__][INFO] - Val normalised RMSE (all): 0.5862260481210367; Val normalised RMSE (orig): 0.580885179704633
[2025-01-20 04:49:02,133][src.models.time_varying_model][INFO] - RMSE calculation for test.
[2025-01-20 04:49:02,133][src.models.time_varying_model][INFO] - Predictions for test.
[2025-01-20 04:49:20,094][__main__][INFO] - Test normalised RMSE (all): 0.9777710677647754; Test normalised RMSE (orig): 0.7209445075487051; Test normalised RMSE (only counterfactual): 0.8831534399281014
[2025-01-20 04:49:20,135][src.models.time_varying_model][INFO] - RMSE calculation for test.
[2025-01-20 04:49:20,135][src.models.ct][INFO] - Autoregressive Prediction for test.
[2025-01-20 04:49:20,135][src.models.ct][INFO] - t = 1
[2025-01-20 04:49:20,135][src.models.time_varying_model][INFO] - Predictions for test.
[2025-01-20 04:50:18,713][src.models.ct][INFO] - t = 2
[2025-01-20 04:50:18,714][src.models.time_varying_model][INFO] - Predictions for test.
[2025-01-20 04:51:16,546][src.models.ct][INFO] - t = 3
[2025-01-20 04:51:16,546][src.models.time_varying_model][INFO] - Predictions for test.
[2025-01-20 04:52:13,472][src.models.ct][INFO] - t = 4
[2025-01-20 04:52:13,473][src.models.time_varying_model][INFO] - Predictions for test.
[2025-01-20 04:53:10,753][src.models.ct][INFO] - t = 5
[2025-01-20 04:53:10,753][src.models.time_varying_model][INFO] - Predictions for test.
[2025-01-20 04:54:07,572][src.models.ct][INFO] - t = 6
[2025-01-20 04:54:07,572][src.models.time_varying_model][INFO] - Predictions for test.
[2025-01-20 04:55:05,991][__main__][INFO] - Test normalised RMSE (n-step prediction): {'2-step': 0.7683937892651057, '3-step': 0.8264556462149405, '4-step': 0.9015098514177984, '5-step': 0.9651062302926104, '6-step': 1.023068350209874}
