[2025-01-27 05:42:57,963][__main__][INFO] - 
model:
  dim_treatments: 4
  dim_vitals: 0
  dim_static_features: 1
  dim_outcomes: 1
  name: CRN
  encoder:
    _target_: src.models.crn.CRNEncoder
    seq_hidden_units: 24
    br_size: 18
    fc_hidden_units: 36
    dropout_rate: 0.1
    num_layer: 1
    batch_size: 256
    optimizer:
      optimizer_cls: adam
      learning_rate: 0.001
      weight_decay: 0.0
      lr_scheduler: false
    tune_hparams: false
    tune_range: 50
    hparams_grid: null
    resources_per_trial: null
  train_decoder: true
  decoder:
    _target_: src.models.crn.CRNDecoder
    seq_hidden_units: null
    br_size: 24
    fc_hidden_units: 12
    dropout_rate: 0.1
    num_layer: 1
    batch_size: 1024
    optimizer:
      optimizer_cls: adam
      learning_rate: 0.001
      weight_decay: 0.0
      lr_scheduler: false
    tune_hparams: false
    tune_range: 30
    hparams_grid: null
    resources_per_trial: null
dataset:
  val_batch_size: 512
  treatment_mode: multiclass
  _target_: src.data.SyntheticCancerDatasetCollection
  name: tumor_generator
  coeff: 1.0
  chemo_coeff: 1.0
  radio_coeff: 1.0
  seed: 10
  random: true
  noise_percentage: 0.0
  num_patients:
    train: 10000
    val: 1000
    test: 1000
  window_size: 15
  lag: 0
  max_seq_length: 60
  projection_horizon: 5
  cf_seq_mode: sliding_treatment
exp:
  seed: 10
  gpus:
  - 0
  max_epochs: 120
  logging: true
  mlflow_uri: http://127.0.0.1:5000
  unscale_rmse: true
  percentage_rmse: true
  alpha: 0.01
  update_alpha: true
  alpha_rate: exp
  initial_balancing_method: grad_reverse
  final_balancing_method: subgroup
  bce_weight: false
  weights_ema: false
  beta: 0.99
  alpha_wass: 0.0001
  alpha_wass_epoch: false
  alpha_wass_growth: 0.001
  alpha_wass_max: 0.01
  balancing: grad_reverse
  balancing_switch_epoch: 99
  gap_epoch: 10
  clustering_method: GMM
  number_clusters: 2
  num_timepoints: 59
  checkpoint_dir: ./checkpoints/cancer/crn/1

[2025-01-27 05:42:57,988][root][INFO] - Simulating initial volumes for stage I  with norm params: mu=1.72, sigma=4.7, lb=-0.6221218732608373, ub=-0.023523848418276528
[2025-01-27 05:42:57,997][root][INFO] - Simulating initial volumes for stage II  with norm params: mu=1.96, sigma=1.63, lb=-1.9410876100159118, ub=0.3711345751297772
[2025-01-27 05:42:57,998][root][INFO] - Simulating initial volumes for stage IIIA  with norm params: mu=1.91, sigma=9.4, lb=-0.33127370258786554, ub=0.06967546355973796
[2025-01-27 05:42:57,999][root][INFO] - Simulating initial volumes for stage IIIB  with norm params: mu=2.76, sigma=6.87, lb=-0.5769974969906748, ub=-0.02839165102452155
[2025-01-27 05:42:58,002][root][INFO] - Simulating initial volumes for stage IV  with norm params: mu=3.86, sigma=8.82, lb=-0.5741465764541877, ub=-0.14683113860980307
[2025-01-27 05:42:58,029][root][INFO] - Got correlated params for 4658 patients
[2025-01-27 05:42:58,033][root][INFO] - Got correlated params for 9338 patients
[2025-01-27 05:42:58,038][root][INFO] - Got correlated params for 13912 patients
[2025-01-27 05:42:58,046][root][INFO] - Simulating beta_c parameters
[2025-01-27 05:42:58,051][root][INFO] - Randomising outputs
[2025-01-27 05:43:15,404][src.data.cancer_sim.dataset][INFO] - Processing train dataset before training
[2025-01-27 05:43:16,486][src.data.cancer_sim.dataset][INFO] - Shape of processed train data: {'cancer_volume': (10000, 60), 'chemo_dosage': (10000, 60), 'radio_dosage': (10000, 60), 'chemo_application': (10000, 60), 'radio_application': (10000, 60), 'chemo_probabilities': (10000, 60), 'radio_probabilities': (10000, 60), 'sequence_lengths': (10000,), 'death_flags': (10000, 60), 'recovery_flags': (10000, 60), 'patient_types': (10000,), 'prev_treatments': (10000, 59, 4), 'current_treatments': (10000, 59, 4), 'current_covariates': (10000, 59, 2), 'outputs': (10000, 59, 1), 'active_entries': (10000, 59, 1), 'unscaled_outputs': (10000, 59, 1), 'prev_outputs': (10000, 59, 1), 'static_features': (10000, 1)}
[2025-01-27 05:43:16,501][root][INFO] - Simulating initial volumes for stage I  with norm params: mu=1.72, sigma=4.7, lb=-0.6221218732608373, ub=-0.023523848418276528
[2025-01-27 05:43:16,503][root][INFO] - Simulating initial volumes for stage II  with norm params: mu=1.96, sigma=1.63, lb=-1.9410876100159118, ub=0.3711345751297772
[2025-01-27 05:43:16,503][root][INFO] - Simulating initial volumes for stage IIIA  with norm params: mu=1.91, sigma=9.4, lb=-0.33127370258786554, ub=0.06967546355973796
[2025-01-27 05:43:16,504][root][INFO] - Simulating initial volumes for stage IIIB  with norm params: mu=2.76, sigma=6.87, lb=-0.5769974969906748, ub=-0.02839165102452155
[2025-01-27 05:43:16,505][root][INFO] - Simulating initial volumes for stage IV  with norm params: mu=3.86, sigma=8.82, lb=-0.5741465764541877, ub=-0.14683113860980307
[2025-01-27 05:43:16,507][root][INFO] - Got correlated params for 499 patients
[2025-01-27 05:43:16,508][root][INFO] - Got correlated params for 982 patients
[2025-01-27 05:43:16,509][root][INFO] - Got correlated params for 1434 patients
[2025-01-27 05:43:16,510][root][INFO] - Simulating beta_c parameters
[2025-01-27 05:43:16,511][root][INFO] - Randomising outputs
[2025-01-27 05:43:18,195][root][INFO] - Simulating initial volumes for stage I  with norm params: mu=1.72, sigma=4.7, lb=-0.6221218732608373, ub=-0.023523848418276528
[2025-01-27 05:43:18,196][root][INFO] - Simulating initial volumes for stage II  with norm params: mu=1.96, sigma=1.63, lb=-1.9410876100159118, ub=0.3711345751297772
[2025-01-27 05:43:18,197][root][INFO] - Simulating initial volumes for stage IIIA  with norm params: mu=1.91, sigma=9.4, lb=-0.33127370258786554, ub=0.06967546355973796
[2025-01-27 05:43:18,197][root][INFO] - Simulating initial volumes for stage IIIB  with norm params: mu=2.76, sigma=6.87, lb=-0.5769974969906748, ub=-0.02839165102452155
[2025-01-27 05:43:18,198][root][INFO] - Simulating initial volumes for stage IV  with norm params: mu=3.86, sigma=8.82, lb=-0.5741465764541877, ub=-0.14683113860980307
[2025-01-27 05:43:18,200][root][INFO] - Got correlated params for 494 patients
[2025-01-27 05:43:18,201][root][INFO] - Got correlated params for 937 patients
[2025-01-27 05:43:18,202][root][INFO] - Got correlated params for 1397 patients
[2025-01-27 05:43:18,202][root][INFO] - Simulating beta_c parameters
[2025-01-27 05:43:18,204][root][INFO] - Randomising outputs
[2025-01-27 05:43:24,327][root][INFO] - Simulating initial volumes for stage I  with norm params: mu=1.72, sigma=4.7, lb=-0.6221218732608373, ub=-0.023523848418276528
[2025-01-27 05:43:24,328][root][INFO] - Simulating initial volumes for stage II  with norm params: mu=1.96, sigma=1.63, lb=-1.9410876100159118, ub=0.3711345751297772
[2025-01-27 05:43:24,329][root][INFO] - Simulating initial volumes for stage IIIA  with norm params: mu=1.91, sigma=9.4, lb=-0.33127370258786554, ub=0.06967546355973796
[2025-01-27 05:43:24,329][root][INFO] - Simulating initial volumes for stage IIIB  with norm params: mu=2.76, sigma=6.87, lb=-0.5769974969906748, ub=-0.02839165102452155
[2025-01-27 05:43:24,330][root][INFO] - Simulating initial volumes for stage IV  with norm params: mu=3.86, sigma=8.82, lb=-0.5741465764541877, ub=-0.14683113860980307
[2025-01-27 05:43:24,332][root][INFO] - Got correlated params for 434 patients
[2025-01-27 05:43:24,333][root][INFO] - Got correlated params for 874 patients
[2025-01-27 05:43:24,334][root][INFO] - Got correlated params for 1357 patients
[2025-01-27 05:43:24,335][root][INFO] - Simulating beta_c parameters
[2025-01-27 05:43:24,336][root][INFO] - Randomising outputs
[2025-01-27 05:43:52,506][src.data.cancer_sim.dataset][INFO] - train Dataset already processed
[2025-01-27 05:43:52,507][src.data.cancer_sim.dataset][INFO] - Processing val dataset before training
[2025-01-27 05:43:52,615][src.data.cancer_sim.dataset][INFO] - Shape of processed val data: {'cancer_volume': (1000, 60), 'chemo_dosage': (1000, 60), 'radio_dosage': (1000, 60), 'chemo_application': (1000, 60), 'radio_application': (1000, 60), 'chemo_probabilities': (1000, 60), 'radio_probabilities': (1000, 60), 'sequence_lengths': (1000,), 'death_flags': (1000, 60), 'recovery_flags': (1000, 60), 'patient_types': (1000,), 'prev_treatments': (1000, 59, 4), 'current_treatments': (1000, 59, 4), 'current_covariates': (1000, 59, 2), 'outputs': (1000, 59, 1), 'active_entries': (1000, 59, 1), 'unscaled_outputs': (1000, 59, 1), 'prev_outputs': (1000, 59, 1), 'static_features': (1000, 1)}
[2025-01-27 05:43:52,615][src.data.cancer_sim.dataset][INFO] - Processing test dataset before training
[2025-01-27 05:44:13,129][src.data.cancer_sim.dataset][INFO] - Shape of processed test data: {'cancer_volume': (215584, 60), 'chemo_application': (215584, 60), 'radio_application': (215584, 60), 'sequence_lengths': (215584,), 'patient_types': (215584,), 'prev_treatments': (215584, 59, 4), 'current_treatments': (215584, 59, 4), 'current_covariates': (215584, 59, 2), 'outputs': (215584, 59, 1), 'active_entries': (215584, 59, 1), 'unscaled_outputs': (215584, 59, 1), 'prev_outputs': (215584, 59, 1), 'static_features': (215584, 1)}
[2025-01-27 05:44:13,555][src.models.crn][INFO] - Input size of encoder: 6
[2025-01-27 05:55:33,074][src.models.time_varying_model][INFO] - RMSE calculation for val.
[2025-01-27 05:55:33,075][src.models.time_varying_model][INFO] - Predictions for val.
[2025-01-27 05:55:33,670][__main__][INFO] - Val normalised RMSE (all): 0.71507423272709; Val normalised RMSE (orig): 0.6912506469048854
[2025-01-27 05:55:33,671][src.models.time_varying_model][INFO] - RMSE calculation for test.
[2025-01-27 05:55:33,671][src.models.time_varying_model][INFO] - Predictions for test.
[2025-01-27 05:55:49,031][__main__][INFO] - Test normalised RMSE (all): 0.8745107538909996; Test normalised RMSE (orig): 0.6212146775418036; Test normalised RMSE (only counterfactual): 0.7418111022582918
[2025-01-27 05:55:49,096][src.models.crn][INFO] - Input size of decoder: 6
[2025-01-27 05:55:49,128][src.data.cancer_sim.dataset][INFO] - train Dataset already processed
[2025-01-27 05:55:49,128][src.data.cancer_sim.dataset][INFO] - val Dataset already processed
[2025-01-27 05:55:49,128][src.data.cancer_sim.dataset][INFO] - Processing test dataset before training
[2025-01-27 05:56:44,739][src.data.cancer_sim.dataset][INFO] - Shape of processed test data: {'cancer_volume': (540611, 65), 'chemo_application': (540611, 65), 'radio_application': (540611, 65), 'sequence_lengths': (540611,), 'patient_types': (540611,), 'patient_ids_all_trajectories': (540611,), 'patient_current_t': (540611,), 'prev_treatments': (540611, 64, 4), 'current_treatments': (540611, 64, 4), 'current_covariates': (540611, 64, 2), 'outputs': (540611, 64, 1), 'active_entries': (540611, 64, 1), 'unscaled_outputs': (540611, 64, 1), 'prev_outputs': (540611, 64, 1), 'static_features': (540611, 1)}
[2025-01-27 05:56:44,742][src.models.time_varying_model][INFO] - Balanced representations inference for train.
[2025-01-27 05:56:46,192][src.models.time_varying_model][INFO] - Balanced representations inference for val.
[2025-01-27 05:56:46,773][src.models.time_varying_model][INFO] - Balanced representations inference for test.
[2025-01-27 05:57:24,393][src.models.time_varying_model][INFO] - Predictions for test.
[2025-01-27 05:58:03,418][src.data.cancer_sim.dataset][INFO] - Processing train dataset before training (multiple sequences)
[2025-01-27 05:58:06,187][src.data.cancer_sim.dataset][INFO] - Shape of processed train data: {'init_state': (489999, 18), 'original_index': (489999,), 'active_encoder_r': (489999, 59), 'prev_treatments': (489999, 5, 4), 'current_treatments': (489999, 5, 4), 'current_covariates': (489999, 5, 2), 'prev_outputs': (489999, 5, 1), 'static_features': (489999, 1), 'outputs': (489999, 5, 1), 'sequence_lengths': (489999,), 'active_entries': (489999, 5, 1), 'unscaled_outputs': (489999, 5, 1)}
[2025-01-27 05:58:06,188][src.data.cancer_sim.dataset][INFO] - Processing val dataset before training (multiple sequences)
[2025-01-27 05:58:06,459][src.data.cancer_sim.dataset][INFO] - Shape of processed val data: {'init_state': (48829, 18), 'original_index': (48829,), 'active_encoder_r': (48829, 59), 'prev_treatments': (48829, 5, 4), 'current_treatments': (48829, 5, 4), 'current_covariates': (48829, 5, 2), 'prev_outputs': (48829, 5, 1), 'static_features': (48829, 1), 'outputs': (48829, 5, 1), 'sequence_lengths': (48829,), 'active_entries': (48829, 5, 1), 'unscaled_outputs': (48829, 5, 1)}
[2025-01-27 05:58:06,460][src.data.cancer_sim.dataset][INFO] - Processing test dataset before testing (multiple sequences)
[2025-01-27 05:58:14,472][src.data.cancer_sim.dataset][INFO] - Shape of processed test data: {'active_encoder_r': (540611, 59), 'prev_treatments': (540611, 5, 4), 'current_treatments': (540611, 5, 4), 'current_covariates': (540611, 5, 2), 'prev_outputs': (540611, 5, 1), 'static_features': (540611, 1), 'outputs': (540611, 5, 1), 'sequence_lengths': (540611,), 'active_entries': (540611, 5, 1), 'unscaled_outputs': (540611, 5, 1), 'patient_types': (540611,), 'patient_ids_all_trajectories': (540611,), 'patient_current_t': (540611,), 'init_state': (540611, 18)}
[2025-01-27 05:58:14,526][src.data.cancer_sim.dataset][INFO] - Processing test dataset before testing (autoregressive)
[2025-01-27 05:58:19,066][src.data.cancer_sim.dataset][INFO] - Shape of processed test data: {'current_covariates': (540611, 5, 2), 'prev_treatments': (540611, 5, 4), 'current_treatments': (540611, 5, 4), 'init_state': (540611, 18), 'active_encoder_r': (540611, 59), 'active_entries': (540611, 5, 1), 'prev_outputs': (540611, 5, 1), 'static_features': (540611, 1)}
[2025-01-27 06:07:36,259][src.models.time_varying_model][INFO] - RMSE calculation for val.
[2025-01-27 06:07:36,261][src.models.time_varying_model][INFO] - Predictions for val.
[2025-01-27 06:07:38,754][__main__][INFO] - Val normalised RMSE (all): 0.37066802711290986; Val normalised RMSE (orig): 0.37066802711291036
[2025-01-27 06:07:38,754][src.models.time_varying_model][INFO] - RMSE calculation for test.
[2025-01-27 06:07:38,754][src.models.time_varying_model][INFO] - Autoregressive Prediction for test.
[2025-01-27 06:07:38,765][src.models.time_varying_model][INFO] - t = 2
[2025-01-27 06:07:38,766][src.models.time_varying_model][INFO] - Predictions for test.
[2025-01-27 06:07:57,129][src.models.time_varying_model][INFO] - t = 3
[2025-01-27 06:07:57,129][src.models.time_varying_model][INFO] - Predictions for test.
[2025-01-27 06:08:15,433][src.models.time_varying_model][INFO] - t = 4
[2025-01-27 06:08:15,434][src.models.time_varying_model][INFO] - Predictions for test.
[2025-01-27 06:08:33,814][src.models.time_varying_model][INFO] - t = 5
[2025-01-27 06:08:33,814][src.models.time_varying_model][INFO] - Predictions for test.
[2025-01-27 06:08:52,439][src.models.time_varying_model][INFO] - t = 6
[2025-01-27 06:08:52,440][src.models.time_varying_model][INFO] - Predictions for test.
[2025-01-27 06:09:12,353][__main__][INFO] - Test normalised RMSE (n-step prediction): {'2-step': 0.6529484463726806, '3-step': 0.6726934578784364, '4-step': 0.6857012430846842, '5-step': 0.7033525289491089, '6-step': 0.7200365894433309}
