[2024-11-21 17:00:51,705][__main__][INFO] - 
model:
  dim_treatments: 4
  dim_vitals: 0
  dim_static_features: 1
  dim_outcomes: 1
  name: CT
  multi:
    _target_: src.models.ct.CT
    max_seq_length: 65
    seq_hidden_units: 16
    br_size: 12
    fc_hidden_units: 24
    dropout_rate: 0.1
    num_layer: 1
    num_heads: 2
    max_grad_norm: null
    batch_size: 128
    attn_dropout: true
    disable_cross_attention: false
    isolate_subnetwork: _
    self_positional_encoding:
      absolute: false
      trainable: true
      max_relative_position: 15
    optimizer:
      optimizer_cls: adam
      learning_rate: 0.001
      weight_decay: 0.0
      lr_scheduler: false
    augment_with_masked_vitals: true
    tune_hparams: false
    tune_range: 50
    hparams_grid: null
    resources_per_trial: null
  self_positional_encoding:
    max_relative_position: 15
dataset:
  val_batch_size: 512
  treatment_mode: multiclass
  _target_: src.data.SyntheticCancerDatasetCollection
  name: tumor_generator
  coeff: 3.0
  chemo_coeff: 3.0
  radio_coeff: 3.0
  seed: 10
  random: true
  noise_percentage: 0.05
  num_patients:
    train: 10000
    val: 1000
    test: 1000
  window_size: 15
  lag: 0
  max_seq_length: 60
  projection_horizon: 5
  cf_seq_mode: sliding_treatment
exp:
  seed: 10
  gpus:
  - 0
  max_epochs: 200
  logging: true
  mlflow_uri: http://127.0.0.1:5000
  unscale_rmse: true
  percentage_rmse: true
  alpha: 0.01
  update_alpha: true
  alpha_rate: exp
  initial_balancing_method: domain_confusion
  final_balancing_method: domain_confusion
  bce_weight: false
  weights_ema: true
  beta: 0.99
  alpha_wass: 0.001
  alpha_wass_epoch: false
  alpha_wass_growth: 0.001
  alpha_wass_max: 0.01
  balancing_switch_epoch: 199
  clustering_method: GMM
  number_clusters: 2
  num_timepoints: 59
  gap_epoch: 60
  checkpoint_dir: ./checkpoints/cancer/ct/3

[2024-11-21 17:00:51,740][__main__][INFO] - 
model:
  dim_treatments: 4
  dim_vitals: 0
  dim_static_features: 1
  dim_outcomes: 1
  name: CT
  multi:
    _target_: src.models.ct.CT
    max_seq_length: 65
    seq_hidden_units: 16
    br_size: 8
    fc_hidden_units: 32
    dropout_rate: 0.1
    num_layer: 1
    num_heads: 2
    max_grad_norm: null
    batch_size: 128
    attn_dropout: true
    disable_cross_attention: false
    isolate_subnetwork: _
    self_positional_encoding:
      absolute: false
      trainable: true
      max_relative_position: 15
    optimizer:
      optimizer_cls: adam
      learning_rate: 0.01
      weight_decay: 0.0
      lr_scheduler: false
    augment_with_masked_vitals: true
    tune_hparams: false
    tune_range: 50
    hparams_grid: null
    resources_per_trial: null
  self_positional_encoding:
    max_relative_position: 15
dataset:
  val_batch_size: 512
  treatment_mode: multiclass
  _target_: src.data.SyntheticCancerDatasetCollection
  name: tumor_generator
  coeff: 2.0
  chemo_coeff: 2.0
  radio_coeff: 2.0
  seed: 10
  random: true
  noise_percentage: 0.05
  num_patients:
    train: 10000
    val: 1000
    test: 1000
  window_size: 15
  lag: 0
  max_seq_length: 60
  projection_horizon: 5
  cf_seq_mode: sliding_treatment
exp:
  seed: 10
  gpus:
  - 0
  max_epochs: 200
  logging: true
  mlflow_uri: http://127.0.0.1:5000
  unscale_rmse: true
  percentage_rmse: true
  alpha: 0.01
  update_alpha: true
  alpha_rate: exp
  initial_balancing_method: domain_confusion
  final_balancing_method: domain_confusion
  bce_weight: false
  weights_ema: true
  beta: 0.99
  alpha_wass: 0.0001
  alpha_wass_epoch: false
  alpha_wass_growth: 0.001
  alpha_wass_max: 0.01
  balancing_switch_epoch: 199
  clustering_method: GMM
  number_clusters: 2
  num_timepoints: 59
  gap_epoch: 60
  checkpoint_dir: ./checkpoints/cancer/ct/2

[2024-11-21 17:00:51,751][root][INFO] - Simulating initial volumes for stage I  with norm params: mu=1.72, sigma=4.7, lb=-0.6221218732608373, ub=-0.023523848418276528
[2024-11-21 17:00:51,752][root][INFO] - Simulating initial volumes for stage I  with norm params: mu=1.72, sigma=4.7, lb=-0.6221218732608373, ub=-0.023523848418276528
[2024-11-21 17:00:51,754][root][INFO] - Simulating initial volumes for stage II  with norm params: mu=1.96, sigma=1.63, lb=-1.9410876100159118, ub=0.3711345751297772
[2024-11-21 17:00:51,754][root][INFO] - Simulating initial volumes for stage II  with norm params: mu=1.96, sigma=1.63, lb=-1.9410876100159118, ub=0.3711345751297772
[2024-11-21 17:00:51,755][root][INFO] - Simulating initial volumes for stage IIIA  with norm params: mu=1.91, sigma=9.4, lb=-0.33127370258786554, ub=0.06967546355973796
[2024-11-21 17:00:51,755][root][INFO] - Simulating initial volumes for stage IIIA  with norm params: mu=1.91, sigma=9.4, lb=-0.33127370258786554, ub=0.06967546355973796
[2024-11-21 17:00:51,756][root][INFO] - Simulating initial volumes for stage IIIB  with norm params: mu=2.76, sigma=6.87, lb=-0.5769974969906748, ub=-0.02839165102452155
[2024-11-21 17:00:51,756][root][INFO] - Simulating initial volumes for stage IIIB  with norm params: mu=2.76, sigma=6.87, lb=-0.5769974969906748, ub=-0.02839165102452155
[2024-11-21 17:00:51,758][root][INFO] - Simulating initial volumes for stage IV  with norm params: mu=3.86, sigma=8.82, lb=-0.5741465764541877, ub=-0.14683113860980307
[2024-11-21 17:00:51,759][root][INFO] - Simulating initial volumes for stage IV  with norm params: mu=3.86, sigma=8.82, lb=-0.5741465764541877, ub=-0.14683113860980307
[2024-11-21 17:00:51,810][root][INFO] - Got correlated params for 4658 patients
[2024-11-21 17:00:51,810][root][INFO] - Got correlated params for 4658 patients
[2024-11-21 17:00:51,814][root][INFO] - Got correlated params for 9338 patients
[2024-11-21 17:00:51,815][root][INFO] - Got correlated params for 9338 patients
[2024-11-21 17:00:51,819][root][INFO] - Got correlated params for 13912 patients
[2024-11-21 17:00:51,820][root][INFO] - Got correlated params for 13912 patients
[2024-11-21 17:00:51,827][root][INFO] - Simulating beta_c parameters
[2024-11-21 17:00:51,827][root][INFO] - Simulating beta_c parameters
[2024-11-21 17:00:51,832][root][INFO] - Randomising outputs
[2024-11-21 17:00:51,832][root][INFO] - Randomising outputs
[2024-11-21 17:01:06,533][src.data.cancer_sim.dataset][INFO] - Processing train dataset before training
[2024-11-21 17:01:07,528][src.data.cancer_sim.dataset][INFO] - Shape of processed train data: {'cancer_volume': (10000, 60), 'chemo_dosage': (10000, 60), 'radio_dosage': (10000, 60), 'chemo_application': (10000, 60), 'radio_application': (10000, 60), 'chemo_probabilities': (10000, 60), 'radio_probabilities': (10000, 60), 'sequence_lengths': (10000,), 'death_flags': (10000, 60), 'recovery_flags': (10000, 60), 'patient_types': (10000,), 'prev_treatments': (10000, 59, 4), 'current_treatments': (10000, 59, 4), 'current_covariates': (10000, 59, 2), 'outputs': (10000, 59, 1), 'active_entries': (10000, 59, 1), 'unscaled_outputs': (10000, 59, 1), 'prev_outputs': (10000, 59, 1), 'static_features': (10000, 1)}
[2024-11-21 17:01:07,581][root][INFO] - Simulating initial volumes for stage I  with norm params: mu=1.72, sigma=4.7, lb=-0.6221218732608373, ub=-0.023523848418276528
[2024-11-21 17:01:07,583][root][INFO] - Simulating initial volumes for stage II  with norm params: mu=1.96, sigma=1.63, lb=-1.9410876100159118, ub=0.3711345751297772
[2024-11-21 17:01:07,583][root][INFO] - Simulating initial volumes for stage IIIA  with norm params: mu=1.91, sigma=9.4, lb=-0.33127370258786554, ub=0.06967546355973796
[2024-11-21 17:01:07,584][root][INFO] - Simulating initial volumes for stage IIIB  with norm params: mu=2.76, sigma=6.87, lb=-0.5769974969906748, ub=-0.02839165102452155
[2024-11-21 17:01:07,585][root][INFO] - Simulating initial volumes for stage IV  with norm params: mu=3.86, sigma=8.82, lb=-0.5741465764541877, ub=-0.14683113860980307
[2024-11-21 17:01:07,587][root][INFO] - Got correlated params for 455 patients
[2024-11-21 17:01:07,588][root][INFO] - Got correlated params for 905 patients
[2024-11-21 17:01:07,589][root][INFO] - Got correlated params for 1366 patients
[2024-11-21 17:01:07,590][root][INFO] - Simulating beta_c parameters
[2024-11-21 17:01:07,591][root][INFO] - Randomising outputs
[2024-11-21 17:01:09,056][root][INFO] - Simulating initial volumes for stage I  with norm params: mu=1.72, sigma=4.7, lb=-0.6221218732608373, ub=-0.023523848418276528
[2024-11-21 17:01:09,057][root][INFO] - Simulating initial volumes for stage II  with norm params: mu=1.96, sigma=1.63, lb=-1.9410876100159118, ub=0.3711345751297772
[2024-11-21 17:01:09,058][root][INFO] - Simulating initial volumes for stage IIIA  with norm params: mu=1.91, sigma=9.4, lb=-0.33127370258786554, ub=0.06967546355973796
[2024-11-21 17:01:09,058][root][INFO] - Simulating initial volumes for stage IIIB  with norm params: mu=2.76, sigma=6.87, lb=-0.5769974969906748, ub=-0.02839165102452155
[2024-11-21 17:01:09,059][root][INFO] - Simulating initial volumes for stage IV  with norm params: mu=3.86, sigma=8.82, lb=-0.5741465764541877, ub=-0.14683113860980307
[2024-11-21 17:01:09,061][root][INFO] - Got correlated params for 493 patients
[2024-11-21 17:01:09,062][root][INFO] - Got correlated params for 947 patients
[2024-11-21 17:01:09,063][root][INFO] - Got correlated params for 1403 patients
[2024-11-21 17:01:09,064][root][INFO] - Simulating beta_c parameters
[2024-11-21 17:01:09,065][root][INFO] - Randomising outputs
[2024-11-21 17:01:09,951][src.data.cancer_sim.dataset][INFO] - Processing train dataset before training
[2024-11-21 17:01:10,889][src.data.cancer_sim.dataset][INFO] - Shape of processed train data: {'cancer_volume': (10000, 60), 'chemo_dosage': (10000, 60), 'radio_dosage': (10000, 60), 'chemo_application': (10000, 60), 'radio_application': (10000, 60), 'chemo_probabilities': (10000, 60), 'radio_probabilities': (10000, 60), 'sequence_lengths': (10000,), 'death_flags': (10000, 60), 'recovery_flags': (10000, 60), 'patient_types': (10000,), 'prev_treatments': (10000, 59, 4), 'current_treatments': (10000, 59, 4), 'current_covariates': (10000, 59, 2), 'outputs': (10000, 59, 1), 'active_entries': (10000, 59, 1), 'unscaled_outputs': (10000, 59, 1), 'prev_outputs': (10000, 59, 1), 'static_features': (10000, 1)}
[2024-11-21 17:01:10,961][root][INFO] - Simulating initial volumes for stage I  with norm params: mu=1.72, sigma=4.7, lb=-0.6221218732608373, ub=-0.023523848418276528
[2024-11-21 17:01:10,962][root][INFO] - Simulating initial volumes for stage II  with norm params: mu=1.96, sigma=1.63, lb=-1.9410876100159118, ub=0.3711345751297772
[2024-11-21 17:01:10,963][root][INFO] - Simulating initial volumes for stage IIIA  with norm params: mu=1.91, sigma=9.4, lb=-0.33127370258786554, ub=0.06967546355973796
[2024-11-21 17:01:10,964][root][INFO] - Simulating initial volumes for stage IIIB  with norm params: mu=2.76, sigma=6.87, lb=-0.5769974969906748, ub=-0.02839165102452155
[2024-11-21 17:01:10,965][root][INFO] - Simulating initial volumes for stage IV  with norm params: mu=3.86, sigma=8.82, lb=-0.5741465764541877, ub=-0.14683113860980307
[2024-11-21 17:01:10,967][root][INFO] - Got correlated params for 455 patients
[2024-11-21 17:01:10,968][root][INFO] - Got correlated params for 905 patients
[2024-11-21 17:01:10,969][root][INFO] - Got correlated params for 1366 patients
[2024-11-21 17:01:10,970][root][INFO] - Simulating beta_c parameters
[2024-11-21 17:01:10,971][root][INFO] - Randomising outputs
[2024-11-21 17:01:12,755][root][INFO] - Simulating initial volumes for stage I  with norm params: mu=1.72, sigma=4.7, lb=-0.6221218732608373, ub=-0.023523848418276528
[2024-11-21 17:01:12,755][root][INFO] - Simulating initial volumes for stage II  with norm params: mu=1.96, sigma=1.63, lb=-1.9410876100159118, ub=0.3711345751297772
[2024-11-21 17:01:12,756][root][INFO] - Simulating initial volumes for stage IIIA  with norm params: mu=1.91, sigma=9.4, lb=-0.33127370258786554, ub=0.06967546355973796
[2024-11-21 17:01:12,756][root][INFO] - Simulating initial volumes for stage IIIB  with norm params: mu=2.76, sigma=6.87, lb=-0.5769974969906748, ub=-0.02839165102452155
[2024-11-21 17:01:12,757][root][INFO] - Simulating initial volumes for stage IV  with norm params: mu=3.86, sigma=8.82, lb=-0.5741465764541877, ub=-0.14683113860980307
[2024-11-21 17:01:12,759][root][INFO] - Got correlated params for 493 patients
[2024-11-21 17:01:12,760][root][INFO] - Got correlated params for 947 patients
[2024-11-21 17:01:12,761][root][INFO] - Got correlated params for 1403 patients
[2024-11-21 17:01:12,762][root][INFO] - Simulating beta_c parameters
[2024-11-21 17:01:12,763][root][INFO] - Randomising outputs
[2024-11-21 17:01:15,798][root][INFO] - Simulating initial volumes for stage I  with norm params: mu=1.72, sigma=4.7, lb=-0.6221218732608373, ub=-0.023523848418276528
[2024-11-21 17:01:15,799][root][INFO] - Simulating initial volumes for stage II  with norm params: mu=1.96, sigma=1.63, lb=-1.9410876100159118, ub=0.3711345751297772
[2024-11-21 17:01:15,800][root][INFO] - Simulating initial volumes for stage IIIA  with norm params: mu=1.91, sigma=9.4, lb=-0.33127370258786554, ub=0.06967546355973796
[2024-11-21 17:01:15,800][root][INFO] - Simulating initial volumes for stage IIIB  with norm params: mu=2.76, sigma=6.87, lb=-0.5769974969906748, ub=-0.02839165102452155
[2024-11-21 17:01:15,801][root][INFO] - Simulating initial volumes for stage IV  with norm params: mu=3.86, sigma=8.82, lb=-0.5741465764541877, ub=-0.14683113860980307
[2024-11-21 17:01:15,803][root][INFO] - Got correlated params for 445 patients
[2024-11-21 17:01:15,804][root][INFO] - Got correlated params for 895 patients
[2024-11-21 17:01:15,805][root][INFO] - Got correlated params for 1355 patients
[2024-11-21 17:01:15,806][root][INFO] - Simulating beta_c parameters
[2024-11-21 17:01:15,807][root][INFO] - Randomising outputs
[2024-11-21 17:01:20,949][root][INFO] - Simulating initial volumes for stage I  with norm params: mu=1.72, sigma=4.7, lb=-0.6221218732608373, ub=-0.023523848418276528
[2024-11-21 17:01:20,950][root][INFO] - Simulating initial volumes for stage II  with norm params: mu=1.96, sigma=1.63, lb=-1.9410876100159118, ub=0.3711345751297772
[2024-11-21 17:01:20,950][root][INFO] - Simulating initial volumes for stage IIIA  with norm params: mu=1.91, sigma=9.4, lb=-0.33127370258786554, ub=0.06967546355973796
[2024-11-21 17:01:20,951][root][INFO] - Simulating initial volumes for stage IIIB  with norm params: mu=2.76, sigma=6.87, lb=-0.5769974969906748, ub=-0.02839165102452155
[2024-11-21 17:01:20,952][root][INFO] - Simulating initial volumes for stage IV  with norm params: mu=3.86, sigma=8.82, lb=-0.5741465764541877, ub=-0.14683113860980307
[2024-11-21 17:01:20,954][root][INFO] - Got correlated params for 445 patients
[2024-11-21 17:01:20,955][root][INFO] - Got correlated params for 895 patients
[2024-11-21 17:01:20,956][root][INFO] - Got correlated params for 1355 patients
[2024-11-21 17:01:20,957][root][INFO] - Simulating beta_c parameters
[2024-11-21 17:01:20,958][root][INFO] - Randomising outputs
[2024-11-21 17:01:40,811][src.data.cancer_sim.dataset][INFO] - train Dataset already processed
[2024-11-21 17:01:40,811][src.data.cancer_sim.dataset][INFO] - Processing val dataset before training
[2024-11-21 17:01:40,915][src.data.cancer_sim.dataset][INFO] - Shape of processed val data: {'cancer_volume': (1000, 60), 'chemo_dosage': (1000, 60), 'radio_dosage': (1000, 60), 'chemo_application': (1000, 60), 'radio_application': (1000, 60), 'chemo_probabilities': (1000, 60), 'radio_probabilities': (1000, 60), 'sequence_lengths': (1000,), 'death_flags': (1000, 60), 'recovery_flags': (1000, 60), 'patient_types': (1000,), 'prev_treatments': (1000, 59, 4), 'current_treatments': (1000, 59, 4), 'current_covariates': (1000, 59, 2), 'outputs': (1000, 59, 1), 'active_entries': (1000, 59, 1), 'unscaled_outputs': (1000, 59, 1), 'prev_outputs': (1000, 59, 1), 'static_features': (1000, 1)}
[2024-11-21 17:01:40,915][src.data.cancer_sim.dataset][INFO] - Processing test dataset before training
[2024-11-21 17:01:51,379][src.data.cancer_sim.dataset][INFO] - train Dataset already processed
[2024-11-21 17:01:51,380][src.data.cancer_sim.dataset][INFO] - Processing val dataset before training
[2024-11-21 17:01:51,477][src.data.cancer_sim.dataset][INFO] - Shape of processed val data: {'cancer_volume': (1000, 60), 'chemo_dosage': (1000, 60), 'radio_dosage': (1000, 60), 'chemo_application': (1000, 60), 'radio_application': (1000, 60), 'chemo_probabilities': (1000, 60), 'radio_probabilities': (1000, 60), 'sequence_lengths': (1000,), 'death_flags': (1000, 60), 'recovery_flags': (1000, 60), 'patient_types': (1000,), 'prev_treatments': (1000, 59, 4), 'current_treatments': (1000, 59, 4), 'current_covariates': (1000, 59, 2), 'outputs': (1000, 59, 1), 'active_entries': (1000, 59, 1), 'unscaled_outputs': (1000, 59, 1), 'prev_outputs': (1000, 59, 1), 'static_features': (1000, 1)}
[2024-11-21 17:01:51,478][src.data.cancer_sim.dataset][INFO] - Processing test dataset before training
[2024-11-21 17:02:01,075][src.data.cancer_sim.dataset][INFO] - Shape of processed test data: {'cancer_volume': (222916, 60), 'chemo_application': (222916, 60), 'radio_application': (222916, 60), 'sequence_lengths': (222916,), 'patient_types': (222916,), 'prev_treatments': (222916, 59, 4), 'current_treatments': (222916, 59, 4), 'current_covariates': (222916, 59, 2), 'outputs': (222916, 59, 1), 'active_entries': (222916, 59, 1), 'unscaled_outputs': (222916, 59, 1), 'prev_outputs': (222916, 59, 1), 'static_features': (222916, 1)}
[2024-11-21 17:02:01,076][src.data.cancer_sim.dataset][INFO] - Processing test dataset before training
[2024-11-21 17:02:11,276][src.data.cancer_sim.dataset][INFO] - Shape of processed test data: {'cancer_volume': (222916, 60), 'chemo_application': (222916, 60), 'radio_application': (222916, 60), 'sequence_lengths': (222916,), 'patient_types': (222916,), 'prev_treatments': (222916, 59, 4), 'current_treatments': (222916, 59, 4), 'current_covariates': (222916, 59, 2), 'outputs': (222916, 59, 1), 'active_entries': (222916, 59, 1), 'unscaled_outputs': (222916, 59, 1), 'prev_outputs': (222916, 59, 1), 'static_features': (222916, 1)}
[2024-11-21 17:02:11,277][src.data.cancer_sim.dataset][INFO] - Processing test dataset before training
[2024-11-21 17:02:55,957][src.data.cancer_sim.dataset][INFO] - Shape of processed test data: {'cancer_volume': (565098, 65), 'chemo_application': (565098, 65), 'radio_application': (565098, 65), 'sequence_lengths': (565098,), 'patient_types': (565098,), 'patient_ids_all_trajectories': (565098,), 'patient_current_t': (565098,), 'prev_treatments': (565098, 64, 4), 'current_treatments': (565098, 64, 4), 'current_covariates': (565098, 64, 2), 'outputs': (565098, 64, 1), 'active_entries': (565098, 64, 1), 'unscaled_outputs': (565098, 64, 1), 'prev_outputs': (565098, 64, 1), 'static_features': (565098, 1)}
[2024-11-21 17:02:55,960][src.data.cancer_sim.dataset][INFO] - Processing test dataset before testing (multiple sequences)
[2024-11-21 17:03:03,880][src.data.cancer_sim.dataset][INFO] - Shape of processed test data: {'active_encoder_r': (565098, 59), 'prev_treatments': (565098, 5, 4), 'current_treatments': (565098, 5, 4), 'current_covariates': (565098, 5, 2), 'prev_outputs': (565098, 5, 1), 'static_features': (565098, 1), 'outputs': (565098, 5, 1), 'sequence_lengths': (565098,), 'active_entries': (565098, 5, 1), 'unscaled_outputs': (565098, 5, 1), 'patient_types': (565098,), 'patient_ids_all_trajectories': (565098,), 'patient_current_t': (565098,)}
[2024-11-21 17:03:05,965][src.data.cancer_sim.dataset][INFO] - Shape of processed test data: {'cancer_volume': (573992, 65), 'chemo_application': (573992, 65), 'radio_application': (573992, 65), 'sequence_lengths': (573992,), 'patient_types': (573992,), 'patient_ids_all_trajectories': (573992,), 'patient_current_t': (573992,), 'prev_treatments': (573992, 64, 4), 'current_treatments': (573992, 64, 4), 'current_covariates': (573992, 64, 2), 'outputs': (573992, 64, 1), 'active_entries': (573992, 64, 1), 'unscaled_outputs': (573992, 64, 1), 'prev_outputs': (573992, 64, 1), 'static_features': (573992, 1)}
[2024-11-21 17:03:05,968][src.data.cancer_sim.dataset][INFO] - Processing test dataset before testing (multiple sequences)
[2024-11-21 17:03:06,775][src.models.ct][INFO] - Max input size of multi: 4
[2024-11-21 17:03:15,198][src.data.cancer_sim.dataset][INFO] - Shape of processed test data: {'active_encoder_r': (573992, 59), 'prev_treatments': (573992, 5, 4), 'current_treatments': (573992, 5, 4), 'current_covariates': (573992, 5, 2), 'prev_outputs': (573992, 5, 1), 'static_features': (573992, 1), 'outputs': (573992, 5, 1), 'sequence_lengths': (573992,), 'active_entries': (573992, 5, 1), 'unscaled_outputs': (573992, 5, 1), 'patient_types': (573992,), 'patient_ids_all_trajectories': (573992,), 'patient_current_t': (573992,)}
[2024-11-21 17:03:17,874][src.models.ct][INFO] - Max input size of multi: 4
[2024-11-21 17:21:18,241][src.models.time_varying_model][INFO] - RMSE calculation for val.
[2024-11-21 17:21:18,242][src.models.time_varying_model][INFO] - Predictions for val.
[2024-11-21 17:21:19,089][__main__][INFO] - Val normalised RMSE (all): 0.5857717305133207; Val normalised RMSE (orig): 0.5781406918133115
[2024-11-21 17:21:19,089][src.models.time_varying_model][INFO] - RMSE calculation for test.
[2024-11-21 17:21:19,089][src.models.time_varying_model][INFO] - Predictions for test.
[2024-11-21 17:21:33,587][__main__][INFO] - Test normalised RMSE (all): 0.8690071779621376; Test normalised RMSE (orig): 0.6284046439039779; Test normalised RMSE (only counterfactual): 0.770807960506312
[2024-11-21 17:21:33,639][src.models.time_varying_model][INFO] - RMSE calculation for test.
[2024-11-21 17:21:33,639][src.models.ct][INFO] - Autoregressive Prediction for test.
[2024-11-21 17:21:33,639][src.models.ct][INFO] - t = 1
[2024-11-21 17:21:33,639][src.models.time_varying_model][INFO] - Predictions for test.
[2024-11-21 17:22:23,550][src.models.ct][INFO] - t = 2
[2024-11-21 17:22:23,551][src.models.time_varying_model][INFO] - Predictions for test.
[2024-11-21 17:23:13,746][src.models.ct][INFO] - t = 3
[2024-11-21 17:23:13,746][src.models.time_varying_model][INFO] - Predictions for test.
[2024-11-21 17:24:04,393][src.models.ct][INFO] - t = 4
[2024-11-21 17:24:04,393][src.models.time_varying_model][INFO] - Predictions for test.
[2024-11-21 17:24:54,935][src.models.ct][INFO] - t = 5
[2024-11-21 17:24:54,935][src.models.time_varying_model][INFO] - Predictions for test.
[2024-11-21 17:25:45,042][src.models.ct][INFO] - t = 6
[2024-11-21 17:25:45,043][src.models.time_varying_model][INFO] - Predictions for test.
[2024-11-21 17:26:23,777][src.models.time_varying_model][INFO] - RMSE calculation for val.
[2024-11-21 17:26:23,778][src.models.time_varying_model][INFO] - Predictions for val.
[2024-11-21 17:26:24,657][__main__][INFO] - Val normalised RMSE (all): 0.5834286497142276; Val normalised RMSE (orig): 0.5780625702460749
[2024-11-21 17:26:24,658][src.models.time_varying_model][INFO] - RMSE calculation for test.
[2024-11-21 17:26:24,658][src.models.time_varying_model][INFO] - Predictions for test.
[2024-11-21 17:26:36,857][__main__][INFO] - Test normalised RMSE (n-step prediction): {'2-step': 0.7362261167582007, '3-step': 0.8093848771491234, '4-step': 0.903421554538374, '5-step': 0.9935791441053372, '6-step': 1.0727216782837021}
[2024-11-21 17:26:44,772][__main__][INFO] - Test normalised RMSE (all): 0.9599612292082813; Test normalised RMSE (orig): 0.7071867183464731; Test normalised RMSE (only counterfactual): 0.8973527290973149
[2024-11-21 17:26:44,824][src.models.time_varying_model][INFO] - RMSE calculation for test.
[2024-11-21 17:26:44,824][src.models.ct][INFO] - Autoregressive Prediction for test.
[2024-11-21 17:26:44,825][src.models.ct][INFO] - t = 1
[2024-11-21 17:26:44,825][src.models.time_varying_model][INFO] - Predictions for test.
[2024-11-21 17:27:49,636][src.models.ct][INFO] - t = 2
[2024-11-21 17:27:49,637][src.models.time_varying_model][INFO] - Predictions for test.
[2024-11-21 17:28:55,449][src.models.ct][INFO] - t = 3
[2024-11-21 17:28:55,450][src.models.time_varying_model][INFO] - Predictions for test.
[2024-11-21 17:30:00,904][src.models.ct][INFO] - t = 4
[2024-11-21 17:30:00,905][src.models.time_varying_model][INFO] - Predictions for test.
[2024-11-21 17:31:05,971][src.models.ct][INFO] - t = 5
[2024-11-21 17:31:05,972][src.models.time_varying_model][INFO] - Predictions for test.
[2024-11-21 17:32:11,367][src.models.ct][INFO] - t = 6
[2024-11-21 17:32:11,368][src.models.time_varying_model][INFO] - Predictions for test.
[2024-11-21 17:33:18,146][__main__][INFO] - Test normalised RMSE (n-step prediction): {'2-step': 0.7815618461888292, '3-step': 0.8378184525522919, '4-step': 0.8883675672851289, '5-step': 0.9366090785649733, '6-step': 0.9915098337822401}
