[2025-01-28 06:14:50,805][__main__][INFO] - 
model:
  dim_treatments: 4
  dim_vitals: 0
  dim_static_features: 1
  dim_outcomes: 1
  name: CRN
  encoder:
    _target_: src.models.crn.CRNEncoder
    seq_hidden_units: 24
    br_size: 24
    fc_hidden_units: 96
    dropout_rate: 0.2
    num_layer: 1
    batch_size: 64
    optimizer:
      optimizer_cls: adam
      learning_rate: 0.001
      weight_decay: 0.0
      lr_scheduler: false
    tune_hparams: false
    tune_range: 50
    hparams_grid: null
    resources_per_trial: null
  train_decoder: true
  decoder:
    _target_: src.models.crn.CRNDecoder
    seq_hidden_units: null
    br_size: 24
    fc_hidden_units: 12
    dropout_rate: 0.1
    num_layer: 1
    batch_size: 1024
    optimizer:
      optimizer_cls: adam
      learning_rate: 0.001
      weight_decay: 0.0
      lr_scheduler: false
    tune_hparams: false
    tune_range: 30
    hparams_grid: null
    resources_per_trial: null
dataset:
  val_batch_size: 512
  treatment_mode: multiclass
  _target_: src.data.SyntheticCancerDatasetCollection
  name: tumor_generator
  coeff: 5.0
  chemo_coeff: 5.0
  radio_coeff: 5.0
  seed: 100
  random: false
  noise_percentage: 0.0
  num_patients:
    train: 10000
    val: 1000
    test: 1000
  window_size: 15
  lag: 0
  max_seq_length: 60
  projection_horizon: 5
  cf_seq_mode: sliding_treatment
exp:
  seed: 100
  gpus:
  - 0
  max_epochs: 100
  logging: true
  mlflow_uri: http://127.0.0.1:5000
  unscale_rmse: true
  percentage_rmse: true
  alpha: 0.01
  update_alpha: true
  alpha_rate: exp
  initial_balancing_method: grad_reverse
  final_balancing_method: grad_reverse
  bce_weight: false
  weights_ema: false
  beta: 0.99
  alpha_wass: 0.0001
  alpha_wass_epoch: false
  alpha_wass_growth: 0.001
  alpha_wass_max: 0.01
  balancing: grad_reverse
  balancing_switch_epoch: 99
  gap_epoch: 50
  clustering_method: GMM
  number_clusters: 2
  num_timepoints: 59
  checkpoint_dir: ./checkpoints/cancer/crn/SGA/5

[2025-01-28 06:14:50,819][root][INFO] - Simulating initial volumes for stage I  with norm params: mu=1.72, sigma=4.7, lb=-0.6221218732608373, ub=-0.023523848418276528
[2025-01-28 06:14:50,821][root][INFO] - Simulating initial volumes for stage II  with norm params: mu=1.96, sigma=1.63, lb=-1.9410876100159118, ub=0.3711345751297772
[2025-01-28 06:14:50,822][root][INFO] - Simulating initial volumes for stage IIIA  with norm params: mu=1.91, sigma=9.4, lb=-0.33127370258786554, ub=0.06967546355973796
[2025-01-28 06:14:50,822][root][INFO] - Simulating initial volumes for stage IIIB  with norm params: mu=2.76, sigma=6.87, lb=-0.5769974969906748, ub=-0.02839165102452155
[2025-01-28 06:14:50,825][root][INFO] - Simulating initial volumes for stage IV  with norm params: mu=3.86, sigma=8.82, lb=-0.5741465764541877, ub=-0.14683113860980307
[2025-01-28 06:14:50,834][root][INFO] - Got correlated params for 4597 patients
[2025-01-28 06:14:50,839][root][INFO] - Got correlated params for 9177 patients
[2025-01-28 06:14:50,843][root][INFO] - Got correlated params for 13793 patients
[2025-01-28 06:14:50,850][root][INFO] - Simulating beta_c parameters
[2025-01-28 06:14:50,855][root][INFO] - Randomising outputs
[2025-01-28 06:15:06,010][root][INFO] - Simulating initial volumes for stage I  with norm params: mu=1.72, sigma=4.7, lb=-0.6221218732608373, ub=-0.023523848418276528
[2025-01-28 06:15:06,012][root][INFO] - Simulating initial volumes for stage II  with norm params: mu=1.96, sigma=1.63, lb=-1.9410876100159118, ub=0.3711345751297772
[2025-01-28 06:15:06,013][root][INFO] - Simulating initial volumes for stage IIIA  with norm params: mu=1.91, sigma=9.4, lb=-0.33127370258786554, ub=0.06967546355973796
[2025-01-28 06:15:06,013][root][INFO] - Simulating initial volumes for stage IIIB  with norm params: mu=2.76, sigma=6.87, lb=-0.5769974969906748, ub=-0.02839165102452155
[2025-01-28 06:15:06,014][root][INFO] - Simulating initial volumes for stage IV  with norm params: mu=3.86, sigma=8.82, lb=-0.5741465764541877, ub=-0.14683113860980307
[2025-01-28 06:15:06,016][root][INFO] - Got correlated params for 444 patients
[2025-01-28 06:15:06,017][root][INFO] - Got correlated params for 922 patients
[2025-01-28 06:15:06,018][root][INFO] - Got correlated params for 1372 patients
[2025-01-28 06:15:06,019][root][INFO] - Simulating beta_c parameters
[2025-01-28 06:15:06,020][root][INFO] - Randomising outputs
[2025-01-28 06:15:07,564][root][INFO] - Simulating initial volumes for stage I  with norm params: mu=1.72, sigma=4.7, lb=-0.6221218732608373, ub=-0.023523848418276528
[2025-01-28 06:15:07,565][root][INFO] - Simulating initial volumes for stage II  with norm params: mu=1.96, sigma=1.63, lb=-1.9410876100159118, ub=0.3711345751297772
[2025-01-28 06:15:07,566][root][INFO] - Simulating initial volumes for stage IIIA  with norm params: mu=1.91, sigma=9.4, lb=-0.33127370258786554, ub=0.06967546355973796
[2025-01-28 06:15:07,566][root][INFO] - Simulating initial volumes for stage IIIB  with norm params: mu=2.76, sigma=6.87, lb=-0.5769974969906748, ub=-0.02839165102452155
[2025-01-28 06:15:07,567][root][INFO] - Simulating initial volumes for stage IV  with norm params: mu=3.86, sigma=8.82, lb=-0.5741465764541877, ub=-0.14683113860980307
[2025-01-28 06:15:07,569][root][INFO] - Got correlated params for 466 patients
[2025-01-28 06:15:07,570][root][INFO] - Got correlated params for 911 patients
[2025-01-28 06:15:07,571][root][INFO] - Got correlated params for 1403 patients
[2025-01-28 06:15:07,572][root][INFO] - Simulating beta_c parameters
[2025-01-28 06:15:07,573][root][INFO] - Randomising outputs
[2025-01-28 06:15:13,205][root][INFO] - Simulating initial volumes for stage I  with norm params: mu=1.72, sigma=4.7, lb=-0.6221218732608373, ub=-0.023523848418276528
[2025-01-28 06:15:13,206][root][INFO] - Simulating initial volumes for stage II  with norm params: mu=1.96, sigma=1.63, lb=-1.9410876100159118, ub=0.3711345751297772
[2025-01-28 06:15:13,206][root][INFO] - Simulating initial volumes for stage IIIA  with norm params: mu=1.91, sigma=9.4, lb=-0.33127370258786554, ub=0.06967546355973796
[2025-01-28 06:15:13,207][root][INFO] - Simulating initial volumes for stage IIIB  with norm params: mu=2.76, sigma=6.87, lb=-0.5769974969906748, ub=-0.02839165102452155
[2025-01-28 06:15:13,208][root][INFO] - Simulating initial volumes for stage IV  with norm params: mu=3.86, sigma=8.82, lb=-0.5741465764541877, ub=-0.14683113860980307
[2025-01-28 06:15:13,209][root][INFO] - Got correlated params for 447 patients
[2025-01-28 06:15:13,210][root][INFO] - Got correlated params for 915 patients
[2025-01-28 06:15:13,211][root][INFO] - Got correlated params for 1414 patients
[2025-01-28 06:15:13,212][root][INFO] - Simulating beta_c parameters
[2025-01-28 06:15:13,213][root][INFO] - Randomising outputs
[2025-01-28 06:15:39,101][src.data.cancer_sim.dataset][INFO] - Processing train dataset before training
[2025-01-28 06:15:40,020][src.data.cancer_sim.dataset][INFO] - Shape of processed train data: {'cancer_volume': (10000, 60), 'chemo_dosage': (10000, 60), 'radio_dosage': (10000, 60), 'chemo_application': (10000, 60), 'radio_application': (10000, 60), 'chemo_probabilities': (10000, 60), 'radio_probabilities': (10000, 60), 'sequence_lengths': (10000,), 'death_flags': (10000, 60), 'recovery_flags': (10000, 60), 'patient_types': (10000,), 'prev_treatments': (10000, 59, 4), 'current_treatments': (10000, 59, 4), 'current_covariates': (10000, 59, 2), 'outputs': (10000, 59, 1), 'active_entries': (10000, 59, 1), 'unscaled_outputs': (10000, 59, 1), 'prev_outputs': (10000, 59, 1), 'static_features': (10000, 1)}
[2025-01-28 06:15:40,021][src.data.cancer_sim.dataset][INFO] - Processing val dataset before training
[2025-01-28 06:15:40,115][src.data.cancer_sim.dataset][INFO] - Shape of processed val data: {'cancer_volume': (1000, 60), 'chemo_dosage': (1000, 60), 'radio_dosage': (1000, 60), 'chemo_application': (1000, 60), 'radio_application': (1000, 60), 'chemo_probabilities': (1000, 60), 'radio_probabilities': (1000, 60), 'sequence_lengths': (1000,), 'death_flags': (1000, 60), 'recovery_flags': (1000, 60), 'patient_types': (1000,), 'prev_treatments': (1000, 59, 4), 'current_treatments': (1000, 59, 4), 'current_covariates': (1000, 59, 2), 'outputs': (1000, 59, 1), 'active_entries': (1000, 59, 1), 'unscaled_outputs': (1000, 59, 1), 'prev_outputs': (1000, 59, 1), 'static_features': (1000, 1)}
[2025-01-28 06:15:40,115][src.data.cancer_sim.dataset][INFO] - Processing test dataset before training
[2025-01-28 06:16:00,828][src.data.cancer_sim.dataset][INFO] - Shape of processed test data: {'cancer_volume': (228368, 60), 'chemo_application': (228368, 60), 'radio_application': (228368, 60), 'sequence_lengths': (228368,), 'patient_types': (228368,), 'prev_treatments': (228368, 59, 4), 'current_treatments': (228368, 59, 4), 'current_covariates': (228368, 59, 2), 'outputs': (228368, 59, 1), 'active_entries': (228368, 59, 1), 'unscaled_outputs': (228368, 59, 1), 'prev_outputs': (228368, 59, 1), 'static_features': (228368, 1)}
[2025-01-28 06:16:01,313][src.models.crn][INFO] - Input size of encoder: 6
[2025-01-28 06:17:36,924][src.models.time_varying_model][INFO] - RMSE calculation for val.
[2025-01-28 06:17:36,925][src.models.time_varying_model][INFO] - Predictions for val.
[2025-01-28 06:17:37,541][__main__][INFO] - Val normalised RMSE (all): 0.7504300143900425; Val normalised RMSE (orig): 0.7413915181895767
[2025-01-28 06:17:37,541][src.models.time_varying_model][INFO] - RMSE calculation for test.
[2025-01-28 06:17:37,541][src.models.time_varying_model][INFO] - Predictions for test.
