[2025-01-30 19:00:06,355][__main__][INFO] - 
model:
  dim_treatments: 4
  dim_vitals: 0
  dim_static_features: 1
  dim_outcomes: 1
  name: CRN
  encoder:
    _target_: src.models.crn.CRNEncoder
    seq_hidden_units: 24
    br_size: 24
    fc_hidden_units: 96
    dropout_rate: 0.2
    num_layer: 1
    batch_size: 1024
    optimizer:
      optimizer_cls: adam
      learning_rate: 0.001
      weight_decay: 0.0
      lr_scheduler: false
    tune_hparams: false
    tune_range: 50
    hparams_grid: null
    resources_per_trial: null
  train_decoder: true
  decoder:
    _target_: src.models.crn.CRNDecoder
    seq_hidden_units: null
    br_size: 24
    fc_hidden_units: 12
    dropout_rate: 0.1
    num_layer: 1
    batch_size: 1024
    optimizer:
      optimizer_cls: adam
      learning_rate: 0.001
      weight_decay: 0.0
      lr_scheduler: false
    tune_hparams: false
    tune_range: 30
    hparams_grid: null
    resources_per_trial: null
dataset:
  val_batch_size: 512
  treatment_mode: multiclass
  _target_: src.data.SyntheticCancerDatasetCollection
  name: tumor_generator
  coeff: 6.0
  chemo_coeff: 6.0
  radio_coeff: 6.0
  seed: 10
  random: false
  noise_percentage: 0.0
  num_patients:
    train: 10000
    val: 1000
    test: 1000
  window_size: 15
  lag: 0
  max_seq_length: 60
  projection_horizon: 5
  cf_seq_mode: sliding_treatment
exp:
  seed: 10
  gpus:
  - 0
  max_epochs: 130
  logging: true
  mlflow_uri: http://127.0.0.1:5000
  unscale_rmse: true
  percentage_rmse: true
  alpha: 0.01
  update_alpha: true
  alpha_rate: exp
  initial_balancing_method: grad_reverse
  final_balancing_method: subgroup
  bce_weight: false
  weights_ema: false
  beta: 0.99
  alpha_wass: 100.0
  alpha_wass_epoch: false
  alpha_wass_growth: 0.001
  alpha_wass_max: 0.01
  balancing: grad_reverse
  balancing_switch_epoch: 99
  gap_epoch: 5
  clustering_method: KMeans
  number_clusters: 3
  num_timepoints: 59
  checkpoint_dir: ./checkpoints/cancer/crn/SGA/6

[2025-01-30 19:00:06,376][root][INFO] - Simulating initial volumes for stage I  with norm params: mu=1.72, sigma=4.7, lb=-0.6221218732608373, ub=-0.023523848418276528
[2025-01-30 19:00:06,382][root][INFO] - Simulating initial volumes for stage II  with norm params: mu=1.96, sigma=1.63, lb=-1.9410876100159118, ub=0.3711345751297772
[2025-01-30 19:00:06,383][root][INFO] - Simulating initial volumes for stage IIIA  with norm params: mu=1.91, sigma=9.4, lb=-0.33127370258786554, ub=0.06967546355973796
[2025-01-30 19:00:06,384][root][INFO] - Simulating initial volumes for stage IIIB  with norm params: mu=2.76, sigma=6.87, lb=-0.5769974969906748, ub=-0.02839165102452155
[2025-01-30 19:00:06,387][root][INFO] - Simulating initial volumes for stage IV  with norm params: mu=3.86, sigma=8.82, lb=-0.5741465764541877, ub=-0.14683113860980307
[2025-01-30 19:00:06,411][root][INFO] - Got correlated params for 4658 patients
[2025-01-30 19:00:06,416][root][INFO] - Got correlated params for 9338 patients
[2025-01-30 19:00:06,421][root][INFO] - Got correlated params for 13912 patients
[2025-01-30 19:00:06,429][root][INFO] - Simulating beta_c parameters
[2025-01-30 19:00:06,434][root][INFO] - Randomising outputs
[2025-01-30 19:00:06,690][__main__][INFO] - 
model:
  dim_treatments: 4
  dim_vitals: 0
  dim_static_features: 1
  dim_outcomes: 1
  name: CRN
  encoder:
    _target_: src.models.crn.CRNEncoder
    seq_hidden_units: 24
    br_size: 24
    fc_hidden_units: 96
    dropout_rate: 0.2
    num_layer: 1
    batch_size: 1024
    optimizer:
      optimizer_cls: adam
      learning_rate: 0.001
      weight_decay: 0.0
      lr_scheduler: false
    tune_hparams: false
    tune_range: 50
    hparams_grid: null
    resources_per_trial: null
  train_decoder: true
  decoder:
    _target_: src.models.crn.CRNDecoder
    seq_hidden_units: null
    br_size: 24
    fc_hidden_units: 12
    dropout_rate: 0.1
    num_layer: 1
    batch_size: 1024
    optimizer:
      optimizer_cls: adam
      learning_rate: 0.001
      weight_decay: 0.0
      lr_scheduler: false
    tune_hparams: false
    tune_range: 30
    hparams_grid: null
    resources_per_trial: null
dataset:
  val_batch_size: 512
  treatment_mode: multiclass
  _target_: src.data.SyntheticCancerDatasetCollection
  name: tumor_generator
  coeff: 6.0
  chemo_coeff: 6.0
  radio_coeff: 6.0
  seed: 10
  random: false
  noise_percentage: 0.0
  num_patients:
    train: 10000
    val: 1000
    test: 1000
  window_size: 15
  lag: 0
  max_seq_length: 60
  projection_horizon: 5
  cf_seq_mode: sliding_treatment
exp:
  seed: 10
  gpus:
  - 0
  max_epochs: 130
  logging: true
  mlflow_uri: http://127.0.0.1:5000
  unscale_rmse: true
  percentage_rmse: true
  alpha: 0.01
  update_alpha: true
  alpha_rate: exp
  initial_balancing_method: grad_reverse
  final_balancing_method: subgroup
  bce_weight: false
  weights_ema: false
  beta: 0.99
  alpha_wass: 100.0
  alpha_wass_epoch: false
  alpha_wass_growth: 0.001
  alpha_wass_max: 0.01
  balancing: grad_reverse
  balancing_switch_epoch: 99
  gap_epoch: 5
  clustering_method: KMeans
  number_clusters: 5
  num_timepoints: 59
  checkpoint_dir: ./checkpoints/cancer/crn/SGA/6

[2025-01-30 19:00:06,700][root][INFO] - Simulating initial volumes for stage I  with norm params: mu=1.72, sigma=4.7, lb=-0.6221218732608373, ub=-0.023523848418276528
[2025-01-30 19:00:06,702][root][INFO] - Simulating initial volumes for stage II  with norm params: mu=1.96, sigma=1.63, lb=-1.9410876100159118, ub=0.3711345751297772
[2025-01-30 19:00:06,703][root][INFO] - Simulating initial volumes for stage IIIA  with norm params: mu=1.91, sigma=9.4, lb=-0.33127370258786554, ub=0.06967546355973796
[2025-01-30 19:00:06,704][root][INFO] - Simulating initial volumes for stage IIIB  with norm params: mu=2.76, sigma=6.87, lb=-0.5769974969906748, ub=-0.02839165102452155
[2025-01-30 19:00:06,706][root][INFO] - Simulating initial volumes for stage IV  with norm params: mu=3.86, sigma=8.82, lb=-0.5741465764541877, ub=-0.14683113860980307
[2025-01-30 19:00:06,715][root][INFO] - Got correlated params for 4658 patients
[2025-01-30 19:00:06,720][root][INFO] - Got correlated params for 9338 patients
[2025-01-30 19:00:06,725][root][INFO] - Got correlated params for 13912 patients
[2025-01-30 19:00:06,732][root][INFO] - Simulating beta_c parameters
[2025-01-30 19:00:06,737][root][INFO] - Randomising outputs
[2025-01-30 19:00:21,175][root][INFO] - Simulating initial volumes for stage I  with norm params: mu=1.72, sigma=4.7, lb=-0.6221218732608373, ub=-0.023523848418276528
[2025-01-30 19:00:21,177][root][INFO] - Simulating initial volumes for stage II  with norm params: mu=1.96, sigma=1.63, lb=-1.9410876100159118, ub=0.3711345751297772
[2025-01-30 19:00:21,178][root][INFO] - Simulating initial volumes for stage IIIA  with norm params: mu=1.91, sigma=9.4, lb=-0.33127370258786554, ub=0.06967546355973796
[2025-01-30 19:00:21,178][root][INFO] - Simulating initial volumes for stage IIIB  with norm params: mu=2.76, sigma=6.87, lb=-0.5769974969906748, ub=-0.02839165102452155
[2025-01-30 19:00:21,179][root][INFO] - Simulating initial volumes for stage IV  with norm params: mu=3.86, sigma=8.82, lb=-0.5741465764541877, ub=-0.14683113860980307
[2025-01-30 19:00:21,181][root][INFO] - Got correlated params for 464 patients
[2025-01-30 19:00:21,182][root][INFO] - Got correlated params for 942 patients
[2025-01-30 19:00:21,183][root][INFO] - Got correlated params for 1398 patients
[2025-01-30 19:00:21,184][root][INFO] - Simulating beta_c parameters
[2025-01-30 19:00:21,185][root][INFO] - Randomising outputs
[2025-01-30 19:00:22,633][root][INFO] - Simulating initial volumes for stage I  with norm params: mu=1.72, sigma=4.7, lb=-0.6221218732608373, ub=-0.023523848418276528
[2025-01-30 19:00:22,634][root][INFO] - Simulating initial volumes for stage II  with norm params: mu=1.96, sigma=1.63, lb=-1.9410876100159118, ub=0.3711345751297772
[2025-01-30 19:00:22,635][root][INFO] - Simulating initial volumes for stage IIIA  with norm params: mu=1.91, sigma=9.4, lb=-0.33127370258786554, ub=0.06967546355973796
[2025-01-30 19:00:22,636][root][INFO] - Simulating initial volumes for stage IIIB  with norm params: mu=2.76, sigma=6.87, lb=-0.5769974969906748, ub=-0.02839165102452155
[2025-01-30 19:00:22,636][root][INFO] - Simulating initial volumes for stage IV  with norm params: mu=3.86, sigma=8.82, lb=-0.5741465764541877, ub=-0.14683113860980307
[2025-01-30 19:00:22,638][root][INFO] - Got correlated params for 491 patients
[2025-01-30 19:00:22,639][root][INFO] - Got correlated params for 936 patients
[2025-01-30 19:00:22,640][root][INFO] - Got correlated params for 1396 patients
[2025-01-30 19:00:22,641][root][INFO] - Simulating beta_c parameters
[2025-01-30 19:00:22,642][root][INFO] - Randomising outputs
[2025-01-30 19:00:25,286][root][INFO] - Simulating initial volumes for stage I  with norm params: mu=1.72, sigma=4.7, lb=-0.6221218732608373, ub=-0.023523848418276528
[2025-01-30 19:00:25,288][root][INFO] - Simulating initial volumes for stage II  with norm params: mu=1.96, sigma=1.63, lb=-1.9410876100159118, ub=0.3711345751297772
[2025-01-30 19:00:25,289][root][INFO] - Simulating initial volumes for stage IIIA  with norm params: mu=1.91, sigma=9.4, lb=-0.33127370258786554, ub=0.06967546355973796
[2025-01-30 19:00:25,289][root][INFO] - Simulating initial volumes for stage IIIB  with norm params: mu=2.76, sigma=6.87, lb=-0.5769974969906748, ub=-0.02839165102452155
[2025-01-30 19:00:25,290][root][INFO] - Simulating initial volumes for stage IV  with norm params: mu=3.86, sigma=8.82, lb=-0.5741465764541877, ub=-0.14683113860980307
[2025-01-30 19:00:25,292][root][INFO] - Got correlated params for 464 patients
[2025-01-30 19:00:25,293][root][INFO] - Got correlated params for 942 patients
[2025-01-30 19:00:25,294][root][INFO] - Got correlated params for 1398 patients
[2025-01-30 19:00:25,295][root][INFO] - Simulating beta_c parameters
[2025-01-30 19:00:25,297][root][INFO] - Randomising outputs
[2025-01-30 19:00:27,111][root][INFO] - Simulating initial volumes for stage I  with norm params: mu=1.72, sigma=4.7, lb=-0.6221218732608373, ub=-0.023523848418276528
[2025-01-30 19:00:27,113][root][INFO] - Simulating initial volumes for stage II  with norm params: mu=1.96, sigma=1.63, lb=-1.9410876100159118, ub=0.3711345751297772
[2025-01-30 19:00:27,114][root][INFO] - Simulating initial volumes for stage IIIA  with norm params: mu=1.91, sigma=9.4, lb=-0.33127370258786554, ub=0.06967546355973796
[2025-01-30 19:00:27,114][root][INFO] - Simulating initial volumes for stage IIIB  with norm params: mu=2.76, sigma=6.87, lb=-0.5769974969906748, ub=-0.02839165102452155
[2025-01-30 19:00:27,115][root][INFO] - Simulating initial volumes for stage IV  with norm params: mu=3.86, sigma=8.82, lb=-0.5741465764541877, ub=-0.14683113860980307
[2025-01-30 19:00:27,117][root][INFO] - Got correlated params for 491 patients
[2025-01-30 19:00:27,118][root][INFO] - Got correlated params for 936 patients
[2025-01-30 19:00:27,119][root][INFO] - Got correlated params for 1396 patients
[2025-01-30 19:00:27,120][root][INFO] - Simulating beta_c parameters
[2025-01-30 19:00:27,121][root][INFO] - Randomising outputs
[2025-01-30 19:00:27,986][root][INFO] - Simulating initial volumes for stage I  with norm params: mu=1.72, sigma=4.7, lb=-0.6221218732608373, ub=-0.023523848418276528
[2025-01-30 19:00:27,987][root][INFO] - Simulating initial volumes for stage II  with norm params: mu=1.96, sigma=1.63, lb=-1.9410876100159118, ub=0.3711345751297772
[2025-01-30 19:00:27,988][root][INFO] - Simulating initial volumes for stage IIIA  with norm params: mu=1.91, sigma=9.4, lb=-0.33127370258786554, ub=0.06967546355973796
[2025-01-30 19:00:27,989][root][INFO] - Simulating initial volumes for stage IIIB  with norm params: mu=2.76, sigma=6.87, lb=-0.5769974969906748, ub=-0.02839165102452155
[2025-01-30 19:00:27,989][root][INFO] - Simulating initial volumes for stage IV  with norm params: mu=3.86, sigma=8.82, lb=-0.5741465764541877, ub=-0.14683113860980307
[2025-01-30 19:00:27,991][root][INFO] - Got correlated params for 434 patients
[2025-01-30 19:00:27,992][root][INFO] - Got correlated params for 874 patients
[2025-01-30 19:00:27,993][root][INFO] - Got correlated params for 1357 patients
[2025-01-30 19:00:27,994][root][INFO] - Simulating beta_c parameters
[2025-01-30 19:00:27,995][root][INFO] - Randomising outputs
[2025-01-30 19:00:33,559][root][INFO] - Simulating initial volumes for stage I  with norm params: mu=1.72, sigma=4.7, lb=-0.6221218732608373, ub=-0.023523848418276528
[2025-01-30 19:00:33,561][root][INFO] - Simulating initial volumes for stage II  with norm params: mu=1.96, sigma=1.63, lb=-1.9410876100159118, ub=0.3711345751297772
[2025-01-30 19:00:33,563][root][INFO] - Simulating initial volumes for stage IIIA  with norm params: mu=1.91, sigma=9.4, lb=-0.33127370258786554, ub=0.06967546355973796
[2025-01-30 19:00:33,563][root][INFO] - Simulating initial volumes for stage IIIB  with norm params: mu=2.76, sigma=6.87, lb=-0.5769974969906748, ub=-0.02839165102452155
[2025-01-30 19:00:33,564][root][INFO] - Simulating initial volumes for stage IV  with norm params: mu=3.86, sigma=8.82, lb=-0.5741465764541877, ub=-0.14683113860980307
[2025-01-30 19:00:33,566][root][INFO] - Got correlated params for 434 patients
[2025-01-30 19:00:33,567][root][INFO] - Got correlated params for 874 patients
[2025-01-30 19:00:33,568][root][INFO] - Got correlated params for 1357 patients
[2025-01-30 19:00:33,569][root][INFO] - Simulating beta_c parameters
[2025-01-30 19:00:33,570][root][INFO] - Randomising outputs
[2025-01-30 19:00:52,303][src.data.cancer_sim.dataset][INFO] - Processing train dataset before training
[2025-01-30 19:00:53,189][src.data.cancer_sim.dataset][INFO] - Shape of processed train data: {'cancer_volume': (10000, 60), 'chemo_dosage': (10000, 60), 'radio_dosage': (10000, 60), 'chemo_application': (10000, 60), 'radio_application': (10000, 60), 'chemo_probabilities': (10000, 60), 'radio_probabilities': (10000, 60), 'sequence_lengths': (10000,), 'death_flags': (10000, 60), 'recovery_flags': (10000, 60), 'patient_types': (10000,), 'prev_treatments': (10000, 59, 4), 'current_treatments': (10000, 59, 4), 'current_covariates': (10000, 59, 2), 'outputs': (10000, 59, 1), 'active_entries': (10000, 59, 1), 'unscaled_outputs': (10000, 59, 1), 'prev_outputs': (10000, 59, 1), 'static_features': (10000, 1)}
[2025-01-30 19:00:53,189][src.data.cancer_sim.dataset][INFO] - Processing val dataset before training
[2025-01-30 19:00:53,279][src.data.cancer_sim.dataset][INFO] - Shape of processed val data: {'cancer_volume': (1000, 60), 'chemo_dosage': (1000, 60), 'radio_dosage': (1000, 60), 'chemo_application': (1000, 60), 'radio_application': (1000, 60), 'chemo_probabilities': (1000, 60), 'radio_probabilities': (1000, 60), 'sequence_lengths': (1000,), 'death_flags': (1000, 60), 'recovery_flags': (1000, 60), 'patient_types': (1000,), 'prev_treatments': (1000, 59, 4), 'current_treatments': (1000, 59, 4), 'current_covariates': (1000, 59, 2), 'outputs': (1000, 59, 1), 'active_entries': (1000, 59, 1), 'unscaled_outputs': (1000, 59, 1), 'prev_outputs': (1000, 59, 1), 'static_features': (1000, 1)}
[2025-01-30 19:00:53,279][src.data.cancer_sim.dataset][INFO] - Processing test dataset before training
[2025-01-30 19:01:03,462][src.data.cancer_sim.dataset][INFO] - Processing train dataset before training
[2025-01-30 19:01:04,369][src.data.cancer_sim.dataset][INFO] - Shape of processed train data: {'cancer_volume': (10000, 60), 'chemo_dosage': (10000, 60), 'radio_dosage': (10000, 60), 'chemo_application': (10000, 60), 'radio_application': (10000, 60), 'chemo_probabilities': (10000, 60), 'radio_probabilities': (10000, 60), 'sequence_lengths': (10000,), 'death_flags': (10000, 60), 'recovery_flags': (10000, 60), 'patient_types': (10000,), 'prev_treatments': (10000, 59, 4), 'current_treatments': (10000, 59, 4), 'current_covariates': (10000, 59, 2), 'outputs': (10000, 59, 1), 'active_entries': (10000, 59, 1), 'unscaled_outputs': (10000, 59, 1), 'prev_outputs': (10000, 59, 1), 'static_features': (10000, 1)}
[2025-01-30 19:01:04,370][src.data.cancer_sim.dataset][INFO] - Processing val dataset before training
[2025-01-30 19:01:04,462][src.data.cancer_sim.dataset][INFO] - Shape of processed val data: {'cancer_volume': (1000, 60), 'chemo_dosage': (1000, 60), 'radio_dosage': (1000, 60), 'chemo_application': (1000, 60), 'radio_application': (1000, 60), 'chemo_probabilities': (1000, 60), 'radio_probabilities': (1000, 60), 'sequence_lengths': (1000,), 'death_flags': (1000, 60), 'recovery_flags': (1000, 60), 'patient_types': (1000,), 'prev_treatments': (1000, 59, 4), 'current_treatments': (1000, 59, 4), 'current_covariates': (1000, 59, 2), 'outputs': (1000, 59, 1), 'active_entries': (1000, 59, 1), 'unscaled_outputs': (1000, 59, 1), 'prev_outputs': (1000, 59, 1), 'static_features': (1000, 1)}
[2025-01-30 19:01:04,463][src.data.cancer_sim.dataset][INFO] - Processing test dataset before training
[2025-01-30 19:01:12,780][src.data.cancer_sim.dataset][INFO] - Shape of processed test data: {'cancer_volume': (224868, 60), 'chemo_application': (224868, 60), 'radio_application': (224868, 60), 'sequence_lengths': (224868,), 'patient_types': (224868,), 'prev_treatments': (224868, 59, 4), 'current_treatments': (224868, 59, 4), 'current_covariates': (224868, 59, 2), 'outputs': (224868, 59, 1), 'active_entries': (224868, 59, 1), 'unscaled_outputs': (224868, 59, 1), 'prev_outputs': (224868, 59, 1), 'static_features': (224868, 1)}
[2025-01-30 19:01:13,404][src.models.crn][INFO] - Input size of encoder: 6
[2025-01-30 19:01:24,654][src.data.cancer_sim.dataset][INFO] - Shape of processed test data: {'cancer_volume': (224868, 60), 'chemo_application': (224868, 60), 'radio_application': (224868, 60), 'sequence_lengths': (224868,), 'patient_types': (224868,), 'prev_treatments': (224868, 59, 4), 'current_treatments': (224868, 59, 4), 'current_covariates': (224868, 59, 2), 'outputs': (224868, 59, 1), 'active_entries': (224868, 59, 1), 'unscaled_outputs': (224868, 59, 1), 'prev_outputs': (224868, 59, 1), 'static_features': (224868, 1)}
[2025-01-30 19:01:25,192][src.models.crn][INFO] - Input size of encoder: 6
[2025-01-30 19:09:07,997][src.models.time_varying_model][INFO] - RMSE calculation for val.
[2025-01-30 19:09:07,997][src.models.time_varying_model][INFO] - Predictions for val.
[2025-01-30 19:09:08,556][__main__][INFO] - Val normalised RMSE (all): 0.6674886993027307; Val normalised RMSE (orig): 0.6588412415981735
[2025-01-30 19:09:08,556][src.models.time_varying_model][INFO] - RMSE calculation for test.
[2025-01-30 19:09:08,556][src.models.time_varying_model][INFO] - Predictions for test.
[2025-01-30 19:09:23,002][__main__][INFO] - Test normalised RMSE (all): 1.7545807271506213; Test normalised RMSE (orig): 1.5226277497978797; Test normalised RMSE (only counterfactual): 2.0374958067234585
[2025-01-30 19:09:23,066][src.models.crn][INFO] - Input size of decoder: 6
[2025-01-30 19:09:23,079][src.data.cancer_sim.dataset][INFO] - train Dataset already processed
[2025-01-30 19:09:23,079][src.data.cancer_sim.dataset][INFO] - val Dataset already processed
[2025-01-30 19:09:23,079][src.data.cancer_sim.dataset][INFO] - Processing test dataset before training
[2025-01-30 19:10:15,331][src.data.cancer_sim.dataset][INFO] - Shape of processed test data: {'cancer_volume': (548744, 65), 'chemo_application': (548744, 65), 'radio_application': (548744, 65), 'sequence_lengths': (548744,), 'patient_types': (548744,), 'patient_ids_all_trajectories': (548744,), 'patient_current_t': (548744,), 'prev_treatments': (548744, 64, 4), 'current_treatments': (548744, 64, 4), 'current_covariates': (548744, 64, 2), 'outputs': (548744, 64, 1), 'active_entries': (548744, 64, 1), 'unscaled_outputs': (548744, 64, 1), 'prev_outputs': (548744, 64, 1), 'static_features': (548744, 1)}
[2025-01-30 19:10:15,335][src.models.time_varying_model][INFO] - Balanced representations inference for train.
[2025-01-30 19:10:16,825][src.models.time_varying_model][INFO] - Balanced representations inference for val.
[2025-01-30 19:10:17,379][src.models.time_varying_model][INFO] - Balanced representations inference for test.
[2025-01-30 19:10:51,866][src.models.time_varying_model][INFO] - Predictions for test.
[2025-01-30 19:11:27,759][src.data.cancer_sim.dataset][INFO] - Processing train dataset before training (multiple sequences)
[2025-01-30 19:11:30,684][src.data.cancer_sim.dataset][INFO] - Shape of processed train data: {'init_state': (515994, 24), 'original_index': (515994,), 'active_encoder_r': (515994, 59), 'prev_treatments': (515994, 5, 4), 'current_treatments': (515994, 5, 4), 'current_covariates': (515994, 5, 2), 'prev_outputs': (515994, 5, 1), 'static_features': (515994, 1), 'outputs': (515994, 5, 1), 'sequence_lengths': (515994,), 'active_entries': (515994, 5, 1), 'unscaled_outputs': (515994, 5, 1)}
[2025-01-30 19:11:30,686][src.data.cancer_sim.dataset][INFO] - Processing val dataset before training (multiple sequences)
[2025-01-30 19:11:31,010][src.data.cancer_sim.dataset][INFO] - Shape of processed val data: {'init_state': (51287, 24), 'original_index': (51287,), 'active_encoder_r': (51287, 59), 'prev_treatments': (51287, 5, 4), 'current_treatments': (51287, 5, 4), 'current_covariates': (51287, 5, 2), 'prev_outputs': (51287, 5, 1), 'static_features': (51287, 1), 'outputs': (51287, 5, 1), 'sequence_lengths': (51287,), 'active_entries': (51287, 5, 1), 'unscaled_outputs': (51287, 5, 1)}
[2025-01-30 19:11:31,011][src.data.cancer_sim.dataset][INFO] - Processing test dataset before testing (multiple sequences)
[2025-01-30 19:11:38,920][src.data.cancer_sim.dataset][INFO] - Shape of processed test data: {'active_encoder_r': (548744, 59), 'prev_treatments': (548744, 5, 4), 'current_treatments': (548744, 5, 4), 'current_covariates': (548744, 5, 2), 'prev_outputs': (548744, 5, 1), 'static_features': (548744, 1), 'outputs': (548744, 5, 1), 'sequence_lengths': (548744,), 'active_entries': (548744, 5, 1), 'unscaled_outputs': (548744, 5, 1), 'patient_types': (548744,), 'patient_ids_all_trajectories': (548744,), 'patient_current_t': (548744,), 'init_state': (548744, 24)}
[2025-01-30 19:11:38,977][src.data.cancer_sim.dataset][INFO] - Processing test dataset before testing (autoregressive)
[2025-01-30 19:11:43,240][src.data.cancer_sim.dataset][INFO] - Shape of processed test data: {'current_covariates': (548744, 5, 2), 'prev_treatments': (548744, 5, 4), 'current_treatments': (548744, 5, 4), 'init_state': (548744, 24), 'active_encoder_r': (548744, 59), 'active_entries': (548744, 5, 1), 'prev_outputs': (548744, 5, 1), 'static_features': (548744, 1)}
[2025-01-30 19:17:16,726][src.models.time_varying_model][INFO] - RMSE calculation for val.
[2025-01-30 19:17:16,726][src.models.time_varying_model][INFO] - Predictions for val.
[2025-01-30 19:17:17,542][__main__][INFO] - Val normalised RMSE (all): 0.6691933340108763; Val normalised RMSE (orig): 0.6605357224174829
[2025-01-30 19:17:17,543][src.models.time_varying_model][INFO] - RMSE calculation for test.
[2025-01-30 19:17:17,543][src.models.time_varying_model][INFO] - Predictions for test.
[2025-01-30 19:17:34,281][__main__][INFO] - Test normalised RMSE (all): 1.7298377527828284; Test normalised RMSE (orig): 1.5030313658958805; Test normalised RMSE (only counterfactual): 2.027932387155682
[2025-01-30 19:17:34,353][src.models.crn][INFO] - Input size of decoder: 6
[2025-01-30 19:17:34,374][src.data.cancer_sim.dataset][INFO] - train Dataset already processed
[2025-01-30 19:17:34,375][src.data.cancer_sim.dataset][INFO] - val Dataset already processed
[2025-01-30 19:17:34,375][src.data.cancer_sim.dataset][INFO] - Processing test dataset before training
[2025-01-30 19:18:28,639][src.data.cancer_sim.dataset][INFO] - Shape of processed test data: {'cancer_volume': (548744, 65), 'chemo_application': (548744, 65), 'radio_application': (548744, 65), 'sequence_lengths': (548744,), 'patient_types': (548744,), 'patient_ids_all_trajectories': (548744,), 'patient_current_t': (548744,), 'prev_treatments': (548744, 64, 4), 'current_treatments': (548744, 64, 4), 'current_covariates': (548744, 64, 2), 'outputs': (548744, 64, 1), 'active_entries': (548744, 64, 1), 'unscaled_outputs': (548744, 64, 1), 'prev_outputs': (548744, 64, 1), 'static_features': (548744, 1)}
[2025-01-30 19:18:28,642][src.models.time_varying_model][INFO] - Balanced representations inference for train.
[2025-01-30 19:18:30,189][src.models.time_varying_model][INFO] - Balanced representations inference for val.
[2025-01-30 19:18:30,858][src.models.time_varying_model][INFO] - Balanced representations inference for test.
[2025-01-30 19:19:11,203][src.models.time_varying_model][INFO] - Predictions for test.
[2025-01-30 19:19:55,232][src.data.cancer_sim.dataset][INFO] - Processing train dataset before training (multiple sequences)
[2025-01-30 19:19:58,219][src.data.cancer_sim.dataset][INFO] - Shape of processed train data: {'init_state': (515994, 24), 'original_index': (515994,), 'active_encoder_r': (515994, 59), 'prev_treatments': (515994, 5, 4), 'current_treatments': (515994, 5, 4), 'current_covariates': (515994, 5, 2), 'prev_outputs': (515994, 5, 1), 'static_features': (515994, 1), 'outputs': (515994, 5, 1), 'sequence_lengths': (515994,), 'active_entries': (515994, 5, 1), 'unscaled_outputs': (515994, 5, 1)}
[2025-01-30 19:19:58,221][src.data.cancer_sim.dataset][INFO] - Processing val dataset before training (multiple sequences)
[2025-01-30 19:19:58,517][src.data.cancer_sim.dataset][INFO] - Shape of processed val data: {'init_state': (51287, 24), 'original_index': (51287,), 'active_encoder_r': (51287, 59), 'prev_treatments': (51287, 5, 4), 'current_treatments': (51287, 5, 4), 'current_covariates': (51287, 5, 2), 'prev_outputs': (51287, 5, 1), 'static_features': (51287, 1), 'outputs': (51287, 5, 1), 'sequence_lengths': (51287,), 'active_entries': (51287, 5, 1), 'unscaled_outputs': (51287, 5, 1)}
[2025-01-30 19:19:58,517][src.data.cancer_sim.dataset][INFO] - Processing test dataset before testing (multiple sequences)
[2025-01-30 19:20:06,772][src.data.cancer_sim.dataset][INFO] - Shape of processed test data: {'active_encoder_r': (548744, 59), 'prev_treatments': (548744, 5, 4), 'current_treatments': (548744, 5, 4), 'current_covariates': (548744, 5, 2), 'prev_outputs': (548744, 5, 1), 'static_features': (548744, 1), 'outputs': (548744, 5, 1), 'sequence_lengths': (548744,), 'active_entries': (548744, 5, 1), 'unscaled_outputs': (548744, 5, 1), 'patient_types': (548744,), 'patient_ids_all_trajectories': (548744,), 'patient_current_t': (548744,), 'init_state': (548744, 24)}
[2025-01-30 19:20:06,832][src.data.cancer_sim.dataset][INFO] - Processing test dataset before testing (autoregressive)
[2025-01-30 19:20:11,178][src.data.cancer_sim.dataset][INFO] - Shape of processed test data: {'current_covariates': (548744, 5, 2), 'prev_treatments': (548744, 5, 4), 'current_treatments': (548744, 5, 4), 'init_state': (548744, 24), 'active_encoder_r': (548744, 59), 'active_entries': (548744, 5, 1), 'prev_outputs': (548744, 5, 1), 'static_features': (548744, 1)}
[2025-01-30 20:03:50,754][src.models.time_varying_model][INFO] - RMSE calculation for val.
[2025-01-30 20:03:50,758][src.models.time_varying_model][INFO] - Predictions for val.
[2025-01-30 20:03:52,936][__main__][INFO] - Val normalised RMSE (all): 0.2931015466286757; Val normalised RMSE (orig): 0.29310154662867494
[2025-01-30 20:03:52,936][src.models.time_varying_model][INFO] - RMSE calculation for test.
[2025-01-30 20:03:52,936][src.models.time_varying_model][INFO] - Autoregressive Prediction for test.
[2025-01-30 20:03:52,940][src.models.time_varying_model][INFO] - t = 2
[2025-01-30 20:03:52,940][src.models.time_varying_model][INFO] - Predictions for test.
[2025-01-30 20:04:07,824][src.models.time_varying_model][INFO] - t = 3
[2025-01-30 20:04:07,824][src.models.time_varying_model][INFO] - Predictions for test.
[2025-01-30 20:04:22,738][src.models.time_varying_model][INFO] - t = 4
[2025-01-30 20:04:22,739][src.models.time_varying_model][INFO] - Predictions for test.
[2025-01-30 20:04:38,070][src.models.time_varying_model][INFO] - t = 5
[2025-01-30 20:04:38,070][src.models.time_varying_model][INFO] - Predictions for test.
[2025-01-30 20:04:53,912][src.models.time_varying_model][INFO] - t = 6
[2025-01-30 20:04:53,913][src.models.time_varying_model][INFO] - Predictions for test.
[2025-01-30 20:05:10,957][__main__][INFO] - Test normalised RMSE (n-step prediction): {'2-step': 2.9441635455387387, '3-step': 3.460095833690984, '4-step': 3.6981780950063907, '5-step': 3.7725746247073153, '6-step': 3.6809906956460194}
[2025-01-30 20:24:22,280][src.models.time_varying_model][INFO] - RMSE calculation for val.
[2025-01-30 20:24:22,281][src.models.time_varying_model][INFO] - Predictions for val.
[2025-01-30 20:24:24,838][__main__][INFO] - Val normalised RMSE (all): 0.2918582028583511; Val normalised RMSE (orig): 0.2918582028583514
[2025-01-30 20:24:24,838][src.models.time_varying_model][INFO] - RMSE calculation for test.
[2025-01-30 20:24:24,838][src.models.time_varying_model][INFO] - Autoregressive Prediction for test.
[2025-01-30 20:24:24,849][src.models.time_varying_model][INFO] - t = 2
[2025-01-30 20:24:24,850][src.models.time_varying_model][INFO] - Predictions for test.
[2025-01-30 20:24:43,372][src.models.time_varying_model][INFO] - t = 3
[2025-01-30 20:24:43,372][src.models.time_varying_model][INFO] - Predictions for test.
[2025-01-30 20:25:02,410][src.models.time_varying_model][INFO] - t = 4
[2025-01-30 20:25:02,411][src.models.time_varying_model][INFO] - Predictions for test.
[2025-01-30 20:25:21,675][src.models.time_varying_model][INFO] - t = 5
[2025-01-30 20:25:21,676][src.models.time_varying_model][INFO] - Predictions for test.
[2025-01-30 20:25:40,302][src.models.time_varying_model][INFO] - t = 6
[2025-01-30 20:25:40,302][src.models.time_varying_model][INFO] - Predictions for test.
[2025-01-30 20:26:00,349][__main__][INFO] - Test normalised RMSE (n-step prediction): {'2-step': 2.894262370948909, '3-step': 3.4049212361913015, '4-step': 3.637395073069539, '5-step': 3.6846019646124955, '6-step': 3.5677187311992555}
