[2025-01-27 23:44:32,667][__main__][INFO] - 
model:
  dim_treatments: 4
  dim_vitals: 0
  dim_static_features: 1
  dim_outcomes: 1
  name: CT
  multi:
    _target_: src.models.ct.CT
    max_seq_length: 65
    seq_hidden_units: 12
    br_size: 16
    fc_hidden_units: 48
    dropout_rate: 0.1
    num_layer: 1
    num_heads: 2
    max_grad_norm: null
    batch_size: 1024
    attn_dropout: true
    disable_cross_attention: false
    isolate_subnetwork: _
    self_positional_encoding:
      absolute: false
      trainable: true
      max_relative_position: 15
    optimizer:
      optimizer_cls: adam
      learning_rate: 0.01
      weight_decay: 0.0
      lr_scheduler: false
    augment_with_masked_vitals: true
    tune_hparams: false
    tune_range: 50
    hparams_grid: null
    resources_per_trial: null
  self_positional_encoding:
    max_relative_position: 15
dataset:
  val_batch_size: 512
  treatment_mode: multiclass
  _target_: src.data.SyntheticCancerDatasetCollection
  name: tumor_generator
  coeff: 5.0
  chemo_coeff: 5.0
  radio_coeff: 5.0
  seed: 10
  random: false
  noise_percentage: 0.0
  num_patients:
    train: 10000
    val: 1000
    test: 1000
  window_size: 15
  lag: 0
  max_seq_length: 60
  projection_horizon: 5
  cf_seq_mode: sliding_treatment
exp:
  seed: 10
  gpus:
  - 0
  max_epochs: 120
  logging: true
  mlflow_uri: http://127.0.0.1:5000
  unscale_rmse: true
  percentage_rmse: true
  alpha: 0.01
  update_alpha: true
  alpha_rate: exp
  initial_balancing_method: domain_confusion
  final_balancing_method: subgroup
  bce_weight: false
  weights_ema: true
  beta: 0.99
  alpha_wass: 0.001
  alpha_wass_epoch: false
  alpha_wass_growth: 0.001
  alpha_wass_max: 0.01
  balancing_switch_epoch: 99
  clustering_method: GMM
  number_clusters: 2
  num_timepoints: 59
  gap_epoch: 1
  checkpoint_dir: ./checkpoints/cancer/ct/SGA/5

[2025-01-27 23:44:32,692][root][INFO] - Simulating initial volumes for stage I  with norm params: mu=1.72, sigma=4.7, lb=-0.6221218732608373, ub=-0.023523848418276528
[2025-01-27 23:44:32,702][root][INFO] - Simulating initial volumes for stage II  with norm params: mu=1.96, sigma=1.63, lb=-1.9410876100159118, ub=0.3711345751297772
[2025-01-27 23:44:32,703][root][INFO] - Simulating initial volumes for stage IIIA  with norm params: mu=1.91, sigma=9.4, lb=-0.33127370258786554, ub=0.06967546355973796
[2025-01-27 23:44:32,704][root][INFO] - Simulating initial volumes for stage IIIB  with norm params: mu=2.76, sigma=6.87, lb=-0.5769974969906748, ub=-0.02839165102452155
[2025-01-27 23:44:32,707][root][INFO] - Simulating initial volumes for stage IV  with norm params: mu=3.86, sigma=8.82, lb=-0.5741465764541877, ub=-0.14683113860980307
[2025-01-27 23:44:32,732][root][INFO] - Got correlated params for 4658 patients
[2025-01-27 23:44:32,736][root][INFO] - Got correlated params for 9338 patients
[2025-01-27 23:44:32,741][root][INFO] - Got correlated params for 13912 patients
[2025-01-27 23:44:32,749][root][INFO] - Simulating beta_c parameters
[2025-01-27 23:44:32,754][root][INFO] - Randomising outputs
[2025-01-27 23:44:33,006][__main__][INFO] - 
model:
  dim_treatments: 4
  dim_vitals: 0
  dim_static_features: 1
  dim_outcomes: 1
  name: CT
  multi:
    _target_: src.models.ct.CT
    max_seq_length: 65
    seq_hidden_units: 12
    br_size: 16
    fc_hidden_units: 48
    dropout_rate: 0.1
    num_layer: 1
    num_heads: 2
    max_grad_norm: null
    batch_size: 1024
    attn_dropout: true
    disable_cross_attention: false
    isolate_subnetwork: _
    self_positional_encoding:
      absolute: false
      trainable: true
      max_relative_position: 15
    optimizer:
      optimizer_cls: adam
      learning_rate: 0.01
      weight_decay: 0.0
      lr_scheduler: false
    augment_with_masked_vitals: true
    tune_hparams: false
    tune_range: 50
    hparams_grid: null
    resources_per_trial: null
  self_positional_encoding:
    max_relative_position: 15
dataset:
  val_batch_size: 512
  treatment_mode: multiclass
  _target_: src.data.SyntheticCancerDatasetCollection
  name: tumor_generator
  coeff: 5.0
  chemo_coeff: 5.0
  radio_coeff: 5.0
  seed: 10
  random: false
  noise_percentage: 0.0
  num_patients:
    train: 10000
    val: 1000
    test: 1000
  window_size: 15
  lag: 0
  max_seq_length: 60
  projection_horizon: 5
  cf_seq_mode: sliding_treatment
exp:
  seed: 10
  gpus:
  - 0
  max_epochs: 120
  logging: true
  mlflow_uri: http://127.0.0.1:5000
  unscale_rmse: true
  percentage_rmse: true
  alpha: 0.01
  update_alpha: true
  alpha_rate: exp
  initial_balancing_method: domain_confusion
  final_balancing_method: subgroup
  bce_weight: false
  weights_ema: true
  beta: 0.99
  alpha_wass: 0.001
  alpha_wass_epoch: false
  alpha_wass_growth: 0.001
  alpha_wass_max: 0.01
  balancing_switch_epoch: 99
  clustering_method: GMM
  number_clusters: 2
  num_timepoints: 59
  gap_epoch: 2
  checkpoint_dir: ./checkpoints/cancer/ct/SGA/5

[2025-01-27 23:44:33,016][root][INFO] - Simulating initial volumes for stage I  with norm params: mu=1.72, sigma=4.7, lb=-0.6221218732608373, ub=-0.023523848418276528
[2025-01-27 23:44:33,018][root][INFO] - Simulating initial volumes for stage II  with norm params: mu=1.96, sigma=1.63, lb=-1.9410876100159118, ub=0.3711345751297772
[2025-01-27 23:44:33,018][root][INFO] - Simulating initial volumes for stage IIIA  with norm params: mu=1.91, sigma=9.4, lb=-0.33127370258786554, ub=0.06967546355973796
[2025-01-27 23:44:33,019][root][INFO] - Simulating initial volumes for stage IIIB  with norm params: mu=2.76, sigma=6.87, lb=-0.5769974969906748, ub=-0.02839165102452155
[2025-01-27 23:44:33,022][root][INFO] - Simulating initial volumes for stage IV  with norm params: mu=3.86, sigma=8.82, lb=-0.5741465764541877, ub=-0.14683113860980307
[2025-01-27 23:44:33,030][root][INFO] - Got correlated params for 4658 patients
[2025-01-27 23:44:33,035][root][INFO] - Got correlated params for 9338 patients
[2025-01-27 23:44:33,040][root][INFO] - Got correlated params for 13912 patients
[2025-01-27 23:44:33,047][root][INFO] - Simulating beta_c parameters
[2025-01-27 23:44:33,052][root][INFO] - Randomising outputs
[2025-01-27 23:44:47,965][root][INFO] - Simulating initial volumes for stage I  with norm params: mu=1.72, sigma=4.7, lb=-0.6221218732608373, ub=-0.023523848418276528
[2025-01-27 23:44:47,966][root][INFO] - Simulating initial volumes for stage II  with norm params: mu=1.96, sigma=1.63, lb=-1.9410876100159118, ub=0.3711345751297772
[2025-01-27 23:44:47,967][root][INFO] - Simulating initial volumes for stage IIIA  with norm params: mu=1.91, sigma=9.4, lb=-0.33127370258786554, ub=0.06967546355973796
[2025-01-27 23:44:47,968][root][INFO] - Simulating initial volumes for stage IIIB  with norm params: mu=2.76, sigma=6.87, lb=-0.5769974969906748, ub=-0.02839165102452155
[2025-01-27 23:44:47,969][root][INFO] - Simulating initial volumes for stage IV  with norm params: mu=3.86, sigma=8.82, lb=-0.5741465764541877, ub=-0.14683113860980307
[2025-01-27 23:44:47,971][root][INFO] - Got correlated params for 464 patients
[2025-01-27 23:44:47,972][root][INFO] - Got correlated params for 942 patients
[2025-01-27 23:44:47,973][root][INFO] - Got correlated params for 1398 patients
[2025-01-27 23:44:47,974][root][INFO] - Simulating beta_c parameters
[2025-01-27 23:44:47,975][root][INFO] - Randomising outputs
[2025-01-27 23:44:49,500][root][INFO] - Simulating initial volumes for stage I  with norm params: mu=1.72, sigma=4.7, lb=-0.6221218732608373, ub=-0.023523848418276528
[2025-01-27 23:44:49,503][root][INFO] - Simulating initial volumes for stage II  with norm params: mu=1.96, sigma=1.63, lb=-1.9410876100159118, ub=0.3711345751297772
[2025-01-27 23:44:49,503][root][INFO] - Simulating initial volumes for stage IIIA  with norm params: mu=1.91, sigma=9.4, lb=-0.33127370258786554, ub=0.06967546355973796
[2025-01-27 23:44:49,504][root][INFO] - Simulating initial volumes for stage IIIB  with norm params: mu=2.76, sigma=6.87, lb=-0.5769974969906748, ub=-0.02839165102452155
[2025-01-27 23:44:49,505][root][INFO] - Simulating initial volumes for stage IV  with norm params: mu=3.86, sigma=8.82, lb=-0.5741465764541877, ub=-0.14683113860980307
[2025-01-27 23:44:49,507][root][INFO] - Got correlated params for 491 patients
[2025-01-27 23:44:49,508][root][INFO] - Got correlated params for 936 patients
[2025-01-27 23:44:49,509][root][INFO] - Got correlated params for 1396 patients
[2025-01-27 23:44:49,509][root][INFO] - Simulating beta_c parameters
[2025-01-27 23:44:49,511][root][INFO] - Randomising outputs
[2025-01-27 23:44:50,234][root][INFO] - Simulating initial volumes for stage I  with norm params: mu=1.72, sigma=4.7, lb=-0.6221218732608373, ub=-0.023523848418276528
[2025-01-27 23:44:50,236][root][INFO] - Simulating initial volumes for stage II  with norm params: mu=1.96, sigma=1.63, lb=-1.9410876100159118, ub=0.3711345751297772
[2025-01-27 23:44:50,236][root][INFO] - Simulating initial volumes for stage IIIA  with norm params: mu=1.91, sigma=9.4, lb=-0.33127370258786554, ub=0.06967546355973796
[2025-01-27 23:44:50,237][root][INFO] - Simulating initial volumes for stage IIIB  with norm params: mu=2.76, sigma=6.87, lb=-0.5769974969906748, ub=-0.02839165102452155
[2025-01-27 23:44:50,238][root][INFO] - Simulating initial volumes for stage IV  with norm params: mu=3.86, sigma=8.82, lb=-0.5741465764541877, ub=-0.14683113860980307
[2025-01-27 23:44:50,240][root][INFO] - Got correlated params for 464 patients
[2025-01-27 23:44:50,241][root][INFO] - Got correlated params for 942 patients
[2025-01-27 23:44:50,242][root][INFO] - Got correlated params for 1398 patients
[2025-01-27 23:44:50,243][root][INFO] - Simulating beta_c parameters
[2025-01-27 23:44:50,244][root][INFO] - Randomising outputs
[2025-01-27 23:44:51,924][root][INFO] - Simulating initial volumes for stage I  with norm params: mu=1.72, sigma=4.7, lb=-0.6221218732608373, ub=-0.023523848418276528
[2025-01-27 23:44:51,925][root][INFO] - Simulating initial volumes for stage II  with norm params: mu=1.96, sigma=1.63, lb=-1.9410876100159118, ub=0.3711345751297772
[2025-01-27 23:44:51,926][root][INFO] - Simulating initial volumes for stage IIIA  with norm params: mu=1.91, sigma=9.4, lb=-0.33127370258786554, ub=0.06967546355973796
[2025-01-27 23:44:51,926][root][INFO] - Simulating initial volumes for stage IIIB  with norm params: mu=2.76, sigma=6.87, lb=-0.5769974969906748, ub=-0.02839165102452155
[2025-01-27 23:44:51,927][root][INFO] - Simulating initial volumes for stage IV  with norm params: mu=3.86, sigma=8.82, lb=-0.5741465764541877, ub=-0.14683113860980307
[2025-01-27 23:44:51,929][root][INFO] - Got correlated params for 491 patients
[2025-01-27 23:44:51,930][root][INFO] - Got correlated params for 936 patients
[2025-01-27 23:44:51,931][root][INFO] - Got correlated params for 1396 patients
[2025-01-27 23:44:51,931][root][INFO] - Simulating beta_c parameters
[2025-01-27 23:44:51,932][root][INFO] - Randomising outputs
[2025-01-27 23:44:55,149][root][INFO] - Simulating initial volumes for stage I  with norm params: mu=1.72, sigma=4.7, lb=-0.6221218732608373, ub=-0.023523848418276528
[2025-01-27 23:44:55,151][root][INFO] - Simulating initial volumes for stage II  with norm params: mu=1.96, sigma=1.63, lb=-1.9410876100159118, ub=0.3711345751297772
[2025-01-27 23:44:55,151][root][INFO] - Simulating initial volumes for stage IIIA  with norm params: mu=1.91, sigma=9.4, lb=-0.33127370258786554, ub=0.06967546355973796
[2025-01-27 23:44:55,152][root][INFO] - Simulating initial volumes for stage IIIB  with norm params: mu=2.76, sigma=6.87, lb=-0.5769974969906748, ub=-0.02839165102452155
[2025-01-27 23:44:55,153][root][INFO] - Simulating initial volumes for stage IV  with norm params: mu=3.86, sigma=8.82, lb=-0.5741465764541877, ub=-0.14683113860980307
[2025-01-27 23:44:55,155][root][INFO] - Got correlated params for 434 patients
[2025-01-27 23:44:55,156][root][INFO] - Got correlated params for 874 patients
[2025-01-27 23:44:55,157][root][INFO] - Got correlated params for 1357 patients
[2025-01-27 23:44:55,158][root][INFO] - Simulating beta_c parameters
[2025-01-27 23:44:55,159][root][INFO] - Randomising outputs
[2025-01-27 23:44:58,022][root][INFO] - Simulating initial volumes for stage I  with norm params: mu=1.72, sigma=4.7, lb=-0.6221218732608373, ub=-0.023523848418276528
[2025-01-27 23:44:58,023][root][INFO] - Simulating initial volumes for stage II  with norm params: mu=1.96, sigma=1.63, lb=-1.9410876100159118, ub=0.3711345751297772
[2025-01-27 23:44:58,023][root][INFO] - Simulating initial volumes for stage IIIA  with norm params: mu=1.91, sigma=9.4, lb=-0.33127370258786554, ub=0.06967546355973796
[2025-01-27 23:44:58,024][root][INFO] - Simulating initial volumes for stage IIIB  with norm params: mu=2.76, sigma=6.87, lb=-0.5769974969906748, ub=-0.02839165102452155
[2025-01-27 23:44:58,025][root][INFO] - Simulating initial volumes for stage IV  with norm params: mu=3.86, sigma=8.82, lb=-0.5741465764541877, ub=-0.14683113860980307
[2025-01-27 23:44:58,026][root][INFO] - Got correlated params for 434 patients
[2025-01-27 23:44:58,027][root][INFO] - Got correlated params for 874 patients
[2025-01-27 23:44:58,028][root][INFO] - Got correlated params for 1357 patients
[2025-01-27 23:44:58,029][root][INFO] - Simulating beta_c parameters
[2025-01-27 23:44:58,030][root][INFO] - Randomising outputs
[2025-01-27 23:45:20,461][src.data.cancer_sim.dataset][INFO] - Processing train dataset before training
[2025-01-27 23:45:21,368][src.data.cancer_sim.dataset][INFO] - Shape of processed train data: {'cancer_volume': (10000, 60), 'chemo_dosage': (10000, 60), 'radio_dosage': (10000, 60), 'chemo_application': (10000, 60), 'radio_application': (10000, 60), 'chemo_probabilities': (10000, 60), 'radio_probabilities': (10000, 60), 'sequence_lengths': (10000,), 'death_flags': (10000, 60), 'recovery_flags': (10000, 60), 'patient_types': (10000,), 'prev_treatments': (10000, 59, 4), 'current_treatments': (10000, 59, 4), 'current_covariates': (10000, 59, 2), 'outputs': (10000, 59, 1), 'active_entries': (10000, 59, 1), 'unscaled_outputs': (10000, 59, 1), 'prev_outputs': (10000, 59, 1), 'static_features': (10000, 1)}
[2025-01-27 23:45:21,369][src.data.cancer_sim.dataset][INFO] - Processing val dataset before training
[2025-01-27 23:45:21,460][src.data.cancer_sim.dataset][INFO] - Shape of processed val data: {'cancer_volume': (1000, 60), 'chemo_dosage': (1000, 60), 'radio_dosage': (1000, 60), 'chemo_application': (1000, 60), 'radio_application': (1000, 60), 'chemo_probabilities': (1000, 60), 'radio_probabilities': (1000, 60), 'sequence_lengths': (1000,), 'death_flags': (1000, 60), 'recovery_flags': (1000, 60), 'patient_types': (1000,), 'prev_treatments': (1000, 59, 4), 'current_treatments': (1000, 59, 4), 'current_covariates': (1000, 59, 2), 'outputs': (1000, 59, 1), 'active_entries': (1000, 59, 1), 'unscaled_outputs': (1000, 59, 1), 'prev_outputs': (1000, 59, 1), 'static_features': (1000, 1)}
[2025-01-27 23:45:21,460][src.data.cancer_sim.dataset][INFO] - Processing test dataset before training
[2025-01-27 23:45:25,723][src.data.cancer_sim.dataset][INFO] - Processing train dataset before training
[2025-01-27 23:45:26,620][src.data.cancer_sim.dataset][INFO] - Shape of processed train data: {'cancer_volume': (10000, 60), 'chemo_dosage': (10000, 60), 'radio_dosage': (10000, 60), 'chemo_application': (10000, 60), 'radio_application': (10000, 60), 'chemo_probabilities': (10000, 60), 'radio_probabilities': (10000, 60), 'sequence_lengths': (10000,), 'death_flags': (10000, 60), 'recovery_flags': (10000, 60), 'patient_types': (10000,), 'prev_treatments': (10000, 59, 4), 'current_treatments': (10000, 59, 4), 'current_covariates': (10000, 59, 2), 'outputs': (10000, 59, 1), 'active_entries': (10000, 59, 1), 'unscaled_outputs': (10000, 59, 1), 'prev_outputs': (10000, 59, 1), 'static_features': (10000, 1)}
[2025-01-27 23:45:26,621][src.data.cancer_sim.dataset][INFO] - Processing val dataset before training
[2025-01-27 23:45:26,711][src.data.cancer_sim.dataset][INFO] - Shape of processed val data: {'cancer_volume': (1000, 60), 'chemo_dosage': (1000, 60), 'radio_dosage': (1000, 60), 'chemo_application': (1000, 60), 'radio_application': (1000, 60), 'chemo_probabilities': (1000, 60), 'radio_probabilities': (1000, 60), 'sequence_lengths': (1000,), 'death_flags': (1000, 60), 'recovery_flags': (1000, 60), 'patient_types': (1000,), 'prev_treatments': (1000, 59, 4), 'current_treatments': (1000, 59, 4), 'current_covariates': (1000, 59, 2), 'outputs': (1000, 59, 1), 'active_entries': (1000, 59, 1), 'unscaled_outputs': (1000, 59, 1), 'prev_outputs': (1000, 59, 1), 'static_features': (1000, 1)}
[2025-01-27 23:45:26,712][src.data.cancer_sim.dataset][INFO] - Processing test dataset before training
[2025-01-27 23:45:40,560][src.data.cancer_sim.dataset][INFO] - Shape of processed test data: {'cancer_volume': (225248, 60), 'chemo_application': (225248, 60), 'radio_application': (225248, 60), 'sequence_lengths': (225248,), 'patient_types': (225248,), 'prev_treatments': (225248, 59, 4), 'current_treatments': (225248, 59, 4), 'current_covariates': (225248, 59, 2), 'outputs': (225248, 59, 1), 'active_entries': (225248, 59, 1), 'unscaled_outputs': (225248, 59, 1), 'prev_outputs': (225248, 59, 1), 'static_features': (225248, 1)}
[2025-01-27 23:45:40,562][src.data.cancer_sim.dataset][INFO] - Processing test dataset before training
[2025-01-27 23:45:45,896][src.data.cancer_sim.dataset][INFO] - Shape of processed test data: {'cancer_volume': (225248, 60), 'chemo_application': (225248, 60), 'radio_application': (225248, 60), 'sequence_lengths': (225248,), 'patient_types': (225248,), 'prev_treatments': (225248, 59, 4), 'current_treatments': (225248, 59, 4), 'current_covariates': (225248, 59, 2), 'outputs': (225248, 59, 1), 'active_entries': (225248, 59, 1), 'unscaled_outputs': (225248, 59, 1), 'prev_outputs': (225248, 59, 1), 'static_features': (225248, 1)}
[2025-01-27 23:45:45,898][src.data.cancer_sim.dataset][INFO] - Processing test dataset before training
[2025-01-27 23:46:33,222][src.data.cancer_sim.dataset][INFO] - Shape of processed test data: {'cancer_volume': (554444, 65), 'chemo_application': (554444, 65), 'radio_application': (554444, 65), 'sequence_lengths': (554444,), 'patient_types': (554444,), 'patient_ids_all_trajectories': (554444,), 'patient_current_t': (554444,), 'prev_treatments': (554444, 64, 4), 'current_treatments': (554444, 64, 4), 'current_covariates': (554444, 64, 2), 'outputs': (554444, 64, 1), 'active_entries': (554444, 64, 1), 'unscaled_outputs': (554444, 64, 1), 'prev_outputs': (554444, 64, 1), 'static_features': (554444, 1)}
[2025-01-27 23:46:33,226][src.data.cancer_sim.dataset][INFO] - Processing test dataset before testing (multiple sequences)
[2025-01-27 23:46:38,652][src.data.cancer_sim.dataset][INFO] - Shape of processed test data: {'cancer_volume': (554444, 65), 'chemo_application': (554444, 65), 'radio_application': (554444, 65), 'sequence_lengths': (554444,), 'patient_types': (554444,), 'patient_ids_all_trajectories': (554444,), 'patient_current_t': (554444,), 'prev_treatments': (554444, 64, 4), 'current_treatments': (554444, 64, 4), 'current_covariates': (554444, 64, 2), 'outputs': (554444, 64, 1), 'active_entries': (554444, 64, 1), 'unscaled_outputs': (554444, 64, 1), 'prev_outputs': (554444, 64, 1), 'static_features': (554444, 1)}
[2025-01-27 23:46:38,656][src.data.cancer_sim.dataset][INFO] - Processing test dataset before testing (multiple sequences)
[2025-01-27 23:46:40,565][src.data.cancer_sim.dataset][INFO] - Shape of processed test data: {'active_encoder_r': (554444, 59), 'prev_treatments': (554444, 5, 4), 'current_treatments': (554444, 5, 4), 'current_covariates': (554444, 5, 2), 'prev_outputs': (554444, 5, 1), 'static_features': (554444, 1), 'outputs': (554444, 5, 1), 'sequence_lengths': (554444,), 'active_entries': (554444, 5, 1), 'unscaled_outputs': (554444, 5, 1), 'patient_types': (554444,), 'patient_ids_all_trajectories': (554444,), 'patient_current_t': (554444,)}
[2025-01-27 23:46:43,064][src.models.ct][INFO] - Max input size of multi: 4
[2025-01-27 23:46:46,359][src.data.cancer_sim.dataset][INFO] - Shape of processed test data: {'active_encoder_r': (554444, 59), 'prev_treatments': (554444, 5, 4), 'current_treatments': (554444, 5, 4), 'current_covariates': (554444, 5, 2), 'prev_outputs': (554444, 5, 1), 'static_features': (554444, 1), 'outputs': (554444, 5, 1), 'sequence_lengths': (554444,), 'active_entries': (554444, 5, 1), 'unscaled_outputs': (554444, 5, 1), 'patient_types': (554444,), 'patient_ids_all_trajectories': (554444,), 'patient_current_t': (554444,)}
[2025-01-27 23:46:48,836][src.models.ct][INFO] - Max input size of multi: 4
[2025-01-27 23:57:21,705][src.models.time_varying_model][INFO] - RMSE calculation for val.
[2025-01-27 23:57:21,706][src.models.time_varying_model][INFO] - Predictions for val.
[2025-01-27 23:57:22,808][__main__][INFO] - Val normalised RMSE (all): 0.6461908368652315; Val normalised RMSE (orig): 0.6386107418352875
[2025-01-27 23:57:22,808][src.models.time_varying_model][INFO] - RMSE calculation for test.
[2025-01-27 23:57:22,808][src.models.time_varying_model][INFO] - Predictions for test.
[2025-01-27 23:57:41,018][__main__][INFO] - Test normalised RMSE (all): 1.5888740871800884; Test normalised RMSE (orig): 1.4277522243508662; Test normalised RMSE (only counterfactual): 1.6962640848456372
[2025-01-27 23:57:41,066][src.models.time_varying_model][INFO] - RMSE calculation for test.
[2025-01-27 23:57:41,067][src.models.ct][INFO] - Autoregressive Prediction for test.
[2025-01-27 23:57:41,069][src.models.ct][INFO] - t = 1
[2025-01-27 23:57:41,070][src.models.time_varying_model][INFO] - Predictions for test.
[2025-01-27 23:58:37,289][src.models.ct][INFO] - t = 2
[2025-01-27 23:58:37,290][src.models.time_varying_model][INFO] - Predictions for test.
[2025-01-27 23:59:33,324][src.models.ct][INFO] - t = 3
[2025-01-27 23:59:33,325][src.models.time_varying_model][INFO] - Predictions for test.
[2025-01-28 00:00:28,965][src.models.ct][INFO] - t = 4
[2025-01-28 00:00:28,966][src.models.time_varying_model][INFO] - Predictions for test.
[2025-01-28 00:01:24,431][src.models.ct][INFO] - t = 5
[2025-01-28 00:01:24,432][src.models.time_varying_model][INFO] - Predictions for test.
[2025-01-28 00:02:21,096][src.models.ct][INFO] - t = 6
[2025-01-28 00:02:21,097][src.models.time_varying_model][INFO] - Predictions for test.
[2025-01-28 00:03:18,607][__main__][INFO] - Test normalised RMSE (n-step prediction): {'2-step': 2.0394431133734394, '3-step': 2.2725480145392676, '4-step': 2.3405075674659317, '5-step': 2.3564485648844684, '6-step': 2.2641960338154297}
[2025-01-28 00:04:09,491][src.models.time_varying_model][INFO] - RMSE calculation for val.
[2025-01-28 00:04:09,491][src.models.time_varying_model][INFO] - Predictions for val.
[2025-01-28 00:04:10,308][__main__][INFO] - Val normalised RMSE (all): 0.6375653032237607; Val normalised RMSE (orig): 0.6301345322377733
[2025-01-28 00:04:10,309][src.models.time_varying_model][INFO] - RMSE calculation for test.
[2025-01-28 00:04:10,309][src.models.time_varying_model][INFO] - Predictions for test.
[2025-01-28 00:04:27,560][__main__][INFO] - Test normalised RMSE (all): 1.663474463573868; Test normalised RMSE (orig): 1.5033920591559995; Test normalised RMSE (only counterfactual): 1.7417680329387404
[2025-01-28 00:04:27,603][src.models.time_varying_model][INFO] - RMSE calculation for test.
[2025-01-28 00:04:27,604][src.models.ct][INFO] - Autoregressive Prediction for test.
[2025-01-28 00:04:27,606][src.models.ct][INFO] - t = 1
[2025-01-28 00:04:27,607][src.models.time_varying_model][INFO] - Predictions for test.
[2025-01-28 00:05:22,207][src.models.ct][INFO] - t = 2
[2025-01-28 00:05:22,208][src.models.time_varying_model][INFO] - Predictions for test.
[2025-01-28 00:06:17,316][src.models.ct][INFO] - t = 3
[2025-01-28 00:06:17,317][src.models.time_varying_model][INFO] - Predictions for test.
[2025-01-28 00:07:11,433][src.models.ct][INFO] - t = 4
[2025-01-28 00:07:11,434][src.models.time_varying_model][INFO] - Predictions for test.
[2025-01-28 00:08:05,685][src.models.ct][INFO] - t = 5
[2025-01-28 00:08:05,686][src.models.time_varying_model][INFO] - Predictions for test.
[2025-01-28 00:08:59,641][src.models.ct][INFO] - t = 6
[2025-01-28 00:08:59,641][src.models.time_varying_model][INFO] - Predictions for test.
[2025-01-28 00:09:55,046][__main__][INFO] - Test normalised RMSE (n-step prediction): {'2-step': 2.1433820322827892, '3-step': 2.3599807731222033, '4-step': 2.437268650139579, '5-step': 2.448496402610906, '6-step': 2.3605295946788862}
