[2025-01-27 17:55:40,626][__main__][INFO] - 
model:
  dim_treatments: 4
  dim_vitals: 0
  dim_static_features: 1
  dim_outcomes: 1
  name: MSM
  lag_features: 1
  propensity_treatment:
    _target_: src.models.msm.MSMPropensityTreatment
  propensity_history:
    _target_: src.models.msm.MSMPropensityHistory
  msm_regressor:
    _target_: src.models.msm.MSMRegressor
dataset:
  val_batch_size: 512
  treatment_mode: multilabel
  _target_: src.data.SyntheticCancerDatasetCollection
  name: tumor_generator
  coeff: 5.0
  chemo_coeff: 5.0
  radio_coeff: 5.0
  seed: 10
  random: false
  noise_percentage: 0.0
  num_patients:
    train: 10000
    val: 1000
    test: 1000
  window_size: 15
  lag: 0
  max_seq_length: 60
  projection_horizon: 5
  cf_seq_mode: sliding_treatment
exp:
  seed: 10
  gpus:
  - 0
  max_epochs: 100
  logging: true
  mlflow_uri: http://127.0.0.1:5000
  unscale_rmse: true
  percentage_rmse: true
  alpha: 1.0
  update_alpha: false
  alpha_rate: exp
  initial_balancing_method: null
  final_balancing_method: null
  bce_weight: false
  weights_ema: true
  beta: 0.99
  alpha_wass: 0.0001
  alpha_wass_epoch: false
  alpha_wass_growth: 0.001
  alpha_wass_max: 0.01

[2025-01-27 17:55:40,638][root][INFO] - Simulating initial volumes for stage I  with norm params: mu=1.72, sigma=4.7, lb=-0.6221218732608373, ub=-0.023523848418276528
[2025-01-27 17:55:40,640][root][INFO] - Simulating initial volumes for stage II  with norm params: mu=1.96, sigma=1.63, lb=-1.9410876100159118, ub=0.3711345751297772
[2025-01-27 17:55:40,641][root][INFO] - Simulating initial volumes for stage IIIA  with norm params: mu=1.91, sigma=9.4, lb=-0.33127370258786554, ub=0.06967546355973796
[2025-01-27 17:55:40,641][root][INFO] - Simulating initial volumes for stage IIIB  with norm params: mu=2.76, sigma=6.87, lb=-0.5769974969906748, ub=-0.02839165102452155
[2025-01-27 17:55:40,644][root][INFO] - Simulating initial volumes for stage IV  with norm params: mu=3.86, sigma=8.82, lb=-0.5741465764541877, ub=-0.14683113860980307
[2025-01-27 17:55:40,653][root][INFO] - Got correlated params for 4658 patients
[2025-01-27 17:55:40,657][root][INFO] - Got correlated params for 9338 patients
[2025-01-27 17:55:40,662][root][INFO] - Got correlated params for 13912 patients
[2025-01-27 17:55:40,669][root][INFO] - Simulating beta_c parameters
[2025-01-27 17:55:40,674][root][INFO] - Randomising outputs
[2025-01-27 17:55:58,263][root][INFO] - Simulating initial volumes for stage I  with norm params: mu=1.72, sigma=4.7, lb=-0.6221218732608373, ub=-0.023523848418276528
[2025-01-27 17:55:58,266][root][INFO] - Simulating initial volumes for stage II  with norm params: mu=1.96, sigma=1.63, lb=-1.9410876100159118, ub=0.3711345751297772
[2025-01-27 17:55:58,266][root][INFO] - Simulating initial volumes for stage IIIA  with norm params: mu=1.91, sigma=9.4, lb=-0.33127370258786554, ub=0.06967546355973796
[2025-01-27 17:55:58,267][root][INFO] - Simulating initial volumes for stage IIIB  with norm params: mu=2.76, sigma=6.87, lb=-0.5769974969906748, ub=-0.02839165102452155
[2025-01-27 17:55:58,268][root][INFO] - Simulating initial volumes for stage IV  with norm params: mu=3.86, sigma=8.82, lb=-0.5741465764541877, ub=-0.14683113860980307
[2025-01-27 17:55:58,270][root][INFO] - Got correlated params for 464 patients
[2025-01-27 17:55:58,271][root][INFO] - Got correlated params for 942 patients
[2025-01-27 17:55:58,272][root][INFO] - Got correlated params for 1398 patients
[2025-01-27 17:55:58,273][root][INFO] - Simulating beta_c parameters
[2025-01-27 17:55:58,274][root][INFO] - Randomising outputs
[2025-01-27 17:56:00,028][root][INFO] - Simulating initial volumes for stage I  with norm params: mu=1.72, sigma=4.7, lb=-0.6221218732608373, ub=-0.023523848418276528
[2025-01-27 17:56:00,030][root][INFO] - Simulating initial volumes for stage II  with norm params: mu=1.96, sigma=1.63, lb=-1.9410876100159118, ub=0.3711345751297772
[2025-01-27 17:56:00,030][root][INFO] - Simulating initial volumes for stage IIIA  with norm params: mu=1.91, sigma=9.4, lb=-0.33127370258786554, ub=0.06967546355973796
[2025-01-27 17:56:00,031][root][INFO] - Simulating initial volumes for stage IIIB  with norm params: mu=2.76, sigma=6.87, lb=-0.5769974969906748, ub=-0.02839165102452155
[2025-01-27 17:56:00,032][root][INFO] - Simulating initial volumes for stage IV  with norm params: mu=3.86, sigma=8.82, lb=-0.5741465764541877, ub=-0.14683113860980307
[2025-01-27 17:56:00,033][root][INFO] - Got correlated params for 491 patients
[2025-01-27 17:56:00,034][root][INFO] - Got correlated params for 936 patients
[2025-01-27 17:56:00,035][root][INFO] - Got correlated params for 1396 patients
[2025-01-27 17:56:00,036][root][INFO] - Simulating beta_c parameters
[2025-01-27 17:56:00,037][root][INFO] - Randomising outputs
[2025-01-27 17:56:06,343][root][INFO] - Simulating initial volumes for stage I  with norm params: mu=1.72, sigma=4.7, lb=-0.6221218732608373, ub=-0.023523848418276528
[2025-01-27 17:56:06,344][root][INFO] - Simulating initial volumes for stage II  with norm params: mu=1.96, sigma=1.63, lb=-1.9410876100159118, ub=0.3711345751297772
[2025-01-27 17:56:06,345][root][INFO] - Simulating initial volumes for stage IIIA  with norm params: mu=1.91, sigma=9.4, lb=-0.33127370258786554, ub=0.06967546355973796
[2025-01-27 17:56:06,346][root][INFO] - Simulating initial volumes for stage IIIB  with norm params: mu=2.76, sigma=6.87, lb=-0.5769974969906748, ub=-0.02839165102452155
[2025-01-27 17:56:06,346][root][INFO] - Simulating initial volumes for stage IV  with norm params: mu=3.86, sigma=8.82, lb=-0.5741465764541877, ub=-0.14683113860980307
[2025-01-27 17:56:06,348][root][INFO] - Got correlated params for 434 patients
[2025-01-27 17:56:06,349][root][INFO] - Got correlated params for 874 patients
[2025-01-27 17:56:06,350][root][INFO] - Got correlated params for 1357 patients
[2025-01-27 17:56:06,352][root][INFO] - Simulating beta_c parameters
[2025-01-27 17:56:06,353][root][INFO] - Randomising outputs
[2025-01-27 17:56:34,944][src.data.cancer_sim.dataset][INFO] - Processing train dataset before training
[2025-01-27 17:56:34,982][src.data.cancer_sim.dataset][INFO] - Shape of processed train data: {'cancer_volume': (10000, 60), 'chemo_dosage': (10000, 60), 'radio_dosage': (10000, 60), 'chemo_application': (10000, 60), 'radio_application': (10000, 60), 'chemo_probabilities': (10000, 60), 'radio_probabilities': (10000, 60), 'sequence_lengths': (10000,), 'death_flags': (10000, 60), 'recovery_flags': (10000, 60), 'patient_types': (10000,), 'prev_treatments': (10000, 59, 2), 'current_treatments': (10000, 59, 2), 'current_covariates': (10000, 59, 2), 'outputs': (10000, 59, 1), 'active_entries': (10000, 59, 1), 'unscaled_outputs': (10000, 59, 1), 'prev_outputs': (10000, 59, 1), 'static_features': (10000, 1)}
[2025-01-27 17:56:34,982][src.data.cancer_sim.dataset][INFO] - Processing val dataset before training
[2025-01-27 17:56:34,986][src.data.cancer_sim.dataset][INFO] - Shape of processed val data: {'cancer_volume': (1000, 60), 'chemo_dosage': (1000, 60), 'radio_dosage': (1000, 60), 'chemo_application': (1000, 60), 'radio_application': (1000, 60), 'chemo_probabilities': (1000, 60), 'radio_probabilities': (1000, 60), 'sequence_lengths': (1000,), 'death_flags': (1000, 60), 'recovery_flags': (1000, 60), 'patient_types': (1000,), 'prev_treatments': (1000, 59, 2), 'current_treatments': (1000, 59, 2), 'current_covariates': (1000, 59, 2), 'outputs': (1000, 59, 1), 'active_entries': (1000, 59, 1), 'unscaled_outputs': (1000, 59, 1), 'prev_outputs': (1000, 59, 1), 'static_features': (1000, 1)}
[2025-01-27 17:56:34,986][src.data.cancer_sim.dataset][INFO] - Processing test dataset before training
[2025-01-27 17:56:35,733][src.data.cancer_sim.dataset][INFO] - Shape of processed test data: {'cancer_volume': (225248, 60), 'chemo_application': (225248, 60), 'radio_application': (225248, 60), 'sequence_lengths': (225248,), 'patient_types': (225248,), 'prev_treatments': (225248, 59, 2), 'current_treatments': (225248, 59, 2), 'current_covariates': (225248, 59, 2), 'outputs': (225248, 59, 1), 'active_entries': (225248, 59, 1), 'unscaled_outputs': (225248, 59, 1), 'prev_outputs': (225248, 59, 1), 'static_features': (225248, 1)}
[2025-01-27 17:56:35,733][src.data.cancer_sim.dataset][INFO] - Processing test dataset before training
[2025-01-27 17:56:37,748][src.data.cancer_sim.dataset][INFO] - Shape of processed test data: {'cancer_volume': (554444, 65), 'chemo_application': (554444, 65), 'radio_application': (554444, 65), 'sequence_lengths': (554444,), 'patient_types': (554444,), 'patient_ids_all_trajectories': (554444,), 'patient_current_t': (554444,), 'prev_treatments': (554444, 64, 2), 'current_treatments': (554444, 64, 2), 'current_covariates': (554444, 64, 2), 'outputs': (554444, 64, 1), 'active_entries': (554444, 64, 1), 'unscaled_outputs': (554444, 64, 1), 'prev_outputs': (554444, 64, 1), 'static_features': (554444, 1)}
[2025-01-27 17:56:37,750][src.data.cancer_sim.dataset][INFO] - Processing test dataset before testing (multiple sequences)
[2025-01-27 17:56:44,713][src.data.cancer_sim.dataset][INFO] - Shape of processed test data: {'active_encoder_r': (554444, 59), 'prev_treatments': (554444, 5, 2), 'current_treatments': (554444, 5, 2), 'current_covariates': (554444, 5, 2), 'prev_outputs': (554444, 5, 1), 'static_features': (554444, 1), 'outputs': (554444, 5, 1), 'sequence_lengths': (554444,), 'active_entries': (554444, 5, 1), 'unscaled_outputs': (554444, 5, 1), 'patient_types': (554444,), 'patient_ids_all_trajectories': (554444,), 'patient_current_t': (554444,)}
[2025-01-27 17:56:46,183][src.models.msm][INFO] - Input size of propensity_treatment: 2
[2025-01-27 17:56:47,031][src.data.cancer_sim.dataset][INFO] - Exploding train dataset before testing (multiple sequences)
[2025-01-27 17:56:50,439][src.data.cancer_sim.dataset][INFO] - Shape of processed train data: {'prev_treatments': (564277, 59, 2), 'current_treatments': (564277, 59, 2), 'static_features': (564277, 1), 'prev_outputs': (564277, 59, 1), 'outputs': (564277, 59, 1), 'unscaled_outputs': (564277, 59, 1), 'sequence_lengths': (564277,), 'active_entries': (564277, 59, 1)}
[2025-01-27 17:56:53,517][src.models.msm][INFO] - Input size of propensity_history: 4
[2025-01-27 17:56:53,945][src.data.cancer_sim.dataset][INFO] - Exploding train dataset before testing (multiple sequences)
[2025-01-27 17:56:57,355][src.data.cancer_sim.dataset][INFO] - Shape of processed train data: {'prev_treatments': (564277, 59, 2), 'current_treatments': (564277, 59, 2), 'static_features': (564277, 1), 'prev_outputs': (564277, 59, 1), 'outputs': (564277, 59, 1), 'unscaled_outputs': (564277, 59, 1), 'sequence_lengths': (564277,), 'active_entries': (564277, 59, 1)}
[2025-01-27 17:57:02,299][src.models.msm][INFO] - Input size of msm_regressor: 4
[2025-01-27 17:57:02,719][src.models.msm][INFO] - Propensity scores for train.
[2025-01-27 17:57:02,769][src.data.cancer_sim.dataset][INFO] - Exploding train dataset before testing (multiple sequences)
[2025-01-27 17:57:06,275][src.data.cancer_sim.dataset][INFO] - Shape of processed train data: {'prev_treatments': (580000, 59, 2), 'current_treatments': (580000, 59, 2), 'static_features': (580000, 1), 'prev_outputs': (580000, 59, 1), 'outputs': (580000, 59, 1), 'unscaled_outputs': (580000, 59, 1), 'sequence_lengths': (580000,), 'active_entries': (580000, 59, 1)}
[2025-01-27 17:57:07,325][src.models.msm][INFO] - Propensity scores for train.
[2025-01-27 17:57:07,386][src.data.cancer_sim.dataset][INFO] - Exploding train dataset before testing (multiple sequences)
[2025-01-27 17:57:10,984][src.data.cancer_sim.dataset][INFO] - Shape of processed train data: {'prev_treatments': (580000, 59, 2), 'current_treatments': (580000, 59, 2), 'static_features': (580000, 1), 'prev_outputs': (580000, 59, 1), 'outputs': (580000, 59, 1), 'unscaled_outputs': (580000, 59, 1), 'sequence_lengths': (580000,), 'active_entries': (580000, 59, 1)}
[2025-01-27 17:57:12,664][src.data.cancer_sim.dataset][INFO] - Exploding train dataset before testing (multiple sequences)
[2025-01-27 17:57:16,607][src.data.cancer_sim.dataset][INFO] - Shape of processed train data: {'prev_treatments': (564277, 59, 2), 'current_treatments': (564277, 59, 2), 'static_features': (564277, 1), 'prev_outputs': (564277, 59, 1), 'outputs': (564277, 59, 1), 'unscaled_outputs': (564277, 59, 1), 'sequence_lengths': (564277,), 'active_entries': (564277, 59, 1), 'stabilized_weights': (564277, 59)}
[2025-01-27 17:57:19,928][src.data.cancer_sim.dataset][INFO] - Exploding train dataset before testing (multiple sequences)
[2025-01-27 17:57:23,809][src.data.cancer_sim.dataset][INFO] - Shape of processed train data: {'prev_treatments': (554289, 59, 2), 'current_treatments': (554289, 59, 2), 'static_features': (554289, 1), 'prev_outputs': (554289, 59, 1), 'outputs': (554289, 59, 1), 'unscaled_outputs': (554289, 59, 1), 'sequence_lengths': (554289,), 'active_entries': (554289, 59, 1), 'stabilized_weights': (554289, 59)}
[2025-01-27 17:57:27,308][src.data.cancer_sim.dataset][INFO] - Exploding train dataset before testing (multiple sequences)
[2025-01-27 17:57:31,117][src.data.cancer_sim.dataset][INFO] - Shape of processed train data: {'prev_treatments': (544384, 59, 2), 'current_treatments': (544384, 59, 2), 'static_features': (544384, 1), 'prev_outputs': (544384, 59, 1), 'outputs': (544384, 59, 1), 'unscaled_outputs': (544384, 59, 1), 'sequence_lengths': (544384,), 'active_entries': (544384, 59, 1), 'stabilized_weights': (544384, 59)}
[2025-01-27 17:57:34,548][src.data.cancer_sim.dataset][INFO] - Exploding train dataset before testing (multiple sequences)
[2025-01-27 17:57:38,212][src.data.cancer_sim.dataset][INFO] - Shape of processed train data: {'prev_treatments': (534519, 59, 2), 'current_treatments': (534519, 59, 2), 'static_features': (534519, 1), 'prev_outputs': (534519, 59, 1), 'outputs': (534519, 59, 1), 'unscaled_outputs': (534519, 59, 1), 'sequence_lengths': (534519,), 'active_entries': (534519, 59, 1), 'stabilized_weights': (534519, 59)}
[2025-01-27 17:57:41,599][src.data.cancer_sim.dataset][INFO] - Exploding train dataset before testing (multiple sequences)
[2025-01-27 17:57:45,257][src.data.cancer_sim.dataset][INFO] - Shape of processed train data: {'prev_treatments': (524689, 59, 2), 'current_treatments': (524689, 59, 2), 'static_features': (524689, 1), 'prev_outputs': (524689, 59, 1), 'outputs': (524689, 59, 1), 'unscaled_outputs': (524689, 59, 1), 'sequence_lengths': (524689,), 'active_entries': (524689, 59, 1), 'stabilized_weights': (524689, 59)}
[2025-01-27 17:57:48,622][src.data.cancer_sim.dataset][INFO] - Exploding train dataset before testing (multiple sequences)
[2025-01-27 17:57:52,240][src.data.cancer_sim.dataset][INFO] - Shape of processed train data: {'prev_treatments': (514877, 59, 2), 'current_treatments': (514877, 59, 2), 'static_features': (514877, 1), 'prev_outputs': (514877, 59, 1), 'outputs': (514877, 59, 1), 'unscaled_outputs': (514877, 59, 1), 'sequence_lengths': (514877,), 'active_entries': (514877, 59, 1), 'stabilized_weights': (514877, 59)}
[2025-01-27 17:57:55,716][src.models.time_varying_model][INFO] - RMSE calculation for test.
[2025-01-27 17:57:55,716][src.models.msm][INFO] - Predictions for test.
[2025-01-27 17:57:56,460][src.data.cancer_sim.dataset][INFO] - Exploding test dataset before testing (multiple sequences)
[2025-01-27 17:57:59,994][src.data.cancer_sim.dataset][INFO] - Shape of processed test data: {'prev_treatments': (580000, 59, 2), 'current_treatments': (580000, 59, 2), 'static_features': (580000, 1), 'prev_outputs': (580000, 59, 1), 'outputs': (580000, 59, 1), 'unscaled_outputs': (580000, 59, 1), 'sequence_lengths': (580000,), 'active_entries': (580000, 59, 1)}
[2025-01-27 17:58:03,213][src.data.cancer_sim.dataset][INFO] - Exploding test dataset before testing (multiple sequences)
[2025-01-27 17:58:06,809][src.data.cancer_sim.dataset][INFO] - Shape of processed test data: {'prev_treatments': (580000, 59, 2), 'current_treatments': (580000, 59, 2), 'static_features': (580000, 1), 'prev_outputs': (580000, 59, 1), 'outputs': (580000, 59, 1), 'unscaled_outputs': (580000, 59, 1), 'sequence_lengths': (580000,), 'active_entries': (580000, 59, 1)}
[2025-01-27 17:58:10,290][src.data.cancer_sim.dataset][INFO] - Exploding test dataset before testing (multiple sequences)
[2025-01-27 17:58:13,880][src.data.cancer_sim.dataset][INFO] - Shape of processed test data: {'prev_treatments': (580000, 59, 2), 'current_treatments': (580000, 59, 2), 'static_features': (580000, 1), 'prev_outputs': (580000, 59, 1), 'outputs': (580000, 59, 1), 'unscaled_outputs': (580000, 59, 1), 'sequence_lengths': (580000,), 'active_entries': (580000, 59, 1)}
[2025-01-27 17:58:17,336][src.data.cancer_sim.dataset][INFO] - Exploding test dataset before testing (multiple sequences)
[2025-01-27 17:58:20,955][src.data.cancer_sim.dataset][INFO] - Shape of processed test data: {'prev_treatments': (580000, 59, 2), 'current_treatments': (580000, 59, 2), 'static_features': (580000, 1), 'prev_outputs': (580000, 59, 1), 'outputs': (580000, 59, 1), 'unscaled_outputs': (580000, 59, 1), 'sequence_lengths': (580000,), 'active_entries': (580000, 59, 1)}
[2025-01-27 17:58:24,364][src.data.cancer_sim.dataset][INFO] - Exploding test dataset before testing (multiple sequences)
[2025-01-27 17:58:27,967][src.data.cancer_sim.dataset][INFO] - Shape of processed test data: {'prev_treatments': (580000, 59, 2), 'current_treatments': (580000, 59, 2), 'static_features': (580000, 1), 'prev_outputs': (580000, 59, 1), 'outputs': (580000, 59, 1), 'unscaled_outputs': (580000, 59, 1), 'sequence_lengths': (580000,), 'active_entries': (580000, 59, 1)}
[2025-01-27 17:58:31,419][src.data.cancer_sim.dataset][INFO] - Exploding test dataset before testing (multiple sequences)
[2025-01-27 17:58:35,026][src.data.cancer_sim.dataset][INFO] - Shape of processed test data: {'prev_treatments': (580000, 59, 2), 'current_treatments': (580000, 59, 2), 'static_features': (580000, 1), 'prev_outputs': (580000, 59, 1), 'outputs': (580000, 59, 1), 'unscaled_outputs': (580000, 59, 1), 'sequence_lengths': (580000,), 'active_entries': (580000, 59, 1)}
[2025-01-27 17:58:38,462][src.data.cancer_sim.dataset][INFO] - Exploding test dataset before testing (multiple sequences)
[2025-01-27 17:58:42,028][src.data.cancer_sim.dataset][INFO] - Shape of processed test data: {'prev_treatments': (580000, 59, 2), 'current_treatments': (580000, 59, 2), 'static_features': (580000, 1), 'prev_outputs': (580000, 59, 1), 'outputs': (580000, 59, 1), 'unscaled_outputs': (580000, 59, 1), 'sequence_lengths': (580000,), 'active_entries': (580000, 59, 1)}
[2025-01-27 17:58:45,444][src.data.cancer_sim.dataset][INFO] - Exploding test dataset before testing (multiple sequences)
[2025-01-27 17:58:49,337][src.data.cancer_sim.dataset][INFO] - Shape of processed test data: {'prev_treatments': (580000, 59, 2), 'current_treatments': (580000, 59, 2), 'static_features': (580000, 1), 'prev_outputs': (580000, 59, 1), 'outputs': (580000, 59, 1), 'unscaled_outputs': (580000, 59, 1), 'sequence_lengths': (580000,), 'active_entries': (580000, 59, 1)}
[2025-01-27 17:58:52,811][src.data.cancer_sim.dataset][INFO] - Exploding test dataset before testing (multiple sequences)
[2025-01-27 17:58:56,390][src.data.cancer_sim.dataset][INFO] - Shape of processed test data: {'prev_treatments': (580000, 59, 2), 'current_treatments': (580000, 59, 2), 'static_features': (580000, 1), 'prev_outputs': (580000, 59, 1), 'outputs': (580000, 59, 1), 'unscaled_outputs': (580000, 59, 1), 'sequence_lengths': (580000,), 'active_entries': (580000, 59, 1)}
[2025-01-27 17:58:59,867][src.data.cancer_sim.dataset][INFO] - Exploding test dataset before testing (multiple sequences)
[2025-01-27 17:59:03,416][src.data.cancer_sim.dataset][INFO] - Shape of processed test data: {'prev_treatments': (580000, 59, 2), 'current_treatments': (580000, 59, 2), 'static_features': (580000, 1), 'prev_outputs': (580000, 59, 1), 'outputs': (580000, 59, 1), 'unscaled_outputs': (580000, 59, 1), 'sequence_lengths': (580000,), 'active_entries': (580000, 59, 1)}
[2025-01-27 17:59:06,793][src.data.cancer_sim.dataset][INFO] - Exploding test dataset before testing (multiple sequences)
[2025-01-27 17:59:10,394][src.data.cancer_sim.dataset][INFO] - Shape of processed test data: {'prev_treatments': (580000, 59, 2), 'current_treatments': (580000, 59, 2), 'static_features': (580000, 1), 'prev_outputs': (580000, 59, 1), 'outputs': (580000, 59, 1), 'unscaled_outputs': (580000, 59, 1), 'sequence_lengths': (580000,), 'active_entries': (580000, 59, 1)}
[2025-01-27 17:59:13,875][src.data.cancer_sim.dataset][INFO] - Exploding test dataset before testing (multiple sequences)
[2025-01-27 17:59:17,474][src.data.cancer_sim.dataset][INFO] - Shape of processed test data: {'prev_treatments': (580000, 59, 2), 'current_treatments': (580000, 59, 2), 'static_features': (580000, 1), 'prev_outputs': (580000, 59, 1), 'outputs': (580000, 59, 1), 'unscaled_outputs': (580000, 59, 1), 'sequence_lengths': (580000,), 'active_entries': (580000, 59, 1)}
[2025-01-27 17:59:20,919][src.data.cancer_sim.dataset][INFO] - Exploding test dataset before testing (multiple sequences)
[2025-01-27 17:59:24,506][src.data.cancer_sim.dataset][INFO] - Shape of processed test data: {'prev_treatments': (580000, 59, 2), 'current_treatments': (580000, 59, 2), 'static_features': (580000, 1), 'prev_outputs': (580000, 59, 1), 'outputs': (580000, 59, 1), 'unscaled_outputs': (580000, 59, 1), 'sequence_lengths': (580000,), 'active_entries': (580000, 59, 1)}
[2025-01-27 17:59:27,917][src.data.cancer_sim.dataset][INFO] - Exploding test dataset before testing (multiple sequences)
[2025-01-27 17:59:31,521][src.data.cancer_sim.dataset][INFO] - Shape of processed test data: {'prev_treatments': (580000, 59, 2), 'current_treatments': (580000, 59, 2), 'static_features': (580000, 1), 'prev_outputs': (580000, 59, 1), 'outputs': (580000, 59, 1), 'unscaled_outputs': (580000, 59, 1), 'sequence_lengths': (580000,), 'active_entries': (580000, 59, 1)}
[2025-01-27 17:59:35,018][src.data.cancer_sim.dataset][INFO] - Exploding test dataset before testing (multiple sequences)
[2025-01-27 17:59:38,625][src.data.cancer_sim.dataset][INFO] - Shape of processed test data: {'prev_treatments': (580000, 59, 2), 'current_treatments': (580000, 59, 2), 'static_features': (580000, 1), 'prev_outputs': (580000, 59, 1), 'outputs': (580000, 59, 1), 'unscaled_outputs': (580000, 59, 1), 'sequence_lengths': (580000,), 'active_entries': (580000, 59, 1)}
[2025-01-27 17:59:42,147][src.data.cancer_sim.dataset][INFO] - Exploding test dataset before testing (multiple sequences)
[2025-01-27 17:59:45,751][src.data.cancer_sim.dataset][INFO] - Shape of processed test data: {'prev_treatments': (580000, 59, 2), 'current_treatments': (580000, 59, 2), 'static_features': (580000, 1), 'prev_outputs': (580000, 59, 1), 'outputs': (580000, 59, 1), 'unscaled_outputs': (580000, 59, 1), 'sequence_lengths': (580000,), 'active_entries': (580000, 59, 1)}
[2025-01-27 17:59:49,190][src.data.cancer_sim.dataset][INFO] - Exploding test dataset before testing (multiple sequences)
[2025-01-27 17:59:52,763][src.data.cancer_sim.dataset][INFO] - Shape of processed test data: {'prev_treatments': (580000, 59, 2), 'current_treatments': (580000, 59, 2), 'static_features': (580000, 1), 'prev_outputs': (580000, 59, 1), 'outputs': (580000, 59, 1), 'unscaled_outputs': (580000, 59, 1), 'sequence_lengths': (580000,), 'active_entries': (580000, 59, 1)}
[2025-01-27 17:59:56,214][src.data.cancer_sim.dataset][INFO] - Exploding test dataset before testing (multiple sequences)
[2025-01-27 17:59:59,779][src.data.cancer_sim.dataset][INFO] - Shape of processed test data: {'prev_treatments': (580000, 59, 2), 'current_treatments': (580000, 59, 2), 'static_features': (580000, 1), 'prev_outputs': (580000, 59, 1), 'outputs': (580000, 59, 1), 'unscaled_outputs': (580000, 59, 1), 'sequence_lengths': (580000,), 'active_entries': (580000, 59, 1)}
[2025-01-27 18:00:03,104][src.data.cancer_sim.dataset][INFO] - Exploding test dataset before testing (multiple sequences)
[2025-01-27 18:00:06,693][src.data.cancer_sim.dataset][INFO] - Shape of processed test data: {'prev_treatments': (580000, 59, 2), 'current_treatments': (580000, 59, 2), 'static_features': (580000, 1), 'prev_outputs': (580000, 59, 1), 'outputs': (580000, 59, 1), 'unscaled_outputs': (580000, 59, 1), 'sequence_lengths': (580000,), 'active_entries': (580000, 59, 1)}
[2025-01-27 18:00:10,039][src.data.cancer_sim.dataset][INFO] - Exploding test dataset before testing (multiple sequences)
[2025-01-27 18:00:13,694][src.data.cancer_sim.dataset][INFO] - Shape of processed test data: {'prev_treatments': (580000, 59, 2), 'current_treatments': (580000, 59, 2), 'static_features': (580000, 1), 'prev_outputs': (580000, 59, 1), 'outputs': (580000, 59, 1), 'unscaled_outputs': (580000, 59, 1), 'sequence_lengths': (580000,), 'active_entries': (580000, 59, 1)}
[2025-01-27 18:00:17,040][src.data.cancer_sim.dataset][INFO] - Exploding test dataset before testing (multiple sequences)
[2025-01-27 18:00:20,565][src.data.cancer_sim.dataset][INFO] - Shape of processed test data: {'prev_treatments': (580000, 59, 2), 'current_treatments': (580000, 59, 2), 'static_features': (580000, 1), 'prev_outputs': (580000, 59, 1), 'outputs': (580000, 59, 1), 'unscaled_outputs': (580000, 59, 1), 'sequence_lengths': (580000,), 'active_entries': (580000, 59, 1)}
[2025-01-27 18:00:23,910][src.data.cancer_sim.dataset][INFO] - Exploding test dataset before testing (multiple sequences)
[2025-01-27 18:00:27,507][src.data.cancer_sim.dataset][INFO] - Shape of processed test data: {'prev_treatments': (580000, 59, 2), 'current_treatments': (580000, 59, 2), 'static_features': (580000, 1), 'prev_outputs': (580000, 59, 1), 'outputs': (580000, 59, 1), 'unscaled_outputs': (580000, 59, 1), 'sequence_lengths': (580000,), 'active_entries': (580000, 59, 1)}
[2025-01-27 18:00:30,845][src.data.cancer_sim.dataset][INFO] - Exploding test dataset before testing (multiple sequences)
[2025-01-27 18:00:32,718][src.data.cancer_sim.dataset][INFO] - Shape of processed test data: {'prev_treatments': (304384, 59, 2), 'current_treatments': (304384, 59, 2), 'static_features': (304384, 1), 'prev_outputs': (304384, 59, 1), 'outputs': (304384, 59, 1), 'unscaled_outputs': (304384, 59, 1), 'sequence_lengths': (304384,), 'active_entries': (304384, 59, 1)}
[2025-01-27 18:00:34,720][__main__][INFO] - Test normalised RMSE (all): 3.4649274723725116; Test normalised RMSE (orig): 2.839281621291687; Test normalised RMSE (only counterfactual): 2.3732136163741275
[2025-01-27 18:00:34,749][src.models.time_varying_model][INFO] - RMSE calculation for test.
[2025-01-27 18:00:34,750][src.models.msm][INFO] - Autoregressive Prediction for test.
[2025-01-27 18:00:50,724][__main__][INFO] - Test normalised RMSE (n-step prediction): {'2-step': 3.630941218412191, '3-step': 3.3389630955909833, '4-step': 3.153983122389868, '5-step': 3.00058038990785, '6-step': 2.7357568248422406}
