[2024-11-25 21:23:08,757][__main__][INFO] - 
model:
  dim_treatments: 4
  dim_vitals: 0
  dim_static_features: 1
  dim_outcomes: 1
  name: CRN
  encoder:
    _target_: src.models.crn.CRNEncoder
    seq_hidden_units: 24
    br_size: 24
    fc_hidden_units: 96
    dropout_rate: 0.2
    num_layer: 1
    batch_size: 64
    optimizer:
      optimizer_cls: adam
      learning_rate: 0.001
      weight_decay: 0.0
      lr_scheduler: false
    tune_hparams: false
    tune_range: 50
    hparams_grid: null
    resources_per_trial: null
  train_decoder: true
  decoder:
    _target_: src.models.crn.CRNDecoder
    seq_hidden_units: null
    br_size: 24
    fc_hidden_units: 12
    dropout_rate: 0.1
    num_layer: 1
    batch_size: 1024
    optimizer:
      optimizer_cls: adam
      learning_rate: 0.001
      weight_decay: 0.0
      lr_scheduler: false
    tune_hparams: false
    tune_range: 30
    hparams_grid: null
    resources_per_trial: null
dataset:
  val_batch_size: 512
  treatment_mode: multiclass
  _target_: src.data.SyntheticCancerDatasetCollection
  name: tumor_generator
  coeff: 2.0
  chemo_coeff: 2.0
  radio_coeff: 2.0
  seed: 10
  random: true
  noise_percentage: 0.05
  num_patients:
    train: 10000
    val: 1000
    test: 1000
  window_size: 15
  lag: 0
  max_seq_length: 60
  projection_horizon: 5
  cf_seq_mode: sliding_treatment
exp:
  seed: 10
  gpus:
  - 0
  max_epochs: 200
  logging: true
  mlflow_uri: http://127.0.0.1:5000
  unscale_rmse: true
  percentage_rmse: true
  alpha: 1.0
  update_alpha: true
  alpha_rate: exp
  initial_balancing_method: grad_reverse
  final_balancing_method: grad_reverse
  bce_weight: false
  weights_ema: false
  beta: 0.99
  alpha_wass: 0.0001
  alpha_wass_epoch: false
  alpha_wass_growth: 0.001
  alpha_wass_max: 0.01
  balancing: grad_reverse
  balancing_switch_epoch: 249
  clustering_method: GMM
  number_clusters: 2
  num_timepoints: 59
  gap_epoch: 60
  checkpoint_dir: ./checkpoints/cancer/crn/2

[2024-11-25 21:23:08,790][__main__][INFO] - 
model:
  dim_treatments: 4
  dim_vitals: 0
  dim_static_features: 1
  dim_outcomes: 1
  name: CRN
  encoder:
    _target_: src.models.crn.CRNEncoder
    seq_hidden_units: 24
    br_size: 24
    fc_hidden_units: 96
    dropout_rate: 0.2
    num_layer: 1
    batch_size: 64
    optimizer:
      optimizer_cls: adam
      learning_rate: 0.001
      weight_decay: 0.0
      lr_scheduler: false
    tune_hparams: false
    tune_range: 50
    hparams_grid: null
    resources_per_trial: null
  train_decoder: true
  decoder:
    _target_: src.models.crn.CRNDecoder
    seq_hidden_units: null
    br_size: 18
    fc_hidden_units: 9
    dropout_rate: 0.1
    num_layer: 1
    batch_size: 256
    optimizer:
      optimizer_cls: adam
      learning_rate: 0.01
      weight_decay: 0.0
      lr_scheduler: false
    tune_hparams: false
    tune_range: 30
    hparams_grid: null
    resources_per_trial: null
dataset:
  val_batch_size: 512
  treatment_mode: multiclass
  _target_: src.data.SyntheticCancerDatasetCollection
  name: tumor_generator
  coeff: 3.0
  chemo_coeff: 3.0
  radio_coeff: 3.0
  seed: 10
  random: true
  noise_percentage: 0.05
  num_patients:
    train: 10000
    val: 1000
    test: 1000
  window_size: 15
  lag: 0
  max_seq_length: 60
  projection_horizon: 5
  cf_seq_mode: sliding_treatment
exp:
  seed: 10
  gpus:
  - 0
  max_epochs: 250
  logging: true
  mlflow_uri: http://127.0.0.1:5000
  unscale_rmse: true
  percentage_rmse: true
  alpha: 1.0
  update_alpha: true
  alpha_rate: exp
  initial_balancing_method: grad_reverse
  final_balancing_method: grad_reverse
  bce_weight: false
  weights_ema: false
  beta: 0.99
  alpha_wass: 0.0001
  alpha_wass_epoch: false
  alpha_wass_growth: 0.001
  alpha_wass_max: 0.01
  balancing: grad_reverse
  balancing_switch_epoch: 249
  clustering_method: GMM
  number_clusters: 2
  num_timepoints: 59
  gap_epoch: 60
  checkpoint_dir: ./checkpoints/cancer/crn/3

[2024-11-25 21:23:08,801][root][INFO] - Simulating initial volumes for stage I  with norm params: mu=1.72, sigma=4.7, lb=-0.6221218732608373, ub=-0.023523848418276528
[2024-11-25 21:23:08,801][root][INFO] - Simulating initial volumes for stage I  with norm params: mu=1.72, sigma=4.7, lb=-0.6221218732608373, ub=-0.023523848418276528
[2024-11-25 21:23:08,803][root][INFO] - Simulating initial volumes for stage II  with norm params: mu=1.96, sigma=1.63, lb=-1.9410876100159118, ub=0.3711345751297772
[2024-11-25 21:23:08,803][root][INFO] - Simulating initial volumes for stage II  with norm params: mu=1.96, sigma=1.63, lb=-1.9410876100159118, ub=0.3711345751297772
[2024-11-25 21:23:08,804][root][INFO] - Simulating initial volumes for stage IIIA  with norm params: mu=1.91, sigma=9.4, lb=-0.33127370258786554, ub=0.06967546355973796
[2024-11-25 21:23:08,804][root][INFO] - Simulating initial volumes for stage IIIA  with norm params: mu=1.91, sigma=9.4, lb=-0.33127370258786554, ub=0.06967546355973796
[2024-11-25 21:23:08,805][root][INFO] - Simulating initial volumes for stage IIIB  with norm params: mu=2.76, sigma=6.87, lb=-0.5769974969906748, ub=-0.02839165102452155
[2024-11-25 21:23:08,805][root][INFO] - Simulating initial volumes for stage IIIB  with norm params: mu=2.76, sigma=6.87, lb=-0.5769974969906748, ub=-0.02839165102452155
[2024-11-25 21:23:08,807][root][INFO] - Simulating initial volumes for stage IV  with norm params: mu=3.86, sigma=8.82, lb=-0.5741465764541877, ub=-0.14683113860980307
[2024-11-25 21:23:08,808][root][INFO] - Simulating initial volumes for stage IV  with norm params: mu=3.86, sigma=8.82, lb=-0.5741465764541877, ub=-0.14683113860980307
[2024-11-25 21:23:08,842][root][INFO] - Got correlated params for 4658 patients
[2024-11-25 21:23:08,842][root][INFO] - Got correlated params for 4658 patients
[2024-11-25 21:23:08,847][root][INFO] - Got correlated params for 9338 patients
[2024-11-25 21:23:08,847][root][INFO] - Got correlated params for 9338 patients
[2024-11-25 21:23:08,852][root][INFO] - Got correlated params for 13912 patients
[2024-11-25 21:23:08,852][root][INFO] - Got correlated params for 13912 patients
[2024-11-25 21:23:08,860][root][INFO] - Simulating beta_c parameters
[2024-11-25 21:23:08,860][root][INFO] - Simulating beta_c parameters
[2024-11-25 21:23:08,865][root][INFO] - Randomising outputs
[2024-11-25 21:23:08,865][root][INFO] - Randomising outputs
[2024-11-25 21:23:23,420][src.data.cancer_sim.dataset][INFO] - Processing train dataset before training
[2024-11-25 21:23:24,412][src.data.cancer_sim.dataset][INFO] - Shape of processed train data: {'cancer_volume': (10000, 60), 'chemo_dosage': (10000, 60), 'radio_dosage': (10000, 60), 'chemo_application': (10000, 60), 'radio_application': (10000, 60), 'chemo_probabilities': (10000, 60), 'radio_probabilities': (10000, 60), 'sequence_lengths': (10000,), 'death_flags': (10000, 60), 'recovery_flags': (10000, 60), 'patient_types': (10000,), 'prev_treatments': (10000, 59, 4), 'current_treatments': (10000, 59, 4), 'current_covariates': (10000, 59, 2), 'outputs': (10000, 59, 1), 'active_entries': (10000, 59, 1), 'unscaled_outputs': (10000, 59, 1), 'prev_outputs': (10000, 59, 1), 'static_features': (10000, 1)}
[2024-11-25 21:23:24,465][root][INFO] - Simulating initial volumes for stage I  with norm params: mu=1.72, sigma=4.7, lb=-0.6221218732608373, ub=-0.023523848418276528
[2024-11-25 21:23:24,466][root][INFO] - Simulating initial volumes for stage II  with norm params: mu=1.96, sigma=1.63, lb=-1.9410876100159118, ub=0.3711345751297772
[2024-11-25 21:23:24,466][root][INFO] - Simulating initial volumes for stage IIIA  with norm params: mu=1.91, sigma=9.4, lb=-0.33127370258786554, ub=0.06967546355973796
[2024-11-25 21:23:24,467][root][INFO] - Simulating initial volumes for stage IIIB  with norm params: mu=2.76, sigma=6.87, lb=-0.5769974969906748, ub=-0.02839165102452155
[2024-11-25 21:23:24,468][root][INFO] - Simulating initial volumes for stage IV  with norm params: mu=3.86, sigma=8.82, lb=-0.5741465764541877, ub=-0.14683113860980307
[2024-11-25 21:23:24,470][root][INFO] - Got correlated params for 455 patients
[2024-11-25 21:23:24,471][root][INFO] - Got correlated params for 905 patients
[2024-11-25 21:23:24,472][root][INFO] - Got correlated params for 1366 patients
[2024-11-25 21:23:24,473][root][INFO] - Simulating beta_c parameters
[2024-11-25 21:23:24,474][root][INFO] - Randomising outputs
[2024-11-25 21:23:25,934][root][INFO] - Simulating initial volumes for stage I  with norm params: mu=1.72, sigma=4.7, lb=-0.6221218732608373, ub=-0.023523848418276528
[2024-11-25 21:23:25,934][root][INFO] - Simulating initial volumes for stage II  with norm params: mu=1.96, sigma=1.63, lb=-1.9410876100159118, ub=0.3711345751297772
[2024-11-25 21:23:25,935][root][INFO] - Simulating initial volumes for stage IIIA  with norm params: mu=1.91, sigma=9.4, lb=-0.33127370258786554, ub=0.06967546355973796
[2024-11-25 21:23:25,935][root][INFO] - Simulating initial volumes for stage IIIB  with norm params: mu=2.76, sigma=6.87, lb=-0.5769974969906748, ub=-0.02839165102452155
[2024-11-25 21:23:25,936][root][INFO] - Simulating initial volumes for stage IV  with norm params: mu=3.86, sigma=8.82, lb=-0.5741465764541877, ub=-0.14683113860980307
[2024-11-25 21:23:25,937][root][INFO] - Got correlated params for 493 patients
[2024-11-25 21:23:25,938][root][INFO] - Got correlated params for 947 patients
[2024-11-25 21:23:25,939][root][INFO] - Got correlated params for 1403 patients
[2024-11-25 21:23:25,940][root][INFO] - Simulating beta_c parameters
[2024-11-25 21:23:25,941][root][INFO] - Randomising outputs
[2024-11-25 21:23:26,524][src.data.cancer_sim.dataset][INFO] - Processing train dataset before training
[2024-11-25 21:23:27,455][src.data.cancer_sim.dataset][INFO] - Shape of processed train data: {'cancer_volume': (10000, 60), 'chemo_dosage': (10000, 60), 'radio_dosage': (10000, 60), 'chemo_application': (10000, 60), 'radio_application': (10000, 60), 'chemo_probabilities': (10000, 60), 'radio_probabilities': (10000, 60), 'sequence_lengths': (10000,), 'death_flags': (10000, 60), 'recovery_flags': (10000, 60), 'patient_types': (10000,), 'prev_treatments': (10000, 59, 4), 'current_treatments': (10000, 59, 4), 'current_covariates': (10000, 59, 2), 'outputs': (10000, 59, 1), 'active_entries': (10000, 59, 1), 'unscaled_outputs': (10000, 59, 1), 'prev_outputs': (10000, 59, 1), 'static_features': (10000, 1)}
[2024-11-25 21:23:27,529][root][INFO] - Simulating initial volumes for stage I  with norm params: mu=1.72, sigma=4.7, lb=-0.6221218732608373, ub=-0.023523848418276528
[2024-11-25 21:23:27,530][root][INFO] - Simulating initial volumes for stage II  with norm params: mu=1.96, sigma=1.63, lb=-1.9410876100159118, ub=0.3711345751297772
[2024-11-25 21:23:27,531][root][INFO] - Simulating initial volumes for stage IIIA  with norm params: mu=1.91, sigma=9.4, lb=-0.33127370258786554, ub=0.06967546355973796
[2024-11-25 21:23:27,532][root][INFO] - Simulating initial volumes for stage IIIB  with norm params: mu=2.76, sigma=6.87, lb=-0.5769974969906748, ub=-0.02839165102452155
[2024-11-25 21:23:27,533][root][INFO] - Simulating initial volumes for stage IV  with norm params: mu=3.86, sigma=8.82, lb=-0.5741465764541877, ub=-0.14683113860980307
[2024-11-25 21:23:27,535][root][INFO] - Got correlated params for 455 patients
[2024-11-25 21:23:27,536][root][INFO] - Got correlated params for 905 patients
[2024-11-25 21:23:27,537][root][INFO] - Got correlated params for 1366 patients
[2024-11-25 21:23:27,538][root][INFO] - Simulating beta_c parameters
[2024-11-25 21:23:27,539][root][INFO] - Randomising outputs
[2024-11-25 21:23:29,273][root][INFO] - Simulating initial volumes for stage I  with norm params: mu=1.72, sigma=4.7, lb=-0.6221218732608373, ub=-0.023523848418276528
[2024-11-25 21:23:29,273][root][INFO] - Simulating initial volumes for stage II  with norm params: mu=1.96, sigma=1.63, lb=-1.9410876100159118, ub=0.3711345751297772
[2024-11-25 21:23:29,274][root][INFO] - Simulating initial volumes for stage IIIA  with norm params: mu=1.91, sigma=9.4, lb=-0.33127370258786554, ub=0.06967546355973796
[2024-11-25 21:23:29,274][root][INFO] - Simulating initial volumes for stage IIIB  with norm params: mu=2.76, sigma=6.87, lb=-0.5769974969906748, ub=-0.02839165102452155
[2024-11-25 21:23:29,275][root][INFO] - Simulating initial volumes for stage IV  with norm params: mu=3.86, sigma=8.82, lb=-0.5741465764541877, ub=-0.14683113860980307
[2024-11-25 21:23:29,277][root][INFO] - Got correlated params for 493 patients
[2024-11-25 21:23:29,278][root][INFO] - Got correlated params for 947 patients
[2024-11-25 21:23:29,279][root][INFO] - Got correlated params for 1403 patients
[2024-11-25 21:23:29,280][root][INFO] - Simulating beta_c parameters
[2024-11-25 21:23:29,281][root][INFO] - Randomising outputs
[2024-11-25 21:23:32,752][root][INFO] - Simulating initial volumes for stage I  with norm params: mu=1.72, sigma=4.7, lb=-0.6221218732608373, ub=-0.023523848418276528
[2024-11-25 21:23:32,753][root][INFO] - Simulating initial volumes for stage II  with norm params: mu=1.96, sigma=1.63, lb=-1.9410876100159118, ub=0.3711345751297772
[2024-11-25 21:23:32,754][root][INFO] - Simulating initial volumes for stage IIIA  with norm params: mu=1.91, sigma=9.4, lb=-0.33127370258786554, ub=0.06967546355973796
[2024-11-25 21:23:32,755][root][INFO] - Simulating initial volumes for stage IIIB  with norm params: mu=2.76, sigma=6.87, lb=-0.5769974969906748, ub=-0.02839165102452155
[2024-11-25 21:23:32,755][root][INFO] - Simulating initial volumes for stage IV  with norm params: mu=3.86, sigma=8.82, lb=-0.5741465764541877, ub=-0.14683113860980307
[2024-11-25 21:23:32,758][root][INFO] - Got correlated params for 445 patients
[2024-11-25 21:23:32,759][root][INFO] - Got correlated params for 895 patients
[2024-11-25 21:23:32,760][root][INFO] - Got correlated params for 1355 patients
[2024-11-25 21:23:32,761][root][INFO] - Simulating beta_c parameters
[2024-11-25 21:23:32,762][root][INFO] - Randomising outputs
[2024-11-25 21:23:37,423][root][INFO] - Simulating initial volumes for stage I  with norm params: mu=1.72, sigma=4.7, lb=-0.6221218732608373, ub=-0.023523848418276528
[2024-11-25 21:23:37,424][root][INFO] - Simulating initial volumes for stage II  with norm params: mu=1.96, sigma=1.63, lb=-1.9410876100159118, ub=0.3711345751297772
[2024-11-25 21:23:37,425][root][INFO] - Simulating initial volumes for stage IIIA  with norm params: mu=1.91, sigma=9.4, lb=-0.33127370258786554, ub=0.06967546355973796
[2024-11-25 21:23:37,425][root][INFO] - Simulating initial volumes for stage IIIB  with norm params: mu=2.76, sigma=6.87, lb=-0.5769974969906748, ub=-0.02839165102452155
[2024-11-25 21:23:37,426][root][INFO] - Simulating initial volumes for stage IV  with norm params: mu=3.86, sigma=8.82, lb=-0.5741465764541877, ub=-0.14683113860980307
[2024-11-25 21:23:37,428][root][INFO] - Got correlated params for 445 patients
[2024-11-25 21:23:37,429][root][INFO] - Got correlated params for 895 patients
[2024-11-25 21:23:37,430][root][INFO] - Got correlated params for 1355 patients
[2024-11-25 21:23:37,431][root][INFO] - Simulating beta_c parameters
[2024-11-25 21:23:37,432][root][INFO] - Randomising outputs
[2024-11-25 21:23:58,022][src.data.cancer_sim.dataset][INFO] - train Dataset already processed
[2024-11-25 21:23:58,023][src.data.cancer_sim.dataset][INFO] - Processing val dataset before training
[2024-11-25 21:23:58,124][src.data.cancer_sim.dataset][INFO] - Shape of processed val data: {'cancer_volume': (1000, 60), 'chemo_dosage': (1000, 60), 'radio_dosage': (1000, 60), 'chemo_application': (1000, 60), 'radio_application': (1000, 60), 'chemo_probabilities': (1000, 60), 'radio_probabilities': (1000, 60), 'sequence_lengths': (1000,), 'death_flags': (1000, 60), 'recovery_flags': (1000, 60), 'patient_types': (1000,), 'prev_treatments': (1000, 59, 4), 'current_treatments': (1000, 59, 4), 'current_covariates': (1000, 59, 2), 'outputs': (1000, 59, 1), 'active_entries': (1000, 59, 1), 'unscaled_outputs': (1000, 59, 1), 'prev_outputs': (1000, 59, 1), 'static_features': (1000, 1)}
[2024-11-25 21:23:58,125][src.data.cancer_sim.dataset][INFO] - Processing test dataset before training
[2024-11-25 21:24:07,332][src.data.cancer_sim.dataset][INFO] - train Dataset already processed
[2024-11-25 21:24:07,333][src.data.cancer_sim.dataset][INFO] - Processing val dataset before training
[2024-11-25 21:24:07,431][src.data.cancer_sim.dataset][INFO] - Shape of processed val data: {'cancer_volume': (1000, 60), 'chemo_dosage': (1000, 60), 'radio_dosage': (1000, 60), 'chemo_application': (1000, 60), 'radio_application': (1000, 60), 'chemo_probabilities': (1000, 60), 'radio_probabilities': (1000, 60), 'sequence_lengths': (1000,), 'death_flags': (1000, 60), 'recovery_flags': (1000, 60), 'patient_types': (1000,), 'prev_treatments': (1000, 59, 4), 'current_treatments': (1000, 59, 4), 'current_covariates': (1000, 59, 2), 'outputs': (1000, 59, 1), 'active_entries': (1000, 59, 1), 'unscaled_outputs': (1000, 59, 1), 'prev_outputs': (1000, 59, 1), 'static_features': (1000, 1)}
[2024-11-25 21:24:07,431][src.data.cancer_sim.dataset][INFO] - Processing test dataset before training
[2024-11-25 21:24:18,274][src.data.cancer_sim.dataset][INFO] - Shape of processed test data: {'cancer_volume': (222916, 60), 'chemo_application': (222916, 60), 'radio_application': (222916, 60), 'sequence_lengths': (222916,), 'patient_types': (222916,), 'prev_treatments': (222916, 59, 4), 'current_treatments': (222916, 59, 4), 'current_covariates': (222916, 59, 2), 'outputs': (222916, 59, 1), 'active_entries': (222916, 59, 1), 'unscaled_outputs': (222916, 59, 1), 'prev_outputs': (222916, 59, 1), 'static_features': (222916, 1)}
[2024-11-25 21:24:19,094][src.models.crn][INFO] - Input size of encoder: 6
[2024-11-25 21:24:27,254][src.data.cancer_sim.dataset][INFO] - Shape of processed test data: {'cancer_volume': (222916, 60), 'chemo_application': (222916, 60), 'radio_application': (222916, 60), 'sequence_lengths': (222916,), 'patient_types': (222916,), 'prev_treatments': (222916, 59, 4), 'current_treatments': (222916, 59, 4), 'current_covariates': (222916, 59, 2), 'outputs': (222916, 59, 1), 'active_entries': (222916, 59, 1), 'unscaled_outputs': (222916, 59, 1), 'prev_outputs': (222916, 59, 1), 'static_features': (222916, 1)}
[2024-11-25 21:24:27,745][src.models.crn][INFO] - Input size of encoder: 6
[2024-11-25 22:01:14,701][src.models.time_varying_model][INFO] - RMSE calculation for val.
[2024-11-25 22:01:14,702][src.models.time_varying_model][INFO] - Predictions for val.
[2024-11-25 22:01:15,412][__main__][INFO] - Val normalised RMSE (all): 0.6275611105198026; Val normalised RMSE (orig): 0.6193347099423562
[2024-11-25 22:01:15,412][src.models.time_varying_model][INFO] - RMSE calculation for test.
[2024-11-25 22:01:15,412][src.models.time_varying_model][INFO] - Predictions for test.
[2024-11-25 22:01:29,935][__main__][INFO] - Test normalised RMSE (all): 0.8070793147243331; Test normalised RMSE (orig): 0.585199666589158; Test normalised RMSE (only counterfactual): 0.7571002080150667
[2024-11-25 22:01:30,006][src.models.crn][INFO] - Input size of decoder: 6
[2024-11-25 22:01:30,026][src.data.cancer_sim.dataset][INFO] - train Dataset already processed
[2024-11-25 22:01:30,026][src.data.cancer_sim.dataset][INFO] - val Dataset already processed
[2024-11-25 22:01:30,026][src.data.cancer_sim.dataset][INFO] - Processing test dataset before training
[2024-11-25 22:02:25,178][src.data.cancer_sim.dataset][INFO] - Shape of processed test data: {'cancer_volume': (565098, 65), 'chemo_application': (565098, 65), 'radio_application': (565098, 65), 'sequence_lengths': (565098,), 'patient_types': (565098,), 'patient_ids_all_trajectories': (565098,), 'patient_current_t': (565098,), 'prev_treatments': (565098, 64, 4), 'current_treatments': (565098, 64, 4), 'current_covariates': (565098, 64, 2), 'outputs': (565098, 64, 1), 'active_entries': (565098, 64, 1), 'unscaled_outputs': (565098, 64, 1), 'prev_outputs': (565098, 64, 1), 'static_features': (565098, 1)}
[2024-11-25 22:02:25,180][src.models.time_varying_model][INFO] - Balanced representations inference for train.
[2024-11-25 22:02:26,729][src.models.time_varying_model][INFO] - Balanced representations inference for val.
[2024-11-25 22:02:27,457][src.models.time_varying_model][INFO] - Balanced representations inference for test.
[2024-11-25 22:03:03,431][src.models.time_varying_model][INFO] - Predictions for test.
[2024-11-25 22:03:41,057][src.data.cancer_sim.dataset][INFO] - Processing train dataset before training (multiple sequences)
[2024-11-25 22:03:44,061][src.data.cancer_sim.dataset][INFO] - Shape of processed train data: {'init_state': (507446, 24), 'original_index': (507446,), 'active_encoder_r': (507446, 59), 'prev_treatments': (507446, 5, 4), 'current_treatments': (507446, 5, 4), 'current_covariates': (507446, 5, 2), 'prev_outputs': (507446, 5, 1), 'static_features': (507446, 1), 'outputs': (507446, 5, 1), 'sequence_lengths': (507446,), 'active_entries': (507446, 5, 1), 'unscaled_outputs': (507446, 5, 1)}
[2024-11-25 22:03:44,063][src.data.cancer_sim.dataset][INFO] - Processing val dataset before training (multiple sequences)
[2024-11-25 22:03:44,360][src.data.cancer_sim.dataset][INFO] - Shape of processed val data: {'init_state': (51251, 24), 'original_index': (51251,), 'active_encoder_r': (51251, 59), 'prev_treatments': (51251, 5, 4), 'current_treatments': (51251, 5, 4), 'current_covariates': (51251, 5, 2), 'prev_outputs': (51251, 5, 1), 'static_features': (51251, 1), 'outputs': (51251, 5, 1), 'sequence_lengths': (51251,), 'active_entries': (51251, 5, 1), 'unscaled_outputs': (51251, 5, 1)}
[2024-11-25 22:03:44,360][src.data.cancer_sim.dataset][INFO] - Processing test dataset before testing (multiple sequences)
[2024-11-25 22:03:52,671][src.data.cancer_sim.dataset][INFO] - Shape of processed test data: {'active_encoder_r': (565098, 59), 'prev_treatments': (565098, 5, 4), 'current_treatments': (565098, 5, 4), 'current_covariates': (565098, 5, 2), 'prev_outputs': (565098, 5, 1), 'static_features': (565098, 1), 'outputs': (565098, 5, 1), 'sequence_lengths': (565098,), 'active_entries': (565098, 5, 1), 'unscaled_outputs': (565098, 5, 1), 'patient_types': (565098,), 'patient_ids_all_trajectories': (565098,), 'patient_current_t': (565098,), 'init_state': (565098, 24)}
[2024-11-25 22:03:52,718][src.data.cancer_sim.dataset][INFO] - Processing test dataset before testing (autoregressive)
[2024-11-25 22:03:55,338][src.data.cancer_sim.dataset][INFO] - Shape of processed test data: {'current_covariates': (565098, 5, 2), 'prev_treatments': (565098, 5, 4), 'current_treatments': (565098, 5, 4), 'init_state': (565098, 24), 'active_encoder_r': (565098, 59), 'active_entries': (565098, 5, 1), 'prev_outputs': (565098, 5, 1), 'static_features': (565098, 1)}
[2024-11-25 22:11:25,568][src.models.time_varying_model][INFO] - RMSE calculation for val.
[2024-11-25 22:11:25,568][src.models.time_varying_model][INFO] - Predictions for val.
[2024-11-25 22:11:26,225][__main__][INFO] - Val normalised RMSE (all): 0.6274300283742293; Val normalised RMSE (orig): 0.6215948184637953
[2024-11-25 22:11:26,225][src.models.time_varying_model][INFO] - RMSE calculation for test.
[2024-11-25 22:11:26,226][src.models.time_varying_model][INFO] - Predictions for test.
[2024-11-25 22:11:45,795][__main__][INFO] - Test normalised RMSE (all): 0.8458137003736149; Test normalised RMSE (orig): 0.620259647785709; Test normalised RMSE (only counterfactual): 0.8213607197718116
[2024-11-25 22:11:45,861][src.models.crn][INFO] - Input size of decoder: 6
[2024-11-25 22:11:45,882][src.data.cancer_sim.dataset][INFO] - train Dataset already processed
[2024-11-25 22:11:45,882][src.data.cancer_sim.dataset][INFO] - val Dataset already processed
[2024-11-25 22:11:45,882][src.data.cancer_sim.dataset][INFO] - Processing test dataset before training
[2024-11-25 22:12:40,311][src.data.cancer_sim.dataset][INFO] - Shape of processed test data: {'cancer_volume': (573992, 65), 'chemo_application': (573992, 65), 'radio_application': (573992, 65), 'sequence_lengths': (573992,), 'patient_types': (573992,), 'patient_ids_all_trajectories': (573992,), 'patient_current_t': (573992,), 'prev_treatments': (573992, 64, 4), 'current_treatments': (573992, 64, 4), 'current_covariates': (573992, 64, 2), 'outputs': (573992, 64, 1), 'active_entries': (573992, 64, 1), 'unscaled_outputs': (573992, 64, 1), 'prev_outputs': (573992, 64, 1), 'static_features': (573992, 1)}
[2024-11-25 22:12:40,314][src.models.time_varying_model][INFO] - Balanced representations inference for train.
[2024-11-25 22:12:42,018][src.models.time_varying_model][INFO] - Balanced representations inference for val.
[2024-11-25 22:12:42,687][src.models.time_varying_model][INFO] - Balanced representations inference for test.
[2024-11-25 22:13:31,558][src.models.time_varying_model][INFO] - Predictions for test.
[2024-11-25 22:14:23,274][src.data.cancer_sim.dataset][INFO] - Processing train dataset before training (multiple sequences)
[2024-11-25 22:14:26,366][src.data.cancer_sim.dataset][INFO] - Shape of processed train data: {'init_state': (512062, 24), 'original_index': (512062,), 'active_encoder_r': (512062, 59), 'prev_treatments': (512062, 5, 4), 'current_treatments': (512062, 5, 4), 'current_covariates': (512062, 5, 2), 'prev_outputs': (512062, 5, 1), 'static_features': (512062, 1), 'outputs': (512062, 5, 1), 'sequence_lengths': (512062,), 'active_entries': (512062, 5, 1), 'unscaled_outputs': (512062, 5, 1)}
[2024-11-25 22:14:26,368][src.data.cancer_sim.dataset][INFO] - Processing val dataset before training (multiple sequences)
[2024-11-25 22:14:26,679][src.data.cancer_sim.dataset][INFO] - Shape of processed val data: {'init_state': (51750, 24), 'original_index': (51750,), 'active_encoder_r': (51750, 59), 'prev_treatments': (51750, 5, 4), 'current_treatments': (51750, 5, 4), 'current_covariates': (51750, 5, 2), 'prev_outputs': (51750, 5, 1), 'static_features': (51750, 1), 'outputs': (51750, 5, 1), 'sequence_lengths': (51750,), 'active_entries': (51750, 5, 1), 'unscaled_outputs': (51750, 5, 1)}
[2024-11-25 22:14:26,679][src.data.cancer_sim.dataset][INFO] - Processing test dataset before testing (multiple sequences)
[2024-11-25 22:14:37,212][src.data.cancer_sim.dataset][INFO] - Shape of processed test data: {'active_encoder_r': (573992, 59), 'prev_treatments': (573992, 5, 4), 'current_treatments': (573992, 5, 4), 'current_covariates': (573992, 5, 2), 'prev_outputs': (573992, 5, 1), 'static_features': (573992, 1), 'outputs': (573992, 5, 1), 'sequence_lengths': (573992,), 'active_entries': (573992, 5, 1), 'unscaled_outputs': (573992, 5, 1), 'patient_types': (573992,), 'patient_ids_all_trajectories': (573992,), 'patient_current_t': (573992,), 'init_state': (573992, 24)}
[2024-11-25 22:14:37,261][src.data.cancer_sim.dataset][INFO] - Processing test dataset before testing (autoregressive)
[2024-11-25 22:14:39,845][src.data.cancer_sim.dataset][INFO] - Shape of processed test data: {'current_covariates': (573992, 5, 2), 'prev_treatments': (573992, 5, 4), 'current_treatments': (573992, 5, 4), 'init_state': (573992, 24), 'active_encoder_r': (573992, 59), 'active_entries': (573992, 5, 1), 'prev_outputs': (573992, 5, 1), 'static_features': (573992, 1)}
[2024-11-25 23:50:24,650][src.models.time_varying_model][INFO] - RMSE calculation for val.
[2024-11-25 23:50:24,651][src.models.time_varying_model][INFO] - Predictions for val.
[2024-11-25 23:50:28,008][__main__][INFO] - Val normalised RMSE (all): 0.44421875736879923; Val normalised RMSE (orig): 0.44421875736879757
[2024-11-25 23:50:28,008][src.models.time_varying_model][INFO] - RMSE calculation for test.
[2024-11-25 23:50:28,008][src.models.time_varying_model][INFO] - Autoregressive Prediction for test.
[2024-11-25 23:50:28,019][src.models.time_varying_model][INFO] - t = 2
[2024-11-25 23:50:28,019][src.models.time_varying_model][INFO] - Predictions for test.
[2024-11-25 23:50:45,445][src.models.time_varying_model][INFO] - t = 3
[2024-11-25 23:50:45,446][src.models.time_varying_model][INFO] - Predictions for test.
[2024-11-25 23:51:02,903][src.models.time_varying_model][INFO] - t = 4
[2024-11-25 23:51:02,904][src.models.time_varying_model][INFO] - Predictions for test.
[2024-11-25 23:51:20,228][src.models.time_varying_model][INFO] - t = 5
[2024-11-25 23:51:20,228][src.models.time_varying_model][INFO] - Predictions for test.
[2024-11-25 23:51:37,588][src.models.time_varying_model][INFO] - t = 6
[2024-11-25 23:51:37,588][src.models.time_varying_model][INFO] - Predictions for test.
[2024-11-25 23:51:56,569][__main__][INFO] - Test normalised RMSE (n-step prediction): {'2-step': 0.8141144086553407, '3-step': 0.8776159313453047, '4-step': 0.9333002115897246, '5-step': 0.9908335681684245, '6-step': 1.0441551501609274}
