[2025-01-27 17:42:11,203][__main__][INFO] - 
model:
  dim_treatments: 4
  dim_vitals: 0
  dim_static_features: 1
  dim_outcomes: 1
  name: CRN
  encoder:
    _target_: src.models.crn.CRNEncoder
    seq_hidden_units: 24
    br_size: 24
    fc_hidden_units: 96
    dropout_rate: 0.2
    num_layer: 1
    batch_size: 64
    optimizer:
      optimizer_cls: adam
      learning_rate: 0.001
      weight_decay: 0.0
      lr_scheduler: false
    tune_hparams: false
    tune_range: 50
    hparams_grid: null
    resources_per_trial: null
  train_decoder: true
  decoder:
    _target_: src.models.crn.CRNDecoder
    seq_hidden_units: null
    br_size: 24
    fc_hidden_units: 12
    dropout_rate: 0.1
    num_layer: 1
    batch_size: 1024
    optimizer:
      optimizer_cls: adam
      learning_rate: 0.001
      weight_decay: 0.0
      lr_scheduler: false
    tune_hparams: false
    tune_range: 30
    hparams_grid: null
    resources_per_trial: null
dataset:
  val_batch_size: 512
  treatment_mode: multiclass
  _target_: src.data.SyntheticCancerDatasetCollection
  name: tumor_generator
  coeff: 6.0
  chemo_coeff: 6.0
  radio_coeff: 6.0
  seed: 10
  random: true
  noise_percentage: 0.05
  num_patients:
    train: 10000
    val: 1000
    test: 1000
  window_size: 15
  lag: 0
  max_seq_length: 60
  projection_horizon: 5
  cf_seq_mode: sliding_treatment
exp:
  seed: 10
  gpus:
  - 0
  max_epochs: 150
  logging: true
  mlflow_uri: http://127.0.0.1:5000
  unscale_rmse: true
  percentage_rmse: true
  alpha: 0.01
  update_alpha: true
  alpha_rate: exp
  initial_balancing_method: grad_reverse
  final_balancing_method: grad_reverse
  bce_weight: false
  weights_ema: false
  beta: 0.99
  alpha_wass: 0.0001
  alpha_wass_epoch: false
  alpha_wass_growth: 0.001
  alpha_wass_max: 0.01
  balancing: grad_reverse
  balancing_switch_epoch: 149
  gap_epoch: 50
  clustering_method: GMM
  number_clusters: 2
  num_timepoints: 59
  checkpoint_dir: ./checkpoints/cancer/crn/random/6

[2025-01-27 17:42:11,229][root][INFO] - Simulating initial volumes for stage I  with norm params: mu=1.72, sigma=4.7, lb=-0.6221218732608373, ub=-0.023523848418276528
[2025-01-27 17:42:11,238][root][INFO] - Simulating initial volumes for stage II  with norm params: mu=1.96, sigma=1.63, lb=-1.9410876100159118, ub=0.3711345751297772
[2025-01-27 17:42:11,239][root][INFO] - Simulating initial volumes for stage IIIA  with norm params: mu=1.91, sigma=9.4, lb=-0.33127370258786554, ub=0.06967546355973796
[2025-01-27 17:42:11,240][root][INFO] - Simulating initial volumes for stage IIIB  with norm params: mu=2.76, sigma=6.87, lb=-0.5769974969906748, ub=-0.02839165102452155
[2025-01-27 17:42:11,243][root][INFO] - Simulating initial volumes for stage IV  with norm params: mu=3.86, sigma=8.82, lb=-0.5741465764541877, ub=-0.14683113860980307
[2025-01-27 17:42:11,266][root][INFO] - Got correlated params for 4658 patients
[2025-01-27 17:42:11,271][root][INFO] - Got correlated params for 9338 patients
[2025-01-27 17:42:11,276][root][INFO] - Got correlated params for 13912 patients
[2025-01-27 17:42:11,284][root][INFO] - Simulating beta_c parameters
[2025-01-27 17:42:11,289][root][INFO] - Randomising outputs
[2025-01-27 17:42:27,208][src.data.cancer_sim.dataset][INFO] - Processing train dataset before training
[2025-01-27 17:42:28,114][src.data.cancer_sim.dataset][INFO] - Shape of processed train data: {'cancer_volume': (10000, 60), 'chemo_dosage': (10000, 60), 'radio_dosage': (10000, 60), 'chemo_application': (10000, 60), 'radio_application': (10000, 60), 'chemo_probabilities': (10000, 60), 'radio_probabilities': (10000, 60), 'sequence_lengths': (10000,), 'death_flags': (10000, 60), 'recovery_flags': (10000, 60), 'patient_types': (10000,), 'prev_treatments': (10000, 59, 4), 'current_treatments': (10000, 59, 4), 'current_covariates': (10000, 59, 2), 'outputs': (10000, 59, 1), 'active_entries': (10000, 59, 1), 'unscaled_outputs': (10000, 59, 1), 'prev_outputs': (10000, 59, 1), 'static_features': (10000, 1)}
[2025-01-27 17:42:28,167][root][INFO] - Simulating initial volumes for stage I  with norm params: mu=1.72, sigma=4.7, lb=-0.6221218732608373, ub=-0.023523848418276528
[2025-01-27 17:42:28,168][root][INFO] - Simulating initial volumes for stage II  with norm params: mu=1.96, sigma=1.63, lb=-1.9410876100159118, ub=0.3711345751297772
[2025-01-27 17:42:28,169][root][INFO] - Simulating initial volumes for stage IIIA  with norm params: mu=1.91, sigma=9.4, lb=-0.33127370258786554, ub=0.06967546355973796
[2025-01-27 17:42:28,170][root][INFO] - Simulating initial volumes for stage IIIB  with norm params: mu=2.76, sigma=6.87, lb=-0.5769974969906748, ub=-0.02839165102452155
[2025-01-27 17:42:28,170][root][INFO] - Simulating initial volumes for stage IV  with norm params: mu=3.86, sigma=8.82, lb=-0.5741465764541877, ub=-0.14683113860980307
[2025-01-27 17:42:28,172][root][INFO] - Got correlated params for 455 patients
[2025-01-27 17:42:28,173][root][INFO] - Got correlated params for 905 patients
[2025-01-27 17:42:28,174][root][INFO] - Got correlated params for 1366 patients
[2025-01-27 17:42:28,175][root][INFO] - Simulating beta_c parameters
[2025-01-27 17:42:28,176][root][INFO] - Randomising outputs
[2025-01-27 17:42:29,716][root][INFO] - Simulating initial volumes for stage I  with norm params: mu=1.72, sigma=4.7, lb=-0.6221218732608373, ub=-0.023523848418276528
[2025-01-27 17:42:29,717][root][INFO] - Simulating initial volumes for stage II  with norm params: mu=1.96, sigma=1.63, lb=-1.9410876100159118, ub=0.3711345751297772
[2025-01-27 17:42:29,717][root][INFO] - Simulating initial volumes for stage IIIA  with norm params: mu=1.91, sigma=9.4, lb=-0.33127370258786554, ub=0.06967546355973796
[2025-01-27 17:42:29,718][root][INFO] - Simulating initial volumes for stage IIIB  with norm params: mu=2.76, sigma=6.87, lb=-0.5769974969906748, ub=-0.02839165102452155
[2025-01-27 17:42:29,718][root][INFO] - Simulating initial volumes for stage IV  with norm params: mu=3.86, sigma=8.82, lb=-0.5741465764541877, ub=-0.14683113860980307
[2025-01-27 17:42:29,720][root][INFO] - Got correlated params for 493 patients
[2025-01-27 17:42:29,721][root][INFO] - Got correlated params for 947 patients
[2025-01-27 17:42:29,722][root][INFO] - Got correlated params for 1403 patients
[2025-01-27 17:42:29,723][root][INFO] - Simulating beta_c parameters
[2025-01-27 17:42:29,724][root][INFO] - Randomising outputs
[2025-01-27 17:42:35,209][root][INFO] - Simulating initial volumes for stage I  with norm params: mu=1.72, sigma=4.7, lb=-0.6221218732608373, ub=-0.023523848418276528
[2025-01-27 17:42:35,210][root][INFO] - Simulating initial volumes for stage II  with norm params: mu=1.96, sigma=1.63, lb=-1.9410876100159118, ub=0.3711345751297772
[2025-01-27 17:42:35,211][root][INFO] - Simulating initial volumes for stage IIIA  with norm params: mu=1.91, sigma=9.4, lb=-0.33127370258786554, ub=0.06967546355973796
[2025-01-27 17:42:35,211][root][INFO] - Simulating initial volumes for stage IIIB  with norm params: mu=2.76, sigma=6.87, lb=-0.5769974969906748, ub=-0.02839165102452155
[2025-01-27 17:42:35,212][root][INFO] - Simulating initial volumes for stage IV  with norm params: mu=3.86, sigma=8.82, lb=-0.5741465764541877, ub=-0.14683113860980307
[2025-01-27 17:42:35,214][root][INFO] - Got correlated params for 445 patients
[2025-01-27 17:42:35,215][root][INFO] - Got correlated params for 895 patients
[2025-01-27 17:42:35,216][root][INFO] - Got correlated params for 1355 patients
[2025-01-27 17:42:35,217][root][INFO] - Simulating beta_c parameters
[2025-01-27 17:42:35,218][root][INFO] - Randomising outputs
[2025-01-27 17:43:02,197][src.data.cancer_sim.dataset][INFO] - train Dataset already processed
[2025-01-27 17:43:02,198][src.data.cancer_sim.dataset][INFO] - Processing val dataset before training
[2025-01-27 17:43:02,287][src.data.cancer_sim.dataset][INFO] - Shape of processed val data: {'cancer_volume': (1000, 60), 'chemo_dosage': (1000, 60), 'radio_dosage': (1000, 60), 'chemo_application': (1000, 60), 'radio_application': (1000, 60), 'chemo_probabilities': (1000, 60), 'radio_probabilities': (1000, 60), 'sequence_lengths': (1000,), 'death_flags': (1000, 60), 'recovery_flags': (1000, 60), 'patient_types': (1000,), 'prev_treatments': (1000, 59, 4), 'current_treatments': (1000, 59, 4), 'current_covariates': (1000, 59, 2), 'outputs': (1000, 59, 1), 'active_entries': (1000, 59, 1), 'unscaled_outputs': (1000, 59, 1), 'prev_outputs': (1000, 59, 1), 'static_features': (1000, 1)}
[2025-01-27 17:43:02,288][src.data.cancer_sim.dataset][INFO] - Processing test dataset before training
[2025-01-27 17:43:21,572][src.data.cancer_sim.dataset][INFO] - Shape of processed test data: {'cancer_volume': (212236, 60), 'chemo_application': (212236, 60), 'radio_application': (212236, 60), 'sequence_lengths': (212236,), 'patient_types': (212236,), 'prev_treatments': (212236, 59, 4), 'current_treatments': (212236, 59, 4), 'current_covariates': (212236, 59, 2), 'outputs': (212236, 59, 1), 'active_entries': (212236, 59, 1), 'unscaled_outputs': (212236, 59, 1), 'prev_outputs': (212236, 59, 1), 'static_features': (212236, 1)}
[2025-01-27 17:43:22,164][src.models.crn][INFO] - Input size of encoder: 6
[2025-01-27 17:55:27,629][src.models.time_varying_model][INFO] - RMSE calculation for val.
[2025-01-27 17:55:27,630][src.models.time_varying_model][INFO] - Predictions for val.
[2025-01-27 17:55:28,137][__main__][INFO] - Val normalised RMSE (all): 0.614781490141809; Val normalised RMSE (orig): 0.6104030561364352
[2025-01-27 17:55:28,138][src.models.time_varying_model][INFO] - RMSE calculation for test.
[2025-01-27 17:55:28,138][src.models.time_varying_model][INFO] - Predictions for test.
[2025-01-27 17:55:41,696][__main__][INFO] - Test normalised RMSE (all): 1.7182763825957645; Test normalised RMSE (orig): 1.5140606473817222; Test normalised RMSE (only counterfactual): 1.7688449092541068
[2025-01-27 17:55:41,754][src.models.crn][INFO] - Input size of decoder: 6
[2025-01-27 17:55:41,767][src.data.cancer_sim.dataset][INFO] - train Dataset already processed
[2025-01-27 17:55:41,767][src.data.cancer_sim.dataset][INFO] - val Dataset already processed
[2025-01-27 17:55:41,768][src.data.cancer_sim.dataset][INFO] - Processing test dataset before training
[2025-01-27 17:56:36,013][src.data.cancer_sim.dataset][INFO] - Shape of processed test data: {'cancer_volume': (576878, 65), 'chemo_application': (576878, 65), 'radio_application': (576878, 65), 'sequence_lengths': (576878,), 'patient_types': (576878,), 'patient_ids_all_trajectories': (576878,), 'patient_current_t': (576878,), 'prev_treatments': (576878, 64, 4), 'current_treatments': (576878, 64, 4), 'current_covariates': (576878, 64, 2), 'outputs': (576878, 64, 1), 'active_entries': (576878, 64, 1), 'unscaled_outputs': (576878, 64, 1), 'prev_outputs': (576878, 64, 1), 'static_features': (576878, 1)}
[2025-01-27 17:56:36,017][src.models.time_varying_model][INFO] - Balanced representations inference for train.
[2025-01-27 17:56:37,321][src.models.time_varying_model][INFO] - Balanced representations inference for val.
[2025-01-27 17:56:37,824][src.models.time_varying_model][INFO] - Balanced representations inference for test.
[2025-01-27 17:57:14,198][src.models.time_varying_model][INFO] - Predictions for test.
[2025-01-27 17:57:52,240][src.data.cancer_sim.dataset][INFO] - Processing train dataset before training (multiple sequences)
[2025-01-27 17:57:55,281][src.data.cancer_sim.dataset][INFO] - Shape of processed train data: {'init_state': (515994, 24), 'original_index': (515994,), 'active_encoder_r': (515994, 59), 'prev_treatments': (515994, 5, 4), 'current_treatments': (515994, 5, 4), 'current_covariates': (515994, 5, 2), 'prev_outputs': (515994, 5, 1), 'static_features': (515994, 1), 'outputs': (515994, 5, 1), 'sequence_lengths': (515994,), 'active_entries': (515994, 5, 1), 'unscaled_outputs': (515994, 5, 1)}
[2025-01-27 17:57:55,282][src.data.cancer_sim.dataset][INFO] - Processing val dataset before training (multiple sequences)
[2025-01-27 17:57:55,579][src.data.cancer_sim.dataset][INFO] - Shape of processed val data: {'init_state': (52068, 24), 'original_index': (52068,), 'active_encoder_r': (52068, 59), 'prev_treatments': (52068, 5, 4), 'current_treatments': (52068, 5, 4), 'current_covariates': (52068, 5, 2), 'prev_outputs': (52068, 5, 1), 'static_features': (52068, 1), 'outputs': (52068, 5, 1), 'sequence_lengths': (52068,), 'active_entries': (52068, 5, 1), 'unscaled_outputs': (52068, 5, 1)}
[2025-01-27 17:57:55,580][src.data.cancer_sim.dataset][INFO] - Processing test dataset before testing (multiple sequences)
[2025-01-27 17:58:04,409][src.data.cancer_sim.dataset][INFO] - Shape of processed test data: {'active_encoder_r': (576878, 59), 'prev_treatments': (576878, 5, 4), 'current_treatments': (576878, 5, 4), 'current_covariates': (576878, 5, 2), 'prev_outputs': (576878, 5, 1), 'static_features': (576878, 1), 'outputs': (576878, 5, 1), 'sequence_lengths': (576878,), 'active_entries': (576878, 5, 1), 'unscaled_outputs': (576878, 5, 1), 'patient_types': (576878,), 'patient_ids_all_trajectories': (576878,), 'patient_current_t': (576878,), 'init_state': (576878, 24)}
[2025-01-27 17:58:04,470][src.data.cancer_sim.dataset][INFO] - Processing test dataset before testing (autoregressive)
[2025-01-27 17:58:08,811][src.data.cancer_sim.dataset][INFO] - Shape of processed test data: {'current_covariates': (576878, 5, 2), 'prev_treatments': (576878, 5, 4), 'current_treatments': (576878, 5, 4), 'init_state': (576878, 24), 'active_encoder_r': (576878, 59), 'active_entries': (576878, 5, 1), 'prev_outputs': (576878, 5, 1), 'static_features': (576878, 1)}
[2025-01-27 18:58:29,586][src.models.time_varying_model][INFO] - RMSE calculation for val.
[2025-01-27 18:58:29,587][src.models.time_varying_model][INFO] - Predictions for val.
[2025-01-27 18:58:31,709][__main__][INFO] - Val normalised RMSE (all): 0.32153575095058695; Val normalised RMSE (orig): 0.3215357509505865
[2025-01-27 18:58:31,709][src.models.time_varying_model][INFO] - RMSE calculation for test.
[2025-01-27 18:58:31,709][src.models.time_varying_model][INFO] - Autoregressive Prediction for test.
[2025-01-27 18:58:31,720][src.models.time_varying_model][INFO] - t = 2
[2025-01-27 18:58:31,720][src.models.time_varying_model][INFO] - Predictions for test.
[2025-01-27 18:58:47,351][src.models.time_varying_model][INFO] - t = 3
[2025-01-27 18:58:47,351][src.models.time_varying_model][INFO] - Predictions for test.
[2025-01-27 18:59:02,975][src.models.time_varying_model][INFO] - t = 4
[2025-01-27 18:59:02,975][src.models.time_varying_model][INFO] - Predictions for test.
[2025-01-27 18:59:19,017][src.models.time_varying_model][INFO] - t = 5
[2025-01-27 18:59:19,018][src.models.time_varying_model][INFO] - Predictions for test.
[2025-01-27 18:59:34,660][src.models.time_varying_model][INFO] - t = 6
[2025-01-27 18:59:34,660][src.models.time_varying_model][INFO] - Predictions for test.
[2025-01-27 18:59:51,706][__main__][INFO] - Test normalised RMSE (n-step prediction): {'2-step': 1.3080393105045314, '3-step': 1.4147234418960328, '4-step': 1.5139797482422714, '5-step': 1.55337558422312, '6-step': 1.5418068628017751}
