[2024-11-27 15:09:45,737][__main__][INFO] - 
model:
  dim_treatments: 4
  dim_vitals: 0
  dim_static_features: 1
  dim_outcomes: 1
  name: CRN
  encoder:
    _target_: src.models.crn.CRNEncoder
    seq_hidden_units: 24
    br_size: 18
    fc_hidden_units: 36
    dropout_rate: 0.1
    num_layer: 1
    batch_size: 128
    optimizer:
      optimizer_cls: adam
      learning_rate: 0.001
      weight_decay: 0.0
      lr_scheduler: false
    tune_hparams: false
    tune_range: 50
    hparams_grid: null
    resources_per_trial: null
  train_decoder: true
  decoder:
    _target_: src.models.crn.CRNDecoder
    seq_hidden_units: null
    br_size: 24
    fc_hidden_units: 12
    dropout_rate: 0.1
    num_layer: 1
    batch_size: 1024
    optimizer:
      optimizer_cls: adam
      learning_rate: 0.001
      weight_decay: 0.0
      lr_scheduler: false
    tune_hparams: false
    tune_range: 30
    hparams_grid: null
    resources_per_trial: null
dataset:
  val_batch_size: 512
  treatment_mode: multiclass
  _target_: src.data.SyntheticCancerDatasetCollection
  name: tumor_generator
  coeff: 1.0
  chemo_coeff: 1.0
  radio_coeff: 1.0
  seed: 10
  random: true
  noise_percentage: 0.05
  num_patients:
    train: 10000
    val: 1000
    test: 1000
  window_size: 15
  lag: 0
  max_seq_length: 60
  projection_horizon: 5
  cf_seq_mode: sliding_treatment
exp:
  seed: 10
  gpus:
  - 0
  max_epochs: 270
  logging: true
  mlflow_uri: http://127.0.0.1:5000
  unscale_rmse: true
  percentage_rmse: true
  alpha: 1.0
  update_alpha: true
  alpha_rate: exp
  initial_balancing_method: grad_reverse
  final_balancing_method: subgroup
  bce_weight: false
  weights_ema: false
  beta: 0.99
  alpha_wass: 0.0001
  alpha_wass_epoch: false
  alpha_wass_growth: 0.001
  alpha_wass_max: 0.01
  balancing: grad_reverse
  balancing_switch_epoch: 249
  clustering_method: GMM
  number_clusters: 2
  num_timepoints: 59
  gap_epoch: 20
  checkpoint_dir: ./checkpoints/cancer/crn/1

[2024-11-27 15:09:45,785][root][INFO] - Simulating initial volumes for stage I  with norm params: mu=1.72, sigma=4.7, lb=-0.6221218732608373, ub=-0.023523848418276528
[2024-11-27 15:09:45,789][root][INFO] - Simulating initial volumes for stage II  with norm params: mu=1.96, sigma=1.63, lb=-1.9410876100159118, ub=0.3711345751297772
[2024-11-27 15:09:45,790][root][INFO] - Simulating initial volumes for stage IIIA  with norm params: mu=1.91, sigma=9.4, lb=-0.33127370258786554, ub=0.06967546355973796
[2024-11-27 15:09:45,791][root][INFO] - Simulating initial volumes for stage IIIB  with norm params: mu=2.76, sigma=6.87, lb=-0.5769974969906748, ub=-0.02839165102452155
[2024-11-27 15:09:45,793][root][INFO] - Simulating initial volumes for stage IV  with norm params: mu=3.86, sigma=8.82, lb=-0.5741465764541877, ub=-0.14683113860980307
[2024-11-27 15:09:45,818][root][INFO] - Got correlated params for 4658 patients
[2024-11-27 15:09:45,823][root][INFO] - Got correlated params for 9338 patients
[2024-11-27 15:09:45,828][root][INFO] - Got correlated params for 13912 patients
[2024-11-27 15:09:45,836][root][INFO] - Simulating beta_c parameters
[2024-11-27 15:09:45,841][root][INFO] - Randomising outputs
[2024-11-27 15:10:00,342][src.data.cancer_sim.dataset][INFO] - Processing train dataset before training
[2024-11-27 15:10:01,390][src.data.cancer_sim.dataset][INFO] - Shape of processed train data: {'cancer_volume': (10000, 60), 'chemo_dosage': (10000, 60), 'radio_dosage': (10000, 60), 'chemo_application': (10000, 60), 'radio_application': (10000, 60), 'chemo_probabilities': (10000, 60), 'radio_probabilities': (10000, 60), 'sequence_lengths': (10000,), 'death_flags': (10000, 60), 'recovery_flags': (10000, 60), 'patient_types': (10000,), 'prev_treatments': (10000, 59, 4), 'current_treatments': (10000, 59, 4), 'current_covariates': (10000, 59, 2), 'outputs': (10000, 59, 1), 'active_entries': (10000, 59, 1), 'unscaled_outputs': (10000, 59, 1), 'prev_outputs': (10000, 59, 1), 'static_features': (10000, 1)}
[2024-11-27 15:10:01,443][root][INFO] - Simulating initial volumes for stage I  with norm params: mu=1.72, sigma=4.7, lb=-0.6221218732608373, ub=-0.023523848418276528
[2024-11-27 15:10:01,444][root][INFO] - Simulating initial volumes for stage II  with norm params: mu=1.96, sigma=1.63, lb=-1.9410876100159118, ub=0.3711345751297772
[2024-11-27 15:10:01,445][root][INFO] - Simulating initial volumes for stage IIIA  with norm params: mu=1.91, sigma=9.4, lb=-0.33127370258786554, ub=0.06967546355973796
[2024-11-27 15:10:01,445][root][INFO] - Simulating initial volumes for stage IIIB  with norm params: mu=2.76, sigma=6.87, lb=-0.5769974969906748, ub=-0.02839165102452155
[2024-11-27 15:10:01,446][root][INFO] - Simulating initial volumes for stage IV  with norm params: mu=3.86, sigma=8.82, lb=-0.5741465764541877, ub=-0.14683113860980307
[2024-11-27 15:10:01,448][root][INFO] - Got correlated params for 455 patients
[2024-11-27 15:10:01,449][root][INFO] - Got correlated params for 905 patients
[2024-11-27 15:10:01,450][root][INFO] - Got correlated params for 1366 patients
[2024-11-27 15:10:01,452][root][INFO] - Simulating beta_c parameters
[2024-11-27 15:10:01,453][root][INFO] - Randomising outputs
[2024-11-27 15:10:02,871][root][INFO] - Simulating initial volumes for stage I  with norm params: mu=1.72, sigma=4.7, lb=-0.6221218732608373, ub=-0.023523848418276528
[2024-11-27 15:10:02,872][root][INFO] - Simulating initial volumes for stage II  with norm params: mu=1.96, sigma=1.63, lb=-1.9410876100159118, ub=0.3711345751297772
[2024-11-27 15:10:02,872][root][INFO] - Simulating initial volumes for stage IIIA  with norm params: mu=1.91, sigma=9.4, lb=-0.33127370258786554, ub=0.06967546355973796
[2024-11-27 15:10:02,873][root][INFO] - Simulating initial volumes for stage IIIB  with norm params: mu=2.76, sigma=6.87, lb=-0.5769974969906748, ub=-0.02839165102452155
[2024-11-27 15:10:02,873][root][INFO] - Simulating initial volumes for stage IV  with norm params: mu=3.86, sigma=8.82, lb=-0.5741465764541877, ub=-0.14683113860980307
[2024-11-27 15:10:02,875][root][INFO] - Got correlated params for 493 patients
[2024-11-27 15:10:02,876][root][INFO] - Got correlated params for 947 patients
[2024-11-27 15:10:02,877][root][INFO] - Got correlated params for 1403 patients
[2024-11-27 15:10:02,878][root][INFO] - Simulating beta_c parameters
[2024-11-27 15:10:02,879][root][INFO] - Randomising outputs
[2024-11-27 15:10:09,516][root][INFO] - Simulating initial volumes for stage I  with norm params: mu=1.72, sigma=4.7, lb=-0.6221218732608373, ub=-0.023523848418276528
[2024-11-27 15:10:09,517][root][INFO] - Simulating initial volumes for stage II  with norm params: mu=1.96, sigma=1.63, lb=-1.9410876100159118, ub=0.3711345751297772
[2024-11-27 15:10:09,518][root][INFO] - Simulating initial volumes for stage IIIA  with norm params: mu=1.91, sigma=9.4, lb=-0.33127370258786554, ub=0.06967546355973796
[2024-11-27 15:10:09,519][root][INFO] - Simulating initial volumes for stage IIIB  with norm params: mu=2.76, sigma=6.87, lb=-0.5769974969906748, ub=-0.02839165102452155
[2024-11-27 15:10:09,519][root][INFO] - Simulating initial volumes for stage IV  with norm params: mu=3.86, sigma=8.82, lb=-0.5741465764541877, ub=-0.14683113860980307
[2024-11-27 15:10:09,521][root][INFO] - Got correlated params for 445 patients
[2024-11-27 15:10:09,523][root][INFO] - Got correlated params for 895 patients
[2024-11-27 15:10:09,524][root][INFO] - Got correlated params for 1355 patients
[2024-11-27 15:10:09,525][root][INFO] - Simulating beta_c parameters
[2024-11-27 15:10:09,526][root][INFO] - Randomising outputs
[2024-11-27 15:10:34,204][src.data.cancer_sim.dataset][INFO] - train Dataset already processed
[2024-11-27 15:10:34,205][src.data.cancer_sim.dataset][INFO] - Processing val dataset before training
[2024-11-27 15:10:34,313][src.data.cancer_sim.dataset][INFO] - Shape of processed val data: {'cancer_volume': (1000, 60), 'chemo_dosage': (1000, 60), 'radio_dosage': (1000, 60), 'chemo_application': (1000, 60), 'radio_application': (1000, 60), 'chemo_probabilities': (1000, 60), 'radio_probabilities': (1000, 60), 'sequence_lengths': (1000,), 'death_flags': (1000, 60), 'recovery_flags': (1000, 60), 'patient_types': (1000,), 'prev_treatments': (1000, 59, 4), 'current_treatments': (1000, 59, 4), 'current_covariates': (1000, 59, 2), 'outputs': (1000, 59, 1), 'active_entries': (1000, 59, 1), 'unscaled_outputs': (1000, 59, 1), 'prev_outputs': (1000, 59, 1), 'static_features': (1000, 1)}
[2024-11-27 15:10:34,314][src.data.cancer_sim.dataset][INFO] - Processing test dataset before training
[2024-11-27 15:10:54,298][src.data.cancer_sim.dataset][INFO] - Shape of processed test data: {'cancer_volume': (216208, 60), 'chemo_application': (216208, 60), 'radio_application': (216208, 60), 'sequence_lengths': (216208,), 'patient_types': (216208,), 'prev_treatments': (216208, 59, 4), 'current_treatments': (216208, 59, 4), 'current_covariates': (216208, 59, 2), 'outputs': (216208, 59, 1), 'active_entries': (216208, 59, 1), 'unscaled_outputs': (216208, 59, 1), 'prev_outputs': (216208, 59, 1), 'static_features': (216208, 1)}
[2024-11-27 15:10:55,085][src.models.crn][INFO] - Input size of encoder: 6
[2024-11-27 15:20:09,091][src.models.time_varying_model][INFO] - RMSE calculation for val.
[2024-11-27 15:20:09,091][src.models.time_varying_model][INFO] - Predictions for val.
[2024-11-27 15:20:09,711][__main__][INFO] - Val normalised RMSE (all): 0.614642836461112; Val normalised RMSE (orig): 0.59810821368972
[2024-11-27 15:20:09,712][src.models.time_varying_model][INFO] - RMSE calculation for test.
[2024-11-27 15:20:09,712][src.models.time_varying_model][INFO] - Predictions for test.
[2024-11-27 15:20:23,431][__main__][INFO] - Test normalised RMSE (all): 0.7450414301682134; Test normalised RMSE (orig): 0.5285738966467911; Test normalised RMSE (only counterfactual): 0.7051134014555276
[2024-11-27 15:20:23,500][src.models.crn][INFO] - Input size of decoder: 6
[2024-11-27 15:20:23,521][src.data.cancer_sim.dataset][INFO] - train Dataset already processed
[2024-11-27 15:20:23,521][src.data.cancer_sim.dataset][INFO] - val Dataset already processed
[2024-11-27 15:20:23,522][src.data.cancer_sim.dataset][INFO] - Processing test dataset before training
[2024-11-27 15:21:18,326][src.data.cancer_sim.dataset][INFO] - Shape of processed test data: {'cancer_volume': (548326, 65), 'chemo_application': (548326, 65), 'radio_application': (548326, 65), 'sequence_lengths': (548326,), 'patient_types': (548326,), 'patient_ids_all_trajectories': (548326,), 'patient_current_t': (548326,), 'prev_treatments': (548326, 64, 4), 'current_treatments': (548326, 64, 4), 'current_covariates': (548326, 64, 2), 'outputs': (548326, 64, 1), 'active_entries': (548326, 64, 1), 'unscaled_outputs': (548326, 64, 1), 'prev_outputs': (548326, 64, 1), 'static_features': (548326, 1)}
[2024-11-27 15:21:18,329][src.models.time_varying_model][INFO] - Balanced representations inference for train.
[2024-11-27 15:21:19,722][src.models.time_varying_model][INFO] - Balanced representations inference for val.
[2024-11-27 15:21:20,342][src.models.time_varying_model][INFO] - Balanced representations inference for test.
[2024-11-27 15:21:54,158][src.models.time_varying_model][INFO] - Predictions for test.
[2024-11-27 15:22:29,888][src.data.cancer_sim.dataset][INFO] - Processing train dataset before training (multiple sequences)
[2024-11-27 15:22:32,639][src.data.cancer_sim.dataset][INFO] - Shape of processed train data: {'init_state': (489999, 18), 'original_index': (489999,), 'active_encoder_r': (489999, 59), 'prev_treatments': (489999, 5, 4), 'current_treatments': (489999, 5, 4), 'current_covariates': (489999, 5, 2), 'prev_outputs': (489999, 5, 1), 'static_features': (489999, 1), 'outputs': (489999, 5, 1), 'sequence_lengths': (489999,), 'active_entries': (489999, 5, 1), 'unscaled_outputs': (489999, 5, 1)}
[2024-11-27 15:22:32,641][src.data.cancer_sim.dataset][INFO] - Processing val dataset before training (multiple sequences)
[2024-11-27 15:22:32,916][src.data.cancer_sim.dataset][INFO] - Shape of processed val data: {'init_state': (49683, 18), 'original_index': (49683,), 'active_encoder_r': (49683, 59), 'prev_treatments': (49683, 5, 4), 'current_treatments': (49683, 5, 4), 'current_covariates': (49683, 5, 2), 'prev_outputs': (49683, 5, 1), 'static_features': (49683, 1), 'outputs': (49683, 5, 1), 'sequence_lengths': (49683,), 'active_entries': (49683, 5, 1), 'unscaled_outputs': (49683, 5, 1)}
[2024-11-27 15:22:32,916][src.data.cancer_sim.dataset][INFO] - Processing test dataset before testing (multiple sequences)
[2024-11-27 15:22:40,652][src.data.cancer_sim.dataset][INFO] - Shape of processed test data: {'active_encoder_r': (548326, 59), 'prev_treatments': (548326, 5, 4), 'current_treatments': (548326, 5, 4), 'current_covariates': (548326, 5, 2), 'prev_outputs': (548326, 5, 1), 'static_features': (548326, 1), 'outputs': (548326, 5, 1), 'sequence_lengths': (548326,), 'active_entries': (548326, 5, 1), 'unscaled_outputs': (548326, 5, 1), 'patient_types': (548326,), 'patient_ids_all_trajectories': (548326,), 'patient_current_t': (548326,), 'init_state': (548326, 18)}
[2024-11-27 15:22:40,701][src.data.cancer_sim.dataset][INFO] - Processing test dataset before testing (autoregressive)
[2024-11-27 15:22:43,114][src.data.cancer_sim.dataset][INFO] - Shape of processed test data: {'current_covariates': (548326, 5, 2), 'prev_treatments': (548326, 5, 4), 'current_treatments': (548326, 5, 4), 'init_state': (548326, 18), 'active_encoder_r': (548326, 59), 'active_entries': (548326, 5, 1), 'prev_outputs': (548326, 5, 1), 'static_features': (548326, 1)}
