[2025-01-28 19:52:08,096][__main__][INFO] - 
model:
  dim_treatments: 4
  dim_vitals: 0
  dim_static_features: 1
  dim_outcomes: 1
  name: CRN
  encoder:
    _target_: src.models.crn.CRNEncoder
    seq_hidden_units: 24
    br_size: 24
    fc_hidden_units: 96
    dropout_rate: 0.2
    num_layer: 1
    batch_size: 64
    optimizer:
      optimizer_cls: adam
      learning_rate: 0.001
      weight_decay: 0.0
      lr_scheduler: false
    tune_hparams: false
    tune_range: 50
    hparams_grid: null
    resources_per_trial: null
  train_decoder: true
  decoder:
    _target_: src.models.crn.CRNDecoder
    seq_hidden_units: null
    br_size: 24
    fc_hidden_units: 12
    dropout_rate: 0.1
    num_layer: 1
    batch_size: 1024
    optimizer:
      optimizer_cls: adam
      learning_rate: 0.001
      weight_decay: 0.0
      lr_scheduler: false
    tune_hparams: false
    tune_range: 30
    hparams_grid: null
    resources_per_trial: null
dataset:
  val_batch_size: 512
  treatment_mode: multiclass
  _target_: src.data.SyntheticCancerDatasetCollection
  name: tumor_generator
  coeff: 5.0
  chemo_coeff: 5.0
  radio_coeff: 5.0
  seed: 10
  random: true
  noise_percentage: 0.05
  num_patients:
    train: 10000
    val: 1000
    test: 1000
  window_size: 15
  lag: 0
  max_seq_length: 60
  projection_horizon: 5
  cf_seq_mode: sliding_treatment
exp:
  seed: 10
  gpus:
  - 0
  max_epochs: 140
  logging: true
  mlflow_uri: http://127.0.0.1:5000
  unscale_rmse: true
  percentage_rmse: true
  alpha: 0.01
  update_alpha: true
  alpha_rate: exp
  initial_balancing_method: grad_reverse
  final_balancing_method: subgroup
  bce_weight: false
  weights_ema: false
  beta: 0.99
  alpha_wass: 0.0001
  alpha_wass_epoch: false
  alpha_wass_growth: 0.001
  alpha_wass_max: 0.01
  balancing: grad_reverse
  balancing_switch_epoch: 119
  gap_epoch: 5
  clustering_method: GMM
  number_clusters: 2
  num_timepoints: 59
  checkpoint_dir: ./checkpoints/cancer/crn/random_SGA/5

[2025-01-28 19:52:08,120][root][INFO] - Simulating initial volumes for stage I  with norm params: mu=1.72, sigma=4.7, lb=-0.6221218732608373, ub=-0.023523848418276528
[2025-01-28 19:52:08,128][root][INFO] - Simulating initial volumes for stage II  with norm params: mu=1.96, sigma=1.63, lb=-1.9410876100159118, ub=0.3711345751297772
[2025-01-28 19:52:08,130][root][INFO] - Simulating initial volumes for stage IIIA  with norm params: mu=1.91, sigma=9.4, lb=-0.33127370258786554, ub=0.06967546355973796
[2025-01-28 19:52:08,131][root][INFO] - Simulating initial volumes for stage IIIB  with norm params: mu=2.76, sigma=6.87, lb=-0.5769974969906748, ub=-0.02839165102452155
[2025-01-28 19:52:08,133][root][INFO] - Simulating initial volumes for stage IV  with norm params: mu=3.86, sigma=8.82, lb=-0.5741465764541877, ub=-0.14683113860980307
[2025-01-28 19:52:08,157][root][INFO] - Got correlated params for 4658 patients
[2025-01-28 19:52:08,162][root][INFO] - Got correlated params for 9338 patients
[2025-01-28 19:52:08,166][root][INFO] - Got correlated params for 13912 patients
[2025-01-28 19:52:08,175][root][INFO] - Simulating beta_c parameters
[2025-01-28 19:52:08,180][root][INFO] - Randomising outputs
[2025-01-28 19:52:23,749][src.data.cancer_sim.dataset][INFO] - Processing train dataset before training
[2025-01-28 19:52:24,661][src.data.cancer_sim.dataset][INFO] - Shape of processed train data: {'cancer_volume': (10000, 60), 'chemo_dosage': (10000, 60), 'radio_dosage': (10000, 60), 'chemo_application': (10000, 60), 'radio_application': (10000, 60), 'chemo_probabilities': (10000, 60), 'radio_probabilities': (10000, 60), 'sequence_lengths': (10000,), 'death_flags': (10000, 60), 'recovery_flags': (10000, 60), 'patient_types': (10000,), 'prev_treatments': (10000, 59, 4), 'current_treatments': (10000, 59, 4), 'current_covariates': (10000, 59, 2), 'outputs': (10000, 59, 1), 'active_entries': (10000, 59, 1), 'unscaled_outputs': (10000, 59, 1), 'prev_outputs': (10000, 59, 1), 'static_features': (10000, 1)}
[2025-01-28 19:52:24,711][root][INFO] - Simulating initial volumes for stage I  with norm params: mu=1.72, sigma=4.7, lb=-0.6221218732608373, ub=-0.023523848418276528
[2025-01-28 19:52:24,712][root][INFO] - Simulating initial volumes for stage II  with norm params: mu=1.96, sigma=1.63, lb=-1.9410876100159118, ub=0.3711345751297772
[2025-01-28 19:52:24,713][root][INFO] - Simulating initial volumes for stage IIIA  with norm params: mu=1.91, sigma=9.4, lb=-0.33127370258786554, ub=0.06967546355973796
[2025-01-28 19:52:24,714][root][INFO] - Simulating initial volumes for stage IIIB  with norm params: mu=2.76, sigma=6.87, lb=-0.5769974969906748, ub=-0.02839165102452155
[2025-01-28 19:52:24,715][root][INFO] - Simulating initial volumes for stage IV  with norm params: mu=3.86, sigma=8.82, lb=-0.5741465764541877, ub=-0.14683113860980307
[2025-01-28 19:52:24,716][root][INFO] - Got correlated params for 455 patients
[2025-01-28 19:52:24,717][root][INFO] - Got correlated params for 905 patients
[2025-01-28 19:52:24,718][root][INFO] - Got correlated params for 1366 patients
[2025-01-28 19:52:24,719][root][INFO] - Simulating beta_c parameters
[2025-01-28 19:52:24,720][root][INFO] - Randomising outputs
[2025-01-28 19:52:26,202][root][INFO] - Simulating initial volumes for stage I  with norm params: mu=1.72, sigma=4.7, lb=-0.6221218732608373, ub=-0.023523848418276528
[2025-01-28 19:52:26,203][root][INFO] - Simulating initial volumes for stage II  with norm params: mu=1.96, sigma=1.63, lb=-1.9410876100159118, ub=0.3711345751297772
[2025-01-28 19:52:26,204][root][INFO] - Simulating initial volumes for stage IIIA  with norm params: mu=1.91, sigma=9.4, lb=-0.33127370258786554, ub=0.06967546355973796
[2025-01-28 19:52:26,204][root][INFO] - Simulating initial volumes for stage IIIB  with norm params: mu=2.76, sigma=6.87, lb=-0.5769974969906748, ub=-0.02839165102452155
[2025-01-28 19:52:26,205][root][INFO] - Simulating initial volumes for stage IV  with norm params: mu=3.86, sigma=8.82, lb=-0.5741465764541877, ub=-0.14683113860980307
[2025-01-28 19:52:26,207][root][INFO] - Got correlated params for 493 patients
[2025-01-28 19:52:26,208][root][INFO] - Got correlated params for 947 patients
[2025-01-28 19:52:26,209][root][INFO] - Got correlated params for 1403 patients
[2025-01-28 19:52:26,209][root][INFO] - Simulating beta_c parameters
[2025-01-28 19:52:26,210][root][INFO] - Randomising outputs
[2025-01-28 19:52:31,384][root][INFO] - Simulating initial volumes for stage I  with norm params: mu=1.72, sigma=4.7, lb=-0.6221218732608373, ub=-0.023523848418276528
[2025-01-28 19:52:31,386][root][INFO] - Simulating initial volumes for stage II  with norm params: mu=1.96, sigma=1.63, lb=-1.9410876100159118, ub=0.3711345751297772
[2025-01-28 19:52:31,386][root][INFO] - Simulating initial volumes for stage IIIA  with norm params: mu=1.91, sigma=9.4, lb=-0.33127370258786554, ub=0.06967546355973796
[2025-01-28 19:52:31,387][root][INFO] - Simulating initial volumes for stage IIIB  with norm params: mu=2.76, sigma=6.87, lb=-0.5769974969906748, ub=-0.02839165102452155
[2025-01-28 19:52:31,388][root][INFO] - Simulating initial volumes for stage IV  with norm params: mu=3.86, sigma=8.82, lb=-0.5741465764541877, ub=-0.14683113860980307
[2025-01-28 19:52:31,390][root][INFO] - Got correlated params for 445 patients
[2025-01-28 19:52:31,391][root][INFO] - Got correlated params for 895 patients
[2025-01-28 19:52:31,392][root][INFO] - Got correlated params for 1355 patients
[2025-01-28 19:52:31,393][root][INFO] - Simulating beta_c parameters
[2025-01-28 19:52:31,394][root][INFO] - Randomising outputs
[2025-01-28 19:52:56,984][src.data.cancer_sim.dataset][INFO] - train Dataset already processed
[2025-01-28 19:52:56,985][src.data.cancer_sim.dataset][INFO] - Processing val dataset before training
[2025-01-28 19:52:57,077][src.data.cancer_sim.dataset][INFO] - Shape of processed val data: {'cancer_volume': (1000, 60), 'chemo_dosage': (1000, 60), 'radio_dosage': (1000, 60), 'chemo_application': (1000, 60), 'radio_application': (1000, 60), 'chemo_probabilities': (1000, 60), 'radio_probabilities': (1000, 60), 'sequence_lengths': (1000,), 'death_flags': (1000, 60), 'recovery_flags': (1000, 60), 'patient_types': (1000,), 'prev_treatments': (1000, 59, 4), 'current_treatments': (1000, 59, 4), 'current_covariates': (1000, 59, 2), 'outputs': (1000, 59, 1), 'active_entries': (1000, 59, 1), 'unscaled_outputs': (1000, 59, 1), 'prev_outputs': (1000, 59, 1), 'static_features': (1000, 1)}
[2025-01-28 19:52:57,077][src.data.cancer_sim.dataset][INFO] - Processing test dataset before training
[2025-01-28 19:53:16,329][src.data.cancer_sim.dataset][INFO] - Shape of processed test data: {'cancer_volume': (215732, 60), 'chemo_application': (215732, 60), 'radio_application': (215732, 60), 'sequence_lengths': (215732,), 'patient_types': (215732,), 'prev_treatments': (215732, 59, 4), 'current_treatments': (215732, 59, 4), 'current_covariates': (215732, 59, 2), 'outputs': (215732, 59, 1), 'active_entries': (215732, 59, 1), 'unscaled_outputs': (215732, 59, 1), 'prev_outputs': (215732, 59, 1), 'static_features': (215732, 1)}
[2025-01-28 19:53:16,975][src.models.crn][INFO] - Input size of encoder: 6
[2025-01-28 20:52:27,451][src.models.time_varying_model][INFO] - RMSE calculation for val.
[2025-01-28 20:52:27,453][src.models.time_varying_model][INFO] - Predictions for val.
[2025-01-28 20:52:28,104][__main__][INFO] - Val normalised RMSE (all): 0.6319032036550091; Val normalised RMSE (orig): 0.6263338813338156
[2025-01-28 20:52:28,104][src.models.time_varying_model][INFO] - RMSE calculation for test.
[2025-01-28 20:52:28,105][src.models.time_varying_model][INFO] - Predictions for test.
[2025-01-28 20:52:41,955][__main__][INFO] - Test normalised RMSE (all): 1.1247005346739936; Test normalised RMSE (orig): 0.8524956839460079; Test normalised RMSE (only counterfactual): 1.114964539934335
[2025-01-28 20:52:42,024][src.models.crn][INFO] - Input size of decoder: 6
[2025-01-28 20:52:42,043][src.data.cancer_sim.dataset][INFO] - train Dataset already processed
[2025-01-28 20:52:42,043][src.data.cancer_sim.dataset][INFO] - val Dataset already processed
[2025-01-28 20:52:42,043][src.data.cancer_sim.dataset][INFO] - Processing test dataset before training
[2025-01-28 20:53:36,523][src.data.cancer_sim.dataset][INFO] - Shape of processed test data: {'cancer_volume': (576490, 65), 'chemo_application': (576490, 65), 'radio_application': (576490, 65), 'sequence_lengths': (576490,), 'patient_types': (576490,), 'patient_ids_all_trajectories': (576490,), 'patient_current_t': (576490,), 'prev_treatments': (576490, 64, 4), 'current_treatments': (576490, 64, 4), 'current_covariates': (576490, 64, 2), 'outputs': (576490, 64, 1), 'active_entries': (576490, 64, 1), 'unscaled_outputs': (576490, 64, 1), 'prev_outputs': (576490, 64, 1), 'static_features': (576490, 1)}
[2025-01-28 20:53:36,526][src.models.time_varying_model][INFO] - Balanced representations inference for train.
[2025-01-28 20:53:37,945][src.models.time_varying_model][INFO] - Balanced representations inference for val.
[2025-01-28 20:53:38,569][src.models.time_varying_model][INFO] - Balanced representations inference for test.
[2025-01-28 20:54:14,399][src.models.time_varying_model][INFO] - Predictions for test.
[2025-01-28 20:54:55,507][src.data.cancer_sim.dataset][INFO] - Processing train dataset before training (multiple sequences)
[2025-01-28 20:54:58,430][src.data.cancer_sim.dataset][INFO] - Shape of processed train data: {'init_state': (514877, 24), 'original_index': (514877,), 'active_encoder_r': (514877, 59), 'prev_treatments': (514877, 5, 4), 'current_treatments': (514877, 5, 4), 'current_covariates': (514877, 5, 2), 'prev_outputs': (514877, 5, 1), 'static_features': (514877, 1), 'outputs': (514877, 5, 1), 'sequence_lengths': (514877,), 'active_entries': (514877, 5, 1), 'unscaled_outputs': (514877, 5, 1)}
[2025-01-28 20:54:58,432][src.data.cancer_sim.dataset][INFO] - Processing val dataset before training (multiple sequences)
[2025-01-28 20:54:58,717][src.data.cancer_sim.dataset][INFO] - Shape of processed val data: {'init_state': (51873, 24), 'original_index': (51873,), 'active_encoder_r': (51873, 59), 'prev_treatments': (51873, 5, 4), 'current_treatments': (51873, 5, 4), 'current_covariates': (51873, 5, 2), 'prev_outputs': (51873, 5, 1), 'static_features': (51873, 1), 'outputs': (51873, 5, 1), 'sequence_lengths': (51873,), 'active_entries': (51873, 5, 1), 'unscaled_outputs': (51873, 5, 1)}
[2025-01-28 20:54:58,717][src.data.cancer_sim.dataset][INFO] - Processing test dataset before testing (multiple sequences)
[2025-01-28 20:55:06,827][src.data.cancer_sim.dataset][INFO] - Shape of processed test data: {'active_encoder_r': (576490, 59), 'prev_treatments': (576490, 5, 4), 'current_treatments': (576490, 5, 4), 'current_covariates': (576490, 5, 2), 'prev_outputs': (576490, 5, 1), 'static_features': (576490, 1), 'outputs': (576490, 5, 1), 'sequence_lengths': (576490,), 'active_entries': (576490, 5, 1), 'unscaled_outputs': (576490, 5, 1), 'patient_types': (576490,), 'patient_ids_all_trajectories': (576490,), 'patient_current_t': (576490,), 'init_state': (576490, 24)}
[2025-01-28 20:55:06,887][src.data.cancer_sim.dataset][INFO] - Processing test dataset before testing (autoregressive)
[2025-01-28 20:55:11,027][src.data.cancer_sim.dataset][INFO] - Shape of processed test data: {'current_covariates': (576490, 5, 2), 'prev_treatments': (576490, 5, 4), 'current_treatments': (576490, 5, 4), 'init_state': (576490, 24), 'active_encoder_r': (576490, 59), 'active_entries': (576490, 5, 1), 'prev_outputs': (576490, 5, 1), 'static_features': (576490, 1)}
[2025-01-28 21:51:40,627][src.models.time_varying_model][INFO] - RMSE calculation for val.
[2025-01-28 21:51:40,629][src.models.time_varying_model][INFO] - Predictions for val.
[2025-01-28 21:51:42,908][__main__][INFO] - Val normalised RMSE (all): 0.34345379578031143; Val normalised RMSE (orig): 0.34345379578031215
[2025-01-28 21:51:42,908][src.models.time_varying_model][INFO] - RMSE calculation for test.
[2025-01-28 21:51:42,908][src.models.time_varying_model][INFO] - Autoregressive Prediction for test.
[2025-01-28 21:51:42,912][src.models.time_varying_model][INFO] - t = 2
[2025-01-28 21:51:42,913][src.models.time_varying_model][INFO] - Predictions for test.
[2025-01-28 21:51:58,530][src.models.time_varying_model][INFO] - t = 3
[2025-01-28 21:51:58,531][src.models.time_varying_model][INFO] - Predictions for test.
[2025-01-28 21:52:14,297][src.models.time_varying_model][INFO] - t = 4
[2025-01-28 21:52:14,297][src.models.time_varying_model][INFO] - Predictions for test.
[2025-01-28 21:52:30,055][src.models.time_varying_model][INFO] - t = 5
[2025-01-28 21:52:30,056][src.models.time_varying_model][INFO] - Predictions for test.
[2025-01-28 21:52:45,585][src.models.time_varying_model][INFO] - t = 6
[2025-01-28 21:52:45,586][src.models.time_varying_model][INFO] - Predictions for test.
[2025-01-28 21:53:02,627][__main__][INFO] - Test normalised RMSE (n-step prediction): {'2-step': 0.9808885954205963, '3-step': 1.211104526237084, '4-step': 1.351102021716523, '5-step': 1.4293371620718027, '6-step': 1.458416900030291}
