[2025-01-29 20:53:52,534][__main__][INFO] - 
model:
  dim_treatments: 4
  dim_vitals: 0
  dim_static_features: 1
  dim_outcomes: 1
  name: RMSN
  propensity_treatment:
    _target_: src.models.rmsn.RMSNPropensityNetworkTreatment
    seq_hidden_units: 8
    dropout_rate: 0.2
    num_layer: 1
    batch_size: 256
    max_grad_norm: 2.0
    optimizer:
      optimizer_cls: adam
      learning_rate: 0.001
      weight_decay: 0.0
      lr_scheduler: false
    tune_hparams: false
    tune_range: 50
    resources_per_trial: null
    hparams_grid: null
  propensity_history:
    _target_: src.models.rmsn.RMSNPropensityNetworkHistory
    seq_hidden_units: 16
    dropout_rate: 0.5
    num_layer: 1
    batch_size: 256
    max_grad_norm: 2.0
    optimizer:
      optimizer_cls: adam
      learning_rate: 0.001
      weight_decay: 0.0
      lr_scheduler: false
    tune_hparams: false
    tune_range: 50
    resources_per_trial: null
    hparams_grid: null
  encoder:
    _target_: src.models.rmsn.RMSNEncoder
    seq_hidden_units: 12
    dropout_rate: 0.1
    num_layer: 1
    batch_size: 256
    max_grad_norm: 0.5
    optimizer:
      optimizer_cls: adam
      learning_rate: 0.001
      weight_decay: 0.0
      lr_scheduler: false
    tune_hparams: false
    tune_range: 50
    resources_per_trial: null
    hparams_grid: null
  train_decoder: true
  decoder:
    _target_: src.models.rmsn.RMSNDecoder
    seq_hidden_units: 64
    dropout_rate: 0.2
    num_layer: 1
    batch_size: 1024
    max_grad_norm: 4.0
    optimizer:
      optimizer_cls: adam
      learning_rate: 0.001
      weight_decay: 0.0
      lr_scheduler: false
    tune_hparams: false
    tune_range: 20
    resources_per_trial: null
dataset:
  val_batch_size: 512
  treatment_mode: multilabel
  _target_: src.data.SyntheticCancerDatasetCollection
  name: tumor_generator
  coeff: 6.0
  chemo_coeff: 6.0
  radio_coeff: 6.0
  seed: 10
  random: false
  noise_percentage: 0.0
  num_patients:
    train: 10000
    val: 1000
    test: 1000
  window_size: 15
  lag: 0
  max_seq_length: 60
  projection_horizon: 5
  cf_seq_mode: sliding_treatment
exp:
  seed: 10
  gpus:
  - 0
  max_epochs: 100
  logging: true
  mlflow_uri: http://127.0.0.1:5000
  unscale_rmse: true
  percentage_rmse: true
  alpha: 1.0
  update_alpha: false
  alpha_rate: exp
  initial_balancing_method: null
  final_balancing_method: null
  bce_weight: false
  weights_ema: true
  beta: 0.99
  alpha_wass: 0.0001
  alpha_wass_epoch: false
  alpha_wass_growth: 0.001
  alpha_wass_max: 0.01

[2025-01-29 20:53:52,555][root][INFO] - Simulating initial volumes for stage I  with norm params: mu=1.72, sigma=4.7, lb=-0.6221218732608373, ub=-0.023523848418276528
[2025-01-29 20:53:52,562][root][INFO] - Simulating initial volumes for stage II  with norm params: mu=1.96, sigma=1.63, lb=-1.9410876100159118, ub=0.3711345751297772
[2025-01-29 20:53:52,563][root][INFO] - Simulating initial volumes for stage IIIA  with norm params: mu=1.91, sigma=9.4, lb=-0.33127370258786554, ub=0.06967546355973796
[2025-01-29 20:53:52,564][root][INFO] - Simulating initial volumes for stage IIIB  with norm params: mu=2.76, sigma=6.87, lb=-0.5769974969906748, ub=-0.02839165102452155
[2025-01-29 20:53:52,567][root][INFO] - Simulating initial volumes for stage IV  with norm params: mu=3.86, sigma=8.82, lb=-0.5741465764541877, ub=-0.14683113860980307
[2025-01-29 20:53:52,597][root][INFO] - Got correlated params for 4658 patients
[2025-01-29 20:53:52,602][root][INFO] - Got correlated params for 9338 patients
[2025-01-29 20:53:52,607][root][INFO] - Got correlated params for 13912 patients
[2025-01-29 20:53:52,615][root][INFO] - Simulating beta_c parameters
[2025-01-29 20:53:52,620][root][INFO] - Randomising outputs
[2025-01-29 20:54:07,685][root][INFO] - Simulating initial volumes for stage I  with norm params: mu=1.72, sigma=4.7, lb=-0.6221218732608373, ub=-0.023523848418276528
[2025-01-29 20:54:07,688][root][INFO] - Simulating initial volumes for stage II  with norm params: mu=1.96, sigma=1.63, lb=-1.9410876100159118, ub=0.3711345751297772
[2025-01-29 20:54:07,688][root][INFO] - Simulating initial volumes for stage IIIA  with norm params: mu=1.91, sigma=9.4, lb=-0.33127370258786554, ub=0.06967546355973796
[2025-01-29 20:54:07,689][root][INFO] - Simulating initial volumes for stage IIIB  with norm params: mu=2.76, sigma=6.87, lb=-0.5769974969906748, ub=-0.02839165102452155
[2025-01-29 20:54:07,690][root][INFO] - Simulating initial volumes for stage IV  with norm params: mu=3.86, sigma=8.82, lb=-0.5741465764541877, ub=-0.14683113860980307
[2025-01-29 20:54:07,692][root][INFO] - Got correlated params for 464 patients
[2025-01-29 20:54:07,693][root][INFO] - Got correlated params for 942 patients
[2025-01-29 20:54:07,694][root][INFO] - Got correlated params for 1398 patients
[2025-01-29 20:54:07,695][root][INFO] - Simulating beta_c parameters
[2025-01-29 20:54:07,696][root][INFO] - Randomising outputs
[2025-01-29 20:54:09,191][root][INFO] - Simulating initial volumes for stage I  with norm params: mu=1.72, sigma=4.7, lb=-0.6221218732608373, ub=-0.023523848418276528
[2025-01-29 20:54:09,192][root][INFO] - Simulating initial volumes for stage II  with norm params: mu=1.96, sigma=1.63, lb=-1.9410876100159118, ub=0.3711345751297772
[2025-01-29 20:54:09,193][root][INFO] - Simulating initial volumes for stage IIIA  with norm params: mu=1.91, sigma=9.4, lb=-0.33127370258786554, ub=0.06967546355973796
[2025-01-29 20:54:09,193][root][INFO] - Simulating initial volumes for stage IIIB  with norm params: mu=2.76, sigma=6.87, lb=-0.5769974969906748, ub=-0.02839165102452155
[2025-01-29 20:54:09,194][root][INFO] - Simulating initial volumes for stage IV  with norm params: mu=3.86, sigma=8.82, lb=-0.5741465764541877, ub=-0.14683113860980307
[2025-01-29 20:54:09,196][root][INFO] - Got correlated params for 491 patients
[2025-01-29 20:54:09,197][root][INFO] - Got correlated params for 936 patients
[2025-01-29 20:54:09,198][root][INFO] - Got correlated params for 1396 patients
[2025-01-29 20:54:09,199][root][INFO] - Simulating beta_c parameters
[2025-01-29 20:54:09,200][root][INFO] - Randomising outputs
[2025-01-29 20:54:14,747][root][INFO] - Simulating initial volumes for stage I  with norm params: mu=1.72, sigma=4.7, lb=-0.6221218732608373, ub=-0.023523848418276528
[2025-01-29 20:54:14,748][root][INFO] - Simulating initial volumes for stage II  with norm params: mu=1.96, sigma=1.63, lb=-1.9410876100159118, ub=0.3711345751297772
[2025-01-29 20:54:14,749][root][INFO] - Simulating initial volumes for stage IIIA  with norm params: mu=1.91, sigma=9.4, lb=-0.33127370258786554, ub=0.06967546355973796
[2025-01-29 20:54:14,749][root][INFO] - Simulating initial volumes for stage IIIB  with norm params: mu=2.76, sigma=6.87, lb=-0.5769974969906748, ub=-0.02839165102452155
[2025-01-29 20:54:14,750][root][INFO] - Simulating initial volumes for stage IV  with norm params: mu=3.86, sigma=8.82, lb=-0.5741465764541877, ub=-0.14683113860980307
[2025-01-29 20:54:14,752][root][INFO] - Got correlated params for 434 patients
[2025-01-29 20:54:14,753][root][INFO] - Got correlated params for 874 patients
[2025-01-29 20:54:14,754][root][INFO] - Got correlated params for 1357 patients
[2025-01-29 20:54:14,755][root][INFO] - Simulating beta_c parameters
[2025-01-29 20:54:14,756][root][INFO] - Randomising outputs
[2025-01-29 20:54:39,530][src.data.cancer_sim.dataset][INFO] - Processing train dataset before training
[2025-01-29 20:54:39,579][src.data.cancer_sim.dataset][INFO] - Shape of processed train data: {'cancer_volume': (10000, 60), 'chemo_dosage': (10000, 60), 'radio_dosage': (10000, 60), 'chemo_application': (10000, 60), 'radio_application': (10000, 60), 'chemo_probabilities': (10000, 60), 'radio_probabilities': (10000, 60), 'sequence_lengths': (10000,), 'death_flags': (10000, 60), 'recovery_flags': (10000, 60), 'patient_types': (10000,), 'prev_treatments': (10000, 59, 2), 'current_treatments': (10000, 59, 2), 'current_covariates': (10000, 59, 2), 'outputs': (10000, 59, 1), 'active_entries': (10000, 59, 1), 'unscaled_outputs': (10000, 59, 1), 'prev_outputs': (10000, 59, 1), 'static_features': (10000, 1)}
[2025-01-29 20:54:39,579][src.data.cancer_sim.dataset][INFO] - Processing val dataset before training
[2025-01-29 20:54:39,583][src.data.cancer_sim.dataset][INFO] - Shape of processed val data: {'cancer_volume': (1000, 60), 'chemo_dosage': (1000, 60), 'radio_dosage': (1000, 60), 'chemo_application': (1000, 60), 'radio_application': (1000, 60), 'chemo_probabilities': (1000, 60), 'radio_probabilities': (1000, 60), 'sequence_lengths': (1000,), 'death_flags': (1000, 60), 'recovery_flags': (1000, 60), 'patient_types': (1000,), 'prev_treatments': (1000, 59, 2), 'current_treatments': (1000, 59, 2), 'current_covariates': (1000, 59, 2), 'outputs': (1000, 59, 1), 'active_entries': (1000, 59, 1), 'unscaled_outputs': (1000, 59, 1), 'prev_outputs': (1000, 59, 1), 'static_features': (1000, 1)}
[2025-01-29 20:54:39,583][src.data.cancer_sim.dataset][INFO] - Processing test dataset before training
[2025-01-29 20:54:40,307][src.data.cancer_sim.dataset][INFO] - Shape of processed test data: {'cancer_volume': (224868, 60), 'chemo_application': (224868, 60), 'radio_application': (224868, 60), 'sequence_lengths': (224868,), 'patient_types': (224868,), 'prev_treatments': (224868, 59, 2), 'current_treatments': (224868, 59, 2), 'current_covariates': (224868, 59, 2), 'outputs': (224868, 59, 1), 'active_entries': (224868, 59, 1), 'unscaled_outputs': (224868, 59, 1), 'prev_outputs': (224868, 59, 1), 'static_features': (224868, 1)}
[2025-01-29 20:54:40,321][src.models.rmsn][INFO] - Input size of propensity_treatment: 2
[2025-01-29 20:57:05,051][src.models.time_varying_model][INFO] - BCE calculation for val.
[2025-01-29 20:57:05,052][src.models.rmsn][INFO] - Propensity scores for val.
[2025-01-29 20:57:05,488][__main__][INFO] - Val normalised BCE (all): 0.7376889863049764; Val normalised RMSE (orig): 0.7376637805603807
[2025-01-29 20:57:05,489][src.models.time_varying_model][INFO] - BCE calculation for test.
[2025-01-29 20:57:05,489][src.models.rmsn][INFO] - Propensity scores for test.
[2025-01-29 20:57:16,279][__main__][INFO] - Test normalised RMSE (all): 0.7290183265848037; Test normalised RMSE (orig): 0.7278723519110066.
[2025-01-29 20:57:16,319][src.models.rmsn][INFO] - Input size of propensity_history: 4
[2025-01-29 20:59:23,267][src.models.time_varying_model][INFO] - BCE calculation for val.
[2025-01-29 20:59:23,268][src.models.rmsn][INFO] - Propensity scores for val.
[2025-01-29 20:59:23,690][__main__][INFO] - Val normalised BCE (all): 0.7260102136995542; Val normalised RMSE (orig): 0.7259914849403629
[2025-01-29 20:59:23,690][src.models.time_varying_model][INFO] - BCE calculation for test.
[2025-01-29 20:59:23,690][src.models.rmsn][INFO] - Propensity scores for test.
[2025-01-29 20:59:34,603][__main__][INFO] - Test normalised BCE (all): 0.7611253380020864; Test normalised BCE (orig): 0.7628381657159594.
[2025-01-29 20:59:34,645][src.models.rmsn][INFO] - Input size of encoder: 4
[2025-01-29 20:59:34,658][src.models.rmsn][INFO] - Propensity scores for train.
[2025-01-29 20:59:35,595][src.models.rmsn][INFO] - Propensity scores for train.
[2025-01-29 21:02:00,012][src.models.time_varying_model][INFO] - RMSE calculation for val.
[2025-01-29 21:02:00,012][src.models.rmsn][INFO] - Predictions for val.
[2025-01-29 21:02:00,387][__main__][INFO] - Val normalised RMSE (all): 0.8212257348872851; Val normalised RMSE (orig): 0.8100655411942801
[2025-01-29 21:02:00,388][src.models.time_varying_model][INFO] - RMSE calculation for test.
[2025-01-29 21:02:00,388][src.models.rmsn][INFO] - Predictions for test.
[2025-01-29 21:02:11,577][__main__][INFO] - Test normalised RMSE (all): 1.5609154597086359; Test normalised RMSE (orig): 1.311506507671908; Test normalised RMSE (only counterfactual): 2.062574170141243
[2025-01-29 21:02:11,625][src.models.rmsn][INFO] - Input size of decoder: 4
[2025-01-29 21:02:11,638][src.data.cancer_sim.dataset][INFO] - train Dataset already processed
[2025-01-29 21:02:11,638][src.data.cancer_sim.dataset][INFO] - val Dataset already processed
[2025-01-29 21:02:11,638][src.data.cancer_sim.dataset][INFO] - Processing test dataset before training
[2025-01-29 21:02:13,819][src.data.cancer_sim.dataset][INFO] - Shape of processed test data: {'cancer_volume': (548744, 65), 'chemo_application': (548744, 65), 'radio_application': (548744, 65), 'sequence_lengths': (548744,), 'patient_types': (548744,), 'patient_ids_all_trajectories': (548744,), 'patient_current_t': (548744,), 'prev_treatments': (548744, 64, 2), 'current_treatments': (548744, 64, 2), 'current_covariates': (548744, 64, 2), 'outputs': (548744, 64, 1), 'active_entries': (548744, 64, 1), 'unscaled_outputs': (548744, 64, 1), 'prev_outputs': (548744, 64, 1), 'static_features': (548744, 1)}
[2025-01-29 21:02:13,820][src.models.rmsn][INFO] - Representations inference for train.
[2025-01-29 21:02:14,875][src.models.rmsn][INFO] - Representations inference for val.
[2025-01-29 21:02:15,251][src.models.rmsn][INFO] - Representations inference for test.
[2025-01-29 21:02:42,607][src.models.rmsn][INFO] - Predictions for test.
[2025-01-29 21:03:11,291][src.data.cancer_sim.dataset][INFO] - Processing train dataset before training (multiple sequences)
[2025-01-29 21:03:14,335][src.data.cancer_sim.dataset][INFO] - Shape of processed train data: {'init_state': (515994, 12), 'original_index': (515994,), 'active_encoder_r': (515994, 59), 'prev_treatments': (515994, 5, 2), 'current_treatments': (515994, 5, 2), 'current_covariates': (515994, 5, 2), 'prev_outputs': (515994, 5, 1), 'static_features': (515994, 1), 'outputs': (515994, 5, 1), 'sequence_lengths': (515994,), 'active_entries': (515994, 5, 1), 'unscaled_outputs': (515994, 5, 1), 'stabilized_weights': (515994, 6)}
[2025-01-29 21:03:14,336][src.data.cancer_sim.dataset][INFO] - Processing val dataset before training (multiple sequences)
[2025-01-29 21:03:14,624][src.data.cancer_sim.dataset][INFO] - Shape of processed val data: {'init_state': (51287, 12), 'original_index': (51287,), 'active_encoder_r': (51287, 59), 'prev_treatments': (51287, 5, 2), 'current_treatments': (51287, 5, 2), 'current_covariates': (51287, 5, 2), 'prev_outputs': (51287, 5, 1), 'static_features': (51287, 1), 'outputs': (51287, 5, 1), 'sequence_lengths': (51287,), 'active_entries': (51287, 5, 1), 'unscaled_outputs': (51287, 5, 1)}
[2025-01-29 21:03:14,624][src.data.cancer_sim.dataset][INFO] - Processing test dataset before testing (multiple sequences)
[2025-01-29 21:03:21,125][src.data.cancer_sim.dataset][INFO] - Shape of processed test data: {'active_encoder_r': (548744, 59), 'prev_treatments': (548744, 5, 2), 'current_treatments': (548744, 5, 2), 'current_covariates': (548744, 5, 2), 'prev_outputs': (548744, 5, 1), 'static_features': (548744, 1), 'outputs': (548744, 5, 1), 'sequence_lengths': (548744,), 'active_entries': (548744, 5, 1), 'unscaled_outputs': (548744, 5, 1), 'patient_types': (548744,), 'patient_ids_all_trajectories': (548744,), 'patient_current_t': (548744,), 'init_state': (548744, 12)}
[2025-01-29 21:03:21,132][src.data.cancer_sim.dataset][INFO] - Processing test dataset before testing (autoregressive)
[2025-01-29 21:03:24,994][src.data.cancer_sim.dataset][INFO] - Shape of processed test data: {'current_covariates': (548744, 5, 2), 'prev_treatments': (548744, 5, 2), 'current_treatments': (548744, 5, 2), 'init_state': (548744, 12), 'active_encoder_r': (548744, 59), 'active_entries': (548744, 5, 1), 'prev_outputs': (548744, 5, 1), 'static_features': (548744, 1)}
[2025-01-29 21:45:37,628][src.models.time_varying_model][INFO] - RMSE calculation for val.
[2025-01-29 21:45:37,629][src.models.rmsn][INFO] - Predictions for val.
[2025-01-29 21:45:39,707][__main__][INFO] - Val normalised RMSE (all): 0.31804373970947314; Val normalised RMSE (orig): 0.3180437397094728
[2025-01-29 21:45:39,707][src.models.time_varying_model][INFO] - RMSE calculation for test.
[2025-01-29 21:45:39,707][src.models.time_varying_model][INFO] - Autoregressive Prediction for test.
[2025-01-29 21:45:39,719][src.models.time_varying_model][INFO] - t = 2
[2025-01-29 21:45:39,719][src.models.rmsn][INFO] - Predictions for test.
[2025-01-29 21:45:54,605][src.models.time_varying_model][INFO] - t = 3
[2025-01-29 21:45:54,606][src.models.rmsn][INFO] - Predictions for test.
[2025-01-29 21:46:09,300][src.models.time_varying_model][INFO] - t = 4
[2025-01-29 21:46:09,300][src.models.rmsn][INFO] - Predictions for test.
[2025-01-29 21:46:24,033][src.models.time_varying_model][INFO] - t = 5
[2025-01-29 21:46:24,034][src.models.rmsn][INFO] - Predictions for test.
[2025-01-29 21:46:38,898][src.models.time_varying_model][INFO] - t = 6
[2025-01-29 21:46:38,899][src.models.rmsn][INFO] - Predictions for test.
[2025-01-29 21:46:54,901][__main__][INFO] - Test normalised RMSE (n-step prediction): {'2-step': 2.3077144790578896, '3-step': 3.0019691617065836, '4-step': 3.603024597052826, '5-step': 3.9203628267984887, '6-step': 3.9359816588411976}
