[2025-01-27 18:12:33,988][__main__][INFO] - 
model:
  dim_treatments: 4
  dim_vitals: 0
  dim_static_features: 1
  dim_outcomes: 1
  name: MSM
  lag_features: 1
  propensity_treatment:
    _target_: src.models.msm.MSMPropensityTreatment
  propensity_history:
    _target_: src.models.msm.MSMPropensityHistory
  msm_regressor:
    _target_: src.models.msm.MSMRegressor
dataset:
  val_batch_size: 512
  treatment_mode: multilabel
  _target_: src.data.SyntheticCancerDatasetCollection
  name: tumor_generator
  coeff: 6.0
  chemo_coeff: 6.0
  radio_coeff: 6.0
  seed: 101
  random: false
  noise_percentage: 0.0
  num_patients:
    train: 10000
    val: 1000
    test: 1000
  window_size: 15
  lag: 0
  max_seq_length: 60
  projection_horizon: 5
  cf_seq_mode: sliding_treatment
exp:
  seed: 101
  gpus:
  - 0
  max_epochs: 100
  logging: true
  mlflow_uri: http://127.0.0.1:5000
  unscale_rmse: true
  percentage_rmse: true
  alpha: 1.0
  update_alpha: false
  alpha_rate: exp
  initial_balancing_method: null
  final_balancing_method: null
  bce_weight: false
  weights_ema: true
  beta: 0.99
  alpha_wass: 0.0001
  alpha_wass_epoch: false
  alpha_wass_growth: 0.001
  alpha_wass_max: 0.01

[2025-01-27 18:12:34,000][root][INFO] - Simulating initial volumes for stage I  with norm params: mu=1.72, sigma=4.7, lb=-0.6221218732608373, ub=-0.023523848418276528
[2025-01-27 18:12:34,001][root][INFO] - Simulating initial volumes for stage II  with norm params: mu=1.96, sigma=1.63, lb=-1.9410876100159118, ub=0.3711345751297772
[2025-01-27 18:12:34,002][root][INFO] - Simulating initial volumes for stage IIIA  with norm params: mu=1.91, sigma=9.4, lb=-0.33127370258786554, ub=0.06967546355973796
[2025-01-27 18:12:34,003][root][INFO] - Simulating initial volumes for stage IIIB  with norm params: mu=2.76, sigma=6.87, lb=-0.5769974969906748, ub=-0.02839165102452155
[2025-01-27 18:12:34,005][root][INFO] - Simulating initial volumes for stage IV  with norm params: mu=3.86, sigma=8.82, lb=-0.5741465764541877, ub=-0.14683113860980307
[2025-01-27 18:12:34,014][root][INFO] - Got correlated params for 4645 patients
[2025-01-27 18:12:34,019][root][INFO] - Got correlated params for 9125 patients
[2025-01-27 18:12:34,023][root][INFO] - Got correlated params for 13736 patients
[2025-01-27 18:12:34,030][root][INFO] - Simulating beta_c parameters
[2025-01-27 18:12:34,035][root][INFO] - Randomising outputs
[2025-01-27 18:12:51,935][root][INFO] - Simulating initial volumes for stage I  with norm params: mu=1.72, sigma=4.7, lb=-0.6221218732608373, ub=-0.023523848418276528
[2025-01-27 18:12:51,938][root][INFO] - Simulating initial volumes for stage II  with norm params: mu=1.96, sigma=1.63, lb=-1.9410876100159118, ub=0.3711345751297772
[2025-01-27 18:12:51,939][root][INFO] - Simulating initial volumes for stage IIIA  with norm params: mu=1.91, sigma=9.4, lb=-0.33127370258786554, ub=0.06967546355973796
[2025-01-27 18:12:51,939][root][INFO] - Simulating initial volumes for stage IIIB  with norm params: mu=2.76, sigma=6.87, lb=-0.5769974969906748, ub=-0.02839165102452155
[2025-01-27 18:12:51,940][root][INFO] - Simulating initial volumes for stage IV  with norm params: mu=3.86, sigma=8.82, lb=-0.5741465764541877, ub=-0.14683113860980307
[2025-01-27 18:12:51,942][root][INFO] - Got correlated params for 438 patients
[2025-01-27 18:12:51,943][root][INFO] - Got correlated params for 895 patients
[2025-01-27 18:12:51,944][root][INFO] - Got correlated params for 1361 patients
[2025-01-27 18:12:51,945][root][INFO] - Simulating beta_c parameters
[2025-01-27 18:12:51,947][root][INFO] - Randomising outputs
[2025-01-27 18:12:53,735][root][INFO] - Simulating initial volumes for stage I  with norm params: mu=1.72, sigma=4.7, lb=-0.6221218732608373, ub=-0.023523848418276528
[2025-01-27 18:12:53,735][root][INFO] - Simulating initial volumes for stage II  with norm params: mu=1.96, sigma=1.63, lb=-1.9410876100159118, ub=0.3711345751297772
[2025-01-27 18:12:53,736][root][INFO] - Simulating initial volumes for stage IIIA  with norm params: mu=1.91, sigma=9.4, lb=-0.33127370258786554, ub=0.06967546355973796
[2025-01-27 18:12:53,737][root][INFO] - Simulating initial volumes for stage IIIB  with norm params: mu=2.76, sigma=6.87, lb=-0.5769974969906748, ub=-0.02839165102452155
[2025-01-27 18:12:53,737][root][INFO] - Simulating initial volumes for stage IV  with norm params: mu=3.86, sigma=8.82, lb=-0.5741465764541877, ub=-0.14683113860980307
[2025-01-27 18:12:53,739][root][INFO] - Got correlated params for 448 patients
[2025-01-27 18:12:53,740][root][INFO] - Got correlated params for 913 patients
[2025-01-27 18:12:53,741][root][INFO] - Got correlated params for 1384 patients
[2025-01-27 18:12:53,742][root][INFO] - Simulating beta_c parameters
[2025-01-27 18:12:53,743][root][INFO] - Randomising outputs
[2025-01-27 18:13:00,189][root][INFO] - Simulating initial volumes for stage I  with norm params: mu=1.72, sigma=4.7, lb=-0.6221218732608373, ub=-0.023523848418276528
[2025-01-27 18:13:00,190][root][INFO] - Simulating initial volumes for stage II  with norm params: mu=1.96, sigma=1.63, lb=-1.9410876100159118, ub=0.3711345751297772
[2025-01-27 18:13:00,191][root][INFO] - Simulating initial volumes for stage IIIA  with norm params: mu=1.91, sigma=9.4, lb=-0.33127370258786554, ub=0.06967546355973796
[2025-01-27 18:13:00,191][root][INFO] - Simulating initial volumes for stage IIIB  with norm params: mu=2.76, sigma=6.87, lb=-0.5769974969906748, ub=-0.02839165102452155
[2025-01-27 18:13:00,192][root][INFO] - Simulating initial volumes for stage IV  with norm params: mu=3.86, sigma=8.82, lb=-0.5741465764541877, ub=-0.14683113860980307
[2025-01-27 18:13:00,194][root][INFO] - Got correlated params for 469 patients
[2025-01-27 18:13:00,195][root][INFO] - Got correlated params for 898 patients
[2025-01-27 18:13:00,196][root][INFO] - Got correlated params for 1364 patients
[2025-01-27 18:13:00,197][root][INFO] - Simulating beta_c parameters
[2025-01-27 18:13:00,198][root][INFO] - Randomising outputs
[2025-01-27 18:13:29,987][src.data.cancer_sim.dataset][INFO] - Processing train dataset before training
[2025-01-27 18:13:30,026][src.data.cancer_sim.dataset][INFO] - Shape of processed train data: {'cancer_volume': (10000, 60), 'chemo_dosage': (10000, 60), 'radio_dosage': (10000, 60), 'chemo_application': (10000, 60), 'radio_application': (10000, 60), 'chemo_probabilities': (10000, 60), 'radio_probabilities': (10000, 60), 'sequence_lengths': (10000,), 'death_flags': (10000, 60), 'recovery_flags': (10000, 60), 'patient_types': (10000,), 'prev_treatments': (10000, 59, 2), 'current_treatments': (10000, 59, 2), 'current_covariates': (10000, 59, 2), 'outputs': (10000, 59, 1), 'active_entries': (10000, 59, 1), 'unscaled_outputs': (10000, 59, 1), 'prev_outputs': (10000, 59, 1), 'static_features': (10000, 1)}
[2025-01-27 18:13:30,026][src.data.cancer_sim.dataset][INFO] - Processing val dataset before training
[2025-01-27 18:13:30,030][src.data.cancer_sim.dataset][INFO] - Shape of processed val data: {'cancer_volume': (1000, 60), 'chemo_dosage': (1000, 60), 'radio_dosage': (1000, 60), 'chemo_application': (1000, 60), 'radio_application': (1000, 60), 'chemo_probabilities': (1000, 60), 'radio_probabilities': (1000, 60), 'sequence_lengths': (1000,), 'death_flags': (1000, 60), 'recovery_flags': (1000, 60), 'patient_types': (1000,), 'prev_treatments': (1000, 59, 2), 'current_treatments': (1000, 59, 2), 'current_covariates': (1000, 59, 2), 'outputs': (1000, 59, 1), 'active_entries': (1000, 59, 1), 'unscaled_outputs': (1000, 59, 1), 'prev_outputs': (1000, 59, 1), 'static_features': (1000, 1)}
[2025-01-27 18:13:30,030][src.data.cancer_sim.dataset][INFO] - Processing test dataset before training
[2025-01-27 18:13:30,786][src.data.cancer_sim.dataset][INFO] - Shape of processed test data: {'cancer_volume': (229084, 60), 'chemo_application': (229084, 60), 'radio_application': (229084, 60), 'sequence_lengths': (229084,), 'patient_types': (229084,), 'prev_treatments': (229084, 59, 2), 'current_treatments': (229084, 59, 2), 'current_covariates': (229084, 59, 2), 'outputs': (229084, 59, 1), 'active_entries': (229084, 59, 1), 'unscaled_outputs': (229084, 59, 1), 'prev_outputs': (229084, 59, 1), 'static_features': (229084, 1)}
[2025-01-27 18:13:30,787][src.data.cancer_sim.dataset][INFO] - Processing test dataset before training
[2025-01-27 18:13:33,055][src.data.cancer_sim.dataset][INFO] - Shape of processed test data: {'cancer_volume': (565032, 65), 'chemo_application': (565032, 65), 'radio_application': (565032, 65), 'sequence_lengths': (565032,), 'patient_types': (565032,), 'patient_ids_all_trajectories': (565032,), 'patient_current_t': (565032,), 'prev_treatments': (565032, 64, 2), 'current_treatments': (565032, 64, 2), 'current_covariates': (565032, 64, 2), 'outputs': (565032, 64, 1), 'active_entries': (565032, 64, 1), 'unscaled_outputs': (565032, 64, 1), 'prev_outputs': (565032, 64, 1), 'static_features': (565032, 1)}
[2025-01-27 18:13:33,056][src.data.cancer_sim.dataset][INFO] - Processing test dataset before testing (multiple sequences)
[2025-01-27 18:13:40,054][src.data.cancer_sim.dataset][INFO] - Shape of processed test data: {'active_encoder_r': (565032, 59), 'prev_treatments': (565032, 5, 2), 'current_treatments': (565032, 5, 2), 'current_covariates': (565032, 5, 2), 'prev_outputs': (565032, 5, 1), 'static_features': (565032, 1), 'outputs': (565032, 5, 1), 'sequence_lengths': (565032,), 'active_entries': (565032, 5, 1), 'unscaled_outputs': (565032, 5, 1), 'patient_types': (565032,), 'patient_ids_all_trajectories': (565032,), 'patient_current_t': (565032,)}
[2025-01-27 18:13:41,549][src.models.msm][INFO] - Input size of propensity_treatment: 2
[2025-01-27 18:13:42,470][src.data.cancer_sim.dataset][INFO] - Exploding train dataset before testing (multiple sequences)
[2025-01-27 18:13:45,941][src.data.cancer_sim.dataset][INFO] - Shape of processed train data: {'prev_treatments': (566262, 59, 2), 'current_treatments': (566262, 59, 2), 'static_features': (566262, 1), 'prev_outputs': (566262, 59, 1), 'outputs': (566262, 59, 1), 'unscaled_outputs': (566262, 59, 1), 'sequence_lengths': (566262,), 'active_entries': (566262, 59, 1)}
[2025-01-27 18:13:48,859][src.models.msm][INFO] - Input size of propensity_history: 4
[2025-01-27 18:13:49,320][src.data.cancer_sim.dataset][INFO] - Exploding train dataset before testing (multiple sequences)
[2025-01-27 18:13:52,795][src.data.cancer_sim.dataset][INFO] - Shape of processed train data: {'prev_treatments': (566262, 59, 2), 'current_treatments': (566262, 59, 2), 'static_features': (566262, 1), 'prev_outputs': (566262, 59, 1), 'outputs': (566262, 59, 1), 'unscaled_outputs': (566262, 59, 1), 'sequence_lengths': (566262,), 'active_entries': (566262, 59, 1)}
[2025-01-27 18:13:57,325][src.models.msm][INFO] - Input size of msm_regressor: 4
[2025-01-27 18:13:57,784][src.models.msm][INFO] - Propensity scores for train.
[2025-01-27 18:13:57,849][src.data.cancer_sim.dataset][INFO] - Exploding train dataset before testing (multiple sequences)
[2025-01-27 18:14:01,355][src.data.cancer_sim.dataset][INFO] - Shape of processed train data: {'prev_treatments': (580000, 59, 2), 'current_treatments': (580000, 59, 2), 'static_features': (580000, 1), 'prev_outputs': (580000, 59, 1), 'outputs': (580000, 59, 1), 'unscaled_outputs': (580000, 59, 1), 'sequence_lengths': (580000,), 'active_entries': (580000, 59, 1)}
[2025-01-27 18:14:02,405][src.models.msm][INFO] - Propensity scores for train.
[2025-01-27 18:14:02,450][src.data.cancer_sim.dataset][INFO] - Exploding train dataset before testing (multiple sequences)
[2025-01-27 18:14:05,983][src.data.cancer_sim.dataset][INFO] - Shape of processed train data: {'prev_treatments': (580000, 59, 2), 'current_treatments': (580000, 59, 2), 'static_features': (580000, 1), 'prev_outputs': (580000, 59, 1), 'outputs': (580000, 59, 1), 'unscaled_outputs': (580000, 59, 1), 'sequence_lengths': (580000,), 'active_entries': (580000, 59, 1)}
[2025-01-27 18:14:07,662][src.data.cancer_sim.dataset][INFO] - Exploding train dataset before testing (multiple sequences)
[2025-01-27 18:14:11,601][src.data.cancer_sim.dataset][INFO] - Shape of processed train data: {'prev_treatments': (566262, 59, 2), 'current_treatments': (566262, 59, 2), 'static_features': (566262, 1), 'prev_outputs': (566262, 59, 1), 'outputs': (566262, 59, 1), 'unscaled_outputs': (566262, 59, 1), 'sequence_lengths': (566262,), 'active_entries': (566262, 59, 1), 'stabilized_weights': (566262, 59)}
[2025-01-27 18:14:14,919][src.data.cancer_sim.dataset][INFO] - Exploding train dataset before testing (multiple sequences)
[2025-01-27 18:14:18,727][src.data.cancer_sim.dataset][INFO] - Shape of processed train data: {'prev_treatments': (556279, 59, 2), 'current_treatments': (556279, 59, 2), 'static_features': (556279, 1), 'prev_outputs': (556279, 59, 1), 'outputs': (556279, 59, 1), 'unscaled_outputs': (556279, 59, 1), 'sequence_lengths': (556279,), 'active_entries': (556279, 59, 1), 'stabilized_weights': (556279, 59)}
[2025-01-27 18:14:22,237][src.data.cancer_sim.dataset][INFO] - Exploding train dataset before testing (multiple sequences)
[2025-01-27 18:14:26,056][src.data.cancer_sim.dataset][INFO] - Shape of processed train data: {'prev_treatments': (546362, 59, 2), 'current_treatments': (546362, 59, 2), 'static_features': (546362, 1), 'prev_outputs': (546362, 59, 1), 'outputs': (546362, 59, 1), 'unscaled_outputs': (546362, 59, 1), 'sequence_lengths': (546362,), 'active_entries': (546362, 59, 1), 'stabilized_weights': (546362, 59)}
[2025-01-27 18:14:29,528][src.data.cancer_sim.dataset][INFO] - Exploding train dataset before testing (multiple sequences)
[2025-01-27 18:14:33,236][src.data.cancer_sim.dataset][INFO] - Shape of processed train data: {'prev_treatments': (536491, 59, 2), 'current_treatments': (536491, 59, 2), 'static_features': (536491, 1), 'prev_outputs': (536491, 59, 1), 'outputs': (536491, 59, 1), 'unscaled_outputs': (536491, 59, 1), 'sequence_lengths': (536491,), 'active_entries': (536491, 59, 1), 'stabilized_weights': (536491, 59)}
[2025-01-27 18:14:36,670][src.data.cancer_sim.dataset][INFO] - Exploding train dataset before testing (multiple sequences)
[2025-01-27 18:14:40,313][src.data.cancer_sim.dataset][INFO] - Shape of processed train data: {'prev_treatments': (526646, 59, 2), 'current_treatments': (526646, 59, 2), 'static_features': (526646, 1), 'prev_outputs': (526646, 59, 1), 'outputs': (526646, 59, 1), 'unscaled_outputs': (526646, 59, 1), 'sequence_lengths': (526646,), 'active_entries': (526646, 59, 1), 'stabilized_weights': (526646, 59)}
[2025-01-27 18:14:43,714][src.data.cancer_sim.dataset][INFO] - Exploding train dataset before testing (multiple sequences)
[2025-01-27 18:14:47,318][src.data.cancer_sim.dataset][INFO] - Shape of processed train data: {'prev_treatments': (516818, 59, 2), 'current_treatments': (516818, 59, 2), 'static_features': (516818, 1), 'prev_outputs': (516818, 59, 1), 'outputs': (516818, 59, 1), 'unscaled_outputs': (516818, 59, 1), 'sequence_lengths': (516818,), 'active_entries': (516818, 59, 1), 'stabilized_weights': (516818, 59)}
[2025-01-27 18:14:50,855][src.models.time_varying_model][INFO] - RMSE calculation for test.
[2025-01-27 18:14:50,856][src.models.msm][INFO] - Predictions for test.
[2025-01-27 18:14:51,611][src.data.cancer_sim.dataset][INFO] - Exploding test dataset before testing (multiple sequences)
[2025-01-27 18:14:55,207][src.data.cancer_sim.dataset][INFO] - Shape of processed test data: {'prev_treatments': (580000, 59, 2), 'current_treatments': (580000, 59, 2), 'static_features': (580000, 1), 'prev_outputs': (580000, 59, 1), 'outputs': (580000, 59, 1), 'unscaled_outputs': (580000, 59, 1), 'sequence_lengths': (580000,), 'active_entries': (580000, 59, 1)}
[2025-01-27 18:14:58,535][src.data.cancer_sim.dataset][INFO] - Exploding test dataset before testing (multiple sequences)
[2025-01-27 18:15:02,094][src.data.cancer_sim.dataset][INFO] - Shape of processed test data: {'prev_treatments': (580000, 59, 2), 'current_treatments': (580000, 59, 2), 'static_features': (580000, 1), 'prev_outputs': (580000, 59, 1), 'outputs': (580000, 59, 1), 'unscaled_outputs': (580000, 59, 1), 'sequence_lengths': (580000,), 'active_entries': (580000, 59, 1)}
[2025-01-27 18:15:05,482][src.data.cancer_sim.dataset][INFO] - Exploding test dataset before testing (multiple sequences)
[2025-01-27 18:15:09,103][src.data.cancer_sim.dataset][INFO] - Shape of processed test data: {'prev_treatments': (580000, 59, 2), 'current_treatments': (580000, 59, 2), 'static_features': (580000, 1), 'prev_outputs': (580000, 59, 1), 'outputs': (580000, 59, 1), 'unscaled_outputs': (580000, 59, 1), 'sequence_lengths': (580000,), 'active_entries': (580000, 59, 1)}
[2025-01-27 18:15:12,534][src.data.cancer_sim.dataset][INFO] - Exploding test dataset before testing (multiple sequences)
[2025-01-27 18:15:16,120][src.data.cancer_sim.dataset][INFO] - Shape of processed test data: {'prev_treatments': (580000, 59, 2), 'current_treatments': (580000, 59, 2), 'static_features': (580000, 1), 'prev_outputs': (580000, 59, 1), 'outputs': (580000, 59, 1), 'unscaled_outputs': (580000, 59, 1), 'sequence_lengths': (580000,), 'active_entries': (580000, 59, 1)}
[2025-01-27 18:15:19,470][src.data.cancer_sim.dataset][INFO] - Exploding test dataset before testing (multiple sequences)
[2025-01-27 18:15:23,058][src.data.cancer_sim.dataset][INFO] - Shape of processed test data: {'prev_treatments': (580000, 59, 2), 'current_treatments': (580000, 59, 2), 'static_features': (580000, 1), 'prev_outputs': (580000, 59, 1), 'outputs': (580000, 59, 1), 'unscaled_outputs': (580000, 59, 1), 'sequence_lengths': (580000,), 'active_entries': (580000, 59, 1)}
[2025-01-27 18:15:26,394][src.data.cancer_sim.dataset][INFO] - Exploding test dataset before testing (multiple sequences)
[2025-01-27 18:15:29,961][src.data.cancer_sim.dataset][INFO] - Shape of processed test data: {'prev_treatments': (580000, 59, 2), 'current_treatments': (580000, 59, 2), 'static_features': (580000, 1), 'prev_outputs': (580000, 59, 1), 'outputs': (580000, 59, 1), 'unscaled_outputs': (580000, 59, 1), 'sequence_lengths': (580000,), 'active_entries': (580000, 59, 1)}
[2025-01-27 18:15:33,300][src.data.cancer_sim.dataset][INFO] - Exploding test dataset before testing (multiple sequences)
[2025-01-27 18:15:36,903][src.data.cancer_sim.dataset][INFO] - Shape of processed test data: {'prev_treatments': (580000, 59, 2), 'current_treatments': (580000, 59, 2), 'static_features': (580000, 1), 'prev_outputs': (580000, 59, 1), 'outputs': (580000, 59, 1), 'unscaled_outputs': (580000, 59, 1), 'sequence_lengths': (580000,), 'active_entries': (580000, 59, 1)}
[2025-01-27 18:15:40,264][src.data.cancer_sim.dataset][INFO] - Exploding test dataset before testing (multiple sequences)
[2025-01-27 18:15:43,851][src.data.cancer_sim.dataset][INFO] - Shape of processed test data: {'prev_treatments': (580000, 59, 2), 'current_treatments': (580000, 59, 2), 'static_features': (580000, 1), 'prev_outputs': (580000, 59, 1), 'outputs': (580000, 59, 1), 'unscaled_outputs': (580000, 59, 1), 'sequence_lengths': (580000,), 'active_entries': (580000, 59, 1)}
[2025-01-27 18:15:47,255][src.data.cancer_sim.dataset][INFO] - Exploding test dataset before testing (multiple sequences)
[2025-01-27 18:15:50,837][src.data.cancer_sim.dataset][INFO] - Shape of processed test data: {'prev_treatments': (580000, 59, 2), 'current_treatments': (580000, 59, 2), 'static_features': (580000, 1), 'prev_outputs': (580000, 59, 1), 'outputs': (580000, 59, 1), 'unscaled_outputs': (580000, 59, 1), 'sequence_lengths': (580000,), 'active_entries': (580000, 59, 1)}
[2025-01-27 18:15:54,308][src.data.cancer_sim.dataset][INFO] - Exploding test dataset before testing (multiple sequences)
[2025-01-27 18:15:57,898][src.data.cancer_sim.dataset][INFO] - Shape of processed test data: {'prev_treatments': (580000, 59, 2), 'current_treatments': (580000, 59, 2), 'static_features': (580000, 1), 'prev_outputs': (580000, 59, 1), 'outputs': (580000, 59, 1), 'unscaled_outputs': (580000, 59, 1), 'sequence_lengths': (580000,), 'active_entries': (580000, 59, 1)}
[2025-01-27 18:16:01,364][src.data.cancer_sim.dataset][INFO] - Exploding test dataset before testing (multiple sequences)
[2025-01-27 18:16:04,952][src.data.cancer_sim.dataset][INFO] - Shape of processed test data: {'prev_treatments': (580000, 59, 2), 'current_treatments': (580000, 59, 2), 'static_features': (580000, 1), 'prev_outputs': (580000, 59, 1), 'outputs': (580000, 59, 1), 'unscaled_outputs': (580000, 59, 1), 'sequence_lengths': (580000,), 'active_entries': (580000, 59, 1)}
[2025-01-27 18:16:08,412][src.data.cancer_sim.dataset][INFO] - Exploding test dataset before testing (multiple sequences)
[2025-01-27 18:16:11,980][src.data.cancer_sim.dataset][INFO] - Shape of processed test data: {'prev_treatments': (580000, 59, 2), 'current_treatments': (580000, 59, 2), 'static_features': (580000, 1), 'prev_outputs': (580000, 59, 1), 'outputs': (580000, 59, 1), 'unscaled_outputs': (580000, 59, 1), 'sequence_lengths': (580000,), 'active_entries': (580000, 59, 1)}
[2025-01-27 18:16:15,432][src.data.cancer_sim.dataset][INFO] - Exploding test dataset before testing (multiple sequences)
[2025-01-27 18:16:19,015][src.data.cancer_sim.dataset][INFO] - Shape of processed test data: {'prev_treatments': (580000, 59, 2), 'current_treatments': (580000, 59, 2), 'static_features': (580000, 1), 'prev_outputs': (580000, 59, 1), 'outputs': (580000, 59, 1), 'unscaled_outputs': (580000, 59, 1), 'sequence_lengths': (580000,), 'active_entries': (580000, 59, 1)}
[2025-01-27 18:16:22,443][src.data.cancer_sim.dataset][INFO] - Exploding test dataset before testing (multiple sequences)
[2025-01-27 18:16:26,019][src.data.cancer_sim.dataset][INFO] - Shape of processed test data: {'prev_treatments': (580000, 59, 2), 'current_treatments': (580000, 59, 2), 'static_features': (580000, 1), 'prev_outputs': (580000, 59, 1), 'outputs': (580000, 59, 1), 'unscaled_outputs': (580000, 59, 1), 'sequence_lengths': (580000,), 'active_entries': (580000, 59, 1)}
[2025-01-27 18:16:29,506][src.data.cancer_sim.dataset][INFO] - Exploding test dataset before testing (multiple sequences)
[2025-01-27 18:16:33,091][src.data.cancer_sim.dataset][INFO] - Shape of processed test data: {'prev_treatments': (580000, 59, 2), 'current_treatments': (580000, 59, 2), 'static_features': (580000, 1), 'prev_outputs': (580000, 59, 1), 'outputs': (580000, 59, 1), 'unscaled_outputs': (580000, 59, 1), 'sequence_lengths': (580000,), 'active_entries': (580000, 59, 1)}
[2025-01-27 18:16:36,490][src.data.cancer_sim.dataset][INFO] - Exploding test dataset before testing (multiple sequences)
[2025-01-27 18:16:40,050][src.data.cancer_sim.dataset][INFO] - Shape of processed test data: {'prev_treatments': (580000, 59, 2), 'current_treatments': (580000, 59, 2), 'static_features': (580000, 1), 'prev_outputs': (580000, 59, 1), 'outputs': (580000, 59, 1), 'unscaled_outputs': (580000, 59, 1), 'sequence_lengths': (580000,), 'active_entries': (580000, 59, 1)}
[2025-01-27 18:16:43,535][src.data.cancer_sim.dataset][INFO] - Exploding test dataset before testing (multiple sequences)
[2025-01-27 18:16:47,134][src.data.cancer_sim.dataset][INFO] - Shape of processed test data: {'prev_treatments': (580000, 59, 2), 'current_treatments': (580000, 59, 2), 'static_features': (580000, 1), 'prev_outputs': (580000, 59, 1), 'outputs': (580000, 59, 1), 'unscaled_outputs': (580000, 59, 1), 'sequence_lengths': (580000,), 'active_entries': (580000, 59, 1)}
[2025-01-27 18:16:50,625][src.data.cancer_sim.dataset][INFO] - Exploding test dataset before testing (multiple sequences)
[2025-01-27 18:16:54,218][src.data.cancer_sim.dataset][INFO] - Shape of processed test data: {'prev_treatments': (580000, 59, 2), 'current_treatments': (580000, 59, 2), 'static_features': (580000, 1), 'prev_outputs': (580000, 59, 1), 'outputs': (580000, 59, 1), 'unscaled_outputs': (580000, 59, 1), 'sequence_lengths': (580000,), 'active_entries': (580000, 59, 1)}
[2025-01-27 18:16:57,685][src.data.cancer_sim.dataset][INFO] - Exploding test dataset before testing (multiple sequences)
[2025-01-27 18:17:01,274][src.data.cancer_sim.dataset][INFO] - Shape of processed test data: {'prev_treatments': (580000, 59, 2), 'current_treatments': (580000, 59, 2), 'static_features': (580000, 1), 'prev_outputs': (580000, 59, 1), 'outputs': (580000, 59, 1), 'unscaled_outputs': (580000, 59, 1), 'sequence_lengths': (580000,), 'active_entries': (580000, 59, 1)}
[2025-01-27 18:17:04,679][src.data.cancer_sim.dataset][INFO] - Exploding test dataset before testing (multiple sequences)
[2025-01-27 18:17:08,297][src.data.cancer_sim.dataset][INFO] - Shape of processed test data: {'prev_treatments': (580000, 59, 2), 'current_treatments': (580000, 59, 2), 'static_features': (580000, 1), 'prev_outputs': (580000, 59, 1), 'outputs': (580000, 59, 1), 'unscaled_outputs': (580000, 59, 1), 'sequence_lengths': (580000,), 'active_entries': (580000, 59, 1)}
[2025-01-27 18:17:11,786][src.data.cancer_sim.dataset][INFO] - Exploding test dataset before testing (multiple sequences)
[2025-01-27 18:17:15,334][src.data.cancer_sim.dataset][INFO] - Shape of processed test data: {'prev_treatments': (580000, 59, 2), 'current_treatments': (580000, 59, 2), 'static_features': (580000, 1), 'prev_outputs': (580000, 59, 1), 'outputs': (580000, 59, 1), 'unscaled_outputs': (580000, 59, 1), 'sequence_lengths': (580000,), 'active_entries': (580000, 59, 1)}
[2025-01-27 18:17:18,828][src.data.cancer_sim.dataset][INFO] - Exploding test dataset before testing (multiple sequences)
[2025-01-27 18:17:22,402][src.data.cancer_sim.dataset][INFO] - Shape of processed test data: {'prev_treatments': (580000, 59, 2), 'current_treatments': (580000, 59, 2), 'static_features': (580000, 1), 'prev_outputs': (580000, 59, 1), 'outputs': (580000, 59, 1), 'unscaled_outputs': (580000, 59, 1), 'sequence_lengths': (580000,), 'active_entries': (580000, 59, 1)}
[2025-01-27 18:17:25,807][src.data.cancer_sim.dataset][INFO] - Exploding test dataset before testing (multiple sequences)
[2025-01-27 18:17:29,065][src.data.cancer_sim.dataset][INFO] - Shape of processed test data: {'prev_treatments': (526872, 59, 2), 'current_treatments': (526872, 59, 2), 'static_features': (526872, 1), 'prev_outputs': (526872, 59, 1), 'outputs': (526872, 59, 1), 'unscaled_outputs': (526872, 59, 1), 'sequence_lengths': (526872,), 'active_entries': (526872, 59, 1)}
[2025-01-27 18:17:32,125][__main__][INFO] - Test normalised RMSE (all): 3.902683469409249; Test normalised RMSE (orig): 3.408224193614764; Test normalised RMSE (only counterfactual): 3.1959477775848755
[2025-01-27 18:17:32,156][src.models.time_varying_model][INFO] - RMSE calculation for test.
[2025-01-27 18:17:32,156][src.models.msm][INFO] - Autoregressive Prediction for test.
[2025-01-27 18:17:48,404][__main__][INFO] - Test normalised RMSE (n-step prediction): {'2-step': 1.4618403668455011, '3-step': 1.291331023780862, '4-step': 1.3311245285860902, '5-step': 1.331842834089695, '6-step': 1.2295463872516996}
