[2024-11-21 14:19:32,500][__main__][INFO] - 
model:
  dim_treatments: 4
  dim_vitals: 0
  dim_static_features: 1
  dim_outcomes: 1
  name: CT
  multi:
    _target_: src.models.ct.CT
    max_seq_length: 65
    seq_hidden_units: 16
    br_size: 12
    fc_hidden_units: 24
    dropout_rate: 0.1
    num_layer: 1
    num_heads: 2
    max_grad_norm: null
    batch_size: 128
    attn_dropout: true
    disable_cross_attention: false
    isolate_subnetwork: _
    self_positional_encoding:
      absolute: false
      trainable: true
      max_relative_position: 15
    optimizer:
      optimizer_cls: adam
      learning_rate: 0.001
      weight_decay: 0.0
      lr_scheduler: false
    augment_with_masked_vitals: true
    tune_hparams: false
    tune_range: 50
    hparams_grid: null
    resources_per_trial: null
  self_positional_encoding:
    max_relative_position: 15
dataset:
  val_batch_size: 512
  treatment_mode: multiclass
  _target_: src.data.SyntheticCancerDatasetCollection
  name: tumor_generator
  coeff: 1.0
  chemo_coeff: 1.0
  radio_coeff: 1.0
  seed: 10
  random: true
  noise_percentage: 0.05
  num_patients:
    train: 10000
    val: 1000
    test: 1000
  window_size: 15
  lag: 0
  max_seq_length: 60
  projection_horizon: 5
  cf_seq_mode: sliding_treatment
exp:
  seed: 10
  gpus:
  - 0
  max_epochs: 200
  logging: true
  mlflow_uri: http://127.0.0.1:5000
  unscale_rmse: true
  percentage_rmse: true
  alpha: 0.01
  update_alpha: true
  alpha_rate: exp
  initial_balancing_method: domain_confusion
  final_balancing_method: domain_confusion
  bce_weight: false
  weights_ema: true
  beta: 0.99
  alpha_wass: 0.0001
  alpha_wass_epoch: false
  alpha_wass_growth: 0.001
  alpha_wass_max: 0.01
  balancing_switch_epoch: 199
  clustering_method: GMM
  number_clusters: 2
  num_timepoints: 59
  gap_epoch: 60
  checkpoint_dir: ./checkpoints/cancer/ct/1

[2024-11-21 14:19:32,548][root][INFO] - Simulating initial volumes for stage I  with norm params: mu=1.72, sigma=4.7, lb=-0.6221218732608373, ub=-0.023523848418276528
[2024-11-21 14:19:32,551][root][INFO] - Simulating initial volumes for stage II  with norm params: mu=1.96, sigma=1.63, lb=-1.9410876100159118, ub=0.3711345751297772
[2024-11-21 14:19:32,553][root][INFO] - Simulating initial volumes for stage IIIA  with norm params: mu=1.91, sigma=9.4, lb=-0.33127370258786554, ub=0.06967546355973796
[2024-11-21 14:19:32,554][root][INFO] - Simulating initial volumes for stage IIIB  with norm params: mu=2.76, sigma=6.87, lb=-0.5769974969906748, ub=-0.02839165102452155
[2024-11-21 14:19:32,556][root][INFO] - Simulating initial volumes for stage IV  with norm params: mu=3.86, sigma=8.82, lb=-0.5741465764541877, ub=-0.14683113860980307
[2024-11-21 14:19:32,589][root][INFO] - Got correlated params for 4658 patients
[2024-11-21 14:19:32,594][root][INFO] - Got correlated params for 9338 patients
[2024-11-21 14:19:32,599][root][INFO] - Got correlated params for 13912 patients
[2024-11-21 14:19:32,607][root][INFO] - Simulating beta_c parameters
[2024-11-21 14:19:32,612][root][INFO] - Randomising outputs
[2024-11-21 14:19:49,872][src.data.cancer_sim.dataset][INFO] - Processing train dataset before training
[2024-11-21 14:19:50,945][src.data.cancer_sim.dataset][INFO] - Shape of processed train data: {'cancer_volume': (10000, 60), 'chemo_dosage': (10000, 60), 'radio_dosage': (10000, 60), 'chemo_application': (10000, 60), 'radio_application': (10000, 60), 'chemo_probabilities': (10000, 60), 'radio_probabilities': (10000, 60), 'sequence_lengths': (10000,), 'death_flags': (10000, 60), 'recovery_flags': (10000, 60), 'patient_types': (10000,), 'prev_treatments': (10000, 59, 4), 'current_treatments': (10000, 59, 4), 'current_covariates': (10000, 59, 2), 'outputs': (10000, 59, 1), 'active_entries': (10000, 59, 1), 'unscaled_outputs': (10000, 59, 1), 'prev_outputs': (10000, 59, 1), 'static_features': (10000, 1)}
[2024-11-21 14:19:51,019][root][INFO] - Simulating initial volumes for stage I  with norm params: mu=1.72, sigma=4.7, lb=-0.6221218732608373, ub=-0.023523848418276528
[2024-11-21 14:19:51,020][root][INFO] - Simulating initial volumes for stage II  with norm params: mu=1.96, sigma=1.63, lb=-1.9410876100159118, ub=0.3711345751297772
[2024-11-21 14:19:51,021][root][INFO] - Simulating initial volumes for stage IIIA  with norm params: mu=1.91, sigma=9.4, lb=-0.33127370258786554, ub=0.06967546355973796
[2024-11-21 14:19:51,022][root][INFO] - Simulating initial volumes for stage IIIB  with norm params: mu=2.76, sigma=6.87, lb=-0.5769974969906748, ub=-0.02839165102452155
[2024-11-21 14:19:51,023][root][INFO] - Simulating initial volumes for stage IV  with norm params: mu=3.86, sigma=8.82, lb=-0.5741465764541877, ub=-0.14683113860980307
[2024-11-21 14:19:51,025][root][INFO] - Got correlated params for 455 patients
[2024-11-21 14:19:51,026][root][INFO] - Got correlated params for 905 patients
[2024-11-21 14:19:51,027][root][INFO] - Got correlated params for 1366 patients
[2024-11-21 14:19:51,028][root][INFO] - Simulating beta_c parameters
[2024-11-21 14:19:51,029][root][INFO] - Randomising outputs
[2024-11-21 14:19:52,753][root][INFO] - Simulating initial volumes for stage I  with norm params: mu=1.72, sigma=4.7, lb=-0.6221218732608373, ub=-0.023523848418276528
[2024-11-21 14:19:52,753][root][INFO] - Simulating initial volumes for stage II  with norm params: mu=1.96, sigma=1.63, lb=-1.9410876100159118, ub=0.3711345751297772
[2024-11-21 14:19:52,754][root][INFO] - Simulating initial volumes for stage IIIA  with norm params: mu=1.91, sigma=9.4, lb=-0.33127370258786554, ub=0.06967546355973796
[2024-11-21 14:19:52,755][root][INFO] - Simulating initial volumes for stage IIIB  with norm params: mu=2.76, sigma=6.87, lb=-0.5769974969906748, ub=-0.02839165102452155
[2024-11-21 14:19:52,755][root][INFO] - Simulating initial volumes for stage IV  with norm params: mu=3.86, sigma=8.82, lb=-0.5741465764541877, ub=-0.14683113860980307
[2024-11-21 14:19:52,757][root][INFO] - Got correlated params for 493 patients
[2024-11-21 14:19:52,758][root][INFO] - Got correlated params for 947 patients
[2024-11-21 14:19:52,759][root][INFO] - Got correlated params for 1403 patients
[2024-11-21 14:19:52,760][root][INFO] - Simulating beta_c parameters
[2024-11-21 14:19:52,761][root][INFO] - Randomising outputs
[2024-11-21 14:20:00,709][root][INFO] - Simulating initial volumes for stage I  with norm params: mu=1.72, sigma=4.7, lb=-0.6221218732608373, ub=-0.023523848418276528
[2024-11-21 14:20:00,711][root][INFO] - Simulating initial volumes for stage II  with norm params: mu=1.96, sigma=1.63, lb=-1.9410876100159118, ub=0.3711345751297772
[2024-11-21 14:20:00,712][root][INFO] - Simulating initial volumes for stage IIIA  with norm params: mu=1.91, sigma=9.4, lb=-0.33127370258786554, ub=0.06967546355973796
[2024-11-21 14:20:00,712][root][INFO] - Simulating initial volumes for stage IIIB  with norm params: mu=2.76, sigma=6.87, lb=-0.5769974969906748, ub=-0.02839165102452155
[2024-11-21 14:20:00,713][root][INFO] - Simulating initial volumes for stage IV  with norm params: mu=3.86, sigma=8.82, lb=-0.5741465764541877, ub=-0.14683113860980307
[2024-11-21 14:20:00,716][root][INFO] - Got correlated params for 445 patients
[2024-11-21 14:20:00,717][root][INFO] - Got correlated params for 895 patients
[2024-11-21 14:20:00,718][root][INFO] - Got correlated params for 1355 patients
[2024-11-21 14:20:00,719][root][INFO] - Simulating beta_c parameters
[2024-11-21 14:20:00,720][root][INFO] - Randomising outputs
[2024-11-21 14:20:29,590][src.data.cancer_sim.dataset][INFO] - train Dataset already processed
[2024-11-21 14:20:29,591][src.data.cancer_sim.dataset][INFO] - Processing val dataset before training
[2024-11-21 14:20:29,700][src.data.cancer_sim.dataset][INFO] - Shape of processed val data: {'cancer_volume': (1000, 60), 'chemo_dosage': (1000, 60), 'radio_dosage': (1000, 60), 'chemo_application': (1000, 60), 'radio_application': (1000, 60), 'chemo_probabilities': (1000, 60), 'radio_probabilities': (1000, 60), 'sequence_lengths': (1000,), 'death_flags': (1000, 60), 'recovery_flags': (1000, 60), 'patient_types': (1000,), 'prev_treatments': (1000, 59, 4), 'current_treatments': (1000, 59, 4), 'current_covariates': (1000, 59, 2), 'outputs': (1000, 59, 1), 'active_entries': (1000, 59, 1), 'unscaled_outputs': (1000, 59, 1), 'prev_outputs': (1000, 59, 1), 'static_features': (1000, 1)}
[2024-11-21 14:20:29,700][src.data.cancer_sim.dataset][INFO] - Processing test dataset before training
[2024-11-21 14:20:50,074][src.data.cancer_sim.dataset][INFO] - Shape of processed test data: {'cancer_volume': (216208, 60), 'chemo_application': (216208, 60), 'radio_application': (216208, 60), 'sequence_lengths': (216208,), 'patient_types': (216208,), 'prev_treatments': (216208, 59, 4), 'current_treatments': (216208, 59, 4), 'current_covariates': (216208, 59, 2), 'outputs': (216208, 59, 1), 'active_entries': (216208, 59, 1), 'unscaled_outputs': (216208, 59, 1), 'prev_outputs': (216208, 59, 1), 'static_features': (216208, 1)}
[2024-11-21 14:20:50,076][src.data.cancer_sim.dataset][INFO] - Processing test dataset before training
[2024-11-21 14:21:45,418][src.data.cancer_sim.dataset][INFO] - Shape of processed test data: {'cancer_volume': (548326, 65), 'chemo_application': (548326, 65), 'radio_application': (548326, 65), 'sequence_lengths': (548326,), 'patient_types': (548326,), 'patient_ids_all_trajectories': (548326,), 'patient_current_t': (548326,), 'prev_treatments': (548326, 64, 4), 'current_treatments': (548326, 64, 4), 'current_covariates': (548326, 64, 2), 'outputs': (548326, 64, 1), 'active_entries': (548326, 64, 1), 'unscaled_outputs': (548326, 64, 1), 'prev_outputs': (548326, 64, 1), 'static_features': (548326, 1)}
[2024-11-21 14:21:45,421][src.data.cancer_sim.dataset][INFO] - Processing test dataset before testing (multiple sequences)
[2024-11-21 14:21:54,500][src.data.cancer_sim.dataset][INFO] - Shape of processed test data: {'active_encoder_r': (548326, 59), 'prev_treatments': (548326, 5, 4), 'current_treatments': (548326, 5, 4), 'current_covariates': (548326, 5, 2), 'prev_outputs': (548326, 5, 1), 'static_features': (548326, 1), 'outputs': (548326, 5, 1), 'sequence_lengths': (548326,), 'active_entries': (548326, 5, 1), 'unscaled_outputs': (548326, 5, 1), 'patient_types': (548326,), 'patient_ids_all_trajectories': (548326,), 'patient_current_t': (548326,)}
[2024-11-21 14:21:57,316][src.models.ct][INFO] - Max input size of multi: 4
[2024-11-21 14:44:59,681][src.models.time_varying_model][INFO] - RMSE calculation for val.
[2024-11-21 14:44:59,682][src.models.time_varying_model][INFO] - Predictions for val.
[2024-11-21 14:45:00,544][__main__][INFO] - Val normalised RMSE (all): 0.6181074223359817; Val normalised RMSE (orig): 0.602106248919815
[2024-11-21 14:45:00,544][src.models.time_varying_model][INFO] - RMSE calculation for test.
[2024-11-21 14:45:00,544][src.models.time_varying_model][INFO] - Predictions for test.
[2024-11-21 14:45:20,071][__main__][INFO] - Test normalised RMSE (all): 0.8126843370422717; Test normalised RMSE (orig): 0.5787384487490188; Test normalised RMSE (only counterfactual): 0.7476990738892991
[2024-11-21 14:45:20,126][src.models.time_varying_model][INFO] - RMSE calculation for test.
[2024-11-21 14:45:20,126][src.models.ct][INFO] - Autoregressive Prediction for test.
[2024-11-21 14:45:20,127][src.models.ct][INFO] - t = 1
[2024-11-21 14:45:20,127][src.models.time_varying_model][INFO] - Predictions for test.
[2024-11-21 14:46:21,949][src.models.ct][INFO] - t = 2
[2024-11-21 14:46:21,950][src.models.time_varying_model][INFO] - Predictions for test.
[2024-11-21 14:47:25,527][src.models.ct][INFO] - t = 3
[2024-11-21 14:47:25,528][src.models.time_varying_model][INFO] - Predictions for test.
[2024-11-21 14:48:28,258][src.models.ct][INFO] - t = 4
[2024-11-21 14:48:28,259][src.models.time_varying_model][INFO] - Predictions for test.
[2024-11-21 14:49:30,736][src.models.ct][INFO] - t = 5
[2024-11-21 14:49:30,736][src.models.time_varying_model][INFO] - Predictions for test.
[2024-11-21 14:50:32,592][src.models.ct][INFO] - t = 6
[2024-11-21 14:50:32,593][src.models.time_varying_model][INFO] - Predictions for test.
[2024-11-21 14:51:36,133][__main__][INFO] - Test normalised RMSE (n-step prediction): {'2-step': 0.6787283985606315, '3-step': 0.6982434864639915, '4-step': 0.7325531015852861, '5-step': 0.764175603501326, '6-step': 0.7967486230506108}
