[2025-01-30 03:32:36,198][__main__][INFO] - 
model:
  dim_treatments: 4
  dim_vitals: 0
  dim_static_features: 1
  dim_outcomes: 1
  name: CT
  multi:
    _target_: src.models.ct.CT
    max_seq_length: 65
    seq_hidden_units: 12
    br_size: 16
    fc_hidden_units: 48
    dropout_rate: 0.1
    num_layer: 1
    num_heads: 2
    max_grad_norm: null
    batch_size: 256
    attn_dropout: true
    disable_cross_attention: false
    isolate_subnetwork: _
    self_positional_encoding:
      absolute: false
      trainable: true
      max_relative_position: 15
    optimizer:
      optimizer_cls: adam
      learning_rate: 0.005
      weight_decay: 0.0
      lr_scheduler: false
    augment_with_masked_vitals: true
    tune_hparams: false
    tune_range: 50
    hparams_grid: null
    resources_per_trial: null
  self_positional_encoding:
    max_relative_position: 15
dataset:
  val_batch_size: 512
  treatment_mode: multiclass
  _target_: src.data.SyntheticCancerDatasetCollection
  name: tumor_generator
  coeff: 6.0
  chemo_coeff: 6.0
  radio_coeff: 6.0
  seed: 10
  random: true
  noise_percentage: 0.05
  num_patients:
    train: 10000
    val: 1000
    test: 1000
  window_size: 15
  lag: 0
  max_seq_length: 60
  projection_horizon: 5
  cf_seq_mode: sliding_treatment
exp:
  seed: 10
  gpus:
  - 0
  max_epochs: 120
  logging: true
  mlflow_uri: http://127.0.0.1:5000
  unscale_rmse: true
  percentage_rmse: true
  alpha: 0.01
  update_alpha: true
  alpha_rate: exp
  initial_balancing_method: domain_confusion
  final_balancing_method: subgroup
  bce_weight: false
  weights_ema: true
  beta: 0.99
  alpha_wass: 10
  alpha_wass_epoch: false
  alpha_wass_growth: 0.001
  alpha_wass_max: 0.01
  balancing_switch_epoch: 99
  clustering_method: GMM
  number_clusters: 2
  num_timepoints: 59
  gap_epoch: 5
  checkpoint_dir: ./checkpoints/cancer/ct/random_SGA/6

[2025-01-30 03:32:36,213][root][INFO] - Simulating initial volumes for stage I  with norm params: mu=1.72, sigma=4.7, lb=-0.6221218732608373, ub=-0.023523848418276528
[2025-01-30 03:32:36,214][root][INFO] - Simulating initial volumes for stage II  with norm params: mu=1.96, sigma=1.63, lb=-1.9410876100159118, ub=0.3711345751297772
[2025-01-30 03:32:36,215][root][INFO] - Simulating initial volumes for stage IIIA  with norm params: mu=1.91, sigma=9.4, lb=-0.33127370258786554, ub=0.06967546355973796
[2025-01-30 03:32:36,216][root][INFO] - Simulating initial volumes for stage IIIB  with norm params: mu=2.76, sigma=6.87, lb=-0.5769974969906748, ub=-0.02839165102452155
[2025-01-30 03:32:36,219][root][INFO] - Simulating initial volumes for stage IV  with norm params: mu=3.86, sigma=8.82, lb=-0.5741465764541877, ub=-0.14683113860980307
[2025-01-30 03:32:36,227][root][INFO] - Got correlated params for 4658 patients
[2025-01-30 03:32:36,232][root][INFO] - Got correlated params for 9338 patients
[2025-01-30 03:32:36,237][root][INFO] - Got correlated params for 13912 patients
[2025-01-30 03:32:36,244][root][INFO] - Simulating beta_c parameters
[2025-01-30 03:32:36,248][root][INFO] - Randomising outputs
[2025-01-30 03:32:54,275][src.data.cancer_sim.dataset][INFO] - Processing train dataset before training
[2025-01-30 03:32:55,157][src.data.cancer_sim.dataset][INFO] - Shape of processed train data: {'cancer_volume': (10000, 60), 'chemo_dosage': (10000, 60), 'radio_dosage': (10000, 60), 'chemo_application': (10000, 60), 'radio_application': (10000, 60), 'chemo_probabilities': (10000, 60), 'radio_probabilities': (10000, 60), 'sequence_lengths': (10000,), 'death_flags': (10000, 60), 'recovery_flags': (10000, 60), 'patient_types': (10000,), 'prev_treatments': (10000, 59, 4), 'current_treatments': (10000, 59, 4), 'current_covariates': (10000, 59, 2), 'outputs': (10000, 59, 1), 'active_entries': (10000, 59, 1), 'unscaled_outputs': (10000, 59, 1), 'prev_outputs': (10000, 59, 1), 'static_features': (10000, 1)}
[2025-01-30 03:32:55,219][root][INFO] - Simulating initial volumes for stage I  with norm params: mu=1.72, sigma=4.7, lb=-0.6221218732608373, ub=-0.023523848418276528
[2025-01-30 03:32:55,221][root][INFO] - Simulating initial volumes for stage II  with norm params: mu=1.96, sigma=1.63, lb=-1.9410876100159118, ub=0.3711345751297772
[2025-01-30 03:32:55,221][root][INFO] - Simulating initial volumes for stage IIIA  with norm params: mu=1.91, sigma=9.4, lb=-0.33127370258786554, ub=0.06967546355973796
[2025-01-30 03:32:55,222][root][INFO] - Simulating initial volumes for stage IIIB  with norm params: mu=2.76, sigma=6.87, lb=-0.5769974969906748, ub=-0.02839165102452155
[2025-01-30 03:32:55,223][root][INFO] - Simulating initial volumes for stage IV  with norm params: mu=3.86, sigma=8.82, lb=-0.5741465764541877, ub=-0.14683113860980307
[2025-01-30 03:32:55,225][root][INFO] - Got correlated params for 455 patients
[2025-01-30 03:32:55,226][root][INFO] - Got correlated params for 905 patients
[2025-01-30 03:32:55,227][root][INFO] - Got correlated params for 1366 patients
[2025-01-30 03:32:55,228][root][INFO] - Simulating beta_c parameters
[2025-01-30 03:32:55,229][root][INFO] - Randomising outputs
[2025-01-30 03:32:56,981][root][INFO] - Simulating initial volumes for stage I  with norm params: mu=1.72, sigma=4.7, lb=-0.6221218732608373, ub=-0.023523848418276528
[2025-01-30 03:32:56,982][root][INFO] - Simulating initial volumes for stage II  with norm params: mu=1.96, sigma=1.63, lb=-1.9410876100159118, ub=0.3711345751297772
[2025-01-30 03:32:56,982][root][INFO] - Simulating initial volumes for stage IIIA  with norm params: mu=1.91, sigma=9.4, lb=-0.33127370258786554, ub=0.06967546355973796
[2025-01-30 03:32:56,983][root][INFO] - Simulating initial volumes for stage IIIB  with norm params: mu=2.76, sigma=6.87, lb=-0.5769974969906748, ub=-0.02839165102452155
[2025-01-30 03:32:56,983][root][INFO] - Simulating initial volumes for stage IV  with norm params: mu=3.86, sigma=8.82, lb=-0.5741465764541877, ub=-0.14683113860980307
[2025-01-30 03:32:56,985][root][INFO] - Got correlated params for 493 patients
[2025-01-30 03:32:56,986][root][INFO] - Got correlated params for 947 patients
[2025-01-30 03:32:56,987][root][INFO] - Got correlated params for 1403 patients
[2025-01-30 03:32:56,988][root][INFO] - Simulating beta_c parameters
[2025-01-30 03:32:56,989][root][INFO] - Randomising outputs
[2025-01-30 03:33:03,000][root][INFO] - Simulating initial volumes for stage I  with norm params: mu=1.72, sigma=4.7, lb=-0.6221218732608373, ub=-0.023523848418276528
[2025-01-30 03:33:03,001][root][INFO] - Simulating initial volumes for stage II  with norm params: mu=1.96, sigma=1.63, lb=-1.9410876100159118, ub=0.3711345751297772
[2025-01-30 03:33:03,002][root][INFO] - Simulating initial volumes for stage IIIA  with norm params: mu=1.91, sigma=9.4, lb=-0.33127370258786554, ub=0.06967546355973796
[2025-01-30 03:33:03,002][root][INFO] - Simulating initial volumes for stage IIIB  with norm params: mu=2.76, sigma=6.87, lb=-0.5769974969906748, ub=-0.02839165102452155
[2025-01-30 03:33:03,003][root][INFO] - Simulating initial volumes for stage IV  with norm params: mu=3.86, sigma=8.82, lb=-0.5741465764541877, ub=-0.14683113860980307
[2025-01-30 03:33:03,005][root][INFO] - Got correlated params for 445 patients
[2025-01-30 03:33:03,006][root][INFO] - Got correlated params for 895 patients
[2025-01-30 03:33:03,007][root][INFO] - Got correlated params for 1355 patients
[2025-01-30 03:33:03,008][root][INFO] - Simulating beta_c parameters
[2025-01-30 03:33:03,009][root][INFO] - Randomising outputs
[2025-01-30 03:33:32,958][src.data.cancer_sim.dataset][INFO] - train Dataset already processed
[2025-01-30 03:33:32,959][src.data.cancer_sim.dataset][INFO] - Processing val dataset before training
[2025-01-30 03:33:33,048][src.data.cancer_sim.dataset][INFO] - Shape of processed val data: {'cancer_volume': (1000, 60), 'chemo_dosage': (1000, 60), 'radio_dosage': (1000, 60), 'chemo_application': (1000, 60), 'radio_application': (1000, 60), 'chemo_probabilities': (1000, 60), 'radio_probabilities': (1000, 60), 'sequence_lengths': (1000,), 'death_flags': (1000, 60), 'recovery_flags': (1000, 60), 'patient_types': (1000,), 'prev_treatments': (1000, 59, 4), 'current_treatments': (1000, 59, 4), 'current_covariates': (1000, 59, 2), 'outputs': (1000, 59, 1), 'active_entries': (1000, 59, 1), 'unscaled_outputs': (1000, 59, 1), 'prev_outputs': (1000, 59, 1), 'static_features': (1000, 1)}
[2025-01-30 03:33:33,048][src.data.cancer_sim.dataset][INFO] - Processing test dataset before training
[2025-01-30 03:33:52,051][src.data.cancer_sim.dataset][INFO] - Shape of processed test data: {'cancer_volume': (212236, 60), 'chemo_application': (212236, 60), 'radio_application': (212236, 60), 'sequence_lengths': (212236,), 'patient_types': (212236,), 'prev_treatments': (212236, 59, 4), 'current_treatments': (212236, 59, 4), 'current_covariates': (212236, 59, 2), 'outputs': (212236, 59, 1), 'active_entries': (212236, 59, 1), 'unscaled_outputs': (212236, 59, 1), 'prev_outputs': (212236, 59, 1), 'static_features': (212236, 1)}
[2025-01-30 03:33:52,053][src.data.cancer_sim.dataset][INFO] - Processing test dataset before training
[2025-01-30 03:34:46,446][src.data.cancer_sim.dataset][INFO] - Shape of processed test data: {'cancer_volume': (576878, 65), 'chemo_application': (576878, 65), 'radio_application': (576878, 65), 'sequence_lengths': (576878,), 'patient_types': (576878,), 'patient_ids_all_trajectories': (576878,), 'patient_current_t': (576878,), 'prev_treatments': (576878, 64, 4), 'current_treatments': (576878, 64, 4), 'current_covariates': (576878, 64, 2), 'outputs': (576878, 64, 1), 'active_entries': (576878, 64, 1), 'unscaled_outputs': (576878, 64, 1), 'prev_outputs': (576878, 64, 1), 'static_features': (576878, 1)}
[2025-01-30 03:34:46,450][src.data.cancer_sim.dataset][INFO] - Processing test dataset before testing (multiple sequences)
[2025-01-30 03:34:54,500][src.data.cancer_sim.dataset][INFO] - Shape of processed test data: {'active_encoder_r': (576878, 59), 'prev_treatments': (576878, 5, 4), 'current_treatments': (576878, 5, 4), 'current_covariates': (576878, 5, 2), 'prev_outputs': (576878, 5, 1), 'static_features': (576878, 1), 'outputs': (576878, 5, 1), 'sequence_lengths': (576878,), 'active_entries': (576878, 5, 1), 'unscaled_outputs': (576878, 5, 1), 'patient_types': (576878,), 'patient_ids_all_trajectories': (576878,), 'patient_current_t': (576878,)}
[2025-01-30 03:34:57,014][src.models.ct][INFO] - Max input size of multi: 4
[2025-01-30 03:49:27,139][src.models.time_varying_model][INFO] - RMSE calculation for val.
[2025-01-30 03:49:27,140][src.models.time_varying_model][INFO] - Predictions for val.
[2025-01-30 03:49:27,881][__main__][INFO] - Val normalised RMSE (all): 0.5862244830315968; Val normalised RMSE (orig): 0.5820861718701374
[2025-01-30 03:49:27,882][src.models.time_varying_model][INFO] - RMSE calculation for test.
[2025-01-30 03:49:27,882][src.models.time_varying_model][INFO] - Predictions for test.
[2025-01-30 03:49:47,432][__main__][INFO] - Test normalised RMSE (all): 2.1119384156393575; Test normalised RMSE (orig): 2.192412190173041; Test normalised RMSE (only counterfactual): 2.118825679696007
[2025-01-30 03:49:47,478][src.models.time_varying_model][INFO] - RMSE calculation for test.
[2025-01-30 03:49:47,479][src.models.ct][INFO] - Autoregressive Prediction for test.
[2025-01-30 03:49:47,481][src.models.ct][INFO] - t = 1
[2025-01-30 03:49:47,482][src.models.time_varying_model][INFO] - Predictions for test.
[2025-01-30 03:50:46,494][src.models.ct][INFO] - t = 2
[2025-01-30 03:50:46,495][src.models.time_varying_model][INFO] - Predictions for test.
[2025-01-30 03:51:44,941][src.models.ct][INFO] - t = 3
[2025-01-30 03:51:44,942][src.models.time_varying_model][INFO] - Predictions for test.
[2025-01-30 03:52:43,356][src.models.ct][INFO] - t = 4
[2025-01-30 03:52:43,357][src.models.time_varying_model][INFO] - Predictions for test.
[2025-01-30 03:53:41,747][src.models.ct][INFO] - t = 5
[2025-01-30 03:53:41,747][src.models.time_varying_model][INFO] - Predictions for test.
[2025-01-30 03:54:40,321][src.models.ct][INFO] - t = 6
[2025-01-30 03:54:40,322][src.models.time_varying_model][INFO] - Predictions for test.
[2025-01-30 03:55:40,176][__main__][INFO] - Test normalised RMSE (n-step prediction): {'2-step': 1.1078562650576687, '3-step': 1.2755460458634829, '4-step': 1.3634944038793342, '5-step': 1.4247866033722296, '6-step': 1.4505830081259057}
