[2025-01-29 20:14:57,660][__main__][INFO] - 
model:
  dim_treatments: 4
  dim_vitals: 0
  dim_static_features: 1
  dim_outcomes: 1
  name: G-Net
  g_net:
    _target_: src.models.gnet.GNet
    seq_hidden_units: 24
    num_layer: 1
    r_size: 18
    fc_hidden_units: 72
    num_comp: 1
    mc_samples: 50
    fit_vitals: true
    comp_sizes: null
    batch_size: 1024
    dropout_rate: 0.2
    optimizer:
      optimizer_cls: adam
      learning_rate: 0.001
      weight_decay: 0.0
      lr_scheduler: false
    tune_hparams: false
    tune_range: 50
    hparams_grid: null
    resources_per_trial: null
dataset:
  val_batch_size: 4096
  treatment_mode: multiclass
  _target_: src.data.SyntheticCancerDatasetCollection
  name: tumor_generator
  coeff: 6.0
  chemo_coeff: 6.0
  radio_coeff: 6.0
  seed: 10
  random: false
  noise_percentage: 0.0
  num_patients:
    train: 10000
    val: 1000
    test: 1000
  window_size: 15
  lag: 0
  max_seq_length: 60
  projection_horizon: 5
  cf_seq_mode: sliding_treatment
  holdout_ratio: 0.1
exp:
  seed: 10
  gpus:
  - 0
  max_epochs: 50
  logging: true
  mlflow_uri: http://127.0.0.1:5000
  unscale_rmse: true
  percentage_rmse: true
  alpha: 1.0
  update_alpha: false
  alpha_rate: exp
  initial_balancing_method: null
  final_balancing_method: null
  bce_weight: false
  weights_ema: true
  beta: 0.99
  alpha_wass: 0.0001
  alpha_wass_epoch: false
  alpha_wass_growth: 0.001
  alpha_wass_max: 0.01

[2025-01-29 20:14:57,684][root][INFO] - Simulating initial volumes for stage I  with norm params: mu=1.72, sigma=4.7, lb=-0.6221218732608373, ub=-0.023523848418276528
[2025-01-29 20:14:57,687][root][INFO] - Simulating initial volumes for stage II  with norm params: mu=1.96, sigma=1.63, lb=-1.9410876100159118, ub=0.3711345751297772
[2025-01-29 20:14:57,689][root][INFO] - Simulating initial volumes for stage IIIA  with norm params: mu=1.91, sigma=9.4, lb=-0.33127370258786554, ub=0.06967546355973796
[2025-01-29 20:14:57,690][root][INFO] - Simulating initial volumes for stage IIIB  with norm params: mu=2.76, sigma=6.87, lb=-0.5769974969906748, ub=-0.02839165102452155
[2025-01-29 20:14:57,694][root][INFO] - Simulating initial volumes for stage IV  with norm params: mu=3.86, sigma=8.82, lb=-0.5741465764541877, ub=-0.14683113860980307
[2025-01-29 20:14:57,709][root][INFO] - Got correlated params for 4658 patients
[2025-01-29 20:14:57,716][root][INFO] - Got correlated params for 9338 patients
[2025-01-29 20:14:57,724][root][INFO] - Got correlated params for 13912 patients
[2025-01-29 20:14:57,735][root][INFO] - Simulating beta_c parameters
[2025-01-29 20:14:57,743][root][INFO] - Randomising outputs
[2025-01-29 20:15:13,178][root][INFO] - Simulating initial volumes for stage I  with norm params: mu=1.72, sigma=4.7, lb=-0.6221218732608373, ub=-0.023523848418276528
[2025-01-29 20:15:13,180][root][INFO] - Simulating initial volumes for stage II  with norm params: mu=1.96, sigma=1.63, lb=-1.9410876100159118, ub=0.3711345751297772
[2025-01-29 20:15:13,181][root][INFO] - Simulating initial volumes for stage IIIA  with norm params: mu=1.91, sigma=9.4, lb=-0.33127370258786554, ub=0.06967546355973796
[2025-01-29 20:15:13,182][root][INFO] - Simulating initial volumes for stage IIIB  with norm params: mu=2.76, sigma=6.87, lb=-0.5769974969906748, ub=-0.02839165102452155
[2025-01-29 20:15:13,182][root][INFO] - Simulating initial volumes for stage IV  with norm params: mu=3.86, sigma=8.82, lb=-0.5741465764541877, ub=-0.14683113860980307
[2025-01-29 20:15:13,184][root][INFO] - Got correlated params for 464 patients
[2025-01-29 20:15:13,185][root][INFO] - Got correlated params for 942 patients
[2025-01-29 20:15:13,186][root][INFO] - Got correlated params for 1398 patients
[2025-01-29 20:15:13,187][root][INFO] - Simulating beta_c parameters
[2025-01-29 20:15:13,188][root][INFO] - Randomising outputs
[2025-01-29 20:15:14,743][root][INFO] - Simulating initial volumes for stage I  with norm params: mu=1.72, sigma=4.7, lb=-0.6221218732608373, ub=-0.023523848418276528
[2025-01-29 20:15:14,743][root][INFO] - Simulating initial volumes for stage II  with norm params: mu=1.96, sigma=1.63, lb=-1.9410876100159118, ub=0.3711345751297772
[2025-01-29 20:15:14,744][root][INFO] - Simulating initial volumes for stage IIIA  with norm params: mu=1.91, sigma=9.4, lb=-0.33127370258786554, ub=0.06967546355973796
[2025-01-29 20:15:14,744][root][INFO] - Simulating initial volumes for stage IIIB  with norm params: mu=2.76, sigma=6.87, lb=-0.5769974969906748, ub=-0.02839165102452155
[2025-01-29 20:15:14,745][root][INFO] - Simulating initial volumes for stage IV  with norm params: mu=3.86, sigma=8.82, lb=-0.5741465764541877, ub=-0.14683113860980307
[2025-01-29 20:15:14,747][root][INFO] - Got correlated params for 491 patients
[2025-01-29 20:15:14,748][root][INFO] - Got correlated params for 936 patients
[2025-01-29 20:15:14,749][root][INFO] - Got correlated params for 1396 patients
[2025-01-29 20:15:14,749][root][INFO] - Simulating beta_c parameters
[2025-01-29 20:15:14,750][root][INFO] - Randomising outputs
[2025-01-29 20:15:20,218][root][INFO] - Simulating initial volumes for stage I  with norm params: mu=1.72, sigma=4.7, lb=-0.6221218732608373, ub=-0.023523848418276528
[2025-01-29 20:15:20,220][root][INFO] - Simulating initial volumes for stage II  with norm params: mu=1.96, sigma=1.63, lb=-1.9410876100159118, ub=0.3711345751297772
[2025-01-29 20:15:20,220][root][INFO] - Simulating initial volumes for stage IIIA  with norm params: mu=1.91, sigma=9.4, lb=-0.33127370258786554, ub=0.06967546355973796
[2025-01-29 20:15:20,221][root][INFO] - Simulating initial volumes for stage IIIB  with norm params: mu=2.76, sigma=6.87, lb=-0.5769974969906748, ub=-0.02839165102452155
[2025-01-29 20:15:20,222][root][INFO] - Simulating initial volumes for stage IV  with norm params: mu=3.86, sigma=8.82, lb=-0.5741465764541877, ub=-0.14683113860980307
[2025-01-29 20:15:20,224][root][INFO] - Got correlated params for 434 patients
[2025-01-29 20:15:20,225][root][INFO] - Got correlated params for 874 patients
[2025-01-29 20:15:20,226][root][INFO] - Got correlated params for 1357 patients
[2025-01-29 20:15:20,227][root][INFO] - Simulating beta_c parameters
[2025-01-29 20:15:20,228][root][INFO] - Randomising outputs
[2025-01-29 20:15:44,565][src.data.cancer_sim.dataset][INFO] - Processing train dataset before training
[2025-01-29 20:15:45,444][src.data.cancer_sim.dataset][INFO] - Shape of processed train data: {'cancer_volume': (10000, 60), 'chemo_dosage': (10000, 60), 'radio_dosage': (10000, 60), 'chemo_application': (10000, 60), 'radio_application': (10000, 60), 'chemo_probabilities': (10000, 60), 'radio_probabilities': (10000, 60), 'sequence_lengths': (10000,), 'death_flags': (10000, 60), 'recovery_flags': (10000, 60), 'patient_types': (10000,), 'prev_treatments': (10000, 59, 4), 'current_treatments': (10000, 59, 4), 'current_covariates': (10000, 59, 2), 'outputs': (10000, 59, 1), 'active_entries': (10000, 59, 1), 'unscaled_outputs': (10000, 59, 1), 'prev_outputs': (10000, 59, 1), 'static_features': (10000, 1)}
[2025-01-29 20:15:45,445][src.data.cancer_sim.dataset][INFO] - Processing val dataset before training
[2025-01-29 20:15:45,534][src.data.cancer_sim.dataset][INFO] - Shape of processed val data: {'cancer_volume': (1000, 60), 'chemo_dosage': (1000, 60), 'radio_dosage': (1000, 60), 'chemo_application': (1000, 60), 'radio_application': (1000, 60), 'chemo_probabilities': (1000, 60), 'radio_probabilities': (1000, 60), 'sequence_lengths': (1000,), 'death_flags': (1000, 60), 'recovery_flags': (1000, 60), 'patient_types': (1000,), 'prev_treatments': (1000, 59, 4), 'current_treatments': (1000, 59, 4), 'current_covariates': (1000, 59, 2), 'outputs': (1000, 59, 1), 'active_entries': (1000, 59, 1), 'unscaled_outputs': (1000, 59, 1), 'prev_outputs': (1000, 59, 1), 'static_features': (1000, 1)}
[2025-01-29 20:15:45,534][src.data.cancer_sim.dataset][INFO] - Processing test dataset before training
[2025-01-29 20:16:04,944][src.data.cancer_sim.dataset][INFO] - Shape of processed test data: {'cancer_volume': (224868, 60), 'chemo_application': (224868, 60), 'radio_application': (224868, 60), 'sequence_lengths': (224868,), 'patient_types': (224868,), 'prev_treatments': (224868, 59, 4), 'current_treatments': (224868, 59, 4), 'current_covariates': (224868, 59, 2), 'outputs': (224868, 59, 1), 'active_entries': (224868, 59, 1), 'unscaled_outputs': (224868, 59, 1), 'prev_outputs': (224868, 59, 1), 'static_features': (224868, 1)}
[2025-01-29 20:16:04,946][src.data.cancer_sim.dataset][INFO] - Processing test dataset before training
[2025-01-29 20:16:56,939][src.data.cancer_sim.dataset][INFO] - Shape of processed test data: {'cancer_volume': (548744, 65), 'chemo_application': (548744, 65), 'radio_application': (548744, 65), 'sequence_lengths': (548744,), 'patient_types': (548744,), 'patient_ids_all_trajectories': (548744,), 'patient_current_t': (548744,), 'prev_treatments': (548744, 64, 4), 'current_treatments': (548744, 64, 4), 'current_covariates': (548744, 64, 2), 'outputs': (548744, 64, 1), 'active_entries': (548744, 64, 1), 'unscaled_outputs': (548744, 64, 1), 'prev_outputs': (548744, 64, 1), 'static_features': (548744, 1)}
[2025-01-29 20:16:56,943][src.data.cancer_sim.dataset][INFO] - Processing test dataset before testing (multiple sequences)
[2025-01-29 20:17:03,795][src.data.cancer_sim.dataset][INFO] - Shape of processed test data: {'active_encoder_r': (548744, 59), 'prev_treatments': (548744, 5, 4), 'current_treatments': (548744, 5, 4), 'current_covariates': (548744, 5, 2), 'prev_outputs': (548744, 5, 1), 'static_features': (548744, 1), 'outputs': (548744, 5, 1), 'sequence_lengths': (548744,), 'active_entries': (548744, 5, 1), 'unscaled_outputs': (548744, 5, 1), 'patient_types': (548744,), 'patient_ids_all_trajectories': (548744,), 'patient_current_t': (548744,)}
[2025-01-29 20:17:06,218][src.models.gnet][INFO] - Input size of g_net: 6
[2025-01-29 20:17:06,365][src.data.dataset_collection][INFO] - Splited train_f on train_f: 9000 and train_f_holdout: 1000
[2025-01-29 20:17:06,365][src.data.dataset_collection][INFO] - Exploding test_cf_treatment_seq 50 times
[2025-01-29 20:19:21,762][src.models.gnet][INFO] - Fitting residuals based on train_f_holdout.
[2025-01-29 20:19:21,762][src.models.gnet][INFO] - Predictions for train.
[2025-01-29 20:19:22,479][src.models.time_varying_model][INFO] - RMSE calculation for val.
[2025-01-29 20:19:22,479][src.models.gnet][INFO] - Predictions for val.
[2025-01-29 20:19:23,114][__main__][INFO] - Val normalised RMSE (all): 0.7227988097883967; Val normalised RMSE (orig): 0.7136218694391088
[2025-01-29 20:19:23,114][src.models.time_varying_model][INFO] - RMSE calculation for test.
[2025-01-29 20:19:23,115][src.models.gnet][INFO] - Predictions for test.
[2025-01-29 20:19:33,813][__main__][INFO] - Test normalised RMSE (all): 2.3536762951009753; Test normalised RMSE (orig): 2.0376775989004106; Test normalised RMSE (only counterfactual): 2.2423561422921723
[2025-01-29 20:19:33,864][src.models.time_varying_model][INFO] - RMSE calculation for test.
[2025-01-29 20:19:33,864][src.models.gnet][INFO] - Autoregressive Prediction for test with MC-sampling of trajectories.
[2025-01-29 20:19:33,865][src.models.gnet][INFO] - t = 1
[2025-01-29 20:19:33,865][src.models.gnet][INFO] - Predictions for test.
[2025-01-29 20:19:59,249][src.models.gnet][INFO] - Predictions for test.
[2025-01-29 20:20:24,479][src.models.gnet][INFO] - Predictions for test.
[2025-01-29 20:20:49,618][src.models.gnet][INFO] - Predictions for test.
[2025-01-29 20:21:14,791][src.models.gnet][INFO] - Predictions for test.
[2025-01-29 20:21:39,910][src.models.gnet][INFO] - Predictions for test.
[2025-01-29 20:22:05,085][src.models.gnet][INFO] - Predictions for test.
[2025-01-29 20:22:30,047][src.models.gnet][INFO] - Predictions for test.
[2025-01-29 20:22:55,194][src.models.gnet][INFO] - Predictions for test.
[2025-01-29 20:23:20,358][src.models.gnet][INFO] - Predictions for test.
[2025-01-29 20:23:45,452][src.models.gnet][INFO] - Predictions for test.
[2025-01-29 20:24:10,738][src.models.gnet][INFO] - Predictions for test.
[2025-01-29 20:24:35,795][src.models.gnet][INFO] - Predictions for test.
[2025-01-29 20:25:04,078][src.models.gnet][INFO] - Predictions for test.
[2025-01-29 20:25:29,289][src.models.gnet][INFO] - Predictions for test.
[2025-01-29 20:25:54,552][src.models.gnet][INFO] - Predictions for test.
[2025-01-29 20:26:19,671][src.models.gnet][INFO] - Predictions for test.
[2025-01-29 20:26:44,913][src.models.gnet][INFO] - Predictions for test.
[2025-01-29 20:27:10,243][src.models.gnet][INFO] - Predictions for test.
[2025-01-29 20:27:35,307][src.models.gnet][INFO] - Predictions for test.
[2025-01-29 20:28:00,433][src.models.gnet][INFO] - Predictions for test.
[2025-01-29 20:28:25,591][src.models.gnet][INFO] - Predictions for test.
[2025-01-29 20:28:50,823][src.models.gnet][INFO] - Predictions for test.
[2025-01-29 20:29:16,003][src.models.gnet][INFO] - Predictions for test.
[2025-01-29 20:29:41,181][src.models.gnet][INFO] - Predictions for test.
[2025-01-29 20:30:06,616][src.models.gnet][INFO] - Predictions for test.
[2025-01-29 20:30:31,693][src.models.gnet][INFO] - Predictions for test.
[2025-01-29 20:30:56,943][src.models.gnet][INFO] - Predictions for test.
[2025-01-29 20:31:22,043][src.models.gnet][INFO] - Predictions for test.
[2025-01-29 20:31:47,279][src.models.gnet][INFO] - Predictions for test.
[2025-01-29 20:32:12,457][src.models.gnet][INFO] - Predictions for test.
[2025-01-29 20:32:37,706][src.models.gnet][INFO] - Predictions for test.
[2025-01-29 20:33:02,775][src.models.gnet][INFO] - Predictions for test.
[2025-01-29 20:33:27,807][src.models.gnet][INFO] - Predictions for test.
[2025-01-29 20:33:53,052][src.models.gnet][INFO] - Predictions for test.
[2025-01-29 20:34:18,167][src.models.gnet][INFO] - Predictions for test.
[2025-01-29 20:34:43,408][src.models.gnet][INFO] - Predictions for test.
[2025-01-29 20:35:09,432][src.models.gnet][INFO] - Predictions for test.
[2025-01-29 20:35:34,436][src.models.gnet][INFO] - Predictions for test.
[2025-01-29 20:35:59,716][src.models.gnet][INFO] - Predictions for test.
[2025-01-29 20:36:24,878][src.models.gnet][INFO] - Predictions for test.
[2025-01-29 20:36:50,039][src.models.gnet][INFO] - Predictions for test.
[2025-01-29 20:37:15,152][src.models.gnet][INFO] - Predictions for test.
[2025-01-29 20:37:40,162][src.models.gnet][INFO] - Predictions for test.
[2025-01-29 20:38:05,298][src.models.gnet][INFO] - Predictions for test.
[2025-01-29 20:38:30,429][src.models.gnet][INFO] - Predictions for test.
[2025-01-29 20:38:55,451][src.models.gnet][INFO] - Predictions for test.
[2025-01-29 20:39:20,532][src.models.gnet][INFO] - Predictions for test.
[2025-01-29 20:39:45,617][src.models.gnet][INFO] - Predictions for test.
[2025-01-29 20:40:11,360][src.models.gnet][INFO] - Predictions for test.
[2025-01-29 20:40:36,445][src.models.gnet][INFO] - t = 2
[2025-01-29 20:40:36,445][src.models.gnet][INFO] - Predictions for test.
[2025-01-29 20:41:01,638][src.models.gnet][INFO] - Predictions for test.
[2025-01-29 20:41:26,851][src.models.gnet][INFO] - Predictions for test.
[2025-01-29 20:41:52,078][src.models.gnet][INFO] - Predictions for test.
[2025-01-29 20:42:17,368][src.models.gnet][INFO] - Predictions for test.
[2025-01-29 20:42:42,461][src.models.gnet][INFO] - Predictions for test.
[2025-01-29 20:43:07,578][src.models.gnet][INFO] - Predictions for test.
[2025-01-29 20:43:32,557][src.models.gnet][INFO] - Predictions for test.
[2025-01-29 20:43:57,818][src.models.gnet][INFO] - Predictions for test.
[2025-01-29 20:44:23,030][src.models.gnet][INFO] - Predictions for test.
[2025-01-29 20:44:48,379][src.models.gnet][INFO] - Predictions for test.
[2025-01-29 20:45:13,596][src.models.gnet][INFO] - Predictions for test.
[2025-01-29 20:45:39,146][src.models.gnet][INFO] - Predictions for test.
[2025-01-29 20:46:04,282][src.models.gnet][INFO] - Predictions for test.
[2025-01-29 20:46:29,476][src.models.gnet][INFO] - Predictions for test.
[2025-01-29 20:46:54,786][src.models.gnet][INFO] - Predictions for test.
[2025-01-29 20:47:19,989][src.models.gnet][INFO] - Predictions for test.
[2025-01-29 20:47:45,095][src.models.gnet][INFO] - Predictions for test.
[2025-01-29 20:48:10,531][src.models.gnet][INFO] - Predictions for test.
[2025-01-29 20:48:35,588][src.models.gnet][INFO] - Predictions for test.
[2025-01-29 20:49:00,805][src.models.gnet][INFO] - Predictions for test.
[2025-01-29 20:49:25,959][src.models.gnet][INFO] - Predictions for test.
[2025-01-29 20:49:53,431][src.models.gnet][INFO] - Predictions for test.
[2025-01-29 20:50:21,018][src.models.gnet][INFO] - Predictions for test.
[2025-01-29 20:50:46,142][src.models.gnet][INFO] - Predictions for test.
[2025-01-29 20:51:11,424][src.models.gnet][INFO] - Predictions for test.
[2025-01-29 20:51:36,455][src.models.gnet][INFO] - Predictions for test.
[2025-01-29 20:52:03,692][src.models.gnet][INFO] - Predictions for test.
[2025-01-29 20:52:28,851][src.models.gnet][INFO] - Predictions for test.
[2025-01-29 20:52:54,019][src.models.gnet][INFO] - Predictions for test.
[2025-01-29 20:53:19,183][src.models.gnet][INFO] - Predictions for test.
[2025-01-29 20:53:44,426][src.models.gnet][INFO] - Predictions for test.
[2025-01-29 20:54:09,524][src.models.gnet][INFO] - Predictions for test.
[2025-01-29 20:54:34,803][src.models.gnet][INFO] - Predictions for test.
[2025-01-29 20:55:00,413][src.models.gnet][INFO] - Predictions for test.
[2025-01-29 20:55:28,274][src.models.gnet][INFO] - Predictions for test.
[2025-01-29 20:55:53,529][src.models.gnet][INFO] - Predictions for test.
[2025-01-29 20:56:18,587][src.models.gnet][INFO] - Predictions for test.
[2025-01-29 20:56:43,490][src.models.gnet][INFO] - Predictions for test.
[2025-01-29 20:57:08,738][src.models.gnet][INFO] - Predictions for test.
[2025-01-29 20:57:33,862][src.models.gnet][INFO] - Predictions for test.
[2025-01-29 20:57:58,931][src.models.gnet][INFO] - Predictions for test.
[2025-01-29 20:58:23,967][src.models.gnet][INFO] - Predictions for test.
[2025-01-29 20:58:49,173][src.models.gnet][INFO] - Predictions for test.
[2025-01-29 20:59:14,140][src.models.gnet][INFO] - Predictions for test.
[2025-01-29 20:59:39,154][src.models.gnet][INFO] - Predictions for test.
[2025-01-29 21:00:04,420][src.models.gnet][INFO] - Predictions for test.
[2025-01-29 21:00:29,436][src.models.gnet][INFO] - Predictions for test.
[2025-01-29 21:00:54,563][src.models.gnet][INFO] - Predictions for test.
[2025-01-29 21:01:19,719][src.models.gnet][INFO] - Predictions for test.
[2025-01-29 21:01:44,786][src.models.gnet][INFO] - t = 3
[2025-01-29 21:01:44,787][src.models.gnet][INFO] - Predictions for test.
[2025-01-29 21:02:09,841][src.models.gnet][INFO] - Predictions for test.
[2025-01-29 21:02:34,997][src.models.gnet][INFO] - Predictions for test.
[2025-01-29 21:03:00,226][src.models.gnet][INFO] - Predictions for test.
[2025-01-29 21:03:25,410][src.models.gnet][INFO] - Predictions for test.
[2025-01-29 21:03:50,515][src.models.gnet][INFO] - Predictions for test.
[2025-01-29 21:04:15,681][src.models.gnet][INFO] - Predictions for test.
[2025-01-29 21:04:40,749][src.models.gnet][INFO] - Predictions for test.
[2025-01-29 21:05:06,200][src.models.gnet][INFO] - Predictions for test.
[2025-01-29 21:05:31,546][src.models.gnet][INFO] - Predictions for test.
[2025-01-29 21:05:56,782][src.models.gnet][INFO] - Predictions for test.
[2025-01-29 21:06:21,915][src.models.gnet][INFO] - Predictions for test.
[2025-01-29 21:06:46,953][src.models.gnet][INFO] - Predictions for test.
[2025-01-29 21:07:12,030][src.models.gnet][INFO] - Predictions for test.
[2025-01-29 21:07:37,093][src.models.gnet][INFO] - Predictions for test.
[2025-01-29 21:08:02,240][src.models.gnet][INFO] - Predictions for test.
[2025-01-29 21:08:27,222][src.models.gnet][INFO] - Predictions for test.
[2025-01-29 21:08:52,338][src.models.gnet][INFO] - Predictions for test.
[2025-01-29 21:09:17,491][src.models.gnet][INFO] - Predictions for test.
[2025-01-29 21:09:42,495][src.models.gnet][INFO] - Predictions for test.
[2025-01-29 21:10:07,825][src.models.gnet][INFO] - Predictions for test.
[2025-01-29 21:10:32,811][src.models.gnet][INFO] - Predictions for test.
[2025-01-29 21:10:57,885][src.models.gnet][INFO] - Predictions for test.
[2025-01-29 21:11:22,990][src.models.gnet][INFO] - Predictions for test.
[2025-01-29 21:11:48,118][src.models.gnet][INFO] - Predictions for test.
[2025-01-29 21:12:13,262][src.models.gnet][INFO] - Predictions for test.
[2025-01-29 21:12:38,203][src.models.gnet][INFO] - Predictions for test.
[2025-01-29 21:13:03,370][src.models.gnet][INFO] - Predictions for test.
[2025-01-29 21:13:28,237][src.models.gnet][INFO] - Predictions for test.
[2025-01-29 21:13:53,260][src.models.gnet][INFO] - Predictions for test.
[2025-01-29 21:14:18,187][src.models.gnet][INFO] - Predictions for test.
[2025-01-29 21:14:43,298][src.models.gnet][INFO] - Predictions for test.
[2025-01-29 21:15:08,631][src.models.gnet][INFO] - Predictions for test.
[2025-01-29 21:15:34,025][src.models.gnet][INFO] - Predictions for test.
[2025-01-29 21:15:59,379][src.models.gnet][INFO] - Predictions for test.
[2025-01-29 21:16:24,421][src.models.gnet][INFO] - Predictions for test.
[2025-01-29 21:16:49,514][src.models.gnet][INFO] - Predictions for test.
[2025-01-29 21:17:14,688][src.models.gnet][INFO] - Predictions for test.
[2025-01-29 21:17:39,623][src.models.gnet][INFO] - Predictions for test.
[2025-01-29 21:18:04,758][src.models.gnet][INFO] - Predictions for test.
[2025-01-29 21:18:29,952][src.models.gnet][INFO] - Predictions for test.
[2025-01-29 21:18:54,927][src.models.gnet][INFO] - Predictions for test.
[2025-01-29 21:19:19,963][src.models.gnet][INFO] - Predictions for test.
[2025-01-29 21:19:44,975][src.models.gnet][INFO] - Predictions for test.
[2025-01-29 21:20:10,386][src.models.gnet][INFO] - Predictions for test.
[2025-01-29 21:20:35,402][src.models.gnet][INFO] - Predictions for test.
[2025-01-29 21:21:00,451][src.models.gnet][INFO] - Predictions for test.
[2025-01-29 21:21:25,592][src.models.gnet][INFO] - Predictions for test.
[2025-01-29 21:21:50,756][src.models.gnet][INFO] - Predictions for test.
[2025-01-29 21:22:15,756][src.models.gnet][INFO] - Predictions for test.
[2025-01-29 21:22:40,857][src.models.gnet][INFO] - t = 4
[2025-01-29 21:22:40,858][src.models.gnet][INFO] - Predictions for test.
[2025-01-29 21:23:05,809][src.models.gnet][INFO] - Predictions for test.
[2025-01-29 21:23:30,838][src.models.gnet][INFO] - Predictions for test.
[2025-01-29 21:23:55,909][src.models.gnet][INFO] - Predictions for test.
[2025-01-29 21:24:21,171][src.models.gnet][INFO] - Predictions for test.
[2025-01-29 21:24:46,546][src.models.gnet][INFO] - Predictions for test.
[2025-01-29 21:25:12,256][src.models.gnet][INFO] - Predictions for test.
[2025-01-29 21:25:37,528][src.models.gnet][INFO] - Predictions for test.
[2025-01-29 21:26:02,734][src.models.gnet][INFO] - Predictions for test.
[2025-01-29 21:26:27,639][src.models.gnet][INFO] - Predictions for test.
[2025-01-29 21:26:52,830][src.models.gnet][INFO] - Predictions for test.
[2025-01-29 21:27:17,779][src.models.gnet][INFO] - Predictions for test.
[2025-01-29 21:27:42,904][src.models.gnet][INFO] - Predictions for test.
[2025-01-29 21:28:08,031][src.models.gnet][INFO] - Predictions for test.
[2025-01-29 21:28:32,998][src.models.gnet][INFO] - Predictions for test.
[2025-01-29 21:28:58,172][src.models.gnet][INFO] - Predictions for test.
[2025-01-29 21:29:23,206][src.models.gnet][INFO] - Predictions for test.
[2025-01-29 21:29:48,414][src.models.gnet][INFO] - Predictions for test.
[2025-01-29 21:30:13,759][src.models.gnet][INFO] - Predictions for test.
[2025-01-29 21:30:38,751][src.models.gnet][INFO] - Predictions for test.
[2025-01-29 21:31:03,845][src.models.gnet][INFO] - Predictions for test.
[2025-01-29 21:31:28,849][src.models.gnet][INFO] - Predictions for test.
[2025-01-29 21:31:53,923][src.models.gnet][INFO] - Predictions for test.
[2025-01-29 21:32:19,005][src.models.gnet][INFO] - Predictions for test.
[2025-01-29 21:32:44,080][src.models.gnet][INFO] - Predictions for test.
[2025-01-29 21:33:09,277][src.models.gnet][INFO] - Predictions for test.
[2025-01-29 21:33:34,110][src.models.gnet][INFO] - Predictions for test.
[2025-01-29 21:33:59,239][src.models.gnet][INFO] - Predictions for test.
[2025-01-29 21:34:24,208][src.models.gnet][INFO] - Predictions for test.
[2025-01-29 21:34:49,432][src.models.gnet][INFO] - Predictions for test.
[2025-01-29 21:35:14,673][src.models.gnet][INFO] - Predictions for test.
[2025-01-29 21:35:39,895][src.models.gnet][INFO] - Predictions for test.
[2025-01-29 21:36:04,979][src.models.gnet][INFO] - Predictions for test.
[2025-01-29 21:36:30,010][src.models.gnet][INFO] - Predictions for test.
[2025-01-29 21:36:55,047][src.models.gnet][INFO] - Predictions for test.
[2025-01-29 21:37:19,982][src.models.gnet][INFO] - Predictions for test.
[2025-01-29 21:37:45,019][src.models.gnet][INFO] - Predictions for test.
[2025-01-29 21:38:09,992][src.models.gnet][INFO] - Predictions for test.
[2025-01-29 21:38:34,935][src.models.gnet][INFO] - Predictions for test.
[2025-01-29 21:39:00,022][src.models.gnet][INFO] - Predictions for test.
[2025-01-29 21:39:24,928][src.models.gnet][INFO] - Predictions for test.
[2025-01-29 21:39:53,208][src.models.gnet][INFO] - Predictions for test.
[2025-01-29 21:40:20,431][src.models.gnet][INFO] - Predictions for test.
[2025-01-29 21:40:45,411][src.models.gnet][INFO] - Predictions for test.
[2025-01-29 21:41:10,280][src.models.gnet][INFO] - Predictions for test.
[2025-01-29 21:41:35,499][src.models.gnet][INFO] - Predictions for test.
[2025-01-29 21:42:02,333][src.models.gnet][INFO] - Predictions for test.
[2025-01-29 21:42:27,408][src.models.gnet][INFO] - Predictions for test.
[2025-01-29 21:42:52,466][src.models.gnet][INFO] - Predictions for test.
[2025-01-29 21:43:17,435][src.models.gnet][INFO] - Predictions for test.
[2025-01-29 21:43:42,360][src.models.gnet][INFO] - t = 5
[2025-01-29 21:43:42,360][src.models.gnet][INFO] - Predictions for test.
[2025-01-29 21:44:07,259][src.models.gnet][INFO] - Predictions for test.
[2025-01-29 21:44:32,168][src.models.gnet][INFO] - Predictions for test.
[2025-01-29 21:44:57,270][src.models.gnet][INFO] - Predictions for test.
[2025-01-29 21:45:22,350][src.models.gnet][INFO] - Predictions for test.
[2025-01-29 21:45:47,670][src.models.gnet][INFO] - Predictions for test.
[2025-01-29 21:46:12,790][src.models.gnet][INFO] - Predictions for test.
[2025-01-29 21:46:38,804][src.models.gnet][INFO] - Predictions for test.
[2025-01-29 21:47:03,805][src.models.gnet][INFO] - Predictions for test.
[2025-01-29 21:47:28,778][src.models.gnet][INFO] - Predictions for test.
[2025-01-29 21:47:53,863][src.models.gnet][INFO] - Predictions for test.
[2025-01-29 21:48:18,770][src.models.gnet][INFO] - Predictions for test.
[2025-01-29 21:48:43,768][src.models.gnet][INFO] - Predictions for test.
[2025-01-29 21:49:08,625][src.models.gnet][INFO] - Predictions for test.
[2025-01-29 21:49:33,480][src.models.gnet][INFO] - Predictions for test.
[2025-01-29 21:49:58,538][src.models.gnet][INFO] - Predictions for test.
[2025-01-29 21:50:23,498][src.models.gnet][INFO] - Predictions for test.
[2025-01-29 21:50:48,401][src.models.gnet][INFO] - Predictions for test.
[2025-01-29 21:51:13,368][src.models.gnet][INFO] - Predictions for test.
[2025-01-29 21:51:38,668][src.models.gnet][INFO] - Predictions for test.
[2025-01-29 21:52:03,671][src.models.gnet][INFO] - Predictions for test.
[2025-01-29 21:52:28,612][src.models.gnet][INFO] - Predictions for test.
[2025-01-29 21:52:53,504][src.models.gnet][INFO] - Predictions for test.
[2025-01-29 21:53:18,360][src.models.gnet][INFO] - Predictions for test.
[2025-01-29 21:53:43,358][src.models.gnet][INFO] - Predictions for test.
[2025-01-29 21:54:08,326][src.models.gnet][INFO] - Predictions for test.
[2025-01-29 21:54:33,049][src.models.gnet][INFO] - Predictions for test.
[2025-01-29 21:54:58,251][src.models.gnet][INFO] - Predictions for test.
[2025-01-29 21:55:23,260][src.models.gnet][INFO] - Predictions for test.
[2025-01-29 21:55:48,392][src.models.gnet][INFO] - Predictions for test.
[2025-01-29 21:56:13,533][src.models.gnet][INFO] - Predictions for test.
[2025-01-29 21:56:38,677][src.models.gnet][INFO] - Predictions for test.
[2025-01-29 21:57:03,466][src.models.gnet][INFO] - Predictions for test.
[2025-01-29 21:57:28,364][src.models.gnet][INFO] - Predictions for test.
[2025-01-29 21:57:53,381][src.models.gnet][INFO] - Predictions for test.
[2025-01-29 21:58:18,584][src.models.gnet][INFO] - Predictions for test.
[2025-01-29 21:58:43,833][src.models.gnet][INFO] - Predictions for test.
[2025-01-29 21:59:08,962][src.models.gnet][INFO] - Predictions for test.
[2025-01-29 21:59:33,855][src.models.gnet][INFO] - Predictions for test.
[2025-01-29 21:59:59,130][src.models.gnet][INFO] - Predictions for test.
[2025-01-29 22:00:24,189][src.models.gnet][INFO] - Predictions for test.
[2025-01-29 22:00:49,248][src.models.gnet][INFO] - Predictions for test.
[2025-01-29 22:01:14,420][src.models.gnet][INFO] - Predictions for test.
[2025-01-29 22:01:39,501][src.models.gnet][INFO] - Predictions for test.
[2025-01-29 22:02:04,515][src.models.gnet][INFO] - Predictions for test.
[2025-01-29 22:02:29,575][src.models.gnet][INFO] - Predictions for test.
[2025-01-29 22:02:54,554][src.models.gnet][INFO] - Predictions for test.
[2025-01-29 22:03:19,701][src.models.gnet][INFO] - Predictions for test.
[2025-01-29 22:03:44,845][src.models.gnet][INFO] - Predictions for test.
[2025-01-29 22:04:09,835][src.models.gnet][INFO] - Predictions for test.
[2025-01-29 22:04:34,916][src.models.gnet][INFO] - t = 6
[2025-01-29 22:04:34,916][src.models.gnet][INFO] - Predictions for test.
[2025-01-29 22:05:00,171][src.models.gnet][INFO] - Predictions for test.
[2025-01-29 22:05:27,838][src.models.gnet][INFO] - Predictions for test.
[2025-01-29 22:05:52,859][src.models.gnet][INFO] - Predictions for test.
[2025-01-29 22:06:18,021][src.models.gnet][INFO] - Predictions for test.
[2025-01-29 22:06:43,125][src.models.gnet][INFO] - Predictions for test.
[2025-01-29 22:07:08,085][src.models.gnet][INFO] - Predictions for test.
[2025-01-29 22:07:32,940][src.models.gnet][INFO] - Predictions for test.
[2025-01-29 22:07:57,904][src.models.gnet][INFO] - Predictions for test.
[2025-01-29 22:08:22,779][src.models.gnet][INFO] - Predictions for test.
[2025-01-29 22:08:47,782][src.models.gnet][INFO] - Predictions for test.
[2025-01-29 22:09:12,703][src.models.gnet][INFO] - Predictions for test.
[2025-01-29 22:09:37,603][src.models.gnet][INFO] - Predictions for test.
[2025-01-29 22:10:04,003][src.models.gnet][INFO] - Predictions for test.
[2025-01-29 22:10:28,878][src.models.gnet][INFO] - Predictions for test.
[2025-01-29 22:10:53,787][src.models.gnet][INFO] - Predictions for test.
[2025-01-29 22:11:18,702][src.models.gnet][INFO] - Predictions for test.
[2025-01-29 22:11:43,661][src.models.gnet][INFO] - Predictions for test.
[2025-01-29 22:12:08,610][src.models.gnet][INFO] - Predictions for test.
[2025-01-29 22:12:33,416][src.models.gnet][INFO] - Predictions for test.
[2025-01-29 22:12:58,350][src.models.gnet][INFO] - Predictions for test.
[2025-01-29 22:13:23,194][src.models.gnet][INFO] - Predictions for test.
[2025-01-29 22:13:48,217][src.models.gnet][INFO] - Predictions for test.
[2025-01-29 22:14:13,113][src.models.gnet][INFO] - Predictions for test.
[2025-01-29 22:14:38,036][src.models.gnet][INFO] - Predictions for test.
[2025-01-29 22:15:06,489][src.models.gnet][INFO] - Predictions for test.
[2025-01-29 22:15:31,351][src.models.gnet][INFO] - Predictions for test.
[2025-01-29 22:15:56,483][src.models.gnet][INFO] - Predictions for test.
[2025-01-29 22:16:21,545][src.models.gnet][INFO] - Predictions for test.
[2025-01-29 22:16:46,533][src.models.gnet][INFO] - Predictions for test.
[2025-01-29 22:17:11,577][src.models.gnet][INFO] - Predictions for test.
[2025-01-29 22:17:36,683][src.models.gnet][INFO] - Predictions for test.
[2025-01-29 22:18:01,787][src.models.gnet][INFO] - Predictions for test.
[2025-01-29 22:18:26,703][src.models.gnet][INFO] - Predictions for test.
[2025-01-29 22:18:51,648][src.models.gnet][INFO] - Predictions for test.
[2025-01-29 22:19:16,670][src.models.gnet][INFO] - Predictions for test.
[2025-01-29 22:19:41,666][src.models.gnet][INFO] - Predictions for test.
[2025-01-29 22:20:07,016][src.models.gnet][INFO] - Predictions for test.
[2025-01-29 22:20:31,789][src.models.gnet][INFO] - Predictions for test.
[2025-01-29 22:20:56,747][src.models.gnet][INFO] - Predictions for test.
[2025-01-29 22:21:21,771][src.models.gnet][INFO] - Predictions for test.
[2025-01-29 22:21:46,988][src.models.gnet][INFO] - Predictions for test.
[2025-01-29 22:22:11,865][src.models.gnet][INFO] - Predictions for test.
[2025-01-29 22:22:36,724][src.models.gnet][INFO] - Predictions for test.
[2025-01-29 22:23:01,631][src.models.gnet][INFO] - Predictions for test.
[2025-01-29 22:23:26,559][src.models.gnet][INFO] - Predictions for test.
[2025-01-29 22:23:51,708][src.models.gnet][INFO] - Predictions for test.
[2025-01-29 22:24:16,718][src.models.gnet][INFO] - Predictions for test.
[2025-01-29 22:24:41,648][src.models.gnet][INFO] - Predictions for test.
[2025-01-29 22:25:06,898][src.models.gnet][INFO] - Predictions for test.
[2025-01-29 22:25:33,777][__main__][INFO] - Test normalised RMSE (n-step prediction): {'2-step': 4.767785329002976, '3-step': 5.951497843966759, '4-step': 6.537724066898737, '5-step': 6.767269177144228, '6-step': 6.670550464457101}
