[2025-01-27 23:08:32,405][__main__][INFO] - 
model:
  dim_treatments: 4
  dim_vitals: 0
  dim_static_features: 1
  dim_outcomes: 1
  name: CT
  multi:
    _target_: src.models.ct.CT
    max_seq_length: 65
    seq_hidden_units: 12
    br_size: 16
    fc_hidden_units: 48
    dropout_rate: 0.1
    num_layer: 1
    num_heads: 2
    max_grad_norm: null
    batch_size: 1024
    attn_dropout: true
    disable_cross_attention: false
    isolate_subnetwork: _
    self_positional_encoding:
      absolute: false
      trainable: true
      max_relative_position: 15
    optimizer:
      optimizer_cls: adam
      learning_rate: 0.01
      weight_decay: 0.0
      lr_scheduler: false
    augment_with_masked_vitals: true
    tune_hparams: false
    tune_range: 50
    hparams_grid: null
    resources_per_trial: null
  self_positional_encoding:
    max_relative_position: 15
dataset:
  val_batch_size: 512
  treatment_mode: multiclass
  _target_: src.data.SyntheticCancerDatasetCollection
  name: tumor_generator
  coeff: 5.0
  chemo_coeff: 5.0
  radio_coeff: 5.0
  seed: 10
  random: false
  noise_percentage: 0.0
  num_patients:
    train: 10000
    val: 1000
    test: 1000
  window_size: 15
  lag: 0
  max_seq_length: 60
  projection_horizon: 5
  cf_seq_mode: sliding_treatment
exp:
  seed: 10
  gpus:
  - 0
  max_epochs: 80
  logging: true
  mlflow_uri: http://127.0.0.1:5000
  unscale_rmse: true
  percentage_rmse: true
  alpha: 0.01
  update_alpha: true
  alpha_rate: exp
  initial_balancing_method: subgroup
  final_balancing_method: domain_confusion
  bce_weight: false
  weights_ema: true
  beta: 0.99
  alpha_wass: 0.001
  alpha_wass_epoch: false
  alpha_wass_growth: 0.001
  alpha_wass_max: 0.01
  balancing_switch_epoch: 49
  clustering_method: GMM
  number_clusters: 2
  num_timepoints: 59
  gap_epoch: 5
  checkpoint_dir: ./checkpoints/cancer/ct/SGA/5

[2025-01-27 23:08:32,432][root][INFO] - Simulating initial volumes for stage I  with norm params: mu=1.72, sigma=4.7, lb=-0.6221218732608373, ub=-0.023523848418276528
[2025-01-27 23:08:32,441][root][INFO] - Simulating initial volumes for stage II  with norm params: mu=1.96, sigma=1.63, lb=-1.9410876100159118, ub=0.3711345751297772
[2025-01-27 23:08:32,443][root][INFO] - Simulating initial volumes for stage IIIA  with norm params: mu=1.91, sigma=9.4, lb=-0.33127370258786554, ub=0.06967546355973796
[2025-01-27 23:08:32,443][root][INFO] - Simulating initial volumes for stage IIIB  with norm params: mu=2.76, sigma=6.87, lb=-0.5769974969906748, ub=-0.02839165102452155
[2025-01-27 23:08:32,446][root][INFO] - Simulating initial volumes for stage IV  with norm params: mu=3.86, sigma=8.82, lb=-0.5741465764541877, ub=-0.14683113860980307
[2025-01-27 23:08:32,470][root][INFO] - Got correlated params for 4658 patients
[2025-01-27 23:08:32,475][root][INFO] - Got correlated params for 9338 patients
[2025-01-27 23:08:32,479][root][INFO] - Got correlated params for 13912 patients
[2025-01-27 23:08:32,487][root][INFO] - Simulating beta_c parameters
[2025-01-27 23:08:32,492][root][INFO] - Randomising outputs
[2025-01-27 23:08:32,698][__main__][INFO] - 
model:
  dim_treatments: 4
  dim_vitals: 0
  dim_static_features: 1
  dim_outcomes: 1
  name: CT
  multi:
    _target_: src.models.ct.CT
    max_seq_length: 65
    seq_hidden_units: 12
    br_size: 16
    fc_hidden_units: 48
    dropout_rate: 0.1
    num_layer: 1
    num_heads: 2
    max_grad_norm: null
    batch_size: 1024
    attn_dropout: true
    disable_cross_attention: false
    isolate_subnetwork: _
    self_positional_encoding:
      absolute: false
      trainable: true
      max_relative_position: 15
    optimizer:
      optimizer_cls: adam
      learning_rate: 0.01
      weight_decay: 0.0
      lr_scheduler: false
    augment_with_masked_vitals: true
    tune_hparams: false
    tune_range: 50
    hparams_grid: null
    resources_per_trial: null
  self_positional_encoding:
    max_relative_position: 15
dataset:
  val_batch_size: 512
  treatment_mode: multiclass
  _target_: src.data.SyntheticCancerDatasetCollection
  name: tumor_generator
  coeff: 5.0
  chemo_coeff: 5.0
  radio_coeff: 5.0
  seed: 101
  random: false
  noise_percentage: 0.0
  num_patients:
    train: 10000
    val: 1000
    test: 1000
  window_size: 15
  lag: 0
  max_seq_length: 60
  projection_horizon: 5
  cf_seq_mode: sliding_treatment
exp:
  seed: 101
  gpus:
  - 0
  max_epochs: 80
  logging: true
  mlflow_uri: http://127.0.0.1:5000
  unscale_rmse: true
  percentage_rmse: true
  alpha: 0.01
  update_alpha: true
  alpha_rate: exp
  initial_balancing_method: subgroup
  final_balancing_method: domain_confusion
  bce_weight: false
  weights_ema: true
  beta: 0.99
  alpha_wass: 0.001
  alpha_wass_epoch: false
  alpha_wass_growth: 0.001
  alpha_wass_max: 0.01
  balancing_switch_epoch: 49
  clustering_method: GMM
  number_clusters: 2
  num_timepoints: 59
  gap_epoch: 5
  checkpoint_dir: ./checkpoints/cancer/ct/SGA/5

[2025-01-27 23:08:32,709][root][INFO] - Simulating initial volumes for stage I  with norm params: mu=1.72, sigma=4.7, lb=-0.6221218732608373, ub=-0.023523848418276528
[2025-01-27 23:08:32,710][root][INFO] - Simulating initial volumes for stage II  with norm params: mu=1.96, sigma=1.63, lb=-1.9410876100159118, ub=0.3711345751297772
[2025-01-27 23:08:32,711][root][INFO] - Simulating initial volumes for stage IIIA  with norm params: mu=1.91, sigma=9.4, lb=-0.33127370258786554, ub=0.06967546355973796
[2025-01-27 23:08:32,712][root][INFO] - Simulating initial volumes for stage IIIB  with norm params: mu=2.76, sigma=6.87, lb=-0.5769974969906748, ub=-0.02839165102452155
[2025-01-27 23:08:32,714][root][INFO] - Simulating initial volumes for stage IV  with norm params: mu=3.86, sigma=8.82, lb=-0.5741465764541877, ub=-0.14683113860980307
[2025-01-27 23:08:32,723][root][INFO] - Got correlated params for 4645 patients
[2025-01-27 23:08:32,728][root][INFO] - Got correlated params for 9125 patients
[2025-01-27 23:08:32,732][root][INFO] - Got correlated params for 13736 patients
[2025-01-27 23:08:32,739][root][INFO] - Simulating beta_c parameters
[2025-01-27 23:08:32,744][root][INFO] - Randomising outputs
[2025-01-27 23:08:47,525][root][INFO] - Simulating initial volumes for stage I  with norm params: mu=1.72, sigma=4.7, lb=-0.6221218732608373, ub=-0.023523848418276528
[2025-01-27 23:08:47,528][root][INFO] - Simulating initial volumes for stage II  with norm params: mu=1.96, sigma=1.63, lb=-1.9410876100159118, ub=0.3711345751297772
[2025-01-27 23:08:47,528][root][INFO] - Simulating initial volumes for stage IIIA  with norm params: mu=1.91, sigma=9.4, lb=-0.33127370258786554, ub=0.06967546355973796
[2025-01-27 23:08:47,529][root][INFO] - Simulating initial volumes for stage IIIB  with norm params: mu=2.76, sigma=6.87, lb=-0.5769974969906748, ub=-0.02839165102452155
[2025-01-27 23:08:47,530][root][INFO] - Simulating initial volumes for stage IV  with norm params: mu=3.86, sigma=8.82, lb=-0.5741465764541877, ub=-0.14683113860980307
[2025-01-27 23:08:47,532][root][INFO] - Got correlated params for 464 patients
[2025-01-27 23:08:47,533][root][INFO] - Got correlated params for 942 patients
[2025-01-27 23:08:47,534][root][INFO] - Got correlated params for 1398 patients
[2025-01-27 23:08:47,535][root][INFO] - Simulating beta_c parameters
[2025-01-27 23:08:47,536][root][INFO] - Randomising outputs
[2025-01-27 23:08:49,037][root][INFO] - Simulating initial volumes for stage I  with norm params: mu=1.72, sigma=4.7, lb=-0.6221218732608373, ub=-0.023523848418276528
[2025-01-27 23:08:49,038][root][INFO] - Simulating initial volumes for stage II  with norm params: mu=1.96, sigma=1.63, lb=-1.9410876100159118, ub=0.3711345751297772
[2025-01-27 23:08:49,039][root][INFO] - Simulating initial volumes for stage IIIA  with norm params: mu=1.91, sigma=9.4, lb=-0.33127370258786554, ub=0.06967546355973796
[2025-01-27 23:08:49,039][root][INFO] - Simulating initial volumes for stage IIIB  with norm params: mu=2.76, sigma=6.87, lb=-0.5769974969906748, ub=-0.02839165102452155
[2025-01-27 23:08:49,040][root][INFO] - Simulating initial volumes for stage IV  with norm params: mu=3.86, sigma=8.82, lb=-0.5741465764541877, ub=-0.14683113860980307
[2025-01-27 23:08:49,042][root][INFO] - Got correlated params for 491 patients
[2025-01-27 23:08:49,043][root][INFO] - Got correlated params for 936 patients
[2025-01-27 23:08:49,043][root][INFO] - Got correlated params for 1396 patients
[2025-01-27 23:08:49,044][root][INFO] - Simulating beta_c parameters
[2025-01-27 23:08:49,045][root][INFO] - Randomising outputs
[2025-01-27 23:08:50,470][root][INFO] - Simulating initial volumes for stage I  with norm params: mu=1.72, sigma=4.7, lb=-0.6221218732608373, ub=-0.023523848418276528
[2025-01-27 23:08:50,472][root][INFO] - Simulating initial volumes for stage II  with norm params: mu=1.96, sigma=1.63, lb=-1.9410876100159118, ub=0.3711345751297772
[2025-01-27 23:08:50,473][root][INFO] - Simulating initial volumes for stage IIIA  with norm params: mu=1.91, sigma=9.4, lb=-0.33127370258786554, ub=0.06967546355973796
[2025-01-27 23:08:50,473][root][INFO] - Simulating initial volumes for stage IIIB  with norm params: mu=2.76, sigma=6.87, lb=-0.5769974969906748, ub=-0.02839165102452155
[2025-01-27 23:08:50,474][root][INFO] - Simulating initial volumes for stage IV  with norm params: mu=3.86, sigma=8.82, lb=-0.5741465764541877, ub=-0.14683113860980307
[2025-01-27 23:08:50,476][root][INFO] - Got correlated params for 438 patients
[2025-01-27 23:08:50,477][root][INFO] - Got correlated params for 895 patients
[2025-01-27 23:08:50,478][root][INFO] - Got correlated params for 1361 patients
[2025-01-27 23:08:50,479][root][INFO] - Simulating beta_c parameters
[2025-01-27 23:08:50,480][root][INFO] - Randomising outputs
[2025-01-27 23:08:52,255][root][INFO] - Simulating initial volumes for stage I  with norm params: mu=1.72, sigma=4.7, lb=-0.6221218732608373, ub=-0.023523848418276528
[2025-01-27 23:08:52,256][root][INFO] - Simulating initial volumes for stage II  with norm params: mu=1.96, sigma=1.63, lb=-1.9410876100159118, ub=0.3711345751297772
[2025-01-27 23:08:52,257][root][INFO] - Simulating initial volumes for stage IIIA  with norm params: mu=1.91, sigma=9.4, lb=-0.33127370258786554, ub=0.06967546355973796
[2025-01-27 23:08:52,257][root][INFO] - Simulating initial volumes for stage IIIB  with norm params: mu=2.76, sigma=6.87, lb=-0.5769974969906748, ub=-0.02839165102452155
[2025-01-27 23:08:52,258][root][INFO] - Simulating initial volumes for stage IV  with norm params: mu=3.86, sigma=8.82, lb=-0.5741465764541877, ub=-0.14683113860980307
[2025-01-27 23:08:52,260][root][INFO] - Got correlated params for 448 patients
[2025-01-27 23:08:52,260][root][INFO] - Got correlated params for 913 patients
[2025-01-27 23:08:52,261][root][INFO] - Got correlated params for 1384 patients
[2025-01-27 23:08:52,262][root][INFO] - Simulating beta_c parameters
[2025-01-27 23:08:52,263][root][INFO] - Randomising outputs
[2025-01-27 23:08:54,380][root][INFO] - Simulating initial volumes for stage I  with norm params: mu=1.72, sigma=4.7, lb=-0.6221218732608373, ub=-0.023523848418276528
[2025-01-27 23:08:54,381][root][INFO] - Simulating initial volumes for stage II  with norm params: mu=1.96, sigma=1.63, lb=-1.9410876100159118, ub=0.3711345751297772
[2025-01-27 23:08:54,382][root][INFO] - Simulating initial volumes for stage IIIA  with norm params: mu=1.91, sigma=9.4, lb=-0.33127370258786554, ub=0.06967546355973796
[2025-01-27 23:08:54,382][root][INFO] - Simulating initial volumes for stage IIIB  with norm params: mu=2.76, sigma=6.87, lb=-0.5769974969906748, ub=-0.02839165102452155
[2025-01-27 23:08:54,383][root][INFO] - Simulating initial volumes for stage IV  with norm params: mu=3.86, sigma=8.82, lb=-0.5741465764541877, ub=-0.14683113860980307
[2025-01-27 23:08:54,385][root][INFO] - Got correlated params for 434 patients
[2025-01-27 23:08:54,386][root][INFO] - Got correlated params for 874 patients
[2025-01-27 23:08:54,386][root][INFO] - Got correlated params for 1357 patients
[2025-01-27 23:08:54,387][root][INFO] - Simulating beta_c parameters
[2025-01-27 23:08:54,388][root][INFO] - Randomising outputs
[2025-01-27 23:08:58,635][root][INFO] - Simulating initial volumes for stage I  with norm params: mu=1.72, sigma=4.7, lb=-0.6221218732608373, ub=-0.023523848418276528
[2025-01-27 23:08:58,637][root][INFO] - Simulating initial volumes for stage II  with norm params: mu=1.96, sigma=1.63, lb=-1.9410876100159118, ub=0.3711345751297772
[2025-01-27 23:08:58,638][root][INFO] - Simulating initial volumes for stage IIIA  with norm params: mu=1.91, sigma=9.4, lb=-0.33127370258786554, ub=0.06967546355973796
[2025-01-27 23:08:58,638][root][INFO] - Simulating initial volumes for stage IIIB  with norm params: mu=2.76, sigma=6.87, lb=-0.5769974969906748, ub=-0.02839165102452155
[2025-01-27 23:08:58,639][root][INFO] - Simulating initial volumes for stage IV  with norm params: mu=3.86, sigma=8.82, lb=-0.5741465764541877, ub=-0.14683113860980307
[2025-01-27 23:08:58,641][root][INFO] - Got correlated params for 469 patients
[2025-01-27 23:08:58,642][root][INFO] - Got correlated params for 898 patients
[2025-01-27 23:08:58,643][root][INFO] - Got correlated params for 1364 patients
[2025-01-27 23:08:58,644][root][INFO] - Simulating beta_c parameters
[2025-01-27 23:08:58,645][root][INFO] - Randomising outputs
[2025-01-27 23:09:18,628][src.data.cancer_sim.dataset][INFO] - Processing train dataset before training
[2025-01-27 23:09:19,550][src.data.cancer_sim.dataset][INFO] - Shape of processed train data: {'cancer_volume': (10000, 60), 'chemo_dosage': (10000, 60), 'radio_dosage': (10000, 60), 'chemo_application': (10000, 60), 'radio_application': (10000, 60), 'chemo_probabilities': (10000, 60), 'radio_probabilities': (10000, 60), 'sequence_lengths': (10000,), 'death_flags': (10000, 60), 'recovery_flags': (10000, 60), 'patient_types': (10000,), 'prev_treatments': (10000, 59, 4), 'current_treatments': (10000, 59, 4), 'current_covariates': (10000, 59, 2), 'outputs': (10000, 59, 1), 'active_entries': (10000, 59, 1), 'unscaled_outputs': (10000, 59, 1), 'prev_outputs': (10000, 59, 1), 'static_features': (10000, 1)}
[2025-01-27 23:09:19,551][src.data.cancer_sim.dataset][INFO] - Processing val dataset before training
[2025-01-27 23:09:19,642][src.data.cancer_sim.dataset][INFO] - Shape of processed val data: {'cancer_volume': (1000, 60), 'chemo_dosage': (1000, 60), 'radio_dosage': (1000, 60), 'chemo_application': (1000, 60), 'radio_application': (1000, 60), 'chemo_probabilities': (1000, 60), 'radio_probabilities': (1000, 60), 'sequence_lengths': (1000,), 'death_flags': (1000, 60), 'recovery_flags': (1000, 60), 'patient_types': (1000,), 'prev_treatments': (1000, 59, 4), 'current_treatments': (1000, 59, 4), 'current_covariates': (1000, 59, 2), 'outputs': (1000, 59, 1), 'active_entries': (1000, 59, 1), 'unscaled_outputs': (1000, 59, 1), 'prev_outputs': (1000, 59, 1), 'static_features': (1000, 1)}
[2025-01-27 23:09:19,642][src.data.cancer_sim.dataset][INFO] - Processing test dataset before training
[2025-01-27 23:09:27,671][src.data.cancer_sim.dataset][INFO] - Processing train dataset before training
[2025-01-27 23:09:28,582][src.data.cancer_sim.dataset][INFO] - Shape of processed train data: {'cancer_volume': (10000, 60), 'chemo_dosage': (10000, 60), 'radio_dosage': (10000, 60), 'chemo_application': (10000, 60), 'radio_application': (10000, 60), 'chemo_probabilities': (10000, 60), 'radio_probabilities': (10000, 60), 'sequence_lengths': (10000,), 'death_flags': (10000, 60), 'recovery_flags': (10000, 60), 'patient_types': (10000,), 'prev_treatments': (10000, 59, 4), 'current_treatments': (10000, 59, 4), 'current_covariates': (10000, 59, 2), 'outputs': (10000, 59, 1), 'active_entries': (10000, 59, 1), 'unscaled_outputs': (10000, 59, 1), 'prev_outputs': (10000, 59, 1), 'static_features': (10000, 1)}
[2025-01-27 23:09:28,583][src.data.cancer_sim.dataset][INFO] - Processing val dataset before training
[2025-01-27 23:09:28,674][src.data.cancer_sim.dataset][INFO] - Shape of processed val data: {'cancer_volume': (1000, 60), 'chemo_dosage': (1000, 60), 'radio_dosage': (1000, 60), 'chemo_application': (1000, 60), 'radio_application': (1000, 60), 'chemo_probabilities': (1000, 60), 'radio_probabilities': (1000, 60), 'sequence_lengths': (1000,), 'death_flags': (1000, 60), 'recovery_flags': (1000, 60), 'patient_types': (1000,), 'prev_treatments': (1000, 59, 4), 'current_treatments': (1000, 59, 4), 'current_covariates': (1000, 59, 2), 'outputs': (1000, 59, 1), 'active_entries': (1000, 59, 1), 'unscaled_outputs': (1000, 59, 1), 'prev_outputs': (1000, 59, 1), 'static_features': (1000, 1)}
[2025-01-27 23:09:28,674][src.data.cancer_sim.dataset][INFO] - Processing test dataset before training
[2025-01-27 23:09:39,034][src.data.cancer_sim.dataset][INFO] - Shape of processed test data: {'cancer_volume': (225248, 60), 'chemo_application': (225248, 60), 'radio_application': (225248, 60), 'sequence_lengths': (225248,), 'patient_types': (225248,), 'prev_treatments': (225248, 59, 4), 'current_treatments': (225248, 59, 4), 'current_covariates': (225248, 59, 2), 'outputs': (225248, 59, 1), 'active_entries': (225248, 59, 1), 'unscaled_outputs': (225248, 59, 1), 'prev_outputs': (225248, 59, 1), 'static_features': (225248, 1)}
[2025-01-27 23:09:39,035][src.data.cancer_sim.dataset][INFO] - Processing test dataset before training
[2025-01-27 23:09:48,007][src.data.cancer_sim.dataset][INFO] - Shape of processed test data: {'cancer_volume': (228824, 60), 'chemo_application': (228824, 60), 'radio_application': (228824, 60), 'sequence_lengths': (228824,), 'patient_types': (228824,), 'prev_treatments': (228824, 59, 4), 'current_treatments': (228824, 59, 4), 'current_covariates': (228824, 59, 2), 'outputs': (228824, 59, 1), 'active_entries': (228824, 59, 1), 'unscaled_outputs': (228824, 59, 1), 'prev_outputs': (228824, 59, 1), 'static_features': (228824, 1)}
[2025-01-27 23:09:48,009][src.data.cancer_sim.dataset][INFO] - Processing test dataset before training
[2025-01-27 23:10:32,149][src.data.cancer_sim.dataset][INFO] - Shape of processed test data: {'cancer_volume': (554444, 65), 'chemo_application': (554444, 65), 'radio_application': (554444, 65), 'sequence_lengths': (554444,), 'patient_types': (554444,), 'patient_ids_all_trajectories': (554444,), 'patient_current_t': (554444,), 'prev_treatments': (554444, 64, 4), 'current_treatments': (554444, 64, 4), 'current_covariates': (554444, 64, 2), 'outputs': (554444, 64, 1), 'active_entries': (554444, 64, 1), 'unscaled_outputs': (554444, 64, 1), 'prev_outputs': (554444, 64, 1), 'static_features': (554444, 1)}
[2025-01-27 23:10:32,152][src.data.cancer_sim.dataset][INFO] - Processing test dataset before testing (multiple sequences)
[2025-01-27 23:10:38,755][src.data.cancer_sim.dataset][INFO] - Shape of processed test data: {'active_encoder_r': (554444, 59), 'prev_treatments': (554444, 5, 4), 'current_treatments': (554444, 5, 4), 'current_covariates': (554444, 5, 2), 'prev_outputs': (554444, 5, 1), 'static_features': (554444, 1), 'outputs': (554444, 5, 1), 'sequence_lengths': (554444,), 'active_entries': (554444, 5, 1), 'unscaled_outputs': (554444, 5, 1), 'patient_types': (554444,), 'patient_ids_all_trajectories': (554444,), 'patient_current_t': (554444,)}
[2025-01-27 23:10:41,293][src.models.ct][INFO] - Max input size of multi: 4
[2025-01-27 23:10:42,043][src.data.cancer_sim.dataset][INFO] - Shape of processed test data: {'cancer_volume': (563559, 65), 'chemo_application': (563559, 65), 'radio_application': (563559, 65), 'sequence_lengths': (563559,), 'patient_types': (563559,), 'patient_ids_all_trajectories': (563559,), 'patient_current_t': (563559,), 'prev_treatments': (563559, 64, 4), 'current_treatments': (563559, 64, 4), 'current_covariates': (563559, 64, 2), 'outputs': (563559, 64, 1), 'active_entries': (563559, 64, 1), 'unscaled_outputs': (563559, 64, 1), 'prev_outputs': (563559, 64, 1), 'static_features': (563559, 1)}
[2025-01-27 23:10:42,047][src.data.cancer_sim.dataset][INFO] - Processing test dataset before testing (multiple sequences)
[2025-01-27 23:10:49,818][src.data.cancer_sim.dataset][INFO] - Shape of processed test data: {'active_encoder_r': (563559, 59), 'prev_treatments': (563559, 5, 4), 'current_treatments': (563559, 5, 4), 'current_covariates': (563559, 5, 2), 'prev_outputs': (563559, 5, 1), 'static_features': (563559, 1), 'outputs': (563559, 5, 1), 'sequence_lengths': (563559,), 'active_entries': (563559, 5, 1), 'unscaled_outputs': (563559, 5, 1), 'patient_types': (563559,), 'patient_ids_all_trajectories': (563559,), 'patient_current_t': (563559,)}
[2025-01-27 23:10:52,278][src.models.ct][INFO] - Max input size of multi: 4
[2025-01-27 23:13:13,357][src.models.time_varying_model][INFO] - RMSE calculation for val.
[2025-01-27 23:13:13,357][src.models.time_varying_model][INFO] - Predictions for val.
[2025-01-27 23:13:14,136][__main__][INFO] - Val normalised RMSE (all): 0.8217204252465974; Val normalised RMSE (orig): 0.812197858058098
[2025-01-27 23:13:14,136][src.models.time_varying_model][INFO] - RMSE calculation for test.
[2025-01-27 23:13:14,136][src.models.time_varying_model][INFO] - Predictions for test.
[2025-01-27 23:13:15,336][src.models.time_varying_model][INFO] - RMSE calculation for val.
[2025-01-27 23:13:15,336][src.models.time_varying_model][INFO] - Predictions for val.
[2025-01-27 23:13:16,242][__main__][INFO] - Val normalised RMSE (all): 0.9959851053010804; Val normalised RMSE (orig): 0.9878408407064662
[2025-01-27 23:13:16,243][src.models.time_varying_model][INFO] - RMSE calculation for test.
[2025-01-27 23:13:16,243][src.models.time_varying_model][INFO] - Predictions for test.
