[2025-01-27 20:08:07,138][__main__][INFO] - 
model:
  dim_treatments: 4
  dim_vitals: 0
  dim_static_features: 1
  dim_outcomes: 1
  name: CRN
  encoder:
    _target_: src.models.crn.CRNEncoder
    seq_hidden_units: 24
    br_size: 24
    fc_hidden_units: 96
    dropout_rate: 0.2
    num_layer: 1
    batch_size: 256
    optimizer:
      optimizer_cls: adam
      learning_rate: 0.001
      weight_decay: 0.0
      lr_scheduler: false
    tune_hparams: false
    tune_range: 50
    hparams_grid: null
    resources_per_trial: null
  train_decoder: true
  decoder:
    _target_: src.models.crn.CRNDecoder
    seq_hidden_units: null
    br_size: 24
    fc_hidden_units: 12
    dropout_rate: 0.1
    num_layer: 1
    batch_size: 1024
    optimizer:
      optimizer_cls: adam
      learning_rate: 0.001
      weight_decay: 0.0
      lr_scheduler: false
    tune_hparams: false
    tune_range: 30
    hparams_grid: null
    resources_per_trial: null
dataset:
  val_batch_size: 512
  treatment_mode: multiclass
  _target_: src.data.SyntheticCancerDatasetCollection
  name: tumor_generator
  coeff: 2.0
  chemo_coeff: 2.0
  radio_coeff: 2.0
  seed: 101
  random: false
  noise_percentage: 0.0
  num_patients:
    train: 10000
    val: 1000
    test: 1000
  window_size: 15
  lag: 0
  max_seq_length: 60
  projection_horizon: 5
  cf_seq_mode: sliding_treatment
exp:
  seed: 101
  gpus:
  - 0
  max_epochs: 130
  logging: true
  mlflow_uri: http://127.0.0.1:5000
  unscale_rmse: true
  percentage_rmse: true
  alpha: 0.01
  update_alpha: true
  alpha_rate: exp
  initial_balancing_method: grad_reverse
  final_balancing_method: subgroup
  bce_weight: false
  weights_ema: false
  beta: 0.99
  alpha_wass: 0.0001
  alpha_wass_epoch: false
  alpha_wass_growth: 0.001
  alpha_wass_max: 0.01
  balancing: grad_reverse
  balancing_switch_epoch: 99
  gap_epoch: 10
  clustering_method: GMM
  number_clusters: 2
  num_timepoints: 59
  checkpoint_dir: ./checkpoints/cancer/crn/2

[2025-01-27 20:08:07,162][root][INFO] - Simulating initial volumes for stage I  with norm params: mu=1.72, sigma=4.7, lb=-0.6221218732608373, ub=-0.023523848418276528
[2025-01-27 20:08:07,171][root][INFO] - Simulating initial volumes for stage II  with norm params: mu=1.96, sigma=1.63, lb=-1.9410876100159118, ub=0.3711345751297772
[2025-01-27 20:08:07,173][root][INFO] - Simulating initial volumes for stage IIIA  with norm params: mu=1.91, sigma=9.4, lb=-0.33127370258786554, ub=0.06967546355973796
[2025-01-27 20:08:07,174][root][INFO] - Simulating initial volumes for stage IIIB  with norm params: mu=2.76, sigma=6.87, lb=-0.5769974969906748, ub=-0.02839165102452155
[2025-01-27 20:08:07,176][root][INFO] - Simulating initial volumes for stage IV  with norm params: mu=3.86, sigma=8.82, lb=-0.5741465764541877, ub=-0.14683113860980307
[2025-01-27 20:08:07,201][root][INFO] - Got correlated params for 4645 patients
[2025-01-27 20:08:07,205][root][INFO] - Got correlated params for 9125 patients
[2025-01-27 20:08:07,210][root][INFO] - Got correlated params for 13736 patients
[2025-01-27 20:08:07,218][root][INFO] - Simulating beta_c parameters
[2025-01-27 20:08:07,223][root][INFO] - Randomising outputs
[2025-01-27 20:08:25,325][root][INFO] - Simulating initial volumes for stage I  with norm params: mu=1.72, sigma=4.7, lb=-0.6221218732608373, ub=-0.023523848418276528
[2025-01-27 20:08:25,328][root][INFO] - Simulating initial volumes for stage II  with norm params: mu=1.96, sigma=1.63, lb=-1.9410876100159118, ub=0.3711345751297772
[2025-01-27 20:08:25,329][root][INFO] - Simulating initial volumes for stage IIIA  with norm params: mu=1.91, sigma=9.4, lb=-0.33127370258786554, ub=0.06967546355973796
[2025-01-27 20:08:25,329][root][INFO] - Simulating initial volumes for stage IIIB  with norm params: mu=2.76, sigma=6.87, lb=-0.5769974969906748, ub=-0.02839165102452155
[2025-01-27 20:08:25,330][root][INFO] - Simulating initial volumes for stage IV  with norm params: mu=3.86, sigma=8.82, lb=-0.5741465764541877, ub=-0.14683113860980307
[2025-01-27 20:08:25,332][root][INFO] - Got correlated params for 438 patients
[2025-01-27 20:08:25,333][root][INFO] - Got correlated params for 895 patients
[2025-01-27 20:08:25,334][root][INFO] - Got correlated params for 1361 patients
[2025-01-27 20:08:25,335][root][INFO] - Simulating beta_c parameters
[2025-01-27 20:08:25,336][root][INFO] - Randomising outputs
[2025-01-27 20:08:27,134][root][INFO] - Simulating initial volumes for stage I  with norm params: mu=1.72, sigma=4.7, lb=-0.6221218732608373, ub=-0.023523848418276528
[2025-01-27 20:08:27,134][root][INFO] - Simulating initial volumes for stage II  with norm params: mu=1.96, sigma=1.63, lb=-1.9410876100159118, ub=0.3711345751297772
[2025-01-27 20:08:27,135][root][INFO] - Simulating initial volumes for stage IIIA  with norm params: mu=1.91, sigma=9.4, lb=-0.33127370258786554, ub=0.06967546355973796
[2025-01-27 20:08:27,135][root][INFO] - Simulating initial volumes for stage IIIB  with norm params: mu=2.76, sigma=6.87, lb=-0.5769974969906748, ub=-0.02839165102452155
[2025-01-27 20:08:27,136][root][INFO] - Simulating initial volumes for stage IV  with norm params: mu=3.86, sigma=8.82, lb=-0.5741465764541877, ub=-0.14683113860980307
[2025-01-27 20:08:27,138][root][INFO] - Got correlated params for 448 patients
[2025-01-27 20:08:27,139][root][INFO] - Got correlated params for 913 patients
[2025-01-27 20:08:27,140][root][INFO] - Got correlated params for 1384 patients
[2025-01-27 20:08:27,141][root][INFO] - Simulating beta_c parameters
[2025-01-27 20:08:27,142][root][INFO] - Randomising outputs
[2025-01-27 20:08:33,539][root][INFO] - Simulating initial volumes for stage I  with norm params: mu=1.72, sigma=4.7, lb=-0.6221218732608373, ub=-0.023523848418276528
[2025-01-27 20:08:33,540][root][INFO] - Simulating initial volumes for stage II  with norm params: mu=1.96, sigma=1.63, lb=-1.9410876100159118, ub=0.3711345751297772
[2025-01-27 20:08:33,540][root][INFO] - Simulating initial volumes for stage IIIA  with norm params: mu=1.91, sigma=9.4, lb=-0.33127370258786554, ub=0.06967546355973796
[2025-01-27 20:08:33,541][root][INFO] - Simulating initial volumes for stage IIIB  with norm params: mu=2.76, sigma=6.87, lb=-0.5769974969906748, ub=-0.02839165102452155
[2025-01-27 20:08:33,542][root][INFO] - Simulating initial volumes for stage IV  with norm params: mu=3.86, sigma=8.82, lb=-0.5741465764541877, ub=-0.14683113860980307
[2025-01-27 20:08:33,544][root][INFO] - Got correlated params for 469 patients
[2025-01-27 20:08:33,545][root][INFO] - Got correlated params for 898 patients
[2025-01-27 20:08:33,546][root][INFO] - Got correlated params for 1364 patients
[2025-01-27 20:08:33,546][root][INFO] - Simulating beta_c parameters
[2025-01-27 20:08:33,547][root][INFO] - Randomising outputs
[2025-01-27 20:09:03,119][src.data.cancer_sim.dataset][INFO] - Processing train dataset before training
[2025-01-27 20:09:04,133][src.data.cancer_sim.dataset][INFO] - Shape of processed train data: {'cancer_volume': (10000, 60), 'chemo_dosage': (10000, 60), 'radio_dosage': (10000, 60), 'chemo_application': (10000, 60), 'radio_application': (10000, 60), 'chemo_probabilities': (10000, 60), 'radio_probabilities': (10000, 60), 'sequence_lengths': (10000,), 'death_flags': (10000, 60), 'recovery_flags': (10000, 60), 'patient_types': (10000,), 'prev_treatments': (10000, 59, 4), 'current_treatments': (10000, 59, 4), 'current_covariates': (10000, 59, 2), 'outputs': (10000, 59, 1), 'active_entries': (10000, 59, 1), 'unscaled_outputs': (10000, 59, 1), 'prev_outputs': (10000, 59, 1), 'static_features': (10000, 1)}
[2025-01-27 20:09:04,134][src.data.cancer_sim.dataset][INFO] - Processing val dataset before training
[2025-01-27 20:09:04,238][src.data.cancer_sim.dataset][INFO] - Shape of processed val data: {'cancer_volume': (1000, 60), 'chemo_dosage': (1000, 60), 'radio_dosage': (1000, 60), 'chemo_application': (1000, 60), 'radio_application': (1000, 60), 'chemo_probabilities': (1000, 60), 'radio_probabilities': (1000, 60), 'sequence_lengths': (1000,), 'death_flags': (1000, 60), 'recovery_flags': (1000, 60), 'patient_types': (1000,), 'prev_treatments': (1000, 59, 4), 'current_treatments': (1000, 59, 4), 'current_covariates': (1000, 59, 2), 'outputs': (1000, 59, 1), 'active_entries': (1000, 59, 1), 'unscaled_outputs': (1000, 59, 1), 'prev_outputs': (1000, 59, 1), 'static_features': (1000, 1)}
[2025-01-27 20:09:04,238][src.data.cancer_sim.dataset][INFO] - Processing test dataset before training
[2025-01-27 20:09:25,015][src.data.cancer_sim.dataset][INFO] - Shape of processed test data: {'cancer_volume': (225760, 60), 'chemo_application': (225760, 60), 'radio_application': (225760, 60), 'sequence_lengths': (225760,), 'patient_types': (225760,), 'prev_treatments': (225760, 59, 4), 'current_treatments': (225760, 59, 4), 'current_covariates': (225760, 59, 2), 'outputs': (225760, 59, 1), 'active_entries': (225760, 59, 1), 'unscaled_outputs': (225760, 59, 1), 'prev_outputs': (225760, 59, 1), 'static_features': (225760, 1)}
[2025-01-27 20:09:25,642][src.models.crn][INFO] - Input size of encoder: 6
[2025-01-27 20:29:32,720][src.models.time_varying_model][INFO] - RMSE calculation for val.
[2025-01-27 20:29:32,722][src.models.time_varying_model][INFO] - Predictions for val.
[2025-01-27 20:29:33,298][__main__][INFO] - Val normalised RMSE (all): 0.661184495035128; Val normalised RMSE (orig): 0.6528047291947093
[2025-01-27 20:29:33,298][src.models.time_varying_model][INFO] - RMSE calculation for test.
[2025-01-27 20:29:33,298][src.models.time_varying_model][INFO] - Predictions for test.
[2025-01-27 20:29:50,295][__main__][INFO] - Test normalised RMSE (all): 0.8079771868290909; Test normalised RMSE (orig): 0.5905696637644566; Test normalised RMSE (only counterfactual): 0.8792683940748112
[2025-01-27 20:29:50,358][src.models.crn][INFO] - Input size of decoder: 6
[2025-01-27 20:29:50,387][src.data.cancer_sim.dataset][INFO] - train Dataset already processed
[2025-01-27 20:29:50,387][src.data.cancer_sim.dataset][INFO] - val Dataset already processed
[2025-01-27 20:29:50,387][src.data.cancer_sim.dataset][INFO] - Processing test dataset before training
[2025-01-27 20:30:46,826][src.data.cancer_sim.dataset][INFO] - Shape of processed test data: {'cancer_volume': (553725, 65), 'chemo_application': (553725, 65), 'radio_application': (553725, 65), 'sequence_lengths': (553725,), 'patient_types': (553725,), 'patient_ids_all_trajectories': (553725,), 'patient_current_t': (553725,), 'prev_treatments': (553725, 64, 4), 'current_treatments': (553725, 64, 4), 'current_covariates': (553725, 64, 2), 'outputs': (553725, 64, 1), 'active_entries': (553725, 64, 1), 'unscaled_outputs': (553725, 64, 1), 'prev_outputs': (553725, 64, 1), 'static_features': (553725, 1)}
[2025-01-27 20:30:46,829][src.models.time_varying_model][INFO] - Balanced representations inference for train.
[2025-01-27 20:30:48,346][src.models.time_varying_model][INFO] - Balanced representations inference for val.
[2025-01-27 20:30:48,898][src.models.time_varying_model][INFO] - Balanced representations inference for test.
[2025-01-27 20:31:30,100][src.models.time_varying_model][INFO] - Predictions for test.
[2025-01-27 20:32:12,551][src.data.cancer_sim.dataset][INFO] - Processing train dataset before training (multiple sequences)
[2025-01-27 20:32:15,439][src.data.cancer_sim.dataset][INFO] - Shape of processed train data: {'init_state': (506098, 24), 'original_index': (506098,), 'active_encoder_r': (506098, 59), 'prev_treatments': (506098, 5, 4), 'current_treatments': (506098, 5, 4), 'current_covariates': (506098, 5, 2), 'prev_outputs': (506098, 5, 1), 'static_features': (506098, 1), 'outputs': (506098, 5, 1), 'sequence_lengths': (506098,), 'active_entries': (506098, 5, 1), 'unscaled_outputs': (506098, 5, 1)}
[2025-01-27 20:32:15,441][src.data.cancer_sim.dataset][INFO] - Processing val dataset before training (multiple sequences)
[2025-01-27 20:32:15,737][src.data.cancer_sim.dataset][INFO] - Shape of processed val data: {'init_state': (51274, 24), 'original_index': (51274,), 'active_encoder_r': (51274, 59), 'prev_treatments': (51274, 5, 4), 'current_treatments': (51274, 5, 4), 'current_covariates': (51274, 5, 2), 'prev_outputs': (51274, 5, 1), 'static_features': (51274, 1), 'outputs': (51274, 5, 1), 'sequence_lengths': (51274,), 'active_entries': (51274, 5, 1), 'unscaled_outputs': (51274, 5, 1)}
[2025-01-27 20:32:15,737][src.data.cancer_sim.dataset][INFO] - Processing test dataset before testing (multiple sequences)
[2025-01-27 20:32:24,205][src.data.cancer_sim.dataset][INFO] - Shape of processed test data: {'active_encoder_r': (553725, 59), 'prev_treatments': (553725, 5, 4), 'current_treatments': (553725, 5, 4), 'current_covariates': (553725, 5, 2), 'prev_outputs': (553725, 5, 1), 'static_features': (553725, 1), 'outputs': (553725, 5, 1), 'sequence_lengths': (553725,), 'active_entries': (553725, 5, 1), 'unscaled_outputs': (553725, 5, 1), 'patient_types': (553725,), 'patient_ids_all_trajectories': (553725,), 'patient_current_t': (553725,), 'init_state': (553725, 24)}
[2025-01-27 20:32:24,263][src.data.cancer_sim.dataset][INFO] - Processing test dataset before testing (autoregressive)
[2025-01-27 20:32:28,561][src.data.cancer_sim.dataset][INFO] - Shape of processed test data: {'current_covariates': (553725, 5, 2), 'prev_treatments': (553725, 5, 4), 'current_treatments': (553725, 5, 4), 'init_state': (553725, 24), 'active_encoder_r': (553725, 59), 'active_entries': (553725, 5, 1), 'prev_outputs': (553725, 5, 1), 'static_features': (553725, 1)}
[2025-01-27 21:35:42,349][src.models.time_varying_model][INFO] - RMSE calculation for val.
[2025-01-27 21:35:42,352][src.models.time_varying_model][INFO] - Predictions for val.
[2025-01-27 21:35:44,937][__main__][INFO] - Val normalised RMSE (all): 0.3284862644593642; Val normalised RMSE (orig): 0.3284862644593643
[2025-01-27 21:35:44,937][src.models.time_varying_model][INFO] - RMSE calculation for test.
[2025-01-27 21:35:44,937][src.models.time_varying_model][INFO] - Autoregressive Prediction for test.
[2025-01-27 21:35:44,949][src.models.time_varying_model][INFO] - t = 2
[2025-01-27 21:35:44,949][src.models.time_varying_model][INFO] - Predictions for test.
[2025-01-27 21:36:03,567][src.models.time_varying_model][INFO] - t = 3
[2025-01-27 21:36:03,567][src.models.time_varying_model][INFO] - Predictions for test.
[2025-01-27 21:36:22,472][src.models.time_varying_model][INFO] - t = 4
[2025-01-27 21:36:22,472][src.models.time_varying_model][INFO] - Predictions for test.
[2025-01-27 21:36:41,314][src.models.time_varying_model][INFO] - t = 5
[2025-01-27 21:36:41,314][src.models.time_varying_model][INFO] - Predictions for test.
[2025-01-27 21:37:00,163][src.models.time_varying_model][INFO] - t = 6
[2025-01-27 21:37:00,163][src.models.time_varying_model][INFO] - Predictions for test.
[2025-01-27 21:37:20,731][__main__][INFO] - Test normalised RMSE (n-step prediction): {'2-step': 0.7466998475087052, '3-step': 0.7665205193718838, '4-step': 0.7969683332870214, '5-step': 0.8257958995679398, '6-step': 0.846794807375293}
