[2024-11-21 18:12:02,324][__main__][INFO] - 
model:
  dim_treatments: 4
  dim_vitals: 0
  dim_static_features: 1
  dim_outcomes: 1
  name: CT
  multi:
    _target_: src.models.ct.CT
    max_seq_length: 65
    seq_hidden_units: 16
    br_size: 12
    fc_hidden_units: 24
    dropout_rate: 0.1
    num_layer: 1
    num_heads: 2
    max_grad_norm: null
    batch_size: 128
    attn_dropout: true
    disable_cross_attention: false
    isolate_subnetwork: _
    self_positional_encoding:
      absolute: false
      trainable: true
      max_relative_position: 15
    optimizer:
      optimizer_cls: adam
      learning_rate: 0.001
      weight_decay: 0.0
      lr_scheduler: false
    augment_with_masked_vitals: true
    tune_hparams: false
    tune_range: 50
    hparams_grid: null
    resources_per_trial: null
  self_positional_encoding:
    max_relative_position: 15
dataset:
  val_batch_size: 512
  treatment_mode: multiclass
  _target_: src.data.SyntheticCancerDatasetCollection
  name: tumor_generator
  coeff: 1.0
  chemo_coeff: 1.0
  radio_coeff: 1.0
  seed: 10
  random: true
  noise_percentage: 0.05
  num_patients:
    train: 10000
    val: 1000
    test: 1000
  window_size: 15
  lag: 0
  max_seq_length: 60
  projection_horizon: 5
  cf_seq_mode: sliding_treatment
exp:
  seed: 10
  gpus:
  - 0
  max_epochs: 220
  logging: true
  mlflow_uri: http://127.0.0.1:5000
  unscale_rmse: true
  percentage_rmse: true
  alpha: 0.01
  update_alpha: true
  alpha_rate: exp
  initial_balancing_method: domain_confusion
  final_balancing_method: subgroup
  bce_weight: false
  weights_ema: true
  beta: 0.99
  alpha_wass: 0.0001
  alpha_wass_epoch: false
  alpha_wass_growth: 0.001
  alpha_wass_max: 0.01
  balancing_switch_epoch: 199
  clustering_method: GMM
  number_clusters: 2
  num_timepoints: 59
  gap_epoch: 10
  checkpoint_dir: ./checkpoints/cancer/ct/1

[2024-11-21 18:12:02,370][root][INFO] - Simulating initial volumes for stage I  with norm params: mu=1.72, sigma=4.7, lb=-0.6221218732608373, ub=-0.023523848418276528
[2024-11-21 18:12:02,374][root][INFO] - Simulating initial volumes for stage II  with norm params: mu=1.96, sigma=1.63, lb=-1.9410876100159118, ub=0.3711345751297772
[2024-11-21 18:12:02,375][root][INFO] - Simulating initial volumes for stage IIIA  with norm params: mu=1.91, sigma=9.4, lb=-0.33127370258786554, ub=0.06967546355973796
[2024-11-21 18:12:02,376][root][INFO] - Simulating initial volumes for stage IIIB  with norm params: mu=2.76, sigma=6.87, lb=-0.5769974969906748, ub=-0.02839165102452155
[2024-11-21 18:12:02,378][root][INFO] - Simulating initial volumes for stage IV  with norm params: mu=3.86, sigma=8.82, lb=-0.5741465764541877, ub=-0.14683113860980307
[2024-11-21 18:12:02,405][root][INFO] - Got correlated params for 4658 patients
[2024-11-21 18:12:02,410][root][INFO] - Got correlated params for 9338 patients
[2024-11-21 18:12:02,415][root][INFO] - Got correlated params for 13912 patients
[2024-11-21 18:12:02,423][root][INFO] - Simulating beta_c parameters
[2024-11-21 18:12:02,428][root][INFO] - Randomising outputs
[2024-11-21 18:12:20,299][src.data.cancer_sim.dataset][INFO] - Processing train dataset before training
[2024-11-21 18:12:21,399][src.data.cancer_sim.dataset][INFO] - Shape of processed train data: {'cancer_volume': (10000, 60), 'chemo_dosage': (10000, 60), 'radio_dosage': (10000, 60), 'chemo_application': (10000, 60), 'radio_application': (10000, 60), 'chemo_probabilities': (10000, 60), 'radio_probabilities': (10000, 60), 'sequence_lengths': (10000,), 'death_flags': (10000, 60), 'recovery_flags': (10000, 60), 'patient_types': (10000,), 'prev_treatments': (10000, 59, 4), 'current_treatments': (10000, 59, 4), 'current_covariates': (10000, 59, 2), 'outputs': (10000, 59, 1), 'active_entries': (10000, 59, 1), 'unscaled_outputs': (10000, 59, 1), 'prev_outputs': (10000, 59, 1), 'static_features': (10000, 1)}
[2024-11-21 18:12:21,475][root][INFO] - Simulating initial volumes for stage I  with norm params: mu=1.72, sigma=4.7, lb=-0.6221218732608373, ub=-0.023523848418276528
[2024-11-21 18:12:21,476][root][INFO] - Simulating initial volumes for stage II  with norm params: mu=1.96, sigma=1.63, lb=-1.9410876100159118, ub=0.3711345751297772
[2024-11-21 18:12:21,476][root][INFO] - Simulating initial volumes for stage IIIA  with norm params: mu=1.91, sigma=9.4, lb=-0.33127370258786554, ub=0.06967546355973796
[2024-11-21 18:12:21,477][root][INFO] - Simulating initial volumes for stage IIIB  with norm params: mu=2.76, sigma=6.87, lb=-0.5769974969906748, ub=-0.02839165102452155
[2024-11-21 18:12:21,478][root][INFO] - Simulating initial volumes for stage IV  with norm params: mu=3.86, sigma=8.82, lb=-0.5741465764541877, ub=-0.14683113860980307
[2024-11-21 18:12:21,480][root][INFO] - Got correlated params for 455 patients
[2024-11-21 18:12:21,481][root][INFO] - Got correlated params for 905 patients
[2024-11-21 18:12:21,482][root][INFO] - Got correlated params for 1366 patients
[2024-11-21 18:12:21,483][root][INFO] - Simulating beta_c parameters
[2024-11-21 18:12:21,484][root][INFO] - Randomising outputs
[2024-11-21 18:12:23,267][root][INFO] - Simulating initial volumes for stage I  with norm params: mu=1.72, sigma=4.7, lb=-0.6221218732608373, ub=-0.023523848418276528
[2024-11-21 18:12:23,267][root][INFO] - Simulating initial volumes for stage II  with norm params: mu=1.96, sigma=1.63, lb=-1.9410876100159118, ub=0.3711345751297772
[2024-11-21 18:12:23,268][root][INFO] - Simulating initial volumes for stage IIIA  with norm params: mu=1.91, sigma=9.4, lb=-0.33127370258786554, ub=0.06967546355973796
[2024-11-21 18:12:23,269][root][INFO] - Simulating initial volumes for stage IIIB  with norm params: mu=2.76, sigma=6.87, lb=-0.5769974969906748, ub=-0.02839165102452155
[2024-11-21 18:12:23,270][root][INFO] - Simulating initial volumes for stage IV  with norm params: mu=3.86, sigma=8.82, lb=-0.5741465764541877, ub=-0.14683113860980307
[2024-11-21 18:12:23,271][root][INFO] - Got correlated params for 493 patients
[2024-11-21 18:12:23,272][root][INFO] - Got correlated params for 947 patients
[2024-11-21 18:12:23,273][root][INFO] - Got correlated params for 1403 patients
[2024-11-21 18:12:23,274][root][INFO] - Simulating beta_c parameters
[2024-11-21 18:12:23,275][root][INFO] - Randomising outputs
[2024-11-21 18:12:31,331][root][INFO] - Simulating initial volumes for stage I  with norm params: mu=1.72, sigma=4.7, lb=-0.6221218732608373, ub=-0.023523848418276528
[2024-11-21 18:12:31,332][root][INFO] - Simulating initial volumes for stage II  with norm params: mu=1.96, sigma=1.63, lb=-1.9410876100159118, ub=0.3711345751297772
[2024-11-21 18:12:31,333][root][INFO] - Simulating initial volumes for stage IIIA  with norm params: mu=1.91, sigma=9.4, lb=-0.33127370258786554, ub=0.06967546355973796
[2024-11-21 18:12:31,334][root][INFO] - Simulating initial volumes for stage IIIB  with norm params: mu=2.76, sigma=6.87, lb=-0.5769974969906748, ub=-0.02839165102452155
[2024-11-21 18:12:31,335][root][INFO] - Simulating initial volumes for stage IV  with norm params: mu=3.86, sigma=8.82, lb=-0.5741465764541877, ub=-0.14683113860980307
[2024-11-21 18:12:31,337][root][INFO] - Got correlated params for 445 patients
[2024-11-21 18:12:31,338][root][INFO] - Got correlated params for 895 patients
[2024-11-21 18:12:31,339][root][INFO] - Got correlated params for 1355 patients
[2024-11-21 18:12:31,340][root][INFO] - Simulating beta_c parameters
[2024-11-21 18:12:31,341][root][INFO] - Randomising outputs
[2024-11-21 18:13:00,667][src.data.cancer_sim.dataset][INFO] - train Dataset already processed
[2024-11-21 18:13:00,667][src.data.cancer_sim.dataset][INFO] - Processing val dataset before training
[2024-11-21 18:13:00,776][src.data.cancer_sim.dataset][INFO] - Shape of processed val data: {'cancer_volume': (1000, 60), 'chemo_dosage': (1000, 60), 'radio_dosage': (1000, 60), 'chemo_application': (1000, 60), 'radio_application': (1000, 60), 'chemo_probabilities': (1000, 60), 'radio_probabilities': (1000, 60), 'sequence_lengths': (1000,), 'death_flags': (1000, 60), 'recovery_flags': (1000, 60), 'patient_types': (1000,), 'prev_treatments': (1000, 59, 4), 'current_treatments': (1000, 59, 4), 'current_covariates': (1000, 59, 2), 'outputs': (1000, 59, 1), 'active_entries': (1000, 59, 1), 'unscaled_outputs': (1000, 59, 1), 'prev_outputs': (1000, 59, 1), 'static_features': (1000, 1)}
[2024-11-21 18:13:00,776][src.data.cancer_sim.dataset][INFO] - Processing test dataset before training
[2024-11-21 18:13:20,873][src.data.cancer_sim.dataset][INFO] - Shape of processed test data: {'cancer_volume': (216208, 60), 'chemo_application': (216208, 60), 'radio_application': (216208, 60), 'sequence_lengths': (216208,), 'patient_types': (216208,), 'prev_treatments': (216208, 59, 4), 'current_treatments': (216208, 59, 4), 'current_covariates': (216208, 59, 2), 'outputs': (216208, 59, 1), 'active_entries': (216208, 59, 1), 'unscaled_outputs': (216208, 59, 1), 'prev_outputs': (216208, 59, 1), 'static_features': (216208, 1)}
[2024-11-21 18:13:20,876][src.data.cancer_sim.dataset][INFO] - Processing test dataset before training
[2024-11-21 18:14:15,642][src.data.cancer_sim.dataset][INFO] - Shape of processed test data: {'cancer_volume': (548326, 65), 'chemo_application': (548326, 65), 'radio_application': (548326, 65), 'sequence_lengths': (548326,), 'patient_types': (548326,), 'patient_ids_all_trajectories': (548326,), 'patient_current_t': (548326,), 'prev_treatments': (548326, 64, 4), 'current_treatments': (548326, 64, 4), 'current_covariates': (548326, 64, 2), 'outputs': (548326, 64, 1), 'active_entries': (548326, 64, 1), 'unscaled_outputs': (548326, 64, 1), 'prev_outputs': (548326, 64, 1), 'static_features': (548326, 1)}
[2024-11-21 18:14:15,645][src.data.cancer_sim.dataset][INFO] - Processing test dataset before testing (multiple sequences)
[2024-11-21 18:14:24,849][src.data.cancer_sim.dataset][INFO] - Shape of processed test data: {'active_encoder_r': (548326, 59), 'prev_treatments': (548326, 5, 4), 'current_treatments': (548326, 5, 4), 'current_covariates': (548326, 5, 2), 'prev_outputs': (548326, 5, 1), 'static_features': (548326, 1), 'outputs': (548326, 5, 1), 'sequence_lengths': (548326,), 'active_entries': (548326, 5, 1), 'unscaled_outputs': (548326, 5, 1), 'patient_types': (548326,), 'patient_ids_all_trajectories': (548326,), 'patient_current_t': (548326,)}
[2024-11-21 18:14:27,687][src.models.ct][INFO] - Max input size of multi: 4
[2024-11-21 18:33:14,513][src.models.time_varying_model][INFO] - RMSE calculation for val.
[2024-11-21 18:33:14,514][src.models.time_varying_model][INFO] - Predictions for val.
[2024-11-21 18:33:15,412][__main__][INFO] - Val normalised RMSE (all): 0.5943017010232245; Val normalised RMSE (orig): 0.5788722650367775
[2024-11-21 18:33:15,412][src.models.time_varying_model][INFO] - RMSE calculation for test.
[2024-11-21 18:33:15,412][src.models.time_varying_model][INFO] - Predictions for test.
[2024-11-21 18:33:35,673][__main__][INFO] - Test normalised RMSE (all): 0.7978069872615708; Test normalised RMSE (orig): 0.5689957235816301; Test normalised RMSE (only counterfactual): 0.7359583155075279
[2024-11-21 18:33:35,729][src.models.time_varying_model][INFO] - RMSE calculation for test.
[2024-11-21 18:33:35,729][src.models.ct][INFO] - Autoregressive Prediction for test.
[2024-11-21 18:33:35,729][src.models.ct][INFO] - t = 1
[2024-11-21 18:33:35,729][src.models.time_varying_model][INFO] - Predictions for test.
[2024-11-21 18:34:39,518][src.models.ct][INFO] - t = 2
[2024-11-21 18:34:39,519][src.models.time_varying_model][INFO] - Predictions for test.
[2024-11-21 18:35:44,152][src.models.ct][INFO] - t = 3
[2024-11-21 18:35:44,153][src.models.time_varying_model][INFO] - Predictions for test.
[2024-11-21 18:36:48,508][src.models.ct][INFO] - t = 4
[2024-11-21 18:36:48,509][src.models.time_varying_model][INFO] - Predictions for test.
[2024-11-21 18:37:52,452][src.models.ct][INFO] - t = 5
[2024-11-21 18:37:52,453][src.models.time_varying_model][INFO] - Predictions for test.
[2024-11-21 18:38:56,880][src.models.ct][INFO] - t = 6
[2024-11-21 18:38:56,880][src.models.time_varying_model][INFO] - Predictions for test.
[2024-11-21 18:40:02,231][__main__][INFO] - Test normalised RMSE (n-step prediction): {'2-step': 0.673278312755732, '3-step': 0.690599232046578, '4-step': 0.7270084011527126, '5-step': 0.7605292340237719, '6-step': 0.7998053974641759}
