[2025-01-30 04:41:13,712][__main__][INFO] - 
model:
  dim_treatments: 4
  dim_vitals: 0
  dim_static_features: 1
  dim_outcomes: 1
  name: CRN
  encoder:
    _target_: src.models.crn.CRNEncoder
    seq_hidden_units: 24
    br_size: 18
    fc_hidden_units: 36
    dropout_rate: 0.1
    num_layer: 1
    batch_size: 512
    optimizer:
      optimizer_cls: adam
      learning_rate: 0.001
      weight_decay: 0.0
      lr_scheduler: false
    tune_hparams: false
    tune_range: 50
    hparams_grid: null
    resources_per_trial: null
  train_decoder: true
  decoder:
    _target_: src.models.crn.CRNDecoder
    seq_hidden_units: null
    br_size: 24
    fc_hidden_units: 12
    dropout_rate: 0.1
    num_layer: 1
    batch_size: 1024
    optimizer:
      optimizer_cls: adam
      learning_rate: 0.001
      weight_decay: 0.0
      lr_scheduler: false
    tune_hparams: false
    tune_range: 30
    hparams_grid: null
    resources_per_trial: null
dataset:
  val_batch_size: 512
  treatment_mode: multiclass
  _target_: src.data.SyntheticCancerDatasetCollection
  name: tumor_generator
  coeff: 1.0
  chemo_coeff: 1.0
  radio_coeff: 1.0
  seed: 10
  random: true
  noise_percentage: 0.0
  num_patients:
    train: 10000
    val: 1000
    test: 1000
  window_size: 15
  lag: 0
  max_seq_length: 60
  projection_horizon: 5
  cf_seq_mode: sliding_treatment
exp:
  seed: 10
  gpus:
  - 0
  max_epochs: 140
  logging: true
  mlflow_uri: http://127.0.0.1:5000
  unscale_rmse: true
  percentage_rmse: true
  alpha: 0.01
  update_alpha: true
  alpha_rate: exp
  initial_balancing_method: grad_reverse
  final_balancing_method: subgroup
  bce_weight: false
  weights_ema: false
  beta: 0.99
  alpha_wass: 0.0001
  alpha_wass_epoch: false
  alpha_wass_growth: 0.001
  alpha_wass_max: 0.01
  balancing: grad_reverse
  balancing_switch_epoch: 99
  gap_epoch: 10
  clustering_method: GMM
  number_clusters: 2
  num_timepoints: 59
  checkpoint_dir: ./checkpoints/cancer/crn/1

[2025-01-30 04:41:13,725][root][INFO] - Simulating initial volumes for stage I  with norm params: mu=1.72, sigma=4.7, lb=-0.6221218732608373, ub=-0.023523848418276528
[2025-01-30 04:41:13,727][root][INFO] - Simulating initial volumes for stage II  with norm params: mu=1.96, sigma=1.63, lb=-1.9410876100159118, ub=0.3711345751297772
[2025-01-30 04:41:13,728][root][INFO] - Simulating initial volumes for stage IIIA  with norm params: mu=1.91, sigma=9.4, lb=-0.33127370258786554, ub=0.06967546355973796
[2025-01-30 04:41:13,729][root][INFO] - Simulating initial volumes for stage IIIB  with norm params: mu=2.76, sigma=6.87, lb=-0.5769974969906748, ub=-0.02839165102452155
[2025-01-30 04:41:13,731][root][INFO] - Simulating initial volumes for stage IV  with norm params: mu=3.86, sigma=8.82, lb=-0.5741465764541877, ub=-0.14683113860980307
[2025-01-30 04:41:13,740][root][INFO] - Got correlated params for 4658 patients
[2025-01-30 04:41:13,745][root][INFO] - Got correlated params for 9338 patients
[2025-01-30 04:41:13,749][root][INFO] - Got correlated params for 13912 patients
[2025-01-30 04:41:13,756][root][INFO] - Simulating beta_c parameters
[2025-01-30 04:41:13,761][root][INFO] - Randomising outputs
[2025-01-30 04:41:30,720][src.data.cancer_sim.dataset][INFO] - Processing train dataset before training
[2025-01-30 04:41:31,796][src.data.cancer_sim.dataset][INFO] - Shape of processed train data: {'cancer_volume': (10000, 60), 'chemo_dosage': (10000, 60), 'radio_dosage': (10000, 60), 'chemo_application': (10000, 60), 'radio_application': (10000, 60), 'chemo_probabilities': (10000, 60), 'radio_probabilities': (10000, 60), 'sequence_lengths': (10000,), 'death_flags': (10000, 60), 'recovery_flags': (10000, 60), 'patient_types': (10000,), 'prev_treatments': (10000, 59, 4), 'current_treatments': (10000, 59, 4), 'current_covariates': (10000, 59, 2), 'outputs': (10000, 59, 1), 'active_entries': (10000, 59, 1), 'unscaled_outputs': (10000, 59, 1), 'prev_outputs': (10000, 59, 1), 'static_features': (10000, 1)}
[2025-01-30 04:41:31,812][root][INFO] - Simulating initial volumes for stage I  with norm params: mu=1.72, sigma=4.7, lb=-0.6221218732608373, ub=-0.023523848418276528
[2025-01-30 04:41:31,813][root][INFO] - Simulating initial volumes for stage II  with norm params: mu=1.96, sigma=1.63, lb=-1.9410876100159118, ub=0.3711345751297772
[2025-01-30 04:41:31,814][root][INFO] - Simulating initial volumes for stage IIIA  with norm params: mu=1.91, sigma=9.4, lb=-0.33127370258786554, ub=0.06967546355973796
[2025-01-30 04:41:31,814][root][INFO] - Simulating initial volumes for stage IIIB  with norm params: mu=2.76, sigma=6.87, lb=-0.5769974969906748, ub=-0.02839165102452155
[2025-01-30 04:41:31,815][root][INFO] - Simulating initial volumes for stage IV  with norm params: mu=3.86, sigma=8.82, lb=-0.5741465764541877, ub=-0.14683113860980307
[2025-01-30 04:41:31,817][root][INFO] - Got correlated params for 499 patients
[2025-01-30 04:41:31,818][root][INFO] - Got correlated params for 982 patients
[2025-01-30 04:41:31,819][root][INFO] - Got correlated params for 1434 patients
[2025-01-30 04:41:31,820][root][INFO] - Simulating beta_c parameters
[2025-01-30 04:41:31,821][root][INFO] - Randomising outputs
[2025-01-30 04:41:33,453][root][INFO] - Simulating initial volumes for stage I  with norm params: mu=1.72, sigma=4.7, lb=-0.6221218732608373, ub=-0.023523848418276528
[2025-01-30 04:41:33,453][root][INFO] - Simulating initial volumes for stage II  with norm params: mu=1.96, sigma=1.63, lb=-1.9410876100159118, ub=0.3711345751297772
[2025-01-30 04:41:33,454][root][INFO] - Simulating initial volumes for stage IIIA  with norm params: mu=1.91, sigma=9.4, lb=-0.33127370258786554, ub=0.06967546355973796
[2025-01-30 04:41:33,455][root][INFO] - Simulating initial volumes for stage IIIB  with norm params: mu=2.76, sigma=6.87, lb=-0.5769974969906748, ub=-0.02839165102452155
[2025-01-30 04:41:33,455][root][INFO] - Simulating initial volumes for stage IV  with norm params: mu=3.86, sigma=8.82, lb=-0.5741465764541877, ub=-0.14683113860980307
[2025-01-30 04:41:33,457][root][INFO] - Got correlated params for 494 patients
[2025-01-30 04:41:33,458][root][INFO] - Got correlated params for 937 patients
[2025-01-30 04:41:33,459][root][INFO] - Got correlated params for 1397 patients
[2025-01-30 04:41:33,460][root][INFO] - Simulating beta_c parameters
[2025-01-30 04:41:33,461][root][INFO] - Randomising outputs
[2025-01-30 04:41:39,477][root][INFO] - Simulating initial volumes for stage I  with norm params: mu=1.72, sigma=4.7, lb=-0.6221218732608373, ub=-0.023523848418276528
[2025-01-30 04:41:39,479][root][INFO] - Simulating initial volumes for stage II  with norm params: mu=1.96, sigma=1.63, lb=-1.9410876100159118, ub=0.3711345751297772
[2025-01-30 04:41:39,480][root][INFO] - Simulating initial volumes for stage IIIA  with norm params: mu=1.91, sigma=9.4, lb=-0.33127370258786554, ub=0.06967546355973796
[2025-01-30 04:41:39,480][root][INFO] - Simulating initial volumes for stage IIIB  with norm params: mu=2.76, sigma=6.87, lb=-0.5769974969906748, ub=-0.02839165102452155
[2025-01-30 04:41:39,481][root][INFO] - Simulating initial volumes for stage IV  with norm params: mu=3.86, sigma=8.82, lb=-0.5741465764541877, ub=-0.14683113860980307
[2025-01-30 04:41:39,483][root][INFO] - Got correlated params for 434 patients
[2025-01-30 04:41:39,484][root][INFO] - Got correlated params for 874 patients
[2025-01-30 04:41:39,485][root][INFO] - Got correlated params for 1357 patients
[2025-01-30 04:41:39,486][root][INFO] - Simulating beta_c parameters
[2025-01-30 04:41:39,487][root][INFO] - Randomising outputs
[2025-01-30 04:42:06,919][src.data.cancer_sim.dataset][INFO] - train Dataset already processed
[2025-01-30 04:42:06,920][src.data.cancer_sim.dataset][INFO] - Processing val dataset before training
[2025-01-30 04:42:07,030][src.data.cancer_sim.dataset][INFO] - Shape of processed val data: {'cancer_volume': (1000, 60), 'chemo_dosage': (1000, 60), 'radio_dosage': (1000, 60), 'chemo_application': (1000, 60), 'radio_application': (1000, 60), 'chemo_probabilities': (1000, 60), 'radio_probabilities': (1000, 60), 'sequence_lengths': (1000,), 'death_flags': (1000, 60), 'recovery_flags': (1000, 60), 'patient_types': (1000,), 'prev_treatments': (1000, 59, 4), 'current_treatments': (1000, 59, 4), 'current_covariates': (1000, 59, 2), 'outputs': (1000, 59, 1), 'active_entries': (1000, 59, 1), 'unscaled_outputs': (1000, 59, 1), 'prev_outputs': (1000, 59, 1), 'static_features': (1000, 1)}
[2025-01-30 04:42:07,031][src.data.cancer_sim.dataset][INFO] - Processing test dataset before training
[2025-01-30 04:42:27,628][src.data.cancer_sim.dataset][INFO] - Shape of processed test data: {'cancer_volume': (215584, 60), 'chemo_application': (215584, 60), 'radio_application': (215584, 60), 'sequence_lengths': (215584,), 'patient_types': (215584,), 'prev_treatments': (215584, 59, 4), 'current_treatments': (215584, 59, 4), 'current_covariates': (215584, 59, 2), 'outputs': (215584, 59, 1), 'active_entries': (215584, 59, 1), 'unscaled_outputs': (215584, 59, 1), 'prev_outputs': (215584, 59, 1), 'static_features': (215584, 1)}
[2025-01-30 04:42:28,166][src.models.crn][INFO] - Input size of encoder: 6
[2025-01-30 04:54:05,013][src.models.time_varying_model][INFO] - RMSE calculation for val.
[2025-01-30 04:54:05,014][src.models.time_varying_model][INFO] - Predictions for val.
[2025-01-30 04:54:05,589][__main__][INFO] - Val normalised RMSE (all): 0.7182228866892933; Val normalised RMSE (orig): 0.6942507578673953
[2025-01-30 04:54:05,589][src.models.time_varying_model][INFO] - RMSE calculation for test.
[2025-01-30 04:54:05,589][src.models.time_varying_model][INFO] - Predictions for test.
[2025-01-30 04:54:20,763][__main__][INFO] - Test normalised RMSE (all): 0.8764863357307233; Test normalised RMSE (orig): 0.6231300816053986; Test normalised RMSE (only counterfactual): 0.7411189470741135
[2025-01-30 04:54:20,827][src.models.crn][INFO] - Input size of decoder: 6
[2025-01-30 04:54:20,841][src.data.cancer_sim.dataset][INFO] - train Dataset already processed
[2025-01-30 04:54:20,842][src.data.cancer_sim.dataset][INFO] - val Dataset already processed
[2025-01-30 04:54:20,842][src.data.cancer_sim.dataset][INFO] - Processing test dataset before training
[2025-01-30 04:55:16,588][src.data.cancer_sim.dataset][INFO] - Shape of processed test data: {'cancer_volume': (540611, 65), 'chemo_application': (540611, 65), 'radio_application': (540611, 65), 'sequence_lengths': (540611,), 'patient_types': (540611,), 'patient_ids_all_trajectories': (540611,), 'patient_current_t': (540611,), 'prev_treatments': (540611, 64, 4), 'current_treatments': (540611, 64, 4), 'current_covariates': (540611, 64, 2), 'outputs': (540611, 64, 1), 'active_entries': (540611, 64, 1), 'unscaled_outputs': (540611, 64, 1), 'prev_outputs': (540611, 64, 1), 'static_features': (540611, 1)}
[2025-01-30 04:55:16,591][src.models.time_varying_model][INFO] - Balanced representations inference for train.
[2025-01-30 04:55:18,067][src.models.time_varying_model][INFO] - Balanced representations inference for val.
[2025-01-30 04:55:18,640][src.models.time_varying_model][INFO] - Balanced representations inference for test.
[2025-01-30 04:55:56,781][src.models.time_varying_model][INFO] - Predictions for test.
[2025-01-30 04:56:35,897][src.data.cancer_sim.dataset][INFO] - Processing train dataset before training (multiple sequences)
[2025-01-30 04:56:38,683][src.data.cancer_sim.dataset][INFO] - Shape of processed train data: {'init_state': (489999, 18), 'original_index': (489999,), 'active_encoder_r': (489999, 59), 'prev_treatments': (489999, 5, 4), 'current_treatments': (489999, 5, 4), 'current_covariates': (489999, 5, 2), 'prev_outputs': (489999, 5, 1), 'static_features': (489999, 1), 'outputs': (489999, 5, 1), 'sequence_lengths': (489999,), 'active_entries': (489999, 5, 1), 'unscaled_outputs': (489999, 5, 1)}
[2025-01-30 04:56:38,684][src.data.cancer_sim.dataset][INFO] - Processing val dataset before training (multiple sequences)
[2025-01-30 04:56:38,952][src.data.cancer_sim.dataset][INFO] - Shape of processed val data: {'init_state': (48829, 18), 'original_index': (48829,), 'active_encoder_r': (48829, 59), 'prev_treatments': (48829, 5, 4), 'current_treatments': (48829, 5, 4), 'current_covariates': (48829, 5, 2), 'prev_outputs': (48829, 5, 1), 'static_features': (48829, 1), 'outputs': (48829, 5, 1), 'sequence_lengths': (48829,), 'active_entries': (48829, 5, 1), 'unscaled_outputs': (48829, 5, 1)}
[2025-01-30 04:56:38,952][src.data.cancer_sim.dataset][INFO] - Processing test dataset before testing (multiple sequences)
[2025-01-30 04:56:47,386][src.data.cancer_sim.dataset][INFO] - Shape of processed test data: {'active_encoder_r': (540611, 59), 'prev_treatments': (540611, 5, 4), 'current_treatments': (540611, 5, 4), 'current_covariates': (540611, 5, 2), 'prev_outputs': (540611, 5, 1), 'static_features': (540611, 1), 'outputs': (540611, 5, 1), 'sequence_lengths': (540611,), 'active_entries': (540611, 5, 1), 'unscaled_outputs': (540611, 5, 1), 'patient_types': (540611,), 'patient_ids_all_trajectories': (540611,), 'patient_current_t': (540611,), 'init_state': (540611, 18)}
[2025-01-30 04:56:47,449][src.data.cancer_sim.dataset][INFO] - Processing test dataset before testing (autoregressive)
[2025-01-30 04:56:51,594][src.data.cancer_sim.dataset][INFO] - Shape of processed test data: {'current_covariates': (540611, 5, 2), 'prev_treatments': (540611, 5, 4), 'current_treatments': (540611, 5, 4), 'init_state': (540611, 18), 'active_encoder_r': (540611, 59), 'active_entries': (540611, 5, 1), 'prev_outputs': (540611, 5, 1), 'static_features': (540611, 1)}
[2025-01-30 06:01:22,359][src.models.time_varying_model][INFO] - RMSE calculation for val.
[2025-01-30 06:01:22,360][src.models.time_varying_model][INFO] - Predictions for val.
[2025-01-30 06:01:24,913][__main__][INFO] - Val normalised RMSE (all): 0.37556074271935036; Val normalised RMSE (orig): 0.3755607427193494
[2025-01-30 06:01:24,913][src.models.time_varying_model][INFO] - RMSE calculation for test.
[2025-01-30 06:01:24,914][src.models.time_varying_model][INFO] - Autoregressive Prediction for test.
[2025-01-30 06:01:24,917][src.models.time_varying_model][INFO] - t = 2
[2025-01-30 06:01:24,917][src.models.time_varying_model][INFO] - Predictions for test.
[2025-01-30 06:01:43,034][src.models.time_varying_model][INFO] - t = 3
[2025-01-30 06:01:43,035][src.models.time_varying_model][INFO] - Predictions for test.
[2025-01-30 06:02:01,398][src.models.time_varying_model][INFO] - t = 4
[2025-01-30 06:02:01,398][src.models.time_varying_model][INFO] - Predictions for test.
[2025-01-30 06:02:19,616][src.models.time_varying_model][INFO] - t = 5
[2025-01-30 06:02:19,617][src.models.time_varying_model][INFO] - Predictions for test.
[2025-01-30 06:02:37,797][src.models.time_varying_model][INFO] - t = 6
[2025-01-30 06:02:37,797][src.models.time_varying_model][INFO] - Predictions for test.
[2025-01-30 06:02:57,453][__main__][INFO] - Test normalised RMSE (n-step prediction): {'2-step': 0.633758387600057, '3-step': 0.668508942491342, '4-step': 0.7019738537997232, '5-step': 0.7320803486181049, '6-step': 0.7564254932621418}
