[2025-01-27 14:51:21,121][__main__][INFO] - 
model:
  dim_treatments: 4
  dim_vitals: 0
  dim_static_features: 1
  dim_outcomes: 1
  name: CT
  multi:
    _target_: src.models.ct.CT
    max_seq_length: 65
    seq_hidden_units: 12
    br_size: 16
    fc_hidden_units: 48
    dropout_rate: 0.1
    num_layer: 1
    num_heads: 2
    max_grad_norm: null
    batch_size: 1024
    attn_dropout: true
    disable_cross_attention: false
    isolate_subnetwork: _
    self_positional_encoding:
      absolute: false
      trainable: true
      max_relative_position: 15
    optimizer:
      optimizer_cls: adam
      learning_rate: 0.02
      weight_decay: 0.0
      lr_scheduler: false
    augment_with_masked_vitals: true
    tune_hparams: false
    tune_range: 50
    hparams_grid: null
    resources_per_trial: null
  self_positional_encoding:
    max_relative_position: 15
dataset:
  val_batch_size: 512
  treatment_mode: multiclass
  _target_: src.data.SyntheticCancerDatasetCollection
  name: tumor_generator
  coeff: 6.0
  chemo_coeff: 6.0
  radio_coeff: 6.0
  seed: 10
  random: false
  noise_percentage: 0.0
  num_patients:
    train: 10000
    val: 1000
    test: 1000
  window_size: 15
  lag: 0
  max_seq_length: 60
  projection_horizon: 5
  cf_seq_mode: sliding_treatment
exp:
  seed: 10
  gpus:
  - 0
  max_epochs: 100
  logging: true
  mlflow_uri: http://127.0.0.1:5000
  unscale_rmse: true
  percentage_rmse: true
  alpha: 0.01
  update_alpha: true
  alpha_rate: exp
  initial_balancing_method: domain_confusion
  final_balancing_method: subgroup
  bce_weight: false
  weights_ema: true
  beta: 0.99
  alpha_wass: 0.0001
  alpha_wass_epoch: false
  alpha_wass_growth: 0.001
  alpha_wass_max: 0.01
  balancing_switch_epoch: 79
  clustering_method: GMM
  number_clusters: 2
  num_timepoints: 59
  gap_epoch: 10
  checkpoint_dir: ./checkpoints/cancer/ct/SGA/6

[2025-01-27 14:51:21,147][root][INFO] - Simulating initial volumes for stage I  with norm params: mu=1.72, sigma=4.7, lb=-0.6221218732608373, ub=-0.023523848418276528
[2025-01-27 14:51:21,156][root][INFO] - Simulating initial volumes for stage II  with norm params: mu=1.96, sigma=1.63, lb=-1.9410876100159118, ub=0.3711345751297772
[2025-01-27 14:51:21,157][root][INFO] - Simulating initial volumes for stage IIIA  with norm params: mu=1.91, sigma=9.4, lb=-0.33127370258786554, ub=0.06967546355973796
[2025-01-27 14:51:21,158][root][INFO] - Simulating initial volumes for stage IIIB  with norm params: mu=2.76, sigma=6.87, lb=-0.5769974969906748, ub=-0.02839165102452155
[2025-01-27 14:51:21,161][root][INFO] - Simulating initial volumes for stage IV  with norm params: mu=3.86, sigma=8.82, lb=-0.5741465764541877, ub=-0.14683113860980307
[2025-01-27 14:51:21,184][root][INFO] - Got correlated params for 4658 patients
[2025-01-27 14:51:21,189][root][INFO] - Got correlated params for 9338 patients
[2025-01-27 14:51:21,194][root][INFO] - Got correlated params for 13912 patients
[2025-01-27 14:51:21,203][root][INFO] - Simulating beta_c parameters
[2025-01-27 14:51:21,208][root][INFO] - Randomising outputs
[2025-01-27 14:51:21,535][__main__][INFO] - 
model:
  dim_treatments: 4
  dim_vitals: 0
  dim_static_features: 1
  dim_outcomes: 1
  name: CT
  multi:
    _target_: src.models.ct.CT
    max_seq_length: 65
    seq_hidden_units: 12
    br_size: 16
    fc_hidden_units: 48
    dropout_rate: 0.1
    num_layer: 1
    num_heads: 2
    max_grad_norm: null
    batch_size: 256
    attn_dropout: true
    disable_cross_attention: false
    isolate_subnetwork: _
    self_positional_encoding:
      absolute: false
      trainable: true
      max_relative_position: 15
    optimizer:
      optimizer_cls: adam
      learning_rate: 0.01
      weight_decay: 0.0
      lr_scheduler: false
    augment_with_masked_vitals: true
    tune_hparams: false
    tune_range: 50
    hparams_grid: null
    resources_per_trial: null
  self_positional_encoding:
    max_relative_position: 15
dataset:
  val_batch_size: 512
  treatment_mode: multiclass
  _target_: src.data.SyntheticCancerDatasetCollection
  name: tumor_generator
  coeff: 6.0
  chemo_coeff: 6.0
  radio_coeff: 6.0
  seed: 10
  random: true
  noise_percentage: 0.05
  num_patients:
    train: 10000
    val: 1000
    test: 1000
  window_size: 15
  lag: 0
  max_seq_length: 60
  projection_horizon: 5
  cf_seq_mode: sliding_treatment
exp:
  seed: 10
  gpus:
  - 0
  max_epochs: 100
  logging: true
  mlflow_uri: http://127.0.0.1:5000
  unscale_rmse: true
  percentage_rmse: true
  alpha: 0.01
  update_alpha: true
  alpha_rate: exp
  initial_balancing_method: domain_confusion
  final_balancing_method: domain_confusion
  bce_weight: false
  weights_ema: true
  beta: 0.99
  alpha_wass: 0.0001
  alpha_wass_epoch: false
  alpha_wass_growth: 0.001
  alpha_wass_max: 0.01
  balancing_switch_epoch: 99
  clustering_method: GMM
  number_clusters: 2
  num_timepoints: 59
  gap_epoch: 60
  checkpoint_dir: ./checkpoints/cancer/ct/random/6

[2025-01-27 14:51:21,546][root][INFO] - Simulating initial volumes for stage I  with norm params: mu=1.72, sigma=4.7, lb=-0.6221218732608373, ub=-0.023523848418276528
[2025-01-27 14:51:21,548][root][INFO] - Simulating initial volumes for stage II  with norm params: mu=1.96, sigma=1.63, lb=-1.9410876100159118, ub=0.3711345751297772
[2025-01-27 14:51:21,549][root][INFO] - Simulating initial volumes for stage IIIA  with norm params: mu=1.91, sigma=9.4, lb=-0.33127370258786554, ub=0.06967546355973796
[2025-01-27 14:51:21,550][root][INFO] - Simulating initial volumes for stage IIIB  with norm params: mu=2.76, sigma=6.87, lb=-0.5769974969906748, ub=-0.02839165102452155
[2025-01-27 14:51:21,552][root][INFO] - Simulating initial volumes for stage IV  with norm params: mu=3.86, sigma=8.82, lb=-0.5741465764541877, ub=-0.14683113860980307
[2025-01-27 14:51:21,561][root][INFO] - Got correlated params for 4658 patients
[2025-01-27 14:51:21,566][root][INFO] - Got correlated params for 9338 patients
[2025-01-27 14:51:21,571][root][INFO] - Got correlated params for 13912 patients
[2025-01-27 14:51:21,578][root][INFO] - Simulating beta_c parameters
[2025-01-27 14:51:21,583][root][INFO] - Randomising outputs
[2025-01-27 14:51:36,342][root][INFO] - Simulating initial volumes for stage I  with norm params: mu=1.72, sigma=4.7, lb=-0.6221218732608373, ub=-0.023523848418276528
[2025-01-27 14:51:36,344][root][INFO] - Simulating initial volumes for stage II  with norm params: mu=1.96, sigma=1.63, lb=-1.9410876100159118, ub=0.3711345751297772
[2025-01-27 14:51:36,345][root][INFO] - Simulating initial volumes for stage IIIA  with norm params: mu=1.91, sigma=9.4, lb=-0.33127370258786554, ub=0.06967546355973796
[2025-01-27 14:51:36,345][root][INFO] - Simulating initial volumes for stage IIIB  with norm params: mu=2.76, sigma=6.87, lb=-0.5769974969906748, ub=-0.02839165102452155
[2025-01-27 14:51:36,346][root][INFO] - Simulating initial volumes for stage IV  with norm params: mu=3.86, sigma=8.82, lb=-0.5741465764541877, ub=-0.14683113860980307
[2025-01-27 14:51:36,348][root][INFO] - Got correlated params for 464 patients
[2025-01-27 14:51:36,349][root][INFO] - Got correlated params for 942 patients
[2025-01-27 14:51:36,350][root][INFO] - Got correlated params for 1398 patients
[2025-01-27 14:51:36,351][root][INFO] - Simulating beta_c parameters
[2025-01-27 14:51:36,352][root][INFO] - Randomising outputs
[2025-01-27 14:51:37,848][root][INFO] - Simulating initial volumes for stage I  with norm params: mu=1.72, sigma=4.7, lb=-0.6221218732608373, ub=-0.023523848418276528
[2025-01-27 14:51:37,850][root][INFO] - Simulating initial volumes for stage II  with norm params: mu=1.96, sigma=1.63, lb=-1.9410876100159118, ub=0.3711345751297772
[2025-01-27 14:51:37,850][root][INFO] - Simulating initial volumes for stage IIIA  with norm params: mu=1.91, sigma=9.4, lb=-0.33127370258786554, ub=0.06967546355973796
[2025-01-27 14:51:37,851][root][INFO] - Simulating initial volumes for stage IIIB  with norm params: mu=2.76, sigma=6.87, lb=-0.5769974969906748, ub=-0.02839165102452155
[2025-01-27 14:51:37,852][root][INFO] - Simulating initial volumes for stage IV  with norm params: mu=3.86, sigma=8.82, lb=-0.5741465764541877, ub=-0.14683113860980307
[2025-01-27 14:51:37,854][root][INFO] - Got correlated params for 491 patients
[2025-01-27 14:51:37,854][root][INFO] - Got correlated params for 936 patients
[2025-01-27 14:51:37,855][root][INFO] - Got correlated params for 1396 patients
[2025-01-27 14:51:37,856][root][INFO] - Simulating beta_c parameters
[2025-01-27 14:51:37,857][root][INFO] - Randomising outputs
[2025-01-27 14:51:39,663][src.data.cancer_sim.dataset][INFO] - Processing train dataset before training
[2025-01-27 14:51:40,587][src.data.cancer_sim.dataset][INFO] - Shape of processed train data: {'cancer_volume': (10000, 60), 'chemo_dosage': (10000, 60), 'radio_dosage': (10000, 60), 'chemo_application': (10000, 60), 'radio_application': (10000, 60), 'chemo_probabilities': (10000, 60), 'radio_probabilities': (10000, 60), 'sequence_lengths': (10000,), 'death_flags': (10000, 60), 'recovery_flags': (10000, 60), 'patient_types': (10000,), 'prev_treatments': (10000, 59, 4), 'current_treatments': (10000, 59, 4), 'current_covariates': (10000, 59, 2), 'outputs': (10000, 59, 1), 'active_entries': (10000, 59, 1), 'unscaled_outputs': (10000, 59, 1), 'prev_outputs': (10000, 59, 1), 'static_features': (10000, 1)}
[2025-01-27 14:51:40,652][root][INFO] - Simulating initial volumes for stage I  with norm params: mu=1.72, sigma=4.7, lb=-0.6221218732608373, ub=-0.023523848418276528
[2025-01-27 14:51:40,653][root][INFO] - Simulating initial volumes for stage II  with norm params: mu=1.96, sigma=1.63, lb=-1.9410876100159118, ub=0.3711345751297772
[2025-01-27 14:51:40,653][root][INFO] - Simulating initial volumes for stage IIIA  with norm params: mu=1.91, sigma=9.4, lb=-0.33127370258786554, ub=0.06967546355973796
[2025-01-27 14:51:40,654][root][INFO] - Simulating initial volumes for stage IIIB  with norm params: mu=2.76, sigma=6.87, lb=-0.5769974969906748, ub=-0.02839165102452155
[2025-01-27 14:51:40,655][root][INFO] - Simulating initial volumes for stage IV  with norm params: mu=3.86, sigma=8.82, lb=-0.5741465764541877, ub=-0.14683113860980307
[2025-01-27 14:51:40,657][root][INFO] - Got correlated params for 455 patients
[2025-01-27 14:51:40,658][root][INFO] - Got correlated params for 905 patients
[2025-01-27 14:51:40,659][root][INFO] - Got correlated params for 1366 patients
[2025-01-27 14:51:40,660][root][INFO] - Simulating beta_c parameters
[2025-01-27 14:51:40,661][root][INFO] - Randomising outputs
[2025-01-27 14:51:42,440][root][INFO] - Simulating initial volumes for stage I  with norm params: mu=1.72, sigma=4.7, lb=-0.6221218732608373, ub=-0.023523848418276528
[2025-01-27 14:51:42,441][root][INFO] - Simulating initial volumes for stage II  with norm params: mu=1.96, sigma=1.63, lb=-1.9410876100159118, ub=0.3711345751297772
[2025-01-27 14:51:42,441][root][INFO] - Simulating initial volumes for stage IIIA  with norm params: mu=1.91, sigma=9.4, lb=-0.33127370258786554, ub=0.06967546355973796
[2025-01-27 14:51:42,442][root][INFO] - Simulating initial volumes for stage IIIB  with norm params: mu=2.76, sigma=6.87, lb=-0.5769974969906748, ub=-0.02839165102452155
[2025-01-27 14:51:42,443][root][INFO] - Simulating initial volumes for stage IV  with norm params: mu=3.86, sigma=8.82, lb=-0.5741465764541877, ub=-0.14683113860980307
[2025-01-27 14:51:42,444][root][INFO] - Got correlated params for 493 patients
[2025-01-27 14:51:42,446][root][INFO] - Got correlated params for 947 patients
[2025-01-27 14:51:42,447][root][INFO] - Got correlated params for 1403 patients
[2025-01-27 14:51:42,448][root][INFO] - Simulating beta_c parameters
[2025-01-27 14:51:42,449][root][INFO] - Randomising outputs
[2025-01-27 14:51:43,180][root][INFO] - Simulating initial volumes for stage I  with norm params: mu=1.72, sigma=4.7, lb=-0.6221218732608373, ub=-0.023523848418276528
[2025-01-27 14:51:43,181][root][INFO] - Simulating initial volumes for stage II  with norm params: mu=1.96, sigma=1.63, lb=-1.9410876100159118, ub=0.3711345751297772
[2025-01-27 14:51:43,182][root][INFO] - Simulating initial volumes for stage IIIA  with norm params: mu=1.91, sigma=9.4, lb=-0.33127370258786554, ub=0.06967546355973796
[2025-01-27 14:51:43,182][root][INFO] - Simulating initial volumes for stage IIIB  with norm params: mu=2.76, sigma=6.87, lb=-0.5769974969906748, ub=-0.02839165102452155
[2025-01-27 14:51:43,183][root][INFO] - Simulating initial volumes for stage IV  with norm params: mu=3.86, sigma=8.82, lb=-0.5741465764541877, ub=-0.14683113860980307
[2025-01-27 14:51:43,185][root][INFO] - Got correlated params for 434 patients
[2025-01-27 14:51:43,186][root][INFO] - Got correlated params for 874 patients
[2025-01-27 14:51:43,187][root][INFO] - Got correlated params for 1357 patients
[2025-01-27 14:51:43,188][root][INFO] - Simulating beta_c parameters
[2025-01-27 14:51:43,189][root][INFO] - Randomising outputs
[2025-01-27 14:51:48,357][root][INFO] - Simulating initial volumes for stage I  with norm params: mu=1.72, sigma=4.7, lb=-0.6221218732608373, ub=-0.023523848418276528
[2025-01-27 14:51:48,359][root][INFO] - Simulating initial volumes for stage II  with norm params: mu=1.96, sigma=1.63, lb=-1.9410876100159118, ub=0.3711345751297772
[2025-01-27 14:51:48,359][root][INFO] - Simulating initial volumes for stage IIIA  with norm params: mu=1.91, sigma=9.4, lb=-0.33127370258786554, ub=0.06967546355973796
[2025-01-27 14:51:48,360][root][INFO] - Simulating initial volumes for stage IIIB  with norm params: mu=2.76, sigma=6.87, lb=-0.5769974969906748, ub=-0.02839165102452155
[2025-01-27 14:51:48,361][root][INFO] - Simulating initial volumes for stage IV  with norm params: mu=3.86, sigma=8.82, lb=-0.5741465764541877, ub=-0.14683113860980307
[2025-01-27 14:51:48,363][root][INFO] - Got correlated params for 445 patients
[2025-01-27 14:51:48,364][root][INFO] - Got correlated params for 895 patients
[2025-01-27 14:51:48,365][root][INFO] - Got correlated params for 1355 patients
[2025-01-27 14:51:48,366][root][INFO] - Simulating beta_c parameters
[2025-01-27 14:51:48,367][root][INFO] - Randomising outputs
[2025-01-27 14:52:07,392][src.data.cancer_sim.dataset][INFO] - Processing train dataset before training
[2025-01-27 14:52:08,272][src.data.cancer_sim.dataset][INFO] - Shape of processed train data: {'cancer_volume': (10000, 60), 'chemo_dosage': (10000, 60), 'radio_dosage': (10000, 60), 'chemo_application': (10000, 60), 'radio_application': (10000, 60), 'chemo_probabilities': (10000, 60), 'radio_probabilities': (10000, 60), 'sequence_lengths': (10000,), 'death_flags': (10000, 60), 'recovery_flags': (10000, 60), 'patient_types': (10000,), 'prev_treatments': (10000, 59, 4), 'current_treatments': (10000, 59, 4), 'current_covariates': (10000, 59, 2), 'outputs': (10000, 59, 1), 'active_entries': (10000, 59, 1), 'unscaled_outputs': (10000, 59, 1), 'prev_outputs': (10000, 59, 1), 'static_features': (10000, 1)}
[2025-01-27 14:52:08,272][src.data.cancer_sim.dataset][INFO] - Processing val dataset before training
[2025-01-27 14:52:08,361][src.data.cancer_sim.dataset][INFO] - Shape of processed val data: {'cancer_volume': (1000, 60), 'chemo_dosage': (1000, 60), 'radio_dosage': (1000, 60), 'chemo_application': (1000, 60), 'radio_application': (1000, 60), 'chemo_probabilities': (1000, 60), 'radio_probabilities': (1000, 60), 'sequence_lengths': (1000,), 'death_flags': (1000, 60), 'recovery_flags': (1000, 60), 'patient_types': (1000,), 'prev_treatments': (1000, 59, 4), 'current_treatments': (1000, 59, 4), 'current_covariates': (1000, 59, 2), 'outputs': (1000, 59, 1), 'active_entries': (1000, 59, 1), 'unscaled_outputs': (1000, 59, 1), 'prev_outputs': (1000, 59, 1), 'static_features': (1000, 1)}
[2025-01-27 14:52:08,361][src.data.cancer_sim.dataset][INFO] - Processing test dataset before training
[2025-01-27 14:52:18,300][src.data.cancer_sim.dataset][INFO] - train Dataset already processed
[2025-01-27 14:52:18,300][src.data.cancer_sim.dataset][INFO] - Processing val dataset before training
[2025-01-27 14:52:18,392][src.data.cancer_sim.dataset][INFO] - Shape of processed val data: {'cancer_volume': (1000, 60), 'chemo_dosage': (1000, 60), 'radio_dosage': (1000, 60), 'chemo_application': (1000, 60), 'radio_application': (1000, 60), 'chemo_probabilities': (1000, 60), 'radio_probabilities': (1000, 60), 'sequence_lengths': (1000,), 'death_flags': (1000, 60), 'recovery_flags': (1000, 60), 'patient_types': (1000,), 'prev_treatments': (1000, 59, 4), 'current_treatments': (1000, 59, 4), 'current_covariates': (1000, 59, 2), 'outputs': (1000, 59, 1), 'active_entries': (1000, 59, 1), 'unscaled_outputs': (1000, 59, 1), 'prev_outputs': (1000, 59, 1), 'static_features': (1000, 1)}
[2025-01-27 14:52:18,392][src.data.cancer_sim.dataset][INFO] - Processing test dataset before training
[2025-01-27 14:52:27,471][src.data.cancer_sim.dataset][INFO] - Shape of processed test data: {'cancer_volume': (224868, 60), 'chemo_application': (224868, 60), 'radio_application': (224868, 60), 'sequence_lengths': (224868,), 'patient_types': (224868,), 'prev_treatments': (224868, 59, 4), 'current_treatments': (224868, 59, 4), 'current_covariates': (224868, 59, 2), 'outputs': (224868, 59, 1), 'active_entries': (224868, 59, 1), 'unscaled_outputs': (224868, 59, 1), 'prev_outputs': (224868, 59, 1), 'static_features': (224868, 1)}
[2025-01-27 14:52:27,472][src.data.cancer_sim.dataset][INFO] - Processing test dataset before training
[2025-01-27 14:52:37,784][src.data.cancer_sim.dataset][INFO] - Shape of processed test data: {'cancer_volume': (212236, 60), 'chemo_application': (212236, 60), 'radio_application': (212236, 60), 'sequence_lengths': (212236,), 'patient_types': (212236,), 'prev_treatments': (212236, 59, 4), 'current_treatments': (212236, 59, 4), 'current_covariates': (212236, 59, 2), 'outputs': (212236, 59, 1), 'active_entries': (212236, 59, 1), 'unscaled_outputs': (212236, 59, 1), 'prev_outputs': (212236, 59, 1), 'static_features': (212236, 1)}
[2025-01-27 14:52:37,785][src.data.cancer_sim.dataset][INFO] - Processing test dataset before training
[2025-01-27 14:53:19,054][src.data.cancer_sim.dataset][INFO] - Shape of processed test data: {'cancer_volume': (548744, 65), 'chemo_application': (548744, 65), 'radio_application': (548744, 65), 'sequence_lengths': (548744,), 'patient_types': (548744,), 'patient_ids_all_trajectories': (548744,), 'patient_current_t': (548744,), 'prev_treatments': (548744, 64, 4), 'current_treatments': (548744, 64, 4), 'current_covariates': (548744, 64, 2), 'outputs': (548744, 64, 1), 'active_entries': (548744, 64, 1), 'unscaled_outputs': (548744, 64, 1), 'prev_outputs': (548744, 64, 1), 'static_features': (548744, 1)}
[2025-01-27 14:53:19,057][src.data.cancer_sim.dataset][INFO] - Processing test dataset before testing (multiple sequences)
[2025-01-27 14:53:25,604][src.data.cancer_sim.dataset][INFO] - Shape of processed test data: {'active_encoder_r': (548744, 59), 'prev_treatments': (548744, 5, 4), 'current_treatments': (548744, 5, 4), 'current_covariates': (548744, 5, 2), 'prev_outputs': (548744, 5, 1), 'static_features': (548744, 1), 'outputs': (548744, 5, 1), 'sequence_lengths': (548744,), 'active_entries': (548744, 5, 1), 'unscaled_outputs': (548744, 5, 1), 'patient_types': (548744,), 'patient_ids_all_trajectories': (548744,), 'patient_current_t': (548744,)}
[2025-01-27 14:53:28,043][src.models.ct][INFO] - Max input size of multi: 4
[2025-01-27 14:53:33,977][src.data.cancer_sim.dataset][INFO] - Shape of processed test data: {'cancer_volume': (576878, 65), 'chemo_application': (576878, 65), 'radio_application': (576878, 65), 'sequence_lengths': (576878,), 'patient_types': (576878,), 'patient_ids_all_trajectories': (576878,), 'patient_current_t': (576878,), 'prev_treatments': (576878, 64, 4), 'current_treatments': (576878, 64, 4), 'current_covariates': (576878, 64, 2), 'outputs': (576878, 64, 1), 'active_entries': (576878, 64, 1), 'unscaled_outputs': (576878, 64, 1), 'prev_outputs': (576878, 64, 1), 'static_features': (576878, 1)}
[2025-01-27 14:53:33,981][src.data.cancer_sim.dataset][INFO] - Processing test dataset before testing (multiple sequences)
[2025-01-27 14:53:42,074][src.data.cancer_sim.dataset][INFO] - Shape of processed test data: {'active_encoder_r': (576878, 59), 'prev_treatments': (576878, 5, 4), 'current_treatments': (576878, 5, 4), 'current_covariates': (576878, 5, 2), 'prev_outputs': (576878, 5, 1), 'static_features': (576878, 1), 'outputs': (576878, 5, 1), 'sequence_lengths': (576878,), 'active_entries': (576878, 5, 1), 'unscaled_outputs': (576878, 5, 1), 'patient_types': (576878,), 'patient_ids_all_trajectories': (576878,), 'patient_current_t': (576878,)}
[2025-01-27 14:53:44,550][src.models.ct][INFO] - Max input size of multi: 4
[2025-01-27 14:57:52,425][src.models.time_varying_model][INFO] - RMSE calculation for val.
[2025-01-27 14:57:52,426][src.models.time_varying_model][INFO] - Predictions for val.
[2025-01-27 14:57:53,079][__main__][INFO] - Val normalised RMSE (all): 0.6013733368840439; Val normalised RMSE (orig): 0.59383667052179
[2025-01-27 14:57:53,080][src.models.time_varying_model][INFO] - RMSE calculation for test.
[2025-01-27 14:57:53,080][src.models.time_varying_model][INFO] - Predictions for test.
[2025-01-27 14:58:08,294][__main__][INFO] - Test normalised RMSE (all): 2.119525657345676; Test normalised RMSE (orig): 1.9487558912813008; Test normalised RMSE (only counterfactual): 2.248393023456292
[2025-01-27 14:58:08,334][src.models.time_varying_model][INFO] - RMSE calculation for test.
[2025-01-27 14:58:08,335][src.models.ct][INFO] - Autoregressive Prediction for test.
[2025-01-27 14:58:08,337][src.models.ct][INFO] - t = 1
[2025-01-27 14:58:08,337][src.models.time_varying_model][INFO] - Predictions for test.
[2025-01-27 14:58:57,421][src.models.ct][INFO] - t = 2
[2025-01-27 14:58:57,422][src.models.time_varying_model][INFO] - Predictions for test.
[2025-01-27 15:00:15,679][src.models.time_varying_model][INFO] - RMSE calculation for val.
[2025-01-27 15:00:15,679][src.models.time_varying_model][INFO] - Predictions for val.
[2025-01-27 15:00:16,329][__main__][INFO] - Val normalised RMSE (all): 0.5692118038490839; Val normalised RMSE (orig): 0.565125696320201
[2025-01-27 15:00:16,329][src.models.time_varying_model][INFO] - RMSE calculation for test.
[2025-01-27 15:00:16,329][src.models.time_varying_model][INFO] - Predictions for test.
[2025-01-27 15:00:33,250][__main__][INFO] - Test normalised RMSE (all): 2.2331077857611623; Test normalised RMSE (orig): 2.3306478188103137; Test normalised RMSE (only counterfactual): 2.2148534920049627
[2025-01-27 15:00:33,293][src.models.time_varying_model][INFO] - RMSE calculation for test.
[2025-01-27 15:00:33,294][src.models.ct][INFO] - Autoregressive Prediction for test.
[2025-01-27 15:00:33,294][src.models.ct][INFO] - t = 1
[2025-01-27 15:00:33,294][src.models.time_varying_model][INFO] - Predictions for test.
[2025-01-27 15:01:31,955][src.models.ct][INFO] - t = 2
[2025-01-27 15:01:31,955][src.models.time_varying_model][INFO] - Predictions for test.
[2025-01-27 15:02:30,583][src.models.ct][INFO] - t = 3
[2025-01-27 15:02:30,583][src.models.time_varying_model][INFO] - Predictions for test.
[2025-01-27 15:03:28,580][src.models.ct][INFO] - t = 4
[2025-01-27 15:03:28,580][src.models.time_varying_model][INFO] - Predictions for test.
[2025-01-27 15:04:26,661][src.models.ct][INFO] - t = 5
[2025-01-27 15:04:26,661][src.models.time_varying_model][INFO] - Predictions for test.
[2025-01-27 15:05:25,141][src.models.ct][INFO] - t = 6
[2025-01-27 15:05:25,142][src.models.time_varying_model][INFO] - Predictions for test.
[2025-01-27 15:06:25,351][__main__][INFO] - Test normalised RMSE (n-step prediction): {'2-step': 1.0481838607917313, '3-step': 1.2027957060094825, '4-step': 1.3113733450434224, '5-step': 1.3805875603569022, '6-step': 1.4064719911630181}
