[2025-01-28 02:47:23,973][__main__][INFO] - 
model:
  dim_treatments: 4
  dim_vitals: 0
  dim_static_features: 1
  dim_outcomes: 1
  name: CRN
  encoder:
    _target_: src.models.crn.CRNEncoder
    seq_hidden_units: 24
    br_size: 24
    fc_hidden_units: 96
    dropout_rate: 0.2
    num_layer: 1
    batch_size: 1024
    optimizer:
      optimizer_cls: adam
      learning_rate: 0.001
      weight_decay: 0.0
      lr_scheduler: false
    tune_hparams: false
    tune_range: 50
    hparams_grid: null
    resources_per_trial: null
  train_decoder: true
  decoder:
    _target_: src.models.crn.CRNDecoder
    seq_hidden_units: null
    br_size: 24
    fc_hidden_units: 12
    dropout_rate: 0.1
    num_layer: 1
    batch_size: 4096
    optimizer:
      optimizer_cls: adam
      learning_rate: 0.001
      weight_decay: 0.0
      lr_scheduler: false
    tune_hparams: false
    tune_range: 30
    hparams_grid: null
    resources_per_trial: null
dataset:
  val_batch_size: 512
  treatment_mode: multiclass
  _target_: src.data.SyntheticCancerDatasetCollection
  name: tumor_generator
  coeff: 5.0
  chemo_coeff: 5.0
  radio_coeff: 5.0
  seed: 101
  random: false
  noise_percentage: 0.0
  num_patients:
    train: 10000
    val: 1000
    test: 1000
  window_size: 15
  lag: 0
  max_seq_length: 60
  projection_horizon: 5
  cf_seq_mode: sliding_treatment
exp:
  seed: 101
  gpus:
  - 0
  max_epochs: 20
  logging: true
  mlflow_uri: http://127.0.0.1:5000
  unscale_rmse: true
  percentage_rmse: true
  alpha: 0.01
  update_alpha: true
  alpha_rate: exp
  initial_balancing_method: subgroup
  final_balancing_method: subgroup
  bce_weight: false
  weights_ema: false
  beta: 0.99
  alpha_wass: 0.001
  alpha_wass_epoch: false
  alpha_wass_growth: 0.001
  alpha_wass_max: 0.01
  balancing: grad_reverse
  balancing_switch_epoch: 19
  gap_epoch: 1
  clustering_method: GMM
  number_clusters: 2
  num_timepoints: 59
  checkpoint_dir: ./checkpoints/cancer/crn/SGA/5

[2025-01-28 02:47:24,001][root][INFO] - Simulating initial volumes for stage I  with norm params: mu=1.72, sigma=4.7, lb=-0.6221218732608373, ub=-0.023523848418276528
[2025-01-28 02:47:24,011][root][INFO] - Simulating initial volumes for stage II  with norm params: mu=1.96, sigma=1.63, lb=-1.9410876100159118, ub=0.3711345751297772
[2025-01-28 02:47:24,012][root][INFO] - Simulating initial volumes for stage IIIA  with norm params: mu=1.91, sigma=9.4, lb=-0.33127370258786554, ub=0.06967546355973796
[2025-01-28 02:47:24,013][root][INFO] - Simulating initial volumes for stage IIIB  with norm params: mu=2.76, sigma=6.87, lb=-0.5769974969906748, ub=-0.02839165102452155
[2025-01-28 02:47:24,015][root][INFO] - Simulating initial volumes for stage IV  with norm params: mu=3.86, sigma=8.82, lb=-0.5741465764541877, ub=-0.14683113860980307
[2025-01-28 02:47:24,040][root][INFO] - Got correlated params for 4645 patients
[2025-01-28 02:47:24,045][root][INFO] - Got correlated params for 9125 patients
[2025-01-28 02:47:24,050][root][INFO] - Got correlated params for 13736 patients
[2025-01-28 02:47:24,058][root][INFO] - Simulating beta_c parameters
[2025-01-28 02:47:24,063][root][INFO] - Randomising outputs
[2025-01-28 02:47:42,256][root][INFO] - Simulating initial volumes for stage I  with norm params: mu=1.72, sigma=4.7, lb=-0.6221218732608373, ub=-0.023523848418276528
[2025-01-28 02:47:42,259][root][INFO] - Simulating initial volumes for stage II  with norm params: mu=1.96, sigma=1.63, lb=-1.9410876100159118, ub=0.3711345751297772
[2025-01-28 02:47:42,260][root][INFO] - Simulating initial volumes for stage IIIA  with norm params: mu=1.91, sigma=9.4, lb=-0.33127370258786554, ub=0.06967546355973796
[2025-01-28 02:47:42,261][root][INFO] - Simulating initial volumes for stage IIIB  with norm params: mu=2.76, sigma=6.87, lb=-0.5769974969906748, ub=-0.02839165102452155
[2025-01-28 02:47:42,262][root][INFO] - Simulating initial volumes for stage IV  with norm params: mu=3.86, sigma=8.82, lb=-0.5741465764541877, ub=-0.14683113860980307
[2025-01-28 02:47:42,264][root][INFO] - Got correlated params for 438 patients
[2025-01-28 02:47:42,265][root][INFO] - Got correlated params for 895 patients
[2025-01-28 02:47:42,266][root][INFO] - Got correlated params for 1361 patients
[2025-01-28 02:47:42,267][root][INFO] - Simulating beta_c parameters
[2025-01-28 02:47:42,268][root][INFO] - Randomising outputs
[2025-01-28 02:47:44,053][root][INFO] - Simulating initial volumes for stage I  with norm params: mu=1.72, sigma=4.7, lb=-0.6221218732608373, ub=-0.023523848418276528
[2025-01-28 02:47:44,054][root][INFO] - Simulating initial volumes for stage II  with norm params: mu=1.96, sigma=1.63, lb=-1.9410876100159118, ub=0.3711345751297772
[2025-01-28 02:47:44,055][root][INFO] - Simulating initial volumes for stage IIIA  with norm params: mu=1.91, sigma=9.4, lb=-0.33127370258786554, ub=0.06967546355973796
[2025-01-28 02:47:44,055][root][INFO] - Simulating initial volumes for stage IIIB  with norm params: mu=2.76, sigma=6.87, lb=-0.5769974969906748, ub=-0.02839165102452155
[2025-01-28 02:47:44,056][root][INFO] - Simulating initial volumes for stage IV  with norm params: mu=3.86, sigma=8.82, lb=-0.5741465764541877, ub=-0.14683113860980307
[2025-01-28 02:47:44,058][root][INFO] - Got correlated params for 448 patients
[2025-01-28 02:47:44,059][root][INFO] - Got correlated params for 913 patients
[2025-01-28 02:47:44,060][root][INFO] - Got correlated params for 1384 patients
[2025-01-28 02:47:44,061][root][INFO] - Simulating beta_c parameters
[2025-01-28 02:47:44,062][root][INFO] - Randomising outputs
[2025-01-28 02:47:50,730][root][INFO] - Simulating initial volumes for stage I  with norm params: mu=1.72, sigma=4.7, lb=-0.6221218732608373, ub=-0.023523848418276528
[2025-01-28 02:47:50,731][root][INFO] - Simulating initial volumes for stage II  with norm params: mu=1.96, sigma=1.63, lb=-1.9410876100159118, ub=0.3711345751297772
[2025-01-28 02:47:50,732][root][INFO] - Simulating initial volumes for stage IIIA  with norm params: mu=1.91, sigma=9.4, lb=-0.33127370258786554, ub=0.06967546355973796
[2025-01-28 02:47:50,733][root][INFO] - Simulating initial volumes for stage IIIB  with norm params: mu=2.76, sigma=6.87, lb=-0.5769974969906748, ub=-0.02839165102452155
[2025-01-28 02:47:50,734][root][INFO] - Simulating initial volumes for stage IV  with norm params: mu=3.86, sigma=8.82, lb=-0.5741465764541877, ub=-0.14683113860980307
[2025-01-28 02:47:50,736][root][INFO] - Got correlated params for 469 patients
[2025-01-28 02:47:50,737][root][INFO] - Got correlated params for 898 patients
[2025-01-28 02:47:50,738][root][INFO] - Got correlated params for 1364 patients
[2025-01-28 02:47:50,739][root][INFO] - Simulating beta_c parameters
[2025-01-28 02:47:50,740][root][INFO] - Randomising outputs
[2025-01-28 02:48:20,489][src.data.cancer_sim.dataset][INFO] - Processing train dataset before training
[2025-01-28 02:48:21,413][src.data.cancer_sim.dataset][INFO] - Shape of processed train data: {'cancer_volume': (10000, 60), 'chemo_dosage': (10000, 60), 'radio_dosage': (10000, 60), 'chemo_application': (10000, 60), 'radio_application': (10000, 60), 'chemo_probabilities': (10000, 60), 'radio_probabilities': (10000, 60), 'sequence_lengths': (10000,), 'death_flags': (10000, 60), 'recovery_flags': (10000, 60), 'patient_types': (10000,), 'prev_treatments': (10000, 59, 4), 'current_treatments': (10000, 59, 4), 'current_covariates': (10000, 59, 2), 'outputs': (10000, 59, 1), 'active_entries': (10000, 59, 1), 'unscaled_outputs': (10000, 59, 1), 'prev_outputs': (10000, 59, 1), 'static_features': (10000, 1)}
[2025-01-28 02:48:21,413][src.data.cancer_sim.dataset][INFO] - Processing val dataset before training
[2025-01-28 02:48:21,506][src.data.cancer_sim.dataset][INFO] - Shape of processed val data: {'cancer_volume': (1000, 60), 'chemo_dosage': (1000, 60), 'radio_dosage': (1000, 60), 'chemo_application': (1000, 60), 'radio_application': (1000, 60), 'chemo_probabilities': (1000, 60), 'radio_probabilities': (1000, 60), 'sequence_lengths': (1000,), 'death_flags': (1000, 60), 'recovery_flags': (1000, 60), 'patient_types': (1000,), 'prev_treatments': (1000, 59, 4), 'current_treatments': (1000, 59, 4), 'current_covariates': (1000, 59, 2), 'outputs': (1000, 59, 1), 'active_entries': (1000, 59, 1), 'unscaled_outputs': (1000, 59, 1), 'prev_outputs': (1000, 59, 1), 'static_features': (1000, 1)}
[2025-01-28 02:48:21,506][src.data.cancer_sim.dataset][INFO] - Processing test dataset before training
[2025-01-28 02:48:41,344][src.data.cancer_sim.dataset][INFO] - Shape of processed test data: {'cancer_volume': (228824, 60), 'chemo_application': (228824, 60), 'radio_application': (228824, 60), 'sequence_lengths': (228824,), 'patient_types': (228824,), 'prev_treatments': (228824, 59, 4), 'current_treatments': (228824, 59, 4), 'current_covariates': (228824, 59, 2), 'outputs': (228824, 59, 1), 'active_entries': (228824, 59, 1), 'unscaled_outputs': (228824, 59, 1), 'prev_outputs': (228824, 59, 1), 'static_features': (228824, 1)}
[2025-01-28 02:48:41,980][src.models.crn][INFO] - Input size of encoder: 6
[2025-01-28 03:15:55,161][src.models.time_varying_model][INFO] - RMSE calculation for val.
[2025-01-28 03:15:55,163][src.models.time_varying_model][INFO] - Predictions for val.
[2025-01-28 03:15:56,021][__main__][INFO] - Val normalised RMSE (all): 0.889769840422219; Val normalised RMSE (orig): 0.8823802409793224
[2025-01-28 03:15:56,022][src.models.time_varying_model][INFO] - RMSE calculation for test.
[2025-01-28 03:15:56,022][src.models.time_varying_model][INFO] - Predictions for test.
[2025-01-28 03:16:14,891][__main__][INFO] - Test normalised RMSE (all): 3.027091514361176; Test normalised RMSE (orig): 2.422865157954478; Test normalised RMSE (only counterfactual): 2.4539937126356643
[2025-01-28 03:16:14,970][src.models.crn][INFO] - Input size of decoder: 6
[2025-01-28 03:16:14,992][src.data.cancer_sim.dataset][INFO] - train Dataset already processed
[2025-01-28 03:16:14,993][src.data.cancer_sim.dataset][INFO] - val Dataset already processed
[2025-01-28 03:16:14,993][src.data.cancer_sim.dataset][INFO] - Processing test dataset before training
[2025-01-28 03:17:09,310][src.data.cancer_sim.dataset][INFO] - Shape of processed test data: {'cancer_volume': (563559, 65), 'chemo_application': (563559, 65), 'radio_application': (563559, 65), 'sequence_lengths': (563559,), 'patient_types': (563559,), 'patient_ids_all_trajectories': (563559,), 'patient_current_t': (563559,), 'prev_treatments': (563559, 64, 4), 'current_treatments': (563559, 64, 4), 'current_covariates': (563559, 64, 2), 'outputs': (563559, 64, 1), 'active_entries': (563559, 64, 1), 'unscaled_outputs': (563559, 64, 1), 'prev_outputs': (563559, 64, 1), 'static_features': (563559, 1)}
[2025-01-28 03:17:09,313][src.models.time_varying_model][INFO] - Balanced representations inference for train.
[2025-01-28 03:17:11,339][src.models.time_varying_model][INFO] - Balanced representations inference for val.
[2025-01-28 03:17:12,407][src.models.time_varying_model][INFO] - Balanced representations inference for test.
[2025-01-28 03:17:57,542][src.models.time_varying_model][INFO] - Predictions for test.
[2025-01-28 03:18:44,676][src.data.cancer_sim.dataset][INFO] - Processing train dataset before training (multiple sequences)
[2025-01-28 03:18:47,605][src.data.cancer_sim.dataset][INFO] - Shape of processed train data: {'init_state': (515057, 24), 'original_index': (515057,), 'active_encoder_r': (515057, 59), 'prev_treatments': (515057, 5, 4), 'current_treatments': (515057, 5, 4), 'current_covariates': (515057, 5, 2), 'prev_outputs': (515057, 5, 1), 'static_features': (515057, 1), 'outputs': (515057, 5, 1), 'sequence_lengths': (515057,), 'active_entries': (515057, 5, 1), 'unscaled_outputs': (515057, 5, 1)}
[2025-01-28 03:18:47,607][src.data.cancer_sim.dataset][INFO] - Processing val dataset before training (multiple sequences)
[2025-01-28 03:18:47,901][src.data.cancer_sim.dataset][INFO] - Shape of processed val data: {'init_state': (51859, 24), 'original_index': (51859,), 'active_encoder_r': (51859, 59), 'prev_treatments': (51859, 5, 4), 'current_treatments': (51859, 5, 4), 'current_covariates': (51859, 5, 2), 'prev_outputs': (51859, 5, 1), 'static_features': (51859, 1), 'outputs': (51859, 5, 1), 'sequence_lengths': (51859,), 'active_entries': (51859, 5, 1), 'unscaled_outputs': (51859, 5, 1)}
[2025-01-28 03:18:47,901][src.data.cancer_sim.dataset][INFO] - Processing test dataset before testing (multiple sequences)
[2025-01-28 03:18:56,620][src.data.cancer_sim.dataset][INFO] - Shape of processed test data: {'active_encoder_r': (563559, 59), 'prev_treatments': (563559, 5, 4), 'current_treatments': (563559, 5, 4), 'current_covariates': (563559, 5, 2), 'prev_outputs': (563559, 5, 1), 'static_features': (563559, 1), 'outputs': (563559, 5, 1), 'sequence_lengths': (563559,), 'active_entries': (563559, 5, 1), 'unscaled_outputs': (563559, 5, 1), 'patient_types': (563559,), 'patient_ids_all_trajectories': (563559,), 'patient_current_t': (563559,), 'init_state': (563559, 24)}
[2025-01-28 03:18:56,675][src.data.cancer_sim.dataset][INFO] - Processing test dataset before testing (autoregressive)
[2025-01-28 03:19:01,658][src.data.cancer_sim.dataset][INFO] - Shape of processed test data: {'current_covariates': (563559, 5, 2), 'prev_treatments': (563559, 5, 4), 'current_treatments': (563559, 5, 4), 'init_state': (563559, 24), 'active_encoder_r': (563559, 59), 'active_entries': (563559, 5, 1), 'prev_outputs': (563559, 5, 1), 'static_features': (563559, 1)}
[2025-01-28 03:28:34,216][src.models.time_varying_model][INFO] - RMSE calculation for val.
[2025-01-28 03:28:34,218][src.models.time_varying_model][INFO] - Predictions for val.
[2025-01-28 03:28:37,148][__main__][INFO] - Val normalised RMSE (all): 0.36207210087204056; Val normalised RMSE (orig): 0.3620721008720427
[2025-01-28 03:28:37,148][src.models.time_varying_model][INFO] - RMSE calculation for test.
[2025-01-28 03:28:37,149][src.models.time_varying_model][INFO] - Autoregressive Prediction for test.
[2025-01-28 03:28:37,152][src.models.time_varying_model][INFO] - t = 2
[2025-01-28 03:28:37,152][src.models.time_varying_model][INFO] - Predictions for test.
[2025-01-28 03:28:58,312][src.models.time_varying_model][INFO] - t = 3
[2025-01-28 03:28:58,313][src.models.time_varying_model][INFO] - Predictions for test.
[2025-01-28 03:29:20,290][src.models.time_varying_model][INFO] - t = 4
[2025-01-28 03:29:20,290][src.models.time_varying_model][INFO] - Predictions for test.
[2025-01-28 03:29:42,027][src.models.time_varying_model][INFO] - t = 5
[2025-01-28 03:29:42,028][src.models.time_varying_model][INFO] - Predictions for test.
[2025-01-28 03:30:04,377][src.models.time_varying_model][INFO] - t = 6
[2025-01-28 03:30:04,378][src.models.time_varying_model][INFO] - Predictions for test.
[2025-01-28 03:30:27,305][__main__][INFO] - Test normalised RMSE (n-step prediction): {'2-step': 1.8691143599393838, '3-step': 2.007355066443299, '4-step': 2.0749391189003, '5-step': 2.079042940290957, '6-step': 2.0316497684267287}
