[2025-01-27 18:51:03,065][__main__][INFO] - 
model:
  dim_treatments: 4
  dim_vitals: 0
  dim_static_features: 1
  dim_outcomes: 1
  name: MSM
  lag_features: 1
  propensity_treatment:
    _target_: src.models.msm.MSMPropensityTreatment
  propensity_history:
    _target_: src.models.msm.MSMPropensityHistory
  msm_regressor:
    _target_: src.models.msm.MSMRegressor
dataset:
  val_batch_size: 512
  treatment_mode: multilabel
  _target_: src.data.SyntheticCancerDatasetCollection
  name: tumor_generator
  coeff: 6.0
  chemo_coeff: 6.0
  radio_coeff: 6.0
  seed: 10
  random: false
  noise_percentage: 0.0
  num_patients:
    train: 10000
    val: 1000
    test: 1000
  window_size: 15
  lag: 0
  max_seq_length: 60
  projection_horizon: 5
  cf_seq_mode: sliding_treatment
exp:
  seed: 10
  gpus:
  - 0
  max_epochs: 100
  logging: true
  mlflow_uri: http://127.0.0.1:5000
  unscale_rmse: true
  percentage_rmse: true
  alpha: 1.0
  update_alpha: true
  alpha_rate: exp
  initial_balancing_method: null
  final_balancing_method: null
  bce_weight: false
  weights_ema: true
  beta: 0.99
  alpha_wass: 0.0001
  alpha_wass_epoch: false
  alpha_wass_growth: 0.001
  alpha_wass_max: 0.01

[2025-01-27 18:51:03,076][root][INFO] - Simulating initial volumes for stage I  with norm params: mu=1.72, sigma=4.7, lb=-0.6221218732608373, ub=-0.023523848418276528
[2025-01-27 18:51:03,077][root][INFO] - Simulating initial volumes for stage II  with norm params: mu=1.96, sigma=1.63, lb=-1.9410876100159118, ub=0.3711345751297772
[2025-01-27 18:51:03,078][root][INFO] - Simulating initial volumes for stage IIIA  with norm params: mu=1.91, sigma=9.4, lb=-0.33127370258786554, ub=0.06967546355973796
[2025-01-27 18:51:03,079][root][INFO] - Simulating initial volumes for stage IIIB  with norm params: mu=2.76, sigma=6.87, lb=-0.5769974969906748, ub=-0.02839165102452155
[2025-01-27 18:51:03,082][root][INFO] - Simulating initial volumes for stage IV  with norm params: mu=3.86, sigma=8.82, lb=-0.5741465764541877, ub=-0.14683113860980307
[2025-01-27 18:51:03,090][root][INFO] - Got correlated params for 4658 patients
[2025-01-27 18:51:03,095][root][INFO] - Got correlated params for 9338 patients
[2025-01-27 18:51:03,100][root][INFO] - Got correlated params for 13912 patients
[2025-01-27 18:51:03,107][root][INFO] - Simulating beta_c parameters
[2025-01-27 18:51:03,111][root][INFO] - Randomising outputs
[2025-01-27 18:51:21,004][root][INFO] - Simulating initial volumes for stage I  with norm params: mu=1.72, sigma=4.7, lb=-0.6221218732608373, ub=-0.023523848418276528
[2025-01-27 18:51:21,007][root][INFO] - Simulating initial volumes for stage II  with norm params: mu=1.96, sigma=1.63, lb=-1.9410876100159118, ub=0.3711345751297772
[2025-01-27 18:51:21,008][root][INFO] - Simulating initial volumes for stage IIIA  with norm params: mu=1.91, sigma=9.4, lb=-0.33127370258786554, ub=0.06967546355973796
[2025-01-27 18:51:21,008][root][INFO] - Simulating initial volumes for stage IIIB  with norm params: mu=2.76, sigma=6.87, lb=-0.5769974969906748, ub=-0.02839165102452155
[2025-01-27 18:51:21,009][root][INFO] - Simulating initial volumes for stage IV  with norm params: mu=3.86, sigma=8.82, lb=-0.5741465764541877, ub=-0.14683113860980307
[2025-01-27 18:51:21,011][root][INFO] - Got correlated params for 464 patients
[2025-01-27 18:51:21,012][root][INFO] - Got correlated params for 942 patients
[2025-01-27 18:51:21,013][root][INFO] - Got correlated params for 1398 patients
[2025-01-27 18:51:21,014][root][INFO] - Simulating beta_c parameters
[2025-01-27 18:51:21,015][root][INFO] - Randomising outputs
[2025-01-27 18:51:22,810][root][INFO] - Simulating initial volumes for stage I  with norm params: mu=1.72, sigma=4.7, lb=-0.6221218732608373, ub=-0.023523848418276528
[2025-01-27 18:51:22,811][root][INFO] - Simulating initial volumes for stage II  with norm params: mu=1.96, sigma=1.63, lb=-1.9410876100159118, ub=0.3711345751297772
[2025-01-27 18:51:22,812][root][INFO] - Simulating initial volumes for stage IIIA  with norm params: mu=1.91, sigma=9.4, lb=-0.33127370258786554, ub=0.06967546355973796
[2025-01-27 18:51:22,812][root][INFO] - Simulating initial volumes for stage IIIB  with norm params: mu=2.76, sigma=6.87, lb=-0.5769974969906748, ub=-0.02839165102452155
[2025-01-27 18:51:22,813][root][INFO] - Simulating initial volumes for stage IV  with norm params: mu=3.86, sigma=8.82, lb=-0.5741465764541877, ub=-0.14683113860980307
[2025-01-27 18:51:22,815][root][INFO] - Got correlated params for 491 patients
[2025-01-27 18:51:22,816][root][INFO] - Got correlated params for 936 patients
[2025-01-27 18:51:22,817][root][INFO] - Got correlated params for 1396 patients
[2025-01-27 18:51:22,818][root][INFO] - Simulating beta_c parameters
[2025-01-27 18:51:22,819][root][INFO] - Randomising outputs
[2025-01-27 18:51:29,208][root][INFO] - Simulating initial volumes for stage I  with norm params: mu=1.72, sigma=4.7, lb=-0.6221218732608373, ub=-0.023523848418276528
[2025-01-27 18:51:29,210][root][INFO] - Simulating initial volumes for stage II  with norm params: mu=1.96, sigma=1.63, lb=-1.9410876100159118, ub=0.3711345751297772
[2025-01-27 18:51:29,210][root][INFO] - Simulating initial volumes for stage IIIA  with norm params: mu=1.91, sigma=9.4, lb=-0.33127370258786554, ub=0.06967546355973796
[2025-01-27 18:51:29,211][root][INFO] - Simulating initial volumes for stage IIIB  with norm params: mu=2.76, sigma=6.87, lb=-0.5769974969906748, ub=-0.02839165102452155
[2025-01-27 18:51:29,212][root][INFO] - Simulating initial volumes for stage IV  with norm params: mu=3.86, sigma=8.82, lb=-0.5741465764541877, ub=-0.14683113860980307
[2025-01-27 18:51:29,214][root][INFO] - Got correlated params for 434 patients
[2025-01-27 18:51:29,215][root][INFO] - Got correlated params for 874 patients
[2025-01-27 18:51:29,216][root][INFO] - Got correlated params for 1357 patients
[2025-01-27 18:51:29,217][root][INFO] - Simulating beta_c parameters
[2025-01-27 18:51:29,218][root][INFO] - Randomising outputs
[2025-01-27 18:51:58,911][src.data.cancer_sim.dataset][INFO] - Processing train dataset before training
[2025-01-27 18:51:58,951][src.data.cancer_sim.dataset][INFO] - Shape of processed train data: {'cancer_volume': (10000, 60), 'chemo_dosage': (10000, 60), 'radio_dosage': (10000, 60), 'chemo_application': (10000, 60), 'radio_application': (10000, 60), 'chemo_probabilities': (10000, 60), 'radio_probabilities': (10000, 60), 'sequence_lengths': (10000,), 'death_flags': (10000, 60), 'recovery_flags': (10000, 60), 'patient_types': (10000,), 'prev_treatments': (10000, 59, 2), 'current_treatments': (10000, 59, 2), 'current_covariates': (10000, 59, 2), 'outputs': (10000, 59, 1), 'active_entries': (10000, 59, 1), 'unscaled_outputs': (10000, 59, 1), 'prev_outputs': (10000, 59, 1), 'static_features': (10000, 1)}
[2025-01-27 18:51:58,951][src.data.cancer_sim.dataset][INFO] - Processing val dataset before training
[2025-01-27 18:51:58,955][src.data.cancer_sim.dataset][INFO] - Shape of processed val data: {'cancer_volume': (1000, 60), 'chemo_dosage': (1000, 60), 'radio_dosage': (1000, 60), 'chemo_application': (1000, 60), 'radio_application': (1000, 60), 'chemo_probabilities': (1000, 60), 'radio_probabilities': (1000, 60), 'sequence_lengths': (1000,), 'death_flags': (1000, 60), 'recovery_flags': (1000, 60), 'patient_types': (1000,), 'prev_treatments': (1000, 59, 2), 'current_treatments': (1000, 59, 2), 'current_covariates': (1000, 59, 2), 'outputs': (1000, 59, 1), 'active_entries': (1000, 59, 1), 'unscaled_outputs': (1000, 59, 1), 'prev_outputs': (1000, 59, 1), 'static_features': (1000, 1)}
[2025-01-27 18:51:58,955][src.data.cancer_sim.dataset][INFO] - Processing test dataset before training
[2025-01-27 18:51:59,791][src.data.cancer_sim.dataset][INFO] - Shape of processed test data: {'cancer_volume': (224868, 60), 'chemo_application': (224868, 60), 'radio_application': (224868, 60), 'sequence_lengths': (224868,), 'patient_types': (224868,), 'prev_treatments': (224868, 59, 2), 'current_treatments': (224868, 59, 2), 'current_covariates': (224868, 59, 2), 'outputs': (224868, 59, 1), 'active_entries': (224868, 59, 1), 'unscaled_outputs': (224868, 59, 1), 'prev_outputs': (224868, 59, 1), 'static_features': (224868, 1)}
[2025-01-27 18:51:59,791][src.data.cancer_sim.dataset][INFO] - Processing test dataset before training
[2025-01-27 18:52:01,779][src.data.cancer_sim.dataset][INFO] - Shape of processed test data: {'cancer_volume': (548744, 65), 'chemo_application': (548744, 65), 'radio_application': (548744, 65), 'sequence_lengths': (548744,), 'patient_types': (548744,), 'patient_ids_all_trajectories': (548744,), 'patient_current_t': (548744,), 'prev_treatments': (548744, 64, 2), 'current_treatments': (548744, 64, 2), 'current_covariates': (548744, 64, 2), 'outputs': (548744, 64, 1), 'active_entries': (548744, 64, 1), 'unscaled_outputs': (548744, 64, 1), 'prev_outputs': (548744, 64, 1), 'static_features': (548744, 1)}
[2025-01-27 18:52:01,781][src.data.cancer_sim.dataset][INFO] - Processing test dataset before testing (multiple sequences)
[2025-01-27 18:52:08,617][src.data.cancer_sim.dataset][INFO] - Shape of processed test data: {'active_encoder_r': (548744, 59), 'prev_treatments': (548744, 5, 2), 'current_treatments': (548744, 5, 2), 'current_covariates': (548744, 5, 2), 'prev_outputs': (548744, 5, 1), 'static_features': (548744, 1), 'outputs': (548744, 5, 1), 'sequence_lengths': (548744,), 'active_entries': (548744, 5, 1), 'unscaled_outputs': (548744, 5, 1), 'patient_types': (548744,), 'patient_ids_all_trajectories': (548744,), 'patient_current_t': (548744,)}
[2025-01-27 18:52:10,064][src.models.msm][INFO] - Input size of propensity_treatment: 2
[2025-01-27 18:52:11,006][src.data.cancer_sim.dataset][INFO] - Exploding train dataset before testing (multiple sequences)
[2025-01-27 18:52:14,485][src.data.cancer_sim.dataset][INFO] - Shape of processed train data: {'prev_treatments': (565421, 59, 2), 'current_treatments': (565421, 59, 2), 'static_features': (565421, 1), 'prev_outputs': (565421, 59, 1), 'outputs': (565421, 59, 1), 'unscaled_outputs': (565421, 59, 1), 'sequence_lengths': (565421,), 'active_entries': (565421, 59, 1)}
[2025-01-27 18:52:17,403][src.models.msm][INFO] - Input size of propensity_history: 4
[2025-01-27 18:52:17,906][src.data.cancer_sim.dataset][INFO] - Exploding train dataset before testing (multiple sequences)
[2025-01-27 18:52:21,392][src.data.cancer_sim.dataset][INFO] - Shape of processed train data: {'prev_treatments': (565421, 59, 2), 'current_treatments': (565421, 59, 2), 'static_features': (565421, 1), 'prev_outputs': (565421, 59, 1), 'outputs': (565421, 59, 1), 'unscaled_outputs': (565421, 59, 1), 'sequence_lengths': (565421,), 'active_entries': (565421, 59, 1)}
[2025-01-27 18:52:26,020][src.models.msm][INFO] - Input size of msm_regressor: 4
[2025-01-27 18:52:26,480][src.models.msm][INFO] - Propensity scores for train.
[2025-01-27 18:52:26,533][src.data.cancer_sim.dataset][INFO] - Exploding train dataset before testing (multiple sequences)
[2025-01-27 18:52:30,044][src.data.cancer_sim.dataset][INFO] - Shape of processed train data: {'prev_treatments': (580000, 59, 2), 'current_treatments': (580000, 59, 2), 'static_features': (580000, 1), 'prev_outputs': (580000, 59, 1), 'outputs': (580000, 59, 1), 'unscaled_outputs': (580000, 59, 1), 'sequence_lengths': (580000,), 'active_entries': (580000, 59, 1)}
[2025-01-27 18:52:31,099][src.models.msm][INFO] - Propensity scores for train.
[2025-01-27 18:52:31,143][src.data.cancer_sim.dataset][INFO] - Exploding train dataset before testing (multiple sequences)
[2025-01-27 18:52:34,743][src.data.cancer_sim.dataset][INFO] - Shape of processed train data: {'prev_treatments': (580000, 59, 2), 'current_treatments': (580000, 59, 2), 'static_features': (580000, 1), 'prev_outputs': (580000, 59, 1), 'outputs': (580000, 59, 1), 'unscaled_outputs': (580000, 59, 1), 'sequence_lengths': (580000,), 'active_entries': (580000, 59, 1)}
[2025-01-27 18:52:36,418][src.data.cancer_sim.dataset][INFO] - Exploding train dataset before testing (multiple sequences)
[2025-01-27 18:52:40,350][src.data.cancer_sim.dataset][INFO] - Shape of processed train data: {'prev_treatments': (565421, 59, 2), 'current_treatments': (565421, 59, 2), 'static_features': (565421, 1), 'prev_outputs': (565421, 59, 1), 'outputs': (565421, 59, 1), 'unscaled_outputs': (565421, 59, 1), 'sequence_lengths': (565421,), 'active_entries': (565421, 59, 1), 'stabilized_weights': (565421, 59)}
[2025-01-27 18:52:43,656][src.data.cancer_sim.dataset][INFO] - Exploding train dataset before testing (multiple sequences)
[2025-01-27 18:52:47,501][src.data.cancer_sim.dataset][INFO] - Shape of processed train data: {'prev_treatments': (555433, 59, 2), 'current_treatments': (555433, 59, 2), 'static_features': (555433, 1), 'prev_outputs': (555433, 59, 1), 'outputs': (555433, 59, 1), 'unscaled_outputs': (555433, 59, 1), 'sequence_lengths': (555433,), 'active_entries': (555433, 59, 1), 'stabilized_weights': (555433, 59)}
[2025-01-27 18:52:51,003][src.data.cancer_sim.dataset][INFO] - Exploding train dataset before testing (multiple sequences)
[2025-01-27 18:52:54,799][src.data.cancer_sim.dataset][INFO] - Shape of processed train data: {'prev_treatments': (545527, 59, 2), 'current_treatments': (545527, 59, 2), 'static_features': (545527, 1), 'prev_outputs': (545527, 59, 1), 'outputs': (545527, 59, 1), 'unscaled_outputs': (545527, 59, 1), 'sequence_lengths': (545527,), 'active_entries': (545527, 59, 1), 'stabilized_weights': (545527, 59)}
[2025-01-27 18:52:58,242][src.data.cancer_sim.dataset][INFO] - Exploding train dataset before testing (multiple sequences)
[2025-01-27 18:53:01,927][src.data.cancer_sim.dataset][INFO] - Shape of processed train data: {'prev_treatments': (535658, 59, 2), 'current_treatments': (535658, 59, 2), 'static_features': (535658, 1), 'prev_outputs': (535658, 59, 1), 'outputs': (535658, 59, 1), 'unscaled_outputs': (535658, 59, 1), 'sequence_lengths': (535658,), 'active_entries': (535658, 59, 1), 'stabilized_weights': (535658, 59)}
[2025-01-27 18:53:05,326][src.data.cancer_sim.dataset][INFO] - Exploding train dataset before testing (multiple sequences)
[2025-01-27 18:53:09,039][src.data.cancer_sim.dataset][INFO] - Shape of processed train data: {'prev_treatments': (525817, 59, 2), 'current_treatments': (525817, 59, 2), 'static_features': (525817, 1), 'prev_outputs': (525817, 59, 1), 'outputs': (525817, 59, 1), 'unscaled_outputs': (525817, 59, 1), 'sequence_lengths': (525817,), 'active_entries': (525817, 59, 1), 'stabilized_weights': (525817, 59)}
[2025-01-27 18:53:12,408][src.data.cancer_sim.dataset][INFO] - Exploding train dataset before testing (multiple sequences)
[2025-01-27 18:53:16,005][src.data.cancer_sim.dataset][INFO] - Shape of processed train data: {'prev_treatments': (515994, 59, 2), 'current_treatments': (515994, 59, 2), 'static_features': (515994, 1), 'prev_outputs': (515994, 59, 1), 'outputs': (515994, 59, 1), 'unscaled_outputs': (515994, 59, 1), 'sequence_lengths': (515994,), 'active_entries': (515994, 59, 1), 'stabilized_weights': (515994, 59)}
[2025-01-27 18:53:19,494][src.models.time_varying_model][INFO] - RMSE calculation for test.
[2025-01-27 18:53:19,494][src.models.msm][INFO] - Predictions for test.
[2025-01-27 18:53:20,239][src.data.cancer_sim.dataset][INFO] - Exploding test dataset before testing (multiple sequences)
[2025-01-27 18:53:23,812][src.data.cancer_sim.dataset][INFO] - Shape of processed test data: {'prev_treatments': (580000, 59, 2), 'current_treatments': (580000, 59, 2), 'static_features': (580000, 1), 'prev_outputs': (580000, 59, 1), 'outputs': (580000, 59, 1), 'unscaled_outputs': (580000, 59, 1), 'sequence_lengths': (580000,), 'active_entries': (580000, 59, 1)}
[2025-01-27 18:53:27,024][src.data.cancer_sim.dataset][INFO] - Exploding test dataset before testing (multiple sequences)
[2025-01-27 18:53:30,597][src.data.cancer_sim.dataset][INFO] - Shape of processed test data: {'prev_treatments': (580000, 59, 2), 'current_treatments': (580000, 59, 2), 'static_features': (580000, 1), 'prev_outputs': (580000, 59, 1), 'outputs': (580000, 59, 1), 'unscaled_outputs': (580000, 59, 1), 'sequence_lengths': (580000,), 'active_entries': (580000, 59, 1)}
[2025-01-27 18:53:34,077][src.data.cancer_sim.dataset][INFO] - Exploding test dataset before testing (multiple sequences)
[2025-01-27 18:53:37,695][src.data.cancer_sim.dataset][INFO] - Shape of processed test data: {'prev_treatments': (580000, 59, 2), 'current_treatments': (580000, 59, 2), 'static_features': (580000, 1), 'prev_outputs': (580000, 59, 1), 'outputs': (580000, 59, 1), 'unscaled_outputs': (580000, 59, 1), 'sequence_lengths': (580000,), 'active_entries': (580000, 59, 1)}
[2025-01-27 18:53:41,066][src.data.cancer_sim.dataset][INFO] - Exploding test dataset before testing (multiple sequences)
[2025-01-27 18:53:44,669][src.data.cancer_sim.dataset][INFO] - Shape of processed test data: {'prev_treatments': (580000, 59, 2), 'current_treatments': (580000, 59, 2), 'static_features': (580000, 1), 'prev_outputs': (580000, 59, 1), 'outputs': (580000, 59, 1), 'unscaled_outputs': (580000, 59, 1), 'sequence_lengths': (580000,), 'active_entries': (580000, 59, 1)}
[2025-01-27 18:53:48,092][src.data.cancer_sim.dataset][INFO] - Exploding test dataset before testing (multiple sequences)
[2025-01-27 18:53:51,675][src.data.cancer_sim.dataset][INFO] - Shape of processed test data: {'prev_treatments': (580000, 59, 2), 'current_treatments': (580000, 59, 2), 'static_features': (580000, 1), 'prev_outputs': (580000, 59, 1), 'outputs': (580000, 59, 1), 'unscaled_outputs': (580000, 59, 1), 'sequence_lengths': (580000,), 'active_entries': (580000, 59, 1)}
[2025-01-27 18:53:55,003][src.data.cancer_sim.dataset][INFO] - Exploding test dataset before testing (multiple sequences)
[2025-01-27 18:53:58,591][src.data.cancer_sim.dataset][INFO] - Shape of processed test data: {'prev_treatments': (580000, 59, 2), 'current_treatments': (580000, 59, 2), 'static_features': (580000, 1), 'prev_outputs': (580000, 59, 1), 'outputs': (580000, 59, 1), 'unscaled_outputs': (580000, 59, 1), 'sequence_lengths': (580000,), 'active_entries': (580000, 59, 1)}
[2025-01-27 18:54:01,923][src.data.cancer_sim.dataset][INFO] - Exploding test dataset before testing (multiple sequences)
[2025-01-27 18:54:05,520][src.data.cancer_sim.dataset][INFO] - Shape of processed test data: {'prev_treatments': (580000, 59, 2), 'current_treatments': (580000, 59, 2), 'static_features': (580000, 1), 'prev_outputs': (580000, 59, 1), 'outputs': (580000, 59, 1), 'unscaled_outputs': (580000, 59, 1), 'sequence_lengths': (580000,), 'active_entries': (580000, 59, 1)}
[2025-01-27 18:54:08,970][src.data.cancer_sim.dataset][INFO] - Exploding test dataset before testing (multiple sequences)
[2025-01-27 18:54:12,557][src.data.cancer_sim.dataset][INFO] - Shape of processed test data: {'prev_treatments': (580000, 59, 2), 'current_treatments': (580000, 59, 2), 'static_features': (580000, 1), 'prev_outputs': (580000, 59, 1), 'outputs': (580000, 59, 1), 'unscaled_outputs': (580000, 59, 1), 'sequence_lengths': (580000,), 'active_entries': (580000, 59, 1)}
[2025-01-27 18:54:15,966][src.data.cancer_sim.dataset][INFO] - Exploding test dataset before testing (multiple sequences)
[2025-01-27 18:54:19,546][src.data.cancer_sim.dataset][INFO] - Shape of processed test data: {'prev_treatments': (580000, 59, 2), 'current_treatments': (580000, 59, 2), 'static_features': (580000, 1), 'prev_outputs': (580000, 59, 1), 'outputs': (580000, 59, 1), 'unscaled_outputs': (580000, 59, 1), 'sequence_lengths': (580000,), 'active_entries': (580000, 59, 1)}
[2025-01-27 18:54:22,987][src.data.cancer_sim.dataset][INFO] - Exploding test dataset before testing (multiple sequences)
[2025-01-27 18:54:26,572][src.data.cancer_sim.dataset][INFO] - Shape of processed test data: {'prev_treatments': (580000, 59, 2), 'current_treatments': (580000, 59, 2), 'static_features': (580000, 1), 'prev_outputs': (580000, 59, 1), 'outputs': (580000, 59, 1), 'unscaled_outputs': (580000, 59, 1), 'sequence_lengths': (580000,), 'active_entries': (580000, 59, 1)}
[2025-01-27 18:54:30,022][src.data.cancer_sim.dataset][INFO] - Exploding test dataset before testing (multiple sequences)
[2025-01-27 18:54:33,592][src.data.cancer_sim.dataset][INFO] - Shape of processed test data: {'prev_treatments': (580000, 59, 2), 'current_treatments': (580000, 59, 2), 'static_features': (580000, 1), 'prev_outputs': (580000, 59, 1), 'outputs': (580000, 59, 1), 'unscaled_outputs': (580000, 59, 1), 'sequence_lengths': (580000,), 'active_entries': (580000, 59, 1)}
[2025-01-27 18:54:37,029][src.data.cancer_sim.dataset][INFO] - Exploding test dataset before testing (multiple sequences)
[2025-01-27 18:54:40,605][src.data.cancer_sim.dataset][INFO] - Shape of processed test data: {'prev_treatments': (580000, 59, 2), 'current_treatments': (580000, 59, 2), 'static_features': (580000, 1), 'prev_outputs': (580000, 59, 1), 'outputs': (580000, 59, 1), 'unscaled_outputs': (580000, 59, 1), 'sequence_lengths': (580000,), 'active_entries': (580000, 59, 1)}
[2025-01-27 18:54:44,044][src.data.cancer_sim.dataset][INFO] - Exploding test dataset before testing (multiple sequences)
[2025-01-27 18:54:47,617][src.data.cancer_sim.dataset][INFO] - Shape of processed test data: {'prev_treatments': (580000, 59, 2), 'current_treatments': (580000, 59, 2), 'static_features': (580000, 1), 'prev_outputs': (580000, 59, 1), 'outputs': (580000, 59, 1), 'unscaled_outputs': (580000, 59, 1), 'sequence_lengths': (580000,), 'active_entries': (580000, 59, 1)}
[2025-01-27 18:54:51,065][src.data.cancer_sim.dataset][INFO] - Exploding test dataset before testing (multiple sequences)
[2025-01-27 18:54:54,658][src.data.cancer_sim.dataset][INFO] - Shape of processed test data: {'prev_treatments': (580000, 59, 2), 'current_treatments': (580000, 59, 2), 'static_features': (580000, 1), 'prev_outputs': (580000, 59, 1), 'outputs': (580000, 59, 1), 'unscaled_outputs': (580000, 59, 1), 'sequence_lengths': (580000,), 'active_entries': (580000, 59, 1)}
[2025-01-27 18:54:58,105][src.data.cancer_sim.dataset][INFO] - Exploding test dataset before testing (multiple sequences)
[2025-01-27 18:55:01,720][src.data.cancer_sim.dataset][INFO] - Shape of processed test data: {'prev_treatments': (580000, 59, 2), 'current_treatments': (580000, 59, 2), 'static_features': (580000, 1), 'prev_outputs': (580000, 59, 1), 'outputs': (580000, 59, 1), 'unscaled_outputs': (580000, 59, 1), 'sequence_lengths': (580000,), 'active_entries': (580000, 59, 1)}
[2025-01-27 18:55:05,130][src.data.cancer_sim.dataset][INFO] - Exploding test dataset before testing (multiple sequences)
[2025-01-27 18:55:08,685][src.data.cancer_sim.dataset][INFO] - Shape of processed test data: {'prev_treatments': (580000, 59, 2), 'current_treatments': (580000, 59, 2), 'static_features': (580000, 1), 'prev_outputs': (580000, 59, 1), 'outputs': (580000, 59, 1), 'unscaled_outputs': (580000, 59, 1), 'sequence_lengths': (580000,), 'active_entries': (580000, 59, 1)}
[2025-01-27 18:55:12,134][src.data.cancer_sim.dataset][INFO] - Exploding test dataset before testing (multiple sequences)
[2025-01-27 18:55:15,703][src.data.cancer_sim.dataset][INFO] - Shape of processed test data: {'prev_treatments': (580000, 59, 2), 'current_treatments': (580000, 59, 2), 'static_features': (580000, 1), 'prev_outputs': (580000, 59, 1), 'outputs': (580000, 59, 1), 'unscaled_outputs': (580000, 59, 1), 'sequence_lengths': (580000,), 'active_entries': (580000, 59, 1)}
[2025-01-27 18:55:19,176][src.data.cancer_sim.dataset][INFO] - Exploding test dataset before testing (multiple sequences)
[2025-01-27 18:55:22,755][src.data.cancer_sim.dataset][INFO] - Shape of processed test data: {'prev_treatments': (580000, 59, 2), 'current_treatments': (580000, 59, 2), 'static_features': (580000, 1), 'prev_outputs': (580000, 59, 1), 'outputs': (580000, 59, 1), 'unscaled_outputs': (580000, 59, 1), 'sequence_lengths': (580000,), 'active_entries': (580000, 59, 1)}
[2025-01-27 18:55:26,147][src.data.cancer_sim.dataset][INFO] - Exploding test dataset before testing (multiple sequences)
[2025-01-27 18:55:29,736][src.data.cancer_sim.dataset][INFO] - Shape of processed test data: {'prev_treatments': (580000, 59, 2), 'current_treatments': (580000, 59, 2), 'static_features': (580000, 1), 'prev_outputs': (580000, 59, 1), 'outputs': (580000, 59, 1), 'unscaled_outputs': (580000, 59, 1), 'sequence_lengths': (580000,), 'active_entries': (580000, 59, 1)}
[2025-01-27 18:55:33,177][src.data.cancer_sim.dataset][INFO] - Exploding test dataset before testing (multiple sequences)
[2025-01-27 18:55:36,788][src.data.cancer_sim.dataset][INFO] - Shape of processed test data: {'prev_treatments': (580000, 59, 2), 'current_treatments': (580000, 59, 2), 'static_features': (580000, 1), 'prev_outputs': (580000, 59, 1), 'outputs': (580000, 59, 1), 'unscaled_outputs': (580000, 59, 1), 'sequence_lengths': (580000,), 'active_entries': (580000, 59, 1)}
[2025-01-27 18:55:40,293][src.data.cancer_sim.dataset][INFO] - Exploding test dataset before testing (multiple sequences)
[2025-01-27 18:55:43,895][src.data.cancer_sim.dataset][INFO] - Shape of processed test data: {'prev_treatments': (580000, 59, 2), 'current_treatments': (580000, 59, 2), 'static_features': (580000, 1), 'prev_outputs': (580000, 59, 1), 'outputs': (580000, 59, 1), 'unscaled_outputs': (580000, 59, 1), 'sequence_lengths': (580000,), 'active_entries': (580000, 59, 1)}
[2025-01-27 18:55:47,279][src.data.cancer_sim.dataset][INFO] - Exploding test dataset before testing (multiple sequences)
[2025-01-27 18:55:50,879][src.data.cancer_sim.dataset][INFO] - Shape of processed test data: {'prev_treatments': (580000, 59, 2), 'current_treatments': (580000, 59, 2), 'static_features': (580000, 1), 'prev_outputs': (580000, 59, 1), 'outputs': (580000, 59, 1), 'unscaled_outputs': (580000, 59, 1), 'sequence_lengths': (580000,), 'active_entries': (580000, 59, 1)}
[2025-01-27 18:55:54,307][src.data.cancer_sim.dataset][INFO] - Exploding test dataset before testing (multiple sequences)
[2025-01-27 18:55:56,044][src.data.cancer_sim.dataset][INFO] - Shape of processed test data: {'prev_treatments': (282344, 59, 2), 'current_treatments': (282344, 59, 2), 'static_features': (282344, 1), 'prev_outputs': (282344, 59, 1), 'outputs': (282344, 59, 1), 'unscaled_outputs': (282344, 59, 1), 'sequence_lengths': (282344,), 'active_entries': (282344, 59, 1)}
[2025-01-27 18:55:57,942][__main__][INFO] - Test normalised RMSE (all): 3.6218216713565123; Test normalised RMSE (orig): 3.205340244051368; Test normalised RMSE (only counterfactual): 2.829737776816227
[2025-01-27 18:55:57,974][src.models.time_varying_model][INFO] - RMSE calculation for test.
[2025-01-27 18:55:57,974][src.models.msm][INFO] - Autoregressive Prediction for test.
[2025-01-27 18:56:13,737][__main__][INFO] - Test normalised RMSE (n-step prediction): {'2-step': 2.933729704920574, '3-step': 2.6284123332602576, '4-step': 2.637935986650163, '5-step': 2.5229222199838497, '6-step': 2.1694094008962734}
