[2025-01-27 07:36:34,187][__main__][INFO] - 
model:
  dim_treatments: 4
  dim_vitals: 0
  dim_static_features: 1
  dim_outcomes: 1
  name: CRN
  encoder:
    _target_: src.models.crn.CRNEncoder
    seq_hidden_units: 24
    br_size: 18
    fc_hidden_units: 36
    dropout_rate: 0.1
    num_layer: 1
    batch_size: 256
    optimizer:
      optimizer_cls: adam
      learning_rate: 0.001
      weight_decay: 0.0
      lr_scheduler: false
    tune_hparams: false
    tune_range: 50
    hparams_grid: null
    resources_per_trial: null
  train_decoder: true
  decoder:
    _target_: src.models.crn.CRNDecoder
    seq_hidden_units: null
    br_size: 24
    fc_hidden_units: 12
    dropout_rate: 0.1
    num_layer: 1
    batch_size: 1024
    optimizer:
      optimizer_cls: adam
      learning_rate: 0.001
      weight_decay: 0.0
      lr_scheduler: false
    tune_hparams: false
    tune_range: 30
    hparams_grid: null
    resources_per_trial: null
dataset:
  val_batch_size: 512
  treatment_mode: multiclass
  _target_: src.data.SyntheticCancerDatasetCollection
  name: tumor_generator
  coeff: 1.0
  chemo_coeff: 1.0
  radio_coeff: 1.0
  seed: 10
  random: true
  noise_percentage: 0.005
  num_patients:
    train: 10000
    val: 1000
    test: 1000
  window_size: 15
  lag: 0
  max_seq_length: 60
  projection_horizon: 5
  cf_seq_mode: sliding_treatment
exp:
  seed: 10
  gpus:
  - 0
  max_epochs: 140
  logging: true
  mlflow_uri: http://127.0.0.1:5000
  unscale_rmse: true
  percentage_rmse: true
  alpha: 0.01
  update_alpha: true
  alpha_rate: exp
  initial_balancing_method: grad_reverse
  final_balancing_method: subgroup
  bce_weight: false
  weights_ema: false
  beta: 0.99
  alpha_wass: 0.0001
  alpha_wass_epoch: false
  alpha_wass_growth: 0.001
  alpha_wass_max: 0.01
  balancing: grad_reverse
  balancing_switch_epoch: 99
  gap_epoch: 10
  clustering_method: GMM
  number_clusters: 2
  num_timepoints: 59
  checkpoint_dir: ./checkpoints/cancer/crn/1

[2025-01-27 07:36:34,213][root][INFO] - Simulating initial volumes for stage I  with norm params: mu=1.72, sigma=4.7, lb=-0.6221218732608373, ub=-0.023523848418276528
[2025-01-27 07:36:34,221][root][INFO] - Simulating initial volumes for stage II  with norm params: mu=1.96, sigma=1.63, lb=-1.9410876100159118, ub=0.3711345751297772
[2025-01-27 07:36:34,223][root][INFO] - Simulating initial volumes for stage IIIA  with norm params: mu=1.91, sigma=9.4, lb=-0.33127370258786554, ub=0.06967546355973796
[2025-01-27 07:36:34,224][root][INFO] - Simulating initial volumes for stage IIIB  with norm params: mu=2.76, sigma=6.87, lb=-0.5769974969906748, ub=-0.02839165102452155
[2025-01-27 07:36:34,226][root][INFO] - Simulating initial volumes for stage IV  with norm params: mu=3.86, sigma=8.82, lb=-0.5741465764541877, ub=-0.14683113860980307
[2025-01-27 07:36:34,252][root][INFO] - Got correlated params for 4658 patients
[2025-01-27 07:36:34,256][root][INFO] - Got correlated params for 9338 patients
[2025-01-27 07:36:34,261][root][INFO] - Got correlated params for 13912 patients
[2025-01-27 07:36:34,269][root][INFO] - Simulating beta_c parameters
[2025-01-27 07:36:34,274][root][INFO] - Randomising outputs
[2025-01-27 07:36:34,656][__main__][INFO] - 
model:
  dim_treatments: 4
  dim_vitals: 0
  dim_static_features: 1
  dim_outcomes: 1
  name: CRN
  encoder:
    _target_: src.models.crn.CRNEncoder
    seq_hidden_units: 24
    br_size: 18
    fc_hidden_units: 36
    dropout_rate: 0.1
    num_layer: 1
    batch_size: 512
    optimizer:
      optimizer_cls: adam
      learning_rate: 0.001
      weight_decay: 0.0
      lr_scheduler: false
    tune_hparams: false
    tune_range: 50
    hparams_grid: null
    resources_per_trial: null
  train_decoder: true
  decoder:
    _target_: src.models.crn.CRNDecoder
    seq_hidden_units: null
    br_size: 24
    fc_hidden_units: 12
    dropout_rate: 0.1
    num_layer: 1
    batch_size: 1024
    optimizer:
      optimizer_cls: adam
      learning_rate: 0.001
      weight_decay: 0.0
      lr_scheduler: false
    tune_hparams: false
    tune_range: 30
    hparams_grid: null
    resources_per_trial: null
dataset:
  val_batch_size: 512
  treatment_mode: multiclass
  _target_: src.data.SyntheticCancerDatasetCollection
  name: tumor_generator
  coeff: 1.0
  chemo_coeff: 1.0
  radio_coeff: 1.0
  seed: 10
  random: true
  noise_percentage: 0.005
  num_patients:
    train: 10000
    val: 1000
    test: 1000
  window_size: 15
  lag: 0
  max_seq_length: 60
  projection_horizon: 5
  cf_seq_mode: sliding_treatment
exp:
  seed: 10
  gpus:
  - 0
  max_epochs: 140
  logging: true
  mlflow_uri: http://127.0.0.1:5000
  unscale_rmse: true
  percentage_rmse: true
  alpha: 0.01
  update_alpha: true
  alpha_rate: exp
  initial_balancing_method: grad_reverse
  final_balancing_method: subgroup
  bce_weight: false
  weights_ema: false
  beta: 0.99
  alpha_wass: 0.0001
  alpha_wass_epoch: false
  alpha_wass_growth: 0.001
  alpha_wass_max: 0.01
  balancing: grad_reverse
  balancing_switch_epoch: 99
  gap_epoch: 10
  clustering_method: GMM
  number_clusters: 2
  num_timepoints: 59
  checkpoint_dir: ./checkpoints/cancer/crn/1

[2025-01-27 07:36:34,666][root][INFO] - Simulating initial volumes for stage I  with norm params: mu=1.72, sigma=4.7, lb=-0.6221218732608373, ub=-0.023523848418276528
[2025-01-27 07:36:34,668][root][INFO] - Simulating initial volumes for stage II  with norm params: mu=1.96, sigma=1.63, lb=-1.9410876100159118, ub=0.3711345751297772
[2025-01-27 07:36:34,669][root][INFO] - Simulating initial volumes for stage IIIA  with norm params: mu=1.91, sigma=9.4, lb=-0.33127370258786554, ub=0.06967546355973796
[2025-01-27 07:36:34,670][root][INFO] - Simulating initial volumes for stage IIIB  with norm params: mu=2.76, sigma=6.87, lb=-0.5769974969906748, ub=-0.02839165102452155
[2025-01-27 07:36:34,672][root][INFO] - Simulating initial volumes for stage IV  with norm params: mu=3.86, sigma=8.82, lb=-0.5741465764541877, ub=-0.14683113860980307
[2025-01-27 07:36:34,681][root][INFO] - Got correlated params for 4658 patients
[2025-01-27 07:36:34,686][root][INFO] - Got correlated params for 9338 patients
[2025-01-27 07:36:34,691][root][INFO] - Got correlated params for 13912 patients
[2025-01-27 07:36:34,698][root][INFO] - Simulating beta_c parameters
[2025-01-27 07:36:34,703][root][INFO] - Randomising outputs
[2025-01-27 07:36:49,322][src.data.cancer_sim.dataset][INFO] - Processing train dataset before training
[2025-01-27 07:36:50,406][src.data.cancer_sim.dataset][INFO] - Shape of processed train data: {'cancer_volume': (10000, 60), 'chemo_dosage': (10000, 60), 'radio_dosage': (10000, 60), 'chemo_application': (10000, 60), 'radio_application': (10000, 60), 'chemo_probabilities': (10000, 60), 'radio_probabilities': (10000, 60), 'sequence_lengths': (10000,), 'death_flags': (10000, 60), 'recovery_flags': (10000, 60), 'patient_types': (10000,), 'prev_treatments': (10000, 59, 4), 'current_treatments': (10000, 59, 4), 'current_covariates': (10000, 59, 2), 'outputs': (10000, 59, 1), 'active_entries': (10000, 59, 1), 'unscaled_outputs': (10000, 59, 1), 'prev_outputs': (10000, 59, 1), 'static_features': (10000, 1)}
[2025-01-27 07:36:50,423][root][INFO] - Simulating initial volumes for stage I  with norm params: mu=1.72, sigma=4.7, lb=-0.6221218732608373, ub=-0.023523848418276528
[2025-01-27 07:36:50,424][root][INFO] - Simulating initial volumes for stage II  with norm params: mu=1.96, sigma=1.63, lb=-1.9410876100159118, ub=0.3711345751297772
[2025-01-27 07:36:50,424][root][INFO] - Simulating initial volumes for stage IIIA  with norm params: mu=1.91, sigma=9.4, lb=-0.33127370258786554, ub=0.06967546355973796
[2025-01-27 07:36:50,425][root][INFO] - Simulating initial volumes for stage IIIB  with norm params: mu=2.76, sigma=6.87, lb=-0.5769974969906748, ub=-0.02839165102452155
[2025-01-27 07:36:50,426][root][INFO] - Simulating initial volumes for stage IV  with norm params: mu=3.86, sigma=8.82, lb=-0.5741465764541877, ub=-0.14683113860980307
[2025-01-27 07:36:50,428][root][INFO] - Got correlated params for 499 patients
[2025-01-27 07:36:50,429][root][INFO] - Got correlated params for 982 patients
[2025-01-27 07:36:50,430][root][INFO] - Got correlated params for 1434 patients
[2025-01-27 07:36:50,431][root][INFO] - Simulating beta_c parameters
[2025-01-27 07:36:50,432][root][INFO] - Randomising outputs
[2025-01-27 07:36:51,850][root][INFO] - Simulating initial volumes for stage I  with norm params: mu=1.72, sigma=4.7, lb=-0.6221218732608373, ub=-0.023523848418276528
[2025-01-27 07:36:51,851][root][INFO] - Simulating initial volumes for stage II  with norm params: mu=1.96, sigma=1.63, lb=-1.9410876100159118, ub=0.3711345751297772
[2025-01-27 07:36:51,851][root][INFO] - Simulating initial volumes for stage IIIA  with norm params: mu=1.91, sigma=9.4, lb=-0.33127370258786554, ub=0.06967546355973796
[2025-01-27 07:36:51,852][root][INFO] - Simulating initial volumes for stage IIIB  with norm params: mu=2.76, sigma=6.87, lb=-0.5769974969906748, ub=-0.02839165102452155
[2025-01-27 07:36:51,853][root][INFO] - Simulating initial volumes for stage IV  with norm params: mu=3.86, sigma=8.82, lb=-0.5741465764541877, ub=-0.14683113860980307
[2025-01-27 07:36:51,855][root][INFO] - Got correlated params for 494 patients
[2025-01-27 07:36:51,855][root][INFO] - Got correlated params for 937 patients
[2025-01-27 07:36:51,856][root][INFO] - Got correlated params for 1397 patients
[2025-01-27 07:36:51,857][root][INFO] - Simulating beta_c parameters
[2025-01-27 07:36:51,858][root][INFO] - Randomising outputs
[2025-01-27 07:36:51,924][src.data.cancer_sim.dataset][INFO] - Processing train dataset before training
[2025-01-27 07:36:53,010][src.data.cancer_sim.dataset][INFO] - Shape of processed train data: {'cancer_volume': (10000, 60), 'chemo_dosage': (10000, 60), 'radio_dosage': (10000, 60), 'chemo_application': (10000, 60), 'radio_application': (10000, 60), 'chemo_probabilities': (10000, 60), 'radio_probabilities': (10000, 60), 'sequence_lengths': (10000,), 'death_flags': (10000, 60), 'recovery_flags': (10000, 60), 'patient_types': (10000,), 'prev_treatments': (10000, 59, 4), 'current_treatments': (10000, 59, 4), 'current_covariates': (10000, 59, 2), 'outputs': (10000, 59, 1), 'active_entries': (10000, 59, 1), 'unscaled_outputs': (10000, 59, 1), 'prev_outputs': (10000, 59, 1), 'static_features': (10000, 1)}
[2025-01-27 07:36:53,025][root][INFO] - Simulating initial volumes for stage I  with norm params: mu=1.72, sigma=4.7, lb=-0.6221218732608373, ub=-0.023523848418276528
[2025-01-27 07:36:53,026][root][INFO] - Simulating initial volumes for stage II  with norm params: mu=1.96, sigma=1.63, lb=-1.9410876100159118, ub=0.3711345751297772
[2025-01-27 07:36:53,027][root][INFO] - Simulating initial volumes for stage IIIA  with norm params: mu=1.91, sigma=9.4, lb=-0.33127370258786554, ub=0.06967546355973796
[2025-01-27 07:36:53,028][root][INFO] - Simulating initial volumes for stage IIIB  with norm params: mu=2.76, sigma=6.87, lb=-0.5769974969906748, ub=-0.02839165102452155
[2025-01-27 07:36:53,029][root][INFO] - Simulating initial volumes for stage IV  with norm params: mu=3.86, sigma=8.82, lb=-0.5741465764541877, ub=-0.14683113860980307
[2025-01-27 07:36:53,031][root][INFO] - Got correlated params for 499 patients
[2025-01-27 07:36:53,032][root][INFO] - Got correlated params for 982 patients
[2025-01-27 07:36:53,033][root][INFO] - Got correlated params for 1434 patients
[2025-01-27 07:36:53,034][root][INFO] - Simulating beta_c parameters
[2025-01-27 07:36:53,035][root][INFO] - Randomising outputs
[2025-01-27 07:36:54,679][root][INFO] - Simulating initial volumes for stage I  with norm params: mu=1.72, sigma=4.7, lb=-0.6221218732608373, ub=-0.023523848418276528
[2025-01-27 07:36:54,680][root][INFO] - Simulating initial volumes for stage II  with norm params: mu=1.96, sigma=1.63, lb=-1.9410876100159118, ub=0.3711345751297772
[2025-01-27 07:36:54,680][root][INFO] - Simulating initial volumes for stage IIIA  with norm params: mu=1.91, sigma=9.4, lb=-0.33127370258786554, ub=0.06967546355973796
[2025-01-27 07:36:54,681][root][INFO] - Simulating initial volumes for stage IIIB  with norm params: mu=2.76, sigma=6.87, lb=-0.5769974969906748, ub=-0.02839165102452155
[2025-01-27 07:36:54,682][root][INFO] - Simulating initial volumes for stage IV  with norm params: mu=3.86, sigma=8.82, lb=-0.5741465764541877, ub=-0.14683113860980307
[2025-01-27 07:36:54,683][root][INFO] - Got correlated params for 494 patients
[2025-01-27 07:36:54,684][root][INFO] - Got correlated params for 937 patients
[2025-01-27 07:36:54,685][root][INFO] - Got correlated params for 1397 patients
[2025-01-27 07:36:54,686][root][INFO] - Simulating beta_c parameters
[2025-01-27 07:36:54,687][root][INFO] - Randomising outputs
[2025-01-27 07:36:57,056][root][INFO] - Simulating initial volumes for stage I  with norm params: mu=1.72, sigma=4.7, lb=-0.6221218732608373, ub=-0.023523848418276528
[2025-01-27 07:36:57,058][root][INFO] - Simulating initial volumes for stage II  with norm params: mu=1.96, sigma=1.63, lb=-1.9410876100159118, ub=0.3711345751297772
[2025-01-27 07:36:57,059][root][INFO] - Simulating initial volumes for stage IIIA  with norm params: mu=1.91, sigma=9.4, lb=-0.33127370258786554, ub=0.06967546355973796
[2025-01-27 07:36:57,059][root][INFO] - Simulating initial volumes for stage IIIB  with norm params: mu=2.76, sigma=6.87, lb=-0.5769974969906748, ub=-0.02839165102452155
[2025-01-27 07:36:57,060][root][INFO] - Simulating initial volumes for stage IV  with norm params: mu=3.86, sigma=8.82, lb=-0.5741465764541877, ub=-0.14683113860980307
[2025-01-27 07:36:57,062][root][INFO] - Got correlated params for 434 patients
[2025-01-27 07:36:57,063][root][INFO] - Got correlated params for 874 patients
[2025-01-27 07:36:57,064][root][INFO] - Got correlated params for 1357 patients
[2025-01-27 07:36:57,065][root][INFO] - Simulating beta_c parameters
[2025-01-27 07:36:57,066][root][INFO] - Randomising outputs
[2025-01-27 07:37:00,648][root][INFO] - Simulating initial volumes for stage I  with norm params: mu=1.72, sigma=4.7, lb=-0.6221218732608373, ub=-0.023523848418276528
[2025-01-27 07:37:00,650][root][INFO] - Simulating initial volumes for stage II  with norm params: mu=1.96, sigma=1.63, lb=-1.9410876100159118, ub=0.3711345751297772
[2025-01-27 07:37:00,650][root][INFO] - Simulating initial volumes for stage IIIA  with norm params: mu=1.91, sigma=9.4, lb=-0.33127370258786554, ub=0.06967546355973796
[2025-01-27 07:37:00,651][root][INFO] - Simulating initial volumes for stage IIIB  with norm params: mu=2.76, sigma=6.87, lb=-0.5769974969906748, ub=-0.02839165102452155
[2025-01-27 07:37:00,652][root][INFO] - Simulating initial volumes for stage IV  with norm params: mu=3.86, sigma=8.82, lb=-0.5741465764541877, ub=-0.14683113860980307
[2025-01-27 07:37:00,654][root][INFO] - Got correlated params for 434 patients
[2025-01-27 07:37:00,655][root][INFO] - Got correlated params for 874 patients
[2025-01-27 07:37:00,655][root][INFO] - Got correlated params for 1357 patients
[2025-01-27 07:37:00,656][root][INFO] - Simulating beta_c parameters
[2025-01-27 07:37:00,657][root][INFO] - Randomising outputs
[2025-01-27 07:37:21,280][src.data.cancer_sim.dataset][INFO] - train Dataset already processed
[2025-01-27 07:37:21,281][src.data.cancer_sim.dataset][INFO] - Processing val dataset before training
[2025-01-27 07:37:21,389][src.data.cancer_sim.dataset][INFO] - Shape of processed val data: {'cancer_volume': (1000, 60), 'chemo_dosage': (1000, 60), 'radio_dosage': (1000, 60), 'chemo_application': (1000, 60), 'radio_application': (1000, 60), 'chemo_probabilities': (1000, 60), 'radio_probabilities': (1000, 60), 'sequence_lengths': (1000,), 'death_flags': (1000, 60), 'recovery_flags': (1000, 60), 'patient_types': (1000,), 'prev_treatments': (1000, 59, 4), 'current_treatments': (1000, 59, 4), 'current_covariates': (1000, 59, 2), 'outputs': (1000, 59, 1), 'active_entries': (1000, 59, 1), 'unscaled_outputs': (1000, 59, 1), 'prev_outputs': (1000, 59, 1), 'static_features': (1000, 1)}
[2025-01-27 07:37:21,389][src.data.cancer_sim.dataset][INFO] - Processing test dataset before training
[2025-01-27 07:37:28,431][src.data.cancer_sim.dataset][INFO] - train Dataset already processed
[2025-01-27 07:37:28,432][src.data.cancer_sim.dataset][INFO] - Processing val dataset before training
[2025-01-27 07:37:28,540][src.data.cancer_sim.dataset][INFO] - Shape of processed val data: {'cancer_volume': (1000, 60), 'chemo_dosage': (1000, 60), 'radio_dosage': (1000, 60), 'chemo_application': (1000, 60), 'radio_application': (1000, 60), 'chemo_probabilities': (1000, 60), 'radio_probabilities': (1000, 60), 'sequence_lengths': (1000,), 'death_flags': (1000, 60), 'recovery_flags': (1000, 60), 'patient_types': (1000,), 'prev_treatments': (1000, 59, 4), 'current_treatments': (1000, 59, 4), 'current_covariates': (1000, 59, 2), 'outputs': (1000, 59, 1), 'active_entries': (1000, 59, 1), 'unscaled_outputs': (1000, 59, 1), 'prev_outputs': (1000, 59, 1), 'static_features': (1000, 1)}
[2025-01-27 07:37:28,540][src.data.cancer_sim.dataset][INFO] - Processing test dataset before training
[2025-01-27 07:37:41,682][src.data.cancer_sim.dataset][INFO] - Shape of processed test data: {'cancer_volume': (215584, 60), 'chemo_application': (215584, 60), 'radio_application': (215584, 60), 'sequence_lengths': (215584,), 'patient_types': (215584,), 'prev_treatments': (215584, 59, 4), 'current_treatments': (215584, 59, 4), 'current_covariates': (215584, 59, 2), 'outputs': (215584, 59, 1), 'active_entries': (215584, 59, 1), 'unscaled_outputs': (215584, 59, 1), 'prev_outputs': (215584, 59, 1), 'static_features': (215584, 1)}
[2025-01-27 07:37:42,215][src.models.crn][INFO] - Input size of encoder: 6
[2025-01-27 07:37:48,760][src.data.cancer_sim.dataset][INFO] - Shape of processed test data: {'cancer_volume': (215584, 60), 'chemo_application': (215584, 60), 'radio_application': (215584, 60), 'sequence_lengths': (215584,), 'patient_types': (215584,), 'prev_treatments': (215584, 59, 4), 'current_treatments': (215584, 59, 4), 'current_covariates': (215584, 59, 2), 'outputs': (215584, 59, 1), 'active_entries': (215584, 59, 1), 'unscaled_outputs': (215584, 59, 1), 'prev_outputs': (215584, 59, 1), 'static_features': (215584, 1)}
[2025-01-27 07:37:49,187][src.models.crn][INFO] - Input size of encoder: 6
[2025-01-27 07:49:29,639][src.models.time_varying_model][INFO] - RMSE calculation for val.
[2025-01-27 07:49:29,640][src.models.time_varying_model][INFO] - Predictions for val.
[2025-01-27 07:49:30,257][__main__][INFO] - Val normalised RMSE (all): 0.7182228866892933; Val normalised RMSE (orig): 0.6942507578673953
[2025-01-27 07:49:30,257][src.models.time_varying_model][INFO] - RMSE calculation for test.
[2025-01-27 07:49:30,257][src.models.time_varying_model][INFO] - Predictions for test.
[2025-01-27 07:49:47,458][__main__][INFO] - Test normalised RMSE (all): 0.8764863357307233; Test normalised RMSE (orig): 0.6231300816053986; Test normalised RMSE (only counterfactual): 0.7411189470741135
[2025-01-27 07:49:47,522][src.models.crn][INFO] - Input size of decoder: 6
[2025-01-27 07:49:47,553][src.data.cancer_sim.dataset][INFO] - train Dataset already processed
[2025-01-27 07:49:47,553][src.data.cancer_sim.dataset][INFO] - val Dataset already processed
[2025-01-27 07:49:47,553][src.data.cancer_sim.dataset][INFO] - Processing test dataset before training
[2025-01-27 07:50:43,402][src.data.cancer_sim.dataset][INFO] - Shape of processed test data: {'cancer_volume': (540611, 65), 'chemo_application': (540611, 65), 'radio_application': (540611, 65), 'sequence_lengths': (540611,), 'patient_types': (540611,), 'patient_ids_all_trajectories': (540611,), 'patient_current_t': (540611,), 'prev_treatments': (540611, 64, 4), 'current_treatments': (540611, 64, 4), 'current_covariates': (540611, 64, 2), 'outputs': (540611, 64, 1), 'active_entries': (540611, 64, 1), 'unscaled_outputs': (540611, 64, 1), 'prev_outputs': (540611, 64, 1), 'static_features': (540611, 1)}
[2025-01-27 07:50:43,405][src.models.time_varying_model][INFO] - Balanced representations inference for train.
[2025-01-27 07:50:44,830][src.models.time_varying_model][INFO] - Balanced representations inference for val.
[2025-01-27 07:50:45,399][src.models.time_varying_model][INFO] - Balanced representations inference for test.
[2025-01-27 07:51:23,019][src.models.time_varying_model][INFO] - Predictions for test.
[2025-01-27 07:52:01,535][src.data.cancer_sim.dataset][INFO] - Processing train dataset before training (multiple sequences)
[2025-01-27 07:52:04,273][src.data.cancer_sim.dataset][INFO] - Shape of processed train data: {'init_state': (489999, 18), 'original_index': (489999,), 'active_encoder_r': (489999, 59), 'prev_treatments': (489999, 5, 4), 'current_treatments': (489999, 5, 4), 'current_covariates': (489999, 5, 2), 'prev_outputs': (489999, 5, 1), 'static_features': (489999, 1), 'outputs': (489999, 5, 1), 'sequence_lengths': (489999,), 'active_entries': (489999, 5, 1), 'unscaled_outputs': (489999, 5, 1)}
[2025-01-27 07:52:04,275][src.data.cancer_sim.dataset][INFO] - Processing val dataset before training (multiple sequences)
[2025-01-27 07:52:04,551][src.data.cancer_sim.dataset][INFO] - Shape of processed val data: {'init_state': (48829, 18), 'original_index': (48829,), 'active_encoder_r': (48829, 59), 'prev_treatments': (48829, 5, 4), 'current_treatments': (48829, 5, 4), 'current_covariates': (48829, 5, 2), 'prev_outputs': (48829, 5, 1), 'static_features': (48829, 1), 'outputs': (48829, 5, 1), 'sequence_lengths': (48829,), 'active_entries': (48829, 5, 1), 'unscaled_outputs': (48829, 5, 1)}
[2025-01-27 07:52:04,551][src.data.cancer_sim.dataset][INFO] - Processing test dataset before testing (multiple sequences)
[2025-01-27 07:52:12,813][src.data.cancer_sim.dataset][INFO] - Shape of processed test data: {'active_encoder_r': (540611, 59), 'prev_treatments': (540611, 5, 4), 'current_treatments': (540611, 5, 4), 'current_covariates': (540611, 5, 2), 'prev_outputs': (540611, 5, 1), 'static_features': (540611, 1), 'outputs': (540611, 5, 1), 'sequence_lengths': (540611,), 'active_entries': (540611, 5, 1), 'unscaled_outputs': (540611, 5, 1), 'patient_types': (540611,), 'patient_ids_all_trajectories': (540611,), 'patient_current_t': (540611,), 'init_state': (540611, 18)}
[2025-01-27 07:52:12,868][src.data.cancer_sim.dataset][INFO] - Processing test dataset before testing (autoregressive)
[2025-01-27 07:52:17,088][src.data.cancer_sim.dataset][INFO] - Shape of processed test data: {'current_covariates': (540611, 5, 2), 'prev_treatments': (540611, 5, 4), 'current_treatments': (540611, 5, 4), 'init_state': (540611, 18), 'active_encoder_r': (540611, 59), 'active_entries': (540611, 5, 1), 'prev_outputs': (540611, 5, 1), 'static_features': (540611, 1)}
[2025-01-27 07:54:11,508][src.models.time_varying_model][INFO] - RMSE calculation for val.
[2025-01-27 07:54:11,508][src.models.time_varying_model][INFO] - Predictions for val.
[2025-01-27 07:54:12,010][__main__][INFO] - Val normalised RMSE (all): 0.7154957655329355; Val normalised RMSE (orig): 0.6916667129585177
[2025-01-27 07:54:12,010][src.models.time_varying_model][INFO] - RMSE calculation for test.
[2025-01-27 07:54:12,010][src.models.time_varying_model][INFO] - Predictions for test.
[2025-01-27 07:54:24,772][__main__][INFO] - Test normalised RMSE (all): 0.8744697540015082; Test normalised RMSE (orig): 0.6212491041655913; Test normalised RMSE (only counterfactual): 0.7419895867884978
[2025-01-27 07:54:24,828][src.models.crn][INFO] - Input size of decoder: 6
[2025-01-27 07:54:24,845][src.data.cancer_sim.dataset][INFO] - train Dataset already processed
[2025-01-27 07:54:24,845][src.data.cancer_sim.dataset][INFO] - val Dataset already processed
[2025-01-27 07:54:24,845][src.data.cancer_sim.dataset][INFO] - Processing test dataset before training
[2025-01-27 07:55:19,627][src.data.cancer_sim.dataset][INFO] - Shape of processed test data: {'cancer_volume': (540611, 65), 'chemo_application': (540611, 65), 'radio_application': (540611, 65), 'sequence_lengths': (540611,), 'patient_types': (540611,), 'patient_ids_all_trajectories': (540611,), 'patient_current_t': (540611,), 'prev_treatments': (540611, 64, 4), 'current_treatments': (540611, 64, 4), 'current_covariates': (540611, 64, 2), 'outputs': (540611, 64, 1), 'active_entries': (540611, 64, 1), 'unscaled_outputs': (540611, 64, 1), 'prev_outputs': (540611, 64, 1), 'static_features': (540611, 1)}
[2025-01-27 07:55:19,630][src.models.time_varying_model][INFO] - Balanced representations inference for train.
[2025-01-27 07:55:20,845][src.models.time_varying_model][INFO] - Balanced representations inference for val.
[2025-01-27 07:55:21,339][src.models.time_varying_model][INFO] - Balanced representations inference for test.
[2025-01-27 07:55:53,078][src.models.time_varying_model][INFO] - Predictions for test.
[2025-01-27 07:56:25,832][src.data.cancer_sim.dataset][INFO] - Processing train dataset before training (multiple sequences)
[2025-01-27 07:56:28,516][src.data.cancer_sim.dataset][INFO] - Shape of processed train data: {'init_state': (489999, 18), 'original_index': (489999,), 'active_encoder_r': (489999, 59), 'prev_treatments': (489999, 5, 4), 'current_treatments': (489999, 5, 4), 'current_covariates': (489999, 5, 2), 'prev_outputs': (489999, 5, 1), 'static_features': (489999, 1), 'outputs': (489999, 5, 1), 'sequence_lengths': (489999,), 'active_entries': (489999, 5, 1), 'unscaled_outputs': (489999, 5, 1)}
[2025-01-27 07:56:28,517][src.data.cancer_sim.dataset][INFO] - Processing val dataset before training (multiple sequences)
[2025-01-27 07:56:28,787][src.data.cancer_sim.dataset][INFO] - Shape of processed val data: {'init_state': (48829, 18), 'original_index': (48829,), 'active_encoder_r': (48829, 59), 'prev_treatments': (48829, 5, 4), 'current_treatments': (48829, 5, 4), 'current_covariates': (48829, 5, 2), 'prev_outputs': (48829, 5, 1), 'static_features': (48829, 1), 'outputs': (48829, 5, 1), 'sequence_lengths': (48829,), 'active_entries': (48829, 5, 1), 'unscaled_outputs': (48829, 5, 1)}
[2025-01-27 07:56:28,788][src.data.cancer_sim.dataset][INFO] - Processing test dataset before testing (multiple sequences)
[2025-01-27 07:56:36,043][src.data.cancer_sim.dataset][INFO] - Shape of processed test data: {'active_encoder_r': (540611, 59), 'prev_treatments': (540611, 5, 4), 'current_treatments': (540611, 5, 4), 'current_covariates': (540611, 5, 2), 'prev_outputs': (540611, 5, 1), 'static_features': (540611, 1), 'outputs': (540611, 5, 1), 'sequence_lengths': (540611,), 'active_entries': (540611, 5, 1), 'unscaled_outputs': (540611, 5, 1), 'patient_types': (540611,), 'patient_ids_all_trajectories': (540611,), 'patient_current_t': (540611,), 'init_state': (540611, 18)}
[2025-01-27 07:56:36,100][src.data.cancer_sim.dataset][INFO] - Processing test dataset before testing (autoregressive)
[2025-01-27 07:56:40,431][src.data.cancer_sim.dataset][INFO] - Shape of processed test data: {'current_covariates': (540611, 5, 2), 'prev_treatments': (540611, 5, 4), 'current_treatments': (540611, 5, 4), 'init_state': (540611, 18), 'active_encoder_r': (540611, 59), 'active_entries': (540611, 5, 1), 'prev_outputs': (540611, 5, 1), 'static_features': (540611, 1)}
[2025-01-27 08:55:30,526][src.models.time_varying_model][INFO] - RMSE calculation for val.
[2025-01-27 08:55:30,528][src.models.time_varying_model][INFO] - Predictions for val.
[2025-01-27 08:55:32,536][__main__][INFO] - Val normalised RMSE (all): 0.3732131952855325; Val normalised RMSE (orig): 0.3732131952855331
[2025-01-27 08:55:32,537][src.models.time_varying_model][INFO] - RMSE calculation for test.
[2025-01-27 08:55:32,537][src.models.time_varying_model][INFO] - Autoregressive Prediction for test.
[2025-01-27 08:55:32,548][src.models.time_varying_model][INFO] - t = 2
[2025-01-27 08:55:32,548][src.models.time_varying_model][INFO] - Predictions for test.
[2025-01-27 08:55:47,054][src.models.time_varying_model][INFO] - t = 3
[2025-01-27 08:55:47,054][src.models.time_varying_model][INFO] - Predictions for test.
[2025-01-27 08:56:01,523][src.models.time_varying_model][INFO] - t = 4
[2025-01-27 08:56:01,524][src.models.time_varying_model][INFO] - Predictions for test.
[2025-01-27 08:56:16,006][src.models.time_varying_model][INFO] - t = 5
[2025-01-27 08:56:16,008][src.models.time_varying_model][INFO] - Predictions for test.
[2025-01-27 08:56:30,496][src.models.time_varying_model][INFO] - t = 6
[2025-01-27 08:56:30,496][src.models.time_varying_model][INFO] - Predictions for test.
[2025-01-27 08:56:41,548][src.models.time_varying_model][INFO] - RMSE calculation for val.
[2025-01-27 08:56:41,548][src.models.time_varying_model][INFO] - Predictions for val.
[2025-01-27 08:56:44,000][__main__][INFO] - Val normalised RMSE (all): 0.37420739404459746; Val normalised RMSE (orig): 0.37420739404459846
[2025-01-27 08:56:44,000][src.models.time_varying_model][INFO] - RMSE calculation for test.
[2025-01-27 08:56:44,001][src.models.time_varying_model][INFO] - Autoregressive Prediction for test.
[2025-01-27 08:56:44,011][src.models.time_varying_model][INFO] - t = 2
[2025-01-27 08:56:44,011][src.models.time_varying_model][INFO] - Predictions for test.
[2025-01-27 08:56:46,770][__main__][INFO] - Test normalised RMSE (n-step prediction): {'2-step': 0.6463459807007911, '3-step': 0.667895829747161, '4-step': 0.6843031189022688, '5-step': 0.7040860234775734, '6-step': 0.7212633953591999}
[2025-01-27 08:57:02,115][src.models.time_varying_model][INFO] - t = 3
[2025-01-27 08:57:02,115][src.models.time_varying_model][INFO] - Predictions for test.
[2025-01-27 08:57:20,059][src.models.time_varying_model][INFO] - t = 4
[2025-01-27 08:57:20,059][src.models.time_varying_model][INFO] - Predictions for test.
[2025-01-27 08:57:38,187][src.models.time_varying_model][INFO] - t = 5
[2025-01-27 08:57:38,188][src.models.time_varying_model][INFO] - Predictions for test.
[2025-01-27 08:57:56,293][src.models.time_varying_model][INFO] - t = 6
[2025-01-27 08:57:56,293][src.models.time_varying_model][INFO] - Predictions for test.
[2025-01-27 08:58:16,062][__main__][INFO] - Test normalised RMSE (n-step prediction): {'2-step': 0.6484621338178189, '3-step': 0.6661605061316128, '4-step': 0.6812454732553306, '5-step': 0.6999783225186758, '6-step': 0.71538030693709}
