[2025-01-27 05:44:57,288][__main__][INFO] - 
model:
  dim_treatments: 4
  dim_vitals: 0
  dim_static_features: 1
  dim_outcomes: 1
  name: CRN
  encoder:
    _target_: src.models.crn.CRNEncoder
    seq_hidden_units: 24
    br_size: 24
    fc_hidden_units: 96
    dropout_rate: 0.2
    num_layer: 1
    batch_size: 256
    optimizer:
      optimizer_cls: adam
      learning_rate: 0.001
      weight_decay: 0.0
      lr_scheduler: false
    tune_hparams: false
    tune_range: 50
    hparams_grid: null
    resources_per_trial: null
  train_decoder: true
  decoder:
    _target_: src.models.crn.CRNDecoder
    seq_hidden_units: null
    br_size: 24
    fc_hidden_units: 12
    dropout_rate: 0.1
    num_layer: 1
    batch_size: 1024
    optimizer:
      optimizer_cls: adam
      learning_rate: 0.001
      weight_decay: 0.0
      lr_scheduler: false
    tune_hparams: false
    tune_range: 30
    hparams_grid: null
    resources_per_trial: null
dataset:
  val_batch_size: 512
  treatment_mode: multiclass
  _target_: src.data.SyntheticCancerDatasetCollection
  name: tumor_generator
  coeff: 2.0
  chemo_coeff: 2.0
  radio_coeff: 2.0
  seed: 10
  random: true
  noise_percentage: 0.0
  num_patients:
    train: 10000
    val: 1000
    test: 1000
  window_size: 15
  lag: 0
  max_seq_length: 60
  projection_horizon: 5
  cf_seq_mode: sliding_treatment
exp:
  seed: 10
  gpus:
  - 0
  max_epochs: 130
  logging: true
  mlflow_uri: http://127.0.0.1:5005
  unscale_rmse: true
  percentage_rmse: true
  alpha: 0.01
  update_alpha: true
  alpha_rate: exp
  initial_balancing_method: grad_reverse
  final_balancing_method: subgroup
  bce_weight: false
  weights_ema: false
  beta: 0.99
  alpha_wass: 0.0001
  alpha_wass_epoch: false
  alpha_wass_growth: 0.001
  alpha_wass_max: 0.01
  balancing: grad_reverse
  balancing_switch_epoch: 99
  gap_epoch: 10
  clustering_method: GMM
  number_clusters: 2
  num_timepoints: 59
  checkpoint_dir: ./checkpoints/cancer/crn/2

[2025-01-27 05:44:57,303][root][INFO] - Simulating initial volumes for stage I  with norm params: mu=1.72, sigma=4.7, lb=-0.6221218732608373, ub=-0.023523848418276528
[2025-01-27 05:44:57,304][root][INFO] - Simulating initial volumes for stage II  with norm params: mu=1.96, sigma=1.63, lb=-1.9410876100159118, ub=0.3711345751297772
[2025-01-27 05:44:57,305][root][INFO] - Simulating initial volumes for stage IIIA  with norm params: mu=1.91, sigma=9.4, lb=-0.33127370258786554, ub=0.06967546355973796
[2025-01-27 05:44:57,306][root][INFO] - Simulating initial volumes for stage IIIB  with norm params: mu=2.76, sigma=6.87, lb=-0.5769974969906748, ub=-0.02839165102452155
[2025-01-27 05:44:57,308][root][INFO] - Simulating initial volumes for stage IV  with norm params: mu=3.86, sigma=8.82, lb=-0.5741465764541877, ub=-0.14683113860980307
[2025-01-27 05:44:57,317][root][INFO] - Got correlated params for 4658 patients
[2025-01-27 05:44:57,322][root][INFO] - Got correlated params for 9338 patients
[2025-01-27 05:44:57,326][root][INFO] - Got correlated params for 13912 patients
[2025-01-27 05:44:57,333][root][INFO] - Simulating beta_c parameters
[2025-01-27 05:44:57,338][root][INFO] - Randomising outputs
[2025-01-27 05:45:15,335][src.data.cancer_sim.dataset][INFO] - Processing train dataset before training
[2025-01-27 05:45:16,362][src.data.cancer_sim.dataset][INFO] - Shape of processed train data: {'cancer_volume': (10000, 60), 'chemo_dosage': (10000, 60), 'radio_dosage': (10000, 60), 'chemo_application': (10000, 60), 'radio_application': (10000, 60), 'chemo_probabilities': (10000, 60), 'radio_probabilities': (10000, 60), 'sequence_lengths': (10000,), 'death_flags': (10000, 60), 'recovery_flags': (10000, 60), 'patient_types': (10000,), 'prev_treatments': (10000, 59, 4), 'current_treatments': (10000, 59, 4), 'current_covariates': (10000, 59, 2), 'outputs': (10000, 59, 1), 'active_entries': (10000, 59, 1), 'unscaled_outputs': (10000, 59, 1), 'prev_outputs': (10000, 59, 1), 'static_features': (10000, 1)}
[2025-01-27 05:45:16,378][root][INFO] - Simulating initial volumes for stage I  with norm params: mu=1.72, sigma=4.7, lb=-0.6221218732608373, ub=-0.023523848418276528
[2025-01-27 05:45:16,379][root][INFO] - Simulating initial volumes for stage II  with norm params: mu=1.96, sigma=1.63, lb=-1.9410876100159118, ub=0.3711345751297772
[2025-01-27 05:45:16,380][root][INFO] - Simulating initial volumes for stage IIIA  with norm params: mu=1.91, sigma=9.4, lb=-0.33127370258786554, ub=0.06967546355973796
[2025-01-27 05:45:16,380][root][INFO] - Simulating initial volumes for stage IIIB  with norm params: mu=2.76, sigma=6.87, lb=-0.5769974969906748, ub=-0.02839165102452155
[2025-01-27 05:45:16,381][root][INFO] - Simulating initial volumes for stage IV  with norm params: mu=3.86, sigma=8.82, lb=-0.5741465764541877, ub=-0.14683113860980307
[2025-01-27 05:45:16,383][root][INFO] - Got correlated params for 499 patients
[2025-01-27 05:45:16,384][root][INFO] - Got correlated params for 982 patients
[2025-01-27 05:45:16,385][root][INFO] - Got correlated params for 1434 patients
[2025-01-27 05:45:16,386][root][INFO] - Simulating beta_c parameters
[2025-01-27 05:45:16,387][root][INFO] - Randomising outputs
[2025-01-27 05:45:18,111][root][INFO] - Simulating initial volumes for stage I  with norm params: mu=1.72, sigma=4.7, lb=-0.6221218732608373, ub=-0.023523848418276528
[2025-01-27 05:45:18,112][root][INFO] - Simulating initial volumes for stage II  with norm params: mu=1.96, sigma=1.63, lb=-1.9410876100159118, ub=0.3711345751297772
[2025-01-27 05:45:18,113][root][INFO] - Simulating initial volumes for stage IIIA  with norm params: mu=1.91, sigma=9.4, lb=-0.33127370258786554, ub=0.06967546355973796
[2025-01-27 05:45:18,113][root][INFO] - Simulating initial volumes for stage IIIB  with norm params: mu=2.76, sigma=6.87, lb=-0.5769974969906748, ub=-0.02839165102452155
[2025-01-27 05:45:18,114][root][INFO] - Simulating initial volumes for stage IV  with norm params: mu=3.86, sigma=8.82, lb=-0.5741465764541877, ub=-0.14683113860980307
[2025-01-27 05:45:18,116][root][INFO] - Got correlated params for 494 patients
[2025-01-27 05:45:18,117][root][INFO] - Got correlated params for 937 patients
[2025-01-27 05:45:18,118][root][INFO] - Got correlated params for 1397 patients
[2025-01-27 05:45:18,119][root][INFO] - Simulating beta_c parameters
[2025-01-27 05:45:18,120][root][INFO] - Randomising outputs
[2025-01-27 05:45:24,358][root][INFO] - Simulating initial volumes for stage I  with norm params: mu=1.72, sigma=4.7, lb=-0.6221218732608373, ub=-0.023523848418276528
[2025-01-27 05:45:24,359][root][INFO] - Simulating initial volumes for stage II  with norm params: mu=1.96, sigma=1.63, lb=-1.9410876100159118, ub=0.3711345751297772
[2025-01-27 05:45:24,359][root][INFO] - Simulating initial volumes for stage IIIA  with norm params: mu=1.91, sigma=9.4, lb=-0.33127370258786554, ub=0.06967546355973796
[2025-01-27 05:45:24,360][root][INFO] - Simulating initial volumes for stage IIIB  with norm params: mu=2.76, sigma=6.87, lb=-0.5769974969906748, ub=-0.02839165102452155
[2025-01-27 05:45:24,361][root][INFO] - Simulating initial volumes for stage IV  with norm params: mu=3.86, sigma=8.82, lb=-0.5741465764541877, ub=-0.14683113860980307
[2025-01-27 05:45:24,362][root][INFO] - Got correlated params for 434 patients
[2025-01-27 05:45:24,363][root][INFO] - Got correlated params for 874 patients
[2025-01-27 05:45:24,364][root][INFO] - Got correlated params for 1357 patients
[2025-01-27 05:45:24,365][root][INFO] - Simulating beta_c parameters
[2025-01-27 05:45:24,366][root][INFO] - Randomising outputs
[2025-01-27 05:45:54,673][src.data.cancer_sim.dataset][INFO] - train Dataset already processed
[2025-01-27 05:45:54,673][src.data.cancer_sim.dataset][INFO] - Processing val dataset before training
[2025-01-27 05:45:54,775][src.data.cancer_sim.dataset][INFO] - Shape of processed val data: {'cancer_volume': (1000, 60), 'chemo_dosage': (1000, 60), 'radio_dosage': (1000, 60), 'chemo_application': (1000, 60), 'radio_application': (1000, 60), 'chemo_probabilities': (1000, 60), 'radio_probabilities': (1000, 60), 'sequence_lengths': (1000,), 'death_flags': (1000, 60), 'recovery_flags': (1000, 60), 'patient_types': (1000,), 'prev_treatments': (1000, 59, 4), 'current_treatments': (1000, 59, 4), 'current_covariates': (1000, 59, 2), 'outputs': (1000, 59, 1), 'active_entries': (1000, 59, 1), 'unscaled_outputs': (1000, 59, 1), 'prev_outputs': (1000, 59, 1), 'static_features': (1000, 1)}
[2025-01-27 05:45:54,776][src.data.cancer_sim.dataset][INFO] - Processing test dataset before training
[2025-01-27 05:46:15,359][src.data.cancer_sim.dataset][INFO] - Shape of processed test data: {'cancer_volume': (224132, 60), 'chemo_application': (224132, 60), 'radio_application': (224132, 60), 'sequence_lengths': (224132,), 'patient_types': (224132,), 'prev_treatments': (224132, 59, 4), 'current_treatments': (224132, 59, 4), 'current_covariates': (224132, 59, 2), 'outputs': (224132, 59, 1), 'active_entries': (224132, 59, 1), 'unscaled_outputs': (224132, 59, 1), 'prev_outputs': (224132, 59, 1), 'static_features': (224132, 1)}
[2025-01-27 05:46:15,818][src.models.crn][INFO] - Input size of encoder: 6
[2025-01-27 06:03:11,166][src.models.time_varying_model][INFO] - RMSE calculation for val.
[2025-01-27 06:03:11,167][src.models.time_varying_model][INFO] - Predictions for val.
[2025-01-27 06:03:11,769][__main__][INFO] - Val normalised RMSE (all): 0.7200335352483241; Val normalised RMSE (orig): 0.7053084340154422
[2025-01-27 06:03:11,769][src.models.time_varying_model][INFO] - RMSE calculation for test.
[2025-01-27 06:03:11,769][src.models.time_varying_model][INFO] - Predictions for test.
[2025-01-27 06:03:28,273][__main__][INFO] - Test normalised RMSE (all): 0.9527343431952632; Test normalised RMSE (orig): 0.6913992374930091; Test normalised RMSE (only counterfactual): 0.8206955658616732
[2025-01-27 06:03:28,337][src.models.crn][INFO] - Input size of decoder: 6
[2025-01-27 06:03:28,363][src.data.cancer_sim.dataset][INFO] - train Dataset already processed
[2025-01-27 06:03:28,363][src.data.cancer_sim.dataset][INFO] - val Dataset already processed
[2025-01-27 06:03:28,363][src.data.cancer_sim.dataset][INFO] - Processing test dataset before training
[2025-01-27 06:04:24,117][src.data.cancer_sim.dataset][INFO] - Shape of processed test data: {'cancer_volume': (556848, 65), 'chemo_application': (556848, 65), 'radio_application': (556848, 65), 'sequence_lengths': (556848,), 'patient_types': (556848,), 'patient_ids_all_trajectories': (556848,), 'patient_current_t': (556848,), 'prev_treatments': (556848, 64, 4), 'current_treatments': (556848, 64, 4), 'current_covariates': (556848, 64, 2), 'outputs': (556848, 64, 1), 'active_entries': (556848, 64, 1), 'unscaled_outputs': (556848, 64, 1), 'prev_outputs': (556848, 64, 1), 'static_features': (556848, 1)}
[2025-01-27 06:04:24,121][src.models.time_varying_model][INFO] - Balanced representations inference for train.
[2025-01-27 06:04:25,554][src.models.time_varying_model][INFO] - Balanced representations inference for val.
[2025-01-27 06:04:26,127][src.models.time_varying_model][INFO] - Balanced representations inference for test.
[2025-01-27 06:05:07,028][src.models.time_varying_model][INFO] - Predictions for test.
[2025-01-27 06:05:49,489][src.data.cancer_sim.dataset][INFO] - Processing train dataset before training (multiple sequences)
[2025-01-27 06:05:52,412][src.data.cancer_sim.dataset][INFO] - Shape of processed train data: {'init_state': (507446, 24), 'original_index': (507446,), 'active_encoder_r': (507446, 59), 'prev_treatments': (507446, 5, 4), 'current_treatments': (507446, 5, 4), 'current_covariates': (507446, 5, 2), 'prev_outputs': (507446, 5, 1), 'static_features': (507446, 1), 'outputs': (507446, 5, 1), 'sequence_lengths': (507446,), 'active_entries': (507446, 5, 1), 'unscaled_outputs': (507446, 5, 1)}
[2025-01-27 06:05:52,414][src.data.cancer_sim.dataset][INFO] - Processing val dataset before training (multiple sequences)
[2025-01-27 06:05:52,699][src.data.cancer_sim.dataset][INFO] - Shape of processed val data: {'init_state': (50374, 24), 'original_index': (50374,), 'active_encoder_r': (50374, 59), 'prev_treatments': (50374, 5, 4), 'current_treatments': (50374, 5, 4), 'current_covariates': (50374, 5, 2), 'prev_outputs': (50374, 5, 1), 'static_features': (50374, 1), 'outputs': (50374, 5, 1), 'sequence_lengths': (50374,), 'active_entries': (50374, 5, 1), 'unscaled_outputs': (50374, 5, 1)}
[2025-01-27 06:05:52,699][src.data.cancer_sim.dataset][INFO] - Processing test dataset before testing (multiple sequences)
[2025-01-27 06:06:01,096][src.data.cancer_sim.dataset][INFO] - Shape of processed test data: {'active_encoder_r': (556848, 59), 'prev_treatments': (556848, 5, 4), 'current_treatments': (556848, 5, 4), 'current_covariates': (556848, 5, 2), 'prev_outputs': (556848, 5, 1), 'static_features': (556848, 1), 'outputs': (556848, 5, 1), 'sequence_lengths': (556848,), 'active_entries': (556848, 5, 1), 'unscaled_outputs': (556848, 5, 1), 'patient_types': (556848,), 'patient_ids_all_trajectories': (556848,), 'patient_current_t': (556848,), 'init_state': (556848, 24)}
[2025-01-27 06:06:01,157][src.data.cancer_sim.dataset][INFO] - Processing test dataset before testing (autoregressive)
[2025-01-27 06:06:05,622][src.data.cancer_sim.dataset][INFO] - Shape of processed test data: {'current_covariates': (556848, 5, 2), 'prev_treatments': (556848, 5, 4), 'current_treatments': (556848, 5, 4), 'init_state': (556848, 24), 'active_encoder_r': (556848, 59), 'active_entries': (556848, 5, 1), 'prev_outputs': (556848, 5, 1), 'static_features': (556848, 1)}
[2025-01-27 06:20:23,089][src.models.time_varying_model][INFO] - RMSE calculation for val.
[2025-01-27 06:20:23,090][src.models.time_varying_model][INFO] - Predictions for val.
[2025-01-27 06:20:25,574][__main__][INFO] - Val normalised RMSE (all): 0.3231343523866483; Val normalised RMSE (orig): 0.323134352386649
[2025-01-27 06:20:25,574][src.models.time_varying_model][INFO] - RMSE calculation for test.
[2025-01-27 06:20:25,574][src.models.time_varying_model][INFO] - Autoregressive Prediction for test.
[2025-01-27 06:20:25,578][src.models.time_varying_model][INFO] - t = 2
[2025-01-27 06:20:25,579][src.models.time_varying_model][INFO] - Predictions for test.
[2025-01-27 06:20:44,074][src.models.time_varying_model][INFO] - t = 3
[2025-01-27 06:20:44,075][src.models.time_varying_model][INFO] - Predictions for test.
[2025-01-27 06:21:02,744][src.models.time_varying_model][INFO] - t = 4
[2025-01-27 06:21:02,745][src.models.time_varying_model][INFO] - Predictions for test.
[2025-01-27 06:21:21,497][src.models.time_varying_model][INFO] - t = 5
[2025-01-27 06:21:21,498][src.models.time_varying_model][INFO] - Predictions for test.
[2025-01-27 06:21:40,228][src.models.time_varying_model][INFO] - t = 6
[2025-01-27 06:21:40,228][src.models.time_varying_model][INFO] - Predictions for test.
[2025-01-27 06:22:00,606][__main__][INFO] - Test normalised RMSE (n-step prediction): {'2-step': 0.6860946092211678, '3-step': 0.710150141386327, '4-step': 0.7347901363480986, '5-step': 0.7711117872997086, '6-step': 0.8066030331945093}
