[2025-01-27 01:09:49,378][__main__][INFO] - 
model:
  dim_treatments: 4
  dim_vitals: 0
  dim_static_features: 1
  dim_outcomes: 1
  name: CT
  multi:
    _target_: src.models.ct.CT
    max_seq_length: 65
    seq_hidden_units: 48
    br_size: 16
    fc_hidden_units: 48
    dropout_rate: 0.1
    num_layer: 1
    num_heads: 2
    max_grad_norm: null
    batch_size: 256
    attn_dropout: true
    disable_cross_attention: false
    isolate_subnetwork: _
    self_positional_encoding:
      absolute: false
      trainable: true
      max_relative_position: 15
    optimizer:
      optimizer_cls: adam
      learning_rate: 0.01
      weight_decay: 0.0
      lr_scheduler: false
    augment_with_masked_vitals: true
    tune_hparams: false
    tune_range: 50
    hparams_grid: null
    resources_per_trial: null
  self_positional_encoding:
    max_relative_position: 15
dataset:
  val_batch_size: 512
  treatment_mode: multiclass
  _target_: src.data.SyntheticCancerDatasetCollection
  name: tumor_generator
  coeff: 6.0
  chemo_coeff: 6.0
  radio_coeff: 6.0
  seed: 10
  random: false
  noise_percentage: 0.0
  num_patients:
    train: 10000
    val: 1000
    test: 1000
  window_size: 15
  lag: 0
  max_seq_length: 60
  projection_horizon: 5
  cf_seq_mode: sliding_treatment
exp:
  seed: 10
  gpus:
  - 0
  max_epochs: 100
  logging: true
  mlflow_uri: http://127.0.0.1:5000
  unscale_rmse: true
  percentage_rmse: true
  alpha: 0.01
  update_alpha: true
  alpha_rate: exp
  initial_balancing_method: domain_confusion
  final_balancing_method: domain_confusion
  bce_weight: false
  weights_ema: true
  beta: 0.99
  alpha_wass: 0.0001
  alpha_wass_epoch: false
  alpha_wass_growth: 0.001
  alpha_wass_max: 0.01
  balancing_switch_epoch: 99
  clustering_method: GMM
  number_clusters: 2
  num_timepoints: 59
  gap_epoch: 60
  checkpoint_dir: ./checkpoints/cancer/ct/6

[2025-01-27 01:09:49,402][root][INFO] - Simulating initial volumes for stage I  with norm params: mu=1.72, sigma=4.7, lb=-0.6221218732608373, ub=-0.023523848418276528
[2025-01-27 01:09:49,410][root][INFO] - Simulating initial volumes for stage II  with norm params: mu=1.96, sigma=1.63, lb=-1.9410876100159118, ub=0.3711345751297772
[2025-01-27 01:09:49,411][root][INFO] - Simulating initial volumes for stage IIIA  with norm params: mu=1.91, sigma=9.4, lb=-0.33127370258786554, ub=0.06967546355973796
[2025-01-27 01:09:49,412][root][INFO] - Simulating initial volumes for stage IIIB  with norm params: mu=2.76, sigma=6.87, lb=-0.5769974969906748, ub=-0.02839165102452155
[2025-01-27 01:09:49,415][root][INFO] - Simulating initial volumes for stage IV  with norm params: mu=3.86, sigma=8.82, lb=-0.5741465764541877, ub=-0.14683113860980307
[2025-01-27 01:09:49,438][root][INFO] - Got correlated params for 4658 patients
[2025-01-27 01:09:49,443][root][INFO] - Got correlated params for 9338 patients
[2025-01-27 01:09:49,448][root][INFO] - Got correlated params for 13912 patients
[2025-01-27 01:09:49,456][root][INFO] - Simulating beta_c parameters
[2025-01-27 01:09:49,461][root][INFO] - Randomising outputs
[2025-01-27 01:10:06,741][root][INFO] - Simulating initial volumes for stage I  with norm params: mu=1.72, sigma=4.7, lb=-0.6221218732608373, ub=-0.023523848418276528
[2025-01-27 01:10:06,744][root][INFO] - Simulating initial volumes for stage II  with norm params: mu=1.96, sigma=1.63, lb=-1.9410876100159118, ub=0.3711345751297772
[2025-01-27 01:10:06,744][root][INFO] - Simulating initial volumes for stage IIIA  with norm params: mu=1.91, sigma=9.4, lb=-0.33127370258786554, ub=0.06967546355973796
[2025-01-27 01:10:06,745][root][INFO] - Simulating initial volumes for stage IIIB  with norm params: mu=2.76, sigma=6.87, lb=-0.5769974969906748, ub=-0.02839165102452155
[2025-01-27 01:10:06,746][root][INFO] - Simulating initial volumes for stage IV  with norm params: mu=3.86, sigma=8.82, lb=-0.5741465764541877, ub=-0.14683113860980307
[2025-01-27 01:10:06,748][root][INFO] - Got correlated params for 464 patients
[2025-01-27 01:10:06,749][root][INFO] - Got correlated params for 942 patients
[2025-01-27 01:10:06,750][root][INFO] - Got correlated params for 1398 patients
[2025-01-27 01:10:06,751][root][INFO] - Simulating beta_c parameters
[2025-01-27 01:10:06,752][root][INFO] - Randomising outputs
[2025-01-27 01:10:08,477][root][INFO] - Simulating initial volumes for stage I  with norm params: mu=1.72, sigma=4.7, lb=-0.6221218732608373, ub=-0.023523848418276528
[2025-01-27 01:10:08,478][root][INFO] - Simulating initial volumes for stage II  with norm params: mu=1.96, sigma=1.63, lb=-1.9410876100159118, ub=0.3711345751297772
[2025-01-27 01:10:08,478][root][INFO] - Simulating initial volumes for stage IIIA  with norm params: mu=1.91, sigma=9.4, lb=-0.33127370258786554, ub=0.06967546355973796
[2025-01-27 01:10:08,479][root][INFO] - Simulating initial volumes for stage IIIB  with norm params: mu=2.76, sigma=6.87, lb=-0.5769974969906748, ub=-0.02839165102452155
[2025-01-27 01:10:08,480][root][INFO] - Simulating initial volumes for stage IV  with norm params: mu=3.86, sigma=8.82, lb=-0.5741465764541877, ub=-0.14683113860980307
[2025-01-27 01:10:08,481][root][INFO] - Got correlated params for 491 patients
[2025-01-27 01:10:08,482][root][INFO] - Got correlated params for 936 patients
[2025-01-27 01:10:08,483][root][INFO] - Got correlated params for 1396 patients
[2025-01-27 01:10:08,484][root][INFO] - Simulating beta_c parameters
[2025-01-27 01:10:08,485][root][INFO] - Randomising outputs
[2025-01-27 01:10:14,664][root][INFO] - Simulating initial volumes for stage I  with norm params: mu=1.72, sigma=4.7, lb=-0.6221218732608373, ub=-0.023523848418276528
[2025-01-27 01:10:14,665][root][INFO] - Simulating initial volumes for stage II  with norm params: mu=1.96, sigma=1.63, lb=-1.9410876100159118, ub=0.3711345751297772
[2025-01-27 01:10:14,666][root][INFO] - Simulating initial volumes for stage IIIA  with norm params: mu=1.91, sigma=9.4, lb=-0.33127370258786554, ub=0.06967546355973796
[2025-01-27 01:10:14,666][root][INFO] - Simulating initial volumes for stage IIIB  with norm params: mu=2.76, sigma=6.87, lb=-0.5769974969906748, ub=-0.02839165102452155
[2025-01-27 01:10:14,667][root][INFO] - Simulating initial volumes for stage IV  with norm params: mu=3.86, sigma=8.82, lb=-0.5741465764541877, ub=-0.14683113860980307
[2025-01-27 01:10:14,669][root][INFO] - Got correlated params for 434 patients
[2025-01-27 01:10:14,670][root][INFO] - Got correlated params for 874 patients
[2025-01-27 01:10:14,671][root][INFO] - Got correlated params for 1357 patients
[2025-01-27 01:10:14,672][root][INFO] - Simulating beta_c parameters
[2025-01-27 01:10:14,673][root][INFO] - Randomising outputs
[2025-01-27 01:10:43,017][src.data.cancer_sim.dataset][INFO] - Processing train dataset before training
[2025-01-27 01:10:43,914][src.data.cancer_sim.dataset][INFO] - Shape of processed train data: {'cancer_volume': (10000, 60), 'chemo_dosage': (10000, 60), 'radio_dosage': (10000, 60), 'chemo_application': (10000, 60), 'radio_application': (10000, 60), 'chemo_probabilities': (10000, 60), 'radio_probabilities': (10000, 60), 'sequence_lengths': (10000,), 'death_flags': (10000, 60), 'recovery_flags': (10000, 60), 'patient_types': (10000,), 'prev_treatments': (10000, 59, 4), 'current_treatments': (10000, 59, 4), 'current_covariates': (10000, 59, 2), 'outputs': (10000, 59, 1), 'active_entries': (10000, 59, 1), 'unscaled_outputs': (10000, 59, 1), 'prev_outputs': (10000, 59, 1), 'static_features': (10000, 1)}
[2025-01-27 01:10:43,915][src.data.cancer_sim.dataset][INFO] - Processing val dataset before training
[2025-01-27 01:10:44,004][src.data.cancer_sim.dataset][INFO] - Shape of processed val data: {'cancer_volume': (1000, 60), 'chemo_dosage': (1000, 60), 'radio_dosage': (1000, 60), 'chemo_application': (1000, 60), 'radio_application': (1000, 60), 'chemo_probabilities': (1000, 60), 'radio_probabilities': (1000, 60), 'sequence_lengths': (1000,), 'death_flags': (1000, 60), 'recovery_flags': (1000, 60), 'patient_types': (1000,), 'prev_treatments': (1000, 59, 4), 'current_treatments': (1000, 59, 4), 'current_covariates': (1000, 59, 2), 'outputs': (1000, 59, 1), 'active_entries': (1000, 59, 1), 'unscaled_outputs': (1000, 59, 1), 'prev_outputs': (1000, 59, 1), 'static_features': (1000, 1)}
[2025-01-27 01:10:44,005][src.data.cancer_sim.dataset][INFO] - Processing test dataset before training
[2025-01-27 01:11:03,189][src.data.cancer_sim.dataset][INFO] - Shape of processed test data: {'cancer_volume': (224868, 60), 'chemo_application': (224868, 60), 'radio_application': (224868, 60), 'sequence_lengths': (224868,), 'patient_types': (224868,), 'prev_treatments': (224868, 59, 4), 'current_treatments': (224868, 59, 4), 'current_covariates': (224868, 59, 2), 'outputs': (224868, 59, 1), 'active_entries': (224868, 59, 1), 'unscaled_outputs': (224868, 59, 1), 'prev_outputs': (224868, 59, 1), 'static_features': (224868, 1)}
[2025-01-27 01:11:03,191][src.data.cancer_sim.dataset][INFO] - Processing test dataset before training
[2025-01-27 01:11:55,165][src.data.cancer_sim.dataset][INFO] - Shape of processed test data: {'cancer_volume': (548744, 65), 'chemo_application': (548744, 65), 'radio_application': (548744, 65), 'sequence_lengths': (548744,), 'patient_types': (548744,), 'patient_ids_all_trajectories': (548744,), 'patient_current_t': (548744,), 'prev_treatments': (548744, 64, 4), 'current_treatments': (548744, 64, 4), 'current_covariates': (548744, 64, 2), 'outputs': (548744, 64, 1), 'active_entries': (548744, 64, 1), 'unscaled_outputs': (548744, 64, 1), 'prev_outputs': (548744, 64, 1), 'static_features': (548744, 1)}
[2025-01-27 01:11:55,168][src.data.cancer_sim.dataset][INFO] - Processing test dataset before testing (multiple sequences)
[2025-01-27 01:12:02,729][src.data.cancer_sim.dataset][INFO] - Shape of processed test data: {'active_encoder_r': (548744, 59), 'prev_treatments': (548744, 5, 4), 'current_treatments': (548744, 5, 4), 'current_covariates': (548744, 5, 2), 'prev_outputs': (548744, 5, 1), 'static_features': (548744, 1), 'outputs': (548744, 5, 1), 'sequence_lengths': (548744,), 'active_entries': (548744, 5, 1), 'unscaled_outputs': (548744, 5, 1), 'patient_types': (548744,), 'patient_ids_all_trajectories': (548744,), 'patient_current_t': (548744,)}
[2025-01-27 01:12:05,278][src.models.ct][INFO] - Max input size of multi: 4
[2025-01-27 01:18:49,578][src.models.time_varying_model][INFO] - RMSE calculation for val.
[2025-01-27 01:18:49,578][src.models.time_varying_model][INFO] - Predictions for val.
[2025-01-27 01:18:50,267][__main__][INFO] - Val normalised RMSE (all): 0.6378007552724769; Val normalised RMSE (orig): 0.6308896500573873
[2025-01-27 01:18:50,267][src.models.time_varying_model][INFO] - RMSE calculation for test.
[2025-01-27 01:18:50,267][src.models.time_varying_model][INFO] - Predictions for test.
[2025-01-27 01:19:08,255][__main__][INFO] - Test normalised RMSE (all): 2.5458947496139186; Test normalised RMSE (orig): 2.6710170466086036; Test normalised RMSE (only counterfactual): 2.5505801596019744
[2025-01-27 01:19:08,297][src.models.time_varying_model][INFO] - RMSE calculation for test.
[2025-01-27 01:19:08,298][src.models.ct][INFO] - Autoregressive Prediction for test.
[2025-01-27 01:19:08,298][src.models.ct][INFO] - t = 1
[2025-01-27 01:19:08,298][src.models.time_varying_model][INFO] - Predictions for test.
[2025-01-27 01:20:04,415][src.models.ct][INFO] - t = 2
[2025-01-27 01:20:04,416][src.models.time_varying_model][INFO] - Predictions for test.
[2025-01-27 01:21:00,834][src.models.ct][INFO] - t = 3
[2025-01-27 01:21:00,835][src.models.time_varying_model][INFO] - Predictions for test.
[2025-01-27 01:21:56,632][src.models.ct][INFO] - t = 4
[2025-01-27 01:21:56,633][src.models.time_varying_model][INFO] - Predictions for test.
[2025-01-27 01:22:52,826][src.models.ct][INFO] - t = 5
[2025-01-27 01:22:52,830][src.models.time_varying_model][INFO] - Predictions for test.
[2025-01-27 01:23:48,719][src.models.ct][INFO] - t = 6
[2025-01-27 01:23:48,720][src.models.time_varying_model][INFO] - Predictions for test.
[2025-01-27 01:24:45,549][__main__][INFO] - Test normalised RMSE (n-step prediction): {'2-step': 3.7871323958238787, '3-step': 4.063731209098453, '4-step': 4.192789635409799, '5-step': 4.198087025464787, '6-step': 3.99207964475339}
