[2024-11-26 02:58:10,720][__main__][INFO] - 
model:
  dim_treatments: 4
  dim_vitals: 0
  dim_static_features: 1
  dim_outcomes: 1
  name: CRN
  encoder:
    _target_: src.models.crn.CRNEncoder
    seq_hidden_units: 24
    br_size: 24
    fc_hidden_units: 96
    dropout_rate: 0.2
    num_layer: 1
    batch_size: 64
    optimizer:
      optimizer_cls: adam
      learning_rate: 0.001
      weight_decay: 0.0
      lr_scheduler: false
    tune_hparams: false
    tune_range: 50
    hparams_grid: null
    resources_per_trial: null
  train_decoder: true
  decoder:
    _target_: src.models.crn.CRNDecoder
    seq_hidden_units: null
    br_size: 24
    fc_hidden_units: 12
    dropout_rate: 0.1
    num_layer: 1
    batch_size: 1024
    optimizer:
      optimizer_cls: adam
      learning_rate: 0.001
      weight_decay: 0.0
      lr_scheduler: false
    tune_hparams: false
    tune_range: 30
    hparams_grid: null
    resources_per_trial: null
dataset:
  val_batch_size: 512
  treatment_mode: multiclass
  _target_: src.data.SyntheticCancerDatasetCollection
  name: tumor_generator
  coeff: 2.0
  chemo_coeff: 2.0
  radio_coeff: 2.0
  seed: 10
  random: true
  noise_percentage: 0.05
  num_patients:
    train: 10000
    val: 1000
    test: 1000
  window_size: 15
  lag: 0
  max_seq_length: 60
  projection_horizon: 5
  cf_seq_mode: sliding_treatment
exp:
  seed: 10
  gpus:
  - 0
  max_epochs: 150
  logging: true
  mlflow_uri: http://127.0.0.1:5000
  unscale_rmse: true
  percentage_rmse: true
  alpha: 1.0
  update_alpha: true
  alpha_rate: exp
  initial_balancing_method: grad_reverse
  final_balancing_method: grad_reverse
  bce_weight: false
  weights_ema: false
  beta: 0.99
  alpha_wass: 0.0001
  alpha_wass_epoch: false
  alpha_wass_growth: 0.001
  alpha_wass_max: 0.01
  balancing: grad_reverse
  balancing_switch_epoch: 149
  clustering_method: GMM
  number_clusters: 2
  num_timepoints: 59
  gap_epoch: 60
  checkpoint_dir: ./checkpoints/cancer/crn/2

[2024-11-26 02:58:10,737][root][INFO] - Simulating initial volumes for stage I  with norm params: mu=1.72, sigma=4.7, lb=-0.6221218732608373, ub=-0.023523848418276528
[2024-11-26 02:58:10,738][root][INFO] - Simulating initial volumes for stage II  with norm params: mu=1.96, sigma=1.63, lb=-1.9410876100159118, ub=0.3711345751297772
[2024-11-26 02:58:10,739][root][INFO] - Simulating initial volumes for stage IIIA  with norm params: mu=1.91, sigma=9.4, lb=-0.33127370258786554, ub=0.06967546355973796
[2024-11-26 02:58:10,740][root][INFO] - Simulating initial volumes for stage IIIB  with norm params: mu=2.76, sigma=6.87, lb=-0.5769974969906748, ub=-0.02839165102452155
[2024-11-26 02:58:10,742][root][INFO] - Simulating initial volumes for stage IV  with norm params: mu=3.86, sigma=8.82, lb=-0.5741465764541877, ub=-0.14683113860980307
[2024-11-26 02:58:10,750][root][INFO] - Got correlated params for 4658 patients
[2024-11-26 02:58:10,755][root][INFO] - Got correlated params for 9338 patients
[2024-11-26 02:58:10,760][root][INFO] - Got correlated params for 13912 patients
[2024-11-26 02:58:10,767][root][INFO] - Simulating beta_c parameters
[2024-11-26 02:58:10,772][root][INFO] - Randomising outputs
[2024-11-26 02:58:25,628][src.data.cancer_sim.dataset][INFO] - Processing train dataset before training
[2024-11-26 02:58:26,619][src.data.cancer_sim.dataset][INFO] - Shape of processed train data: {'cancer_volume': (10000, 60), 'chemo_dosage': (10000, 60), 'radio_dosage': (10000, 60), 'chemo_application': (10000, 60), 'radio_application': (10000, 60), 'chemo_probabilities': (10000, 60), 'radio_probabilities': (10000, 60), 'sequence_lengths': (10000,), 'death_flags': (10000, 60), 'recovery_flags': (10000, 60), 'patient_types': (10000,), 'prev_treatments': (10000, 59, 4), 'current_treatments': (10000, 59, 4), 'current_covariates': (10000, 59, 2), 'outputs': (10000, 59, 1), 'active_entries': (10000, 59, 1), 'unscaled_outputs': (10000, 59, 1), 'prev_outputs': (10000, 59, 1), 'static_features': (10000, 1)}
[2024-11-26 02:58:26,671][root][INFO] - Simulating initial volumes for stage I  with norm params: mu=1.72, sigma=4.7, lb=-0.6221218732608373, ub=-0.023523848418276528
[2024-11-26 02:58:26,672][root][INFO] - Simulating initial volumes for stage II  with norm params: mu=1.96, sigma=1.63, lb=-1.9410876100159118, ub=0.3711345751297772
[2024-11-26 02:58:26,673][root][INFO] - Simulating initial volumes for stage IIIA  with norm params: mu=1.91, sigma=9.4, lb=-0.33127370258786554, ub=0.06967546355973796
[2024-11-26 02:58:26,674][root][INFO] - Simulating initial volumes for stage IIIB  with norm params: mu=2.76, sigma=6.87, lb=-0.5769974969906748, ub=-0.02839165102452155
[2024-11-26 02:58:26,675][root][INFO] - Simulating initial volumes for stage IV  with norm params: mu=3.86, sigma=8.82, lb=-0.5741465764541877, ub=-0.14683113860980307
[2024-11-26 02:58:26,677][root][INFO] - Got correlated params for 455 patients
[2024-11-26 02:58:26,678][root][INFO] - Got correlated params for 905 patients
[2024-11-26 02:58:26,679][root][INFO] - Got correlated params for 1366 patients
[2024-11-26 02:58:26,680][root][INFO] - Simulating beta_c parameters
[2024-11-26 02:58:26,681][root][INFO] - Randomising outputs
[2024-11-26 02:58:28,140][root][INFO] - Simulating initial volumes for stage I  with norm params: mu=1.72, sigma=4.7, lb=-0.6221218732608373, ub=-0.023523848418276528
[2024-11-26 02:58:28,141][root][INFO] - Simulating initial volumes for stage II  with norm params: mu=1.96, sigma=1.63, lb=-1.9410876100159118, ub=0.3711345751297772
[2024-11-26 02:58:28,141][root][INFO] - Simulating initial volumes for stage IIIA  with norm params: mu=1.91, sigma=9.4, lb=-0.33127370258786554, ub=0.06967546355973796
[2024-11-26 02:58:28,142][root][INFO] - Simulating initial volumes for stage IIIB  with norm params: mu=2.76, sigma=6.87, lb=-0.5769974969906748, ub=-0.02839165102452155
[2024-11-26 02:58:28,143][root][INFO] - Simulating initial volumes for stage IV  with norm params: mu=3.86, sigma=8.82, lb=-0.5741465764541877, ub=-0.14683113860980307
[2024-11-26 02:58:28,144][root][INFO] - Got correlated params for 493 patients
[2024-11-26 02:58:28,145][root][INFO] - Got correlated params for 947 patients
[2024-11-26 02:58:28,146][root][INFO] - Got correlated params for 1403 patients
[2024-11-26 02:58:28,147][root][INFO] - Simulating beta_c parameters
[2024-11-26 02:58:28,148][root][INFO] - Randomising outputs
[2024-11-26 02:58:34,838][root][INFO] - Simulating initial volumes for stage I  with norm params: mu=1.72, sigma=4.7, lb=-0.6221218732608373, ub=-0.023523848418276528
[2024-11-26 02:58:34,839][root][INFO] - Simulating initial volumes for stage II  with norm params: mu=1.96, sigma=1.63, lb=-1.9410876100159118, ub=0.3711345751297772
[2024-11-26 02:58:34,840][root][INFO] - Simulating initial volumes for stage IIIA  with norm params: mu=1.91, sigma=9.4, lb=-0.33127370258786554, ub=0.06967546355973796
[2024-11-26 02:58:34,840][root][INFO] - Simulating initial volumes for stage IIIB  with norm params: mu=2.76, sigma=6.87, lb=-0.5769974969906748, ub=-0.02839165102452155
[2024-11-26 02:58:34,841][root][INFO] - Simulating initial volumes for stage IV  with norm params: mu=3.86, sigma=8.82, lb=-0.5741465764541877, ub=-0.14683113860980307
[2024-11-26 02:58:34,843][root][INFO] - Got correlated params for 445 patients
[2024-11-26 02:58:34,844][root][INFO] - Got correlated params for 895 patients
[2024-11-26 02:58:34,845][root][INFO] - Got correlated params for 1355 patients
[2024-11-26 02:58:34,846][root][INFO] - Simulating beta_c parameters
[2024-11-26 02:58:34,847][root][INFO] - Randomising outputs
[2024-11-26 02:58:59,963][src.data.cancer_sim.dataset][INFO] - train Dataset already processed
[2024-11-26 02:58:59,964][src.data.cancer_sim.dataset][INFO] - Processing val dataset before training
[2024-11-26 02:59:00,067][src.data.cancer_sim.dataset][INFO] - Shape of processed val data: {'cancer_volume': (1000, 60), 'chemo_dosage': (1000, 60), 'radio_dosage': (1000, 60), 'chemo_application': (1000, 60), 'radio_application': (1000, 60), 'chemo_probabilities': (1000, 60), 'radio_probabilities': (1000, 60), 'sequence_lengths': (1000,), 'death_flags': (1000, 60), 'recovery_flags': (1000, 60), 'patient_types': (1000,), 'prev_treatments': (1000, 59, 4), 'current_treatments': (1000, 59, 4), 'current_covariates': (1000, 59, 2), 'outputs': (1000, 59, 1), 'active_entries': (1000, 59, 1), 'unscaled_outputs': (1000, 59, 1), 'prev_outputs': (1000, 59, 1), 'static_features': (1000, 1)}
[2024-11-26 02:59:00,067][src.data.cancer_sim.dataset][INFO] - Processing test dataset before training
[2024-11-26 02:59:20,332][src.data.cancer_sim.dataset][INFO] - Shape of processed test data: {'cancer_volume': (222916, 60), 'chemo_application': (222916, 60), 'radio_application': (222916, 60), 'sequence_lengths': (222916,), 'patient_types': (222916,), 'prev_treatments': (222916, 59, 4), 'current_treatments': (222916, 59, 4), 'current_covariates': (222916, 59, 2), 'outputs': (222916, 59, 1), 'active_entries': (222916, 59, 1), 'unscaled_outputs': (222916, 59, 1), 'prev_outputs': (222916, 59, 1), 'static_features': (222916, 1)}
[2024-11-26 02:59:20,956][src.models.crn][INFO] - Input size of encoder: 6
[2024-11-26 03:12:28,112][src.models.time_varying_model][INFO] - RMSE calculation for val.
[2024-11-26 03:12:28,113][src.models.time_varying_model][INFO] - Predictions for val.
[2024-11-26 03:12:28,811][__main__][INFO] - Val normalised RMSE (all): 0.6204356049019397; Val normalised RMSE (orig): 0.61223318881895
[2024-11-26 03:12:28,811][src.models.time_varying_model][INFO] - RMSE calculation for test.
[2024-11-26 03:12:28,811][src.models.time_varying_model][INFO] - Predictions for test.
[2024-11-26 03:12:43,587][__main__][INFO] - Test normalised RMSE (all): 0.8015142703291736; Test normalised RMSE (orig): 0.5800136387938363; Test normalised RMSE (only counterfactual): 0.7638717825998217
[2024-11-26 03:12:43,661][src.models.crn][INFO] - Input size of decoder: 6
[2024-11-26 03:12:43,676][src.data.cancer_sim.dataset][INFO] - train Dataset already processed
[2024-11-26 03:12:43,676][src.data.cancer_sim.dataset][INFO] - val Dataset already processed
[2024-11-26 03:12:43,676][src.data.cancer_sim.dataset][INFO] - Processing test dataset before training
[2024-11-26 03:13:38,587][src.data.cancer_sim.dataset][INFO] - Shape of processed test data: {'cancer_volume': (565098, 65), 'chemo_application': (565098, 65), 'radio_application': (565098, 65), 'sequence_lengths': (565098,), 'patient_types': (565098,), 'patient_ids_all_trajectories': (565098,), 'patient_current_t': (565098,), 'prev_treatments': (565098, 64, 4), 'current_treatments': (565098, 64, 4), 'current_covariates': (565098, 64, 2), 'outputs': (565098, 64, 1), 'active_entries': (565098, 64, 1), 'unscaled_outputs': (565098, 64, 1), 'prev_outputs': (565098, 64, 1), 'static_features': (565098, 1)}
[2024-11-26 03:13:38,589][src.models.time_varying_model][INFO] - Balanced representations inference for train.
[2024-11-26 03:13:40,152][src.models.time_varying_model][INFO] - Balanced representations inference for val.
[2024-11-26 03:13:40,869][src.models.time_varying_model][INFO] - Balanced representations inference for test.
[2024-11-26 03:14:16,929][src.models.time_varying_model][INFO] - Predictions for test.
[2024-11-26 03:14:54,577][src.data.cancer_sim.dataset][INFO] - Processing train dataset before training (multiple sequences)
[2024-11-26 03:14:57,479][src.data.cancer_sim.dataset][INFO] - Shape of processed train data: {'init_state': (507446, 24), 'original_index': (507446,), 'active_encoder_r': (507446, 59), 'prev_treatments': (507446, 5, 4), 'current_treatments': (507446, 5, 4), 'current_covariates': (507446, 5, 2), 'prev_outputs': (507446, 5, 1), 'static_features': (507446, 1), 'outputs': (507446, 5, 1), 'sequence_lengths': (507446,), 'active_entries': (507446, 5, 1), 'unscaled_outputs': (507446, 5, 1)}
[2024-11-26 03:14:57,480][src.data.cancer_sim.dataset][INFO] - Processing val dataset before training (multiple sequences)
[2024-11-26 03:14:57,777][src.data.cancer_sim.dataset][INFO] - Shape of processed val data: {'init_state': (51251, 24), 'original_index': (51251,), 'active_encoder_r': (51251, 59), 'prev_treatments': (51251, 5, 4), 'current_treatments': (51251, 5, 4), 'current_covariates': (51251, 5, 2), 'prev_outputs': (51251, 5, 1), 'static_features': (51251, 1), 'outputs': (51251, 5, 1), 'sequence_lengths': (51251,), 'active_entries': (51251, 5, 1), 'unscaled_outputs': (51251, 5, 1)}
[2024-11-26 03:14:57,777][src.data.cancer_sim.dataset][INFO] - Processing test dataset before testing (multiple sequences)
[2024-11-26 03:15:05,904][src.data.cancer_sim.dataset][INFO] - Shape of processed test data: {'active_encoder_r': (565098, 59), 'prev_treatments': (565098, 5, 4), 'current_treatments': (565098, 5, 4), 'current_covariates': (565098, 5, 2), 'prev_outputs': (565098, 5, 1), 'static_features': (565098, 1), 'outputs': (565098, 5, 1), 'sequence_lengths': (565098,), 'active_entries': (565098, 5, 1), 'unscaled_outputs': (565098, 5, 1), 'patient_types': (565098,), 'patient_ids_all_trajectories': (565098,), 'patient_current_t': (565098,), 'init_state': (565098, 24)}
[2024-11-26 03:15:05,949][src.data.cancer_sim.dataset][INFO] - Processing test dataset before testing (autoregressive)
[2024-11-26 03:15:08,527][src.data.cancer_sim.dataset][INFO] - Shape of processed test data: {'current_covariates': (565098, 5, 2), 'prev_treatments': (565098, 5, 4), 'current_treatments': (565098, 5, 4), 'init_state': (565098, 24), 'active_encoder_r': (565098, 59), 'active_entries': (565098, 5, 1), 'prev_outputs': (565098, 5, 1), 'static_features': (565098, 1)}
[2024-11-26 04:24:14,925][src.models.time_varying_model][INFO] - RMSE calculation for val.
[2024-11-26 04:24:14,927][src.models.time_varying_model][INFO] - Predictions for val.
[2024-11-26 04:24:17,326][__main__][INFO] - Val normalised RMSE (all): 0.36304477020779374; Val normalised RMSE (orig): 0.3630447702077937
[2024-11-26 04:24:17,326][src.models.time_varying_model][INFO] - RMSE calculation for test.
[2024-11-26 04:24:17,326][src.models.time_varying_model][INFO] - Autoregressive Prediction for test.
[2024-11-26 04:24:17,337][src.models.time_varying_model][INFO] - t = 2
[2024-11-26 04:24:17,337][src.models.time_varying_model][INFO] - Predictions for test.
[2024-11-26 04:24:33,922][src.models.time_varying_model][INFO] - t = 3
[2024-11-26 04:24:33,922][src.models.time_varying_model][INFO] - Predictions for test.
[2024-11-26 04:24:51,314][src.models.time_varying_model][INFO] - t = 4
[2024-11-26 04:24:51,315][src.models.time_varying_model][INFO] - Predictions for test.
[2024-11-26 04:25:08,465][src.models.time_varying_model][INFO] - t = 5
[2024-11-26 04:25:08,465][src.models.time_varying_model][INFO] - Predictions for test.
[2024-11-26 04:25:25,420][src.models.time_varying_model][INFO] - t = 6
[2024-11-26 04:25:25,421][src.models.time_varying_model][INFO] - Predictions for test.
[2024-11-26 04:25:44,317][__main__][INFO] - Test normalised RMSE (n-step prediction): {'2-step': 0.7590378197496231, '3-step': 0.7745312951307152, '4-step': 0.8174734932503712, '5-step': 0.8626033973476517, '6-step': 0.9041781809910018}
