[2025-01-28 05:37:27,123][__main__][INFO] - 
model:
  dim_treatments: 4
  dim_vitals: 0
  dim_static_features: 1
  dim_outcomes: 1
  name: CRN
  encoder:
    _target_: src.models.crn.CRNEncoder
    seq_hidden_units: 24
    br_size: 24
    fc_hidden_units: 96
    dropout_rate: 0.2
    num_layer: 1
    batch_size: 1024
    optimizer:
      optimizer_cls: adam
      learning_rate: 0.001
      weight_decay: 0.0
      lr_scheduler: false
    tune_hparams: false
    tune_range: 50
    hparams_grid: null
    resources_per_trial: null
  train_decoder: true
  decoder:
    _target_: src.models.crn.CRNDecoder
    seq_hidden_units: null
    br_size: 24
    fc_hidden_units: 12
    dropout_rate: 0.1
    num_layer: 1
    batch_size: 4096
    optimizer:
      optimizer_cls: adam
      learning_rate: 0.001
      weight_decay: 0.0
      lr_scheduler: false
    tune_hparams: false
    tune_range: 30
    hparams_grid: null
    resources_per_trial: null
dataset:
  val_batch_size: 512
  treatment_mode: multiclass
  _target_: src.data.SyntheticCancerDatasetCollection
  name: tumor_generator
  coeff: 5.0
  chemo_coeff: 5.0
  radio_coeff: 5.0
  seed: 10
  random: false
  noise_percentage: 0.0
  num_patients:
    train: 10000
    val: 1000
    test: 1000
  window_size: 15
  lag: 0
  max_seq_length: 60
  projection_horizon: 5
  cf_seq_mode: sliding_treatment
exp:
  seed: 10
  gpus:
  - 0
  max_epochs: 100
  logging: true
  mlflow_uri: http://127.0.0.1:5000
  unscale_rmse: true
  percentage_rmse: true
  alpha: 0.01
  update_alpha: true
  alpha_rate: exp
  initial_balancing_method: grad_reverse
  final_balancing_method: subgroup
  bce_weight: false
  weights_ema: false
  beta: 0.99
  alpha_wass: 0.001
  alpha_wass_epoch: false
  alpha_wass_growth: 0.001
  alpha_wass_max: 0.01
  balancing: grad_reverse
  balancing_switch_epoch: 99
  gap_epoch: 1
  clustering_method: GMM
  number_clusters: 2
  num_timepoints: 59
  checkpoint_dir: ./checkpoints/cancer/crn/SGA/5

[2025-01-28 05:37:27,147][root][INFO] - Simulating initial volumes for stage I  with norm params: mu=1.72, sigma=4.7, lb=-0.6221218732608373, ub=-0.023523848418276528
[2025-01-28 05:37:27,157][root][INFO] - Simulating initial volumes for stage II  with norm params: mu=1.96, sigma=1.63, lb=-1.9410876100159118, ub=0.3711345751297772
[2025-01-28 05:37:27,158][root][INFO] - Simulating initial volumes for stage IIIA  with norm params: mu=1.91, sigma=9.4, lb=-0.33127370258786554, ub=0.06967546355973796
[2025-01-28 05:37:27,159][root][INFO] - Simulating initial volumes for stage IIIB  with norm params: mu=2.76, sigma=6.87, lb=-0.5769974969906748, ub=-0.02839165102452155
[2025-01-28 05:37:27,162][root][INFO] - Simulating initial volumes for stage IV  with norm params: mu=3.86, sigma=8.82, lb=-0.5741465764541877, ub=-0.14683113860980307
[2025-01-28 05:37:27,192][root][INFO] - Got correlated params for 4658 patients
[2025-01-28 05:37:27,197][root][INFO] - Got correlated params for 9338 patients
[2025-01-28 05:37:27,202][root][INFO] - Got correlated params for 13912 patients
[2025-01-28 05:37:27,210][root][INFO] - Simulating beta_c parameters
[2025-01-28 05:37:27,215][root][INFO] - Randomising outputs
[2025-01-28 05:37:42,603][root][INFO] - Simulating initial volumes for stage I  with norm params: mu=1.72, sigma=4.7, lb=-0.6221218732608373, ub=-0.023523848418276528
[2025-01-28 05:37:42,606][root][INFO] - Simulating initial volumes for stage II  with norm params: mu=1.96, sigma=1.63, lb=-1.9410876100159118, ub=0.3711345751297772
[2025-01-28 05:37:42,606][root][INFO] - Simulating initial volumes for stage IIIA  with norm params: mu=1.91, sigma=9.4, lb=-0.33127370258786554, ub=0.06967546355973796
[2025-01-28 05:37:42,607][root][INFO] - Simulating initial volumes for stage IIIB  with norm params: mu=2.76, sigma=6.87, lb=-0.5769974969906748, ub=-0.02839165102452155
[2025-01-28 05:37:42,608][root][INFO] - Simulating initial volumes for stage IV  with norm params: mu=3.86, sigma=8.82, lb=-0.5741465764541877, ub=-0.14683113860980307
[2025-01-28 05:37:42,610][root][INFO] - Got correlated params for 464 patients
[2025-01-28 05:37:42,611][root][INFO] - Got correlated params for 942 patients
[2025-01-28 05:37:42,612][root][INFO] - Got correlated params for 1398 patients
[2025-01-28 05:37:42,613][root][INFO] - Simulating beta_c parameters
[2025-01-28 05:37:42,614][root][INFO] - Randomising outputs
[2025-01-28 05:37:44,111][root][INFO] - Simulating initial volumes for stage I  with norm params: mu=1.72, sigma=4.7, lb=-0.6221218732608373, ub=-0.023523848418276528
[2025-01-28 05:37:44,112][root][INFO] - Simulating initial volumes for stage II  with norm params: mu=1.96, sigma=1.63, lb=-1.9410876100159118, ub=0.3711345751297772
[2025-01-28 05:37:44,112][root][INFO] - Simulating initial volumes for stage IIIA  with norm params: mu=1.91, sigma=9.4, lb=-0.33127370258786554, ub=0.06967546355973796
[2025-01-28 05:37:44,113][root][INFO] - Simulating initial volumes for stage IIIB  with norm params: mu=2.76, sigma=6.87, lb=-0.5769974969906748, ub=-0.02839165102452155
[2025-01-28 05:37:44,113][root][INFO] - Simulating initial volumes for stage IV  with norm params: mu=3.86, sigma=8.82, lb=-0.5741465764541877, ub=-0.14683113860980307
[2025-01-28 05:37:44,115][root][INFO] - Got correlated params for 491 patients
[2025-01-28 05:37:44,116][root][INFO] - Got correlated params for 936 patients
[2025-01-28 05:37:44,117][root][INFO] - Got correlated params for 1396 patients
[2025-01-28 05:37:44,118][root][INFO] - Simulating beta_c parameters
[2025-01-28 05:37:44,119][root][INFO] - Randomising outputs
[2025-01-28 05:37:49,588][root][INFO] - Simulating initial volumes for stage I  with norm params: mu=1.72, sigma=4.7, lb=-0.6221218732608373, ub=-0.023523848418276528
[2025-01-28 05:37:49,589][root][INFO] - Simulating initial volumes for stage II  with norm params: mu=1.96, sigma=1.63, lb=-1.9410876100159118, ub=0.3711345751297772
[2025-01-28 05:37:49,590][root][INFO] - Simulating initial volumes for stage IIIA  with norm params: mu=1.91, sigma=9.4, lb=-0.33127370258786554, ub=0.06967546355973796
[2025-01-28 05:37:49,590][root][INFO] - Simulating initial volumes for stage IIIB  with norm params: mu=2.76, sigma=6.87, lb=-0.5769974969906748, ub=-0.02839165102452155
[2025-01-28 05:37:49,591][root][INFO] - Simulating initial volumes for stage IV  with norm params: mu=3.86, sigma=8.82, lb=-0.5741465764541877, ub=-0.14683113860980307
[2025-01-28 05:37:49,592][root][INFO] - Got correlated params for 434 patients
[2025-01-28 05:37:49,593][root][INFO] - Got correlated params for 874 patients
[2025-01-28 05:37:49,594][root][INFO] - Got correlated params for 1357 patients
[2025-01-28 05:37:49,595][root][INFO] - Simulating beta_c parameters
[2025-01-28 05:37:49,596][root][INFO] - Randomising outputs
[2025-01-28 05:38:14,412][src.data.cancer_sim.dataset][INFO] - Processing train dataset before training
[2025-01-28 05:38:15,307][src.data.cancer_sim.dataset][INFO] - Shape of processed train data: {'cancer_volume': (10000, 60), 'chemo_dosage': (10000, 60), 'radio_dosage': (10000, 60), 'chemo_application': (10000, 60), 'radio_application': (10000, 60), 'chemo_probabilities': (10000, 60), 'radio_probabilities': (10000, 60), 'sequence_lengths': (10000,), 'death_flags': (10000, 60), 'recovery_flags': (10000, 60), 'patient_types': (10000,), 'prev_treatments': (10000, 59, 4), 'current_treatments': (10000, 59, 4), 'current_covariates': (10000, 59, 2), 'outputs': (10000, 59, 1), 'active_entries': (10000, 59, 1), 'unscaled_outputs': (10000, 59, 1), 'prev_outputs': (10000, 59, 1), 'static_features': (10000, 1)}
[2025-01-28 05:38:15,307][src.data.cancer_sim.dataset][INFO] - Processing val dataset before training
[2025-01-28 05:38:15,398][src.data.cancer_sim.dataset][INFO] - Shape of processed val data: {'cancer_volume': (1000, 60), 'chemo_dosage': (1000, 60), 'radio_dosage': (1000, 60), 'chemo_application': (1000, 60), 'radio_application': (1000, 60), 'chemo_probabilities': (1000, 60), 'radio_probabilities': (1000, 60), 'sequence_lengths': (1000,), 'death_flags': (1000, 60), 'recovery_flags': (1000, 60), 'patient_types': (1000,), 'prev_treatments': (1000, 59, 4), 'current_treatments': (1000, 59, 4), 'current_covariates': (1000, 59, 2), 'outputs': (1000, 59, 1), 'active_entries': (1000, 59, 1), 'unscaled_outputs': (1000, 59, 1), 'prev_outputs': (1000, 59, 1), 'static_features': (1000, 1)}
[2025-01-28 05:38:15,398][src.data.cancer_sim.dataset][INFO] - Processing test dataset before training
[2025-01-28 05:38:35,128][src.data.cancer_sim.dataset][INFO] - Shape of processed test data: {'cancer_volume': (225248, 60), 'chemo_application': (225248, 60), 'radio_application': (225248, 60), 'sequence_lengths': (225248,), 'patient_types': (225248,), 'prev_treatments': (225248, 59, 4), 'current_treatments': (225248, 59, 4), 'current_covariates': (225248, 59, 2), 'outputs': (225248, 59, 1), 'active_entries': (225248, 59, 1), 'unscaled_outputs': (225248, 59, 1), 'prev_outputs': (225248, 59, 1), 'static_features': (225248, 1)}
[2025-01-28 05:38:35,749][src.models.crn][INFO] - Input size of encoder: 6
[2025-01-28 05:39:14,901][src.models.time_varying_model][INFO] - RMSE calculation for val.
[2025-01-28 05:39:14,902][src.models.time_varying_model][INFO] - Predictions for val.
[2025-01-28 05:39:15,540][__main__][INFO] - Val normalised RMSE (all): 0.7278704241709021; Val normalised RMSE (orig): 0.7187476741464046
[2025-01-28 05:39:15,540][src.models.time_varying_model][INFO] - RMSE calculation for test.
[2025-01-28 05:39:15,540][src.models.time_varying_model][INFO] - Predictions for test.
[2025-01-28 05:39:29,728][__main__][INFO] - Test normalised RMSE (all): 2.4178982561861995; Test normalised RMSE (orig): 1.9375076952058292; Test normalised RMSE (only counterfactual): 1.9120496372853086
[2025-01-28 05:39:29,786][src.models.crn][INFO] - Input size of decoder: 6
[2025-01-28 05:39:29,804][src.data.cancer_sim.dataset][INFO] - train Dataset already processed
[2025-01-28 05:39:29,804][src.data.cancer_sim.dataset][INFO] - val Dataset already processed
[2025-01-28 05:39:29,804][src.data.cancer_sim.dataset][INFO] - Processing test dataset before training
[2025-01-28 05:40:23,061][src.data.cancer_sim.dataset][INFO] - Shape of processed test data: {'cancer_volume': (554444, 65), 'chemo_application': (554444, 65), 'radio_application': (554444, 65), 'sequence_lengths': (554444,), 'patient_types': (554444,), 'patient_ids_all_trajectories': (554444,), 'patient_current_t': (554444,), 'prev_treatments': (554444, 64, 4), 'current_treatments': (554444, 64, 4), 'current_covariates': (554444, 64, 2), 'outputs': (554444, 64, 1), 'active_entries': (554444, 64, 1), 'unscaled_outputs': (554444, 64, 1), 'prev_outputs': (554444, 64, 1), 'static_features': (554444, 1)}
[2025-01-28 05:40:23,064][src.models.time_varying_model][INFO] - Balanced representations inference for train.
[2025-01-28 05:40:24,356][src.models.time_varying_model][INFO] - Balanced representations inference for val.
[2025-01-28 05:40:24,896][src.models.time_varying_model][INFO] - Balanced representations inference for test.
[2025-01-28 05:40:59,273][src.models.time_varying_model][INFO] - Predictions for test.
[2025-01-28 05:41:34,919][src.data.cancer_sim.dataset][INFO] - Processing train dataset before training (multiple sequences)
[2025-01-28 05:41:37,773][src.data.cancer_sim.dataset][INFO] - Shape of processed train data: {'init_state': (514877, 24), 'original_index': (514877,), 'active_encoder_r': (514877, 59), 'prev_treatments': (514877, 5, 4), 'current_treatments': (514877, 5, 4), 'current_covariates': (514877, 5, 2), 'prev_outputs': (514877, 5, 1), 'static_features': (514877, 1), 'outputs': (514877, 5, 1), 'sequence_lengths': (514877,), 'active_entries': (514877, 5, 1), 'unscaled_outputs': (514877, 5, 1)}
[2025-01-28 05:41:37,775][src.data.cancer_sim.dataset][INFO] - Processing val dataset before training (multiple sequences)
[2025-01-28 05:41:38,058][src.data.cancer_sim.dataset][INFO] - Shape of processed val data: {'init_state': (51318, 24), 'original_index': (51318,), 'active_encoder_r': (51318, 59), 'prev_treatments': (51318, 5, 4), 'current_treatments': (51318, 5, 4), 'current_covariates': (51318, 5, 2), 'prev_outputs': (51318, 5, 1), 'static_features': (51318, 1), 'outputs': (51318, 5, 1), 'sequence_lengths': (51318,), 'active_entries': (51318, 5, 1), 'unscaled_outputs': (51318, 5, 1)}
[2025-01-28 05:41:38,059][src.data.cancer_sim.dataset][INFO] - Processing test dataset before testing (multiple sequences)
[2025-01-28 05:41:45,442][src.data.cancer_sim.dataset][INFO] - Shape of processed test data: {'active_encoder_r': (554444, 59), 'prev_treatments': (554444, 5, 4), 'current_treatments': (554444, 5, 4), 'current_covariates': (554444, 5, 2), 'prev_outputs': (554444, 5, 1), 'static_features': (554444, 1), 'outputs': (554444, 5, 1), 'sequence_lengths': (554444,), 'active_entries': (554444, 5, 1), 'unscaled_outputs': (554444, 5, 1), 'patient_types': (554444,), 'patient_ids_all_trajectories': (554444,), 'patient_current_t': (554444,), 'init_state': (554444, 24)}
[2025-01-28 05:41:45,501][src.data.cancer_sim.dataset][INFO] - Processing test dataset before testing (autoregressive)
[2025-01-28 05:41:49,967][src.data.cancer_sim.dataset][INFO] - Shape of processed test data: {'current_covariates': (554444, 5, 2), 'prev_treatments': (554444, 5, 4), 'current_treatments': (554444, 5, 4), 'init_state': (554444, 24), 'active_encoder_r': (554444, 59), 'active_entries': (554444, 5, 1), 'prev_outputs': (554444, 5, 1), 'static_features': (554444, 1)}
[2025-01-28 05:41:53,404][src.models.time_varying_model][INFO] - RMSE calculation for val.
[2025-01-28 05:41:53,405][src.models.time_varying_model][INFO] - Predictions for val.
[2025-01-28 05:41:55,513][__main__][INFO] - Val normalised RMSE (all): 0.319334241722394; Val normalised RMSE (orig): 0.3193342417223939
[2025-01-28 05:41:55,513][src.models.time_varying_model][INFO] - RMSE calculation for test.
[2025-01-28 05:41:55,513][src.models.time_varying_model][INFO] - Autoregressive Prediction for test.
[2025-01-28 05:41:55,517][src.models.time_varying_model][INFO] - t = 2
[2025-01-28 05:41:55,517][src.models.time_varying_model][INFO] - Predictions for test.
[2025-01-28 05:42:10,126][src.models.time_varying_model][INFO] - t = 3
[2025-01-28 05:42:10,127][src.models.time_varying_model][INFO] - Predictions for test.
[2025-01-28 05:42:24,978][src.models.time_varying_model][INFO] - t = 4
[2025-01-28 05:42:24,979][src.models.time_varying_model][INFO] - Predictions for test.
[2025-01-28 05:42:39,945][src.models.time_varying_model][INFO] - t = 5
[2025-01-28 05:42:39,946][src.models.time_varying_model][INFO] - Predictions for test.
[2025-01-28 05:42:54,895][src.models.time_varying_model][INFO] - t = 6
[2025-01-28 05:42:54,896][src.models.time_varying_model][INFO] - Predictions for test.
[2025-01-28 05:43:10,931][__main__][INFO] - Test normalised RMSE (n-step prediction): {'2-step': 2.559100411520445, '3-step': 2.7943886381155756, '4-step': 2.8553261683387436, '5-step': 2.7993551702563004, '6-step': 2.6487862596652234}
