[2025-01-30 18:45:06,471][__main__][INFO] - 
model:
  dim_treatments: 4
  dim_vitals: 0
  dim_static_features: 1
  dim_outcomes: 1
  name: CRN
  encoder:
    _target_: src.models.crn.CRNEncoder
    seq_hidden_units: 24
    br_size: 24
    fc_hidden_units: 96
    dropout_rate: 0.2
    num_layer: 1
    batch_size: 1024
    optimizer:
      optimizer_cls: adam
      learning_rate: 0.001
      weight_decay: 0.0
      lr_scheduler: false
    tune_hparams: false
    tune_range: 50
    hparams_grid: null
    resources_per_trial: null
  train_decoder: true
  decoder:
    _target_: src.models.crn.CRNDecoder
    seq_hidden_units: null
    br_size: 24
    fc_hidden_units: 12
    dropout_rate: 0.1
    num_layer: 1
    batch_size: 1024
    optimizer:
      optimizer_cls: adam
      learning_rate: 0.001
      weight_decay: 0.0
      lr_scheduler: false
    tune_hparams: false
    tune_range: 30
    hparams_grid: null
    resources_per_trial: null
dataset:
  val_batch_size: 512
  treatment_mode: multiclass
  _target_: src.data.SyntheticCancerDatasetCollection
  name: tumor_generator
  coeff: 6.0
  chemo_coeff: 6.0
  radio_coeff: 6.0
  seed: 10
  random: false
  noise_percentage: 0.0
  num_patients:
    train: 10000
    val: 1000
    test: 1000
  window_size: 15
  lag: 0
  max_seq_length: 60
  projection_horizon: 5
  cf_seq_mode: sliding_treatment
exp:
  seed: 10
  gpus:
  - 0
  max_epochs: 130
  logging: true
  mlflow_uri: http://127.0.0.1:5000
  unscale_rmse: true
  percentage_rmse: true
  alpha: 0.01
  update_alpha: true
  alpha_rate: exp
  initial_balancing_method: grad_reverse
  final_balancing_method: subgroup
  bce_weight: false
  weights_ema: false
  beta: 0.99
  alpha_wass: 100.0
  alpha_wass_epoch: false
  alpha_wass_growth: 0.001
  alpha_wass_max: 0.01
  balancing: grad_reverse
  balancing_switch_epoch: 99
  gap_epoch: 5
  clustering_method: GMM
  number_clusters: 3
  num_timepoints: 59
  checkpoint_dir: ./checkpoints/cancer/crn/SGA/6

[2025-01-30 18:45:06,498][root][INFO] - Simulating initial volumes for stage I  with norm params: mu=1.72, sigma=4.7, lb=-0.6221218732608373, ub=-0.023523848418276528
[2025-01-30 18:45:06,508][root][INFO] - Simulating initial volumes for stage II  with norm params: mu=1.96, sigma=1.63, lb=-1.9410876100159118, ub=0.3711345751297772
[2025-01-30 18:45:06,509][root][INFO] - Simulating initial volumes for stage IIIA  with norm params: mu=1.91, sigma=9.4, lb=-0.33127370258786554, ub=0.06967546355973796
[2025-01-30 18:45:06,510][root][INFO] - Simulating initial volumes for stage IIIB  with norm params: mu=2.76, sigma=6.87, lb=-0.5769974969906748, ub=-0.02839165102452155
[2025-01-30 18:45:06,513][root][INFO] - Simulating initial volumes for stage IV  with norm params: mu=3.86, sigma=8.82, lb=-0.5741465764541877, ub=-0.14683113860980307
[2025-01-30 18:45:06,537][root][INFO] - Got correlated params for 4658 patients
[2025-01-30 18:45:06,542][root][INFO] - Got correlated params for 9338 patients
[2025-01-30 18:45:06,546][root][INFO] - Got correlated params for 13912 patients
[2025-01-30 18:45:06,554][root][INFO] - Simulating beta_c parameters
[2025-01-30 18:45:06,560][root][INFO] - Randomising outputs
[2025-01-30 18:45:06,807][__main__][INFO] - 
model:
  dim_treatments: 4
  dim_vitals: 0
  dim_static_features: 1
  dim_outcomes: 1
  name: CRN
  encoder:
    _target_: src.models.crn.CRNEncoder
    seq_hidden_units: 24
    br_size: 24
    fc_hidden_units: 96
    dropout_rate: 0.2
    num_layer: 1
    batch_size: 1024
    optimizer:
      optimizer_cls: adam
      learning_rate: 0.001
      weight_decay: 0.0
      lr_scheduler: false
    tune_hparams: false
    tune_range: 50
    hparams_grid: null
    resources_per_trial: null
  train_decoder: true
  decoder:
    _target_: src.models.crn.CRNDecoder
    seq_hidden_units: null
    br_size: 24
    fc_hidden_units: 12
    dropout_rate: 0.1
    num_layer: 1
    batch_size: 1024
    optimizer:
      optimizer_cls: adam
      learning_rate: 0.001
      weight_decay: 0.0
      lr_scheduler: false
    tune_hparams: false
    tune_range: 30
    hparams_grid: null
    resources_per_trial: null
dataset:
  val_batch_size: 512
  treatment_mode: multiclass
  _target_: src.data.SyntheticCancerDatasetCollection
  name: tumor_generator
  coeff: 6.0
  chemo_coeff: 6.0
  radio_coeff: 6.0
  seed: 10
  random: false
  noise_percentage: 0.0
  num_patients:
    train: 10000
    val: 1000
    test: 1000
  window_size: 15
  lag: 0
  max_seq_length: 60
  projection_horizon: 5
  cf_seq_mode: sliding_treatment
exp:
  seed: 10
  gpus:
  - 0
  max_epochs: 130
  logging: true
  mlflow_uri: http://127.0.0.1:5000
  unscale_rmse: true
  percentage_rmse: true
  alpha: 0.01
  update_alpha: true
  alpha_rate: exp
  initial_balancing_method: grad_reverse
  final_balancing_method: subgroup
  bce_weight: false
  weights_ema: false
  beta: 0.99
  alpha_wass: 100.0
  alpha_wass_epoch: false
  alpha_wass_growth: 0.001
  alpha_wass_max: 0.01
  balancing: grad_reverse
  balancing_switch_epoch: 99
  gap_epoch: 5
  clustering_method: GMM
  number_clusters: 5
  num_timepoints: 59
  checkpoint_dir: ./checkpoints/cancer/crn/SGA/6

[2025-01-30 18:45:06,818][root][INFO] - Simulating initial volumes for stage I  with norm params: mu=1.72, sigma=4.7, lb=-0.6221218732608373, ub=-0.023523848418276528
[2025-01-30 18:45:06,819][root][INFO] - Simulating initial volumes for stage II  with norm params: mu=1.96, sigma=1.63, lb=-1.9410876100159118, ub=0.3711345751297772
[2025-01-30 18:45:06,820][root][INFO] - Simulating initial volumes for stage IIIA  with norm params: mu=1.91, sigma=9.4, lb=-0.33127370258786554, ub=0.06967546355973796
[2025-01-30 18:45:06,821][root][INFO] - Simulating initial volumes for stage IIIB  with norm params: mu=2.76, sigma=6.87, lb=-0.5769974969906748, ub=-0.02839165102452155
[2025-01-30 18:45:06,824][root][INFO] - Simulating initial volumes for stage IV  with norm params: mu=3.86, sigma=8.82, lb=-0.5741465764541877, ub=-0.14683113860980307
[2025-01-30 18:45:06,832][root][INFO] - Got correlated params for 4658 patients
[2025-01-30 18:45:06,837][root][INFO] - Got correlated params for 9338 patients
[2025-01-30 18:45:06,842][root][INFO] - Got correlated params for 13912 patients
[2025-01-30 18:45:06,849][root][INFO] - Simulating beta_c parameters
[2025-01-30 18:45:06,854][root][INFO] - Randomising outputs
[2025-01-30 18:45:21,694][root][INFO] - Simulating initial volumes for stage I  with norm params: mu=1.72, sigma=4.7, lb=-0.6221218732608373, ub=-0.023523848418276528
[2025-01-30 18:45:21,697][root][INFO] - Simulating initial volumes for stage II  with norm params: mu=1.96, sigma=1.63, lb=-1.9410876100159118, ub=0.3711345751297772
[2025-01-30 18:45:21,697][root][INFO] - Simulating initial volumes for stage IIIA  with norm params: mu=1.91, sigma=9.4, lb=-0.33127370258786554, ub=0.06967546355973796
[2025-01-30 18:45:21,698][root][INFO] - Simulating initial volumes for stage IIIB  with norm params: mu=2.76, sigma=6.87, lb=-0.5769974969906748, ub=-0.02839165102452155
[2025-01-30 18:45:21,699][root][INFO] - Simulating initial volumes for stage IV  with norm params: mu=3.86, sigma=8.82, lb=-0.5741465764541877, ub=-0.14683113860980307
[2025-01-30 18:45:21,701][root][INFO] - Got correlated params for 464 patients
[2025-01-30 18:45:21,702][root][INFO] - Got correlated params for 942 patients
[2025-01-30 18:45:21,703][root][INFO] - Got correlated params for 1398 patients
[2025-01-30 18:45:21,704][root][INFO] - Simulating beta_c parameters
[2025-01-30 18:45:21,705][root][INFO] - Randomising outputs
[2025-01-30 18:45:23,191][root][INFO] - Simulating initial volumes for stage I  with norm params: mu=1.72, sigma=4.7, lb=-0.6221218732608373, ub=-0.023523848418276528
[2025-01-30 18:45:23,192][root][INFO] - Simulating initial volumes for stage II  with norm params: mu=1.96, sigma=1.63, lb=-1.9410876100159118, ub=0.3711345751297772
[2025-01-30 18:45:23,193][root][INFO] - Simulating initial volumes for stage IIIA  with norm params: mu=1.91, sigma=9.4, lb=-0.33127370258786554, ub=0.06967546355973796
[2025-01-30 18:45:23,193][root][INFO] - Simulating initial volumes for stage IIIB  with norm params: mu=2.76, sigma=6.87, lb=-0.5769974969906748, ub=-0.02839165102452155
[2025-01-30 18:45:23,194][root][INFO] - Simulating initial volumes for stage IV  with norm params: mu=3.86, sigma=8.82, lb=-0.5741465764541877, ub=-0.14683113860980307
[2025-01-30 18:45:23,196][root][INFO] - Got correlated params for 491 patients
[2025-01-30 18:45:23,197][root][INFO] - Got correlated params for 936 patients
[2025-01-30 18:45:23,198][root][INFO] - Got correlated params for 1396 patients
[2025-01-30 18:45:23,199][root][INFO] - Simulating beta_c parameters
[2025-01-30 18:45:23,200][root][INFO] - Randomising outputs
[2025-01-30 18:45:24,151][root][INFO] - Simulating initial volumes for stage I  with norm params: mu=1.72, sigma=4.7, lb=-0.6221218732608373, ub=-0.023523848418276528
[2025-01-30 18:45:24,153][root][INFO] - Simulating initial volumes for stage II  with norm params: mu=1.96, sigma=1.63, lb=-1.9410876100159118, ub=0.3711345751297772
[2025-01-30 18:45:24,154][root][INFO] - Simulating initial volumes for stage IIIA  with norm params: mu=1.91, sigma=9.4, lb=-0.33127370258786554, ub=0.06967546355973796
[2025-01-30 18:45:24,154][root][INFO] - Simulating initial volumes for stage IIIB  with norm params: mu=2.76, sigma=6.87, lb=-0.5769974969906748, ub=-0.02839165102452155
[2025-01-30 18:45:24,155][root][INFO] - Simulating initial volumes for stage IV  with norm params: mu=3.86, sigma=8.82, lb=-0.5741465764541877, ub=-0.14683113860980307
[2025-01-30 18:45:24,157][root][INFO] - Got correlated params for 464 patients
[2025-01-30 18:45:24,158][root][INFO] - Got correlated params for 942 patients
[2025-01-30 18:45:24,159][root][INFO] - Got correlated params for 1398 patients
[2025-01-30 18:45:24,160][root][INFO] - Simulating beta_c parameters
[2025-01-30 18:45:24,161][root][INFO] - Randomising outputs
[2025-01-30 18:45:25,859][root][INFO] - Simulating initial volumes for stage I  with norm params: mu=1.72, sigma=4.7, lb=-0.6221218732608373, ub=-0.023523848418276528
[2025-01-30 18:45:25,860][root][INFO] - Simulating initial volumes for stage II  with norm params: mu=1.96, sigma=1.63, lb=-1.9410876100159118, ub=0.3711345751297772
[2025-01-30 18:45:25,860][root][INFO] - Simulating initial volumes for stage IIIA  with norm params: mu=1.91, sigma=9.4, lb=-0.33127370258786554, ub=0.06967546355973796
[2025-01-30 18:45:25,861][root][INFO] - Simulating initial volumes for stage IIIB  with norm params: mu=2.76, sigma=6.87, lb=-0.5769974969906748, ub=-0.02839165102452155
[2025-01-30 18:45:25,862][root][INFO] - Simulating initial volumes for stage IV  with norm params: mu=3.86, sigma=8.82, lb=-0.5741465764541877, ub=-0.14683113860980307
[2025-01-30 18:45:25,863][root][INFO] - Got correlated params for 491 patients
[2025-01-30 18:45:25,864][root][INFO] - Got correlated params for 936 patients
[2025-01-30 18:45:25,865][root][INFO] - Got correlated params for 1396 patients
[2025-01-30 18:45:25,866][root][INFO] - Simulating beta_c parameters
[2025-01-30 18:45:25,867][root][INFO] - Randomising outputs
[2025-01-30 18:45:28,640][root][INFO] - Simulating initial volumes for stage I  with norm params: mu=1.72, sigma=4.7, lb=-0.6221218732608373, ub=-0.023523848418276528
[2025-01-30 18:45:28,641][root][INFO] - Simulating initial volumes for stage II  with norm params: mu=1.96, sigma=1.63, lb=-1.9410876100159118, ub=0.3711345751297772
[2025-01-30 18:45:28,641][root][INFO] - Simulating initial volumes for stage IIIA  with norm params: mu=1.91, sigma=9.4, lb=-0.33127370258786554, ub=0.06967546355973796
[2025-01-30 18:45:28,642][root][INFO] - Simulating initial volumes for stage IIIB  with norm params: mu=2.76, sigma=6.87, lb=-0.5769974969906748, ub=-0.02839165102452155
[2025-01-30 18:45:28,643][root][INFO] - Simulating initial volumes for stage IV  with norm params: mu=3.86, sigma=8.82, lb=-0.5741465764541877, ub=-0.14683113860980307
[2025-01-30 18:45:28,644][root][INFO] - Got correlated params for 434 patients
[2025-01-30 18:45:28,645][root][INFO] - Got correlated params for 874 patients
[2025-01-30 18:45:28,646][root][INFO] - Got correlated params for 1357 patients
[2025-01-30 18:45:28,647][root][INFO] - Simulating beta_c parameters
[2025-01-30 18:45:28,648][root][INFO] - Randomising outputs
[2025-01-30 18:45:32,197][root][INFO] - Simulating initial volumes for stage I  with norm params: mu=1.72, sigma=4.7, lb=-0.6221218732608373, ub=-0.023523848418276528
[2025-01-30 18:45:32,199][root][INFO] - Simulating initial volumes for stage II  with norm params: mu=1.96, sigma=1.63, lb=-1.9410876100159118, ub=0.3711345751297772
[2025-01-30 18:45:32,200][root][INFO] - Simulating initial volumes for stage IIIA  with norm params: mu=1.91, sigma=9.4, lb=-0.33127370258786554, ub=0.06967546355973796
[2025-01-30 18:45:32,200][root][INFO] - Simulating initial volumes for stage IIIB  with norm params: mu=2.76, sigma=6.87, lb=-0.5769974969906748, ub=-0.02839165102452155
[2025-01-30 18:45:32,201][root][INFO] - Simulating initial volumes for stage IV  with norm params: mu=3.86, sigma=8.82, lb=-0.5741465764541877, ub=-0.14683113860980307
[2025-01-30 18:45:32,203][root][INFO] - Got correlated params for 434 patients
[2025-01-30 18:45:32,204][root][INFO] - Got correlated params for 874 patients
[2025-01-30 18:45:32,205][root][INFO] - Got correlated params for 1357 patients
[2025-01-30 18:45:32,206][root][INFO] - Simulating beta_c parameters
[2025-01-30 18:45:32,207][root][INFO] - Randomising outputs
[2025-01-30 18:45:53,072][src.data.cancer_sim.dataset][INFO] - Processing train dataset before training
[2025-01-30 18:45:53,961][src.data.cancer_sim.dataset][INFO] - Shape of processed train data: {'cancer_volume': (10000, 60), 'chemo_dosage': (10000, 60), 'radio_dosage': (10000, 60), 'chemo_application': (10000, 60), 'radio_application': (10000, 60), 'chemo_probabilities': (10000, 60), 'radio_probabilities': (10000, 60), 'sequence_lengths': (10000,), 'death_flags': (10000, 60), 'recovery_flags': (10000, 60), 'patient_types': (10000,), 'prev_treatments': (10000, 59, 4), 'current_treatments': (10000, 59, 4), 'current_covariates': (10000, 59, 2), 'outputs': (10000, 59, 1), 'active_entries': (10000, 59, 1), 'unscaled_outputs': (10000, 59, 1), 'prev_outputs': (10000, 59, 1), 'static_features': (10000, 1)}
[2025-01-30 18:45:53,962][src.data.cancer_sim.dataset][INFO] - Processing val dataset before training
[2025-01-30 18:45:54,051][src.data.cancer_sim.dataset][INFO] - Shape of processed val data: {'cancer_volume': (1000, 60), 'chemo_dosage': (1000, 60), 'radio_dosage': (1000, 60), 'chemo_application': (1000, 60), 'radio_application': (1000, 60), 'chemo_probabilities': (1000, 60), 'radio_probabilities': (1000, 60), 'sequence_lengths': (1000,), 'death_flags': (1000, 60), 'recovery_flags': (1000, 60), 'patient_types': (1000,), 'prev_treatments': (1000, 59, 4), 'current_treatments': (1000, 59, 4), 'current_covariates': (1000, 59, 2), 'outputs': (1000, 59, 1), 'active_entries': (1000, 59, 1), 'unscaled_outputs': (1000, 59, 1), 'prev_outputs': (1000, 59, 1), 'static_features': (1000, 1)}
[2025-01-30 18:45:54,051][src.data.cancer_sim.dataset][INFO] - Processing test dataset before training
[2025-01-30 18:46:00,852][src.data.cancer_sim.dataset][INFO] - Processing train dataset before training
[2025-01-30 18:46:01,741][src.data.cancer_sim.dataset][INFO] - Shape of processed train data: {'cancer_volume': (10000, 60), 'chemo_dosage': (10000, 60), 'radio_dosage': (10000, 60), 'chemo_application': (10000, 60), 'radio_application': (10000, 60), 'chemo_probabilities': (10000, 60), 'radio_probabilities': (10000, 60), 'sequence_lengths': (10000,), 'death_flags': (10000, 60), 'recovery_flags': (10000, 60), 'patient_types': (10000,), 'prev_treatments': (10000, 59, 4), 'current_treatments': (10000, 59, 4), 'current_covariates': (10000, 59, 2), 'outputs': (10000, 59, 1), 'active_entries': (10000, 59, 1), 'unscaled_outputs': (10000, 59, 1), 'prev_outputs': (10000, 59, 1), 'static_features': (10000, 1)}
[2025-01-30 18:46:01,742][src.data.cancer_sim.dataset][INFO] - Processing val dataset before training
[2025-01-30 18:46:01,831][src.data.cancer_sim.dataset][INFO] - Shape of processed val data: {'cancer_volume': (1000, 60), 'chemo_dosage': (1000, 60), 'radio_dosage': (1000, 60), 'chemo_application': (1000, 60), 'radio_application': (1000, 60), 'chemo_probabilities': (1000, 60), 'radio_probabilities': (1000, 60), 'sequence_lengths': (1000,), 'death_flags': (1000, 60), 'recovery_flags': (1000, 60), 'patient_types': (1000,), 'prev_treatments': (1000, 59, 4), 'current_treatments': (1000, 59, 4), 'current_covariates': (1000, 59, 2), 'outputs': (1000, 59, 1), 'active_entries': (1000, 59, 1), 'unscaled_outputs': (1000, 59, 1), 'prev_outputs': (1000, 59, 1), 'static_features': (1000, 1)}
[2025-01-30 18:46:01,831][src.data.cancer_sim.dataset][INFO] - Processing test dataset before training
[2025-01-30 18:46:13,509][src.data.cancer_sim.dataset][INFO] - Shape of processed test data: {'cancer_volume': (224868, 60), 'chemo_application': (224868, 60), 'radio_application': (224868, 60), 'sequence_lengths': (224868,), 'patient_types': (224868,), 'prev_treatments': (224868, 59, 4), 'current_treatments': (224868, 59, 4), 'current_covariates': (224868, 59, 2), 'outputs': (224868, 59, 1), 'active_entries': (224868, 59, 1), 'unscaled_outputs': (224868, 59, 1), 'prev_outputs': (224868, 59, 1), 'static_features': (224868, 1)}
[2025-01-30 18:46:14,164][src.models.crn][INFO] - Input size of encoder: 6
[2025-01-30 18:46:21,187][src.data.cancer_sim.dataset][INFO] - Shape of processed test data: {'cancer_volume': (224868, 60), 'chemo_application': (224868, 60), 'radio_application': (224868, 60), 'sequence_lengths': (224868,), 'patient_types': (224868,), 'prev_treatments': (224868, 59, 4), 'current_treatments': (224868, 59, 4), 'current_covariates': (224868, 59, 2), 'outputs': (224868, 59, 1), 'active_entries': (224868, 59, 1), 'unscaled_outputs': (224868, 59, 1), 'prev_outputs': (224868, 59, 1), 'static_features': (224868, 1)}
[2025-01-30 18:46:21,636][src.models.crn][INFO] - Input size of encoder: 6
