[2024-11-21 03:26:45,116][__main__][INFO] - 
model:
  dim_treatments: 4
  dim_vitals: 0
  dim_static_features: 1
  dim_outcomes: 1
  name: CT
  multi:
    _target_: src.models.ct.CT
    max_seq_length: 65
    seq_hidden_units: 12
    br_size: 16
    fc_hidden_units: 48
    dropout_rate: 0.1
    num_layer: 1
    num_heads: 2
    max_grad_norm: null
    batch_size: 128
    attn_dropout: true
    disable_cross_attention: false
    isolate_subnetwork: _
    self_positional_encoding:
      absolute: false
      trainable: true
      max_relative_position: 15
    optimizer:
      optimizer_cls: adam
      learning_rate: 0.01
      weight_decay: 0.0
      lr_scheduler: false
    augment_with_masked_vitals: true
    tune_hparams: false
    tune_range: 50
    hparams_grid: null
    resources_per_trial: null
  self_positional_encoding:
    max_relative_position: 15
dataset:
  val_batch_size: 512
  treatment_mode: multiclass
  _target_: src.data.SyntheticCancerDatasetCollection
  name: tumor_generator
  coeff: 4.0
  chemo_coeff: 4.0
  radio_coeff: 4.0
  seed: 10
  random: true
  noise_percentage: 0.05
  num_patients:
    train: 10000
    val: 1000
    test: 1000
  window_size: 15
  lag: 0
  max_seq_length: 60
  projection_horizon: 5
  cf_seq_mode: sliding_treatment
exp:
  seed: 10
  gpus:
  - 0
  max_epochs: 200
  logging: true
  mlflow_uri: http://127.0.0.1:5000
  unscale_rmse: true
  percentage_rmse: true
  alpha: 0.01
  update_alpha: true
  alpha_rate: exp
  initial_balancing_method: domain_confusion
  final_balancing_method: domain_confusion
  bce_weight: false
  weights_ema: true
  beta: 0.99
  alpha_wass: 0.0001
  alpha_wass_epoch: false
  alpha_wass_growth: 0.001
  alpha_wass_max: 0.01
  balancing_switch_epoch: 199
  clustering_method: GMM
  number_clusters: 2
  num_timepoints: 59
  gap_epoch: 60
  checkpoint_dir: ./checkpoints/cancer/ct/4

[2024-11-21 03:26:45,163][root][INFO] - Simulating initial volumes for stage I  with norm params: mu=1.72, sigma=4.7, lb=-0.6221218732608373, ub=-0.023523848418276528
[2024-11-21 03:26:45,166][root][INFO] - Simulating initial volumes for stage II  with norm params: mu=1.96, sigma=1.63, lb=-1.9410876100159118, ub=0.3711345751297772
[2024-11-21 03:26:45,167][root][INFO] - Simulating initial volumes for stage IIIA  with norm params: mu=1.91, sigma=9.4, lb=-0.33127370258786554, ub=0.06967546355973796
[2024-11-21 03:26:45,168][root][INFO] - Simulating initial volumes for stage IIIB  with norm params: mu=2.76, sigma=6.87, lb=-0.5769974969906748, ub=-0.02839165102452155
[2024-11-21 03:26:45,170][root][INFO] - Simulating initial volumes for stage IV  with norm params: mu=3.86, sigma=8.82, lb=-0.5741465764541877, ub=-0.14683113860980307
[2024-11-21 03:26:45,196][root][INFO] - Got correlated params for 4658 patients
[2024-11-21 03:26:45,201][root][INFO] - Got correlated params for 9338 patients
[2024-11-21 03:26:45,205][root][INFO] - Got correlated params for 13912 patients
[2024-11-21 03:26:45,213][root][INFO] - Simulating beta_c parameters
[2024-11-21 03:26:45,218][root][INFO] - Randomising outputs
[2024-11-21 03:26:59,917][src.data.cancer_sim.dataset][INFO] - Processing train dataset before training
[2024-11-21 03:27:00,814][src.data.cancer_sim.dataset][INFO] - Shape of processed train data: {'cancer_volume': (10000, 60), 'chemo_dosage': (10000, 60), 'radio_dosage': (10000, 60), 'chemo_application': (10000, 60), 'radio_application': (10000, 60), 'chemo_probabilities': (10000, 60), 'radio_probabilities': (10000, 60), 'sequence_lengths': (10000,), 'death_flags': (10000, 60), 'recovery_flags': (10000, 60), 'patient_types': (10000,), 'prev_treatments': (10000, 59, 4), 'current_treatments': (10000, 59, 4), 'current_covariates': (10000, 59, 2), 'outputs': (10000, 59, 1), 'active_entries': (10000, 59, 1), 'unscaled_outputs': (10000, 59, 1), 'prev_outputs': (10000, 59, 1), 'static_features': (10000, 1)}
[2024-11-21 03:27:00,869][root][INFO] - Simulating initial volumes for stage I  with norm params: mu=1.72, sigma=4.7, lb=-0.6221218732608373, ub=-0.023523848418276528
[2024-11-21 03:27:00,870][root][INFO] - Simulating initial volumes for stage II  with norm params: mu=1.96, sigma=1.63, lb=-1.9410876100159118, ub=0.3711345751297772
[2024-11-21 03:27:00,871][root][INFO] - Simulating initial volumes for stage IIIA  with norm params: mu=1.91, sigma=9.4, lb=-0.33127370258786554, ub=0.06967546355973796
[2024-11-21 03:27:00,872][root][INFO] - Simulating initial volumes for stage IIIB  with norm params: mu=2.76, sigma=6.87, lb=-0.5769974969906748, ub=-0.02839165102452155
[2024-11-21 03:27:00,873][root][INFO] - Simulating initial volumes for stage IV  with norm params: mu=3.86, sigma=8.82, lb=-0.5741465764541877, ub=-0.14683113860980307
[2024-11-21 03:27:00,874][root][INFO] - Got correlated params for 455 patients
[2024-11-21 03:27:00,875][root][INFO] - Got correlated params for 905 patients
[2024-11-21 03:27:00,877][root][INFO] - Got correlated params for 1366 patients
[2024-11-21 03:27:00,878][root][INFO] - Simulating beta_c parameters
[2024-11-21 03:27:00,879][root][INFO] - Randomising outputs
[2024-11-21 03:27:02,313][root][INFO] - Simulating initial volumes for stage I  with norm params: mu=1.72, sigma=4.7, lb=-0.6221218732608373, ub=-0.023523848418276528
[2024-11-21 03:27:02,314][root][INFO] - Simulating initial volumes for stage II  with norm params: mu=1.96, sigma=1.63, lb=-1.9410876100159118, ub=0.3711345751297772
[2024-11-21 03:27:02,314][root][INFO] - Simulating initial volumes for stage IIIA  with norm params: mu=1.91, sigma=9.4, lb=-0.33127370258786554, ub=0.06967546355973796
[2024-11-21 03:27:02,315][root][INFO] - Simulating initial volumes for stage IIIB  with norm params: mu=2.76, sigma=6.87, lb=-0.5769974969906748, ub=-0.02839165102452155
[2024-11-21 03:27:02,315][root][INFO] - Simulating initial volumes for stage IV  with norm params: mu=3.86, sigma=8.82, lb=-0.5741465764541877, ub=-0.14683113860980307
[2024-11-21 03:27:02,317][root][INFO] - Got correlated params for 493 patients
[2024-11-21 03:27:02,318][root][INFO] - Got correlated params for 947 patients
[2024-11-21 03:27:02,319][root][INFO] - Got correlated params for 1403 patients
[2024-11-21 03:27:02,320][root][INFO] - Simulating beta_c parameters
[2024-11-21 03:27:02,321][root][INFO] - Randomising outputs
[2024-11-21 03:27:08,964][root][INFO] - Simulating initial volumes for stage I  with norm params: mu=1.72, sigma=4.7, lb=-0.6221218732608373, ub=-0.023523848418276528
[2024-11-21 03:27:08,965][root][INFO] - Simulating initial volumes for stage II  with norm params: mu=1.96, sigma=1.63, lb=-1.9410876100159118, ub=0.3711345751297772
[2024-11-21 03:27:08,966][root][INFO] - Simulating initial volumes for stage IIIA  with norm params: mu=1.91, sigma=9.4, lb=-0.33127370258786554, ub=0.06967546355973796
[2024-11-21 03:27:08,967][root][INFO] - Simulating initial volumes for stage IIIB  with norm params: mu=2.76, sigma=6.87, lb=-0.5769974969906748, ub=-0.02839165102452155
[2024-11-21 03:27:08,967][root][INFO] - Simulating initial volumes for stage IV  with norm params: mu=3.86, sigma=8.82, lb=-0.5741465764541877, ub=-0.14683113860980307
[2024-11-21 03:27:08,969][root][INFO] - Got correlated params for 445 patients
[2024-11-21 03:27:08,970][root][INFO] - Got correlated params for 895 patients
[2024-11-21 03:27:08,971][root][INFO] - Got correlated params for 1355 patients
[2024-11-21 03:27:08,973][root][INFO] - Simulating beta_c parameters
[2024-11-21 03:27:08,974][root][INFO] - Randomising outputs
[2024-11-21 03:27:35,009][src.data.cancer_sim.dataset][INFO] - train Dataset already processed
[2024-11-21 03:27:35,010][src.data.cancer_sim.dataset][INFO] - Processing val dataset before training
[2024-11-21 03:27:35,103][src.data.cancer_sim.dataset][INFO] - Shape of processed val data: {'cancer_volume': (1000, 60), 'chemo_dosage': (1000, 60), 'radio_dosage': (1000, 60), 'chemo_application': (1000, 60), 'radio_application': (1000, 60), 'chemo_probabilities': (1000, 60), 'radio_probabilities': (1000, 60), 'sequence_lengths': (1000,), 'death_flags': (1000, 60), 'recovery_flags': (1000, 60), 'patient_types': (1000,), 'prev_treatments': (1000, 59, 4), 'current_treatments': (1000, 59, 4), 'current_covariates': (1000, 59, 2), 'outputs': (1000, 59, 1), 'active_entries': (1000, 59, 1), 'unscaled_outputs': (1000, 59, 1), 'prev_outputs': (1000, 59, 1), 'static_features': (1000, 1)}
[2024-11-21 03:27:35,103][src.data.cancer_sim.dataset][INFO] - Processing test dataset before training
[2024-11-21 03:27:54,421][src.data.cancer_sim.dataset][INFO] - Shape of processed test data: {'cancer_volume': (219908, 60), 'chemo_application': (219908, 60), 'radio_application': (219908, 60), 'sequence_lengths': (219908,), 'patient_types': (219908,), 'prev_treatments': (219908, 59, 4), 'current_treatments': (219908, 59, 4), 'current_covariates': (219908, 59, 2), 'outputs': (219908, 59, 1), 'active_entries': (219908, 59, 1), 'unscaled_outputs': (219908, 59, 1), 'prev_outputs': (219908, 59, 1), 'static_features': (219908, 1)}
[2024-11-21 03:27:54,423][src.data.cancer_sim.dataset][INFO] - Processing test dataset before training
[2024-11-21 03:28:47,728][src.data.cancer_sim.dataset][INFO] - Shape of processed test data: {'cancer_volume': (575824, 65), 'chemo_application': (575824, 65), 'radio_application': (575824, 65), 'sequence_lengths': (575824,), 'patient_types': (575824,), 'patient_ids_all_trajectories': (575824,), 'patient_current_t': (575824,), 'prev_treatments': (575824, 64, 4), 'current_treatments': (575824, 64, 4), 'current_covariates': (575824, 64, 2), 'outputs': (575824, 64, 1), 'active_entries': (575824, 64, 1), 'unscaled_outputs': (575824, 64, 1), 'prev_outputs': (575824, 64, 1), 'static_features': (575824, 1)}
[2024-11-21 03:28:47,731][src.data.cancer_sim.dataset][INFO] - Processing test dataset before testing (multiple sequences)
[2024-11-21 03:28:55,860][src.data.cancer_sim.dataset][INFO] - Shape of processed test data: {'active_encoder_r': (575824, 59), 'prev_treatments': (575824, 5, 4), 'current_treatments': (575824, 5, 4), 'current_covariates': (575824, 5, 2), 'prev_outputs': (575824, 5, 1), 'static_features': (575824, 1), 'outputs': (575824, 5, 1), 'sequence_lengths': (575824,), 'active_entries': (575824, 5, 1), 'unscaled_outputs': (575824, 5, 1), 'patient_types': (575824,), 'patient_ids_all_trajectories': (575824,), 'patient_current_t': (575824,)}
[2024-11-21 03:28:58,812][src.models.ct][INFO] - Max input size of multi: 4
[2024-11-21 03:47:04,891][src.models.time_varying_model][INFO] - RMSE calculation for val.
[2024-11-21 03:47:04,893][src.models.time_varying_model][INFO] - Predictions for val.
[2024-11-21 03:47:05,719][__main__][INFO] - Val normalised RMSE (all): 0.6951119867330573; Val normalised RMSE (orig): 0.6907487210368825
[2024-11-21 03:47:05,719][src.models.time_varying_model][INFO] - RMSE calculation for test.
[2024-11-21 03:47:05,719][src.models.time_varying_model][INFO] - Predictions for test.
[2024-11-21 03:47:21,326][__main__][INFO] - Test normalised RMSE (all): 1.03233549319858; Test normalised RMSE (orig): 0.8146153878922011; Test normalised RMSE (only counterfactual): 1.0380378993988546
[2024-11-21 03:47:21,383][src.models.time_varying_model][INFO] - RMSE calculation for test.
[2024-11-21 03:47:21,383][src.models.ct][INFO] - Autoregressive Prediction for test.
[2024-11-21 03:47:21,383][src.models.ct][INFO] - t = 1
[2024-11-21 03:47:21,383][src.models.time_varying_model][INFO] - Predictions for test.
[2024-11-21 03:48:15,588][src.models.ct][INFO] - t = 2
[2024-11-21 03:48:15,589][src.models.time_varying_model][INFO] - Predictions for test.
[2024-11-21 03:49:09,836][src.models.ct][INFO] - t = 3
[2024-11-21 03:49:09,836][src.models.time_varying_model][INFO] - Predictions for test.
[2024-11-21 03:50:03,697][src.models.ct][INFO] - t = 4
[2024-11-21 03:50:03,697][src.models.time_varying_model][INFO] - Predictions for test.
[2024-11-21 03:50:57,228][src.models.ct][INFO] - t = 5
[2024-11-21 03:50:57,229][src.models.time_varying_model][INFO] - Predictions for test.
[2024-11-21 03:51:50,674][src.models.ct][INFO] - t = 6
[2024-11-21 03:51:50,675][src.models.time_varying_model][INFO] - Predictions for test.
[2024-11-21 03:52:45,404][__main__][INFO] - Test normalised RMSE (n-step prediction): {'2-step': 1.0038685400877871, '3-step': 1.1944214801891009, '4-step': 1.36173848887031, '5-step': 1.5218286384335618, '6-step': 1.6632113192185543}
