[2025-01-27 04:02:39,167][__main__][INFO] - 
model:
  dim_treatments: 4
  dim_vitals: 0
  dim_static_features: 1
  dim_outcomes: 1
  name: CRN
  encoder:
    _target_: src.models.crn.CRNEncoder
    seq_hidden_units: 24
    br_size: 18
    fc_hidden_units: 36
    dropout_rate: 0.1
    num_layer: 1
    batch_size: 256
    optimizer:
      optimizer_cls: adam
      learning_rate: 0.001
      weight_decay: 0.0
      lr_scheduler: false
    tune_hparams: false
    tune_range: 50
    hparams_grid: null
    resources_per_trial: null
  train_decoder: true
  decoder:
    _target_: src.models.crn.CRNDecoder
    seq_hidden_units: null
    br_size: 24
    fc_hidden_units: 24
    dropout_rate: 0.2
    num_layer: 1
    batch_size: 512
    optimizer:
      optimizer_cls: adam
      learning_rate: 0.001
      weight_decay: 0.0
      lr_scheduler: false
    tune_hparams: false
    tune_range: 30
    hparams_grid: null
    resources_per_trial: null
dataset:
  val_batch_size: 512
  treatment_mode: multiclass
  _target_: src.data.SyntheticCancerDatasetCollection
  name: tumor_generator
  coeff: 0.0
  chemo_coeff: 0.0
  radio_coeff: 0.0
  seed: 10
  random: true
  noise_percentage: 0.0
  num_patients:
    train: 10000
    val: 1000
    test: 1000
  window_size: 15
  lag: 0
  max_seq_length: 60
  projection_horizon: 5
  cf_seq_mode: sliding_treatment
exp:
  seed: 10
  gpus:
  - 0
  max_epochs: 120
  logging: true
  mlflow_uri: http://127.0.0.1:5000
  unscale_rmse: true
  percentage_rmse: true
  alpha: 0.01
  update_alpha: true
  alpha_rate: exp
  initial_balancing_method: grad_reverse
  final_balancing_method: subgroup
  bce_weight: false
  weights_ema: false
  beta: 0.99
  alpha_wass: 0.0001
  alpha_wass_epoch: false
  alpha_wass_growth: 0.001
  alpha_wass_max: 0.01
  balancing: grad_reverse
  balancing_switch_epoch: 99
  gap_epoch: 10
  clustering_method: GMM
  number_clusters: 2
  num_timepoints: 59
  checkpoint_dir: ./checkpoints/cancer/crn/0

[2025-01-27 04:02:39,189][root][INFO] - Simulating initial volumes for stage I  with norm params: mu=1.72, sigma=4.7, lb=-0.6221218732608373, ub=-0.023523848418276528
[2025-01-27 04:02:39,195][root][INFO] - Simulating initial volumes for stage II  with norm params: mu=1.96, sigma=1.63, lb=-1.9410876100159118, ub=0.3711345751297772
[2025-01-27 04:02:39,196][root][INFO] - Simulating initial volumes for stage IIIA  with norm params: mu=1.91, sigma=9.4, lb=-0.33127370258786554, ub=0.06967546355973796
[2025-01-27 04:02:39,197][root][INFO] - Simulating initial volumes for stage IIIB  with norm params: mu=2.76, sigma=6.87, lb=-0.5769974969906748, ub=-0.02839165102452155
[2025-01-27 04:02:39,200][root][INFO] - Simulating initial volumes for stage IV  with norm params: mu=3.86, sigma=8.82, lb=-0.5741465764541877, ub=-0.14683113860980307
[2025-01-27 04:02:39,221][root][INFO] - Got correlated params for 4658 patients
[2025-01-27 04:02:39,226][root][INFO] - Got correlated params for 9338 patients
[2025-01-27 04:02:39,231][root][INFO] - Got correlated params for 13912 patients
[2025-01-27 04:02:39,238][root][INFO] - Simulating beta_c parameters
[2025-01-27 04:02:39,244][root][INFO] - Randomising outputs
[2025-01-27 04:02:53,371][src.data.cancer_sim.dataset][INFO] - Processing train dataset before training
[2025-01-27 04:02:54,503][src.data.cancer_sim.dataset][INFO] - Shape of processed train data: {'cancer_volume': (10000, 60), 'chemo_dosage': (10000, 60), 'radio_dosage': (10000, 60), 'chemo_application': (10000, 60), 'radio_application': (10000, 60), 'chemo_probabilities': (10000, 60), 'radio_probabilities': (10000, 60), 'sequence_lengths': (10000,), 'death_flags': (10000, 60), 'recovery_flags': (10000, 60), 'patient_types': (10000,), 'prev_treatments': (10000, 59, 4), 'current_treatments': (10000, 59, 4), 'current_covariates': (10000, 59, 2), 'outputs': (10000, 59, 1), 'active_entries': (10000, 59, 1), 'unscaled_outputs': (10000, 59, 1), 'prev_outputs': (10000, 59, 1), 'static_features': (10000, 1)}
[2025-01-27 04:02:54,519][root][INFO] - Simulating initial volumes for stage I  with norm params: mu=1.72, sigma=4.7, lb=-0.6221218732608373, ub=-0.023523848418276528
[2025-01-27 04:02:54,520][root][INFO] - Simulating initial volumes for stage II  with norm params: mu=1.96, sigma=1.63, lb=-1.9410876100159118, ub=0.3711345751297772
[2025-01-27 04:02:54,521][root][INFO] - Simulating initial volumes for stage IIIA  with norm params: mu=1.91, sigma=9.4, lb=-0.33127370258786554, ub=0.06967546355973796
[2025-01-27 04:02:54,521][root][INFO] - Simulating initial volumes for stage IIIB  with norm params: mu=2.76, sigma=6.87, lb=-0.5769974969906748, ub=-0.02839165102452155
[2025-01-27 04:02:54,522][root][INFO] - Simulating initial volumes for stage IV  with norm params: mu=3.86, sigma=8.82, lb=-0.5741465764541877, ub=-0.14683113860980307
[2025-01-27 04:02:54,524][root][INFO] - Got correlated params for 499 patients
[2025-01-27 04:02:54,525][root][INFO] - Got correlated params for 982 patients
[2025-01-27 04:02:54,526][root][INFO] - Got correlated params for 1434 patients
[2025-01-27 04:02:54,527][root][INFO] - Simulating beta_c parameters
[2025-01-27 04:02:54,528][root][INFO] - Randomising outputs
[2025-01-27 04:02:56,006][root][INFO] - Simulating initial volumes for stage I  with norm params: mu=1.72, sigma=4.7, lb=-0.6221218732608373, ub=-0.023523848418276528
[2025-01-27 04:02:56,006][root][INFO] - Simulating initial volumes for stage II  with norm params: mu=1.96, sigma=1.63, lb=-1.9410876100159118, ub=0.3711345751297772
[2025-01-27 04:02:56,007][root][INFO] - Simulating initial volumes for stage IIIA  with norm params: mu=1.91, sigma=9.4, lb=-0.33127370258786554, ub=0.06967546355973796
[2025-01-27 04:02:56,007][root][INFO] - Simulating initial volumes for stage IIIB  with norm params: mu=2.76, sigma=6.87, lb=-0.5769974969906748, ub=-0.02839165102452155
[2025-01-27 04:02:56,008][root][INFO] - Simulating initial volumes for stage IV  with norm params: mu=3.86, sigma=8.82, lb=-0.5741465764541877, ub=-0.14683113860980307
[2025-01-27 04:02:56,010][root][INFO] - Got correlated params for 494 patients
[2025-01-27 04:02:56,011][root][INFO] - Got correlated params for 937 patients
[2025-01-27 04:02:56,012][root][INFO] - Got correlated params for 1397 patients
[2025-01-27 04:02:56,013][root][INFO] - Simulating beta_c parameters
[2025-01-27 04:02:56,014][root][INFO] - Randomising outputs
[2025-01-27 04:03:00,941][root][INFO] - Simulating initial volumes for stage I  with norm params: mu=1.72, sigma=4.7, lb=-0.6221218732608373, ub=-0.023523848418276528
[2025-01-27 04:03:00,942][root][INFO] - Simulating initial volumes for stage II  with norm params: mu=1.96, sigma=1.63, lb=-1.9410876100159118, ub=0.3711345751297772
[2025-01-27 04:03:00,943][root][INFO] - Simulating initial volumes for stage IIIA  with norm params: mu=1.91, sigma=9.4, lb=-0.33127370258786554, ub=0.06967546355973796
[2025-01-27 04:03:00,943][root][INFO] - Simulating initial volumes for stage IIIB  with norm params: mu=2.76, sigma=6.87, lb=-0.5769974969906748, ub=-0.02839165102452155
[2025-01-27 04:03:00,944][root][INFO] - Simulating initial volumes for stage IV  with norm params: mu=3.86, sigma=8.82, lb=-0.5741465764541877, ub=-0.14683113860980307
[2025-01-27 04:03:00,946][root][INFO] - Got correlated params for 434 patients
[2025-01-27 04:03:00,947][root][INFO] - Got correlated params for 874 patients
[2025-01-27 04:03:00,948][root][INFO] - Got correlated params for 1357 patients
[2025-01-27 04:03:00,949][root][INFO] - Simulating beta_c parameters
[2025-01-27 04:03:00,950][root][INFO] - Randomising outputs
[2025-01-27 04:03:24,005][src.data.cancer_sim.dataset][INFO] - train Dataset already processed
[2025-01-27 04:03:24,005][src.data.cancer_sim.dataset][INFO] - Processing val dataset before training
[2025-01-27 04:03:24,120][src.data.cancer_sim.dataset][INFO] - Shape of processed val data: {'cancer_volume': (1000, 60), 'chemo_dosage': (1000, 60), 'radio_dosage': (1000, 60), 'chemo_application': (1000, 60), 'radio_application': (1000, 60), 'chemo_probabilities': (1000, 60), 'radio_probabilities': (1000, 60), 'sequence_lengths': (1000,), 'death_flags': (1000, 60), 'recovery_flags': (1000, 60), 'patient_types': (1000,), 'prev_treatments': (1000, 59, 4), 'current_treatments': (1000, 59, 4), 'current_covariates': (1000, 59, 2), 'outputs': (1000, 59, 1), 'active_entries': (1000, 59, 1), 'unscaled_outputs': (1000, 59, 1), 'prev_outputs': (1000, 59, 1), 'static_features': (1000, 1)}
[2025-01-27 04:03:24,120][src.data.cancer_sim.dataset][INFO] - Processing test dataset before training
[2025-01-27 04:03:43,870][src.data.cancer_sim.dataset][INFO] - Shape of processed test data: {'cancer_volume': (200260, 60), 'chemo_application': (200260, 60), 'radio_application': (200260, 60), 'sequence_lengths': (200260,), 'patient_types': (200260,), 'prev_treatments': (200260, 59, 4), 'current_treatments': (200260, 59, 4), 'current_covariates': (200260, 59, 2), 'outputs': (200260, 59, 1), 'active_entries': (200260, 59, 1), 'unscaled_outputs': (200260, 59, 1), 'prev_outputs': (200260, 59, 1), 'static_features': (200260, 1)}
[2025-01-27 04:03:44,424][src.models.crn][INFO] - Input size of encoder: 6
[2025-01-27 04:12:08,899][src.models.time_varying_model][INFO] - RMSE calculation for val.
[2025-01-27 04:12:08,900][src.models.time_varying_model][INFO] - Predictions for val.
[2025-01-27 04:12:09,416][__main__][INFO] - Val normalised RMSE (all): 0.7194289895922203; Val normalised RMSE (orig): 0.6730843131504048
[2025-01-27 04:12:09,416][src.models.time_varying_model][INFO] - RMSE calculation for test.
[2025-01-27 04:12:09,416][src.models.time_varying_model][INFO] - Predictions for test.
[2025-01-27 04:12:21,481][__main__][INFO] - Test normalised RMSE (all): 0.8741074805053539; Test normalised RMSE (orig): 0.6059019079234989; Test normalised RMSE (only counterfactual): 0.7210645359335057
[2025-01-27 04:12:21,537][src.models.crn][INFO] - Input size of decoder: 6
[2025-01-27 04:12:21,555][src.data.cancer_sim.dataset][INFO] - train Dataset already processed
[2025-01-27 04:12:21,555][src.data.cancer_sim.dataset][INFO] - val Dataset already processed
[2025-01-27 04:12:21,556][src.data.cancer_sim.dataset][INFO] - Processing test dataset before training
[2025-01-27 04:13:15,159][src.data.cancer_sim.dataset][INFO] - Shape of processed test data: {'cancer_volume': (506363, 65), 'chemo_application': (506363, 65), 'radio_application': (506363, 65), 'sequence_lengths': (506363,), 'patient_types': (506363,), 'patient_ids_all_trajectories': (506363,), 'patient_current_t': (506363,), 'prev_treatments': (506363, 64, 4), 'current_treatments': (506363, 64, 4), 'current_covariates': (506363, 64, 2), 'outputs': (506363, 64, 1), 'active_entries': (506363, 64, 1), 'unscaled_outputs': (506363, 64, 1), 'prev_outputs': (506363, 64, 1), 'static_features': (506363, 1)}
[2025-01-27 04:13:15,162][src.models.time_varying_model][INFO] - Balanced representations inference for train.
[2025-01-27 04:13:16,404][src.models.time_varying_model][INFO] - Balanced representations inference for val.
[2025-01-27 04:13:16,913][src.models.time_varying_model][INFO] - Balanced representations inference for test.
[2025-01-27 04:13:50,382][src.models.time_varying_model][INFO] - Predictions for test.
[2025-01-27 04:14:22,652][src.data.cancer_sim.dataset][INFO] - Processing train dataset before training (multiple sequences)
[2025-01-27 04:14:25,208][src.data.cancer_sim.dataset][INFO] - Shape of processed train data: {'init_state': (453842, 18), 'original_index': (453842,), 'active_encoder_r': (453842, 59), 'prev_treatments': (453842, 5, 4), 'current_treatments': (453842, 5, 4), 'current_covariates': (453842, 5, 2), 'prev_outputs': (453842, 5, 1), 'static_features': (453842, 1), 'outputs': (453842, 5, 1), 'sequence_lengths': (453842,), 'active_entries': (453842, 5, 1), 'unscaled_outputs': (453842, 5, 1)}
[2025-01-27 04:14:25,210][src.data.cancer_sim.dataset][INFO] - Processing val dataset before training (multiple sequences)
[2025-01-27 04:14:25,460][src.data.cancer_sim.dataset][INFO] - Shape of processed val data: {'init_state': (45188, 18), 'original_index': (45188,), 'active_encoder_r': (45188, 59), 'prev_treatments': (45188, 5, 4), 'current_treatments': (45188, 5, 4), 'current_covariates': (45188, 5, 2), 'prev_outputs': (45188, 5, 1), 'static_features': (45188, 1), 'outputs': (45188, 5, 1), 'sequence_lengths': (45188,), 'active_entries': (45188, 5, 1), 'unscaled_outputs': (45188, 5, 1)}
[2025-01-27 04:14:25,460][src.data.cancer_sim.dataset][INFO] - Processing test dataset before testing (multiple sequences)
[2025-01-27 04:14:32,378][src.data.cancer_sim.dataset][INFO] - Shape of processed test data: {'active_encoder_r': (506363, 59), 'prev_treatments': (506363, 5, 4), 'current_treatments': (506363, 5, 4), 'current_covariates': (506363, 5, 2), 'prev_outputs': (506363, 5, 1), 'static_features': (506363, 1), 'outputs': (506363, 5, 1), 'sequence_lengths': (506363,), 'active_entries': (506363, 5, 1), 'unscaled_outputs': (506363, 5, 1), 'patient_types': (506363,), 'patient_ids_all_trajectories': (506363,), 'patient_current_t': (506363,), 'init_state': (506363, 18)}
[2025-01-27 04:14:32,431][src.data.cancer_sim.dataset][INFO] - Processing test dataset before testing (autoregressive)
[2025-01-27 04:14:36,105][src.data.cancer_sim.dataset][INFO] - Shape of processed test data: {'current_covariates': (506363, 5, 2), 'prev_treatments': (506363, 5, 4), 'current_treatments': (506363, 5, 4), 'init_state': (506363, 18), 'active_encoder_r': (506363, 59), 'active_entries': (506363, 5, 1), 'prev_outputs': (506363, 5, 1), 'static_features': (506363, 1)}
[2025-01-27 04:23:10,939][src.models.time_varying_model][INFO] - RMSE calculation for val.
[2025-01-27 04:23:10,940][src.models.time_varying_model][INFO] - Predictions for val.
[2025-01-27 04:23:12,829][__main__][INFO] - Val normalised RMSE (all): 0.4094593246962618; Val normalised RMSE (orig): 0.40945932469626234
[2025-01-27 04:23:12,830][src.models.time_varying_model][INFO] - RMSE calculation for test.
[2025-01-27 04:23:12,830][src.models.time_varying_model][INFO] - Autoregressive Prediction for test.
[2025-01-27 04:23:12,833][src.models.time_varying_model][INFO] - t = 2
[2025-01-27 04:23:12,833][src.models.time_varying_model][INFO] - Predictions for test.
[2025-01-27 04:23:26,541][src.models.time_varying_model][INFO] - t = 3
[2025-01-27 04:23:26,542][src.models.time_varying_model][INFO] - Predictions for test.
[2025-01-27 04:23:40,393][src.models.time_varying_model][INFO] - t = 4
[2025-01-27 04:23:40,394][src.models.time_varying_model][INFO] - Predictions for test.
[2025-01-27 04:23:54,102][src.models.time_varying_model][INFO] - t = 5
[2025-01-27 04:23:54,102][src.models.time_varying_model][INFO] - Predictions for test.
[2025-01-27 04:24:08,115][src.models.time_varying_model][INFO] - t = 6
[2025-01-27 04:24:08,115][src.models.time_varying_model][INFO] - Predictions for test.
[2025-01-27 04:24:23,153][__main__][INFO] - Test normalised RMSE (n-step prediction): {'2-step': 0.6305165899606932, '3-step': 0.648166762350125, '4-step': 0.6750716196121855, '5-step': 0.7076404273750269, '6-step': 0.740058068317553}
