[2024-11-27 13:58:56,430][__main__][INFO] - 
model:
  dim_treatments: 4
  dim_vitals: 0
  dim_static_features: 1
  dim_outcomes: 1
  name: CRN
  encoder:
    _target_: src.models.crn.CRNEncoder
    seq_hidden_units: 24
    br_size: 24
    fc_hidden_units: 96
    dropout_rate: 0.2
    num_layer: 1
    batch_size: 64
    optimizer:
      optimizer_cls: adam
      learning_rate: 0.001
      weight_decay: 0.0
      lr_scheduler: false
    tune_hparams: false
    tune_range: 50
    hparams_grid: null
    resources_per_trial: null
  train_decoder: true
  decoder:
    _target_: src.models.crn.CRNDecoder
    seq_hidden_units: null
    br_size: 18
    fc_hidden_units: 9
    dropout_rate: 0.1
    num_layer: 1
    batch_size: 256
    optimizer:
      optimizer_cls: adam
      learning_rate: 0.01
      weight_decay: 0.0
      lr_scheduler: false
    tune_hparams: false
    tune_range: 30
    hparams_grid: null
    resources_per_trial: null
dataset:
  val_batch_size: 512
  treatment_mode: multiclass
  _target_: src.data.SyntheticCancerDatasetCollection
  name: tumor_generator
  coeff: 3.0
  chemo_coeff: 3.0
  radio_coeff: 3.0
  seed: 10
  random: true
  noise_percentage: 0.05
  num_patients:
    train: 10000
    val: 1000
    test: 1000
  window_size: 15
  lag: 0
  max_seq_length: 60
  projection_horizon: 5
  cf_seq_mode: sliding_treatment
exp:
  seed: 10
  gpus:
  - 0
  max_epochs: 220
  logging: true
  mlflow_uri: http://127.0.0.1:5000
  unscale_rmse: true
  percentage_rmse: true
  alpha: 1.0
  update_alpha: true
  alpha_rate: exp
  initial_balancing_method: grad_reverse
  final_balancing_method: subgroup
  bce_weight: false
  weights_ema: false
  beta: 0.99
  alpha_wass: 0.0001
  alpha_wass_epoch: false
  alpha_wass_growth: 0.001
  alpha_wass_max: 0.01
  balancing: grad_reverse
  balancing_switch_epoch: 199
  clustering_method: GMM
  number_clusters: 2
  num_timepoints: 59
  gap_epoch: 10
  checkpoint_dir: ./checkpoints/cancer/crn/3

[2024-11-27 13:58:56,475][root][INFO] - Simulating initial volumes for stage I  with norm params: mu=1.72, sigma=4.7, lb=-0.6221218732608373, ub=-0.023523848418276528
[2024-11-27 13:58:56,479][root][INFO] - Simulating initial volumes for stage II  with norm params: mu=1.96, sigma=1.63, lb=-1.9410876100159118, ub=0.3711345751297772
[2024-11-27 13:58:56,480][root][INFO] - Simulating initial volumes for stage IIIA  with norm params: mu=1.91, sigma=9.4, lb=-0.33127370258786554, ub=0.06967546355973796
[2024-11-27 13:58:56,481][root][INFO] - Simulating initial volumes for stage IIIB  with norm params: mu=2.76, sigma=6.87, lb=-0.5769974969906748, ub=-0.02839165102452155
[2024-11-27 13:58:56,483][root][INFO] - Simulating initial volumes for stage IV  with norm params: mu=3.86, sigma=8.82, lb=-0.5741465764541877, ub=-0.14683113860980307
[2024-11-27 13:58:56,515][root][INFO] - Got correlated params for 4658 patients
[2024-11-27 13:58:56,520][root][INFO] - Got correlated params for 9338 patients
[2024-11-27 13:58:56,525][root][INFO] - Got correlated params for 13912 patients
[2024-11-27 13:58:56,533][root][INFO] - Simulating beta_c parameters
[2024-11-27 13:58:56,538][root][INFO] - Randomising outputs
[2024-11-27 13:59:11,365][src.data.cancer_sim.dataset][INFO] - Processing train dataset before training
[2024-11-27 13:59:12,304][src.data.cancer_sim.dataset][INFO] - Shape of processed train data: {'cancer_volume': (10000, 60), 'chemo_dosage': (10000, 60), 'radio_dosage': (10000, 60), 'chemo_application': (10000, 60), 'radio_application': (10000, 60), 'chemo_probabilities': (10000, 60), 'radio_probabilities': (10000, 60), 'sequence_lengths': (10000,), 'death_flags': (10000, 60), 'recovery_flags': (10000, 60), 'patient_types': (10000,), 'prev_treatments': (10000, 59, 4), 'current_treatments': (10000, 59, 4), 'current_covariates': (10000, 59, 2), 'outputs': (10000, 59, 1), 'active_entries': (10000, 59, 1), 'unscaled_outputs': (10000, 59, 1), 'prev_outputs': (10000, 59, 1), 'static_features': (10000, 1)}
[2024-11-27 13:59:12,356][root][INFO] - Simulating initial volumes for stage I  with norm params: mu=1.72, sigma=4.7, lb=-0.6221218732608373, ub=-0.023523848418276528
[2024-11-27 13:59:12,357][root][INFO] - Simulating initial volumes for stage II  with norm params: mu=1.96, sigma=1.63, lb=-1.9410876100159118, ub=0.3711345751297772
[2024-11-27 13:59:12,358][root][INFO] - Simulating initial volumes for stage IIIA  with norm params: mu=1.91, sigma=9.4, lb=-0.33127370258786554, ub=0.06967546355973796
[2024-11-27 13:59:12,358][root][INFO] - Simulating initial volumes for stage IIIB  with norm params: mu=2.76, sigma=6.87, lb=-0.5769974969906748, ub=-0.02839165102452155
[2024-11-27 13:59:12,359][root][INFO] - Simulating initial volumes for stage IV  with norm params: mu=3.86, sigma=8.82, lb=-0.5741465764541877, ub=-0.14683113860980307
[2024-11-27 13:59:12,361][root][INFO] - Got correlated params for 455 patients
[2024-11-27 13:59:12,362][root][INFO] - Got correlated params for 905 patients
[2024-11-27 13:59:12,363][root][INFO] - Got correlated params for 1366 patients
[2024-11-27 13:59:12,364][root][INFO] - Simulating beta_c parameters
[2024-11-27 13:59:12,365][root][INFO] - Randomising outputs
[2024-11-27 13:59:13,808][root][INFO] - Simulating initial volumes for stage I  with norm params: mu=1.72, sigma=4.7, lb=-0.6221218732608373, ub=-0.023523848418276528
[2024-11-27 13:59:13,808][root][INFO] - Simulating initial volumes for stage II  with norm params: mu=1.96, sigma=1.63, lb=-1.9410876100159118, ub=0.3711345751297772
[2024-11-27 13:59:13,809][root][INFO] - Simulating initial volumes for stage IIIA  with norm params: mu=1.91, sigma=9.4, lb=-0.33127370258786554, ub=0.06967546355973796
[2024-11-27 13:59:13,809][root][INFO] - Simulating initial volumes for stage IIIB  with norm params: mu=2.76, sigma=6.87, lb=-0.5769974969906748, ub=-0.02839165102452155
[2024-11-27 13:59:13,810][root][INFO] - Simulating initial volumes for stage IV  with norm params: mu=3.86, sigma=8.82, lb=-0.5741465764541877, ub=-0.14683113860980307
[2024-11-27 13:59:13,812][root][INFO] - Got correlated params for 493 patients
[2024-11-27 13:59:13,813][root][INFO] - Got correlated params for 947 patients
[2024-11-27 13:59:13,813][root][INFO] - Got correlated params for 1403 patients
[2024-11-27 13:59:13,814][root][INFO] - Simulating beta_c parameters
[2024-11-27 13:59:13,815][root][INFO] - Randomising outputs
[2024-11-27 13:59:20,476][root][INFO] - Simulating initial volumes for stage I  with norm params: mu=1.72, sigma=4.7, lb=-0.6221218732608373, ub=-0.023523848418276528
[2024-11-27 13:59:20,477][root][INFO] - Simulating initial volumes for stage II  with norm params: mu=1.96, sigma=1.63, lb=-1.9410876100159118, ub=0.3711345751297772
[2024-11-27 13:59:20,478][root][INFO] - Simulating initial volumes for stage IIIA  with norm params: mu=1.91, sigma=9.4, lb=-0.33127370258786554, ub=0.06967546355973796
[2024-11-27 13:59:20,479][root][INFO] - Simulating initial volumes for stage IIIB  with norm params: mu=2.76, sigma=6.87, lb=-0.5769974969906748, ub=-0.02839165102452155
[2024-11-27 13:59:20,479][root][INFO] - Simulating initial volumes for stage IV  with norm params: mu=3.86, sigma=8.82, lb=-0.5741465764541877, ub=-0.14683113860980307
[2024-11-27 13:59:20,482][root][INFO] - Got correlated params for 445 patients
[2024-11-27 13:59:20,483][root][INFO] - Got correlated params for 895 patients
[2024-11-27 13:59:20,484][root][INFO] - Got correlated params for 1355 patients
[2024-11-27 13:59:20,485][root][INFO] - Simulating beta_c parameters
[2024-11-27 13:59:20,486][root][INFO] - Randomising outputs
[2024-11-27 13:59:45,662][src.data.cancer_sim.dataset][INFO] - train Dataset already processed
[2024-11-27 13:59:45,663][src.data.cancer_sim.dataset][INFO] - Processing val dataset before training
[2024-11-27 13:59:45,760][src.data.cancer_sim.dataset][INFO] - Shape of processed val data: {'cancer_volume': (1000, 60), 'chemo_dosage': (1000, 60), 'radio_dosage': (1000, 60), 'chemo_application': (1000, 60), 'radio_application': (1000, 60), 'chemo_probabilities': (1000, 60), 'radio_probabilities': (1000, 60), 'sequence_lengths': (1000,), 'death_flags': (1000, 60), 'recovery_flags': (1000, 60), 'patient_types': (1000,), 'prev_treatments': (1000, 59, 4), 'current_treatments': (1000, 59, 4), 'current_covariates': (1000, 59, 2), 'outputs': (1000, 59, 1), 'active_entries': (1000, 59, 1), 'unscaled_outputs': (1000, 59, 1), 'prev_outputs': (1000, 59, 1), 'static_features': (1000, 1)}
[2024-11-27 13:59:45,760][src.data.cancer_sim.dataset][INFO] - Processing test dataset before training
[2024-11-27 14:00:05,471][src.data.cancer_sim.dataset][INFO] - Shape of processed test data: {'cancer_volume': (222916, 60), 'chemo_application': (222916, 60), 'radio_application': (222916, 60), 'sequence_lengths': (222916,), 'patient_types': (222916,), 'prev_treatments': (222916, 59, 4), 'current_treatments': (222916, 59, 4), 'current_covariates': (222916, 59, 2), 'outputs': (222916, 59, 1), 'active_entries': (222916, 59, 1), 'unscaled_outputs': (222916, 59, 1), 'prev_outputs': (222916, 59, 1), 'static_features': (222916, 1)}
[2024-11-27 14:00:06,161][src.models.crn][INFO] - Input size of encoder: 6
[2024-11-27 14:30:29,925][src.models.time_varying_model][INFO] - RMSE calculation for val.
[2024-11-27 14:30:29,926][src.models.time_varying_model][INFO] - Predictions for val.
[2024-11-27 14:30:30,564][__main__][INFO] - Val normalised RMSE (all): 0.6285403182269805; Val normalised RMSE (orig): 0.6226699510283917
[2024-11-27 14:30:30,564][src.models.time_varying_model][INFO] - RMSE calculation for test.
[2024-11-27 14:30:30,565][src.models.time_varying_model][INFO] - Predictions for test.
[2024-11-27 14:30:45,669][__main__][INFO] - Test normalised RMSE (all): 0.8453452321686354; Test normalised RMSE (orig): 0.6162494819512668; Test normalised RMSE (only counterfactual): 0.7969740021961097
[2024-11-27 14:30:45,740][src.models.crn][INFO] - Input size of decoder: 6
[2024-11-27 14:30:45,770][src.data.cancer_sim.dataset][INFO] - train Dataset already processed
[2024-11-27 14:30:45,770][src.data.cancer_sim.dataset][INFO] - val Dataset already processed
[2024-11-27 14:30:45,770][src.data.cancer_sim.dataset][INFO] - Processing test dataset before training
[2024-11-27 14:31:40,231][src.data.cancer_sim.dataset][INFO] - Shape of processed test data: {'cancer_volume': (573992, 65), 'chemo_application': (573992, 65), 'radio_application': (573992, 65), 'sequence_lengths': (573992,), 'patient_types': (573992,), 'patient_ids_all_trajectories': (573992,), 'patient_current_t': (573992,), 'prev_treatments': (573992, 64, 4), 'current_treatments': (573992, 64, 4), 'current_covariates': (573992, 64, 2), 'outputs': (573992, 64, 1), 'active_entries': (573992, 64, 1), 'unscaled_outputs': (573992, 64, 1), 'prev_outputs': (573992, 64, 1), 'static_features': (573992, 1)}
[2024-11-27 14:31:40,234][src.models.time_varying_model][INFO] - Balanced representations inference for train.
[2024-11-27 14:31:41,853][src.models.time_varying_model][INFO] - Balanced representations inference for val.
[2024-11-27 14:31:42,467][src.models.time_varying_model][INFO] - Balanced representations inference for test.
[2024-11-27 14:32:19,466][src.models.time_varying_model][INFO] - Predictions for test.
[2024-11-27 14:32:58,355][src.data.cancer_sim.dataset][INFO] - Processing train dataset before training (multiple sequences)
[2024-11-27 14:33:01,142][src.data.cancer_sim.dataset][INFO] - Shape of processed train data: {'init_state': (512062, 24), 'original_index': (512062,), 'active_encoder_r': (512062, 59), 'prev_treatments': (512062, 5, 4), 'current_treatments': (512062, 5, 4), 'current_covariates': (512062, 5, 2), 'prev_outputs': (512062, 5, 1), 'static_features': (512062, 1), 'outputs': (512062, 5, 1), 'sequence_lengths': (512062,), 'active_entries': (512062, 5, 1), 'unscaled_outputs': (512062, 5, 1)}
[2024-11-27 14:33:01,143][src.data.cancer_sim.dataset][INFO] - Processing val dataset before training (multiple sequences)
[2024-11-27 14:33:01,433][src.data.cancer_sim.dataset][INFO] - Shape of processed val data: {'init_state': (51750, 24), 'original_index': (51750,), 'active_encoder_r': (51750, 59), 'prev_treatments': (51750, 5, 4), 'current_treatments': (51750, 5, 4), 'current_covariates': (51750, 5, 2), 'prev_outputs': (51750, 5, 1), 'static_features': (51750, 1), 'outputs': (51750, 5, 1), 'sequence_lengths': (51750,), 'active_entries': (51750, 5, 1), 'unscaled_outputs': (51750, 5, 1)}
[2024-11-27 14:33:01,434][src.data.cancer_sim.dataset][INFO] - Processing test dataset before testing (multiple sequences)
[2024-11-27 14:33:09,928][src.data.cancer_sim.dataset][INFO] - Shape of processed test data: {'active_encoder_r': (573992, 59), 'prev_treatments': (573992, 5, 4), 'current_treatments': (573992, 5, 4), 'current_covariates': (573992, 5, 2), 'prev_outputs': (573992, 5, 1), 'static_features': (573992, 1), 'outputs': (573992, 5, 1), 'sequence_lengths': (573992,), 'active_entries': (573992, 5, 1), 'unscaled_outputs': (573992, 5, 1), 'patient_types': (573992,), 'patient_ids_all_trajectories': (573992,), 'patient_current_t': (573992,), 'init_state': (573992, 24)}
[2024-11-27 14:33:09,974][src.data.cancer_sim.dataset][INFO] - Processing test dataset before testing (autoregressive)
[2024-11-27 14:33:12,455][src.data.cancer_sim.dataset][INFO] - Shape of processed test data: {'current_covariates': (573992, 5, 2), 'prev_treatments': (573992, 5, 4), 'current_treatments': (573992, 5, 4), 'init_state': (573992, 24), 'active_encoder_r': (573992, 59), 'active_entries': (573992, 5, 1), 'prev_outputs': (573992, 5, 1), 'static_features': (573992, 1)}
