[2025-01-28 21:59:15,868][__main__][INFO] - 
model:
  dim_treatments: 4
  dim_vitals: 0
  dim_static_features: 1
  dim_outcomes: 1
  name: CRN
  encoder:
    _target_: src.models.crn.CRNEncoder
    seq_hidden_units: 24
    br_size: 24
    fc_hidden_units: 96
    dropout_rate: 0.2
    num_layer: 1
    batch_size: 64
    optimizer:
      optimizer_cls: adam
      learning_rate: 0.001
      weight_decay: 0.0
      lr_scheduler: false
    tune_hparams: false
    tune_range: 50
    hparams_grid: null
    resources_per_trial: null
  train_decoder: true
  decoder:
    _target_: src.models.crn.CRNDecoder
    seq_hidden_units: null
    br_size: 24
    fc_hidden_units: 12
    dropout_rate: 0.1
    num_layer: 1
    batch_size: 1024
    optimizer:
      optimizer_cls: adam
      learning_rate: 0.001
      weight_decay: 0.0
      lr_scheduler: false
    tune_hparams: false
    tune_range: 30
    hparams_grid: null
    resources_per_trial: null
dataset:
  val_batch_size: 512
  treatment_mode: multiclass
  _target_: src.data.SyntheticCancerDatasetCollection
  name: tumor_generator
  coeff: 5.0
  chemo_coeff: 5.0
  radio_coeff: 5.0
  seed: 10
  random: true
  noise_percentage: 0.05
  num_patients:
    train: 10000
    val: 1000
    test: 1000
  window_size: 15
  lag: 0
  max_seq_length: 60
  projection_horizon: 5
  cf_seq_mode: sliding_treatment
exp:
  seed: 10
  gpus:
  - 0
  max_epochs: 20
  logging: true
  mlflow_uri: http://127.0.0.1:5000
  unscale_rmse: true
  percentage_rmse: true
  alpha: 0.01
  update_alpha: true
  alpha_rate: exp
  initial_balancing_method: grad_reverse
  final_balancing_method: grad_reverse
  bce_weight: false
  weights_ema: false
  beta: 0.99
  alpha_wass: 0.0001
  alpha_wass_epoch: false
  alpha_wass_growth: 0.001
  alpha_wass_max: 0.01
  balancing: grad_reverse
  balancing_switch_epoch: 19
  gap_epoch: 50
  clustering_method: GMM
  number_clusters: 2
  num_timepoints: 59
  checkpoint_dir: ./checkpoints/cancer/crn/random/5

[2025-01-28 21:59:15,894][root][INFO] - Simulating initial volumes for stage I  with norm params: mu=1.72, sigma=4.7, lb=-0.6221218732608373, ub=-0.023523848418276528
[2025-01-28 21:59:15,901][root][INFO] - Simulating initial volumes for stage II  with norm params: mu=1.96, sigma=1.63, lb=-1.9410876100159118, ub=0.3711345751297772
[2025-01-28 21:59:15,903][root][INFO] - Simulating initial volumes for stage IIIA  with norm params: mu=1.91, sigma=9.4, lb=-0.33127370258786554, ub=0.06967546355973796
[2025-01-28 21:59:15,904][root][INFO] - Simulating initial volumes for stage IIIB  with norm params: mu=2.76, sigma=6.87, lb=-0.5769974969906748, ub=-0.02839165102452155
[2025-01-28 21:59:15,906][root][INFO] - Simulating initial volumes for stage IV  with norm params: mu=3.86, sigma=8.82, lb=-0.5741465764541877, ub=-0.14683113860980307
[2025-01-28 21:59:15,930][root][INFO] - Got correlated params for 4658 patients
[2025-01-28 21:59:15,934][root][INFO] - Got correlated params for 9338 patients
[2025-01-28 21:59:15,939][root][INFO] - Got correlated params for 13912 patients
[2025-01-28 21:59:15,947][root][INFO] - Simulating beta_c parameters
[2025-01-28 21:59:15,952][root][INFO] - Randomising outputs
[2025-01-28 21:59:31,575][src.data.cancer_sim.dataset][INFO] - Processing train dataset before training
[2025-01-28 21:59:32,484][src.data.cancer_sim.dataset][INFO] - Shape of processed train data: {'cancer_volume': (10000, 60), 'chemo_dosage': (10000, 60), 'radio_dosage': (10000, 60), 'chemo_application': (10000, 60), 'radio_application': (10000, 60), 'chemo_probabilities': (10000, 60), 'radio_probabilities': (10000, 60), 'sequence_lengths': (10000,), 'death_flags': (10000, 60), 'recovery_flags': (10000, 60), 'patient_types': (10000,), 'prev_treatments': (10000, 59, 4), 'current_treatments': (10000, 59, 4), 'current_covariates': (10000, 59, 2), 'outputs': (10000, 59, 1), 'active_entries': (10000, 59, 1), 'unscaled_outputs': (10000, 59, 1), 'prev_outputs': (10000, 59, 1), 'static_features': (10000, 1)}
[2025-01-28 21:59:32,533][root][INFO] - Simulating initial volumes for stage I  with norm params: mu=1.72, sigma=4.7, lb=-0.6221218732608373, ub=-0.023523848418276528
[2025-01-28 21:59:32,534][root][INFO] - Simulating initial volumes for stage II  with norm params: mu=1.96, sigma=1.63, lb=-1.9410876100159118, ub=0.3711345751297772
[2025-01-28 21:59:32,535][root][INFO] - Simulating initial volumes for stage IIIA  with norm params: mu=1.91, sigma=9.4, lb=-0.33127370258786554, ub=0.06967546355973796
[2025-01-28 21:59:32,536][root][INFO] - Simulating initial volumes for stage IIIB  with norm params: mu=2.76, sigma=6.87, lb=-0.5769974969906748, ub=-0.02839165102452155
[2025-01-28 21:59:32,536][root][INFO] - Simulating initial volumes for stage IV  with norm params: mu=3.86, sigma=8.82, lb=-0.5741465764541877, ub=-0.14683113860980307
[2025-01-28 21:59:32,538][root][INFO] - Got correlated params for 455 patients
[2025-01-28 21:59:32,539][root][INFO] - Got correlated params for 905 patients
[2025-01-28 21:59:32,540][root][INFO] - Got correlated params for 1366 patients
[2025-01-28 21:59:32,541][root][INFO] - Simulating beta_c parameters
[2025-01-28 21:59:32,542][root][INFO] - Randomising outputs
[2025-01-28 21:59:34,078][root][INFO] - Simulating initial volumes for stage I  with norm params: mu=1.72, sigma=4.7, lb=-0.6221218732608373, ub=-0.023523848418276528
[2025-01-28 21:59:34,079][root][INFO] - Simulating initial volumes for stage II  with norm params: mu=1.96, sigma=1.63, lb=-1.9410876100159118, ub=0.3711345751297772
[2025-01-28 21:59:34,080][root][INFO] - Simulating initial volumes for stage IIIA  with norm params: mu=1.91, sigma=9.4, lb=-0.33127370258786554, ub=0.06967546355973796
[2025-01-28 21:59:34,080][root][INFO] - Simulating initial volumes for stage IIIB  with norm params: mu=2.76, sigma=6.87, lb=-0.5769974969906748, ub=-0.02839165102452155
[2025-01-28 21:59:34,081][root][INFO] - Simulating initial volumes for stage IV  with norm params: mu=3.86, sigma=8.82, lb=-0.5741465764541877, ub=-0.14683113860980307
[2025-01-28 21:59:34,083][root][INFO] - Got correlated params for 493 patients
[2025-01-28 21:59:34,084][root][INFO] - Got correlated params for 947 patients
[2025-01-28 21:59:34,085][root][INFO] - Got correlated params for 1403 patients
[2025-01-28 21:59:34,086][root][INFO] - Simulating beta_c parameters
[2025-01-28 21:59:34,087][root][INFO] - Randomising outputs
[2025-01-28 21:59:39,353][root][INFO] - Simulating initial volumes for stage I  with norm params: mu=1.72, sigma=4.7, lb=-0.6221218732608373, ub=-0.023523848418276528
[2025-01-28 21:59:39,354][root][INFO] - Simulating initial volumes for stage II  with norm params: mu=1.96, sigma=1.63, lb=-1.9410876100159118, ub=0.3711345751297772
[2025-01-28 21:59:39,355][root][INFO] - Simulating initial volumes for stage IIIA  with norm params: mu=1.91, sigma=9.4, lb=-0.33127370258786554, ub=0.06967546355973796
[2025-01-28 21:59:39,355][root][INFO] - Simulating initial volumes for stage IIIB  with norm params: mu=2.76, sigma=6.87, lb=-0.5769974969906748, ub=-0.02839165102452155
[2025-01-28 21:59:39,356][root][INFO] - Simulating initial volumes for stage IV  with norm params: mu=3.86, sigma=8.82, lb=-0.5741465764541877, ub=-0.14683113860980307
[2025-01-28 21:59:39,358][root][INFO] - Got correlated params for 445 patients
[2025-01-28 21:59:39,358][root][INFO] - Got correlated params for 895 patients
[2025-01-28 21:59:39,359][root][INFO] - Got correlated params for 1355 patients
[2025-01-28 21:59:39,360][root][INFO] - Simulating beta_c parameters
[2025-01-28 21:59:39,361][root][INFO] - Randomising outputs
[2025-01-28 22:00:04,979][src.data.cancer_sim.dataset][INFO] - train Dataset already processed
[2025-01-28 22:00:04,980][src.data.cancer_sim.dataset][INFO] - Processing val dataset before training
[2025-01-28 22:00:05,073][src.data.cancer_sim.dataset][INFO] - Shape of processed val data: {'cancer_volume': (1000, 60), 'chemo_dosage': (1000, 60), 'radio_dosage': (1000, 60), 'chemo_application': (1000, 60), 'radio_application': (1000, 60), 'chemo_probabilities': (1000, 60), 'radio_probabilities': (1000, 60), 'sequence_lengths': (1000,), 'death_flags': (1000, 60), 'recovery_flags': (1000, 60), 'patient_types': (1000,), 'prev_treatments': (1000, 59, 4), 'current_treatments': (1000, 59, 4), 'current_covariates': (1000, 59, 2), 'outputs': (1000, 59, 1), 'active_entries': (1000, 59, 1), 'unscaled_outputs': (1000, 59, 1), 'prev_outputs': (1000, 59, 1), 'static_features': (1000, 1)}
[2025-01-28 22:00:05,074][src.data.cancer_sim.dataset][INFO] - Processing test dataset before training
[2025-01-28 22:00:24,520][src.data.cancer_sim.dataset][INFO] - Shape of processed test data: {'cancer_volume': (215732, 60), 'chemo_application': (215732, 60), 'radio_application': (215732, 60), 'sequence_lengths': (215732,), 'patient_types': (215732,), 'prev_treatments': (215732, 59, 4), 'current_treatments': (215732, 59, 4), 'current_covariates': (215732, 59, 2), 'outputs': (215732, 59, 1), 'active_entries': (215732, 59, 1), 'unscaled_outputs': (215732, 59, 1), 'prev_outputs': (215732, 59, 1), 'static_features': (215732, 1)}
[2025-01-28 22:00:25,170][src.models.crn][INFO] - Input size of encoder: 6
[2025-01-28 22:02:13,892][src.models.time_varying_model][INFO] - RMSE calculation for val.
[2025-01-28 22:02:13,892][src.models.time_varying_model][INFO] - Predictions for val.
[2025-01-28 22:02:14,467][__main__][INFO] - Val normalised RMSE (all): 0.6843444549312392; Val normalised RMSE (orig): 0.6786819425687286
[2025-01-28 22:02:14,468][src.models.time_varying_model][INFO] - RMSE calculation for test.
[2025-01-28 22:02:14,468][src.models.time_varying_model][INFO] - Predictions for test.
[2025-01-28 22:02:28,258][__main__][INFO] - Test normalised RMSE (all): 1.7171179383649395; Test normalised RMSE (orig): 1.320718116167403; Test normalised RMSE (only counterfactual): 1.441334552250221
[2025-01-28 22:02:28,319][src.models.crn][INFO] - Input size of decoder: 6
[2025-01-28 22:02:28,331][src.data.cancer_sim.dataset][INFO] - train Dataset already processed
[2025-01-28 22:02:28,331][src.data.cancer_sim.dataset][INFO] - val Dataset already processed
[2025-01-28 22:02:28,332][src.data.cancer_sim.dataset][INFO] - Processing test dataset before training
[2025-01-28 22:03:22,703][src.data.cancer_sim.dataset][INFO] - Shape of processed test data: {'cancer_volume': (576490, 65), 'chemo_application': (576490, 65), 'radio_application': (576490, 65), 'sequence_lengths': (576490,), 'patient_types': (576490,), 'patient_ids_all_trajectories': (576490,), 'patient_current_t': (576490,), 'prev_treatments': (576490, 64, 4), 'current_treatments': (576490, 64, 4), 'current_covariates': (576490, 64, 2), 'outputs': (576490, 64, 1), 'active_entries': (576490, 64, 1), 'unscaled_outputs': (576490, 64, 1), 'prev_outputs': (576490, 64, 1), 'static_features': (576490, 1)}
[2025-01-28 22:03:22,706][src.models.time_varying_model][INFO] - Balanced representations inference for train.
[2025-01-28 22:03:24,025][src.models.time_varying_model][INFO] - Balanced representations inference for val.
[2025-01-28 22:03:24,599][src.models.time_varying_model][INFO] - Balanced representations inference for test.
[2025-01-28 22:04:01,422][src.models.time_varying_model][INFO] - Predictions for test.
[2025-01-28 22:04:39,405][src.data.cancer_sim.dataset][INFO] - Processing train dataset before training (multiple sequences)
[2025-01-28 22:04:42,247][src.data.cancer_sim.dataset][INFO] - Shape of processed train data: {'init_state': (514877, 24), 'original_index': (514877,), 'active_encoder_r': (514877, 59), 'prev_treatments': (514877, 5, 4), 'current_treatments': (514877, 5, 4), 'current_covariates': (514877, 5, 2), 'prev_outputs': (514877, 5, 1), 'static_features': (514877, 1), 'outputs': (514877, 5, 1), 'sequence_lengths': (514877,), 'active_entries': (514877, 5, 1), 'unscaled_outputs': (514877, 5, 1)}
[2025-01-28 22:04:42,249][src.data.cancer_sim.dataset][INFO] - Processing val dataset before training (multiple sequences)
[2025-01-28 22:04:42,531][src.data.cancer_sim.dataset][INFO] - Shape of processed val data: {'init_state': (51873, 24), 'original_index': (51873,), 'active_encoder_r': (51873, 59), 'prev_treatments': (51873, 5, 4), 'current_treatments': (51873, 5, 4), 'current_covariates': (51873, 5, 2), 'prev_outputs': (51873, 5, 1), 'static_features': (51873, 1), 'outputs': (51873, 5, 1), 'sequence_lengths': (51873,), 'active_entries': (51873, 5, 1), 'unscaled_outputs': (51873, 5, 1)}
[2025-01-28 22:04:42,531][src.data.cancer_sim.dataset][INFO] - Processing test dataset before testing (multiple sequences)
[2025-01-28 22:04:50,575][src.data.cancer_sim.dataset][INFO] - Shape of processed test data: {'active_encoder_r': (576490, 59), 'prev_treatments': (576490, 5, 4), 'current_treatments': (576490, 5, 4), 'current_covariates': (576490, 5, 2), 'prev_outputs': (576490, 5, 1), 'static_features': (576490, 1), 'outputs': (576490, 5, 1), 'sequence_lengths': (576490,), 'active_entries': (576490, 5, 1), 'unscaled_outputs': (576490, 5, 1), 'patient_types': (576490,), 'patient_ids_all_trajectories': (576490,), 'patient_current_t': (576490,), 'init_state': (576490, 24)}
[2025-01-28 22:04:50,639][src.data.cancer_sim.dataset][INFO] - Processing test dataset before testing (autoregressive)
[2025-01-28 22:04:54,725][src.data.cancer_sim.dataset][INFO] - Shape of processed test data: {'current_covariates': (576490, 5, 2), 'prev_treatments': (576490, 5, 4), 'current_treatments': (576490, 5, 4), 'init_state': (576490, 24), 'active_encoder_r': (576490, 59), 'active_entries': (576490, 5, 1), 'prev_outputs': (576490, 5, 1), 'static_features': (576490, 1)}
[2025-01-28 22:13:08,960][src.models.time_varying_model][INFO] - RMSE calculation for val.
[2025-01-28 22:13:08,961][src.models.time_varying_model][INFO] - Predictions for val.
[2025-01-28 22:13:11,177][__main__][INFO] - Val normalised RMSE (all): 0.36070316444402994; Val normalised RMSE (orig): 0.36070316444402906
[2025-01-28 22:13:11,178][src.models.time_varying_model][INFO] - RMSE calculation for test.
[2025-01-28 22:13:11,178][src.models.time_varying_model][INFO] - Autoregressive Prediction for test.
[2025-01-28 22:13:11,189][src.models.time_varying_model][INFO] - t = 2
[2025-01-28 22:13:11,190][src.models.time_varying_model][INFO] - Predictions for test.
[2025-01-28 22:13:26,914][src.models.time_varying_model][INFO] - t = 3
[2025-01-28 22:13:26,914][src.models.time_varying_model][INFO] - Predictions for test.
[2025-01-28 22:13:42,493][src.models.time_varying_model][INFO] - t = 4
[2025-01-28 22:13:42,494][src.models.time_varying_model][INFO] - Predictions for test.
[2025-01-28 22:13:58,410][src.models.time_varying_model][INFO] - t = 5
[2025-01-28 22:13:58,410][src.models.time_varying_model][INFO] - Predictions for test.
[2025-01-28 22:14:14,140][src.models.time_varying_model][INFO] - t = 6
[2025-01-28 22:14:14,140][src.models.time_varying_model][INFO] - Predictions for test.
[2025-01-28 22:14:31,331][__main__][INFO] - Test normalised RMSE (n-step prediction): {'2-step': 1.3995437106886295, '3-step': 1.4921962152802262, '4-step': 1.5735853512223734, '5-step': 1.6083095652714967, '6-step': 1.5963816375801039}
