[2025-01-27 23:13:46,804][__main__][INFO] - 
model:
  dim_treatments: 4
  dim_vitals: 0
  dim_static_features: 1
  dim_outcomes: 1
  name: CT
  multi:
    _target_: src.models.ct.CT
    max_seq_length: 65
    seq_hidden_units: 12
    br_size: 16
    fc_hidden_units: 48
    dropout_rate: 0.1
    num_layer: 1
    num_heads: 2
    max_grad_norm: null
    batch_size: 1024
    attn_dropout: true
    disable_cross_attention: false
    isolate_subnetwork: _
    self_positional_encoding:
      absolute: false
      trainable: true
      max_relative_position: 15
    optimizer:
      optimizer_cls: adam
      learning_rate: 0.01
      weight_decay: 0.0
      lr_scheduler: false
    augment_with_masked_vitals: true
    tune_hparams: false
    tune_range: 50
    hparams_grid: null
    resources_per_trial: null
  self_positional_encoding:
    max_relative_position: 15
dataset:
  val_batch_size: 512
  treatment_mode: multiclass
  _target_: src.data.SyntheticCancerDatasetCollection
  name: tumor_generator
  coeff: 5.0
  chemo_coeff: 5.0
  radio_coeff: 5.0
  seed: 10
  random: false
  noise_percentage: 0.0
  num_patients:
    train: 10000
    val: 1000
    test: 1000
  window_size: 15
  lag: 0
  max_seq_length: 60
  projection_horizon: 5
  cf_seq_mode: sliding_treatment
exp:
  seed: 10
  gpus:
  - 0
  max_epochs: 120
  logging: true
  mlflow_uri: http://127.0.0.1:5000
  unscale_rmse: true
  percentage_rmse: true
  alpha: 0.01
  update_alpha: true
  alpha_rate: exp
  initial_balancing_method: domain_confusion
  final_balancing_method: subgroup
  bce_weight: false
  weights_ema: true
  beta: 0.99
  alpha_wass: 0.001
  alpha_wass_epoch: false
  alpha_wass_growth: 0.001
  alpha_wass_max: 0.01
  balancing_switch_epoch: 99
  clustering_method: GMM
  number_clusters: 2
  num_timepoints: 59
  gap_epoch: 5
  checkpoint_dir: ./checkpoints/cancer/ct/SGA/5

[2025-01-27 23:13:46,820][root][INFO] - Simulating initial volumes for stage I  with norm params: mu=1.72, sigma=4.7, lb=-0.6221218732608373, ub=-0.023523848418276528
[2025-01-27 23:13:46,821][root][INFO] - Simulating initial volumes for stage II  with norm params: mu=1.96, sigma=1.63, lb=-1.9410876100159118, ub=0.3711345751297772
[2025-01-27 23:13:46,822][root][INFO] - Simulating initial volumes for stage IIIA  with norm params: mu=1.91, sigma=9.4, lb=-0.33127370258786554, ub=0.06967546355973796
[2025-01-27 23:13:46,823][root][INFO] - Simulating initial volumes for stage IIIB  with norm params: mu=2.76, sigma=6.87, lb=-0.5769974969906748, ub=-0.02839165102452155
[2025-01-27 23:13:46,825][root][INFO] - Simulating initial volumes for stage IV  with norm params: mu=3.86, sigma=8.82, lb=-0.5741465764541877, ub=-0.14683113860980307
[2025-01-27 23:13:46,834][root][INFO] - Got correlated params for 4658 patients
[2025-01-27 23:13:46,839][root][INFO] - Got correlated params for 9338 patients
[2025-01-27 23:13:46,844][root][INFO] - Got correlated params for 13912 patients
[2025-01-27 23:13:46,851][root][INFO] - Simulating beta_c parameters
[2025-01-27 23:13:46,856][root][INFO] - Randomising outputs
[2025-01-27 23:14:02,208][root][INFO] - Simulating initial volumes for stage I  with norm params: mu=1.72, sigma=4.7, lb=-0.6221218732608373, ub=-0.023523848418276528
[2025-01-27 23:14:02,211][root][INFO] - Simulating initial volumes for stage II  with norm params: mu=1.96, sigma=1.63, lb=-1.9410876100159118, ub=0.3711345751297772
[2025-01-27 23:14:02,211][root][INFO] - Simulating initial volumes for stage IIIA  with norm params: mu=1.91, sigma=9.4, lb=-0.33127370258786554, ub=0.06967546355973796
[2025-01-27 23:14:02,212][root][INFO] - Simulating initial volumes for stage IIIB  with norm params: mu=2.76, sigma=6.87, lb=-0.5769974969906748, ub=-0.02839165102452155
[2025-01-27 23:14:02,213][root][INFO] - Simulating initial volumes for stage IV  with norm params: mu=3.86, sigma=8.82, lb=-0.5741465764541877, ub=-0.14683113860980307
[2025-01-27 23:14:02,215][root][INFO] - Got correlated params for 464 patients
[2025-01-27 23:14:02,216][root][INFO] - Got correlated params for 942 patients
[2025-01-27 23:14:02,217][root][INFO] - Got correlated params for 1398 patients
[2025-01-27 23:14:02,218][root][INFO] - Simulating beta_c parameters
[2025-01-27 23:14:02,219][root][INFO] - Randomising outputs
[2025-01-27 23:14:03,744][root][INFO] - Simulating initial volumes for stage I  with norm params: mu=1.72, sigma=4.7, lb=-0.6221218732608373, ub=-0.023523848418276528
[2025-01-27 23:14:03,745][root][INFO] - Simulating initial volumes for stage II  with norm params: mu=1.96, sigma=1.63, lb=-1.9410876100159118, ub=0.3711345751297772
[2025-01-27 23:14:03,746][root][INFO] - Simulating initial volumes for stage IIIA  with norm params: mu=1.91, sigma=9.4, lb=-0.33127370258786554, ub=0.06967546355973796
[2025-01-27 23:14:03,746][root][INFO] - Simulating initial volumes for stage IIIB  with norm params: mu=2.76, sigma=6.87, lb=-0.5769974969906748, ub=-0.02839165102452155
[2025-01-27 23:14:03,747][root][INFO] - Simulating initial volumes for stage IV  with norm params: mu=3.86, sigma=8.82, lb=-0.5741465764541877, ub=-0.14683113860980307
[2025-01-27 23:14:03,748][root][INFO] - Got correlated params for 491 patients
[2025-01-27 23:14:03,749][root][INFO] - Got correlated params for 936 patients
[2025-01-27 23:14:03,750][root][INFO] - Got correlated params for 1396 patients
[2025-01-27 23:14:03,751][root][INFO] - Simulating beta_c parameters
[2025-01-27 23:14:03,752][root][INFO] - Randomising outputs
[2025-01-27 23:14:09,268][root][INFO] - Simulating initial volumes for stage I  with norm params: mu=1.72, sigma=4.7, lb=-0.6221218732608373, ub=-0.023523848418276528
[2025-01-27 23:14:09,270][root][INFO] - Simulating initial volumes for stage II  with norm params: mu=1.96, sigma=1.63, lb=-1.9410876100159118, ub=0.3711345751297772
[2025-01-27 23:14:09,270][root][INFO] - Simulating initial volumes for stage IIIA  with norm params: mu=1.91, sigma=9.4, lb=-0.33127370258786554, ub=0.06967546355973796
[2025-01-27 23:14:09,271][root][INFO] - Simulating initial volumes for stage IIIB  with norm params: mu=2.76, sigma=6.87, lb=-0.5769974969906748, ub=-0.02839165102452155
[2025-01-27 23:14:09,272][root][INFO] - Simulating initial volumes for stage IV  with norm params: mu=3.86, sigma=8.82, lb=-0.5741465764541877, ub=-0.14683113860980307
[2025-01-27 23:14:09,274][root][INFO] - Got correlated params for 434 patients
[2025-01-27 23:14:09,275][root][INFO] - Got correlated params for 874 patients
[2025-01-27 23:14:09,276][root][INFO] - Got correlated params for 1357 patients
[2025-01-27 23:14:09,277][root][INFO] - Simulating beta_c parameters
[2025-01-27 23:14:09,278][root][INFO] - Randomising outputs
[2025-01-27 23:14:34,251][src.data.cancer_sim.dataset][INFO] - Processing train dataset before training
[2025-01-27 23:14:35,171][src.data.cancer_sim.dataset][INFO] - Shape of processed train data: {'cancer_volume': (10000, 60), 'chemo_dosage': (10000, 60), 'radio_dosage': (10000, 60), 'chemo_application': (10000, 60), 'radio_application': (10000, 60), 'chemo_probabilities': (10000, 60), 'radio_probabilities': (10000, 60), 'sequence_lengths': (10000,), 'death_flags': (10000, 60), 'recovery_flags': (10000, 60), 'patient_types': (10000,), 'prev_treatments': (10000, 59, 4), 'current_treatments': (10000, 59, 4), 'current_covariates': (10000, 59, 2), 'outputs': (10000, 59, 1), 'active_entries': (10000, 59, 1), 'unscaled_outputs': (10000, 59, 1), 'prev_outputs': (10000, 59, 1), 'static_features': (10000, 1)}
[2025-01-27 23:14:35,172][src.data.cancer_sim.dataset][INFO] - Processing val dataset before training
[2025-01-27 23:14:35,264][src.data.cancer_sim.dataset][INFO] - Shape of processed val data: {'cancer_volume': (1000, 60), 'chemo_dosage': (1000, 60), 'radio_dosage': (1000, 60), 'chemo_application': (1000, 60), 'radio_application': (1000, 60), 'chemo_probabilities': (1000, 60), 'radio_probabilities': (1000, 60), 'sequence_lengths': (1000,), 'death_flags': (1000, 60), 'recovery_flags': (1000, 60), 'patient_types': (1000,), 'prev_treatments': (1000, 59, 4), 'current_treatments': (1000, 59, 4), 'current_covariates': (1000, 59, 2), 'outputs': (1000, 59, 1), 'active_entries': (1000, 59, 1), 'unscaled_outputs': (1000, 59, 1), 'prev_outputs': (1000, 59, 1), 'static_features': (1000, 1)}
[2025-01-27 23:14:35,264][src.data.cancer_sim.dataset][INFO] - Processing test dataset before training
[2025-01-27 23:14:54,766][src.data.cancer_sim.dataset][INFO] - Shape of processed test data: {'cancer_volume': (225248, 60), 'chemo_application': (225248, 60), 'radio_application': (225248, 60), 'sequence_lengths': (225248,), 'patient_types': (225248,), 'prev_treatments': (225248, 59, 4), 'current_treatments': (225248, 59, 4), 'current_covariates': (225248, 59, 2), 'outputs': (225248, 59, 1), 'active_entries': (225248, 59, 1), 'unscaled_outputs': (225248, 59, 1), 'prev_outputs': (225248, 59, 1), 'static_features': (225248, 1)}
[2025-01-27 23:14:54,768][src.data.cancer_sim.dataset][INFO] - Processing test dataset before training
[2025-01-27 23:15:47,651][src.data.cancer_sim.dataset][INFO] - Shape of processed test data: {'cancer_volume': (554444, 65), 'chemo_application': (554444, 65), 'radio_application': (554444, 65), 'sequence_lengths': (554444,), 'patient_types': (554444,), 'patient_ids_all_trajectories': (554444,), 'patient_current_t': (554444,), 'prev_treatments': (554444, 64, 4), 'current_treatments': (554444, 64, 4), 'current_covariates': (554444, 64, 2), 'outputs': (554444, 64, 1), 'active_entries': (554444, 64, 1), 'unscaled_outputs': (554444, 64, 1), 'prev_outputs': (554444, 64, 1), 'static_features': (554444, 1)}
[2025-01-27 23:15:47,655][src.data.cancer_sim.dataset][INFO] - Processing test dataset before testing (multiple sequences)
[2025-01-27 23:15:54,597][src.data.cancer_sim.dataset][INFO] - Shape of processed test data: {'active_encoder_r': (554444, 59), 'prev_treatments': (554444, 5, 4), 'current_treatments': (554444, 5, 4), 'current_covariates': (554444, 5, 2), 'prev_outputs': (554444, 5, 1), 'static_features': (554444, 1), 'outputs': (554444, 5, 1), 'sequence_lengths': (554444,), 'active_entries': (554444, 5, 1), 'unscaled_outputs': (554444, 5, 1), 'patient_types': (554444,), 'patient_ids_all_trajectories': (554444,), 'patient_current_t': (554444,)}
[2025-01-27 23:15:57,094][src.models.ct][INFO] - Max input size of multi: 4
[2025-01-27 23:22:10,236][src.models.time_varying_model][INFO] - RMSE calculation for val.
[2025-01-27 23:22:10,236][src.models.time_varying_model][INFO] - Predictions for val.
[2025-01-27 23:22:10,896][__main__][INFO] - Val normalised RMSE (all): 0.6187620888337995; Val normalised RMSE (orig): 0.6112633766079639
[2025-01-27 23:22:10,896][src.models.time_varying_model][INFO] - RMSE calculation for test.
[2025-01-27 23:22:10,896][src.models.time_varying_model][INFO] - Predictions for test.
[2025-01-27 23:22:26,177][__main__][INFO] - Test normalised RMSE (all): 1.6881407744477317; Test normalised RMSE (orig): 1.5330578280009974; Test normalised RMSE (only counterfactual): 1.7622943182694089
[2025-01-27 23:22:26,219][src.models.time_varying_model][INFO] - RMSE calculation for test.
[2025-01-27 23:22:26,219][src.models.ct][INFO] - Autoregressive Prediction for test.
[2025-01-27 23:22:26,222][src.models.ct][INFO] - t = 1
[2025-01-27 23:22:26,222][src.models.time_varying_model][INFO] - Predictions for test.
[2025-01-27 23:23:16,163][src.models.ct][INFO] - t = 2
[2025-01-27 23:23:16,164][src.models.time_varying_model][INFO] - Predictions for test.
[2025-01-27 23:24:06,537][src.models.ct][INFO] - t = 3
[2025-01-27 23:24:06,537][src.models.time_varying_model][INFO] - Predictions for test.
[2025-01-27 23:24:55,969][src.models.ct][INFO] - t = 4
[2025-01-27 23:24:55,969][src.models.time_varying_model][INFO] - Predictions for test.
[2025-01-27 23:25:45,495][src.models.ct][INFO] - t = 5
[2025-01-27 23:25:45,495][src.models.time_varying_model][INFO] - Predictions for test.
[2025-01-27 23:26:35,232][src.models.ct][INFO] - t = 6
[2025-01-27 23:26:35,233][src.models.time_varying_model][INFO] - Predictions for test.
[2025-01-27 23:27:28,031][__main__][INFO] - Test normalised RMSE (n-step prediction): {'2-step': 2.112649941123432, '3-step': 2.2969956567523555, '4-step': 2.3656768823882546, '5-step': 2.3575140454022514, '6-step': 2.2567632519587306}
