[2025-01-28 19:52:19,626][__main__][INFO] - 
model:
  dim_treatments: 4
  dim_vitals: 0
  dim_static_features: 1
  dim_outcomes: 1
  name: CRN
  encoder:
    _target_: src.models.crn.CRNEncoder
    seq_hidden_units: 24
    br_size: 24
    fc_hidden_units: 96
    dropout_rate: 0.2
    num_layer: 1
    batch_size: 64
    optimizer:
      optimizer_cls: adam
      learning_rate: 0.001
      weight_decay: 0.0
      lr_scheduler: false
    tune_hparams: false
    tune_range: 50
    hparams_grid: null
    resources_per_trial: null
  train_decoder: true
  decoder:
    _target_: src.models.crn.CRNDecoder
    seq_hidden_units: null
    br_size: 24
    fc_hidden_units: 12
    dropout_rate: 0.1
    num_layer: 1
    batch_size: 1024
    optimizer:
      optimizer_cls: adam
      learning_rate: 0.001
      weight_decay: 0.0
      lr_scheduler: false
    tune_hparams: false
    tune_range: 30
    hparams_grid: null
    resources_per_trial: null
dataset:
  val_batch_size: 512
  treatment_mode: multiclass
  _target_: src.data.SyntheticCancerDatasetCollection
  name: tumor_generator
  coeff: 5.0
  chemo_coeff: 5.0
  radio_coeff: 5.0
  seed: 10
  random: true
  noise_percentage: 0.05
  num_patients:
    train: 10000
    val: 1000
    test: 1000
  window_size: 15
  lag: 0
  max_seq_length: 60
  projection_horizon: 5
  cf_seq_mode: sliding_treatment
exp:
  seed: 10
  gpus:
  - 0
  max_epochs: 140
  logging: true
  mlflow_uri: http://127.0.0.1:5000
  unscale_rmse: true
  percentage_rmse: true
  alpha: 0.01
  update_alpha: true
  alpha_rate: exp
  initial_balancing_method: grad_reverse
  final_balancing_method: subgroup
  bce_weight: false
  weights_ema: false
  beta: 0.99
  alpha_wass: 0.0001
  alpha_wass_epoch: false
  alpha_wass_growth: 0.001
  alpha_wass_max: 0.01
  balancing: grad_reverse
  balancing_switch_epoch: 119
  gap_epoch: 10
  clustering_method: GMM
  number_clusters: 2
  num_timepoints: 59
  checkpoint_dir: ./checkpoints/cancer/crn/random_SGA/5

[2025-01-28 19:52:19,640][root][INFO] - Simulating initial volumes for stage I  with norm params: mu=1.72, sigma=4.7, lb=-0.6221218732608373, ub=-0.023523848418276528
[2025-01-28 19:52:19,641][root][INFO] - Simulating initial volumes for stage II  with norm params: mu=1.96, sigma=1.63, lb=-1.9410876100159118, ub=0.3711345751297772
[2025-01-28 19:52:19,642][root][INFO] - Simulating initial volumes for stage IIIA  with norm params: mu=1.91, sigma=9.4, lb=-0.33127370258786554, ub=0.06967546355973796
[2025-01-28 19:52:19,643][root][INFO] - Simulating initial volumes for stage IIIB  with norm params: mu=2.76, sigma=6.87, lb=-0.5769974969906748, ub=-0.02839165102452155
[2025-01-28 19:52:19,646][root][INFO] - Simulating initial volumes for stage IV  with norm params: mu=3.86, sigma=8.82, lb=-0.5741465764541877, ub=-0.14683113860980307
[2025-01-28 19:52:19,654][root][INFO] - Got correlated params for 4658 patients
[2025-01-28 19:52:19,659][root][INFO] - Got correlated params for 9338 patients
[2025-01-28 19:52:19,664][root][INFO] - Got correlated params for 13912 patients
[2025-01-28 19:52:19,671][root][INFO] - Simulating beta_c parameters
[2025-01-28 19:52:19,675][root][INFO] - Randomising outputs
[2025-01-28 19:52:37,349][src.data.cancer_sim.dataset][INFO] - Processing train dataset before training
[2025-01-28 19:52:38,256][src.data.cancer_sim.dataset][INFO] - Shape of processed train data: {'cancer_volume': (10000, 60), 'chemo_dosage': (10000, 60), 'radio_dosage': (10000, 60), 'chemo_application': (10000, 60), 'radio_application': (10000, 60), 'chemo_probabilities': (10000, 60), 'radio_probabilities': (10000, 60), 'sequence_lengths': (10000,), 'death_flags': (10000, 60), 'recovery_flags': (10000, 60), 'patient_types': (10000,), 'prev_treatments': (10000, 59, 4), 'current_treatments': (10000, 59, 4), 'current_covariates': (10000, 59, 2), 'outputs': (10000, 59, 1), 'active_entries': (10000, 59, 1), 'unscaled_outputs': (10000, 59, 1), 'prev_outputs': (10000, 59, 1), 'static_features': (10000, 1)}
[2025-01-28 19:52:38,318][root][INFO] - Simulating initial volumes for stage I  with norm params: mu=1.72, sigma=4.7, lb=-0.6221218732608373, ub=-0.023523848418276528
[2025-01-28 19:52:38,319][root][INFO] - Simulating initial volumes for stage II  with norm params: mu=1.96, sigma=1.63, lb=-1.9410876100159118, ub=0.3711345751297772
[2025-01-28 19:52:38,319][root][INFO] - Simulating initial volumes for stage IIIA  with norm params: mu=1.91, sigma=9.4, lb=-0.33127370258786554, ub=0.06967546355973796
[2025-01-28 19:52:38,320][root][INFO] - Simulating initial volumes for stage IIIB  with norm params: mu=2.76, sigma=6.87, lb=-0.5769974969906748, ub=-0.02839165102452155
[2025-01-28 19:52:38,321][root][INFO] - Simulating initial volumes for stage IV  with norm params: mu=3.86, sigma=8.82, lb=-0.5741465764541877, ub=-0.14683113860980307
[2025-01-28 19:52:38,323][root][INFO] - Got correlated params for 455 patients
[2025-01-28 19:52:38,324][root][INFO] - Got correlated params for 905 patients
[2025-01-28 19:52:38,325][root][INFO] - Got correlated params for 1366 patients
[2025-01-28 19:52:38,326][root][INFO] - Simulating beta_c parameters
[2025-01-28 19:52:38,327][root][INFO] - Randomising outputs
[2025-01-28 19:52:40,044][root][INFO] - Simulating initial volumes for stage I  with norm params: mu=1.72, sigma=4.7, lb=-0.6221218732608373, ub=-0.023523848418276528
[2025-01-28 19:52:40,046][root][INFO] - Simulating initial volumes for stage II  with norm params: mu=1.96, sigma=1.63, lb=-1.9410876100159118, ub=0.3711345751297772
[2025-01-28 19:52:40,046][root][INFO] - Simulating initial volumes for stage IIIA  with norm params: mu=1.91, sigma=9.4, lb=-0.33127370258786554, ub=0.06967546355973796
[2025-01-28 19:52:40,047][root][INFO] - Simulating initial volumes for stage IIIB  with norm params: mu=2.76, sigma=6.87, lb=-0.5769974969906748, ub=-0.02839165102452155
[2025-01-28 19:52:40,047][root][INFO] - Simulating initial volumes for stage IV  with norm params: mu=3.86, sigma=8.82, lb=-0.5741465764541877, ub=-0.14683113860980307
[2025-01-28 19:52:40,049][root][INFO] - Got correlated params for 493 patients
[2025-01-28 19:52:40,050][root][INFO] - Got correlated params for 947 patients
[2025-01-28 19:52:40,051][root][INFO] - Got correlated params for 1403 patients
[2025-01-28 19:52:40,052][root][INFO] - Simulating beta_c parameters
[2025-01-28 19:52:40,053][root][INFO] - Randomising outputs
[2025-01-28 19:52:46,084][root][INFO] - Simulating initial volumes for stage I  with norm params: mu=1.72, sigma=4.7, lb=-0.6221218732608373, ub=-0.023523848418276528
[2025-01-28 19:52:46,085][root][INFO] - Simulating initial volumes for stage II  with norm params: mu=1.96, sigma=1.63, lb=-1.9410876100159118, ub=0.3711345751297772
[2025-01-28 19:52:46,085][root][INFO] - Simulating initial volumes for stage IIIA  with norm params: mu=1.91, sigma=9.4, lb=-0.33127370258786554, ub=0.06967546355973796
[2025-01-28 19:52:46,086][root][INFO] - Simulating initial volumes for stage IIIB  with norm params: mu=2.76, sigma=6.87, lb=-0.5769974969906748, ub=-0.02839165102452155
[2025-01-28 19:52:46,087][root][INFO] - Simulating initial volumes for stage IV  with norm params: mu=3.86, sigma=8.82, lb=-0.5741465764541877, ub=-0.14683113860980307
[2025-01-28 19:52:46,088][root][INFO] - Got correlated params for 445 patients
[2025-01-28 19:52:46,089][root][INFO] - Got correlated params for 895 patients
[2025-01-28 19:52:46,090][root][INFO] - Got correlated params for 1355 patients
[2025-01-28 19:52:46,091][root][INFO] - Simulating beta_c parameters
[2025-01-28 19:52:46,092][root][INFO] - Randomising outputs
[2025-01-28 19:53:15,742][src.data.cancer_sim.dataset][INFO] - train Dataset already processed
[2025-01-28 19:53:15,743][src.data.cancer_sim.dataset][INFO] - Processing val dataset before training
[2025-01-28 19:53:15,836][src.data.cancer_sim.dataset][INFO] - Shape of processed val data: {'cancer_volume': (1000, 60), 'chemo_dosage': (1000, 60), 'radio_dosage': (1000, 60), 'chemo_application': (1000, 60), 'radio_application': (1000, 60), 'chemo_probabilities': (1000, 60), 'radio_probabilities': (1000, 60), 'sequence_lengths': (1000,), 'death_flags': (1000, 60), 'recovery_flags': (1000, 60), 'patient_types': (1000,), 'prev_treatments': (1000, 59, 4), 'current_treatments': (1000, 59, 4), 'current_covariates': (1000, 59, 2), 'outputs': (1000, 59, 1), 'active_entries': (1000, 59, 1), 'unscaled_outputs': (1000, 59, 1), 'prev_outputs': (1000, 59, 1), 'static_features': (1000, 1)}
[2025-01-28 19:53:15,836][src.data.cancer_sim.dataset][INFO] - Processing test dataset before training
[2025-01-28 19:53:35,453][src.data.cancer_sim.dataset][INFO] - Shape of processed test data: {'cancer_volume': (215732, 60), 'chemo_application': (215732, 60), 'radio_application': (215732, 60), 'sequence_lengths': (215732,), 'patient_types': (215732,), 'prev_treatments': (215732, 59, 4), 'current_treatments': (215732, 59, 4), 'current_covariates': (215732, 59, 2), 'outputs': (215732, 59, 1), 'active_entries': (215732, 59, 1), 'unscaled_outputs': (215732, 59, 1), 'prev_outputs': (215732, 59, 1), 'static_features': (215732, 1)}
[2025-01-28 19:53:35,940][src.models.crn][INFO] - Input size of encoder: 6
[2025-01-28 20:39:49,919][src.models.time_varying_model][INFO] - RMSE calculation for val.
[2025-01-28 20:39:49,922][src.models.time_varying_model][INFO] - Predictions for val.
[2025-01-28 20:39:52,090][__main__][INFO] - Val normalised RMSE (all): 0.6137721885151208; Val normalised RMSE (orig): 0.6083787190225853
[2025-01-28 20:39:52,091][src.models.time_varying_model][INFO] - RMSE calculation for test.
[2025-01-28 20:39:52,091][src.models.time_varying_model][INFO] - Predictions for test.
[2025-01-28 20:40:10,738][__main__][INFO] - Test normalised RMSE (all): 0.9470978763014467; Test normalised RMSE (orig): 0.7175776752852705; Test normalised RMSE (only counterfactual): 1.1073981412242584
[2025-01-28 20:40:10,802][src.models.crn][INFO] - Input size of decoder: 6
[2025-01-28 20:40:10,828][src.data.cancer_sim.dataset][INFO] - train Dataset already processed
[2025-01-28 20:40:10,828][src.data.cancer_sim.dataset][INFO] - val Dataset already processed
[2025-01-28 20:40:10,828][src.data.cancer_sim.dataset][INFO] - Processing test dataset before training
[2025-01-28 20:41:05,621][src.data.cancer_sim.dataset][INFO] - Shape of processed test data: {'cancer_volume': (576490, 65), 'chemo_application': (576490, 65), 'radio_application': (576490, 65), 'sequence_lengths': (576490,), 'patient_types': (576490,), 'patient_ids_all_trajectories': (576490,), 'patient_current_t': (576490,), 'prev_treatments': (576490, 64, 4), 'current_treatments': (576490, 64, 4), 'current_covariates': (576490, 64, 2), 'outputs': (576490, 64, 1), 'active_entries': (576490, 64, 1), 'unscaled_outputs': (576490, 64, 1), 'prev_outputs': (576490, 64, 1), 'static_features': (576490, 1)}
[2025-01-28 20:41:05,625][src.models.time_varying_model][INFO] - Balanced representations inference for train.
[2025-01-28 20:41:07,087][src.models.time_varying_model][INFO] - Balanced representations inference for val.
[2025-01-28 20:41:07,670][src.models.time_varying_model][INFO] - Balanced representations inference for test.
[2025-01-28 20:41:49,803][src.models.time_varying_model][INFO] - Predictions for test.
[2025-01-28 20:42:33,485][src.data.cancer_sim.dataset][INFO] - Processing train dataset before training (multiple sequences)
[2025-01-28 20:42:36,403][src.data.cancer_sim.dataset][INFO] - Shape of processed train data: {'init_state': (514877, 24), 'original_index': (514877,), 'active_encoder_r': (514877, 59), 'prev_treatments': (514877, 5, 4), 'current_treatments': (514877, 5, 4), 'current_covariates': (514877, 5, 2), 'prev_outputs': (514877, 5, 1), 'static_features': (514877, 1), 'outputs': (514877, 5, 1), 'sequence_lengths': (514877,), 'active_entries': (514877, 5, 1), 'unscaled_outputs': (514877, 5, 1)}
[2025-01-28 20:42:36,405][src.data.cancer_sim.dataset][INFO] - Processing val dataset before training (multiple sequences)
[2025-01-28 20:42:36,693][src.data.cancer_sim.dataset][INFO] - Shape of processed val data: {'init_state': (51873, 24), 'original_index': (51873,), 'active_encoder_r': (51873, 59), 'prev_treatments': (51873, 5, 4), 'current_treatments': (51873, 5, 4), 'current_covariates': (51873, 5, 2), 'prev_outputs': (51873, 5, 1), 'static_features': (51873, 1), 'outputs': (51873, 5, 1), 'sequence_lengths': (51873,), 'active_entries': (51873, 5, 1), 'unscaled_outputs': (51873, 5, 1)}
[2025-01-28 20:42:36,694][src.data.cancer_sim.dataset][INFO] - Processing test dataset before testing (multiple sequences)
[2025-01-28 20:42:45,231][src.data.cancer_sim.dataset][INFO] - Shape of processed test data: {'active_encoder_r': (576490, 59), 'prev_treatments': (576490, 5, 4), 'current_treatments': (576490, 5, 4), 'current_covariates': (576490, 5, 2), 'prev_outputs': (576490, 5, 1), 'static_features': (576490, 1), 'outputs': (576490, 5, 1), 'sequence_lengths': (576490,), 'active_entries': (576490, 5, 1), 'unscaled_outputs': (576490, 5, 1), 'patient_types': (576490,), 'patient_ids_all_trajectories': (576490,), 'patient_current_t': (576490,), 'init_state': (576490, 24)}
[2025-01-28 20:42:45,297][src.data.cancer_sim.dataset][INFO] - Processing test dataset before testing (autoregressive)
[2025-01-28 20:42:50,507][src.data.cancer_sim.dataset][INFO] - Shape of processed test data: {'current_covariates': (576490, 5, 2), 'prev_treatments': (576490, 5, 4), 'current_treatments': (576490, 5, 4), 'init_state': (576490, 24), 'active_encoder_r': (576490, 59), 'active_entries': (576490, 5, 1), 'prev_outputs': (576490, 5, 1), 'static_features': (576490, 1)}
[2025-01-28 21:51:48,095][src.models.time_varying_model][INFO] - RMSE calculation for val.
[2025-01-28 21:51:48,096][src.models.time_varying_model][INFO] - Predictions for val.
[2025-01-28 21:51:50,697][__main__][INFO] - Val normalised RMSE (all): 0.3421828224525746; Val normalised RMSE (orig): 0.34218282245257425
[2025-01-28 21:51:50,697][src.models.time_varying_model][INFO] - RMSE calculation for test.
[2025-01-28 21:51:50,697][src.models.time_varying_model][INFO] - Autoregressive Prediction for test.
[2025-01-28 21:51:50,709][src.models.time_varying_model][INFO] - t = 2
[2025-01-28 21:51:50,709][src.models.time_varying_model][INFO] - Predictions for test.
[2025-01-28 21:52:10,046][src.models.time_varying_model][INFO] - t = 3
[2025-01-28 21:52:10,046][src.models.time_varying_model][INFO] - Predictions for test.
[2025-01-28 21:52:29,535][src.models.time_varying_model][INFO] - t = 4
[2025-01-28 21:52:29,535][src.models.time_varying_model][INFO] - Predictions for test.
[2025-01-28 21:52:49,017][src.models.time_varying_model][INFO] - t = 5
[2025-01-28 21:52:49,018][src.models.time_varying_model][INFO] - Predictions for test.
[2025-01-28 21:53:08,547][src.models.time_varying_model][INFO] - t = 6
[2025-01-28 21:53:08,547][src.models.time_varying_model][INFO] - Predictions for test.
[2025-01-28 21:53:29,443][__main__][INFO] - Test normalised RMSE (n-step prediction): {'2-step': 0.9475676711565165, '3-step': 0.9971623324845188, '4-step': 1.0600593071262745, '5-step': 1.118024070395623, '6-step': 1.1695190906762378}
