[2025-01-27 18:57:33,679][__main__][INFO] - 
model:
  dim_treatments: 4
  dim_vitals: 0
  dim_static_features: 1
  dim_outcomes: 1
  name: G-Net
  g_net:
    _target_: src.models.gnet.GNet
    seq_hidden_units: 24
    num_layer: 1
    r_size: 18
    fc_hidden_units: 72
    num_comp: 1
    mc_samples: 50
    fit_vitals: true
    comp_sizes: null
    batch_size: 256
    dropout_rate: 0.1
    optimizer:
      optimizer_cls: adam
      learning_rate: 0.01
      weight_decay: 0.0
      lr_scheduler: false
    tune_hparams: false
    tune_range: 50
    hparams_grid: null
    resources_per_trial: null
dataset:
  val_batch_size: 4096
  treatment_mode: multiclass
  _target_: src.data.SyntheticCancerDatasetCollection
  name: tumor_generator
  coeff: 6.0
  chemo_coeff: 6.0
  radio_coeff: 6.0
  seed: 10
  random: false
  noise_percentage: 0.0
  num_patients:
    train: 10000
    val: 1000
    test: 1000
  window_size: 15
  lag: 0
  max_seq_length: 60
  projection_horizon: 5
  cf_seq_mode: sliding_treatment
  holdout_ratio: 0.1
exp:
  seed: 10
  gpus:
  - 0
  max_epochs: 100
  logging: true
  mlflow_uri: http://127.0.0.1:5000
  unscale_rmse: true
  percentage_rmse: true
  alpha: 1.0
  update_alpha: false
  alpha_rate: exp
  initial_balancing_method: null
  final_balancing_method: null
  bce_weight: false
  weights_ema: true
  beta: 0.99
  alpha_wass: 0.0001
  alpha_wass_epoch: false
  alpha_wass_growth: 0.001
  alpha_wass_max: 0.01

[2025-01-27 18:57:33,699][root][INFO] - Simulating initial volumes for stage I  with norm params: mu=1.72, sigma=4.7, lb=-0.6221218732608373, ub=-0.023523848418276528
[2025-01-27 18:57:33,707][root][INFO] - Simulating initial volumes for stage II  with norm params: mu=1.96, sigma=1.63, lb=-1.9410876100159118, ub=0.3711345751297772
[2025-01-27 18:57:33,709][root][INFO] - Simulating initial volumes for stage IIIA  with norm params: mu=1.91, sigma=9.4, lb=-0.33127370258786554, ub=0.06967546355973796
[2025-01-27 18:57:33,709][root][INFO] - Simulating initial volumes for stage IIIB  with norm params: mu=2.76, sigma=6.87, lb=-0.5769974969906748, ub=-0.02839165102452155
[2025-01-27 18:57:33,712][root][INFO] - Simulating initial volumes for stage IV  with norm params: mu=3.86, sigma=8.82, lb=-0.5741465764541877, ub=-0.14683113860980307
[2025-01-27 18:57:33,736][root][INFO] - Got correlated params for 4658 patients
[2025-01-27 18:57:33,741][root][INFO] - Got correlated params for 9338 patients
[2025-01-27 18:57:33,746][root][INFO] - Got correlated params for 13912 patients
[2025-01-27 18:57:33,754][root][INFO] - Simulating beta_c parameters
[2025-01-27 18:57:33,759][root][INFO] - Randomising outputs
[2025-01-27 18:57:51,273][root][INFO] - Simulating initial volumes for stage I  with norm params: mu=1.72, sigma=4.7, lb=-0.6221218732608373, ub=-0.023523848418276528
[2025-01-27 18:57:51,276][root][INFO] - Simulating initial volumes for stage II  with norm params: mu=1.96, sigma=1.63, lb=-1.9410876100159118, ub=0.3711345751297772
[2025-01-27 18:57:51,276][root][INFO] - Simulating initial volumes for stage IIIA  with norm params: mu=1.91, sigma=9.4, lb=-0.33127370258786554, ub=0.06967546355973796
[2025-01-27 18:57:51,277][root][INFO] - Simulating initial volumes for stage IIIB  with norm params: mu=2.76, sigma=6.87, lb=-0.5769974969906748, ub=-0.02839165102452155
[2025-01-27 18:57:51,278][root][INFO] - Simulating initial volumes for stage IV  with norm params: mu=3.86, sigma=8.82, lb=-0.5741465764541877, ub=-0.14683113860980307
[2025-01-27 18:57:51,280][root][INFO] - Got correlated params for 464 patients
[2025-01-27 18:57:51,281][root][INFO] - Got correlated params for 942 patients
[2025-01-27 18:57:51,282][root][INFO] - Got correlated params for 1398 patients
[2025-01-27 18:57:51,283][root][INFO] - Simulating beta_c parameters
[2025-01-27 18:57:51,284][root][INFO] - Randomising outputs
[2025-01-27 18:57:53,013][root][INFO] - Simulating initial volumes for stage I  with norm params: mu=1.72, sigma=4.7, lb=-0.6221218732608373, ub=-0.023523848418276528
[2025-01-27 18:57:53,015][root][INFO] - Simulating initial volumes for stage II  with norm params: mu=1.96, sigma=1.63, lb=-1.9410876100159118, ub=0.3711345751297772
[2025-01-27 18:57:53,015][root][INFO] - Simulating initial volumes for stage IIIA  with norm params: mu=1.91, sigma=9.4, lb=-0.33127370258786554, ub=0.06967546355973796
[2025-01-27 18:57:53,016][root][INFO] - Simulating initial volumes for stage IIIB  with norm params: mu=2.76, sigma=6.87, lb=-0.5769974969906748, ub=-0.02839165102452155
[2025-01-27 18:57:53,017][root][INFO] - Simulating initial volumes for stage IV  with norm params: mu=3.86, sigma=8.82, lb=-0.5741465764541877, ub=-0.14683113860980307
[2025-01-27 18:57:53,018][root][INFO] - Got correlated params for 491 patients
[2025-01-27 18:57:53,019][root][INFO] - Got correlated params for 936 patients
[2025-01-27 18:57:53,020][root][INFO] - Got correlated params for 1396 patients
[2025-01-27 18:57:53,021][root][INFO] - Simulating beta_c parameters
[2025-01-27 18:57:53,022][root][INFO] - Randomising outputs
[2025-01-27 18:57:59,238][root][INFO] - Simulating initial volumes for stage I  with norm params: mu=1.72, sigma=4.7, lb=-0.6221218732608373, ub=-0.023523848418276528
[2025-01-27 18:57:59,240][root][INFO] - Simulating initial volumes for stage II  with norm params: mu=1.96, sigma=1.63, lb=-1.9410876100159118, ub=0.3711345751297772
[2025-01-27 18:57:59,240][root][INFO] - Simulating initial volumes for stage IIIA  with norm params: mu=1.91, sigma=9.4, lb=-0.33127370258786554, ub=0.06967546355973796
[2025-01-27 18:57:59,241][root][INFO] - Simulating initial volumes for stage IIIB  with norm params: mu=2.76, sigma=6.87, lb=-0.5769974969906748, ub=-0.02839165102452155
[2025-01-27 18:57:59,242][root][INFO] - Simulating initial volumes for stage IV  with norm params: mu=3.86, sigma=8.82, lb=-0.5741465764541877, ub=-0.14683113860980307
[2025-01-27 18:57:59,244][root][INFO] - Got correlated params for 434 patients
[2025-01-27 18:57:59,245][root][INFO] - Got correlated params for 874 patients
[2025-01-27 18:57:59,246][root][INFO] - Got correlated params for 1357 patients
[2025-01-27 18:57:59,247][root][INFO] - Simulating beta_c parameters
[2025-01-27 18:57:59,248][root][INFO] - Randomising outputs
[2025-01-27 18:58:27,463][src.data.cancer_sim.dataset][INFO] - Processing train dataset before training
[2025-01-27 18:58:28,350][src.data.cancer_sim.dataset][INFO] - Shape of processed train data: {'cancer_volume': (10000, 60), 'chemo_dosage': (10000, 60), 'radio_dosage': (10000, 60), 'chemo_application': (10000, 60), 'radio_application': (10000, 60), 'chemo_probabilities': (10000, 60), 'radio_probabilities': (10000, 60), 'sequence_lengths': (10000,), 'death_flags': (10000, 60), 'recovery_flags': (10000, 60), 'patient_types': (10000,), 'prev_treatments': (10000, 59, 4), 'current_treatments': (10000, 59, 4), 'current_covariates': (10000, 59, 2), 'outputs': (10000, 59, 1), 'active_entries': (10000, 59, 1), 'unscaled_outputs': (10000, 59, 1), 'prev_outputs': (10000, 59, 1), 'static_features': (10000, 1)}
[2025-01-27 18:58:28,351][src.data.cancer_sim.dataset][INFO] - Processing val dataset before training
[2025-01-27 18:58:28,440][src.data.cancer_sim.dataset][INFO] - Shape of processed val data: {'cancer_volume': (1000, 60), 'chemo_dosage': (1000, 60), 'radio_dosage': (1000, 60), 'chemo_application': (1000, 60), 'radio_application': (1000, 60), 'chemo_probabilities': (1000, 60), 'radio_probabilities': (1000, 60), 'sequence_lengths': (1000,), 'death_flags': (1000, 60), 'recovery_flags': (1000, 60), 'patient_types': (1000,), 'prev_treatments': (1000, 59, 4), 'current_treatments': (1000, 59, 4), 'current_covariates': (1000, 59, 2), 'outputs': (1000, 59, 1), 'active_entries': (1000, 59, 1), 'unscaled_outputs': (1000, 59, 1), 'prev_outputs': (1000, 59, 1), 'static_features': (1000, 1)}
[2025-01-27 18:58:28,441][src.data.cancer_sim.dataset][INFO] - Processing test dataset before training
[2025-01-27 18:58:47,682][src.data.cancer_sim.dataset][INFO] - Shape of processed test data: {'cancer_volume': (224868, 60), 'chemo_application': (224868, 60), 'radio_application': (224868, 60), 'sequence_lengths': (224868,), 'patient_types': (224868,), 'prev_treatments': (224868, 59, 4), 'current_treatments': (224868, 59, 4), 'current_covariates': (224868, 59, 2), 'outputs': (224868, 59, 1), 'active_entries': (224868, 59, 1), 'unscaled_outputs': (224868, 59, 1), 'prev_outputs': (224868, 59, 1), 'static_features': (224868, 1)}
[2025-01-27 18:58:47,683][src.data.cancer_sim.dataset][INFO] - Processing test dataset before training
[2025-01-27 18:59:39,443][src.data.cancer_sim.dataset][INFO] - Shape of processed test data: {'cancer_volume': (548744, 65), 'chemo_application': (548744, 65), 'radio_application': (548744, 65), 'sequence_lengths': (548744,), 'patient_types': (548744,), 'patient_ids_all_trajectories': (548744,), 'patient_current_t': (548744,), 'prev_treatments': (548744, 64, 4), 'current_treatments': (548744, 64, 4), 'current_covariates': (548744, 64, 2), 'outputs': (548744, 64, 1), 'active_entries': (548744, 64, 1), 'unscaled_outputs': (548744, 64, 1), 'prev_outputs': (548744, 64, 1), 'static_features': (548744, 1)}
[2025-01-27 18:59:39,447][src.data.cancer_sim.dataset][INFO] - Processing test dataset before testing (multiple sequences)
[2025-01-27 18:59:47,016][src.data.cancer_sim.dataset][INFO] - Shape of processed test data: {'active_encoder_r': (548744, 59), 'prev_treatments': (548744, 5, 4), 'current_treatments': (548744, 5, 4), 'current_covariates': (548744, 5, 2), 'prev_outputs': (548744, 5, 1), 'static_features': (548744, 1), 'outputs': (548744, 5, 1), 'sequence_lengths': (548744,), 'active_entries': (548744, 5, 1), 'unscaled_outputs': (548744, 5, 1), 'patient_types': (548744,), 'patient_ids_all_trajectories': (548744,), 'patient_current_t': (548744,)}
[2025-01-27 18:59:49,590][src.models.gnet][INFO] - Input size of g_net: 6
[2025-01-27 18:59:49,744][src.data.dataset_collection][INFO] - Splited train_f on train_f: 9000 and train_f_holdout: 1000
[2025-01-27 18:59:49,745][src.data.dataset_collection][INFO] - Exploding test_cf_treatment_seq 50 times
[2025-01-27 19:04:20,739][src.models.gnet][INFO] - Fitting residuals based on train_f_holdout.
[2025-01-27 19:04:20,740][src.models.gnet][INFO] - Predictions for train.
[2025-01-27 19:04:21,563][src.models.time_varying_model][INFO] - RMSE calculation for val.
[2025-01-27 19:04:21,563][src.models.gnet][INFO] - Predictions for val.
[2025-01-27 19:04:22,273][__main__][INFO] - Val normalised RMSE (all): 0.6474313432449448; Val normalised RMSE (orig): 0.6389299275944146
[2025-01-27 19:04:22,273][src.models.time_varying_model][INFO] - RMSE calculation for test.
[2025-01-27 19:04:22,273][src.models.gnet][INFO] - Predictions for test.
[2025-01-27 19:04:34,528][__main__][INFO] - Test normalised RMSE (all): 1.3355082236098876; Test normalised RMSE (orig): 1.1214640295850091; Test normalised RMSE (only counterfactual): 1.9119344544945154
[2025-01-27 19:04:34,583][src.models.time_varying_model][INFO] - RMSE calculation for test.
[2025-01-27 19:04:34,583][src.models.gnet][INFO] - Autoregressive Prediction for test with MC-sampling of trajectories.
[2025-01-27 19:04:34,583][src.models.gnet][INFO] - t = 1
[2025-01-27 19:04:34,584][src.models.gnet][INFO] - Predictions for test.
[2025-01-27 19:05:03,940][src.models.gnet][INFO] - Predictions for test.
[2025-01-27 19:05:33,229][src.models.gnet][INFO] - Predictions for test.
[2025-01-27 19:06:02,429][src.models.gnet][INFO] - Predictions for test.
[2025-01-27 19:06:31,473][src.models.gnet][INFO] - Predictions for test.
[2025-01-27 19:07:00,837][src.models.gnet][INFO] - Predictions for test.
[2025-01-27 19:07:30,082][src.models.gnet][INFO] - Predictions for test.
[2025-01-27 19:07:59,588][src.models.gnet][INFO] - Predictions for test.
[2025-01-27 19:08:28,741][src.models.gnet][INFO] - Predictions for test.
[2025-01-27 19:08:57,978][src.models.gnet][INFO] - Predictions for test.
[2025-01-27 19:09:27,325][src.models.gnet][INFO] - Predictions for test.
[2025-01-27 19:09:56,994][src.models.gnet][INFO] - Predictions for test.
[2025-01-27 19:10:26,234][src.models.gnet][INFO] - Predictions for test.
[2025-01-27 19:10:55,619][src.models.gnet][INFO] - Predictions for test.
[2025-01-27 19:11:24,825][src.models.gnet][INFO] - Predictions for test.
[2025-01-27 19:11:54,262][src.models.gnet][INFO] - Predictions for test.
[2025-01-27 19:12:23,479][src.models.gnet][INFO] - Predictions for test.
[2025-01-27 19:12:52,763][src.models.gnet][INFO] - Predictions for test.
[2025-01-27 19:13:21,973][src.models.gnet][INFO] - Predictions for test.
[2025-01-27 19:13:51,194][src.models.gnet][INFO] - Predictions for test.
[2025-01-27 19:14:20,603][src.models.gnet][INFO] - Predictions for test.
[2025-01-27 19:14:52,335][src.models.gnet][INFO] - Predictions for test.
[2025-01-27 19:15:23,515][src.models.gnet][INFO] - Predictions for test.
[2025-01-27 19:15:52,989][src.models.gnet][INFO] - Predictions for test.
[2025-01-27 19:16:22,110][src.models.gnet][INFO] - Predictions for test.
[2025-01-27 19:16:51,467][src.models.gnet][INFO] - Predictions for test.
[2025-01-27 19:17:20,663][src.models.gnet][INFO] - Predictions for test.
[2025-01-27 19:17:49,886][src.models.gnet][INFO] - Predictions for test.
[2025-01-27 19:18:19,017][src.models.gnet][INFO] - Predictions for test.
[2025-01-27 19:18:48,179][src.models.gnet][INFO] - Predictions for test.
[2025-01-27 19:19:17,355][src.models.gnet][INFO] - Predictions for test.
[2025-01-27 19:19:46,792][src.models.gnet][INFO] - Predictions for test.
[2025-01-27 19:20:16,370][src.models.gnet][INFO] - Predictions for test.
[2025-01-27 19:20:45,574][src.models.gnet][INFO] - Predictions for test.
[2025-01-27 19:21:15,061][src.models.gnet][INFO] - Predictions for test.
[2025-01-27 19:21:44,373][src.models.gnet][INFO] - Predictions for test.
[2025-01-27 19:22:13,546][src.models.gnet][INFO] - Predictions for test.
[2025-01-27 19:22:42,688][src.models.gnet][INFO] - Predictions for test.
[2025-01-27 19:23:12,033][src.models.gnet][INFO] - Predictions for test.
[2025-01-27 19:23:41,167][src.models.gnet][INFO] - Predictions for test.
[2025-01-27 19:24:10,426][src.models.gnet][INFO] - Predictions for test.
[2025-01-27 19:24:39,769][src.models.gnet][INFO] - Predictions for test.
[2025-01-27 19:25:08,989][src.models.gnet][INFO] - Predictions for test.
[2025-01-27 19:25:38,197][src.models.gnet][INFO] - Predictions for test.
[2025-01-27 19:26:07,424][src.models.gnet][INFO] - Predictions for test.
[2025-01-27 19:26:38,501][src.models.gnet][INFO] - Predictions for test.
[2025-01-27 19:27:07,733][src.models.gnet][INFO] - Predictions for test.
[2025-01-27 19:27:36,981][src.models.gnet][INFO] - Predictions for test.
[2025-01-27 19:28:06,275][src.models.gnet][INFO] - Predictions for test.
[2025-01-27 19:28:35,305][src.models.gnet][INFO] - Predictions for test.
[2025-01-27 19:29:04,597][src.models.gnet][INFO] - t = 2
[2025-01-27 19:29:04,598][src.models.gnet][INFO] - Predictions for test.
[2025-01-27 19:29:34,016][src.models.gnet][INFO] - Predictions for test.
[2025-01-27 19:30:03,983][src.models.gnet][INFO] - Predictions for test.
[2025-01-27 19:30:33,344][src.models.gnet][INFO] - Predictions for test.
[2025-01-27 19:31:02,668][src.models.gnet][INFO] - Predictions for test.
[2025-01-27 19:31:31,817][src.models.gnet][INFO] - Predictions for test.
[2025-01-27 19:32:01,310][src.models.gnet][INFO] - Predictions for test.
[2025-01-27 19:32:30,572][src.models.gnet][INFO] - Predictions for test.
[2025-01-27 19:32:59,770][src.models.gnet][INFO] - Predictions for test.
[2025-01-27 19:33:29,136][src.models.gnet][INFO] - Predictions for test.
[2025-01-27 19:33:58,421][src.models.gnet][INFO] - Predictions for test.
[2025-01-27 19:34:27,548][src.models.gnet][INFO] - Predictions for test.
[2025-01-27 19:34:57,445][src.models.gnet][INFO] - Predictions for test.
[2025-01-27 19:35:26,735][src.models.gnet][INFO] - Predictions for test.
[2025-01-27 19:35:56,017][src.models.gnet][INFO] - Predictions for test.
[2025-01-27 19:36:25,235][src.models.gnet][INFO] - Predictions for test.
[2025-01-27 19:36:54,603][src.models.gnet][INFO] - Predictions for test.
[2025-01-27 19:37:23,779][src.models.gnet][INFO] - Predictions for test.
[2025-01-27 19:37:53,256][src.models.gnet][INFO] - Predictions for test.
[2025-01-27 19:38:22,555][src.models.gnet][INFO] - Predictions for test.
[2025-01-27 19:38:51,919][src.models.gnet][INFO] - Predictions for test.
[2025-01-27 19:39:21,100][src.models.gnet][INFO] - Predictions for test.
[2025-01-27 19:39:52,819][src.models.gnet][INFO] - Predictions for test.
[2025-01-27 19:40:23,901][src.models.gnet][INFO] - Predictions for test.
[2025-01-27 19:40:52,836][src.models.gnet][INFO] - Predictions for test.
[2025-01-27 19:41:21,816][src.models.gnet][INFO] - Predictions for test.
[2025-01-27 19:41:51,169][src.models.gnet][INFO] - Predictions for test.
[2025-01-27 19:42:20,215][src.models.gnet][INFO] - Predictions for test.
[2025-01-27 19:42:49,539][src.models.gnet][INFO] - Predictions for test.
[2025-01-27 19:43:18,776][src.models.gnet][INFO] - Predictions for test.
[2025-01-27 19:43:48,033][src.models.gnet][INFO] - Predictions for test.
[2025-01-27 19:44:17,309][src.models.gnet][INFO] - Predictions for test.
[2025-01-27 19:44:46,711][src.models.gnet][INFO] - Predictions for test.
[2025-01-27 19:45:16,309][src.models.gnet][INFO] - Predictions for test.
[2025-01-27 19:45:45,449][src.models.gnet][INFO] - Predictions for test.
[2025-01-27 19:46:14,716][src.models.gnet][INFO] - Predictions for test.
[2025-01-27 19:46:43,816][src.models.gnet][INFO] - Predictions for test.
[2025-01-27 19:47:13,097][src.models.gnet][INFO] - Predictions for test.
[2025-01-27 19:47:42,409][src.models.gnet][INFO] - Predictions for test.
[2025-01-27 19:48:11,791][src.models.gnet][INFO] - Predictions for test.
[2025-01-27 19:48:40,894][src.models.gnet][INFO] - Predictions for test.
[2025-01-27 19:49:10,077][src.models.gnet][INFO] - Predictions for test.
[2025-01-27 19:49:39,086][src.models.gnet][INFO] - Predictions for test.
[2025-01-27 19:50:08,531][src.models.gnet][INFO] - Predictions for test.
[2025-01-27 19:50:37,704][src.models.gnet][INFO] - Predictions for test.
[2025-01-27 19:51:06,866][src.models.gnet][INFO] - Predictions for test.
[2025-01-27 19:51:38,939][src.models.gnet][INFO] - Predictions for test.
[2025-01-27 19:52:08,210][src.models.gnet][INFO] - Predictions for test.
[2025-01-27 19:52:37,479][src.models.gnet][INFO] - Predictions for test.
[2025-01-27 19:53:06,735][src.models.gnet][INFO] - Predictions for test.
[2025-01-27 19:53:36,132][src.models.gnet][INFO] - t = 3
[2025-01-27 19:53:36,132][src.models.gnet][INFO] - Predictions for test.
[2025-01-27 19:54:05,766][src.models.gnet][INFO] - Predictions for test.
[2025-01-27 19:54:35,043][src.models.gnet][INFO] - Predictions for test.
[2025-01-27 19:55:04,536][src.models.gnet][INFO] - Predictions for test.
[2025-01-27 19:55:33,666][src.models.gnet][INFO] - Predictions for test.
[2025-01-27 19:56:02,660][src.models.gnet][INFO] - Predictions for test.
[2025-01-27 19:56:31,705][src.models.gnet][INFO] - Predictions for test.
[2025-01-27 19:57:00,850][src.models.gnet][INFO] - Predictions for test.
[2025-01-27 19:57:30,299][src.models.gnet][INFO] - Predictions for test.
[2025-01-27 19:57:59,531][src.models.gnet][INFO] - Predictions for test.
[2025-01-27 19:58:28,706][src.models.gnet][INFO] - Predictions for test.
[2025-01-27 19:58:57,833][src.models.gnet][INFO] - Predictions for test.
[2025-01-27 19:59:26,921][src.models.gnet][INFO] - Predictions for test.
[2025-01-27 19:59:56,677][src.models.gnet][INFO] - Predictions for test.
[2025-01-27 20:00:25,765][src.models.gnet][INFO] - Predictions for test.
[2025-01-27 20:00:54,938][src.models.gnet][INFO] - Predictions for test.
[2025-01-27 20:01:24,017][src.models.gnet][INFO] - Predictions for test.
[2025-01-27 20:01:53,248][src.models.gnet][INFO] - Predictions for test.
[2025-01-27 20:02:22,387][src.models.gnet][INFO] - Predictions for test.
[2025-01-27 20:02:51,546][src.models.gnet][INFO] - Predictions for test.
[2025-01-27 20:03:20,606][src.models.gnet][INFO] - Predictions for test.
[2025-01-27 20:03:49,691][src.models.gnet][INFO] - Predictions for test.
[2025-01-27 20:04:18,901][src.models.gnet][INFO] - Predictions for test.
[2025-01-27 20:04:48,206][src.models.gnet][INFO] - Predictions for test.
[2025-01-27 20:05:17,185][src.models.gnet][INFO] - Predictions for test.
[2025-01-27 20:05:46,388][src.models.gnet][INFO] - Predictions for test.
[2025-01-27 20:06:15,456][src.models.gnet][INFO] - Predictions for test.
[2025-01-27 20:06:44,583][src.models.gnet][INFO] - Predictions for test.
[2025-01-27 20:07:13,649][src.models.gnet][INFO] - Predictions for test.
[2025-01-27 20:07:42,653][src.models.gnet][INFO] - Predictions for test.
[2025-01-27 20:08:11,685][src.models.gnet][INFO] - Predictions for test.
[2025-01-27 20:08:40,766][src.models.gnet][INFO] - Predictions for test.
[2025-01-27 20:09:09,905][src.models.gnet][INFO] - Predictions for test.
[2025-01-27 20:09:38,877][src.models.gnet][INFO] - Predictions for test.
[2025-01-27 20:10:08,260][src.models.gnet][INFO] - Predictions for test.
[2025-01-27 20:10:37,247][src.models.gnet][INFO] - Predictions for test.
[2025-01-27 20:11:06,137][src.models.gnet][INFO] - Predictions for test.
[2025-01-27 20:11:35,222][src.models.gnet][INFO] - Predictions for test.
[2025-01-27 20:12:06,906][src.models.gnet][INFO] - Predictions for test.
[2025-01-27 20:12:35,947][src.models.gnet][INFO] - Predictions for test.
[2025-01-27 20:13:05,242][src.models.gnet][INFO] - Predictions for test.
[2025-01-27 20:13:34,154][src.models.gnet][INFO] - Predictions for test.
[2025-01-27 20:14:03,115][src.models.gnet][INFO] - Predictions for test.
[2025-01-27 20:14:32,411][src.models.gnet][INFO] - Predictions for test.
[2025-01-27 20:15:04,043][src.models.gnet][INFO] - Predictions for test.
[2025-01-27 20:15:33,129][src.models.gnet][INFO] - Predictions for test.
[2025-01-27 20:16:02,163][src.models.gnet][INFO] - Predictions for test.
[2025-01-27 20:16:31,272][src.models.gnet][INFO] - Predictions for test.
[2025-01-27 20:17:00,605][src.models.gnet][INFO] - Predictions for test.
[2025-01-27 20:17:29,716][src.models.gnet][INFO] - Predictions for test.
[2025-01-27 20:17:59,052][src.models.gnet][INFO] - t = 4
[2025-01-27 20:17:59,056][src.models.gnet][INFO] - Predictions for test.
[2025-01-27 20:18:28,528][src.models.gnet][INFO] - Predictions for test.
[2025-01-27 20:18:57,737][src.models.gnet][INFO] - Predictions for test.
[2025-01-27 20:19:26,864][src.models.gnet][INFO] - Predictions for test.
[2025-01-27 20:19:56,450][src.models.gnet][INFO] - Predictions for test.
[2025-01-27 20:20:25,367][src.models.gnet][INFO] - Predictions for test.
[2025-01-27 20:20:54,519][src.models.gnet][INFO] - Predictions for test.
[2025-01-27 20:21:23,684][src.models.gnet][INFO] - Predictions for test.
[2025-01-27 20:21:53,028][src.models.gnet][INFO] - Predictions for test.
[2025-01-27 20:22:22,333][src.models.gnet][INFO] - Predictions for test.
[2025-01-27 20:22:51,682][src.models.gnet][INFO] - Predictions for test.
[2025-01-27 20:23:20,699][src.models.gnet][INFO] - Predictions for test.
[2025-01-27 20:23:49,980][src.models.gnet][INFO] - Predictions for test.
[2025-01-27 20:24:19,102][src.models.gnet][INFO] - Predictions for test.
[2025-01-27 20:24:48,363][src.models.gnet][INFO] - Predictions for test.
[2025-01-27 20:25:17,707][src.models.gnet][INFO] - Predictions for test.
[2025-01-27 20:25:46,783][src.models.gnet][INFO] - Predictions for test.
[2025-01-27 20:26:15,578][src.models.gnet][INFO] - Predictions for test.
[2025-01-27 20:26:44,564][src.models.gnet][INFO] - Predictions for test.
[2025-01-27 20:27:13,507][src.models.gnet][INFO] - Predictions for test.
[2025-01-27 20:27:42,478][src.models.gnet][INFO] - Predictions for test.
[2025-01-27 20:28:11,545][src.models.gnet][INFO] - Predictions for test.
[2025-01-27 20:28:40,656][src.models.gnet][INFO] - Predictions for test.
[2025-01-27 20:29:09,679][src.models.gnet][INFO] - Predictions for test.
[2025-01-27 20:29:38,531][src.models.gnet][INFO] - Predictions for test.
[2025-01-27 20:30:07,862][src.models.gnet][INFO] - Predictions for test.
[2025-01-27 20:30:37,041][src.models.gnet][INFO] - Predictions for test.
[2025-01-27 20:31:06,263][src.models.gnet][INFO] - Predictions for test.
[2025-01-27 20:31:35,106][src.models.gnet][INFO] - Predictions for test.
[2025-01-27 20:32:06,459][src.models.gnet][INFO] - Predictions for test.
[2025-01-27 20:32:35,312][src.models.gnet][INFO] - Predictions for test.
[2025-01-27 20:33:04,351][src.models.gnet][INFO] - Predictions for test.
[2025-01-27 20:33:33,231][src.models.gnet][INFO] - Predictions for test.
[2025-01-27 20:34:02,068][src.models.gnet][INFO] - Predictions for test.
[2025-01-27 20:34:30,909][src.models.gnet][INFO] - Predictions for test.
[2025-01-27 20:35:00,197][src.models.gnet][INFO] - Predictions for test.
[2025-01-27 20:35:31,757][src.models.gnet][INFO] - Predictions for test.
[2025-01-27 20:36:00,651][src.models.gnet][INFO] - Predictions for test.
[2025-01-27 20:36:29,497][src.models.gnet][INFO] - Predictions for test.
[2025-01-27 20:36:58,528][src.models.gnet][INFO] - Predictions for test.
[2025-01-27 20:37:27,443][src.models.gnet][INFO] - Predictions for test.
[2025-01-27 20:37:56,352][src.models.gnet][INFO] - Predictions for test.
[2025-01-27 20:38:25,216][src.models.gnet][INFO] - Predictions for test.
[2025-01-27 20:38:54,359][src.models.gnet][INFO] - Predictions for test.
[2025-01-27 20:39:23,297][src.models.gnet][INFO] - Predictions for test.
[2025-01-27 20:39:53,054][src.models.gnet][INFO] - Predictions for test.
[2025-01-27 20:40:24,198][src.models.gnet][INFO] - Predictions for test.
[2025-01-27 20:40:53,196][src.models.gnet][INFO] - Predictions for test.
[2025-01-27 20:41:22,193][src.models.gnet][INFO] - Predictions for test.
[2025-01-27 20:41:51,087][src.models.gnet][INFO] - Predictions for test.
[2025-01-27 20:42:20,058][src.models.gnet][INFO] - t = 5
[2025-01-27 20:42:20,058][src.models.gnet][INFO] - Predictions for test.
[2025-01-27 20:42:49,119][src.models.gnet][INFO] - Predictions for test.
[2025-01-27 20:43:18,102][src.models.gnet][INFO] - Predictions for test.
[2025-01-27 20:43:47,139][src.models.gnet][INFO] - Predictions for test.
[2025-01-27 20:44:16,093][src.models.gnet][INFO] - Predictions for test.
[2025-01-27 20:44:45,024][src.models.gnet][INFO] - Predictions for test.
[2025-01-27 20:45:14,643][src.models.gnet][INFO] - Predictions for test.
[2025-01-27 20:45:43,518][src.models.gnet][INFO] - Predictions for test.
[2025-01-27 20:46:12,554][src.models.gnet][INFO] - Predictions for test.
[2025-01-27 20:46:41,508][src.models.gnet][INFO] - Predictions for test.
[2025-01-27 20:47:10,579][src.models.gnet][INFO] - Predictions for test.
[2025-01-27 20:47:39,446][src.models.gnet][INFO] - Predictions for test.
[2025-01-27 20:48:08,444][src.models.gnet][INFO] - Predictions for test.
[2025-01-27 20:48:37,277][src.models.gnet][INFO] - Predictions for test.
[2025-01-27 20:49:06,257][src.models.gnet][INFO] - Predictions for test.
[2025-01-27 20:49:35,131][src.models.gnet][INFO] - Predictions for test.
[2025-01-27 20:50:04,357][src.models.gnet][INFO] - Predictions for test.
[2025-01-27 20:50:33,249][src.models.gnet][INFO] - Predictions for test.
[2025-01-27 20:51:02,275][src.models.gnet][INFO] - Predictions for test.
[2025-01-27 20:51:31,216][src.models.gnet][INFO] - Predictions for test.
[2025-01-27 20:52:00,184][src.models.gnet][INFO] - Predictions for test.
[2025-01-27 20:52:29,061][src.models.gnet][INFO] - Predictions for test.
[2025-01-27 20:52:58,102][src.models.gnet][INFO] - Predictions for test.
[2025-01-27 20:53:26,909][src.models.gnet][INFO] - Predictions for test.
[2025-01-27 20:53:55,728][src.models.gnet][INFO] - Predictions for test.
[2025-01-27 20:54:24,606][src.models.gnet][INFO] - Predictions for test.
[2025-01-27 20:54:56,693][src.models.gnet][INFO] - Predictions for test.
[2025-01-27 20:55:25,769][src.models.gnet][INFO] - Predictions for test.
[2025-01-27 20:55:54,694][src.models.gnet][INFO] - Predictions for test.
[2025-01-27 20:56:23,615][src.models.gnet][INFO] - Predictions for test.
[2025-01-27 20:56:52,578][src.models.gnet][INFO] - Predictions for test.
[2025-01-27 20:57:21,779][src.models.gnet][INFO] - Predictions for test.
[2025-01-27 20:57:50,818][src.models.gnet][INFO] - Predictions for test.
[2025-01-27 20:58:19,869][src.models.gnet][INFO] - Predictions for test.
[2025-01-27 20:58:48,878][src.models.gnet][INFO] - Predictions for test.
[2025-01-27 20:59:17,931][src.models.gnet][INFO] - Predictions for test.
[2025-01-27 20:59:47,289][src.models.gnet][INFO] - Predictions for test.
[2025-01-27 21:00:16,650][src.models.gnet][INFO] - Predictions for test.
[2025-01-27 21:00:45,788][src.models.gnet][INFO] - Predictions for test.
[2025-01-27 21:01:14,986][src.models.gnet][INFO] - Predictions for test.
[2025-01-27 21:01:43,992][src.models.gnet][INFO] - Predictions for test.
[2025-01-27 21:02:13,111][src.models.gnet][INFO] - Predictions for test.
[2025-01-27 21:02:41,942][src.models.gnet][INFO] - Predictions for test.
[2025-01-27 21:03:11,143][src.models.gnet][INFO] - Predictions for test.
[2025-01-27 21:03:40,100][src.models.gnet][INFO] - Predictions for test.
[2025-01-27 21:04:09,216][src.models.gnet][INFO] - Predictions for test.
[2025-01-27 21:04:38,315][src.models.gnet][INFO] - Predictions for test.
[2025-01-27 21:05:07,669][src.models.gnet][INFO] - Predictions for test.
[2025-01-27 21:05:36,803][src.models.gnet][INFO] - Predictions for test.
[2025-01-27 21:06:05,766][src.models.gnet][INFO] - Predictions for test.
[2025-01-27 21:06:34,736][src.models.gnet][INFO] - t = 6
[2025-01-27 21:06:34,736][src.models.gnet][INFO] - Predictions for test.
[2025-01-27 21:07:06,664][src.models.gnet][INFO] - Predictions for test.
[2025-01-27 21:07:35,523][src.models.gnet][INFO] - Predictions for test.
[2025-01-27 21:08:04,499][src.models.gnet][INFO] - Predictions for test.
[2025-01-27 21:08:33,396][src.models.gnet][INFO] - Predictions for test.
[2025-01-27 21:09:02,264][src.models.gnet][INFO] - Predictions for test.
[2025-01-27 21:09:31,186][src.models.gnet][INFO] - Predictions for test.
[2025-01-27 21:10:00,349][src.models.gnet][INFO] - Predictions for test.
[2025-01-27 21:10:31,692][src.models.gnet][INFO] - Predictions for test.
[2025-01-27 21:11:00,649][src.models.gnet][INFO] - Predictions for test.
[2025-01-27 21:11:29,601][src.models.gnet][INFO] - Predictions for test.
[2025-01-27 21:11:58,480][src.models.gnet][INFO] - Predictions for test.
[2025-01-27 21:12:27,432][src.models.gnet][INFO] - Predictions for test.
[2025-01-27 21:12:56,307][src.models.gnet][INFO] - Predictions for test.
[2025-01-27 21:13:25,319][src.models.gnet][INFO] - Predictions for test.
[2025-01-27 21:13:54,330][src.models.gnet][INFO] - Predictions for test.
[2025-01-27 21:14:23,270][src.models.gnet][INFO] - Predictions for test.
[2025-01-27 21:14:53,313][src.models.gnet][INFO] - Predictions for test.
[2025-01-27 21:15:24,484][src.models.gnet][INFO] - Predictions for test.
[2025-01-27 21:15:53,628][src.models.gnet][INFO] - Predictions for test.
[2025-01-27 21:16:22,539][src.models.gnet][INFO] - Predictions for test.
[2025-01-27 21:16:51,597][src.models.gnet][INFO] - Predictions for test.
[2025-01-27 21:17:20,521][src.models.gnet][INFO] - Predictions for test.
[2025-01-27 21:17:49,446][src.models.gnet][INFO] - Predictions for test.
[2025-01-27 21:18:18,276][src.models.gnet][INFO] - Predictions for test.
[2025-01-27 21:18:47,208][src.models.gnet][INFO] - Predictions for test.
[2025-01-27 21:19:16,221][src.models.gnet][INFO] - Predictions for test.
[2025-01-27 21:19:45,244][src.models.gnet][INFO] - Predictions for test.
[2025-01-27 21:20:14,504][src.models.gnet][INFO] - Predictions for test.
[2025-01-27 21:20:43,583][src.models.gnet][INFO] - Predictions for test.
[2025-01-27 21:21:12,372][src.models.gnet][INFO] - Predictions for test.
[2025-01-27 21:21:41,323][src.models.gnet][INFO] - Predictions for test.
[2025-01-27 21:22:10,331][src.models.gnet][INFO] - Predictions for test.
[2025-01-27 21:22:39,413][src.models.gnet][INFO] - Predictions for test.
[2025-01-27 21:23:08,447][src.models.gnet][INFO] - Predictions for test.
[2025-01-27 21:23:37,410][src.models.gnet][INFO] - Predictions for test.
[2025-01-27 21:24:06,260][src.models.gnet][INFO] - Predictions for test.
[2025-01-27 21:24:35,157][src.models.gnet][INFO] - Predictions for test.
[2025-01-27 21:25:04,461][src.models.gnet][INFO] - Predictions for test.
[2025-01-27 21:25:33,502][src.models.gnet][INFO] - Predictions for test.
[2025-01-27 21:26:02,597][src.models.gnet][INFO] - Predictions for test.
[2025-01-27 21:26:31,544][src.models.gnet][INFO] - Predictions for test.
[2025-01-27 21:27:00,454][src.models.gnet][INFO] - Predictions for test.
[2025-01-27 21:27:29,369][src.models.gnet][INFO] - Predictions for test.
[2025-01-27 21:27:58,476][src.models.gnet][INFO] - Predictions for test.
[2025-01-27 21:28:27,517][src.models.gnet][INFO] - Predictions for test.
[2025-01-27 21:28:56,562][src.models.gnet][INFO] - Predictions for test.
[2025-01-27 21:29:25,444][src.models.gnet][INFO] - Predictions for test.
[2025-01-27 21:29:56,835][src.models.gnet][INFO] - Predictions for test.
[2025-01-27 21:30:25,763][src.models.gnet][INFO] - Predictions for test.
[2025-01-27 21:30:56,903][__main__][INFO] - Test normalised RMSE (n-step prediction): {'2-step': 2.4723661314993266, '3-step': 2.9936764956085176, '4-step': 3.2860939938211438, '5-step': 3.427935395886017, '6-step': 3.4356514434927106}
