[2025-01-30 03:58:17,647][__main__][INFO] - 
model:
  dim_treatments: 4
  dim_vitals: 0
  dim_static_features: 1
  dim_outcomes: 1
  name: CT
  multi:
    _target_: src.models.ct.CT
    max_seq_length: 65
    seq_hidden_units: 12
    br_size: 16
    fc_hidden_units: 48
    dropout_rate: 0.1
    num_layer: 1
    num_heads: 2
    max_grad_norm: null
    batch_size: 1024
    attn_dropout: true
    disable_cross_attention: false
    isolate_subnetwork: _
    self_positional_encoding:
      absolute: false
      trainable: true
      max_relative_position: 15
    optimizer:
      optimizer_cls: adam
      learning_rate: 0.02
      weight_decay: 0.0
      lr_scheduler: false
    augment_with_masked_vitals: true
    tune_hparams: false
    tune_range: 50
    hparams_grid: null
    resources_per_trial: null
  self_positional_encoding:
    max_relative_position: 15
dataset:
  val_batch_size: 512
  treatment_mode: multiclass
  _target_: src.data.SyntheticCancerDatasetCollection
  name: tumor_generator
  coeff: 6.0
  chemo_coeff: 6.0
  radio_coeff: 6.0
  seed: 10
  random: false
  noise_percentage: 0.0
  num_patients:
    train: 10000
    val: 1000
    test: 1000
  window_size: 15
  lag: 0
  max_seq_length: 60
  projection_horizon: 5
  cf_seq_mode: sliding_treatment
exp:
  seed: 10
  gpus:
  - 0
  max_epochs: 120
  logging: true
  mlflow_uri: http://127.0.0.1:5000
  unscale_rmse: true
  percentage_rmse: true
  alpha: 0.01
  update_alpha: true
  alpha_rate: exp
  initial_balancing_method: domain_confusion
  final_balancing_method: subgroup
  bce_weight: false
  weights_ema: true
  beta: 0.99
  alpha_wass: 10
  alpha_wass_epoch: false
  alpha_wass_growth: 0.001
  alpha_wass_max: 0.01
  balancing_switch_epoch: 99
  clustering_method: GMM
  number_clusters: 2
  num_timepoints: 59
  gap_epoch: 10
  checkpoint_dir: ./checkpoints/cancer/ct/SGA/6

[2025-01-30 03:58:17,661][root][INFO] - Simulating initial volumes for stage I  with norm params: mu=1.72, sigma=4.7, lb=-0.6221218732608373, ub=-0.023523848418276528
[2025-01-30 03:58:17,663][root][INFO] - Simulating initial volumes for stage II  with norm params: mu=1.96, sigma=1.63, lb=-1.9410876100159118, ub=0.3711345751297772
[2025-01-30 03:58:17,664][root][INFO] - Simulating initial volumes for stage IIIA  with norm params: mu=1.91, sigma=9.4, lb=-0.33127370258786554, ub=0.06967546355973796
[2025-01-30 03:58:17,665][root][INFO] - Simulating initial volumes for stage IIIB  with norm params: mu=2.76, sigma=6.87, lb=-0.5769974969906748, ub=-0.02839165102452155
[2025-01-30 03:58:17,667][root][INFO] - Simulating initial volumes for stage IV  with norm params: mu=3.86, sigma=8.82, lb=-0.5741465764541877, ub=-0.14683113860980307
[2025-01-30 03:58:17,676][root][INFO] - Got correlated params for 4658 patients
[2025-01-30 03:58:17,681][root][INFO] - Got correlated params for 9338 patients
[2025-01-30 03:58:17,685][root][INFO] - Got correlated params for 13912 patients
[2025-01-30 03:58:17,692][root][INFO] - Simulating beta_c parameters
[2025-01-30 03:58:17,697][root][INFO] - Randomising outputs
[2025-01-30 03:58:35,144][root][INFO] - Simulating initial volumes for stage I  with norm params: mu=1.72, sigma=4.7, lb=-0.6221218732608373, ub=-0.023523848418276528
[2025-01-30 03:58:35,146][root][INFO] - Simulating initial volumes for stage II  with norm params: mu=1.96, sigma=1.63, lb=-1.9410876100159118, ub=0.3711345751297772
[2025-01-30 03:58:35,147][root][INFO] - Simulating initial volumes for stage IIIA  with norm params: mu=1.91, sigma=9.4, lb=-0.33127370258786554, ub=0.06967546355973796
[2025-01-30 03:58:35,148][root][INFO] - Simulating initial volumes for stage IIIB  with norm params: mu=2.76, sigma=6.87, lb=-0.5769974969906748, ub=-0.02839165102452155
[2025-01-30 03:58:35,149][root][INFO] - Simulating initial volumes for stage IV  with norm params: mu=3.86, sigma=8.82, lb=-0.5741465764541877, ub=-0.14683113860980307
[2025-01-30 03:58:35,151][root][INFO] - Got correlated params for 464 patients
[2025-01-30 03:58:35,152][root][INFO] - Got correlated params for 942 patients
[2025-01-30 03:58:35,153][root][INFO] - Got correlated params for 1398 patients
[2025-01-30 03:58:35,154][root][INFO] - Simulating beta_c parameters
[2025-01-30 03:58:35,155][root][INFO] - Randomising outputs
[2025-01-30 03:58:36,856][root][INFO] - Simulating initial volumes for stage I  with norm params: mu=1.72, sigma=4.7, lb=-0.6221218732608373, ub=-0.023523848418276528
[2025-01-30 03:58:36,858][root][INFO] - Simulating initial volumes for stage II  with norm params: mu=1.96, sigma=1.63, lb=-1.9410876100159118, ub=0.3711345751297772
[2025-01-30 03:58:36,858][root][INFO] - Simulating initial volumes for stage IIIA  with norm params: mu=1.91, sigma=9.4, lb=-0.33127370258786554, ub=0.06967546355973796
[2025-01-30 03:58:36,859][root][INFO] - Simulating initial volumes for stage IIIB  with norm params: mu=2.76, sigma=6.87, lb=-0.5769974969906748, ub=-0.02839165102452155
[2025-01-30 03:58:36,860][root][INFO] - Simulating initial volumes for stage IV  with norm params: mu=3.86, sigma=8.82, lb=-0.5741465764541877, ub=-0.14683113860980307
[2025-01-30 03:58:36,861][root][INFO] - Got correlated params for 491 patients
[2025-01-30 03:58:36,862][root][INFO] - Got correlated params for 936 patients
[2025-01-30 03:58:36,863][root][INFO] - Got correlated params for 1396 patients
[2025-01-30 03:58:36,864][root][INFO] - Simulating beta_c parameters
[2025-01-30 03:58:36,865][root][INFO] - Randomising outputs
[2025-01-30 03:58:43,251][root][INFO] - Simulating initial volumes for stage I  with norm params: mu=1.72, sigma=4.7, lb=-0.6221218732608373, ub=-0.023523848418276528
[2025-01-30 03:58:43,252][root][INFO] - Simulating initial volumes for stage II  with norm params: mu=1.96, sigma=1.63, lb=-1.9410876100159118, ub=0.3711345751297772
[2025-01-30 03:58:43,253][root][INFO] - Simulating initial volumes for stage IIIA  with norm params: mu=1.91, sigma=9.4, lb=-0.33127370258786554, ub=0.06967546355973796
[2025-01-30 03:58:43,254][root][INFO] - Simulating initial volumes for stage IIIB  with norm params: mu=2.76, sigma=6.87, lb=-0.5769974969906748, ub=-0.02839165102452155
[2025-01-30 03:58:43,254][root][INFO] - Simulating initial volumes for stage IV  with norm params: mu=3.86, sigma=8.82, lb=-0.5741465764541877, ub=-0.14683113860980307
[2025-01-30 03:58:43,256][root][INFO] - Got correlated params for 434 patients
[2025-01-30 03:58:43,257][root][INFO] - Got correlated params for 874 patients
[2025-01-30 03:58:43,258][root][INFO] - Got correlated params for 1357 patients
[2025-01-30 03:58:43,259][root][INFO] - Simulating beta_c parameters
[2025-01-30 03:58:43,260][root][INFO] - Randomising outputs
[2025-01-30 03:59:10,971][src.data.cancer_sim.dataset][INFO] - Processing train dataset before training
[2025-01-30 03:59:11,853][src.data.cancer_sim.dataset][INFO] - Shape of processed train data: {'cancer_volume': (10000, 60), 'chemo_dosage': (10000, 60), 'radio_dosage': (10000, 60), 'chemo_application': (10000, 60), 'radio_application': (10000, 60), 'chemo_probabilities': (10000, 60), 'radio_probabilities': (10000, 60), 'sequence_lengths': (10000,), 'death_flags': (10000, 60), 'recovery_flags': (10000, 60), 'patient_types': (10000,), 'prev_treatments': (10000, 59, 4), 'current_treatments': (10000, 59, 4), 'current_covariates': (10000, 59, 2), 'outputs': (10000, 59, 1), 'active_entries': (10000, 59, 1), 'unscaled_outputs': (10000, 59, 1), 'prev_outputs': (10000, 59, 1), 'static_features': (10000, 1)}
[2025-01-30 03:59:11,853][src.data.cancer_sim.dataset][INFO] - Processing val dataset before training
[2025-01-30 03:59:11,942][src.data.cancer_sim.dataset][INFO] - Shape of processed val data: {'cancer_volume': (1000, 60), 'chemo_dosage': (1000, 60), 'radio_dosage': (1000, 60), 'chemo_application': (1000, 60), 'radio_application': (1000, 60), 'chemo_probabilities': (1000, 60), 'radio_probabilities': (1000, 60), 'sequence_lengths': (1000,), 'death_flags': (1000, 60), 'recovery_flags': (1000, 60), 'patient_types': (1000,), 'prev_treatments': (1000, 59, 4), 'current_treatments': (1000, 59, 4), 'current_covariates': (1000, 59, 2), 'outputs': (1000, 59, 1), 'active_entries': (1000, 59, 1), 'unscaled_outputs': (1000, 59, 1), 'prev_outputs': (1000, 59, 1), 'static_features': (1000, 1)}
[2025-01-30 03:59:11,942][src.data.cancer_sim.dataset][INFO] - Processing test dataset before training
[2025-01-30 03:59:30,941][src.data.cancer_sim.dataset][INFO] - Shape of processed test data: {'cancer_volume': (224868, 60), 'chemo_application': (224868, 60), 'radio_application': (224868, 60), 'sequence_lengths': (224868,), 'patient_types': (224868,), 'prev_treatments': (224868, 59, 4), 'current_treatments': (224868, 59, 4), 'current_covariates': (224868, 59, 2), 'outputs': (224868, 59, 1), 'active_entries': (224868, 59, 1), 'unscaled_outputs': (224868, 59, 1), 'prev_outputs': (224868, 59, 1), 'static_features': (224868, 1)}
[2025-01-30 03:59:30,943][src.data.cancer_sim.dataset][INFO] - Processing test dataset before training
[2025-01-30 04:00:23,097][src.data.cancer_sim.dataset][INFO] - Shape of processed test data: {'cancer_volume': (548744, 65), 'chemo_application': (548744, 65), 'radio_application': (548744, 65), 'sequence_lengths': (548744,), 'patient_types': (548744,), 'patient_ids_all_trajectories': (548744,), 'patient_current_t': (548744,), 'prev_treatments': (548744, 64, 4), 'current_treatments': (548744, 64, 4), 'current_covariates': (548744, 64, 2), 'outputs': (548744, 64, 1), 'active_entries': (548744, 64, 1), 'unscaled_outputs': (548744, 64, 1), 'prev_outputs': (548744, 64, 1), 'static_features': (548744, 1)}
[2025-01-30 04:00:23,101][src.data.cancer_sim.dataset][INFO] - Processing test dataset before testing (multiple sequences)
[2025-01-30 04:00:30,604][src.data.cancer_sim.dataset][INFO] - Shape of processed test data: {'active_encoder_r': (548744, 59), 'prev_treatments': (548744, 5, 4), 'current_treatments': (548744, 5, 4), 'current_covariates': (548744, 5, 2), 'prev_outputs': (548744, 5, 1), 'static_features': (548744, 1), 'outputs': (548744, 5, 1), 'sequence_lengths': (548744,), 'active_entries': (548744, 5, 1), 'unscaled_outputs': (548744, 5, 1), 'patient_types': (548744,), 'patient_ids_all_trajectories': (548744,), 'patient_current_t': (548744,)}
[2025-01-30 04:00:33,045][src.models.ct][INFO] - Max input size of multi: 4
[2025-01-30 04:03:22,678][src.models.time_varying_model][INFO] - RMSE calculation for val.
[2025-01-30 04:03:22,679][src.models.time_varying_model][INFO] - Predictions for val.
[2025-01-30 04:03:23,374][__main__][INFO] - Val normalised RMSE (all): 0.6303951921456543; Val normalised RMSE (orig): 0.6226653953478636
[2025-01-30 04:03:23,374][src.models.time_varying_model][INFO] - RMSE calculation for test.
[2025-01-30 04:03:23,374][src.models.time_varying_model][INFO] - Predictions for test.
[2025-01-30 04:03:41,685][__main__][INFO] - Test normalised RMSE (all): 2.496734713530681; Test normalised RMSE (orig): 2.443848334386385; Test normalised RMSE (only counterfactual): 2.5110717784686267
[2025-01-30 04:03:41,729][src.models.time_varying_model][INFO] - RMSE calculation for test.
[2025-01-30 04:03:41,729][src.models.ct][INFO] - Autoregressive Prediction for test.
[2025-01-30 04:03:41,732][src.models.ct][INFO] - t = 1
[2025-01-30 04:03:41,732][src.models.time_varying_model][INFO] - Predictions for test.
[2025-01-30 04:04:37,968][src.models.ct][INFO] - t = 2
[2025-01-30 04:04:37,969][src.models.time_varying_model][INFO] - Predictions for test.
[2025-01-30 04:05:34,731][src.models.ct][INFO] - t = 3
[2025-01-30 04:05:34,732][src.models.time_varying_model][INFO] - Predictions for test.
[2025-01-30 04:06:30,795][src.models.ct][INFO] - t = 4
[2025-01-30 04:06:30,796][src.models.time_varying_model][INFO] - Predictions for test.
[2025-01-30 04:07:27,063][src.models.ct][INFO] - t = 5
[2025-01-30 04:07:27,064][src.models.time_varying_model][INFO] - Predictions for test.
[2025-01-30 04:08:22,934][src.models.ct][INFO] - t = 6
[2025-01-30 04:08:22,935][src.models.time_varying_model][INFO] - Predictions for test.
[2025-01-30 04:09:20,649][__main__][INFO] - Test normalised RMSE (n-step prediction): {'2-step': 3.937055705444957, '3-step': 4.111874521896255, '4-step': 4.199690898353087, '5-step': 4.134675871784218, '6-step': 3.8306589485933817}
