[2025-01-29 22:31:08,522][__main__][INFO] - 
model:
  dim_treatments: 4
  dim_vitals: 0
  dim_static_features: 1
  dim_outcomes: 1
  name: G-Net
  g_net:
    _target_: src.models.gnet.GNet
    seq_hidden_units: 24
    num_layer: 1
    r_size: 18
    fc_hidden_units: 72
    num_comp: 1
    mc_samples: 10
    fit_vitals: true
    comp_sizes: null
    batch_size: 256
    dropout_rate: 0.1
    optimizer:
      optimizer_cls: adam
      learning_rate: 0.01
      weight_decay: 0.0
      lr_scheduler: false
    tune_hparams: false
    tune_range: 50
    hparams_grid: null
    resources_per_trial: null
dataset:
  val_batch_size: 4096
  treatment_mode: multiclass
  _target_: src.data.SyntheticCancerDatasetCollection
  name: tumor_generator
  coeff: 6.0
  chemo_coeff: 6.0
  radio_coeff: 6.0
  seed: 10
  random: false
  noise_percentage: 0.0
  num_patients:
    train: 10000
    val: 1000
    test: 1000
  window_size: 15
  lag: 0
  max_seq_length: 60
  projection_horizon: 5
  cf_seq_mode: sliding_treatment
  holdout_ratio: 0.1
exp:
  seed: 10
  gpus:
  - 0
  max_epochs: 50
  logging: true
  mlflow_uri: http://127.0.0.1:5000
  unscale_rmse: true
  percentage_rmse: true
  alpha: 1.0
  update_alpha: false
  alpha_rate: exp
  initial_balancing_method: null
  final_balancing_method: null
  bce_weight: false
  weights_ema: true
  beta: 0.99
  alpha_wass: 0.0001
  alpha_wass_epoch: false
  alpha_wass_growth: 0.001
  alpha_wass_max: 0.01

[2025-01-29 22:31:08,542][root][INFO] - Simulating initial volumes for stage I  with norm params: mu=1.72, sigma=4.7, lb=-0.6221218732608373, ub=-0.023523848418276528
[2025-01-29 22:31:08,550][root][INFO] - Simulating initial volumes for stage II  with norm params: mu=1.96, sigma=1.63, lb=-1.9410876100159118, ub=0.3711345751297772
[2025-01-29 22:31:08,552][root][INFO] - Simulating initial volumes for stage IIIA  with norm params: mu=1.91, sigma=9.4, lb=-0.33127370258786554, ub=0.06967546355973796
[2025-01-29 22:31:08,552][root][INFO] - Simulating initial volumes for stage IIIB  with norm params: mu=2.76, sigma=6.87, lb=-0.5769974969906748, ub=-0.02839165102452155
[2025-01-29 22:31:08,555][root][INFO] - Simulating initial volumes for stage IV  with norm params: mu=3.86, sigma=8.82, lb=-0.5741465764541877, ub=-0.14683113860980307
[2025-01-29 22:31:08,578][root][INFO] - Got correlated params for 4658 patients
[2025-01-29 22:31:08,583][root][INFO] - Got correlated params for 9338 patients
[2025-01-29 22:31:08,588][root][INFO] - Got correlated params for 13912 patients
[2025-01-29 22:31:08,596][root][INFO] - Simulating beta_c parameters
[2025-01-29 22:31:08,601][root][INFO] - Randomising outputs
[2025-01-29 22:31:23,613][root][INFO] - Simulating initial volumes for stage I  with norm params: mu=1.72, sigma=4.7, lb=-0.6221218732608373, ub=-0.023523848418276528
[2025-01-29 22:31:23,615][root][INFO] - Simulating initial volumes for stage II  with norm params: mu=1.96, sigma=1.63, lb=-1.9410876100159118, ub=0.3711345751297772
[2025-01-29 22:31:23,616][root][INFO] - Simulating initial volumes for stage IIIA  with norm params: mu=1.91, sigma=9.4, lb=-0.33127370258786554, ub=0.06967546355973796
[2025-01-29 22:31:23,616][root][INFO] - Simulating initial volumes for stage IIIB  with norm params: mu=2.76, sigma=6.87, lb=-0.5769974969906748, ub=-0.02839165102452155
[2025-01-29 22:31:23,617][root][INFO] - Simulating initial volumes for stage IV  with norm params: mu=3.86, sigma=8.82, lb=-0.5741465764541877, ub=-0.14683113860980307
[2025-01-29 22:31:23,619][root][INFO] - Got correlated params for 464 patients
[2025-01-29 22:31:23,620][root][INFO] - Got correlated params for 942 patients
[2025-01-29 22:31:23,621][root][INFO] - Got correlated params for 1398 patients
[2025-01-29 22:31:23,622][root][INFO] - Simulating beta_c parameters
[2025-01-29 22:31:23,623][root][INFO] - Randomising outputs
[2025-01-29 22:31:25,133][root][INFO] - Simulating initial volumes for stage I  with norm params: mu=1.72, sigma=4.7, lb=-0.6221218732608373, ub=-0.023523848418276528
[2025-01-29 22:31:25,134][root][INFO] - Simulating initial volumes for stage II  with norm params: mu=1.96, sigma=1.63, lb=-1.9410876100159118, ub=0.3711345751297772
[2025-01-29 22:31:25,135][root][INFO] - Simulating initial volumes for stage IIIA  with norm params: mu=1.91, sigma=9.4, lb=-0.33127370258786554, ub=0.06967546355973796
[2025-01-29 22:31:25,135][root][INFO] - Simulating initial volumes for stage IIIB  with norm params: mu=2.76, sigma=6.87, lb=-0.5769974969906748, ub=-0.02839165102452155
[2025-01-29 22:31:25,136][root][INFO] - Simulating initial volumes for stage IV  with norm params: mu=3.86, sigma=8.82, lb=-0.5741465764541877, ub=-0.14683113860980307
[2025-01-29 22:31:25,138][root][INFO] - Got correlated params for 491 patients
[2025-01-29 22:31:25,138][root][INFO] - Got correlated params for 936 patients
[2025-01-29 22:31:25,139][root][INFO] - Got correlated params for 1396 patients
[2025-01-29 22:31:25,140][root][INFO] - Simulating beta_c parameters
[2025-01-29 22:31:25,141][root][INFO] - Randomising outputs
[2025-01-29 22:31:30,644][root][INFO] - Simulating initial volumes for stage I  with norm params: mu=1.72, sigma=4.7, lb=-0.6221218732608373, ub=-0.023523848418276528
[2025-01-29 22:31:30,645][root][INFO] - Simulating initial volumes for stage II  with norm params: mu=1.96, sigma=1.63, lb=-1.9410876100159118, ub=0.3711345751297772
[2025-01-29 22:31:30,646][root][INFO] - Simulating initial volumes for stage IIIA  with norm params: mu=1.91, sigma=9.4, lb=-0.33127370258786554, ub=0.06967546355973796
[2025-01-29 22:31:30,646][root][INFO] - Simulating initial volumes for stage IIIB  with norm params: mu=2.76, sigma=6.87, lb=-0.5769974969906748, ub=-0.02839165102452155
[2025-01-29 22:31:30,647][root][INFO] - Simulating initial volumes for stage IV  with norm params: mu=3.86, sigma=8.82, lb=-0.5741465764541877, ub=-0.14683113860980307
[2025-01-29 22:31:30,649][root][INFO] - Got correlated params for 434 patients
[2025-01-29 22:31:30,650][root][INFO] - Got correlated params for 874 patients
[2025-01-29 22:31:30,651][root][INFO] - Got correlated params for 1357 patients
[2025-01-29 22:31:30,652][root][INFO] - Simulating beta_c parameters
[2025-01-29 22:31:30,653][root][INFO] - Randomising outputs
[2025-01-29 22:31:55,004][src.data.cancer_sim.dataset][INFO] - Processing train dataset before training
[2025-01-29 22:31:55,913][src.data.cancer_sim.dataset][INFO] - Shape of processed train data: {'cancer_volume': (10000, 60), 'chemo_dosage': (10000, 60), 'radio_dosage': (10000, 60), 'chemo_application': (10000, 60), 'radio_application': (10000, 60), 'chemo_probabilities': (10000, 60), 'radio_probabilities': (10000, 60), 'sequence_lengths': (10000,), 'death_flags': (10000, 60), 'recovery_flags': (10000, 60), 'patient_types': (10000,), 'prev_treatments': (10000, 59, 4), 'current_treatments': (10000, 59, 4), 'current_covariates': (10000, 59, 2), 'outputs': (10000, 59, 1), 'active_entries': (10000, 59, 1), 'unscaled_outputs': (10000, 59, 1), 'prev_outputs': (10000, 59, 1), 'static_features': (10000, 1)}
[2025-01-29 22:31:55,913][src.data.cancer_sim.dataset][INFO] - Processing val dataset before training
[2025-01-29 22:31:56,003][src.data.cancer_sim.dataset][INFO] - Shape of processed val data: {'cancer_volume': (1000, 60), 'chemo_dosage': (1000, 60), 'radio_dosage': (1000, 60), 'chemo_application': (1000, 60), 'radio_application': (1000, 60), 'chemo_probabilities': (1000, 60), 'radio_probabilities': (1000, 60), 'sequence_lengths': (1000,), 'death_flags': (1000, 60), 'recovery_flags': (1000, 60), 'patient_types': (1000,), 'prev_treatments': (1000, 59, 4), 'current_treatments': (1000, 59, 4), 'current_covariates': (1000, 59, 2), 'outputs': (1000, 59, 1), 'active_entries': (1000, 59, 1), 'unscaled_outputs': (1000, 59, 1), 'prev_outputs': (1000, 59, 1), 'static_features': (1000, 1)}
[2025-01-29 22:31:56,004][src.data.cancer_sim.dataset][INFO] - Processing test dataset before training
[2025-01-29 22:32:15,435][src.data.cancer_sim.dataset][INFO] - Shape of processed test data: {'cancer_volume': (224868, 60), 'chemo_application': (224868, 60), 'radio_application': (224868, 60), 'sequence_lengths': (224868,), 'patient_types': (224868,), 'prev_treatments': (224868, 59, 4), 'current_treatments': (224868, 59, 4), 'current_covariates': (224868, 59, 2), 'outputs': (224868, 59, 1), 'active_entries': (224868, 59, 1), 'unscaled_outputs': (224868, 59, 1), 'prev_outputs': (224868, 59, 1), 'static_features': (224868, 1)}
[2025-01-29 22:32:15,437][src.data.cancer_sim.dataset][INFO] - Processing test dataset before training
[2025-01-29 22:33:07,964][src.data.cancer_sim.dataset][INFO] - Shape of processed test data: {'cancer_volume': (548744, 65), 'chemo_application': (548744, 65), 'radio_application': (548744, 65), 'sequence_lengths': (548744,), 'patient_types': (548744,), 'patient_ids_all_trajectories': (548744,), 'patient_current_t': (548744,), 'prev_treatments': (548744, 64, 4), 'current_treatments': (548744, 64, 4), 'current_covariates': (548744, 64, 2), 'outputs': (548744, 64, 1), 'active_entries': (548744, 64, 1), 'unscaled_outputs': (548744, 64, 1), 'prev_outputs': (548744, 64, 1), 'static_features': (548744, 1)}
[2025-01-29 22:33:07,968][src.data.cancer_sim.dataset][INFO] - Processing test dataset before testing (multiple sequences)
[2025-01-29 22:33:14,804][src.data.cancer_sim.dataset][INFO] - Shape of processed test data: {'active_encoder_r': (548744, 59), 'prev_treatments': (548744, 5, 4), 'current_treatments': (548744, 5, 4), 'current_covariates': (548744, 5, 2), 'prev_outputs': (548744, 5, 1), 'static_features': (548744, 1), 'outputs': (548744, 5, 1), 'sequence_lengths': (548744,), 'active_entries': (548744, 5, 1), 'unscaled_outputs': (548744, 5, 1), 'patient_types': (548744,), 'patient_ids_all_trajectories': (548744,), 'patient_current_t': (548744,)}
[2025-01-29 22:33:17,358][src.models.gnet][INFO] - Input size of g_net: 6
[2025-01-29 22:33:17,533][src.data.dataset_collection][INFO] - Splited train_f on train_f: 9000 and train_f_holdout: 1000
[2025-01-29 22:33:17,534][src.data.dataset_collection][INFO] - Exploding test_cf_treatment_seq 10 times
[2025-01-29 22:34:56,019][src.models.gnet][INFO] - Fitting residuals based on train_f_holdout.
[2025-01-29 22:34:56,020][src.models.gnet][INFO] - Predictions for train.
[2025-01-29 22:34:57,704][src.models.time_varying_model][INFO] - RMSE calculation for val.
[2025-01-29 22:34:57,704][src.models.gnet][INFO] - Predictions for val.
[2025-01-29 22:34:58,342][__main__][INFO] - Val normalised RMSE (all): 0.6771690511356285; Val normalised RMSE (orig): 0.6682250859067923
[2025-01-29 22:34:58,342][src.models.time_varying_model][INFO] - RMSE calculation for test.
[2025-01-29 22:34:58,342][src.models.gnet][INFO] - Predictions for test.
[2025-01-29 22:35:08,863][__main__][INFO] - Test normalised RMSE (all): 1.3405521665992282; Test normalised RMSE (orig): 1.1263415535274326; Test normalised RMSE (only counterfactual): 2.0553423824557595
[2025-01-29 22:35:08,913][src.models.time_varying_model][INFO] - RMSE calculation for test.
[2025-01-29 22:35:08,913][src.models.gnet][INFO] - Autoregressive Prediction for test with MC-sampling of trajectories.
[2025-01-29 22:35:08,914][src.models.gnet][INFO] - t = 1
[2025-01-29 22:35:08,914][src.models.gnet][INFO] - Predictions for test.
[2025-01-29 22:35:33,776][src.models.gnet][INFO] - Predictions for test.
[2025-01-29 22:35:58,941][src.models.gnet][INFO] - Predictions for test.
[2025-01-29 22:36:23,845][src.models.gnet][INFO] - Predictions for test.
[2025-01-29 22:36:48,838][src.models.gnet][INFO] - Predictions for test.
[2025-01-29 22:37:13,780][src.models.gnet][INFO] - Predictions for test.
[2025-01-29 22:37:38,629][src.models.gnet][INFO] - Predictions for test.
[2025-01-29 22:38:03,609][src.models.gnet][INFO] - Predictions for test.
[2025-01-29 22:38:28,532][src.models.gnet][INFO] - Predictions for test.
[2025-01-29 22:38:53,479][src.models.gnet][INFO] - Predictions for test.
[2025-01-29 22:39:18,475][src.models.gnet][INFO] - t = 2
[2025-01-29 22:39:18,475][src.models.gnet][INFO] - Predictions for test.
[2025-01-29 22:39:43,509][src.models.gnet][INFO] - Predictions for test.
[2025-01-29 22:40:08,800][src.models.gnet][INFO] - Predictions for test.
[2025-01-29 22:40:33,851][src.models.gnet][INFO] - Predictions for test.
[2025-01-29 22:40:58,935][src.models.gnet][INFO] - Predictions for test.
[2025-01-29 22:41:24,437][src.models.gnet][INFO] - Predictions for test.
[2025-01-29 22:41:49,456][src.models.gnet][INFO] - Predictions for test.
[2025-01-29 22:42:14,449][src.models.gnet][INFO] - Predictions for test.
[2025-01-29 22:42:39,578][src.models.gnet][INFO] - Predictions for test.
[2025-01-29 22:43:04,660][src.models.gnet][INFO] - Predictions for test.
[2025-01-29 22:43:30,416][src.models.gnet][INFO] - t = 3
[2025-01-29 22:43:30,420][src.models.gnet][INFO] - Predictions for test.
[2025-01-29 22:43:55,532][src.models.gnet][INFO] - Predictions for test.
[2025-01-29 22:44:20,475][src.models.gnet][INFO] - Predictions for test.
[2025-01-29 22:44:45,511][src.models.gnet][INFO] - Predictions for test.
[2025-01-29 22:45:11,284][src.models.gnet][INFO] - Predictions for test.
[2025-01-29 22:45:36,250][src.models.gnet][INFO] - Predictions for test.
[2025-01-29 22:46:01,467][src.models.gnet][INFO] - Predictions for test.
[2025-01-29 22:46:26,459][src.models.gnet][INFO] - Predictions for test.
[2025-01-29 22:46:51,635][src.models.gnet][INFO] - Predictions for test.
[2025-01-29 22:47:16,796][src.models.gnet][INFO] - Predictions for test.
[2025-01-29 22:47:41,742][src.models.gnet][INFO] - t = 4
[2025-01-29 22:47:41,742][src.models.gnet][INFO] - Predictions for test.
[2025-01-29 22:48:06,754][src.models.gnet][INFO] - Predictions for test.
[2025-01-29 22:48:31,675][src.models.gnet][INFO] - Predictions for test.
[2025-01-29 22:48:56,893][src.models.gnet][INFO] - Predictions for test.
[2025-01-29 22:49:21,846][src.models.gnet][INFO] - Predictions for test.
[2025-01-29 22:49:47,211][src.models.gnet][INFO] - Predictions for test.
[2025-01-29 22:50:12,587][src.models.gnet][INFO] - Predictions for test.
[2025-01-29 22:50:37,487][src.models.gnet][INFO] - Predictions for test.
[2025-01-29 22:51:02,698][src.models.gnet][INFO] - Predictions for test.
[2025-01-29 22:51:28,027][src.models.gnet][INFO] - Predictions for test.
[2025-01-29 22:51:52,962][src.models.gnet][INFO] - t = 5
[2025-01-29 22:51:52,962][src.models.gnet][INFO] - Predictions for test.
[2025-01-29 22:52:17,841][src.models.gnet][INFO] - Predictions for test.
[2025-01-29 22:52:42,676][src.models.gnet][INFO] - Predictions for test.
[2025-01-29 22:53:07,574][src.models.gnet][INFO] - Predictions for test.
[2025-01-29 22:53:32,547][src.models.gnet][INFO] - Predictions for test.
[2025-01-29 22:53:57,570][src.models.gnet][INFO] - Predictions for test.
[2025-01-29 22:54:22,489][src.models.gnet][INFO] - Predictions for test.
[2025-01-29 22:54:47,978][src.models.gnet][INFO] - Predictions for test.
[2025-01-29 22:55:13,352][src.models.gnet][INFO] - Predictions for test.
[2025-01-29 22:55:38,421][src.models.gnet][INFO] - Predictions for test.
[2025-01-29 22:56:03,328][src.models.gnet][INFO] - t = 6
[2025-01-29 22:56:03,329][src.models.gnet][INFO] - Predictions for test.
[2025-01-29 22:56:28,269][src.models.gnet][INFO] - Predictions for test.
[2025-01-29 22:56:53,234][src.models.gnet][INFO] - Predictions for test.
[2025-01-29 22:57:18,067][src.models.gnet][INFO] - Predictions for test.
[2025-01-29 22:57:42,859][src.models.gnet][INFO] - Predictions for test.
[2025-01-29 22:58:07,965][src.models.gnet][INFO] - Predictions for test.
[2025-01-29 22:58:32,775][src.models.gnet][INFO] - Predictions for test.
[2025-01-29 22:58:57,659][src.models.gnet][INFO] - Predictions for test.
[2025-01-29 22:59:22,502][src.models.gnet][INFO] - Predictions for test.
[2025-01-29 22:59:47,603][src.models.gnet][INFO] - Predictions for test.
[2025-01-29 23:00:14,112][__main__][INFO] - Test normalised RMSE (n-step prediction): {'2-step': 2.6276604702547117, '3-step': 3.17491073262049, '4-step': 3.437281555291504, '5-step': 3.522132046930836, '6-step': 3.505243438474395}
