[2025-01-30 03:57:29,117][__main__][INFO] - 
model:
  dim_treatments: 4
  dim_vitals: 0
  dim_static_features: 1
  dim_outcomes: 1
  name: CRN
  encoder:
    _target_: src.models.crn.CRNEncoder
    seq_hidden_units: 24
    br_size: 24
    fc_hidden_units: 96
    dropout_rate: 0.2
    num_layer: 1
    batch_size: 256
    optimizer:
      optimizer_cls: adam
      learning_rate: 0.001
      weight_decay: 0.0
      lr_scheduler: false
    tune_hparams: false
    tune_range: 50
    hparams_grid: null
    resources_per_trial: null
  train_decoder: true
  decoder:
    _target_: src.models.crn.CRNDecoder
    seq_hidden_units: null
    br_size: 24
    fc_hidden_units: 12
    dropout_rate: 0.1
    num_layer: 1
    batch_size: 1024
    optimizer:
      optimizer_cls: adam
      learning_rate: 0.001
      weight_decay: 0.0
      lr_scheduler: false
    tune_hparams: false
    tune_range: 30
    hparams_grid: null
    resources_per_trial: null
dataset:
  val_batch_size: 512
  treatment_mode: multiclass
  _target_: src.data.SyntheticCancerDatasetCollection
  name: tumor_generator
  coeff: 6.0
  chemo_coeff: 6.0
  radio_coeff: 6.0
  seed: 10
  random: false
  noise_percentage: 0.0
  num_patients:
    train: 10000
    val: 1000
    test: 1000
  window_size: 15
  lag: 0
  max_seq_length: 60
  projection_horizon: 5
  cf_seq_mode: sliding_treatment
exp:
  seed: 10
  gpus:
  - 0
  max_epochs: 101
  logging: true
  mlflow_uri: http://127.0.0.1:5000
  unscale_rmse: true
  percentage_rmse: true
  alpha: 0.01
  update_alpha: true
  alpha_rate: exp
  initial_balancing_method: grad_reverse
  final_balancing_method: subgroup
  bce_weight: false
  weights_ema: false
  beta: 0.99
  alpha_wass: 100
  alpha_wass_epoch: false
  alpha_wass_growth: 0.001
  alpha_wass_max: 0.01
  balancing: grad_reverse
  balancing_switch_epoch: 99
  gap_epoch: 1
  clustering_method: KMeans
  number_clusters: 3
  num_timepoints: 59
  checkpoint_dir: ./checkpoints/cancer/crn/SGA/6

[2025-01-30 03:57:29,157][root][INFO] - Simulating initial volumes for stage I  with norm params: mu=1.72, sigma=4.7, lb=-0.6221218732608373, ub=-0.023523848418276528
[2025-01-30 03:57:29,166][root][INFO] - Simulating initial volumes for stage II  with norm params: mu=1.96, sigma=1.63, lb=-1.9410876100159118, ub=0.3711345751297772
[2025-01-30 03:57:29,167][root][INFO] - Simulating initial volumes for stage IIIA  with norm params: mu=1.91, sigma=9.4, lb=-0.33127370258786554, ub=0.06967546355973796
[2025-01-30 03:57:29,168][root][INFO] - Simulating initial volumes for stage IIIB  with norm params: mu=2.76, sigma=6.87, lb=-0.5769974969906748, ub=-0.02839165102452155
[2025-01-30 03:57:29,170][root][INFO] - Simulating initial volumes for stage IV  with norm params: mu=3.86, sigma=8.82, lb=-0.5741465764541877, ub=-0.14683113860980307
[2025-01-30 03:57:29,199][root][INFO] - Got correlated params for 4658 patients
[2025-01-30 03:57:29,204][root][INFO] - Got correlated params for 9338 patients
[2025-01-30 03:57:29,209][root][INFO] - Got correlated params for 13912 patients
[2025-01-30 03:57:29,217][root][INFO] - Simulating beta_c parameters
[2025-01-30 03:57:29,222][root][INFO] - Randomising outputs
[2025-01-30 03:57:29,440][__main__][INFO] - 
model:
  dim_treatments: 4
  dim_vitals: 0
  dim_static_features: 1
  dim_outcomes: 1
  name: CRN
  encoder:
    _target_: src.models.crn.CRNEncoder
    seq_hidden_units: 24
    br_size: 24
    fc_hidden_units: 96
    dropout_rate: 0.2
    num_layer: 1
    batch_size: 256
    optimizer:
      optimizer_cls: adam
      learning_rate: 0.001
      weight_decay: 0.0
      lr_scheduler: false
    tune_hparams: false
    tune_range: 50
    hparams_grid: null
    resources_per_trial: null
  train_decoder: true
  decoder:
    _target_: src.models.crn.CRNDecoder
    seq_hidden_units: null
    br_size: 24
    fc_hidden_units: 12
    dropout_rate: 0.1
    num_layer: 1
    batch_size: 1024
    optimizer:
      optimizer_cls: adam
      learning_rate: 0.001
      weight_decay: 0.0
      lr_scheduler: false
    tune_hparams: false
    tune_range: 30
    hparams_grid: null
    resources_per_trial: null
dataset:
  val_batch_size: 512
  treatment_mode: multiclass
  _target_: src.data.SyntheticCancerDatasetCollection
  name: tumor_generator
  coeff: 6.0
  chemo_coeff: 6.0
  radio_coeff: 6.0
  seed: 10
  random: false
  noise_percentage: 0.0
  num_patients:
    train: 10000
    val: 1000
    test: 1000
  window_size: 15
  lag: 0
  max_seq_length: 60
  projection_horizon: 5
  cf_seq_mode: sliding_treatment
exp:
  seed: 10
  gpus:
  - 0
  max_epochs: 101
  logging: true
  mlflow_uri: http://127.0.0.1:5000
  unscale_rmse: true
  percentage_rmse: true
  alpha: 0.01
  update_alpha: true
  alpha_rate: exp
  initial_balancing_method: grad_reverse
  final_balancing_method: subgroup
  bce_weight: false
  weights_ema: false
  beta: 0.99
  alpha_wass: 100
  alpha_wass_epoch: false
  alpha_wass_growth: 0.001
  alpha_wass_max: 0.01
  balancing: grad_reverse
  balancing_switch_epoch: 99
  gap_epoch: 1
  clustering_method: GMM
  number_clusters: 3
  num_timepoints: 59
  checkpoint_dir: ./checkpoints/cancer/crn/SGA/6

[2025-01-30 03:57:29,450][root][INFO] - Simulating initial volumes for stage I  with norm params: mu=1.72, sigma=4.7, lb=-0.6221218732608373, ub=-0.023523848418276528
[2025-01-30 03:57:29,452][root][INFO] - Simulating initial volumes for stage II  with norm params: mu=1.96, sigma=1.63, lb=-1.9410876100159118, ub=0.3711345751297772
[2025-01-30 03:57:29,452][root][INFO] - Simulating initial volumes for stage IIIA  with norm params: mu=1.91, sigma=9.4, lb=-0.33127370258786554, ub=0.06967546355973796
[2025-01-30 03:57:29,453][root][INFO] - Simulating initial volumes for stage IIIB  with norm params: mu=2.76, sigma=6.87, lb=-0.5769974969906748, ub=-0.02839165102452155
[2025-01-30 03:57:29,456][root][INFO] - Simulating initial volumes for stage IV  with norm params: mu=3.86, sigma=8.82, lb=-0.5741465764541877, ub=-0.14683113860980307
[2025-01-30 03:57:29,465][root][INFO] - Got correlated params for 4658 patients
[2025-01-30 03:57:29,470][root][INFO] - Got correlated params for 9338 patients
[2025-01-30 03:57:29,475][root][INFO] - Got correlated params for 13912 patients
[2025-01-30 03:57:29,482][root][INFO] - Simulating beta_c parameters
[2025-01-30 03:57:29,486][root][INFO] - Randomising outputs
[2025-01-30 03:57:44,769][root][INFO] - Simulating initial volumes for stage I  with norm params: mu=1.72, sigma=4.7, lb=-0.6221218732608373, ub=-0.023523848418276528
[2025-01-30 03:57:44,772][root][INFO] - Simulating initial volumes for stage II  with norm params: mu=1.96, sigma=1.63, lb=-1.9410876100159118, ub=0.3711345751297772
[2025-01-30 03:57:44,772][root][INFO] - Simulating initial volumes for stage IIIA  with norm params: mu=1.91, sigma=9.4, lb=-0.33127370258786554, ub=0.06967546355973796
[2025-01-30 03:57:44,773][root][INFO] - Simulating initial volumes for stage IIIB  with norm params: mu=2.76, sigma=6.87, lb=-0.5769974969906748, ub=-0.02839165102452155
[2025-01-30 03:57:44,774][root][INFO] - Simulating initial volumes for stage IV  with norm params: mu=3.86, sigma=8.82, lb=-0.5741465764541877, ub=-0.14683113860980307
[2025-01-30 03:57:44,776][root][INFO] - Got correlated params for 464 patients
[2025-01-30 03:57:44,777][root][INFO] - Got correlated params for 942 patients
[2025-01-30 03:57:44,778][root][INFO] - Got correlated params for 1398 patients
[2025-01-30 03:57:44,779][root][INFO] - Simulating beta_c parameters
[2025-01-30 03:57:44,780][root][INFO] - Randomising outputs
[2025-01-30 03:57:46,298][root][INFO] - Simulating initial volumes for stage I  with norm params: mu=1.72, sigma=4.7, lb=-0.6221218732608373, ub=-0.023523848418276528
[2025-01-30 03:57:46,300][root][INFO] - Simulating initial volumes for stage II  with norm params: mu=1.96, sigma=1.63, lb=-1.9410876100159118, ub=0.3711345751297772
[2025-01-30 03:57:46,301][root][INFO] - Simulating initial volumes for stage IIIA  with norm params: mu=1.91, sigma=9.4, lb=-0.33127370258786554, ub=0.06967546355973796
[2025-01-30 03:57:46,301][root][INFO] - Simulating initial volumes for stage IIIB  with norm params: mu=2.76, sigma=6.87, lb=-0.5769974969906748, ub=-0.02839165102452155
[2025-01-30 03:57:46,302][root][INFO] - Simulating initial volumes for stage IV  with norm params: mu=3.86, sigma=8.82, lb=-0.5741465764541877, ub=-0.14683113860980307
[2025-01-30 03:57:46,304][root][INFO] - Got correlated params for 491 patients
[2025-01-30 03:57:46,305][root][INFO] - Got correlated params for 936 patients
[2025-01-30 03:57:46,306][root][INFO] - Got correlated params for 1396 patients
[2025-01-30 03:57:46,307][root][INFO] - Simulating beta_c parameters
[2025-01-30 03:57:46,308][root][INFO] - Randomising outputs
[2025-01-30 03:57:47,002][root][INFO] - Simulating initial volumes for stage I  with norm params: mu=1.72, sigma=4.7, lb=-0.6221218732608373, ub=-0.023523848418276528
[2025-01-30 03:57:47,004][root][INFO] - Simulating initial volumes for stage II  with norm params: mu=1.96, sigma=1.63, lb=-1.9410876100159118, ub=0.3711345751297772
[2025-01-30 03:57:47,004][root][INFO] - Simulating initial volumes for stage IIIA  with norm params: mu=1.91, sigma=9.4, lb=-0.33127370258786554, ub=0.06967546355973796
[2025-01-30 03:57:47,005][root][INFO] - Simulating initial volumes for stage IIIB  with norm params: mu=2.76, sigma=6.87, lb=-0.5769974969906748, ub=-0.02839165102452155
[2025-01-30 03:57:47,006][root][INFO] - Simulating initial volumes for stage IV  with norm params: mu=3.86, sigma=8.82, lb=-0.5741465764541877, ub=-0.14683113860980307
[2025-01-30 03:57:47,008][root][INFO] - Got correlated params for 464 patients
[2025-01-30 03:57:47,009][root][INFO] - Got correlated params for 942 patients
[2025-01-30 03:57:47,010][root][INFO] - Got correlated params for 1398 patients
[2025-01-30 03:57:47,011][root][INFO] - Simulating beta_c parameters
[2025-01-30 03:57:47,012][root][INFO] - Randomising outputs
[2025-01-30 03:57:48,705][root][INFO] - Simulating initial volumes for stage I  with norm params: mu=1.72, sigma=4.7, lb=-0.6221218732608373, ub=-0.023523848418276528
[2025-01-30 03:57:48,706][root][INFO] - Simulating initial volumes for stage II  with norm params: mu=1.96, sigma=1.63, lb=-1.9410876100159118, ub=0.3711345751297772
[2025-01-30 03:57:48,707][root][INFO] - Simulating initial volumes for stage IIIA  with norm params: mu=1.91, sigma=9.4, lb=-0.33127370258786554, ub=0.06967546355973796
[2025-01-30 03:57:48,707][root][INFO] - Simulating initial volumes for stage IIIB  with norm params: mu=2.76, sigma=6.87, lb=-0.5769974969906748, ub=-0.02839165102452155
[2025-01-30 03:57:48,708][root][INFO] - Simulating initial volumes for stage IV  with norm params: mu=3.86, sigma=8.82, lb=-0.5741465764541877, ub=-0.14683113860980307
[2025-01-30 03:57:48,710][root][INFO] - Got correlated params for 491 patients
[2025-01-30 03:57:48,711][root][INFO] - Got correlated params for 936 patients
[2025-01-30 03:57:48,712][root][INFO] - Got correlated params for 1396 patients
[2025-01-30 03:57:48,713][root][INFO] - Simulating beta_c parameters
[2025-01-30 03:57:48,714][root][INFO] - Randomising outputs
[2025-01-30 03:57:51,863][root][INFO] - Simulating initial volumes for stage I  with norm params: mu=1.72, sigma=4.7, lb=-0.6221218732608373, ub=-0.023523848418276528
[2025-01-30 03:57:51,864][root][INFO] - Simulating initial volumes for stage II  with norm params: mu=1.96, sigma=1.63, lb=-1.9410876100159118, ub=0.3711345751297772
[2025-01-30 03:57:51,864][root][INFO] - Simulating initial volumes for stage IIIA  with norm params: mu=1.91, sigma=9.4, lb=-0.33127370258786554, ub=0.06967546355973796
[2025-01-30 03:57:51,865][root][INFO] - Simulating initial volumes for stage IIIB  with norm params: mu=2.76, sigma=6.87, lb=-0.5769974969906748, ub=-0.02839165102452155
[2025-01-30 03:57:51,866][root][INFO] - Simulating initial volumes for stage IV  with norm params: mu=3.86, sigma=8.82, lb=-0.5741465764541877, ub=-0.14683113860980307
[2025-01-30 03:57:51,867][root][INFO] - Got correlated params for 434 patients
[2025-01-30 03:57:51,869][root][INFO] - Got correlated params for 874 patients
[2025-01-30 03:57:51,870][root][INFO] - Got correlated params for 1357 patients
[2025-01-30 03:57:51,870][root][INFO] - Simulating beta_c parameters
[2025-01-30 03:57:51,871][root][INFO] - Randomising outputs
[2025-01-30 03:57:54,875][root][INFO] - Simulating initial volumes for stage I  with norm params: mu=1.72, sigma=4.7, lb=-0.6221218732608373, ub=-0.023523848418276528
[2025-01-30 03:57:54,877][root][INFO] - Simulating initial volumes for stage II  with norm params: mu=1.96, sigma=1.63, lb=-1.9410876100159118, ub=0.3711345751297772
[2025-01-30 03:57:54,878][root][INFO] - Simulating initial volumes for stage IIIA  with norm params: mu=1.91, sigma=9.4, lb=-0.33127370258786554, ub=0.06967546355973796
[2025-01-30 03:57:54,878][root][INFO] - Simulating initial volumes for stage IIIB  with norm params: mu=2.76, sigma=6.87, lb=-0.5769974969906748, ub=-0.02839165102452155
[2025-01-30 03:57:54,879][root][INFO] - Simulating initial volumes for stage IV  with norm params: mu=3.86, sigma=8.82, lb=-0.5741465764541877, ub=-0.14683113860980307
[2025-01-30 03:57:54,881][root][INFO] - Got correlated params for 434 patients
[2025-01-30 03:57:54,882][root][INFO] - Got correlated params for 874 patients
[2025-01-30 03:57:54,883][root][INFO] - Got correlated params for 1357 patients
[2025-01-30 03:57:54,884][root][INFO] - Simulating beta_c parameters
[2025-01-30 03:57:54,885][root][INFO] - Randomising outputs
[2025-01-30 03:58:16,411][src.data.cancer_sim.dataset][INFO] - Processing train dataset before training
[2025-01-30 03:58:17,328][src.data.cancer_sim.dataset][INFO] - Shape of processed train data: {'cancer_volume': (10000, 60), 'chemo_dosage': (10000, 60), 'radio_dosage': (10000, 60), 'chemo_application': (10000, 60), 'radio_application': (10000, 60), 'chemo_probabilities': (10000, 60), 'radio_probabilities': (10000, 60), 'sequence_lengths': (10000,), 'death_flags': (10000, 60), 'recovery_flags': (10000, 60), 'patient_types': (10000,), 'prev_treatments': (10000, 59, 4), 'current_treatments': (10000, 59, 4), 'current_covariates': (10000, 59, 2), 'outputs': (10000, 59, 1), 'active_entries': (10000, 59, 1), 'unscaled_outputs': (10000, 59, 1), 'prev_outputs': (10000, 59, 1), 'static_features': (10000, 1)}
[2025-01-30 03:58:17,329][src.data.cancer_sim.dataset][INFO] - Processing val dataset before training
[2025-01-30 03:58:17,420][src.data.cancer_sim.dataset][INFO] - Shape of processed val data: {'cancer_volume': (1000, 60), 'chemo_dosage': (1000, 60), 'radio_dosage': (1000, 60), 'chemo_application': (1000, 60), 'radio_application': (1000, 60), 'chemo_probabilities': (1000, 60), 'radio_probabilities': (1000, 60), 'sequence_lengths': (1000,), 'death_flags': (1000, 60), 'recovery_flags': (1000, 60), 'patient_types': (1000,), 'prev_treatments': (1000, 59, 4), 'current_treatments': (1000, 59, 4), 'current_covariates': (1000, 59, 2), 'outputs': (1000, 59, 1), 'active_entries': (1000, 59, 1), 'unscaled_outputs': (1000, 59, 1), 'prev_outputs': (1000, 59, 1), 'static_features': (1000, 1)}
[2025-01-30 03:58:17,420][src.data.cancer_sim.dataset][INFO] - Processing test dataset before training
[2025-01-30 03:58:22,722][src.data.cancer_sim.dataset][INFO] - Processing train dataset before training
[2025-01-30 03:58:23,629][src.data.cancer_sim.dataset][INFO] - Shape of processed train data: {'cancer_volume': (10000, 60), 'chemo_dosage': (10000, 60), 'radio_dosage': (10000, 60), 'chemo_application': (10000, 60), 'radio_application': (10000, 60), 'chemo_probabilities': (10000, 60), 'radio_probabilities': (10000, 60), 'sequence_lengths': (10000,), 'death_flags': (10000, 60), 'recovery_flags': (10000, 60), 'patient_types': (10000,), 'prev_treatments': (10000, 59, 4), 'current_treatments': (10000, 59, 4), 'current_covariates': (10000, 59, 2), 'outputs': (10000, 59, 1), 'active_entries': (10000, 59, 1), 'unscaled_outputs': (10000, 59, 1), 'prev_outputs': (10000, 59, 1), 'static_features': (10000, 1)}
[2025-01-30 03:58:23,630][src.data.cancer_sim.dataset][INFO] - Processing val dataset before training
[2025-01-30 03:58:23,721][src.data.cancer_sim.dataset][INFO] - Shape of processed val data: {'cancer_volume': (1000, 60), 'chemo_dosage': (1000, 60), 'radio_dosage': (1000, 60), 'chemo_application': (1000, 60), 'radio_application': (1000, 60), 'chemo_probabilities': (1000, 60), 'radio_probabilities': (1000, 60), 'sequence_lengths': (1000,), 'death_flags': (1000, 60), 'recovery_flags': (1000, 60), 'patient_types': (1000,), 'prev_treatments': (1000, 59, 4), 'current_treatments': (1000, 59, 4), 'current_covariates': (1000, 59, 2), 'outputs': (1000, 59, 1), 'active_entries': (1000, 59, 1), 'unscaled_outputs': (1000, 59, 1), 'prev_outputs': (1000, 59, 1), 'static_features': (1000, 1)}
[2025-01-30 03:58:23,721][src.data.cancer_sim.dataset][INFO] - Processing test dataset before training
[2025-01-30 03:58:37,388][src.data.cancer_sim.dataset][INFO] - Shape of processed test data: {'cancer_volume': (224868, 60), 'chemo_application': (224868, 60), 'radio_application': (224868, 60), 'sequence_lengths': (224868,), 'patient_types': (224868,), 'prev_treatments': (224868, 59, 4), 'current_treatments': (224868, 59, 4), 'current_covariates': (224868, 59, 2), 'outputs': (224868, 59, 1), 'active_entries': (224868, 59, 1), 'unscaled_outputs': (224868, 59, 1), 'prev_outputs': (224868, 59, 1), 'static_features': (224868, 1)}
[2025-01-30 03:58:37,995][src.models.crn][INFO] - Input size of encoder: 6
[2025-01-30 03:58:43,659][src.data.cancer_sim.dataset][INFO] - Shape of processed test data: {'cancer_volume': (224868, 60), 'chemo_application': (224868, 60), 'radio_application': (224868, 60), 'sequence_lengths': (224868,), 'patient_types': (224868,), 'prev_treatments': (224868, 59, 4), 'current_treatments': (224868, 59, 4), 'current_covariates': (224868, 59, 2), 'outputs': (224868, 59, 1), 'active_entries': (224868, 59, 1), 'unscaled_outputs': (224868, 59, 1), 'prev_outputs': (224868, 59, 1), 'static_features': (224868, 1)}
[2025-01-30 03:58:44,113][src.models.crn][INFO] - Input size of encoder: 6
[2025-01-30 04:03:06,441][src.models.time_varying_model][INFO] - RMSE calculation for val.
[2025-01-30 04:03:06,442][src.models.time_varying_model][INFO] - Predictions for val.
[2025-01-30 04:03:07,066][__main__][INFO] - Val normalised RMSE (all): 0.754347425175491; Val normalised RMSE (orig): 0.7452607420848293
[2025-01-30 04:03:07,066][src.models.time_varying_model][INFO] - RMSE calculation for test.
[2025-01-30 04:03:07,067][src.models.time_varying_model][INFO] - Predictions for test.
[2025-01-30 04:03:23,655][__main__][INFO] - Test normalised RMSE (all): 2.34380584757496; Test normalised RMSE (orig): 2.0789595604160613; Test normalised RMSE (only counterfactual): 2.3363264294871073
[2025-01-30 04:03:23,719][src.models.crn][INFO] - Input size of decoder: 6
[2025-01-30 04:03:23,732][src.data.cancer_sim.dataset][INFO] - train Dataset already processed
[2025-01-30 04:03:23,732][src.data.cancer_sim.dataset][INFO] - val Dataset already processed
[2025-01-30 04:03:23,732][src.data.cancer_sim.dataset][INFO] - Processing test dataset before training
[2025-01-30 04:04:17,186][src.data.cancer_sim.dataset][INFO] - Shape of processed test data: {'cancer_volume': (548744, 65), 'chemo_application': (548744, 65), 'radio_application': (548744, 65), 'sequence_lengths': (548744,), 'patient_types': (548744,), 'patient_ids_all_trajectories': (548744,), 'patient_current_t': (548744,), 'prev_treatments': (548744, 64, 4), 'current_treatments': (548744, 64, 4), 'current_covariates': (548744, 64, 2), 'outputs': (548744, 64, 1), 'active_entries': (548744, 64, 1), 'unscaled_outputs': (548744, 64, 1), 'prev_outputs': (548744, 64, 1), 'static_features': (548744, 1)}
[2025-01-30 04:04:17,189][src.models.time_varying_model][INFO] - Balanced representations inference for train.
[2025-01-30 04:04:18,628][src.models.time_varying_model][INFO] - Balanced representations inference for val.
[2025-01-30 04:04:19,231][src.models.time_varying_model][INFO] - Balanced representations inference for test.
[2025-01-30 04:04:58,656][src.models.time_varying_model][INFO] - Predictions for test.
[2025-01-30 04:05:39,474][src.data.cancer_sim.dataset][INFO] - Processing train dataset before training (multiple sequences)
[2025-01-30 04:05:42,325][src.data.cancer_sim.dataset][INFO] - Shape of processed train data: {'init_state': (515994, 24), 'original_index': (515994,), 'active_encoder_r': (515994, 59), 'prev_treatments': (515994, 5, 4), 'current_treatments': (515994, 5, 4), 'current_covariates': (515994, 5, 2), 'prev_outputs': (515994, 5, 1), 'static_features': (515994, 1), 'outputs': (515994, 5, 1), 'sequence_lengths': (515994,), 'active_entries': (515994, 5, 1), 'unscaled_outputs': (515994, 5, 1)}
[2025-01-30 04:05:42,327][src.data.cancer_sim.dataset][INFO] - Processing val dataset before training (multiple sequences)
[2025-01-30 04:05:42,611][src.data.cancer_sim.dataset][INFO] - Shape of processed val data: {'init_state': (51287, 24), 'original_index': (51287,), 'active_encoder_r': (51287, 59), 'prev_treatments': (51287, 5, 4), 'current_treatments': (51287, 5, 4), 'current_covariates': (51287, 5, 2), 'prev_outputs': (51287, 5, 1), 'static_features': (51287, 1), 'outputs': (51287, 5, 1), 'sequence_lengths': (51287,), 'active_entries': (51287, 5, 1), 'unscaled_outputs': (51287, 5, 1)}
[2025-01-30 04:05:42,611][src.data.cancer_sim.dataset][INFO] - Processing test dataset before testing (multiple sequences)
[2025-01-30 04:05:50,251][src.data.cancer_sim.dataset][INFO] - Shape of processed test data: {'active_encoder_r': (548744, 59), 'prev_treatments': (548744, 5, 4), 'current_treatments': (548744, 5, 4), 'current_covariates': (548744, 5, 2), 'prev_outputs': (548744, 5, 1), 'static_features': (548744, 1), 'outputs': (548744, 5, 1), 'sequence_lengths': (548744,), 'active_entries': (548744, 5, 1), 'unscaled_outputs': (548744, 5, 1), 'patient_types': (548744,), 'patient_ids_all_trajectories': (548744,), 'patient_current_t': (548744,), 'init_state': (548744, 24)}
[2025-01-30 04:05:50,309][src.data.cancer_sim.dataset][INFO] - Processing test dataset before testing (autoregressive)
[2025-01-30 04:05:54,260][src.data.cancer_sim.dataset][INFO] - Shape of processed test data: {'current_covariates': (548744, 5, 2), 'prev_treatments': (548744, 5, 4), 'current_treatments': (548744, 5, 4), 'init_state': (548744, 24), 'active_encoder_r': (548744, 59), 'active_entries': (548744, 5, 1), 'prev_outputs': (548744, 5, 1), 'static_features': (548744, 1)}
[2025-01-30 04:06:08,783][src.models.time_varying_model][INFO] - RMSE calculation for val.
[2025-01-30 04:06:08,784][src.models.time_varying_model][INFO] - Predictions for val.
[2025-01-30 04:06:09,506][__main__][INFO] - Val normalised RMSE (all): 0.7264935646909504; Val normalised RMSE (orig): 0.7176376798479766
[2025-01-30 04:06:09,506][src.models.time_varying_model][INFO] - RMSE calculation for test.
[2025-01-30 04:06:09,506][src.models.time_varying_model][INFO] - Predictions for test.
[2025-01-30 04:06:27,844][__main__][INFO] - Test normalised RMSE (all): 2.307931124367471; Test normalised RMSE (orig): 2.0478001712480283; Test normalised RMSE (only counterfactual): 2.321979688540499
[2025-01-30 04:06:27,911][src.models.crn][INFO] - Input size of decoder: 6
[2025-01-30 04:06:27,924][src.data.cancer_sim.dataset][INFO] - train Dataset already processed
[2025-01-30 04:06:27,924][src.data.cancer_sim.dataset][INFO] - val Dataset already processed
[2025-01-30 04:06:27,924][src.data.cancer_sim.dataset][INFO] - Processing test dataset before training
[2025-01-30 04:07:21,308][src.data.cancer_sim.dataset][INFO] - Shape of processed test data: {'cancer_volume': (548744, 65), 'chemo_application': (548744, 65), 'radio_application': (548744, 65), 'sequence_lengths': (548744,), 'patient_types': (548744,), 'patient_ids_all_trajectories': (548744,), 'patient_current_t': (548744,), 'prev_treatments': (548744, 64, 4), 'current_treatments': (548744, 64, 4), 'current_covariates': (548744, 64, 2), 'outputs': (548744, 64, 1), 'active_entries': (548744, 64, 1), 'unscaled_outputs': (548744, 64, 1), 'prev_outputs': (548744, 64, 1), 'static_features': (548744, 1)}
[2025-01-30 04:07:21,312][src.models.time_varying_model][INFO] - Balanced representations inference for train.
[2025-01-30 04:07:22,976][src.models.time_varying_model][INFO] - Balanced representations inference for val.
[2025-01-30 04:07:23,632][src.models.time_varying_model][INFO] - Balanced representations inference for test.
[2025-01-30 04:08:08,671][src.models.time_varying_model][INFO] - Predictions for test.
[2025-01-30 04:08:55,288][src.data.cancer_sim.dataset][INFO] - Processing train dataset before training (multiple sequences)
[2025-01-30 04:08:58,211][src.data.cancer_sim.dataset][INFO] - Shape of processed train data: {'init_state': (515994, 24), 'original_index': (515994,), 'active_encoder_r': (515994, 59), 'prev_treatments': (515994, 5, 4), 'current_treatments': (515994, 5, 4), 'current_covariates': (515994, 5, 2), 'prev_outputs': (515994, 5, 1), 'static_features': (515994, 1), 'outputs': (515994, 5, 1), 'sequence_lengths': (515994,), 'active_entries': (515994, 5, 1), 'unscaled_outputs': (515994, 5, 1)}
[2025-01-30 04:08:58,213][src.data.cancer_sim.dataset][INFO] - Processing val dataset before training (multiple sequences)
[2025-01-30 04:08:58,500][src.data.cancer_sim.dataset][INFO] - Shape of processed val data: {'init_state': (51287, 24), 'original_index': (51287,), 'active_encoder_r': (51287, 59), 'prev_treatments': (51287, 5, 4), 'current_treatments': (51287, 5, 4), 'current_covariates': (51287, 5, 2), 'prev_outputs': (51287, 5, 1), 'static_features': (51287, 1), 'outputs': (51287, 5, 1), 'sequence_lengths': (51287,), 'active_entries': (51287, 5, 1), 'unscaled_outputs': (51287, 5, 1)}
[2025-01-30 04:08:58,501][src.data.cancer_sim.dataset][INFO] - Processing test dataset before testing (multiple sequences)
[2025-01-30 04:09:06,888][src.data.cancer_sim.dataset][INFO] - Shape of processed test data: {'active_encoder_r': (548744, 59), 'prev_treatments': (548744, 5, 4), 'current_treatments': (548744, 5, 4), 'current_covariates': (548744, 5, 2), 'prev_outputs': (548744, 5, 1), 'static_features': (548744, 1), 'outputs': (548744, 5, 1), 'sequence_lengths': (548744,), 'active_entries': (548744, 5, 1), 'unscaled_outputs': (548744, 5, 1), 'patient_types': (548744,), 'patient_ids_all_trajectories': (548744,), 'patient_current_t': (548744,), 'init_state': (548744, 24)}
[2025-01-30 04:09:06,945][src.data.cancer_sim.dataset][INFO] - Processing test dataset before testing (autoregressive)
[2025-01-30 04:09:11,606][src.data.cancer_sim.dataset][INFO] - Shape of processed test data: {'current_covariates': (548744, 5, 2), 'prev_treatments': (548744, 5, 4), 'current_treatments': (548744, 5, 4), 'init_state': (548744, 24), 'active_encoder_r': (548744, 59), 'active_entries': (548744, 5, 1), 'prev_outputs': (548744, 5, 1), 'static_features': (548744, 1)}
[2025-01-30 04:53:19,378][src.models.time_varying_model][INFO] - RMSE calculation for val.
[2025-01-30 04:53:19,380][src.models.time_varying_model][INFO] - Predictions for val.
[2025-01-30 04:53:21,860][__main__][INFO] - Val normalised RMSE (all): 0.3034119063220442; Val normalised RMSE (orig): 0.3034119063220444
[2025-01-30 04:53:21,860][src.models.time_varying_model][INFO] - RMSE calculation for test.
[2025-01-30 04:53:21,861][src.models.time_varying_model][INFO] - Autoregressive Prediction for test.
[2025-01-30 04:53:21,872][src.models.time_varying_model][INFO] - t = 2
[2025-01-30 04:53:21,872][src.models.time_varying_model][INFO] - Predictions for test.
[2025-01-30 04:53:39,415][src.models.time_varying_model][INFO] - t = 3
[2025-01-30 04:53:39,416][src.models.time_varying_model][INFO] - Predictions for test.
[2025-01-30 04:53:57,285][src.models.time_varying_model][INFO] - t = 4
[2025-01-30 04:53:57,285][src.models.time_varying_model][INFO] - Predictions for test.
[2025-01-30 04:54:14,997][src.models.time_varying_model][INFO] - t = 5
[2025-01-30 04:54:14,998][src.models.time_varying_model][INFO] - Predictions for test.
[2025-01-30 04:54:32,707][src.models.time_varying_model][INFO] - t = 6
[2025-01-30 04:54:32,707][src.models.time_varying_model][INFO] - Predictions for test.
[2025-01-30 04:54:51,848][__main__][INFO] - Test normalised RMSE (n-step prediction): {'2-step': 3.5333107463313427, '3-step': 3.9601044395016225, '4-step': 4.1289778421897045, '5-step': 4.119995446091396, '6-step': 3.943713655870551}
[2025-01-30 05:05:55,119][src.models.time_varying_model][INFO] - RMSE calculation for val.
[2025-01-30 05:05:55,120][src.models.time_varying_model][INFO] - Predictions for val.
[2025-01-30 05:05:58,033][__main__][INFO] - Val normalised RMSE (all): 0.3027225810721063; Val normalised RMSE (orig): 0.3027225810721064
[2025-01-30 05:05:58,033][src.models.time_varying_model][INFO] - RMSE calculation for test.
[2025-01-30 05:05:58,034][src.models.time_varying_model][INFO] - Autoregressive Prediction for test.
[2025-01-30 05:05:58,045][src.models.time_varying_model][INFO] - t = 2
[2025-01-30 05:05:58,045][src.models.time_varying_model][INFO] - Predictions for test.
[2025-01-30 05:06:19,084][src.models.time_varying_model][INFO] - t = 3
[2025-01-30 05:06:19,085][src.models.time_varying_model][INFO] - Predictions for test.
[2025-01-30 05:06:40,727][src.models.time_varying_model][INFO] - t = 4
[2025-01-30 05:06:40,728][src.models.time_varying_model][INFO] - Predictions for test.
[2025-01-30 05:07:01,965][src.models.time_varying_model][INFO] - t = 5
[2025-01-30 05:07:01,965][src.models.time_varying_model][INFO] - Predictions for test.
[2025-01-30 05:07:23,377][src.models.time_varying_model][INFO] - t = 6
[2025-01-30 05:07:23,378][src.models.time_varying_model][INFO] - Predictions for test.
[2025-01-30 05:07:46,046][__main__][INFO] - Test normalised RMSE (n-step prediction): {'2-step': 3.51260497303154, '3-step': 3.94186369220935, '4-step': 4.104374716882553, '5-step': 4.093243006230761, '6-step': 3.9106075787934236}
