[2025-01-29 19:42:46,988][__main__][INFO] - 
model:
  dim_treatments: 4
  dim_vitals: 0
  dim_static_features: 1
  dim_outcomes: 1
  name: RMSN
  propensity_treatment:
    _target_: src.models.rmsn.RMSNPropensityNetworkTreatment
    seq_hidden_units: 8
    dropout_rate: 0.2
    num_layer: 1
    batch_size: 64
    max_grad_norm: 2.0
    optimizer:
      optimizer_cls: adam
      learning_rate: 0.01
      weight_decay: 0.0
      lr_scheduler: false
    tune_hparams: false
    tune_range: 50
    resources_per_trial: null
    hparams_grid: null
  propensity_history:
    _target_: src.models.rmsn.RMSNPropensityNetworkHistory
    seq_hidden_units: 16
    dropout_rate: 0.5
    num_layer: 1
    batch_size: 128
    max_grad_norm: 2.0
    optimizer:
      optimizer_cls: adam
      learning_rate: 0.01
      weight_decay: 0.0
      lr_scheduler: false
    tune_hparams: false
    tune_range: 50
    resources_per_trial: null
    hparams_grid: null
  encoder:
    _target_: src.models.rmsn.RMSNEncoder
    seq_hidden_units: 12
    dropout_rate: 0.1
    num_layer: 1
    batch_size: 128
    max_grad_norm: 0.5
    optimizer:
      optimizer_cls: adam
      learning_rate: 0.01
      weight_decay: 0.0
      lr_scheduler: false
    tune_hparams: false
    tune_range: 50
    resources_per_trial: null
    hparams_grid: null
  train_decoder: true
  decoder:
    _target_: src.models.rmsn.RMSNDecoder
    seq_hidden_units: 64
    dropout_rate: 0.2
    num_layer: 1
    batch_size: 1024
    max_grad_norm: 4.0
    optimizer:
      optimizer_cls: adam
      learning_rate: 0.01
      weight_decay: 0.0
      lr_scheduler: false
    tune_hparams: false
    tune_range: 20
    resources_per_trial: null
dataset:
  val_batch_size: 512
  treatment_mode: multiclass
  _target_: src.data.SyntheticCancerDatasetCollection
  name: tumor_generator
  coeff: 6.0
  chemo_coeff: 6.0
  radio_coeff: 6.0
  seed: 10
  random: false
  noise_percentage: 0.0
  num_patients:
    train: 10000
    val: 1000
    test: 1000
  window_size: 15
  lag: 0
  max_seq_length: 60
  projection_horizon: 5
  cf_seq_mode: sliding_treatment
exp:
  seed: 10
  gpus:
  - 0
  max_epochs: 100
  logging: true
  mlflow_uri: http://127.0.0.1:5000
  unscale_rmse: true
  percentage_rmse: true
  alpha: 1.0
  update_alpha: false
  alpha_rate: exp
  initial_balancing_method: null
  final_balancing_method: null
  bce_weight: false
  weights_ema: true
  beta: 0.99
  alpha_wass: 0.0001
  alpha_wass_epoch: false
  alpha_wass_growth: 0.001
  alpha_wass_max: 0.01

[2025-01-29 19:42:46,997][root][INFO] - Simulating initial volumes for stage I  with norm params: mu=1.72, sigma=4.7, lb=-0.6221218732608373, ub=-0.023523848418276528
[2025-01-29 19:42:46,999][root][INFO] - Simulating initial volumes for stage II  with norm params: mu=1.96, sigma=1.63, lb=-1.9410876100159118, ub=0.3711345751297772
[2025-01-29 19:42:46,999][root][INFO] - Simulating initial volumes for stage IIIA  with norm params: mu=1.91, sigma=9.4, lb=-0.33127370258786554, ub=0.06967546355973796
[2025-01-29 19:42:47,000][root][INFO] - Simulating initial volumes for stage IIIB  with norm params: mu=2.76, sigma=6.87, lb=-0.5769974969906748, ub=-0.02839165102452155
[2025-01-29 19:42:47,003][root][INFO] - Simulating initial volumes for stage IV  with norm params: mu=3.86, sigma=8.82, lb=-0.5741465764541877, ub=-0.14683113860980307
[2025-01-29 19:42:47,012][root][INFO] - Got correlated params for 4658 patients
[2025-01-29 19:42:47,016][root][INFO] - Got correlated params for 9338 patients
[2025-01-29 19:42:47,021][root][INFO] - Got correlated params for 13912 patients
[2025-01-29 19:42:47,028][root][INFO] - Simulating beta_c parameters
[2025-01-29 19:42:47,033][root][INFO] - Randomising outputs
[2025-01-29 19:43:02,002][root][INFO] - Simulating initial volumes for stage I  with norm params: mu=1.72, sigma=4.7, lb=-0.6221218732608373, ub=-0.023523848418276528
[2025-01-29 19:43:02,005][root][INFO] - Simulating initial volumes for stage II  with norm params: mu=1.96, sigma=1.63, lb=-1.9410876100159118, ub=0.3711345751297772
[2025-01-29 19:43:02,006][root][INFO] - Simulating initial volumes for stage IIIA  with norm params: mu=1.91, sigma=9.4, lb=-0.33127370258786554, ub=0.06967546355973796
[2025-01-29 19:43:02,006][root][INFO] - Simulating initial volumes for stage IIIB  with norm params: mu=2.76, sigma=6.87, lb=-0.5769974969906748, ub=-0.02839165102452155
[2025-01-29 19:43:02,007][root][INFO] - Simulating initial volumes for stage IV  with norm params: mu=3.86, sigma=8.82, lb=-0.5741465764541877, ub=-0.14683113860980307
[2025-01-29 19:43:02,009][root][INFO] - Got correlated params for 464 patients
[2025-01-29 19:43:02,010][root][INFO] - Got correlated params for 942 patients
[2025-01-29 19:43:02,011][root][INFO] - Got correlated params for 1398 patients
[2025-01-29 19:43:02,012][root][INFO] - Simulating beta_c parameters
[2025-01-29 19:43:02,013][root][INFO] - Randomising outputs
[2025-01-29 19:43:03,493][root][INFO] - Simulating initial volumes for stage I  with norm params: mu=1.72, sigma=4.7, lb=-0.6221218732608373, ub=-0.023523848418276528
[2025-01-29 19:43:03,494][root][INFO] - Simulating initial volumes for stage II  with norm params: mu=1.96, sigma=1.63, lb=-1.9410876100159118, ub=0.3711345751297772
[2025-01-29 19:43:03,495][root][INFO] - Simulating initial volumes for stage IIIA  with norm params: mu=1.91, sigma=9.4, lb=-0.33127370258786554, ub=0.06967546355973796
[2025-01-29 19:43:03,495][root][INFO] - Simulating initial volumes for stage IIIB  with norm params: mu=2.76, sigma=6.87, lb=-0.5769974969906748, ub=-0.02839165102452155
[2025-01-29 19:43:03,496][root][INFO] - Simulating initial volumes for stage IV  with norm params: mu=3.86, sigma=8.82, lb=-0.5741465764541877, ub=-0.14683113860980307
[2025-01-29 19:43:03,498][root][INFO] - Got correlated params for 491 patients
[2025-01-29 19:43:03,499][root][INFO] - Got correlated params for 936 patients
[2025-01-29 19:43:03,500][root][INFO] - Got correlated params for 1396 patients
[2025-01-29 19:43:03,501][root][INFO] - Simulating beta_c parameters
[2025-01-29 19:43:03,502][root][INFO] - Randomising outputs
[2025-01-29 19:43:08,873][root][INFO] - Simulating initial volumes for stage I  with norm params: mu=1.72, sigma=4.7, lb=-0.6221218732608373, ub=-0.023523848418276528
[2025-01-29 19:43:08,874][root][INFO] - Simulating initial volumes for stage II  with norm params: mu=1.96, sigma=1.63, lb=-1.9410876100159118, ub=0.3711345751297772
[2025-01-29 19:43:08,874][root][INFO] - Simulating initial volumes for stage IIIA  with norm params: mu=1.91, sigma=9.4, lb=-0.33127370258786554, ub=0.06967546355973796
[2025-01-29 19:43:08,875][root][INFO] - Simulating initial volumes for stage IIIB  with norm params: mu=2.76, sigma=6.87, lb=-0.5769974969906748, ub=-0.02839165102452155
[2025-01-29 19:43:08,876][root][INFO] - Simulating initial volumes for stage IV  with norm params: mu=3.86, sigma=8.82, lb=-0.5741465764541877, ub=-0.14683113860980307
[2025-01-29 19:43:08,877][root][INFO] - Got correlated params for 434 patients
[2025-01-29 19:43:08,878][root][INFO] - Got correlated params for 874 patients
[2025-01-29 19:43:08,879][root][INFO] - Got correlated params for 1357 patients
[2025-01-29 19:43:08,880][root][INFO] - Simulating beta_c parameters
[2025-01-29 19:43:08,881][root][INFO] - Randomising outputs
