[2025-01-30 07:30:10,117][__main__][INFO] - 
model:
  dim_treatments: 4
  dim_vitals: 0
  dim_static_features: 1
  dim_outcomes: 1
  name: CT
  multi:
    _target_: src.models.ct.CT
    max_seq_length: 65
    seq_hidden_units: 12
    br_size: 16
    fc_hidden_units: 48
    dropout_rate: 0.1
    num_layer: 1
    num_heads: 2
    max_grad_norm: null
    batch_size: 1024
    attn_dropout: true
    disable_cross_attention: false
    isolate_subnetwork: _
    self_positional_encoding:
      absolute: false
      trainable: true
      max_relative_position: 15
    optimizer:
      optimizer_cls: adam
      learning_rate: 0.02
      weight_decay: 0.0
      lr_scheduler: false
    augment_with_masked_vitals: true
    tune_hparams: false
    tune_range: 50
    hparams_grid: null
    resources_per_trial: null
  self_positional_encoding:
    max_relative_position: 15
dataset:
  val_batch_size: 512
  treatment_mode: multiclass
  _target_: src.data.SyntheticCancerDatasetCollection
  name: tumor_generator
  coeff: 6.0
  chemo_coeff: 6.0
  radio_coeff: 6.0
  seed: 10
  random: false
  noise_percentage: 0.0
  num_patients:
    train: 10000
    val: 1000
    test: 1000
  window_size: 15
  lag: 0
  max_seq_length: 60
  projection_horizon: 5
  cf_seq_mode: sliding_treatment
exp:
  seed: 10
  gpus:
  - 0
  max_epochs: 120
  logging: true
  mlflow_uri: http://127.0.0.1:5000
  unscale_rmse: true
  percentage_rmse: true
  alpha: 0.01
  update_alpha: true
  alpha_rate: exp
  initial_balancing_method: domain_confusion
  final_balancing_method: subgroup
  bce_weight: false
  weights_ema: true
  beta: 0.99
  alpha_wass: 1
  alpha_wass_epoch: false
  alpha_wass_growth: 0.001
  alpha_wass_max: 0.01
  balancing_switch_epoch: 99
  clustering_method: GMM
  number_clusters: 5
  num_timepoints: 59
  gap_epoch: 10
  checkpoint_dir: ./checkpoints/cancer/ct/SGA/6

[2025-01-30 07:30:10,137][root][INFO] - Simulating initial volumes for stage I  with norm params: mu=1.72, sigma=4.7, lb=-0.6221218732608373, ub=-0.023523848418276528
[2025-01-30 07:30:10,140][root][INFO] - Simulating initial volumes for stage II  with norm params: mu=1.96, sigma=1.63, lb=-1.9410876100159118, ub=0.3711345751297772
[2025-01-30 07:30:10,141][root][INFO] - Simulating initial volumes for stage IIIA  with norm params: mu=1.91, sigma=9.4, lb=-0.33127370258786554, ub=0.06967546355973796
[2025-01-30 07:30:10,142][root][INFO] - Simulating initial volumes for stage IIIB  with norm params: mu=2.76, sigma=6.87, lb=-0.5769974969906748, ub=-0.02839165102452155
[2025-01-30 07:30:10,145][root][INFO] - Simulating initial volumes for stage IV  with norm params: mu=3.86, sigma=8.82, lb=-0.5741465764541877, ub=-0.14683113860980307
[2025-01-30 07:30:10,167][root][INFO] - Got correlated params for 4658 patients
[2025-01-30 07:30:10,171][root][INFO] - Got correlated params for 9338 patients
[2025-01-30 07:30:10,176][root][INFO] - Got correlated params for 13912 patients
[2025-01-30 07:30:10,184][root][INFO] - Simulating beta_c parameters
[2025-01-30 07:30:10,189][root][INFO] - Randomising outputs
[2025-01-30 07:30:24,868][root][INFO] - Simulating initial volumes for stage I  with norm params: mu=1.72, sigma=4.7, lb=-0.6221218732608373, ub=-0.023523848418276528
[2025-01-30 07:30:24,870][root][INFO] - Simulating initial volumes for stage II  with norm params: mu=1.96, sigma=1.63, lb=-1.9410876100159118, ub=0.3711345751297772
[2025-01-30 07:30:24,871][root][INFO] - Simulating initial volumes for stage IIIA  with norm params: mu=1.91, sigma=9.4, lb=-0.33127370258786554, ub=0.06967546355973796
[2025-01-30 07:30:24,871][root][INFO] - Simulating initial volumes for stage IIIB  with norm params: mu=2.76, sigma=6.87, lb=-0.5769974969906748, ub=-0.02839165102452155
[2025-01-30 07:30:24,872][root][INFO] - Simulating initial volumes for stage IV  with norm params: mu=3.86, sigma=8.82, lb=-0.5741465764541877, ub=-0.14683113860980307
[2025-01-30 07:30:24,874][root][INFO] - Got correlated params for 464 patients
[2025-01-30 07:30:24,875][root][INFO] - Got correlated params for 942 patients
[2025-01-30 07:30:24,876][root][INFO] - Got correlated params for 1398 patients
[2025-01-30 07:30:24,877][root][INFO] - Simulating beta_c parameters
[2025-01-30 07:30:24,878][root][INFO] - Randomising outputs
[2025-01-30 07:30:26,319][root][INFO] - Simulating initial volumes for stage I  with norm params: mu=1.72, sigma=4.7, lb=-0.6221218732608373, ub=-0.023523848418276528
[2025-01-30 07:30:26,320][root][INFO] - Simulating initial volumes for stage II  with norm params: mu=1.96, sigma=1.63, lb=-1.9410876100159118, ub=0.3711345751297772
[2025-01-30 07:30:26,320][root][INFO] - Simulating initial volumes for stage IIIA  with norm params: mu=1.91, sigma=9.4, lb=-0.33127370258786554, ub=0.06967546355973796
[2025-01-30 07:30:26,321][root][INFO] - Simulating initial volumes for stage IIIB  with norm params: mu=2.76, sigma=6.87, lb=-0.5769974969906748, ub=-0.02839165102452155
[2025-01-30 07:30:26,322][root][INFO] - Simulating initial volumes for stage IV  with norm params: mu=3.86, sigma=8.82, lb=-0.5741465764541877, ub=-0.14683113860980307
[2025-01-30 07:30:26,323][root][INFO] - Got correlated params for 491 patients
[2025-01-30 07:30:26,324][root][INFO] - Got correlated params for 936 patients
[2025-01-30 07:30:26,325][root][INFO] - Got correlated params for 1396 patients
[2025-01-30 07:30:26,326][root][INFO] - Simulating beta_c parameters
[2025-01-30 07:30:26,327][root][INFO] - Randomising outputs
[2025-01-30 07:30:31,510][root][INFO] - Simulating initial volumes for stage I  with norm params: mu=1.72, sigma=4.7, lb=-0.6221218732608373, ub=-0.023523848418276528
[2025-01-30 07:30:31,511][root][INFO] - Simulating initial volumes for stage II  with norm params: mu=1.96, sigma=1.63, lb=-1.9410876100159118, ub=0.3711345751297772
[2025-01-30 07:30:31,512][root][INFO] - Simulating initial volumes for stage IIIA  with norm params: mu=1.91, sigma=9.4, lb=-0.33127370258786554, ub=0.06967546355973796
[2025-01-30 07:30:31,513][root][INFO] - Simulating initial volumes for stage IIIB  with norm params: mu=2.76, sigma=6.87, lb=-0.5769974969906748, ub=-0.02839165102452155
[2025-01-30 07:30:31,513][root][INFO] - Simulating initial volumes for stage IV  with norm params: mu=3.86, sigma=8.82, lb=-0.5741465764541877, ub=-0.14683113860980307
[2025-01-30 07:30:31,515][root][INFO] - Got correlated params for 434 patients
[2025-01-30 07:30:31,516][root][INFO] - Got correlated params for 874 patients
[2025-01-30 07:30:31,517][root][INFO] - Got correlated params for 1357 patients
[2025-01-30 07:30:31,518][root][INFO] - Simulating beta_c parameters
[2025-01-30 07:30:31,519][root][INFO] - Randomising outputs
[2025-01-30 07:30:54,859][src.data.cancer_sim.dataset][INFO] - Processing train dataset before training
[2025-01-30 07:30:55,746][src.data.cancer_sim.dataset][INFO] - Shape of processed train data: {'cancer_volume': (10000, 60), 'chemo_dosage': (10000, 60), 'radio_dosage': (10000, 60), 'chemo_application': (10000, 60), 'radio_application': (10000, 60), 'chemo_probabilities': (10000, 60), 'radio_probabilities': (10000, 60), 'sequence_lengths': (10000,), 'death_flags': (10000, 60), 'recovery_flags': (10000, 60), 'patient_types': (10000,), 'prev_treatments': (10000, 59, 4), 'current_treatments': (10000, 59, 4), 'current_covariates': (10000, 59, 2), 'outputs': (10000, 59, 1), 'active_entries': (10000, 59, 1), 'unscaled_outputs': (10000, 59, 1), 'prev_outputs': (10000, 59, 1), 'static_features': (10000, 1)}
[2025-01-30 07:30:55,747][src.data.cancer_sim.dataset][INFO] - Processing val dataset before training
[2025-01-30 07:30:55,837][src.data.cancer_sim.dataset][INFO] - Shape of processed val data: {'cancer_volume': (1000, 60), 'chemo_dosage': (1000, 60), 'radio_dosage': (1000, 60), 'chemo_application': (1000, 60), 'radio_application': (1000, 60), 'chemo_probabilities': (1000, 60), 'radio_probabilities': (1000, 60), 'sequence_lengths': (1000,), 'death_flags': (1000, 60), 'recovery_flags': (1000, 60), 'patient_types': (1000,), 'prev_treatments': (1000, 59, 4), 'current_treatments': (1000, 59, 4), 'current_covariates': (1000, 59, 2), 'outputs': (1000, 59, 1), 'active_entries': (1000, 59, 1), 'unscaled_outputs': (1000, 59, 1), 'prev_outputs': (1000, 59, 1), 'static_features': (1000, 1)}
[2025-01-30 07:30:55,837][src.data.cancer_sim.dataset][INFO] - Processing test dataset before training
[2025-01-30 07:31:15,250][src.data.cancer_sim.dataset][INFO] - Shape of processed test data: {'cancer_volume': (224868, 60), 'chemo_application': (224868, 60), 'radio_application': (224868, 60), 'sequence_lengths': (224868,), 'patient_types': (224868,), 'prev_treatments': (224868, 59, 4), 'current_treatments': (224868, 59, 4), 'current_covariates': (224868, 59, 2), 'outputs': (224868, 59, 1), 'active_entries': (224868, 59, 1), 'unscaled_outputs': (224868, 59, 1), 'prev_outputs': (224868, 59, 1), 'static_features': (224868, 1)}
[2025-01-30 07:31:15,252][src.data.cancer_sim.dataset][INFO] - Processing test dataset before training
[2025-01-30 07:32:07,365][src.data.cancer_sim.dataset][INFO] - Shape of processed test data: {'cancer_volume': (548744, 65), 'chemo_application': (548744, 65), 'radio_application': (548744, 65), 'sequence_lengths': (548744,), 'patient_types': (548744,), 'patient_ids_all_trajectories': (548744,), 'patient_current_t': (548744,), 'prev_treatments': (548744, 64, 4), 'current_treatments': (548744, 64, 4), 'current_covariates': (548744, 64, 2), 'outputs': (548744, 64, 1), 'active_entries': (548744, 64, 1), 'unscaled_outputs': (548744, 64, 1), 'prev_outputs': (548744, 64, 1), 'static_features': (548744, 1)}
[2025-01-30 07:32:07,368][src.data.cancer_sim.dataset][INFO] - Processing test dataset before testing (multiple sequences)
[2025-01-30 07:32:13,908][src.data.cancer_sim.dataset][INFO] - Shape of processed test data: {'active_encoder_r': (548744, 59), 'prev_treatments': (548744, 5, 4), 'current_treatments': (548744, 5, 4), 'current_covariates': (548744, 5, 2), 'prev_outputs': (548744, 5, 1), 'static_features': (548744, 1), 'outputs': (548744, 5, 1), 'sequence_lengths': (548744,), 'active_entries': (548744, 5, 1), 'unscaled_outputs': (548744, 5, 1), 'patient_types': (548744,), 'patient_ids_all_trajectories': (548744,), 'patient_current_t': (548744,)}
[2025-01-30 07:32:16,419][src.models.ct][INFO] - Max input size of multi: 4
[2025-01-30 07:37:29,192][src.models.time_varying_model][INFO] - RMSE calculation for val.
[2025-01-30 07:37:29,192][src.models.time_varying_model][INFO] - Predictions for val.
[2025-01-30 07:37:29,902][__main__][INFO] - Val normalised RMSE (all): 0.6382010072567873; Val normalised RMSE (orig): 0.6304798297629335
[2025-01-30 07:37:29,902][src.models.time_varying_model][INFO] - RMSE calculation for test.
[2025-01-30 07:37:29,902][src.models.time_varying_model][INFO] - Predictions for test.
[2025-01-30 07:37:45,578][__main__][INFO] - Test normalised RMSE (all): 2.031678558432371; Test normalised RMSE (orig): 2.049250041817962; Test normalised RMSE (only counterfactual): 2.2940760237318965
[2025-01-30 07:37:45,622][src.models.time_varying_model][INFO] - RMSE calculation for test.
[2025-01-30 07:37:45,623][src.models.ct][INFO] - Autoregressive Prediction for test.
[2025-01-30 07:37:45,626][src.models.ct][INFO] - t = 1
[2025-01-30 07:37:45,626][src.models.time_varying_model][INFO] - Predictions for test.
[2025-01-30 07:38:35,143][src.models.ct][INFO] - t = 2
[2025-01-30 07:38:35,144][src.models.time_varying_model][INFO] - Predictions for test.
[2025-01-30 07:39:24,671][src.models.ct][INFO] - t = 3
[2025-01-30 07:39:24,672][src.models.time_varying_model][INFO] - Predictions for test.
[2025-01-30 07:40:13,877][src.models.ct][INFO] - t = 4
[2025-01-30 07:40:13,878][src.models.time_varying_model][INFO] - Predictions for test.
[2025-01-30 07:41:03,339][src.models.ct][INFO] - t = 5
[2025-01-30 07:41:03,340][src.models.time_varying_model][INFO] - Predictions for test.
[2025-01-30 07:41:53,858][src.models.ct][INFO] - t = 6
[2025-01-30 07:41:53,859][src.models.time_varying_model][INFO] - Predictions for test.
[2025-01-30 07:42:43,963][__main__][INFO] - Test normalised RMSE (n-step prediction): {'2-step': 3.332490752944665, '3-step': 3.5433115685192766, '4-step': 3.6368685673270043, '5-step': 3.6120811588993114, '6-step': 3.400963679778889}
