[2025-01-28 02:50:29,851][__main__][INFO] - 
model:
  dim_treatments: 4
  dim_vitals: 0
  dim_static_features: 1
  dim_outcomes: 1
  name: CRN
  encoder:
    _target_: src.models.crn.CRNEncoder
    seq_hidden_units: 24
    br_size: 24
    fc_hidden_units: 96
    dropout_rate: 0.2
    num_layer: 1
    batch_size: 1024
    optimizer:
      optimizer_cls: adam
      learning_rate: 0.001
      weight_decay: 0.0
      lr_scheduler: false
    tune_hparams: false
    tune_range: 50
    hparams_grid: null
    resources_per_trial: null
  train_decoder: true
  decoder:
    _target_: src.models.crn.CRNDecoder
    seq_hidden_units: null
    br_size: 24
    fc_hidden_units: 12
    dropout_rate: 0.1
    num_layer: 1
    batch_size: 4096
    optimizer:
      optimizer_cls: adam
      learning_rate: 0.001
      weight_decay: 0.0
      lr_scheduler: false
    tune_hparams: false
    tune_range: 30
    hparams_grid: null
    resources_per_trial: null
dataset:
  val_batch_size: 512
  treatment_mode: multiclass
  _target_: src.data.SyntheticCancerDatasetCollection
  name: tumor_generator
  coeff: 5.0
  chemo_coeff: 5.0
  radio_coeff: 5.0
  seed: 10
  random: false
  noise_percentage: 0.0
  num_patients:
    train: 10000
    val: 1000
    test: 1000
  window_size: 15
  lag: 0
  max_seq_length: 60
  projection_horizon: 5
  cf_seq_mode: sliding_treatment
exp:
  seed: 10
  gpus:
  - 0
  max_epochs: 120
  logging: true
  mlflow_uri: http://127.0.0.1:5000
  unscale_rmse: true
  percentage_rmse: true
  alpha: 0.01
  update_alpha: true
  alpha_rate: exp
  initial_balancing_method: grad_reverse
  final_balancing_method: subgroup
  bce_weight: false
  weights_ema: false
  beta: 0.99
  alpha_wass: 0.001
  alpha_wass_epoch: false
  alpha_wass_growth: 0.001
  alpha_wass_max: 0.01
  balancing: grad_reverse
  balancing_switch_epoch: 99
  gap_epoch: 10
  clustering_method: GMM
  number_clusters: 2
  num_timepoints: 59
  checkpoint_dir: ./checkpoints/cancer/crn/SGA/5

[2025-01-28 02:50:29,866][root][INFO] - Simulating initial volumes for stage I  with norm params: mu=1.72, sigma=4.7, lb=-0.6221218732608373, ub=-0.023523848418276528
[2025-01-28 02:50:29,867][root][INFO] - Simulating initial volumes for stage II  with norm params: mu=1.96, sigma=1.63, lb=-1.9410876100159118, ub=0.3711345751297772
[2025-01-28 02:50:29,868][root][INFO] - Simulating initial volumes for stage IIIA  with norm params: mu=1.91, sigma=9.4, lb=-0.33127370258786554, ub=0.06967546355973796
[2025-01-28 02:50:29,869][root][INFO] - Simulating initial volumes for stage IIIB  with norm params: mu=2.76, sigma=6.87, lb=-0.5769974969906748, ub=-0.02839165102452155
[2025-01-28 02:50:29,872][root][INFO] - Simulating initial volumes for stage IV  with norm params: mu=3.86, sigma=8.82, lb=-0.5741465764541877, ub=-0.14683113860980307
[2025-01-28 02:50:29,880][root][INFO] - Got correlated params for 4658 patients
[2025-01-28 02:50:29,885][root][INFO] - Got correlated params for 9338 patients
[2025-01-28 02:50:29,890][root][INFO] - Got correlated params for 13912 patients
[2025-01-28 02:50:29,897][root][INFO] - Simulating beta_c parameters
[2025-01-28 02:50:29,902][root][INFO] - Randomising outputs
[2025-01-28 02:50:48,265][root][INFO] - Simulating initial volumes for stage I  with norm params: mu=1.72, sigma=4.7, lb=-0.6221218732608373, ub=-0.023523848418276528
[2025-01-28 02:50:48,267][root][INFO] - Simulating initial volumes for stage II  with norm params: mu=1.96, sigma=1.63, lb=-1.9410876100159118, ub=0.3711345751297772
[2025-01-28 02:50:48,267][root][INFO] - Simulating initial volumes for stage IIIA  with norm params: mu=1.91, sigma=9.4, lb=-0.33127370258786554, ub=0.06967546355973796
[2025-01-28 02:50:48,268][root][INFO] - Simulating initial volumes for stage IIIB  with norm params: mu=2.76, sigma=6.87, lb=-0.5769974969906748, ub=-0.02839165102452155
[2025-01-28 02:50:48,269][root][INFO] - Simulating initial volumes for stage IV  with norm params: mu=3.86, sigma=8.82, lb=-0.5741465764541877, ub=-0.14683113860980307
[2025-01-28 02:50:48,271][root][INFO] - Got correlated params for 464 patients
[2025-01-28 02:50:48,272][root][INFO] - Got correlated params for 942 patients
[2025-01-28 02:50:48,273][root][INFO] - Got correlated params for 1398 patients
[2025-01-28 02:50:48,274][root][INFO] - Simulating beta_c parameters
[2025-01-28 02:50:48,275][root][INFO] - Randomising outputs
[2025-01-28 02:50:50,065][root][INFO] - Simulating initial volumes for stage I  with norm params: mu=1.72, sigma=4.7, lb=-0.6221218732608373, ub=-0.023523848418276528
[2025-01-28 02:50:50,067][root][INFO] - Simulating initial volumes for stage II  with norm params: mu=1.96, sigma=1.63, lb=-1.9410876100159118, ub=0.3711345751297772
[2025-01-28 02:50:50,068][root][INFO] - Simulating initial volumes for stage IIIA  with norm params: mu=1.91, sigma=9.4, lb=-0.33127370258786554, ub=0.06967546355973796
[2025-01-28 02:50:50,068][root][INFO] - Simulating initial volumes for stage IIIB  with norm params: mu=2.76, sigma=6.87, lb=-0.5769974969906748, ub=-0.02839165102452155
[2025-01-28 02:50:50,069][root][INFO] - Simulating initial volumes for stage IV  with norm params: mu=3.86, sigma=8.82, lb=-0.5741465764541877, ub=-0.14683113860980307
[2025-01-28 02:50:50,071][root][INFO] - Got correlated params for 491 patients
[2025-01-28 02:50:50,072][root][INFO] - Got correlated params for 936 patients
[2025-01-28 02:50:50,073][root][INFO] - Got correlated params for 1396 patients
[2025-01-28 02:50:50,074][root][INFO] - Simulating beta_c parameters
[2025-01-28 02:50:50,075][root][INFO] - Randomising outputs
[2025-01-28 02:50:56,451][root][INFO] - Simulating initial volumes for stage I  with norm params: mu=1.72, sigma=4.7, lb=-0.6221218732608373, ub=-0.023523848418276528
[2025-01-28 02:50:56,452][root][INFO] - Simulating initial volumes for stage II  with norm params: mu=1.96, sigma=1.63, lb=-1.9410876100159118, ub=0.3711345751297772
[2025-01-28 02:50:56,453][root][INFO] - Simulating initial volumes for stage IIIA  with norm params: mu=1.91, sigma=9.4, lb=-0.33127370258786554, ub=0.06967546355973796
[2025-01-28 02:50:56,453][root][INFO] - Simulating initial volumes for stage IIIB  with norm params: mu=2.76, sigma=6.87, lb=-0.5769974969906748, ub=-0.02839165102452155
[2025-01-28 02:50:56,454][root][INFO] - Simulating initial volumes for stage IV  with norm params: mu=3.86, sigma=8.82, lb=-0.5741465764541877, ub=-0.14683113860980307
[2025-01-28 02:50:56,456][root][INFO] - Got correlated params for 434 patients
[2025-01-28 02:50:56,457][root][INFO] - Got correlated params for 874 patients
[2025-01-28 02:50:56,458][root][INFO] - Got correlated params for 1357 patients
[2025-01-28 02:50:56,459][root][INFO] - Simulating beta_c parameters
[2025-01-28 02:50:56,460][root][INFO] - Randomising outputs
[2025-01-28 02:51:25,473][src.data.cancer_sim.dataset][INFO] - Processing train dataset before training
[2025-01-28 02:51:26,375][src.data.cancer_sim.dataset][INFO] - Shape of processed train data: {'cancer_volume': (10000, 60), 'chemo_dosage': (10000, 60), 'radio_dosage': (10000, 60), 'chemo_application': (10000, 60), 'radio_application': (10000, 60), 'chemo_probabilities': (10000, 60), 'radio_probabilities': (10000, 60), 'sequence_lengths': (10000,), 'death_flags': (10000, 60), 'recovery_flags': (10000, 60), 'patient_types': (10000,), 'prev_treatments': (10000, 59, 4), 'current_treatments': (10000, 59, 4), 'current_covariates': (10000, 59, 2), 'outputs': (10000, 59, 1), 'active_entries': (10000, 59, 1), 'unscaled_outputs': (10000, 59, 1), 'prev_outputs': (10000, 59, 1), 'static_features': (10000, 1)}
[2025-01-28 02:51:26,375][src.data.cancer_sim.dataset][INFO] - Processing val dataset before training
[2025-01-28 02:51:26,466][src.data.cancer_sim.dataset][INFO] - Shape of processed val data: {'cancer_volume': (1000, 60), 'chemo_dosage': (1000, 60), 'radio_dosage': (1000, 60), 'chemo_application': (1000, 60), 'radio_application': (1000, 60), 'chemo_probabilities': (1000, 60), 'radio_probabilities': (1000, 60), 'sequence_lengths': (1000,), 'death_flags': (1000, 60), 'recovery_flags': (1000, 60), 'patient_types': (1000,), 'prev_treatments': (1000, 59, 4), 'current_treatments': (1000, 59, 4), 'current_covariates': (1000, 59, 2), 'outputs': (1000, 59, 1), 'active_entries': (1000, 59, 1), 'unscaled_outputs': (1000, 59, 1), 'prev_outputs': (1000, 59, 1), 'static_features': (1000, 1)}
[2025-01-28 02:51:26,466][src.data.cancer_sim.dataset][INFO] - Processing test dataset before training
[2025-01-28 02:51:46,013][src.data.cancer_sim.dataset][INFO] - Shape of processed test data: {'cancer_volume': (225248, 60), 'chemo_application': (225248, 60), 'radio_application': (225248, 60), 'sequence_lengths': (225248,), 'patient_types': (225248,), 'prev_treatments': (225248, 59, 4), 'current_treatments': (225248, 59, 4), 'current_covariates': (225248, 59, 2), 'outputs': (225248, 59, 1), 'active_entries': (225248, 59, 1), 'unscaled_outputs': (225248, 59, 1), 'prev_outputs': (225248, 59, 1), 'static_features': (225248, 1)}
[2025-01-28 02:51:46,501][src.models.crn][INFO] - Input size of encoder: 6
[2025-01-28 02:57:04,963][src.models.time_varying_model][INFO] - RMSE calculation for val.
[2025-01-28 02:57:04,963][src.models.time_varying_model][INFO] - Predictions for val.
[2025-01-28 02:57:05,857][__main__][INFO] - Val normalised RMSE (all): 0.7142652311113366; Val normalised RMSE (orig): 0.7053816013771458
[2025-01-28 02:57:05,857][src.models.time_varying_model][INFO] - RMSE calculation for test.
[2025-01-28 02:57:05,858][src.models.time_varying_model][INFO] - Predictions for test.
[2025-01-28 02:57:23,014][__main__][INFO] - Test normalised RMSE (all): 2.256499490441027; Test normalised RMSE (orig): 1.812323675500065; Test normalised RMSE (only counterfactual): 1.8405672145342444
[2025-01-28 02:57:23,082][src.models.crn][INFO] - Input size of decoder: 6
[2025-01-28 02:57:23,095][src.data.cancer_sim.dataset][INFO] - train Dataset already processed
[2025-01-28 02:57:23,095][src.data.cancer_sim.dataset][INFO] - val Dataset already processed
[2025-01-28 02:57:23,095][src.data.cancer_sim.dataset][INFO] - Processing test dataset before training
[2025-01-28 02:58:15,970][src.data.cancer_sim.dataset][INFO] - Shape of processed test data: {'cancer_volume': (554444, 65), 'chemo_application': (554444, 65), 'radio_application': (554444, 65), 'sequence_lengths': (554444,), 'patient_types': (554444,), 'patient_ids_all_trajectories': (554444,), 'patient_current_t': (554444,), 'prev_treatments': (554444, 64, 4), 'current_treatments': (554444, 64, 4), 'current_covariates': (554444, 64, 2), 'outputs': (554444, 64, 1), 'active_entries': (554444, 64, 1), 'unscaled_outputs': (554444, 64, 1), 'prev_outputs': (554444, 64, 1), 'static_features': (554444, 1)}
[2025-01-28 02:58:15,974][src.models.time_varying_model][INFO] - Balanced representations inference for train.
[2025-01-28 02:58:17,482][src.models.time_varying_model][INFO] - Balanced representations inference for val.
[2025-01-28 02:58:18,086][src.models.time_varying_model][INFO] - Balanced representations inference for test.
[2025-01-28 02:58:59,163][src.models.time_varying_model][INFO] - Predictions for test.
[2025-01-28 02:59:41,643][src.data.cancer_sim.dataset][INFO] - Processing train dataset before training (multiple sequences)
[2025-01-28 02:59:44,597][src.data.cancer_sim.dataset][INFO] - Shape of processed train data: {'init_state': (514877, 24), 'original_index': (514877,), 'active_encoder_r': (514877, 59), 'prev_treatments': (514877, 5, 4), 'current_treatments': (514877, 5, 4), 'current_covariates': (514877, 5, 2), 'prev_outputs': (514877, 5, 1), 'static_features': (514877, 1), 'outputs': (514877, 5, 1), 'sequence_lengths': (514877,), 'active_entries': (514877, 5, 1), 'unscaled_outputs': (514877, 5, 1)}
[2025-01-28 02:59:44,599][src.data.cancer_sim.dataset][INFO] - Processing val dataset before training (multiple sequences)
[2025-01-28 02:59:44,898][src.data.cancer_sim.dataset][INFO] - Shape of processed val data: {'init_state': (51318, 24), 'original_index': (51318,), 'active_encoder_r': (51318, 59), 'prev_treatments': (51318, 5, 4), 'current_treatments': (51318, 5, 4), 'current_covariates': (51318, 5, 2), 'prev_outputs': (51318, 5, 1), 'static_features': (51318, 1), 'outputs': (51318, 5, 1), 'sequence_lengths': (51318,), 'active_entries': (51318, 5, 1), 'unscaled_outputs': (51318, 5, 1)}
[2025-01-28 02:59:44,898][src.data.cancer_sim.dataset][INFO] - Processing test dataset before testing (multiple sequences)
[2025-01-28 02:59:53,339][src.data.cancer_sim.dataset][INFO] - Shape of processed test data: {'active_encoder_r': (554444, 59), 'prev_treatments': (554444, 5, 4), 'current_treatments': (554444, 5, 4), 'current_covariates': (554444, 5, 2), 'prev_outputs': (554444, 5, 1), 'static_features': (554444, 1), 'outputs': (554444, 5, 1), 'sequence_lengths': (554444,), 'active_entries': (554444, 5, 1), 'unscaled_outputs': (554444, 5, 1), 'patient_types': (554444,), 'patient_ids_all_trajectories': (554444,), 'patient_current_t': (554444,), 'init_state': (554444, 24)}
[2025-01-28 02:59:53,395][src.data.cancer_sim.dataset][INFO] - Processing test dataset before testing (autoregressive)
[2025-01-28 02:59:58,172][src.data.cancer_sim.dataset][INFO] - Shape of processed test data: {'current_covariates': (554444, 5, 2), 'prev_treatments': (554444, 5, 4), 'current_treatments': (554444, 5, 4), 'init_state': (554444, 24), 'active_encoder_r': (554444, 59), 'active_entries': (554444, 5, 1), 'prev_outputs': (554444, 5, 1), 'static_features': (554444, 1)}
[2025-01-28 03:56:42,317][src.models.time_varying_model][INFO] - RMSE calculation for val.
[2025-01-28 03:56:42,318][src.models.time_varying_model][INFO] - Predictions for val.
[2025-01-28 03:56:44,898][__main__][INFO] - Val normalised RMSE (all): 0.32185921915120475; Val normalised RMSE (orig): 0.32185921915120363
[2025-01-28 03:56:44,898][src.models.time_varying_model][INFO] - RMSE calculation for test.
[2025-01-28 03:56:44,898][src.models.time_varying_model][INFO] - Autoregressive Prediction for test.
[2025-01-28 03:56:44,901][src.models.time_varying_model][INFO] - t = 2
[2025-01-28 03:56:44,902][src.models.time_varying_model][INFO] - Predictions for test.
[2025-01-28 03:57:03,812][src.models.time_varying_model][INFO] - t = 3
[2025-01-28 03:57:03,813][src.models.time_varying_model][INFO] - Predictions for test.
[2025-01-28 03:57:22,856][src.models.time_varying_model][INFO] - t = 4
[2025-01-28 03:57:22,856][src.models.time_varying_model][INFO] - Predictions for test.
[2025-01-28 03:57:42,164][src.models.time_varying_model][INFO] - t = 5
[2025-01-28 03:57:42,164][src.models.time_varying_model][INFO] - Predictions for test.
[2025-01-28 03:58:01,241][src.models.time_varying_model][INFO] - t = 6
[2025-01-28 03:58:01,242][src.models.time_varying_model][INFO] - Predictions for test.
[2025-01-28 03:58:21,907][__main__][INFO] - Test normalised RMSE (n-step prediction): {'2-step': 2.4696792815525344, '3-step': 2.7123079678560607, '4-step': 2.8621238073574387, '5-step': 2.901317881046031, '6-step': 2.8241939560601845}
