[2025-01-27 04:17:21,947][__main__][INFO] - 
model:
  dim_treatments: 4
  dim_vitals: 0
  dim_static_features: 1
  dim_outcomes: 1
  name: CRN
  encoder:
    _target_: src.models.crn.CRNEncoder
    seq_hidden_units: 24
    br_size: 18
    fc_hidden_units: 36
    dropout_rate: 0.2
    num_layer: 1
    batch_size: 1024
    optimizer:
      optimizer_cls: adam
      learning_rate: 0.005
      weight_decay: 0.0
      lr_scheduler: false
    tune_hparams: false
    tune_range: 50
    hparams_grid: null
    resources_per_trial: null
  train_decoder: true
  decoder:
    _target_: src.models.crn.CRNDecoder
    seq_hidden_units: null
    br_size: 24
    fc_hidden_units: 12
    dropout_rate: 0.1
    num_layer: 1
    batch_size: 4096
    optimizer:
      optimizer_cls: adam
      learning_rate: 0.01
      weight_decay: 0.0
      lr_scheduler: false
    tune_hparams: false
    tune_range: 30
    hparams_grid: null
    resources_per_trial: null
dataset:
  val_batch_size: 512
  treatment_mode: multiclass
  _target_: src.data.SyntheticCancerDatasetCollection
  name: tumor_generator
  coeff: 1.0
  chemo_coeff: 1.0
  radio_coeff: 1.0
  seed: 10
  random: true
  noise_percentage: 0.0
  num_patients:
    train: 10000
    val: 1000
    test: 1000
  window_size: 15
  lag: 0
  max_seq_length: 60
  projection_horizon: 5
  cf_seq_mode: sliding_treatment
exp:
  seed: 10
  gpus:
  - 0
  max_epochs: 120
  logging: true
  mlflow_uri: http://127.0.0.1:5000
  unscale_rmse: true
  percentage_rmse: true
  alpha: 0.01
  update_alpha: true
  alpha_rate: exp
  initial_balancing_method: grad_reverse
  final_balancing_method: subgroup
  bce_weight: false
  weights_ema: false
  beta: 0.99
  alpha_wass: 0.0001
  alpha_wass_epoch: false
  alpha_wass_growth: 0.001
  alpha_wass_max: 0.01
  balancing: grad_reverse
  balancing_switch_epoch: 99
  gap_epoch: 10
  clustering_method: GMM
  number_clusters: 2
  num_timepoints: 59
  checkpoint_dir: ./checkpoints/cancer/crn/1

[2025-01-27 04:17:21,970][root][INFO] - Simulating initial volumes for stage I  with norm params: mu=1.72, sigma=4.7, lb=-0.6221218732608373, ub=-0.023523848418276528
[2025-01-27 04:17:21,978][root][INFO] - Simulating initial volumes for stage II  with norm params: mu=1.96, sigma=1.63, lb=-1.9410876100159118, ub=0.3711345751297772
[2025-01-27 04:17:21,979][root][INFO] - Simulating initial volumes for stage IIIA  with norm params: mu=1.91, sigma=9.4, lb=-0.33127370258786554, ub=0.06967546355973796
[2025-01-27 04:17:21,980][root][INFO] - Simulating initial volumes for stage IIIB  with norm params: mu=2.76, sigma=6.87, lb=-0.5769974969906748, ub=-0.02839165102452155
[2025-01-27 04:17:21,983][root][INFO] - Simulating initial volumes for stage IV  with norm params: mu=3.86, sigma=8.82, lb=-0.5741465764541877, ub=-0.14683113860980307
[2025-01-27 04:17:22,006][root][INFO] - Got correlated params for 4658 patients
[2025-01-27 04:17:22,011][root][INFO] - Got correlated params for 9338 patients
[2025-01-27 04:17:22,015][root][INFO] - Got correlated params for 13912 patients
[2025-01-27 04:17:22,023][root][INFO] - Simulating beta_c parameters
[2025-01-27 04:17:22,028][root][INFO] - Randomising outputs
[2025-01-27 04:17:36,348][src.data.cancer_sim.dataset][INFO] - Processing train dataset before training
[2025-01-27 04:17:37,441][src.data.cancer_sim.dataset][INFO] - Shape of processed train data: {'cancer_volume': (10000, 60), 'chemo_dosage': (10000, 60), 'radio_dosage': (10000, 60), 'chemo_application': (10000, 60), 'radio_application': (10000, 60), 'chemo_probabilities': (10000, 60), 'radio_probabilities': (10000, 60), 'sequence_lengths': (10000,), 'death_flags': (10000, 60), 'recovery_flags': (10000, 60), 'patient_types': (10000,), 'prev_treatments': (10000, 59, 4), 'current_treatments': (10000, 59, 4), 'current_covariates': (10000, 59, 2), 'outputs': (10000, 59, 1), 'active_entries': (10000, 59, 1), 'unscaled_outputs': (10000, 59, 1), 'prev_outputs': (10000, 59, 1), 'static_features': (10000, 1)}
[2025-01-27 04:17:37,457][root][INFO] - Simulating initial volumes for stage I  with norm params: mu=1.72, sigma=4.7, lb=-0.6221218732608373, ub=-0.023523848418276528
[2025-01-27 04:17:37,458][root][INFO] - Simulating initial volumes for stage II  with norm params: mu=1.96, sigma=1.63, lb=-1.9410876100159118, ub=0.3711345751297772
[2025-01-27 04:17:37,459][root][INFO] - Simulating initial volumes for stage IIIA  with norm params: mu=1.91, sigma=9.4, lb=-0.33127370258786554, ub=0.06967546355973796
[2025-01-27 04:17:37,459][root][INFO] - Simulating initial volumes for stage IIIB  with norm params: mu=2.76, sigma=6.87, lb=-0.5769974969906748, ub=-0.02839165102452155
[2025-01-27 04:17:37,460][root][INFO] - Simulating initial volumes for stage IV  with norm params: mu=3.86, sigma=8.82, lb=-0.5741465764541877, ub=-0.14683113860980307
[2025-01-27 04:17:37,462][root][INFO] - Got correlated params for 499 patients
[2025-01-27 04:17:37,463][root][INFO] - Got correlated params for 982 patients
[2025-01-27 04:17:37,464][root][INFO] - Got correlated params for 1434 patients
[2025-01-27 04:17:37,465][root][INFO] - Simulating beta_c parameters
[2025-01-27 04:17:37,466][root][INFO] - Randomising outputs
[2025-01-27 04:17:38,874][root][INFO] - Simulating initial volumes for stage I  with norm params: mu=1.72, sigma=4.7, lb=-0.6221218732608373, ub=-0.023523848418276528
[2025-01-27 04:17:38,875][root][INFO] - Simulating initial volumes for stage II  with norm params: mu=1.96, sigma=1.63, lb=-1.9410876100159118, ub=0.3711345751297772
[2025-01-27 04:17:38,876][root][INFO] - Simulating initial volumes for stage IIIA  with norm params: mu=1.91, sigma=9.4, lb=-0.33127370258786554, ub=0.06967546355973796
[2025-01-27 04:17:38,876][root][INFO] - Simulating initial volumes for stage IIIB  with norm params: mu=2.76, sigma=6.87, lb=-0.5769974969906748, ub=-0.02839165102452155
[2025-01-27 04:17:38,877][root][INFO] - Simulating initial volumes for stage IV  with norm params: mu=3.86, sigma=8.82, lb=-0.5741465764541877, ub=-0.14683113860980307
[2025-01-27 04:17:38,878][root][INFO] - Got correlated params for 494 patients
[2025-01-27 04:17:38,879][root][INFO] - Got correlated params for 937 patients
[2025-01-27 04:17:38,880][root][INFO] - Got correlated params for 1397 patients
[2025-01-27 04:17:38,881][root][INFO] - Simulating beta_c parameters
[2025-01-27 04:17:38,882][root][INFO] - Randomising outputs
[2025-01-27 04:17:44,068][root][INFO] - Simulating initial volumes for stage I  with norm params: mu=1.72, sigma=4.7, lb=-0.6221218732608373, ub=-0.023523848418276528
[2025-01-27 04:17:44,069][root][INFO] - Simulating initial volumes for stage II  with norm params: mu=1.96, sigma=1.63, lb=-1.9410876100159118, ub=0.3711345751297772
[2025-01-27 04:17:44,070][root][INFO] - Simulating initial volumes for stage IIIA  with norm params: mu=1.91, sigma=9.4, lb=-0.33127370258786554, ub=0.06967546355973796
[2025-01-27 04:17:44,070][root][INFO] - Simulating initial volumes for stage IIIB  with norm params: mu=2.76, sigma=6.87, lb=-0.5769974969906748, ub=-0.02839165102452155
[2025-01-27 04:17:44,071][root][INFO] - Simulating initial volumes for stage IV  with norm params: mu=3.86, sigma=8.82, lb=-0.5741465764541877, ub=-0.14683113860980307
[2025-01-27 04:17:44,073][root][INFO] - Got correlated params for 434 patients
[2025-01-27 04:17:44,074][root][INFO] - Got correlated params for 874 patients
[2025-01-27 04:17:44,075][root][INFO] - Got correlated params for 1357 patients
[2025-01-27 04:17:44,076][root][INFO] - Simulating beta_c parameters
[2025-01-27 04:17:44,077][root][INFO] - Randomising outputs
[2025-01-27 04:18:07,944][src.data.cancer_sim.dataset][INFO] - train Dataset already processed
[2025-01-27 04:18:07,944][src.data.cancer_sim.dataset][INFO] - Processing val dataset before training
[2025-01-27 04:18:08,053][src.data.cancer_sim.dataset][INFO] - Shape of processed val data: {'cancer_volume': (1000, 60), 'chemo_dosage': (1000, 60), 'radio_dosage': (1000, 60), 'chemo_application': (1000, 60), 'radio_application': (1000, 60), 'chemo_probabilities': (1000, 60), 'radio_probabilities': (1000, 60), 'sequence_lengths': (1000,), 'death_flags': (1000, 60), 'recovery_flags': (1000, 60), 'patient_types': (1000,), 'prev_treatments': (1000, 59, 4), 'current_treatments': (1000, 59, 4), 'current_covariates': (1000, 59, 2), 'outputs': (1000, 59, 1), 'active_entries': (1000, 59, 1), 'unscaled_outputs': (1000, 59, 1), 'prev_outputs': (1000, 59, 1), 'static_features': (1000, 1)}
[2025-01-27 04:18:08,053][src.data.cancer_sim.dataset][INFO] - Processing test dataset before training
[2025-01-27 04:18:28,643][src.data.cancer_sim.dataset][INFO] - Shape of processed test data: {'cancer_volume': (215584, 60), 'chemo_application': (215584, 60), 'radio_application': (215584, 60), 'sequence_lengths': (215584,), 'patient_types': (215584,), 'prev_treatments': (215584, 59, 4), 'current_treatments': (215584, 59, 4), 'current_covariates': (215584, 59, 2), 'outputs': (215584, 59, 1), 'active_entries': (215584, 59, 1), 'unscaled_outputs': (215584, 59, 1), 'prev_outputs': (215584, 59, 1), 'static_features': (215584, 1)}
[2025-01-27 04:18:29,238][src.models.crn][INFO] - Input size of encoder: 6
[2025-01-27 04:21:09,431][src.models.time_varying_model][INFO] - RMSE calculation for val.
[2025-01-27 04:21:09,432][src.models.time_varying_model][INFO] - Predictions for val.
[2025-01-27 04:21:10,004][__main__][INFO] - Val normalised RMSE (all): 0.7282506879913729; Val normalised RMSE (orig): 0.7040777359464375
[2025-01-27 04:21:10,004][src.models.time_varying_model][INFO] - RMSE calculation for test.
[2025-01-27 04:21:10,005][src.models.time_varying_model][INFO] - Predictions for test.
[2025-01-27 04:21:23,598][__main__][INFO] - Test normalised RMSE (all): 0.8798151960191359; Test normalised RMSE (orig): 0.6251861060735309; Test normalised RMSE (only counterfactual): 0.7475889654570841
[2025-01-27 04:21:23,661][src.models.crn][INFO] - Input size of decoder: 6
[2025-01-27 04:21:23,679][src.data.cancer_sim.dataset][INFO] - train Dataset already processed
[2025-01-27 04:21:23,679][src.data.cancer_sim.dataset][INFO] - val Dataset already processed
[2025-01-27 04:21:23,679][src.data.cancer_sim.dataset][INFO] - Processing test dataset before training
[2025-01-27 04:22:19,383][src.data.cancer_sim.dataset][INFO] - Shape of processed test data: {'cancer_volume': (540611, 65), 'chemo_application': (540611, 65), 'radio_application': (540611, 65), 'sequence_lengths': (540611,), 'patient_types': (540611,), 'patient_ids_all_trajectories': (540611,), 'patient_current_t': (540611,), 'prev_treatments': (540611, 64, 4), 'current_treatments': (540611, 64, 4), 'current_covariates': (540611, 64, 2), 'outputs': (540611, 64, 1), 'active_entries': (540611, 64, 1), 'unscaled_outputs': (540611, 64, 1), 'prev_outputs': (540611, 64, 1), 'static_features': (540611, 1)}
[2025-01-27 04:22:19,386][src.models.time_varying_model][INFO] - Balanced representations inference for train.
[2025-01-27 04:22:20,727][src.models.time_varying_model][INFO] - Balanced representations inference for val.
[2025-01-27 04:22:21,284][src.models.time_varying_model][INFO] - Balanced representations inference for test.
[2025-01-27 04:22:54,333][src.models.time_varying_model][INFO] - Predictions for test.
[2025-01-27 04:23:28,211][src.data.cancer_sim.dataset][INFO] - Processing train dataset before training (multiple sequences)
[2025-01-27 04:23:30,895][src.data.cancer_sim.dataset][INFO] - Shape of processed train data: {'init_state': (489999, 18), 'original_index': (489999,), 'active_encoder_r': (489999, 59), 'prev_treatments': (489999, 5, 4), 'current_treatments': (489999, 5, 4), 'current_covariates': (489999, 5, 2), 'prev_outputs': (489999, 5, 1), 'static_features': (489999, 1), 'outputs': (489999, 5, 1), 'sequence_lengths': (489999,), 'active_entries': (489999, 5, 1), 'unscaled_outputs': (489999, 5, 1)}
[2025-01-27 04:23:30,896][src.data.cancer_sim.dataset][INFO] - Processing val dataset before training (multiple sequences)
[2025-01-27 04:23:31,162][src.data.cancer_sim.dataset][INFO] - Shape of processed val data: {'init_state': (48829, 18), 'original_index': (48829,), 'active_encoder_r': (48829, 59), 'prev_treatments': (48829, 5, 4), 'current_treatments': (48829, 5, 4), 'current_covariates': (48829, 5, 2), 'prev_outputs': (48829, 5, 1), 'static_features': (48829, 1), 'outputs': (48829, 5, 1), 'sequence_lengths': (48829,), 'active_entries': (48829, 5, 1), 'unscaled_outputs': (48829, 5, 1)}
[2025-01-27 04:23:31,163][src.data.cancer_sim.dataset][INFO] - Processing test dataset before testing (multiple sequences)
[2025-01-27 04:23:38,261][src.data.cancer_sim.dataset][INFO] - Shape of processed test data: {'active_encoder_r': (540611, 59), 'prev_treatments': (540611, 5, 4), 'current_treatments': (540611, 5, 4), 'current_covariates': (540611, 5, 2), 'prev_outputs': (540611, 5, 1), 'static_features': (540611, 1), 'outputs': (540611, 5, 1), 'sequence_lengths': (540611,), 'active_entries': (540611, 5, 1), 'unscaled_outputs': (540611, 5, 1), 'patient_types': (540611,), 'patient_ids_all_trajectories': (540611,), 'patient_current_t': (540611,), 'init_state': (540611, 18)}
[2025-01-27 04:23:38,323][src.data.cancer_sim.dataset][INFO] - Processing test dataset before testing (autoregressive)
[2025-01-27 04:23:42,742][src.data.cancer_sim.dataset][INFO] - Shape of processed test data: {'current_covariates': (540611, 5, 2), 'prev_treatments': (540611, 5, 4), 'current_treatments': (540611, 5, 4), 'init_state': (540611, 18), 'active_encoder_r': (540611, 59), 'active_entries': (540611, 5, 1), 'prev_outputs': (540611, 5, 1), 'static_features': (540611, 1)}
[2025-01-27 04:30:08,700][src.models.time_varying_model][INFO] - RMSE calculation for val.
[2025-01-27 04:30:08,702][src.models.time_varying_model][INFO] - Predictions for val.
[2025-01-27 04:30:10,801][__main__][INFO] - Val normalised RMSE (all): 0.3748085564531934; Val normalised RMSE (orig): 0.37480855645319294
[2025-01-27 04:30:10,801][src.models.time_varying_model][INFO] - RMSE calculation for test.
[2025-01-27 04:30:10,801][src.models.time_varying_model][INFO] - Autoregressive Prediction for test.
[2025-01-27 04:30:10,812][src.models.time_varying_model][INFO] - t = 2
[2025-01-27 04:30:10,812][src.models.time_varying_model][INFO] - Predictions for test.
[2025-01-27 04:30:26,027][src.models.time_varying_model][INFO] - t = 3
[2025-01-27 04:30:26,028][src.models.time_varying_model][INFO] - Predictions for test.
[2025-01-27 04:30:41,126][src.models.time_varying_model][INFO] - t = 4
[2025-01-27 04:30:41,126][src.models.time_varying_model][INFO] - Predictions for test.
[2025-01-27 04:30:56,297][src.models.time_varying_model][INFO] - t = 5
[2025-01-27 04:30:56,297][src.models.time_varying_model][INFO] - Predictions for test.
[2025-01-27 04:31:11,529][src.models.time_varying_model][INFO] - t = 6
[2025-01-27 04:31:11,529][src.models.time_varying_model][INFO] - Predictions for test.
[2025-01-27 04:31:28,162][__main__][INFO] - Test normalised RMSE (n-step prediction): {'2-step': 0.6545930004185208, '3-step': 0.6850039210545192, '4-step': 0.7147286743219415, '5-step': 0.7509426897218657, '6-step': 0.7865845261435798}
