[2025-01-27 20:37:31,469][__main__][INFO] - 
model:
  dim_treatments: 4
  dim_vitals: 0
  dim_static_features: 1
  dim_outcomes: 1
  name: CT
  multi:
    _target_: src.models.ct.CT
    max_seq_length: 65
    seq_hidden_units: 16
    br_size: 12
    fc_hidden_units: 24
    dropout_rate: 0.2
    num_layer: 1
    num_heads: 2
    max_grad_norm: null
    batch_size: 256
    attn_dropout: true
    disable_cross_attention: false
    isolate_subnetwork: _
    self_positional_encoding:
      absolute: false
      trainable: true
      max_relative_position: 15
    optimizer:
      optimizer_cls: adam
      learning_rate: 0.001
      weight_decay: 0.0
      lr_scheduler: false
    augment_with_masked_vitals: true
    tune_hparams: false
    tune_range: 50
    hparams_grid: null
    resources_per_trial: null
  self_positional_encoding:
    max_relative_position: 15
dataset:
  val_batch_size: 512
  treatment_mode: multiclass
  _target_: src.data.SyntheticCancerDatasetCollection
  name: tumor_generator
  coeff: 0.0
  chemo_coeff: 0.0
  radio_coeff: 0.0
  seed: 101
  random: true
  noise_percentage: 0.05
  num_patients:
    train: 10000
    val: 1000
    test: 1000
  window_size: 15
  lag: 0
  max_seq_length: 60
  projection_horizon: 5
  cf_seq_mode: sliding_treatment
exp:
  seed: 101
  gpus:
  - 0
  max_epochs: 220
  logging: true
  mlflow_uri: http://127.0.0.1:5000
  unscale_rmse: true
  percentage_rmse: true
  alpha: 0.01
  update_alpha: true
  alpha_rate: exp
  initial_balancing_method: domain_confusion
  final_balancing_method: subgroup
  bce_weight: false
  weights_ema: true
  beta: 0.99
  alpha_wass: 0.0001
  alpha_wass_epoch: false
  alpha_wass_growth: 0.001
  alpha_wass_max: 0.01
  balancing_switch_epoch: 199
  clustering_method: GMM
  number_clusters: 2
  num_timepoints: 59
  gap_epoch: 10
  checkpoint_dir: ./checkpoints/cancer/ct/0

[2025-01-27 20:37:31,492][root][INFO] - Simulating initial volumes for stage I  with norm params: mu=1.72, sigma=4.7, lb=-0.6221218732608373, ub=-0.023523848418276528
[2025-01-27 20:37:31,500][root][INFO] - Simulating initial volumes for stage II  with norm params: mu=1.96, sigma=1.63, lb=-1.9410876100159118, ub=0.3711345751297772
[2025-01-27 20:37:31,501][root][INFO] - Simulating initial volumes for stage IIIA  with norm params: mu=1.91, sigma=9.4, lb=-0.33127370258786554, ub=0.06967546355973796
[2025-01-27 20:37:31,502][root][INFO] - Simulating initial volumes for stage IIIB  with norm params: mu=2.76, sigma=6.87, lb=-0.5769974969906748, ub=-0.02839165102452155
[2025-01-27 20:37:31,505][root][INFO] - Simulating initial volumes for stage IV  with norm params: mu=3.86, sigma=8.82, lb=-0.5741465764541877, ub=-0.14683113860980307
[2025-01-27 20:37:31,529][root][INFO] - Got correlated params for 4645 patients
[2025-01-27 20:37:31,534][root][INFO] - Got correlated params for 9125 patients
[2025-01-27 20:37:31,539][root][INFO] - Got correlated params for 13736 patients
[2025-01-27 20:37:31,547][root][INFO] - Simulating beta_c parameters
[2025-01-27 20:37:31,552][root][INFO] - Randomising outputs
[2025-01-27 20:37:47,339][src.data.cancer_sim.dataset][INFO] - Processing train dataset before training
[2025-01-27 20:37:48,475][src.data.cancer_sim.dataset][INFO] - Shape of processed train data: {'cancer_volume': (10000, 60), 'chemo_dosage': (10000, 60), 'radio_dosage': (10000, 60), 'chemo_application': (10000, 60), 'radio_application': (10000, 60), 'chemo_probabilities': (10000, 60), 'radio_probabilities': (10000, 60), 'sequence_lengths': (10000,), 'death_flags': (10000, 60), 'recovery_flags': (10000, 60), 'patient_types': (10000,), 'prev_treatments': (10000, 59, 4), 'current_treatments': (10000, 59, 4), 'current_covariates': (10000, 59, 2), 'outputs': (10000, 59, 1), 'active_entries': (10000, 59, 1), 'unscaled_outputs': (10000, 59, 1), 'prev_outputs': (10000, 59, 1), 'static_features': (10000, 1)}
[2025-01-27 20:37:48,540][root][INFO] - Simulating initial volumes for stage I  with norm params: mu=1.72, sigma=4.7, lb=-0.6221218732608373, ub=-0.023523848418276528
[2025-01-27 20:37:48,541][root][INFO] - Simulating initial volumes for stage II  with norm params: mu=1.96, sigma=1.63, lb=-1.9410876100159118, ub=0.3711345751297772
[2025-01-27 20:37:48,542][root][INFO] - Simulating initial volumes for stage IIIA  with norm params: mu=1.91, sigma=9.4, lb=-0.33127370258786554, ub=0.06967546355973796
[2025-01-27 20:37:48,543][root][INFO] - Simulating initial volumes for stage IIIB  with norm params: mu=2.76, sigma=6.87, lb=-0.5769974969906748, ub=-0.02839165102452155
[2025-01-27 20:37:48,544][root][INFO] - Simulating initial volumes for stage IV  with norm params: mu=3.86, sigma=8.82, lb=-0.5741465764541877, ub=-0.14683113860980307
[2025-01-27 20:37:48,545][root][INFO] - Got correlated params for 468 patients
[2025-01-27 20:37:48,547][root][INFO] - Got correlated params for 912 patients
[2025-01-27 20:37:48,547][root][INFO] - Got correlated params for 1370 patients
[2025-01-27 20:37:48,549][root][INFO] - Simulating beta_c parameters
[2025-01-27 20:37:48,549][root][INFO] - Randomising outputs
[2025-01-27 20:37:50,146][root][INFO] - Simulating initial volumes for stage I  with norm params: mu=1.72, sigma=4.7, lb=-0.6221218732608373, ub=-0.023523848418276528
[2025-01-27 20:37:50,147][root][INFO] - Simulating initial volumes for stage II  with norm params: mu=1.96, sigma=1.63, lb=-1.9410876100159118, ub=0.3711345751297772
[2025-01-27 20:37:50,147][root][INFO] - Simulating initial volumes for stage IIIA  with norm params: mu=1.91, sigma=9.4, lb=-0.33127370258786554, ub=0.06967546355973796
[2025-01-27 20:37:50,148][root][INFO] - Simulating initial volumes for stage IIIB  with norm params: mu=2.76, sigma=6.87, lb=-0.5769974969906748, ub=-0.02839165102452155
[2025-01-27 20:37:50,149][root][INFO] - Simulating initial volumes for stage IV  with norm params: mu=3.86, sigma=8.82, lb=-0.5741465764541877, ub=-0.14683113860980307
[2025-01-27 20:37:50,150][root][INFO] - Got correlated params for 466 patients
[2025-01-27 20:37:50,151][root][INFO] - Got correlated params for 924 patients
[2025-01-27 20:37:50,152][root][INFO] - Got correlated params for 1390 patients
[2025-01-27 20:37:50,153][root][INFO] - Simulating beta_c parameters
[2025-01-27 20:37:50,154][root][INFO] - Randomising outputs
[2025-01-27 20:37:55,781][root][INFO] - Simulating initial volumes for stage I  with norm params: mu=1.72, sigma=4.7, lb=-0.6221218732608373, ub=-0.023523848418276528
[2025-01-27 20:37:55,783][root][INFO] - Simulating initial volumes for stage II  with norm params: mu=1.96, sigma=1.63, lb=-1.9410876100159118, ub=0.3711345751297772
[2025-01-27 20:37:55,783][root][INFO] - Simulating initial volumes for stage IIIA  with norm params: mu=1.91, sigma=9.4, lb=-0.33127370258786554, ub=0.06967546355973796
[2025-01-27 20:37:55,784][root][INFO] - Simulating initial volumes for stage IIIB  with norm params: mu=2.76, sigma=6.87, lb=-0.5769974969906748, ub=-0.02839165102452155
[2025-01-27 20:37:55,785][root][INFO] - Simulating initial volumes for stage IV  with norm params: mu=3.86, sigma=8.82, lb=-0.5741465764541877, ub=-0.14683113860980307
[2025-01-27 20:37:55,787][root][INFO] - Got correlated params for 480 patients
[2025-01-27 20:37:55,788][root][INFO] - Got correlated params for 951 patients
[2025-01-27 20:37:55,789][root][INFO] - Got correlated params for 1433 patients
[2025-01-27 20:37:55,790][root][INFO] - Simulating beta_c parameters
[2025-01-27 20:37:55,791][root][INFO] - Randomising outputs
[2025-01-27 20:38:22,189][src.data.cancer_sim.dataset][INFO] - train Dataset already processed
[2025-01-27 20:38:22,190][src.data.cancer_sim.dataset][INFO] - Processing val dataset before training
[2025-01-27 20:38:22,306][src.data.cancer_sim.dataset][INFO] - Shape of processed val data: {'cancer_volume': (1000, 60), 'chemo_dosage': (1000, 60), 'radio_dosage': (1000, 60), 'chemo_application': (1000, 60), 'radio_application': (1000, 60), 'chemo_probabilities': (1000, 60), 'radio_probabilities': (1000, 60), 'sequence_lengths': (1000,), 'death_flags': (1000, 60), 'recovery_flags': (1000, 60), 'patient_types': (1000,), 'prev_treatments': (1000, 59, 4), 'current_treatments': (1000, 59, 4), 'current_covariates': (1000, 59, 2), 'outputs': (1000, 59, 1), 'active_entries': (1000, 59, 1), 'unscaled_outputs': (1000, 59, 1), 'prev_outputs': (1000, 59, 1), 'static_features': (1000, 1)}
[2025-01-27 20:38:22,306][src.data.cancer_sim.dataset][INFO] - Processing test dataset before training
[2025-01-27 20:38:41,853][src.data.cancer_sim.dataset][INFO] - Shape of processed test data: {'cancer_volume': (202548, 60), 'chemo_application': (202548, 60), 'radio_application': (202548, 60), 'sequence_lengths': (202548,), 'patient_types': (202548,), 'prev_treatments': (202548, 59, 4), 'current_treatments': (202548, 59, 4), 'current_covariates': (202548, 59, 2), 'outputs': (202548, 59, 1), 'active_entries': (202548, 59, 1), 'unscaled_outputs': (202548, 59, 1), 'prev_outputs': (202548, 59, 1), 'static_features': (202548, 1)}
[2025-01-27 20:38:41,854][src.data.cancer_sim.dataset][INFO] - Processing test dataset before training
[2025-01-27 20:39:35,507][src.data.cancer_sim.dataset][INFO] - Shape of processed test data: {'cancer_volume': (508314, 65), 'chemo_application': (508314, 65), 'radio_application': (508314, 65), 'sequence_lengths': (508314,), 'patient_types': (508314,), 'patient_ids_all_trajectories': (508314,), 'patient_current_t': (508314,), 'prev_treatments': (508314, 64, 4), 'current_treatments': (508314, 64, 4), 'current_covariates': (508314, 64, 2), 'outputs': (508314, 64, 1), 'active_entries': (508314, 64, 1), 'unscaled_outputs': (508314, 64, 1), 'prev_outputs': (508314, 64, 1), 'static_features': (508314, 1)}
[2025-01-27 20:39:35,510][src.data.cancer_sim.dataset][INFO] - Processing test dataset before testing (multiple sequences)
[2025-01-27 20:39:42,280][src.data.cancer_sim.dataset][INFO] - Shape of processed test data: {'active_encoder_r': (508314, 59), 'prev_treatments': (508314, 5, 4), 'current_treatments': (508314, 5, 4), 'current_covariates': (508314, 5, 2), 'prev_outputs': (508314, 5, 1), 'static_features': (508314, 1), 'outputs': (508314, 5, 1), 'sequence_lengths': (508314,), 'active_entries': (508314, 5, 1), 'unscaled_outputs': (508314, 5, 1), 'patient_types': (508314,), 'patient_ids_all_trajectories': (508314,), 'patient_current_t': (508314,)}
[2025-01-27 20:39:44,631][src.models.ct][INFO] - Max input size of multi: 4
[2025-01-27 21:01:43,614][src.models.time_varying_model][INFO] - RMSE calculation for val.
[2025-01-27 21:01:43,616][src.models.time_varying_model][INFO] - Predictions for val.
[2025-01-27 21:01:44,386][__main__][INFO] - Val normalised RMSE (all): 0.612708205952628; Val normalised RMSE (orig): 0.5787689961322651
[2025-01-27 21:01:44,386][src.models.time_varying_model][INFO] - RMSE calculation for test.
[2025-01-27 21:01:44,386][src.models.time_varying_model][INFO] - Predictions for test.
[2025-01-27 21:02:00,243][__main__][INFO] - Test normalised RMSE (all): 0.8976626922663395; Test normalised RMSE (orig): 0.6289666281289641; Test normalised RMSE (only counterfactual): 0.7497785042208104
[2025-01-27 21:02:00,291][src.models.time_varying_model][INFO] - RMSE calculation for test.
[2025-01-27 21:02:00,291][src.models.ct][INFO] - Autoregressive Prediction for test.
[2025-01-27 21:02:00,294][src.models.ct][INFO] - t = 1
[2025-01-27 21:02:00,294][src.models.time_varying_model][INFO] - Predictions for test.
[2025-01-27 21:02:51,392][src.models.ct][INFO] - t = 2
[2025-01-27 21:02:51,393][src.models.time_varying_model][INFO] - Predictions for test.
[2025-01-27 21:03:42,874][src.models.ct][INFO] - t = 3
[2025-01-27 21:03:42,875][src.models.time_varying_model][INFO] - Predictions for test.
[2025-01-27 21:04:33,044][src.models.ct][INFO] - t = 4
[2025-01-27 21:04:33,045][src.models.time_varying_model][INFO] - Predictions for test.
[2025-01-27 21:05:23,753][src.models.ct][INFO] - t = 5
[2025-01-27 21:05:23,754][src.models.time_varying_model][INFO] - Predictions for test.
[2025-01-27 21:06:14,273][src.models.ct][INFO] - t = 6
[2025-01-27 21:06:14,274][src.models.time_varying_model][INFO] - Predictions for test.
[2025-01-27 21:07:05,971][__main__][INFO] - Test normalised RMSE (n-step prediction): {'2-step': 0.6097919203944406, '3-step': 0.6301288407052426, '4-step': 0.6501587936268654, '5-step': 0.6767363489899122, '6-step': 0.7049936955253604}
