[2025-01-27 03:26:59,299][__main__][INFO] - 
model:
  dim_treatments: 4
  dim_vitals: 0
  dim_static_features: 1
  dim_outcomes: 1
  name: CRN
  encoder:
    _target_: src.models.crn.CRNEncoder
    seq_hidden_units: 24
    br_size: 18
    fc_hidden_units: 36
    dropout_rate: 0.1
    num_layer: 1
    batch_size: 256
    optimizer:
      optimizer_cls: adam
      learning_rate: 0.001
      weight_decay: 0.0
      lr_scheduler: false
    tune_hparams: false
    tune_range: 50
    hparams_grid: null
    resources_per_trial: null
  train_decoder: true
  decoder:
    _target_: src.models.crn.CRNDecoder
    seq_hidden_units: null
    br_size: 24
    fc_hidden_units: 12
    dropout_rate: 0.1
    num_layer: 1
    batch_size: 1024
    optimizer:
      optimizer_cls: adam
      learning_rate: 0.001
      weight_decay: 0.0
      lr_scheduler: false
    tune_hparams: false
    tune_range: 30
    hparams_grid: null
    resources_per_trial: null
dataset:
  val_batch_size: 512
  treatment_mode: multiclass
  _target_: src.data.SyntheticCancerDatasetCollection
  name: tumor_generator
  coeff: 1.0
  chemo_coeff: 1.0
  radio_coeff: 1.0
  seed: 1
  random: true
  noise_percentage: 0.05
  num_patients:
    train: 10000
    val: 1000
    test: 1000
  window_size: 15
  lag: 0
  max_seq_length: 60
  projection_horizon: 5
  cf_seq_mode: sliding_treatment
exp:
  seed: 1
  gpus:
  - 0
  max_epochs: 120
  logging: true
  mlflow_uri: http://127.0.0.1:5000
  unscale_rmse: true
  percentage_rmse: true
  alpha: 0.01
  update_alpha: true
  alpha_rate: exp
  initial_balancing_method: grad_reverse
  final_balancing_method: subgroup
  bce_weight: false
  weights_ema: false
  beta: 0.99
  alpha_wass: 0.0001
  alpha_wass_epoch: false
  alpha_wass_growth: 0.001
  alpha_wass_max: 0.01
  balancing: grad_reverse
  balancing_switch_epoch: 99
  gap_epoch: 10
  clustering_method: GMM
  number_clusters: 2
  num_timepoints: 59
  checkpoint_dir: ./checkpoints/cancer/crn/1

[2025-01-27 03:26:59,322][root][INFO] - Simulating initial volumes for stage I  with norm params: mu=1.72, sigma=4.7, lb=-0.6221218732608373, ub=-0.023523848418276528
[2025-01-27 03:26:59,329][root][INFO] - Simulating initial volumes for stage II  with norm params: mu=1.96, sigma=1.63, lb=-1.9410876100159118, ub=0.3711345751297772
[2025-01-27 03:26:59,330][root][INFO] - Simulating initial volumes for stage IIIA  with norm params: mu=1.91, sigma=9.4, lb=-0.33127370258786554, ub=0.06967546355973796
[2025-01-27 03:26:59,331][root][INFO] - Simulating initial volumes for stage IIIB  with norm params: mu=2.76, sigma=6.87, lb=-0.5769974969906748, ub=-0.02839165102452155
[2025-01-27 03:26:59,334][root][INFO] - Simulating initial volumes for stage IV  with norm params: mu=3.86, sigma=8.82, lb=-0.5741465764541877, ub=-0.14683113860980307
[2025-01-27 03:26:59,358][root][INFO] - Got correlated params for 4549 patients
[2025-01-27 03:26:59,363][root][INFO] - Got correlated params for 9155 patients
[2025-01-27 03:26:59,367][root][INFO] - Got correlated params for 13752 patients
[2025-01-27 03:26:59,375][root][INFO] - Simulating beta_c parameters
[2025-01-27 03:26:59,380][root][INFO] - Randomising outputs
[2025-01-27 03:26:59,560][__main__][INFO] - 
model:
  dim_treatments: 4
  dim_vitals: 0
  dim_static_features: 1
  dim_outcomes: 1
  name: CRN
  encoder:
    _target_: src.models.crn.CRNEncoder
    seq_hidden_units: 24
    br_size: 18
    fc_hidden_units: 36
    dropout_rate: 0.1
    num_layer: 1
    batch_size: 128
    optimizer:
      optimizer_cls: adam
      learning_rate: 0.001
      weight_decay: 0.0
      lr_scheduler: false
    tune_hparams: false
    tune_range: 50
    hparams_grid: null
    resources_per_trial: null
  train_decoder: true
  decoder:
    _target_: src.models.crn.CRNDecoder
    seq_hidden_units: null
    br_size: 24
    fc_hidden_units: 12
    dropout_rate: 0.1
    num_layer: 1
    batch_size: 1024
    optimizer:
      optimizer_cls: adam
      learning_rate: 0.001
      weight_decay: 0.0
      lr_scheduler: false
    tune_hparams: false
    tune_range: 30
    hparams_grid: null
    resources_per_trial: null
dataset:
  val_batch_size: 512
  treatment_mode: multiclass
  _target_: src.data.SyntheticCancerDatasetCollection
  name: tumor_generator
  coeff: 1.0
  chemo_coeff: 1.0
  radio_coeff: 1.0
  seed: 10
  random: true
  noise_percentage: 0.05
  num_patients:
    train: 10000
    val: 1000
    test: 1000
  window_size: 15
  lag: 0
  max_seq_length: 60
  projection_horizon: 5
  cf_seq_mode: sliding_treatment
exp:
  seed: 10
  gpus:
  - 0
  max_epochs: 120
  logging: true
  mlflow_uri: http://127.0.0.1:5000
  unscale_rmse: true
  percentage_rmse: true
  alpha: 0.01
  update_alpha: true
  alpha_rate: exp
  initial_balancing_method: grad_reverse
  final_balancing_method: subgroup
  bce_weight: false
  weights_ema: false
  beta: 0.99
  alpha_wass: 0.001
  alpha_wass_epoch: false
  alpha_wass_growth: 0.001
  alpha_wass_max: 0.01
  balancing: grad_reverse
  balancing_switch_epoch: 99
  gap_epoch: 10
  clustering_method: GMM
  number_clusters: 2
  num_timepoints: 59
  checkpoint_dir: ./checkpoints/cancer/crn/1

[2025-01-27 03:26:59,570][root][INFO] - Simulating initial volumes for stage I  with norm params: mu=1.72, sigma=4.7, lb=-0.6221218732608373, ub=-0.023523848418276528
[2025-01-27 03:26:59,572][root][INFO] - Simulating initial volumes for stage II  with norm params: mu=1.96, sigma=1.63, lb=-1.9410876100159118, ub=0.3711345751297772
[2025-01-27 03:26:59,573][root][INFO] - Simulating initial volumes for stage IIIA  with norm params: mu=1.91, sigma=9.4, lb=-0.33127370258786554, ub=0.06967546355973796
[2025-01-27 03:26:59,574][root][INFO] - Simulating initial volumes for stage IIIB  with norm params: mu=2.76, sigma=6.87, lb=-0.5769974969906748, ub=-0.02839165102452155
[2025-01-27 03:26:59,576][root][INFO] - Simulating initial volumes for stage IV  with norm params: mu=3.86, sigma=8.82, lb=-0.5741465764541877, ub=-0.14683113860980307
[2025-01-27 03:26:59,585][root][INFO] - Got correlated params for 4658 patients
[2025-01-27 03:26:59,590][root][INFO] - Got correlated params for 9338 patients
[2025-01-27 03:26:59,595][root][INFO] - Got correlated params for 13912 patients
[2025-01-27 03:26:59,602][root][INFO] - Simulating beta_c parameters
[2025-01-27 03:26:59,607][root][INFO] - Randomising outputs
[2025-01-27 03:27:14,247][src.data.cancer_sim.dataset][INFO] - Processing train dataset before training
[2025-01-27 03:27:15,339][src.data.cancer_sim.dataset][INFO] - Shape of processed train data: {'cancer_volume': (10000, 60), 'chemo_dosage': (10000, 60), 'radio_dosage': (10000, 60), 'chemo_application': (10000, 60), 'radio_application': (10000, 60), 'chemo_probabilities': (10000, 60), 'radio_probabilities': (10000, 60), 'sequence_lengths': (10000,), 'death_flags': (10000, 60), 'recovery_flags': (10000, 60), 'patient_types': (10000,), 'prev_treatments': (10000, 59, 4), 'current_treatments': (10000, 59, 4), 'current_covariates': (10000, 59, 2), 'outputs': (10000, 59, 1), 'active_entries': (10000, 59, 1), 'unscaled_outputs': (10000, 59, 1), 'prev_outputs': (10000, 59, 1), 'static_features': (10000, 1)}
[2025-01-27 03:27:15,389][root][INFO] - Simulating initial volumes for stage I  with norm params: mu=1.72, sigma=4.7, lb=-0.6221218732608373, ub=-0.023523848418276528
[2025-01-27 03:27:15,390][root][INFO] - Simulating initial volumes for stage II  with norm params: mu=1.96, sigma=1.63, lb=-1.9410876100159118, ub=0.3711345751297772
[2025-01-27 03:27:15,391][root][INFO] - Simulating initial volumes for stage IIIA  with norm params: mu=1.91, sigma=9.4, lb=-0.33127370258786554, ub=0.06967546355973796
[2025-01-27 03:27:15,392][root][INFO] - Simulating initial volumes for stage IIIB  with norm params: mu=2.76, sigma=6.87, lb=-0.5769974969906748, ub=-0.02839165102452155
[2025-01-27 03:27:15,392][root][INFO] - Simulating initial volumes for stage IV  with norm params: mu=3.86, sigma=8.82, lb=-0.5741465764541877, ub=-0.14683113860980307
[2025-01-27 03:27:15,394][root][INFO] - Got correlated params for 455 patients
[2025-01-27 03:27:15,395][root][INFO] - Got correlated params for 905 patients
[2025-01-27 03:27:15,396][root][INFO] - Got correlated params for 1366 patients
[2025-01-27 03:27:15,397][root][INFO] - Simulating beta_c parameters
[2025-01-27 03:27:15,398][root][INFO] - Randomising outputs
[2025-01-27 03:27:15,968][src.data.cancer_sim.dataset][INFO] - Processing train dataset before training
[2025-01-27 03:27:16,832][root][INFO] - Simulating initial volumes for stage I  with norm params: mu=1.72, sigma=4.7, lb=-0.6221218732608373, ub=-0.023523848418276528
[2025-01-27 03:27:16,833][root][INFO] - Simulating initial volumes for stage II  with norm params: mu=1.96, sigma=1.63, lb=-1.9410876100159118, ub=0.3711345751297772
[2025-01-27 03:27:16,833][root][INFO] - Simulating initial volumes for stage IIIA  with norm params: mu=1.91, sigma=9.4, lb=-0.33127370258786554, ub=0.06967546355973796
[2025-01-27 03:27:16,834][root][INFO] - Simulating initial volumes for stage IIIB  with norm params: mu=2.76, sigma=6.87, lb=-0.5769974969906748, ub=-0.02839165102452155
[2025-01-27 03:27:16,834][root][INFO] - Simulating initial volumes for stage IV  with norm params: mu=3.86, sigma=8.82, lb=-0.5741465764541877, ub=-0.14683113860980307
[2025-01-27 03:27:16,836][root][INFO] - Got correlated params for 493 patients
[2025-01-27 03:27:16,837][root][INFO] - Got correlated params for 947 patients
[2025-01-27 03:27:16,838][root][INFO] - Got correlated params for 1403 patients
[2025-01-27 03:27:16,839][root][INFO] - Simulating beta_c parameters
[2025-01-27 03:27:16,840][root][INFO] - Randomising outputs
[2025-01-27 03:27:17,055][src.data.cancer_sim.dataset][INFO] - Shape of processed train data: {'cancer_volume': (10000, 60), 'chemo_dosage': (10000, 60), 'radio_dosage': (10000, 60), 'chemo_application': (10000, 60), 'radio_application': (10000, 60), 'chemo_probabilities': (10000, 60), 'radio_probabilities': (10000, 60), 'sequence_lengths': (10000,), 'death_flags': (10000, 60), 'recovery_flags': (10000, 60), 'patient_types': (10000,), 'prev_treatments': (10000, 59, 4), 'current_treatments': (10000, 59, 4), 'current_covariates': (10000, 59, 2), 'outputs': (10000, 59, 1), 'active_entries': (10000, 59, 1), 'unscaled_outputs': (10000, 59, 1), 'prev_outputs': (10000, 59, 1), 'static_features': (10000, 1)}
[2025-01-27 03:27:17,117][root][INFO] - Simulating initial volumes for stage I  with norm params: mu=1.72, sigma=4.7, lb=-0.6221218732608373, ub=-0.023523848418276528
[2025-01-27 03:27:17,118][root][INFO] - Simulating initial volumes for stage II  with norm params: mu=1.96, sigma=1.63, lb=-1.9410876100159118, ub=0.3711345751297772
[2025-01-27 03:27:17,119][root][INFO] - Simulating initial volumes for stage IIIA  with norm params: mu=1.91, sigma=9.4, lb=-0.33127370258786554, ub=0.06967546355973796
[2025-01-27 03:27:17,120][root][INFO] - Simulating initial volumes for stage IIIB  with norm params: mu=2.76, sigma=6.87, lb=-0.5769974969906748, ub=-0.02839165102452155
[2025-01-27 03:27:17,120][root][INFO] - Simulating initial volumes for stage IV  with norm params: mu=3.86, sigma=8.82, lb=-0.5741465764541877, ub=-0.14683113860980307
[2025-01-27 03:27:17,122][root][INFO] - Got correlated params for 456 patients
[2025-01-27 03:27:17,123][root][INFO] - Got correlated params for 910 patients
[2025-01-27 03:27:17,124][root][INFO] - Got correlated params for 1360 patients
[2025-01-27 03:27:17,125][root][INFO] - Simulating beta_c parameters
[2025-01-27 03:27:17,126][root][INFO] - Randomising outputs
[2025-01-27 03:27:18,725][root][INFO] - Simulating initial volumes for stage I  with norm params: mu=1.72, sigma=4.7, lb=-0.6221218732608373, ub=-0.023523848418276528
[2025-01-27 03:27:18,726][root][INFO] - Simulating initial volumes for stage II  with norm params: mu=1.96, sigma=1.63, lb=-1.9410876100159118, ub=0.3711345751297772
[2025-01-27 03:27:18,726][root][INFO] - Simulating initial volumes for stage IIIA  with norm params: mu=1.91, sigma=9.4, lb=-0.33127370258786554, ub=0.06967546355973796
[2025-01-27 03:27:18,727][root][INFO] - Simulating initial volumes for stage IIIB  with norm params: mu=2.76, sigma=6.87, lb=-0.5769974969906748, ub=-0.02839165102452155
[2025-01-27 03:27:18,728][root][INFO] - Simulating initial volumes for stage IV  with norm params: mu=3.86, sigma=8.82, lb=-0.5741465764541877, ub=-0.14683113860980307
[2025-01-27 03:27:18,729][root][INFO] - Got correlated params for 442 patients
[2025-01-27 03:27:18,730][root][INFO] - Got correlated params for 883 patients
[2025-01-27 03:27:18,731][root][INFO] - Got correlated params for 1360 patients
[2025-01-27 03:27:18,732][root][INFO] - Simulating beta_c parameters
[2025-01-27 03:27:18,733][root][INFO] - Randomising outputs
[2025-01-27 03:27:22,007][root][INFO] - Simulating initial volumes for stage I  with norm params: mu=1.72, sigma=4.7, lb=-0.6221218732608373, ub=-0.023523848418276528
[2025-01-27 03:27:22,008][root][INFO] - Simulating initial volumes for stage II  with norm params: mu=1.96, sigma=1.63, lb=-1.9410876100159118, ub=0.3711345751297772
[2025-01-27 03:27:22,009][root][INFO] - Simulating initial volumes for stage IIIA  with norm params: mu=1.91, sigma=9.4, lb=-0.33127370258786554, ub=0.06967546355973796
[2025-01-27 03:27:22,009][root][INFO] - Simulating initial volumes for stage IIIB  with norm params: mu=2.76, sigma=6.87, lb=-0.5769974969906748, ub=-0.02839165102452155
[2025-01-27 03:27:22,010][root][INFO] - Simulating initial volumes for stage IV  with norm params: mu=3.86, sigma=8.82, lb=-0.5741465764541877, ub=-0.14683113860980307
[2025-01-27 03:27:22,012][root][INFO] - Got correlated params for 445 patients
[2025-01-27 03:27:22,013][root][INFO] - Got correlated params for 895 patients
[2025-01-27 03:27:22,014][root][INFO] - Got correlated params for 1355 patients
[2025-01-27 03:27:22,015][root][INFO] - Simulating beta_c parameters
[2025-01-27 03:27:22,016][root][INFO] - Randomising outputs
[2025-01-27 03:27:24,641][root][INFO] - Simulating initial volumes for stage I  with norm params: mu=1.72, sigma=4.7, lb=-0.6221218732608373, ub=-0.023523848418276528
[2025-01-27 03:27:24,643][root][INFO] - Simulating initial volumes for stage II  with norm params: mu=1.96, sigma=1.63, lb=-1.9410876100159118, ub=0.3711345751297772
[2025-01-27 03:27:24,644][root][INFO] - Simulating initial volumes for stage IIIA  with norm params: mu=1.91, sigma=9.4, lb=-0.33127370258786554, ub=0.06967546355973796
[2025-01-27 03:27:24,644][root][INFO] - Simulating initial volumes for stage IIIB  with norm params: mu=2.76, sigma=6.87, lb=-0.5769974969906748, ub=-0.02839165102452155
[2025-01-27 03:27:24,645][root][INFO] - Simulating initial volumes for stage IV  with norm params: mu=3.86, sigma=8.82, lb=-0.5741465764541877, ub=-0.14683113860980307
[2025-01-27 03:27:24,647][root][INFO] - Got correlated params for 469 patients
[2025-01-27 03:27:24,648][root][INFO] - Got correlated params for 918 patients
[2025-01-27 03:27:24,649][root][INFO] - Got correlated params for 1382 patients
[2025-01-27 03:27:24,650][root][INFO] - Simulating beta_c parameters
[2025-01-27 03:27:24,651][root][INFO] - Randomising outputs
[2025-01-27 03:27:46,851][src.data.cancer_sim.dataset][INFO] - train Dataset already processed
[2025-01-27 03:27:46,851][src.data.cancer_sim.dataset][INFO] - Processing val dataset before training
[2025-01-27 03:27:46,960][src.data.cancer_sim.dataset][INFO] - Shape of processed val data: {'cancer_volume': (1000, 60), 'chemo_dosage': (1000, 60), 'radio_dosage': (1000, 60), 'chemo_application': (1000, 60), 'radio_application': (1000, 60), 'chemo_probabilities': (1000, 60), 'radio_probabilities': (1000, 60), 'sequence_lengths': (1000,), 'death_flags': (1000, 60), 'recovery_flags': (1000, 60), 'patient_types': (1000,), 'prev_treatments': (1000, 59, 4), 'current_treatments': (1000, 59, 4), 'current_covariates': (1000, 59, 2), 'outputs': (1000, 59, 1), 'active_entries': (1000, 59, 1), 'unscaled_outputs': (1000, 59, 1), 'prev_outputs': (1000, 59, 1), 'static_features': (1000, 1)}
[2025-01-27 03:27:46,960][src.data.cancer_sim.dataset][INFO] - Processing test dataset before training
[2025-01-27 03:27:51,487][src.data.cancer_sim.dataset][INFO] - train Dataset already processed
[2025-01-27 03:27:51,487][src.data.cancer_sim.dataset][INFO] - Processing val dataset before training
[2025-01-27 03:27:51,596][src.data.cancer_sim.dataset][INFO] - Shape of processed val data: {'cancer_volume': (1000, 60), 'chemo_dosage': (1000, 60), 'radio_dosage': (1000, 60), 'chemo_application': (1000, 60), 'radio_application': (1000, 60), 'chemo_probabilities': (1000, 60), 'radio_probabilities': (1000, 60), 'sequence_lengths': (1000,), 'death_flags': (1000, 60), 'recovery_flags': (1000, 60), 'patient_types': (1000,), 'prev_treatments': (1000, 59, 4), 'current_treatments': (1000, 59, 4), 'current_covariates': (1000, 59, 2), 'outputs': (1000, 59, 1), 'active_entries': (1000, 59, 1), 'unscaled_outputs': (1000, 59, 1), 'prev_outputs': (1000, 59, 1), 'static_features': (1000, 1)}
[2025-01-27 03:27:51,596][src.data.cancer_sim.dataset][INFO] - Processing test dataset before training
[2025-01-27 03:28:07,822][src.data.cancer_sim.dataset][INFO] - Shape of processed test data: {'cancer_volume': (216208, 60), 'chemo_application': (216208, 60), 'radio_application': (216208, 60), 'sequence_lengths': (216208,), 'patient_types': (216208,), 'prev_treatments': (216208, 59, 4), 'current_treatments': (216208, 59, 4), 'current_covariates': (216208, 59, 2), 'outputs': (216208, 59, 1), 'active_entries': (216208, 59, 1), 'unscaled_outputs': (216208, 59, 1), 'prev_outputs': (216208, 59, 1), 'static_features': (216208, 1)}
[2025-01-27 03:28:08,389][src.models.crn][INFO] - Input size of encoder: 6
[2025-01-27 03:28:12,488][src.data.cancer_sim.dataset][INFO] - Shape of processed test data: {'cancer_volume': (219196, 60), 'chemo_application': (219196, 60), 'radio_application': (219196, 60), 'sequence_lengths': (219196,), 'patient_types': (219196,), 'prev_treatments': (219196, 59, 4), 'current_treatments': (219196, 59, 4), 'current_covariates': (219196, 59, 2), 'outputs': (219196, 59, 1), 'active_entries': (219196, 59, 1), 'unscaled_outputs': (219196, 59, 1), 'prev_outputs': (219196, 59, 1), 'static_features': (219196, 1)}
[2025-01-27 03:28:12,930][src.models.crn][INFO] - Input size of encoder: 6
[2025-01-27 03:42:35,954][src.models.time_varying_model][INFO] - RMSE calculation for val.
[2025-01-27 03:42:35,955][src.models.time_varying_model][INFO] - Predictions for val.
[2025-01-27 03:42:36,487][__main__][INFO] - Val normalised RMSE (all): 0.6788187997440532; Val normalised RMSE (orig): 0.6557007094448469
[2025-01-27 03:42:36,488][src.models.time_varying_model][INFO] - RMSE calculation for test.
[2025-01-27 03:42:36,488][src.models.time_varying_model][INFO] - Predictions for test.
[2025-01-27 03:42:51,889][__main__][INFO] - Test normalised RMSE (all): 0.732897578634053; Test normalised RMSE (orig): 0.5223957015073724; Test normalised RMSE (only counterfactual): 0.6624387379427705
[2025-01-27 03:42:51,946][src.models.crn][INFO] - Input size of decoder: 6
[2025-01-27 03:42:51,965][src.data.cancer_sim.dataset][INFO] - train Dataset already processed
[2025-01-27 03:42:51,966][src.data.cancer_sim.dataset][INFO] - val Dataset already processed
[2025-01-27 03:42:51,966][src.data.cancer_sim.dataset][INFO] - Processing test dataset before training
[2025-01-27 03:43:47,411][src.data.cancer_sim.dataset][INFO] - Shape of processed test data: {'cancer_volume': (539248, 65), 'chemo_application': (539248, 65), 'radio_application': (539248, 65), 'sequence_lengths': (539248,), 'patient_types': (539248,), 'patient_ids_all_trajectories': (539248,), 'patient_current_t': (539248,), 'prev_treatments': (539248, 64, 4), 'current_treatments': (539248, 64, 4), 'current_covariates': (539248, 64, 2), 'outputs': (539248, 64, 1), 'active_entries': (539248, 64, 1), 'unscaled_outputs': (539248, 64, 1), 'prev_outputs': (539248, 64, 1), 'static_features': (539248, 1)}
[2025-01-27 03:43:47,414][src.models.time_varying_model][INFO] - Balanced representations inference for train.
[2025-01-27 03:43:48,875][src.models.time_varying_model][INFO] - Balanced representations inference for val.
[2025-01-27 03:43:49,242][src.models.time_varying_model][INFO] - RMSE calculation for val.
[2025-01-27 03:43:49,242][src.models.time_varying_model][INFO] - Predictions for val.
[2025-01-27 03:43:49,498][src.models.time_varying_model][INFO] - Balanced representations inference for test.
[2025-01-27 03:43:49,792][__main__][INFO] - Val normalised RMSE (all): 0.629546455184696; Val normalised RMSE (orig): 0.612812970421287
[2025-01-27 03:43:49,792][src.models.time_varying_model][INFO] - RMSE calculation for test.
[2025-01-27 03:43:49,792][src.models.time_varying_model][INFO] - Predictions for test.
[2025-01-27 03:44:03,071][__main__][INFO] - Test normalised RMSE (all): 0.7463191184456827; Test normalised RMSE (orig): 0.531205576453609; Test normalised RMSE (only counterfactual): 0.7119644453175844
[2025-01-27 03:44:03,133][src.models.crn][INFO] - Input size of decoder: 6
[2025-01-27 03:44:03,153][src.data.cancer_sim.dataset][INFO] - train Dataset already processed
[2025-01-27 03:44:03,153][src.data.cancer_sim.dataset][INFO] - val Dataset already processed
[2025-01-27 03:44:03,153][src.data.cancer_sim.dataset][INFO] - Processing test dataset before training
[2025-01-27 03:44:26,323][src.models.time_varying_model][INFO] - Predictions for test.
[2025-01-27 03:44:59,669][src.data.cancer_sim.dataset][INFO] - Shape of processed test data: {'cancer_volume': (548326, 65), 'chemo_application': (548326, 65), 'radio_application': (548326, 65), 'sequence_lengths': (548326,), 'patient_types': (548326,), 'patient_ids_all_trajectories': (548326,), 'patient_current_t': (548326,), 'prev_treatments': (548326, 64, 4), 'current_treatments': (548326, 64, 4), 'current_covariates': (548326, 64, 2), 'outputs': (548326, 64, 1), 'active_entries': (548326, 64, 1), 'unscaled_outputs': (548326, 64, 1), 'prev_outputs': (548326, 64, 1), 'static_features': (548326, 1)}
[2025-01-27 03:44:59,672][src.models.time_varying_model][INFO] - Balanced representations inference for train.
[2025-01-27 03:45:02,234][src.models.time_varying_model][INFO] - Balanced representations inference for val.
[2025-01-27 03:45:03,403][src.models.time_varying_model][INFO] - Balanced representations inference for test.
[2025-01-27 03:45:05,950][src.data.cancer_sim.dataset][INFO] - Processing train dataset before training (multiple sequences)
[2025-01-27 03:45:08,673][src.data.cancer_sim.dataset][INFO] - Shape of processed train data: {'init_state': (487393, 18), 'original_index': (487393,), 'active_encoder_r': (487393, 59), 'prev_treatments': (487393, 5, 4), 'current_treatments': (487393, 5, 4), 'current_covariates': (487393, 5, 2), 'prev_outputs': (487393, 5, 1), 'static_features': (487393, 1), 'outputs': (487393, 5, 1), 'sequence_lengths': (487393,), 'active_entries': (487393, 5, 1), 'unscaled_outputs': (487393, 5, 1)}
[2025-01-27 03:45:08,675][src.data.cancer_sim.dataset][INFO] - Processing val dataset before training (multiple sequences)
[2025-01-27 03:45:08,941][src.data.cancer_sim.dataset][INFO] - Shape of processed val data: {'init_state': (48649, 18), 'original_index': (48649,), 'active_encoder_r': (48649, 59), 'prev_treatments': (48649, 5, 4), 'current_treatments': (48649, 5, 4), 'current_covariates': (48649, 5, 2), 'prev_outputs': (48649, 5, 1), 'static_features': (48649, 1), 'outputs': (48649, 5, 1), 'sequence_lengths': (48649,), 'active_entries': (48649, 5, 1), 'unscaled_outputs': (48649, 5, 1)}
[2025-01-27 03:45:08,941][src.data.cancer_sim.dataset][INFO] - Processing test dataset before testing (multiple sequences)
[2025-01-27 03:45:17,098][src.data.cancer_sim.dataset][INFO] - Shape of processed test data: {'active_encoder_r': (539248, 59), 'prev_treatments': (539248, 5, 4), 'current_treatments': (539248, 5, 4), 'current_covariates': (539248, 5, 2), 'prev_outputs': (539248, 5, 1), 'static_features': (539248, 1), 'outputs': (539248, 5, 1), 'sequence_lengths': (539248,), 'active_entries': (539248, 5, 1), 'unscaled_outputs': (539248, 5, 1), 'patient_types': (539248,), 'patient_ids_all_trajectories': (539248,), 'patient_current_t': (539248,), 'init_state': (539248, 18)}
[2025-01-27 03:45:17,156][src.data.cancer_sim.dataset][INFO] - Processing test dataset before testing (autoregressive)
[2025-01-27 03:45:21,258][src.data.cancer_sim.dataset][INFO] - Shape of processed test data: {'current_covariates': (539248, 5, 2), 'prev_treatments': (539248, 5, 4), 'current_treatments': (539248, 5, 4), 'init_state': (539248, 18), 'active_encoder_r': (539248, 59), 'active_entries': (539248, 5, 1), 'prev_outputs': (539248, 5, 1), 'static_features': (539248, 1)}
[2025-01-27 03:45:36,426][src.models.time_varying_model][INFO] - Predictions for test.
[2025-01-27 03:46:10,544][src.data.cancer_sim.dataset][INFO] - Processing train dataset before training (multiple sequences)
[2025-01-27 03:46:13,230][src.data.cancer_sim.dataset][INFO] - Shape of processed train data: {'init_state': (489999, 18), 'original_index': (489999,), 'active_encoder_r': (489999, 59), 'prev_treatments': (489999, 5, 4), 'current_treatments': (489999, 5, 4), 'current_covariates': (489999, 5, 2), 'prev_outputs': (489999, 5, 1), 'static_features': (489999, 1), 'outputs': (489999, 5, 1), 'sequence_lengths': (489999,), 'active_entries': (489999, 5, 1), 'unscaled_outputs': (489999, 5, 1)}
[2025-01-27 03:46:13,232][src.data.cancer_sim.dataset][INFO] - Processing val dataset before training (multiple sequences)
[2025-01-27 03:46:13,503][src.data.cancer_sim.dataset][INFO] - Shape of processed val data: {'init_state': (49683, 18), 'original_index': (49683,), 'active_encoder_r': (49683, 59), 'prev_treatments': (49683, 5, 4), 'current_treatments': (49683, 5, 4), 'current_covariates': (49683, 5, 2), 'prev_outputs': (49683, 5, 1), 'static_features': (49683, 1), 'outputs': (49683, 5, 1), 'sequence_lengths': (49683,), 'active_entries': (49683, 5, 1), 'unscaled_outputs': (49683, 5, 1)}
[2025-01-27 03:46:13,503][src.data.cancer_sim.dataset][INFO] - Processing test dataset before testing (multiple sequences)
[2025-01-27 03:46:20,696][src.data.cancer_sim.dataset][INFO] - Shape of processed test data: {'active_encoder_r': (548326, 59), 'prev_treatments': (548326, 5, 4), 'current_treatments': (548326, 5, 4), 'current_covariates': (548326, 5, 2), 'prev_outputs': (548326, 5, 1), 'static_features': (548326, 1), 'outputs': (548326, 5, 1), 'sequence_lengths': (548326,), 'active_entries': (548326, 5, 1), 'unscaled_outputs': (548326, 5, 1), 'patient_types': (548326,), 'patient_ids_all_trajectories': (548326,), 'patient_current_t': (548326,), 'init_state': (548326, 18)}
[2025-01-27 03:46:20,756][src.data.cancer_sim.dataset][INFO] - Processing test dataset before testing (autoregressive)
[2025-01-27 03:46:24,641][src.data.cancer_sim.dataset][INFO] - Shape of processed test data: {'current_covariates': (548326, 5, 2), 'prev_treatments': (548326, 5, 4), 'current_treatments': (548326, 5, 4), 'init_state': (548326, 18), 'active_encoder_r': (548326, 59), 'active_entries': (548326, 5, 1), 'prev_outputs': (548326, 5, 1), 'static_features': (548326, 1)}
[2025-01-27 03:54:05,202][src.models.time_varying_model][INFO] - RMSE calculation for val.
[2025-01-27 03:54:05,204][src.models.time_varying_model][INFO] - Predictions for val.
[2025-01-27 03:54:07,331][__main__][INFO] - Val normalised RMSE (all): 0.3693894041420072; Val normalised RMSE (orig): 0.3693894041420079
[2025-01-27 03:54:07,332][src.models.time_varying_model][INFO] - RMSE calculation for test.
[2025-01-27 03:54:07,332][src.models.time_varying_model][INFO] - Autoregressive Prediction for test.
[2025-01-27 03:54:07,343][src.models.time_varying_model][INFO] - t = 2
[2025-01-27 03:54:07,344][src.models.time_varying_model][INFO] - Predictions for test.
[2025-01-27 03:54:22,321][src.models.time_varying_model][INFO] - t = 3
[2025-01-27 03:54:22,322][src.models.time_varying_model][INFO] - Predictions for test.
[2025-01-27 03:54:37,301][src.models.time_varying_model][INFO] - t = 4
[2025-01-27 03:54:37,302][src.models.time_varying_model][INFO] - Predictions for test.
[2025-01-27 03:54:52,870][src.models.time_varying_model][INFO] - t = 5
[2025-01-27 03:54:52,870][src.models.time_varying_model][INFO] - Predictions for test.
[2025-01-27 03:55:08,969][src.models.time_varying_model][INFO] - t = 6
[2025-01-27 03:55:08,970][src.models.time_varying_model][INFO] - Predictions for test.
[2025-01-27 03:55:25,434][__main__][INFO] - Test normalised RMSE (n-step prediction): {'2-step': 0.6939798258412688, '3-step': 0.7118578559280812, '4-step': 0.743375824086119, '5-step': 0.7750056131526755, '6-step': 0.7982976610480009}
[2025-01-27 04:41:05,299][src.models.time_varying_model][INFO] - RMSE calculation for val.
[2025-01-27 04:41:05,300][src.models.time_varying_model][INFO] - Predictions for val.
[2025-01-27 04:41:07,696][__main__][INFO] - Val normalised RMSE (all): 0.34946825262078846; Val normalised RMSE (orig): 0.3494682526207907
[2025-01-27 04:41:07,697][src.models.time_varying_model][INFO] - RMSE calculation for test.
[2025-01-27 04:41:07,697][src.models.time_varying_model][INFO] - Autoregressive Prediction for test.
[2025-01-27 04:41:07,708][src.models.time_varying_model][INFO] - t = 2
[2025-01-27 04:41:07,709][src.models.time_varying_model][INFO] - Predictions for test.
[2025-01-27 04:41:25,634][src.models.time_varying_model][INFO] - t = 3
[2025-01-27 04:41:25,634][src.models.time_varying_model][INFO] - Predictions for test.
[2025-01-27 04:41:43,828][src.models.time_varying_model][INFO] - t = 4
[2025-01-27 04:41:43,828][src.models.time_varying_model][INFO] - Predictions for test.
[2025-01-27 04:42:01,925][src.models.time_varying_model][INFO] - t = 5
[2025-01-27 04:42:01,926][src.models.time_varying_model][INFO] - Predictions for test.
[2025-01-27 04:42:20,057][src.models.time_varying_model][INFO] - t = 6
[2025-01-27 04:42:20,058][src.models.time_varying_model][INFO] - Predictions for test.
[2025-01-27 04:42:39,751][__main__][INFO] - Test normalised RMSE (n-step prediction): {'2-step': 0.7578998916966946, '3-step': 0.7953482012794071, '4-step': 0.8392429696232773, '5-step': 0.8852663331984021, '6-step': 0.9653892847539888}
