[2025-01-27 23:15:17,863][__main__][INFO] - 
model:
  dim_treatments: 4
  dim_vitals: 0
  dim_static_features: 1
  dim_outcomes: 1
  name: CT
  multi:
    _target_: src.models.ct.CT
    max_seq_length: 65
    seq_hidden_units: 12
    br_size: 16
    fc_hidden_units: 48
    dropout_rate: 0.1
    num_layer: 1
    num_heads: 2
    max_grad_norm: null
    batch_size: 1024
    attn_dropout: true
    disable_cross_attention: false
    isolate_subnetwork: _
    self_positional_encoding:
      absolute: false
      trainable: true
      max_relative_position: 15
    optimizer:
      optimizer_cls: adam
      learning_rate: 0.02
      weight_decay: 0.0
      lr_scheduler: false
    augment_with_masked_vitals: true
    tune_hparams: false
    tune_range: 50
    hparams_grid: null
    resources_per_trial: null
  self_positional_encoding:
    max_relative_position: 15
dataset:
  val_batch_size: 512
  treatment_mode: multiclass
  _target_: src.data.SyntheticCancerDatasetCollection
  name: tumor_generator
  coeff: 6.0
  chemo_coeff: 6.0
  radio_coeff: 6.0
  seed: 101
  random: false
  noise_percentage: 0.0
  num_patients:
    train: 10000
    val: 1000
    test: 1000
  window_size: 15
  lag: 0
  max_seq_length: 60
  projection_horizon: 5
  cf_seq_mode: sliding_treatment
exp:
  seed: 101
  gpus:
  - 0
  max_epochs: 80
  logging: true
  mlflow_uri: http://127.0.0.1:5000
  unscale_rmse: true
  percentage_rmse: true
  alpha: 0.01
  update_alpha: true
  alpha_rate: exp
  initial_balancing_method: domain_confusion
  final_balancing_method: subgroup
  bce_weight: false
  weights_ema: true
  beta: 0.99
  alpha_wass: 0.0001
  alpha_wass_epoch: false
  alpha_wass_growth: 0.001
  alpha_wass_max: 0.01
  balancing_switch_epoch: 49
  clustering_method: GMM
  number_clusters: 2
  num_timepoints: 59
  gap_epoch: 5
  checkpoint_dir: ./checkpoints/cancer/ct/SGA/6

[2025-01-27 23:15:17,889][root][INFO] - Simulating initial volumes for stage I  with norm params: mu=1.72, sigma=4.7, lb=-0.6221218732608373, ub=-0.023523848418276528
[2025-01-27 23:15:17,897][root][INFO] - Simulating initial volumes for stage II  with norm params: mu=1.96, sigma=1.63, lb=-1.9410876100159118, ub=0.3711345751297772
[2025-01-27 23:15:17,898][root][INFO] - Simulating initial volumes for stage IIIA  with norm params: mu=1.91, sigma=9.4, lb=-0.33127370258786554, ub=0.06967546355973796
[2025-01-27 23:15:17,899][root][INFO] - Simulating initial volumes for stage IIIB  with norm params: mu=2.76, sigma=6.87, lb=-0.5769974969906748, ub=-0.02839165102452155
[2025-01-27 23:15:17,901][root][INFO] - Simulating initial volumes for stage IV  with norm params: mu=3.86, sigma=8.82, lb=-0.5741465764541877, ub=-0.14683113860980307
[2025-01-27 23:15:17,927][root][INFO] - Got correlated params for 4645 patients
[2025-01-27 23:15:17,932][root][INFO] - Got correlated params for 9125 patients
[2025-01-27 23:15:17,936][root][INFO] - Got correlated params for 13736 patients
[2025-01-27 23:15:17,945][root][INFO] - Simulating beta_c parameters
[2025-01-27 23:15:17,950][root][INFO] - Randomising outputs
[2025-01-27 23:15:35,621][root][INFO] - Simulating initial volumes for stage I  with norm params: mu=1.72, sigma=4.7, lb=-0.6221218732608373, ub=-0.023523848418276528
[2025-01-27 23:15:35,624][root][INFO] - Simulating initial volumes for stage II  with norm params: mu=1.96, sigma=1.63, lb=-1.9410876100159118, ub=0.3711345751297772
[2025-01-27 23:15:35,625][root][INFO] - Simulating initial volumes for stage IIIA  with norm params: mu=1.91, sigma=9.4, lb=-0.33127370258786554, ub=0.06967546355973796
[2025-01-27 23:15:35,625][root][INFO] - Simulating initial volumes for stage IIIB  with norm params: mu=2.76, sigma=6.87, lb=-0.5769974969906748, ub=-0.02839165102452155
[2025-01-27 23:15:35,626][root][INFO] - Simulating initial volumes for stage IV  with norm params: mu=3.86, sigma=8.82, lb=-0.5741465764541877, ub=-0.14683113860980307
[2025-01-27 23:15:35,628][root][INFO] - Got correlated params for 438 patients
[2025-01-27 23:15:35,629][root][INFO] - Got correlated params for 895 patients
[2025-01-27 23:15:35,630][root][INFO] - Got correlated params for 1361 patients
[2025-01-27 23:15:35,631][root][INFO] - Simulating beta_c parameters
[2025-01-27 23:15:35,632][root][INFO] - Randomising outputs
[2025-01-27 23:15:37,413][root][INFO] - Simulating initial volumes for stage I  with norm params: mu=1.72, sigma=4.7, lb=-0.6221218732608373, ub=-0.023523848418276528
[2025-01-27 23:15:37,415][root][INFO] - Simulating initial volumes for stage II  with norm params: mu=1.96, sigma=1.63, lb=-1.9410876100159118, ub=0.3711345751297772
[2025-01-27 23:15:37,415][root][INFO] - Simulating initial volumes for stage IIIA  with norm params: mu=1.91, sigma=9.4, lb=-0.33127370258786554, ub=0.06967546355973796
[2025-01-27 23:15:37,416][root][INFO] - Simulating initial volumes for stage IIIB  with norm params: mu=2.76, sigma=6.87, lb=-0.5769974969906748, ub=-0.02839165102452155
[2025-01-27 23:15:37,417][root][INFO] - Simulating initial volumes for stage IV  with norm params: mu=3.86, sigma=8.82, lb=-0.5741465764541877, ub=-0.14683113860980307
[2025-01-27 23:15:37,419][root][INFO] - Got correlated params for 448 patients
[2025-01-27 23:15:37,420][root][INFO] - Got correlated params for 913 patients
[2025-01-27 23:15:37,421][root][INFO] - Got correlated params for 1384 patients
[2025-01-27 23:15:37,422][root][INFO] - Simulating beta_c parameters
[2025-01-27 23:15:37,423][root][INFO] - Randomising outputs
[2025-01-27 23:15:43,802][root][INFO] - Simulating initial volumes for stage I  with norm params: mu=1.72, sigma=4.7, lb=-0.6221218732608373, ub=-0.023523848418276528
[2025-01-27 23:15:43,803][root][INFO] - Simulating initial volumes for stage II  with norm params: mu=1.96, sigma=1.63, lb=-1.9410876100159118, ub=0.3711345751297772
[2025-01-27 23:15:43,804][root][INFO] - Simulating initial volumes for stage IIIA  with norm params: mu=1.91, sigma=9.4, lb=-0.33127370258786554, ub=0.06967546355973796
[2025-01-27 23:15:43,805][root][INFO] - Simulating initial volumes for stage IIIB  with norm params: mu=2.76, sigma=6.87, lb=-0.5769974969906748, ub=-0.02839165102452155
[2025-01-27 23:15:43,805][root][INFO] - Simulating initial volumes for stage IV  with norm params: mu=3.86, sigma=8.82, lb=-0.5741465764541877, ub=-0.14683113860980307
[2025-01-27 23:15:43,807][root][INFO] - Got correlated params for 469 patients
[2025-01-27 23:15:43,808][root][INFO] - Got correlated params for 898 patients
[2025-01-27 23:15:43,809][root][INFO] - Got correlated params for 1364 patients
[2025-01-27 23:15:43,810][root][INFO] - Simulating beta_c parameters
[2025-01-27 23:15:43,811][root][INFO] - Randomising outputs
[2025-01-27 23:16:12,821][src.data.cancer_sim.dataset][INFO] - Processing train dataset before training
[2025-01-27 23:16:13,702][src.data.cancer_sim.dataset][INFO] - Shape of processed train data: {'cancer_volume': (10000, 60), 'chemo_dosage': (10000, 60), 'radio_dosage': (10000, 60), 'chemo_application': (10000, 60), 'radio_application': (10000, 60), 'chemo_probabilities': (10000, 60), 'radio_probabilities': (10000, 60), 'sequence_lengths': (10000,), 'death_flags': (10000, 60), 'recovery_flags': (10000, 60), 'patient_types': (10000,), 'prev_treatments': (10000, 59, 4), 'current_treatments': (10000, 59, 4), 'current_covariates': (10000, 59, 2), 'outputs': (10000, 59, 1), 'active_entries': (10000, 59, 1), 'unscaled_outputs': (10000, 59, 1), 'prev_outputs': (10000, 59, 1), 'static_features': (10000, 1)}
[2025-01-27 23:16:13,703][src.data.cancer_sim.dataset][INFO] - Processing val dataset before training
[2025-01-27 23:16:13,791][src.data.cancer_sim.dataset][INFO] - Shape of processed val data: {'cancer_volume': (1000, 60), 'chemo_dosage': (1000, 60), 'radio_dosage': (1000, 60), 'chemo_application': (1000, 60), 'radio_application': (1000, 60), 'chemo_probabilities': (1000, 60), 'radio_probabilities': (1000, 60), 'sequence_lengths': (1000,), 'death_flags': (1000, 60), 'recovery_flags': (1000, 60), 'patient_types': (1000,), 'prev_treatments': (1000, 59, 4), 'current_treatments': (1000, 59, 4), 'current_covariates': (1000, 59, 2), 'outputs': (1000, 59, 1), 'active_entries': (1000, 59, 1), 'unscaled_outputs': (1000, 59, 1), 'prev_outputs': (1000, 59, 1), 'static_features': (1000, 1)}
[2025-01-27 23:16:13,792][src.data.cancer_sim.dataset][INFO] - Processing test dataset before training
[2025-01-27 23:16:32,690][src.data.cancer_sim.dataset][INFO] - Shape of processed test data: {'cancer_volume': (229084, 60), 'chemo_application': (229084, 60), 'radio_application': (229084, 60), 'sequence_lengths': (229084,), 'patient_types': (229084,), 'prev_treatments': (229084, 59, 4), 'current_treatments': (229084, 59, 4), 'current_covariates': (229084, 59, 2), 'outputs': (229084, 59, 1), 'active_entries': (229084, 59, 1), 'unscaled_outputs': (229084, 59, 1), 'prev_outputs': (229084, 59, 1), 'static_features': (229084, 1)}
[2025-01-27 23:16:32,691][src.data.cancer_sim.dataset][INFO] - Processing test dataset before training
[2025-01-27 23:17:25,742][src.data.cancer_sim.dataset][INFO] - Shape of processed test data: {'cancer_volume': (565032, 65), 'chemo_application': (565032, 65), 'radio_application': (565032, 65), 'sequence_lengths': (565032,), 'patient_types': (565032,), 'patient_ids_all_trajectories': (565032,), 'patient_current_t': (565032,), 'prev_treatments': (565032, 64, 4), 'current_treatments': (565032, 64, 4), 'current_covariates': (565032, 64, 2), 'outputs': (565032, 64, 1), 'active_entries': (565032, 64, 1), 'unscaled_outputs': (565032, 64, 1), 'prev_outputs': (565032, 64, 1), 'static_features': (565032, 1)}
[2025-01-27 23:17:25,746][src.data.cancer_sim.dataset][INFO] - Processing test dataset before testing (multiple sequences)
[2025-01-27 23:17:33,417][src.data.cancer_sim.dataset][INFO] - Shape of processed test data: {'active_encoder_r': (565032, 59), 'prev_treatments': (565032, 5, 4), 'current_treatments': (565032, 5, 4), 'current_covariates': (565032, 5, 2), 'prev_outputs': (565032, 5, 1), 'static_features': (565032, 1), 'outputs': (565032, 5, 1), 'sequence_lengths': (565032,), 'active_entries': (565032, 5, 1), 'unscaled_outputs': (565032, 5, 1), 'patient_types': (565032,), 'patient_ids_all_trajectories': (565032,), 'patient_current_t': (565032,)}
[2025-01-27 23:17:35,862][src.models.ct][INFO] - Max input size of multi: 4
[2025-01-27 23:26:04,931][src.models.time_varying_model][INFO] - RMSE calculation for val.
[2025-01-27 23:26:04,931][src.models.time_varying_model][INFO] - Predictions for val.
[2025-01-27 23:26:05,711][__main__][INFO] - Val normalised RMSE (all): 0.6505066234779919; Val normalised RMSE (orig): 0.6464646758004389
[2025-01-27 23:26:05,711][src.models.time_varying_model][INFO] - RMSE calculation for test.
[2025-01-27 23:26:05,711][src.models.time_varying_model][INFO] - Predictions for test.
[2025-01-27 23:26:24,104][__main__][INFO] - Test normalised RMSE (all): 2.8299156144119078; Test normalised RMSE (orig): 2.747844860636354; Test normalised RMSE (only counterfactual): 2.7562978812125207
[2025-01-27 23:26:24,153][src.models.time_varying_model][INFO] - RMSE calculation for test.
[2025-01-27 23:26:24,153][src.models.ct][INFO] - Autoregressive Prediction for test.
[2025-01-27 23:26:24,153][src.models.ct][INFO] - t = 1
[2025-01-27 23:26:24,153][src.models.time_varying_model][INFO] - Predictions for test.
[2025-01-27 23:27:21,917][src.models.ct][INFO] - t = 2
[2025-01-27 23:27:21,918][src.models.time_varying_model][INFO] - Predictions for test.
[2025-01-27 23:28:19,722][src.models.ct][INFO] - t = 3
[2025-01-27 23:28:19,722][src.models.time_varying_model][INFO] - Predictions for test.
[2025-01-27 23:29:17,335][src.models.ct][INFO] - t = 4
[2025-01-27 23:29:17,335][src.models.time_varying_model][INFO] - Predictions for test.
[2025-01-27 23:30:14,786][src.models.ct][INFO] - t = 5
[2025-01-27 23:30:14,786][src.models.time_varying_model][INFO] - Predictions for test.
[2025-01-27 23:31:12,585][src.models.ct][INFO] - t = 6
[2025-01-27 23:31:12,585][src.models.time_varying_model][INFO] - Predictions for test.
[2025-01-27 23:32:11,289][__main__][INFO] - Test normalised RMSE (n-step prediction): {'2-step': 2.0781004608298796, '3-step': 2.1435261570554127, '4-step': 2.186454930272747, '5-step': 2.171070364294452, '6-step': 2.1165303115045333}
