[2025-01-30 07:18:00,525][__main__][INFO] - 
model:
  dim_treatments: 4
  dim_vitals: 0
  dim_static_features: 1
  dim_outcomes: 1
  name: CT
  multi:
    _target_: src.models.ct.CT
    max_seq_length: 65
    seq_hidden_units: 12
    br_size: 16
    fc_hidden_units: 48
    dropout_rate: 0.1
    num_layer: 1
    num_heads: 2
    max_grad_norm: null
    batch_size: 1024
    attn_dropout: true
    disable_cross_attention: false
    isolate_subnetwork: _
    self_positional_encoding:
      absolute: false
      trainable: true
      max_relative_position: 15
    optimizer:
      optimizer_cls: adam
      learning_rate: 0.02
      weight_decay: 0.0
      lr_scheduler: false
    augment_with_masked_vitals: true
    tune_hparams: false
    tune_range: 50
    hparams_grid: null
    resources_per_trial: null
  self_positional_encoding:
    max_relative_position: 15
dataset:
  val_batch_size: 512
  treatment_mode: multiclass
  _target_: src.data.SyntheticCancerDatasetCollection
  name: tumor_generator
  coeff: 6.0
  chemo_coeff: 6.0
  radio_coeff: 6.0
  seed: 10
  random: false
  noise_percentage: 0.0
  num_patients:
    train: 10000
    val: 1000
    test: 1000
  window_size: 15
  lag: 0
  max_seq_length: 60
  projection_horizon: 5
  cf_seq_mode: sliding_treatment
exp:
  seed: 10
  gpus:
  - 0
  max_epochs: 120
  logging: true
  mlflow_uri: http://127.0.0.1:5000
  unscale_rmse: true
  percentage_rmse: true
  alpha: 0.01
  update_alpha: true
  alpha_rate: exp
  initial_balancing_method: domain_confusion
  final_balancing_method: subgroup
  bce_weight: false
  weights_ema: true
  beta: 0.99
  alpha_wass: 0.01
  alpha_wass_epoch: false
  alpha_wass_growth: 0.001
  alpha_wass_max: 0.01
  balancing_switch_epoch: 99
  clustering_method: KMeans
  number_clusters: 5
  num_timepoints: 59
  gap_epoch: 10
  checkpoint_dir: ./checkpoints/cancer/ct/SGA/6

[2025-01-30 07:18:00,551][root][INFO] - Simulating initial volumes for stage I  with norm params: mu=1.72, sigma=4.7, lb=-0.6221218732608373, ub=-0.023523848418276528
[2025-01-30 07:18:00,559][root][INFO] - Simulating initial volumes for stage II  with norm params: mu=1.96, sigma=1.63, lb=-1.9410876100159118, ub=0.3711345751297772
[2025-01-30 07:18:00,561][root][INFO] - Simulating initial volumes for stage IIIA  with norm params: mu=1.91, sigma=9.4, lb=-0.33127370258786554, ub=0.06967546355973796
[2025-01-30 07:18:00,562][root][INFO] - Simulating initial volumes for stage IIIB  with norm params: mu=2.76, sigma=6.87, lb=-0.5769974969906748, ub=-0.02839165102452155
[2025-01-30 07:18:00,564][root][INFO] - Simulating initial volumes for stage IV  with norm params: mu=3.86, sigma=8.82, lb=-0.5741465764541877, ub=-0.14683113860980307
[2025-01-30 07:18:00,588][root][INFO] - Got correlated params for 4658 patients
[2025-01-30 07:18:00,592][root][INFO] - Got correlated params for 9338 patients
[2025-01-30 07:18:00,597][root][INFO] - Got correlated params for 13912 patients
[2025-01-30 07:18:00,605][root][INFO] - Simulating beta_c parameters
[2025-01-30 07:18:00,610][root][INFO] - Randomising outputs
[2025-01-30 07:18:00,876][__main__][INFO] - 
model:
  dim_treatments: 4
  dim_vitals: 0
  dim_static_features: 1
  dim_outcomes: 1
  name: CT
  multi:
    _target_: src.models.ct.CT
    max_seq_length: 65
    seq_hidden_units: 12
    br_size: 16
    fc_hidden_units: 48
    dropout_rate: 0.1
    num_layer: 1
    num_heads: 2
    max_grad_norm: null
    batch_size: 1024
    attn_dropout: true
    disable_cross_attention: false
    isolate_subnetwork: _
    self_positional_encoding:
      absolute: false
      trainable: true
      max_relative_position: 15
    optimizer:
      optimizer_cls: adam
      learning_rate: 0.02
      weight_decay: 0.0
      lr_scheduler: false
    augment_with_masked_vitals: true
    tune_hparams: false
    tune_range: 50
    hparams_grid: null
    resources_per_trial: null
  self_positional_encoding:
    max_relative_position: 15
dataset:
  val_batch_size: 512
  treatment_mode: multiclass
  _target_: src.data.SyntheticCancerDatasetCollection
  name: tumor_generator
  coeff: 6.0
  chemo_coeff: 6.0
  radio_coeff: 6.0
  seed: 10
  random: false
  noise_percentage: 0.0
  num_patients:
    train: 10000
    val: 1000
    test: 1000
  window_size: 15
  lag: 0
  max_seq_length: 60
  projection_horizon: 5
  cf_seq_mode: sliding_treatment
exp:
  seed: 10
  gpus:
  - 0
  max_epochs: 120
  logging: true
  mlflow_uri: http://127.0.0.1:5000
  unscale_rmse: true
  percentage_rmse: true
  alpha: 0.01
  update_alpha: true
  alpha_rate: exp
  initial_balancing_method: domain_confusion
  final_balancing_method: subgroup
  bce_weight: false
  weights_ema: true
  beta: 0.99
  alpha_wass: 0.01
  alpha_wass_epoch: false
  alpha_wass_growth: 0.001
  alpha_wass_max: 0.01
  balancing_switch_epoch: 99
  clustering_method: KMeans
  number_clusters: 10
  num_timepoints: 59
  gap_epoch: 10
  checkpoint_dir: ./checkpoints/cancer/ct/SGA/6

[2025-01-30 07:18:00,887][root][INFO] - Simulating initial volumes for stage I  with norm params: mu=1.72, sigma=4.7, lb=-0.6221218732608373, ub=-0.023523848418276528
[2025-01-30 07:18:00,889][root][INFO] - Simulating initial volumes for stage II  with norm params: mu=1.96, sigma=1.63, lb=-1.9410876100159118, ub=0.3711345751297772
[2025-01-30 07:18:00,889][root][INFO] - Simulating initial volumes for stage IIIA  with norm params: mu=1.91, sigma=9.4, lb=-0.33127370258786554, ub=0.06967546355973796
[2025-01-30 07:18:00,890][root][INFO] - Simulating initial volumes for stage IIIB  with norm params: mu=2.76, sigma=6.87, lb=-0.5769974969906748, ub=-0.02839165102452155
[2025-01-30 07:18:00,893][root][INFO] - Simulating initial volumes for stage IV  with norm params: mu=3.86, sigma=8.82, lb=-0.5741465764541877, ub=-0.14683113860980307
[2025-01-30 07:18:00,901][root][INFO] - Got correlated params for 4658 patients
[2025-01-30 07:18:00,906][root][INFO] - Got correlated params for 9338 patients
[2025-01-30 07:18:00,911][root][INFO] - Got correlated params for 13912 patients
[2025-01-30 07:18:00,918][root][INFO] - Simulating beta_c parameters
[2025-01-30 07:18:00,923][root][INFO] - Randomising outputs
[2025-01-30 07:18:15,330][root][INFO] - Simulating initial volumes for stage I  with norm params: mu=1.72, sigma=4.7, lb=-0.6221218732608373, ub=-0.023523848418276528
[2025-01-30 07:18:15,333][root][INFO] - Simulating initial volumes for stage II  with norm params: mu=1.96, sigma=1.63, lb=-1.9410876100159118, ub=0.3711345751297772
[2025-01-30 07:18:15,334][root][INFO] - Simulating initial volumes for stage IIIA  with norm params: mu=1.91, sigma=9.4, lb=-0.33127370258786554, ub=0.06967546355973796
[2025-01-30 07:18:15,334][root][INFO] - Simulating initial volumes for stage IIIB  with norm params: mu=2.76, sigma=6.87, lb=-0.5769974969906748, ub=-0.02839165102452155
[2025-01-30 07:18:15,335][root][INFO] - Simulating initial volumes for stage IV  with norm params: mu=3.86, sigma=8.82, lb=-0.5741465764541877, ub=-0.14683113860980307
[2025-01-30 07:18:15,337][root][INFO] - Got correlated params for 464 patients
[2025-01-30 07:18:15,338][root][INFO] - Got correlated params for 942 patients
[2025-01-30 07:18:15,339][root][INFO] - Got correlated params for 1398 patients
[2025-01-30 07:18:15,340][root][INFO] - Simulating beta_c parameters
[2025-01-30 07:18:15,341][root][INFO] - Randomising outputs
[2025-01-30 07:18:16,807][root][INFO] - Simulating initial volumes for stage I  with norm params: mu=1.72, sigma=4.7, lb=-0.6221218732608373, ub=-0.023523848418276528
[2025-01-30 07:18:16,808][root][INFO] - Simulating initial volumes for stage II  with norm params: mu=1.96, sigma=1.63, lb=-1.9410876100159118, ub=0.3711345751297772
[2025-01-30 07:18:16,808][root][INFO] - Simulating initial volumes for stage IIIA  with norm params: mu=1.91, sigma=9.4, lb=-0.33127370258786554, ub=0.06967546355973796
[2025-01-30 07:18:16,809][root][INFO] - Simulating initial volumes for stage IIIB  with norm params: mu=2.76, sigma=6.87, lb=-0.5769974969906748, ub=-0.02839165102452155
[2025-01-30 07:18:16,810][root][INFO] - Simulating initial volumes for stage IV  with norm params: mu=3.86, sigma=8.82, lb=-0.5741465764541877, ub=-0.14683113860980307
[2025-01-30 07:18:16,811][root][INFO] - Got correlated params for 491 patients
[2025-01-30 07:18:16,812][root][INFO] - Got correlated params for 936 patients
[2025-01-30 07:18:16,813][root][INFO] - Got correlated params for 1396 patients
[2025-01-30 07:18:16,814][root][INFO] - Simulating beta_c parameters
[2025-01-30 07:18:16,815][root][INFO] - Randomising outputs
[2025-01-30 07:18:18,267][root][INFO] - Simulating initial volumes for stage I  with norm params: mu=1.72, sigma=4.7, lb=-0.6221218732608373, ub=-0.023523848418276528
[2025-01-30 07:18:18,269][root][INFO] - Simulating initial volumes for stage II  with norm params: mu=1.96, sigma=1.63, lb=-1.9410876100159118, ub=0.3711345751297772
[2025-01-30 07:18:18,270][root][INFO] - Simulating initial volumes for stage IIIA  with norm params: mu=1.91, sigma=9.4, lb=-0.33127370258786554, ub=0.06967546355973796
[2025-01-30 07:18:18,270][root][INFO] - Simulating initial volumes for stage IIIB  with norm params: mu=2.76, sigma=6.87, lb=-0.5769974969906748, ub=-0.02839165102452155
[2025-01-30 07:18:18,271][root][INFO] - Simulating initial volumes for stage IV  with norm params: mu=3.86, sigma=8.82, lb=-0.5741465764541877, ub=-0.14683113860980307
[2025-01-30 07:18:18,273][root][INFO] - Got correlated params for 464 patients
[2025-01-30 07:18:18,274][root][INFO] - Got correlated params for 942 patients
[2025-01-30 07:18:18,275][root][INFO] - Got correlated params for 1398 patients
[2025-01-30 07:18:18,276][root][INFO] - Simulating beta_c parameters
[2025-01-30 07:18:18,277][root][INFO] - Randomising outputs
[2025-01-30 07:18:19,979][root][INFO] - Simulating initial volumes for stage I  with norm params: mu=1.72, sigma=4.7, lb=-0.6221218732608373, ub=-0.023523848418276528
[2025-01-30 07:18:19,980][root][INFO] - Simulating initial volumes for stage II  with norm params: mu=1.96, sigma=1.63, lb=-1.9410876100159118, ub=0.3711345751297772
[2025-01-30 07:18:19,980][root][INFO] - Simulating initial volumes for stage IIIA  with norm params: mu=1.91, sigma=9.4, lb=-0.33127370258786554, ub=0.06967546355973796
[2025-01-30 07:18:19,981][root][INFO] - Simulating initial volumes for stage IIIB  with norm params: mu=2.76, sigma=6.87, lb=-0.5769974969906748, ub=-0.02839165102452155
[2025-01-30 07:18:19,982][root][INFO] - Simulating initial volumes for stage IV  with norm params: mu=3.86, sigma=8.82, lb=-0.5741465764541877, ub=-0.14683113860980307
[2025-01-30 07:18:19,983][root][INFO] - Got correlated params for 491 patients
[2025-01-30 07:18:19,984][root][INFO] - Got correlated params for 936 patients
[2025-01-30 07:18:19,985][root][INFO] - Got correlated params for 1396 patients
[2025-01-30 07:18:19,986][root][INFO] - Simulating beta_c parameters
[2025-01-30 07:18:19,987][root][INFO] - Randomising outputs
[2025-01-30 07:18:22,241][root][INFO] - Simulating initial volumes for stage I  with norm params: mu=1.72, sigma=4.7, lb=-0.6221218732608373, ub=-0.023523848418276528
[2025-01-30 07:18:22,243][root][INFO] - Simulating initial volumes for stage II  with norm params: mu=1.96, sigma=1.63, lb=-1.9410876100159118, ub=0.3711345751297772
[2025-01-30 07:18:22,244][root][INFO] - Simulating initial volumes for stage IIIA  with norm params: mu=1.91, sigma=9.4, lb=-0.33127370258786554, ub=0.06967546355973796
[2025-01-30 07:18:22,244][root][INFO] - Simulating initial volumes for stage IIIB  with norm params: mu=2.76, sigma=6.87, lb=-0.5769974969906748, ub=-0.02839165102452155
[2025-01-30 07:18:22,245][root][INFO] - Simulating initial volumes for stage IV  with norm params: mu=3.86, sigma=8.82, lb=-0.5741465764541877, ub=-0.14683113860980307
[2025-01-30 07:18:22,247][root][INFO] - Got correlated params for 434 patients
[2025-01-30 07:18:22,248][root][INFO] - Got correlated params for 874 patients
[2025-01-30 07:18:22,249][root][INFO] - Got correlated params for 1357 patients
[2025-01-30 07:18:22,250][root][INFO] - Simulating beta_c parameters
[2025-01-30 07:18:22,251][root][INFO] - Randomising outputs
[2025-01-30 07:18:26,107][root][INFO] - Simulating initial volumes for stage I  with norm params: mu=1.72, sigma=4.7, lb=-0.6221218732608373, ub=-0.023523848418276528
[2025-01-30 07:18:26,108][root][INFO] - Simulating initial volumes for stage II  with norm params: mu=1.96, sigma=1.63, lb=-1.9410876100159118, ub=0.3711345751297772
[2025-01-30 07:18:26,109][root][INFO] - Simulating initial volumes for stage IIIA  with norm params: mu=1.91, sigma=9.4, lb=-0.33127370258786554, ub=0.06967546355973796
[2025-01-30 07:18:26,109][root][INFO] - Simulating initial volumes for stage IIIB  with norm params: mu=2.76, sigma=6.87, lb=-0.5769974969906748, ub=-0.02839165102452155
[2025-01-30 07:18:26,110][root][INFO] - Simulating initial volumes for stage IV  with norm params: mu=3.86, sigma=8.82, lb=-0.5741465764541877, ub=-0.14683113860980307
[2025-01-30 07:18:26,112][root][INFO] - Got correlated params for 434 patients
[2025-01-30 07:18:26,113][root][INFO] - Got correlated params for 874 patients
[2025-01-30 07:18:26,114][root][INFO] - Got correlated params for 1357 patients
[2025-01-30 07:18:26,115][root][INFO] - Simulating beta_c parameters
[2025-01-30 07:18:26,116][root][INFO] - Randomising outputs
[2025-01-30 07:18:46,665][src.data.cancer_sim.dataset][INFO] - Processing train dataset before training
[2025-01-30 07:18:47,559][src.data.cancer_sim.dataset][INFO] - Shape of processed train data: {'cancer_volume': (10000, 60), 'chemo_dosage': (10000, 60), 'radio_dosage': (10000, 60), 'chemo_application': (10000, 60), 'radio_application': (10000, 60), 'chemo_probabilities': (10000, 60), 'radio_probabilities': (10000, 60), 'sequence_lengths': (10000,), 'death_flags': (10000, 60), 'recovery_flags': (10000, 60), 'patient_types': (10000,), 'prev_treatments': (10000, 59, 4), 'current_treatments': (10000, 59, 4), 'current_covariates': (10000, 59, 2), 'outputs': (10000, 59, 1), 'active_entries': (10000, 59, 1), 'unscaled_outputs': (10000, 59, 1), 'prev_outputs': (10000, 59, 1), 'static_features': (10000, 1)}
[2025-01-30 07:18:47,560][src.data.cancer_sim.dataset][INFO] - Processing val dataset before training
[2025-01-30 07:18:47,650][src.data.cancer_sim.dataset][INFO] - Shape of processed val data: {'cancer_volume': (1000, 60), 'chemo_dosage': (1000, 60), 'radio_dosage': (1000, 60), 'chemo_application': (1000, 60), 'radio_application': (1000, 60), 'chemo_probabilities': (1000, 60), 'radio_probabilities': (1000, 60), 'sequence_lengths': (1000,), 'death_flags': (1000, 60), 'recovery_flags': (1000, 60), 'patient_types': (1000,), 'prev_treatments': (1000, 59, 4), 'current_treatments': (1000, 59, 4), 'current_covariates': (1000, 59, 2), 'outputs': (1000, 59, 1), 'active_entries': (1000, 59, 1), 'unscaled_outputs': (1000, 59, 1), 'prev_outputs': (1000, 59, 1), 'static_features': (1000, 1)}
[2025-01-30 07:18:47,650][src.data.cancer_sim.dataset][INFO] - Processing test dataset before training
[2025-01-30 07:18:54,280][src.data.cancer_sim.dataset][INFO] - Processing train dataset before training
[2025-01-30 07:18:55,164][src.data.cancer_sim.dataset][INFO] - Shape of processed train data: {'cancer_volume': (10000, 60), 'chemo_dosage': (10000, 60), 'radio_dosage': (10000, 60), 'chemo_application': (10000, 60), 'radio_application': (10000, 60), 'chemo_probabilities': (10000, 60), 'radio_probabilities': (10000, 60), 'sequence_lengths': (10000,), 'death_flags': (10000, 60), 'recovery_flags': (10000, 60), 'patient_types': (10000,), 'prev_treatments': (10000, 59, 4), 'current_treatments': (10000, 59, 4), 'current_covariates': (10000, 59, 2), 'outputs': (10000, 59, 1), 'active_entries': (10000, 59, 1), 'unscaled_outputs': (10000, 59, 1), 'prev_outputs': (10000, 59, 1), 'static_features': (10000, 1)}
[2025-01-30 07:18:55,164][src.data.cancer_sim.dataset][INFO] - Processing val dataset before training
[2025-01-30 07:18:55,253][src.data.cancer_sim.dataset][INFO] - Shape of processed val data: {'cancer_volume': (1000, 60), 'chemo_dosage': (1000, 60), 'radio_dosage': (1000, 60), 'chemo_application': (1000, 60), 'radio_application': (1000, 60), 'chemo_probabilities': (1000, 60), 'radio_probabilities': (1000, 60), 'sequence_lengths': (1000,), 'death_flags': (1000, 60), 'recovery_flags': (1000, 60), 'patient_types': (1000,), 'prev_treatments': (1000, 59, 4), 'current_treatments': (1000, 59, 4), 'current_covariates': (1000, 59, 2), 'outputs': (1000, 59, 1), 'active_entries': (1000, 59, 1), 'unscaled_outputs': (1000, 59, 1), 'prev_outputs': (1000, 59, 1), 'static_features': (1000, 1)}
[2025-01-30 07:18:55,254][src.data.cancer_sim.dataset][INFO] - Processing test dataset before training
[2025-01-30 07:19:07,062][src.data.cancer_sim.dataset][INFO] - Shape of processed test data: {'cancer_volume': (224868, 60), 'chemo_application': (224868, 60), 'radio_application': (224868, 60), 'sequence_lengths': (224868,), 'patient_types': (224868,), 'prev_treatments': (224868, 59, 4), 'current_treatments': (224868, 59, 4), 'current_covariates': (224868, 59, 2), 'outputs': (224868, 59, 1), 'active_entries': (224868, 59, 1), 'unscaled_outputs': (224868, 59, 1), 'prev_outputs': (224868, 59, 1), 'static_features': (224868, 1)}
[2025-01-30 07:19:07,064][src.data.cancer_sim.dataset][INFO] - Processing test dataset before training
[2025-01-30 07:19:14,654][src.data.cancer_sim.dataset][INFO] - Shape of processed test data: {'cancer_volume': (224868, 60), 'chemo_application': (224868, 60), 'radio_application': (224868, 60), 'sequence_lengths': (224868,), 'patient_types': (224868,), 'prev_treatments': (224868, 59, 4), 'current_treatments': (224868, 59, 4), 'current_covariates': (224868, 59, 2), 'outputs': (224868, 59, 1), 'active_entries': (224868, 59, 1), 'unscaled_outputs': (224868, 59, 1), 'prev_outputs': (224868, 59, 1), 'static_features': (224868, 1)}
[2025-01-30 07:19:14,655][src.data.cancer_sim.dataset][INFO] - Processing test dataset before training
[2025-01-30 07:19:59,240][src.data.cancer_sim.dataset][INFO] - Shape of processed test data: {'cancer_volume': (548744, 65), 'chemo_application': (548744, 65), 'radio_application': (548744, 65), 'sequence_lengths': (548744,), 'patient_types': (548744,), 'patient_ids_all_trajectories': (548744,), 'patient_current_t': (548744,), 'prev_treatments': (548744, 64, 4), 'current_treatments': (548744, 64, 4), 'current_covariates': (548744, 64, 2), 'outputs': (548744, 64, 1), 'active_entries': (548744, 64, 1), 'unscaled_outputs': (548744, 64, 1), 'prev_outputs': (548744, 64, 1), 'static_features': (548744, 1)}
[2025-01-30 07:19:59,244][src.data.cancer_sim.dataset][INFO] - Processing test dataset before testing (multiple sequences)
[2025-01-30 07:20:06,192][src.data.cancer_sim.dataset][INFO] - Shape of processed test data: {'active_encoder_r': (548744, 59), 'prev_treatments': (548744, 5, 4), 'current_treatments': (548744, 5, 4), 'current_covariates': (548744, 5, 2), 'prev_outputs': (548744, 5, 1), 'static_features': (548744, 1), 'outputs': (548744, 5, 1), 'sequence_lengths': (548744,), 'active_entries': (548744, 5, 1), 'unscaled_outputs': (548744, 5, 1), 'patient_types': (548744,), 'patient_ids_all_trajectories': (548744,), 'patient_current_t': (548744,)}
[2025-01-30 07:20:06,942][src.data.cancer_sim.dataset][INFO] - Shape of processed test data: {'cancer_volume': (548744, 65), 'chemo_application': (548744, 65), 'radio_application': (548744, 65), 'sequence_lengths': (548744,), 'patient_types': (548744,), 'patient_ids_all_trajectories': (548744,), 'patient_current_t': (548744,), 'prev_treatments': (548744, 64, 4), 'current_treatments': (548744, 64, 4), 'current_covariates': (548744, 64, 2), 'outputs': (548744, 64, 1), 'active_entries': (548744, 64, 1), 'unscaled_outputs': (548744, 64, 1), 'prev_outputs': (548744, 64, 1), 'static_features': (548744, 1)}
[2025-01-30 07:20:06,946][src.data.cancer_sim.dataset][INFO] - Processing test dataset before testing (multiple sequences)
[2025-01-30 07:20:08,735][src.models.ct][INFO] - Max input size of multi: 4
[2025-01-30 07:20:14,493][src.data.cancer_sim.dataset][INFO] - Shape of processed test data: {'active_encoder_r': (548744, 59), 'prev_treatments': (548744, 5, 4), 'current_treatments': (548744, 5, 4), 'current_covariates': (548744, 5, 2), 'prev_outputs': (548744, 5, 1), 'static_features': (548744, 1), 'outputs': (548744, 5, 1), 'sequence_lengths': (548744,), 'active_entries': (548744, 5, 1), 'unscaled_outputs': (548744, 5, 1), 'patient_types': (548744,), 'patient_ids_all_trajectories': (548744,), 'patient_current_t': (548744,)}
[2025-01-30 07:20:16,870][src.models.ct][INFO] - Max input size of multi: 4
[2025-01-30 07:24:01,589][src.models.time_varying_model][INFO] - RMSE calculation for val.
[2025-01-30 07:24:01,590][src.models.time_varying_model][INFO] - Predictions for val.
[2025-01-30 07:24:02,282][__main__][INFO] - Val normalised RMSE (all): 0.6432881275549202; Val normalised RMSE (orig): 0.6355068807720003
[2025-01-30 07:24:02,282][src.models.time_varying_model][INFO] - RMSE calculation for test.
[2025-01-30 07:24:02,282][src.models.time_varying_model][INFO] - Predictions for test.
[2025-01-30 07:24:17,847][__main__][INFO] - Test normalised RMSE (all): 1.8733460275447655; Test normalised RMSE (orig): 1.7622991911607162; Test normalised RMSE (only counterfactual): 2.147654905517584
[2025-01-30 07:24:17,892][src.models.time_varying_model][INFO] - RMSE calculation for test.
[2025-01-30 07:24:17,892][src.models.ct][INFO] - Autoregressive Prediction for test.
[2025-01-30 07:24:17,895][src.models.ct][INFO] - t = 1
[2025-01-30 07:24:17,895][src.models.time_varying_model][INFO] - Predictions for test.
[2025-01-30 07:25:09,189][src.models.ct][INFO] - t = 2
[2025-01-30 07:25:09,190][src.models.time_varying_model][INFO] - Predictions for test.
[2025-01-30 07:25:58,351][src.models.ct][INFO] - t = 3
[2025-01-30 07:25:58,352][src.models.time_varying_model][INFO] - Predictions for test.
[2025-01-30 07:26:47,936][src.models.ct][INFO] - t = 4
[2025-01-30 07:26:47,936][src.models.time_varying_model][INFO] - Predictions for test.
[2025-01-30 07:27:37,001][src.models.ct][INFO] - t = 5
[2025-01-30 07:27:37,002][src.models.time_varying_model][INFO] - Predictions for test.
[2025-01-30 07:28:26,730][src.models.ct][INFO] - t = 6
[2025-01-30 07:28:26,730][src.models.time_varying_model][INFO] - Predictions for test.
[2025-01-30 07:28:39,682][src.models.time_varying_model][INFO] - RMSE calculation for val.
[2025-01-30 07:28:39,683][src.models.time_varying_model][INFO] - Predictions for val.
[2025-01-30 07:28:40,470][__main__][INFO] - Val normalised RMSE (all): 0.6440892294801994; Val normalised RMSE (orig): 0.6363204097742118
[2025-01-30 07:28:40,470][src.models.time_varying_model][INFO] - RMSE calculation for test.
[2025-01-30 07:28:40,470][src.models.time_varying_model][INFO] - Predictions for test.
[2025-01-30 07:28:58,572][__main__][INFO] - Test normalised RMSE (all): 2.009069994427066; Test normalised RMSE (orig): 2.00374812186727; Test normalised RMSE (only counterfactual): 2.2558553143092595
[2025-01-30 07:28:58,622][src.models.time_varying_model][INFO] - RMSE calculation for test.
[2025-01-30 07:28:58,622][src.models.ct][INFO] - Autoregressive Prediction for test.
[2025-01-30 07:28:58,625][src.models.ct][INFO] - t = 1
[2025-01-30 07:28:58,625][src.models.time_varying_model][INFO] - Predictions for test.
[2025-01-30 07:29:17,190][__main__][INFO] - Test normalised RMSE (n-step prediction): {'2-step': 3.1399556509637954, '3-step': 3.3929320740254254, '4-step': 3.4793753459996415, '5-step': 3.458444647110073, '6-step': 3.290238076380176}
[2025-01-30 07:29:54,268][src.models.ct][INFO] - t = 2
[2025-01-30 07:29:54,269][src.models.time_varying_model][INFO] - Predictions for test.
[2025-01-30 07:30:50,711][src.models.ct][INFO] - t = 3
[2025-01-30 07:30:50,712][src.models.time_varying_model][INFO] - Predictions for test.
[2025-01-30 07:31:46,399][src.models.ct][INFO] - t = 4
[2025-01-30 07:31:46,399][src.models.time_varying_model][INFO] - Predictions for test.
[2025-01-30 07:32:41,355][src.models.ct][INFO] - t = 5
[2025-01-30 07:32:41,355][src.models.time_varying_model][INFO] - Predictions for test.
[2025-01-30 07:33:37,296][src.models.ct][INFO] - t = 6
[2025-01-30 07:33:37,296][src.models.time_varying_model][INFO] - Predictions for test.
[2025-01-30 07:34:34,245][__main__][INFO] - Test normalised RMSE (n-step prediction): {'2-step': 3.2761276758706446, '3-step': 3.472411173274991, '4-step': 3.557385969164919, '5-step': 3.5339560503963217, '6-step': 3.3470628992038884}
