[2024-11-21 18:07:14,103][__main__][INFO] - 
model:
  dim_treatments: 4
  dim_vitals: 0
  dim_static_features: 1
  dim_outcomes: 1
  name: CT
  multi:
    _target_: src.models.ct.CT
    max_seq_length: 65
    seq_hidden_units: 16
    br_size: 8
    fc_hidden_units: 32
    dropout_rate: 0.1
    num_layer: 1
    num_heads: 2
    max_grad_norm: null
    batch_size: 128
    attn_dropout: true
    disable_cross_attention: false
    isolate_subnetwork: _
    self_positional_encoding:
      absolute: false
      trainable: true
      max_relative_position: 15
    optimizer:
      optimizer_cls: adam
      learning_rate: 0.01
      weight_decay: 0.0
      lr_scheduler: false
    augment_with_masked_vitals: true
    tune_hparams: false
    tune_range: 50
    hparams_grid: null
    resources_per_trial: null
  self_positional_encoding:
    max_relative_position: 15
dataset:
  val_batch_size: 512
  treatment_mode: multiclass
  _target_: src.data.SyntheticCancerDatasetCollection
  name: tumor_generator
  coeff: 2.0
  chemo_coeff: 2.0
  radio_coeff: 2.0
  seed: 10
  random: true
  noise_percentage: 0.05
  num_patients:
    train: 10000
    val: 1000
    test: 1000
  window_size: 15
  lag: 0
  max_seq_length: 60
  projection_horizon: 5
  cf_seq_mode: sliding_treatment
exp:
  seed: 10
  gpus:
  - 0
  max_epochs: 250
  logging: true
  mlflow_uri: http://127.0.0.1:5000
  unscale_rmse: true
  percentage_rmse: true
  alpha: 0.01
  update_alpha: true
  alpha_rate: exp
  initial_balancing_method: domain_confusion
  final_balancing_method: domain_confusion
  bce_weight: false
  weights_ema: true
  beta: 0.99
  alpha_wass: 0.0001
  alpha_wass_epoch: false
  alpha_wass_growth: 0.001
  alpha_wass_max: 0.01
  balancing_switch_epoch: 249
  clustering_method: GMM
  number_clusters: 2
  num_timepoints: 59
  gap_epoch: 60
  checkpoint_dir: ./checkpoints/cancer/ct/2

[2024-11-21 18:07:14,149][root][INFO] - Simulating initial volumes for stage I  with norm params: mu=1.72, sigma=4.7, lb=-0.6221218732608373, ub=-0.023523848418276528
[2024-11-21 18:07:14,152][root][INFO] - Simulating initial volumes for stage II  with norm params: mu=1.96, sigma=1.63, lb=-1.9410876100159118, ub=0.3711345751297772
[2024-11-21 18:07:14,154][root][INFO] - Simulating initial volumes for stage IIIA  with norm params: mu=1.91, sigma=9.4, lb=-0.33127370258786554, ub=0.06967546355973796
[2024-11-21 18:07:14,154][root][INFO] - Simulating initial volumes for stage IIIB  with norm params: mu=2.76, sigma=6.87, lb=-0.5769974969906748, ub=-0.02839165102452155
[2024-11-21 18:07:14,157][root][INFO] - Simulating initial volumes for stage IV  with norm params: mu=3.86, sigma=8.82, lb=-0.5741465764541877, ub=-0.14683113860980307
[2024-11-21 18:07:14,182][root][INFO] - Got correlated params for 4658 patients
[2024-11-21 18:07:14,187][root][INFO] - Got correlated params for 9338 patients
[2024-11-21 18:07:14,192][root][INFO] - Got correlated params for 13912 patients
[2024-11-21 18:07:14,200][root][INFO] - Simulating beta_c parameters
[2024-11-21 18:07:14,205][root][INFO] - Randomising outputs
[2024-11-21 18:07:28,781][src.data.cancer_sim.dataset][INFO] - Processing train dataset before training
[2024-11-21 18:07:29,777][src.data.cancer_sim.dataset][INFO] - Shape of processed train data: {'cancer_volume': (10000, 60), 'chemo_dosage': (10000, 60), 'radio_dosage': (10000, 60), 'chemo_application': (10000, 60), 'radio_application': (10000, 60), 'chemo_probabilities': (10000, 60), 'radio_probabilities': (10000, 60), 'sequence_lengths': (10000,), 'death_flags': (10000, 60), 'recovery_flags': (10000, 60), 'patient_types': (10000,), 'prev_treatments': (10000, 59, 4), 'current_treatments': (10000, 59, 4), 'current_covariates': (10000, 59, 2), 'outputs': (10000, 59, 1), 'active_entries': (10000, 59, 1), 'unscaled_outputs': (10000, 59, 1), 'prev_outputs': (10000, 59, 1), 'static_features': (10000, 1)}
[2024-11-21 18:07:29,828][root][INFO] - Simulating initial volumes for stage I  with norm params: mu=1.72, sigma=4.7, lb=-0.6221218732608373, ub=-0.023523848418276528
[2024-11-21 18:07:29,829][root][INFO] - Simulating initial volumes for stage II  with norm params: mu=1.96, sigma=1.63, lb=-1.9410876100159118, ub=0.3711345751297772
[2024-11-21 18:07:29,829][root][INFO] - Simulating initial volumes for stage IIIA  with norm params: mu=1.91, sigma=9.4, lb=-0.33127370258786554, ub=0.06967546355973796
[2024-11-21 18:07:29,830][root][INFO] - Simulating initial volumes for stage IIIB  with norm params: mu=2.76, sigma=6.87, lb=-0.5769974969906748, ub=-0.02839165102452155
[2024-11-21 18:07:29,831][root][INFO] - Simulating initial volumes for stage IV  with norm params: mu=3.86, sigma=8.82, lb=-0.5741465764541877, ub=-0.14683113860980307
[2024-11-21 18:07:29,833][root][INFO] - Got correlated params for 455 patients
[2024-11-21 18:07:29,834][root][INFO] - Got correlated params for 905 patients
[2024-11-21 18:07:29,835][root][INFO] - Got correlated params for 1366 patients
[2024-11-21 18:07:29,836][root][INFO] - Simulating beta_c parameters
[2024-11-21 18:07:29,837][root][INFO] - Randomising outputs
[2024-11-21 18:07:31,279][root][INFO] - Simulating initial volumes for stage I  with norm params: mu=1.72, sigma=4.7, lb=-0.6221218732608373, ub=-0.023523848418276528
[2024-11-21 18:07:31,279][root][INFO] - Simulating initial volumes for stage II  with norm params: mu=1.96, sigma=1.63, lb=-1.9410876100159118, ub=0.3711345751297772
[2024-11-21 18:07:31,280][root][INFO] - Simulating initial volumes for stage IIIA  with norm params: mu=1.91, sigma=9.4, lb=-0.33127370258786554, ub=0.06967546355973796
[2024-11-21 18:07:31,280][root][INFO] - Simulating initial volumes for stage IIIB  with norm params: mu=2.76, sigma=6.87, lb=-0.5769974969906748, ub=-0.02839165102452155
[2024-11-21 18:07:31,281][root][INFO] - Simulating initial volumes for stage IV  with norm params: mu=3.86, sigma=8.82, lb=-0.5741465764541877, ub=-0.14683113860980307
[2024-11-21 18:07:31,283][root][INFO] - Got correlated params for 493 patients
[2024-11-21 18:07:31,283][root][INFO] - Got correlated params for 947 patients
[2024-11-21 18:07:31,284][root][INFO] - Got correlated params for 1403 patients
[2024-11-21 18:07:31,285][root][INFO] - Simulating beta_c parameters
[2024-11-21 18:07:31,286][root][INFO] - Randomising outputs
[2024-11-21 18:07:37,961][root][INFO] - Simulating initial volumes for stage I  with norm params: mu=1.72, sigma=4.7, lb=-0.6221218732608373, ub=-0.023523848418276528
[2024-11-21 18:07:37,962][root][INFO] - Simulating initial volumes for stage II  with norm params: mu=1.96, sigma=1.63, lb=-1.9410876100159118, ub=0.3711345751297772
[2024-11-21 18:07:37,963][root][INFO] - Simulating initial volumes for stage IIIA  with norm params: mu=1.91, sigma=9.4, lb=-0.33127370258786554, ub=0.06967546355973796
[2024-11-21 18:07:37,963][root][INFO] - Simulating initial volumes for stage IIIB  with norm params: mu=2.76, sigma=6.87, lb=-0.5769974969906748, ub=-0.02839165102452155
[2024-11-21 18:07:37,964][root][INFO] - Simulating initial volumes for stage IV  with norm params: mu=3.86, sigma=8.82, lb=-0.5741465764541877, ub=-0.14683113860980307
[2024-11-21 18:07:37,966][root][INFO] - Got correlated params for 445 patients
[2024-11-21 18:07:37,967][root][INFO] - Got correlated params for 895 patients
[2024-11-21 18:07:37,968][root][INFO] - Got correlated params for 1355 patients
[2024-11-21 18:07:37,970][root][INFO] - Simulating beta_c parameters
[2024-11-21 18:07:37,971][root][INFO] - Randomising outputs
[2024-11-21 18:08:02,851][src.data.cancer_sim.dataset][INFO] - train Dataset already processed
[2024-11-21 18:08:02,851][src.data.cancer_sim.dataset][INFO] - Processing val dataset before training
[2024-11-21 18:08:02,954][src.data.cancer_sim.dataset][INFO] - Shape of processed val data: {'cancer_volume': (1000, 60), 'chemo_dosage': (1000, 60), 'radio_dosage': (1000, 60), 'chemo_application': (1000, 60), 'radio_application': (1000, 60), 'chemo_probabilities': (1000, 60), 'radio_probabilities': (1000, 60), 'sequence_lengths': (1000,), 'death_flags': (1000, 60), 'recovery_flags': (1000, 60), 'patient_types': (1000,), 'prev_treatments': (1000, 59, 4), 'current_treatments': (1000, 59, 4), 'current_covariates': (1000, 59, 2), 'outputs': (1000, 59, 1), 'active_entries': (1000, 59, 1), 'unscaled_outputs': (1000, 59, 1), 'prev_outputs': (1000, 59, 1), 'static_features': (1000, 1)}
[2024-11-21 18:08:02,954][src.data.cancer_sim.dataset][INFO] - Processing test dataset before training
[2024-11-21 18:08:23,137][src.data.cancer_sim.dataset][INFO] - Shape of processed test data: {'cancer_volume': (222916, 60), 'chemo_application': (222916, 60), 'radio_application': (222916, 60), 'sequence_lengths': (222916,), 'patient_types': (222916,), 'prev_treatments': (222916, 59, 4), 'current_treatments': (222916, 59, 4), 'current_covariates': (222916, 59, 2), 'outputs': (222916, 59, 1), 'active_entries': (222916, 59, 1), 'unscaled_outputs': (222916, 59, 1), 'prev_outputs': (222916, 59, 1), 'static_features': (222916, 1)}
[2024-11-21 18:08:23,138][src.data.cancer_sim.dataset][INFO] - Processing test dataset before training
[2024-11-21 18:09:18,091][src.data.cancer_sim.dataset][INFO] - Shape of processed test data: {'cancer_volume': (565098, 65), 'chemo_application': (565098, 65), 'radio_application': (565098, 65), 'sequence_lengths': (565098,), 'patient_types': (565098,), 'patient_ids_all_trajectories': (565098,), 'patient_current_t': (565098,), 'prev_treatments': (565098, 64, 4), 'current_treatments': (565098, 64, 4), 'current_covariates': (565098, 64, 2), 'outputs': (565098, 64, 1), 'active_entries': (565098, 64, 1), 'unscaled_outputs': (565098, 64, 1), 'prev_outputs': (565098, 64, 1), 'static_features': (565098, 1)}
[2024-11-21 18:09:18,094][src.data.cancer_sim.dataset][INFO] - Processing test dataset before testing (multiple sequences)
[2024-11-21 18:09:25,806][src.data.cancer_sim.dataset][INFO] - Shape of processed test data: {'active_encoder_r': (565098, 59), 'prev_treatments': (565098, 5, 4), 'current_treatments': (565098, 5, 4), 'current_covariates': (565098, 5, 2), 'prev_outputs': (565098, 5, 1), 'static_features': (565098, 1), 'outputs': (565098, 5, 1), 'sequence_lengths': (565098,), 'active_entries': (565098, 5, 1), 'unscaled_outputs': (565098, 5, 1), 'patient_types': (565098,), 'patient_ids_all_trajectories': (565098,), 'patient_current_t': (565098,)}
[2024-11-21 18:09:28,711][src.models.ct][INFO] - Max input size of multi: 4
[2024-11-21 18:36:00,890][src.models.time_varying_model][INFO] - RMSE calculation for val.
[2024-11-21 18:36:00,891][src.models.time_varying_model][INFO] - Predictions for val.
[2024-11-21 18:36:01,656][__main__][INFO] - Val normalised RMSE (all): 0.5682133992689387; Val normalised RMSE (orig): 0.5607554703065987
[2024-11-21 18:36:01,656][src.models.time_varying_model][INFO] - RMSE calculation for test.
[2024-11-21 18:36:01,656][src.models.time_varying_model][INFO] - Predictions for test.
[2024-11-21 18:36:16,205][__main__][INFO] - Test normalised RMSE (all): 0.8661101401318084; Test normalised RMSE (orig): 0.6266812584712399; Test normalised RMSE (only counterfactual): 0.7690772423179147
[2024-11-21 18:36:16,256][src.models.time_varying_model][INFO] - RMSE calculation for test.
[2024-11-21 18:36:16,256][src.models.ct][INFO] - Autoregressive Prediction for test.
[2024-11-21 18:36:16,256][src.models.ct][INFO] - t = 1
[2024-11-21 18:36:16,257][src.models.time_varying_model][INFO] - Predictions for test.
[2024-11-21 18:37:06,013][src.models.ct][INFO] - t = 2
[2024-11-21 18:37:06,013][src.models.time_varying_model][INFO] - Predictions for test.
[2024-11-21 18:37:55,937][src.models.ct][INFO] - t = 3
[2024-11-21 18:37:55,938][src.models.time_varying_model][INFO] - Predictions for test.
[2024-11-21 18:38:45,405][src.models.ct][INFO] - t = 4
[2024-11-21 18:38:45,406][src.models.time_varying_model][INFO] - Predictions for test.
[2024-11-21 18:39:36,220][src.models.ct][INFO] - t = 5
[2024-11-21 18:39:36,221][src.models.time_varying_model][INFO] - Predictions for test.
[2024-11-21 18:40:26,124][src.models.ct][INFO] - t = 6
[2024-11-21 18:40:26,125][src.models.time_varying_model][INFO] - Predictions for test.
[2024-11-21 18:41:16,657][__main__][INFO] - Test normalised RMSE (n-step prediction): {'2-step': 0.695588145971944, '3-step': 0.743916609674861, '4-step': 0.8135343821824218, '5-step': 0.8798466968883722, '6-step': 0.939884102233062}
