[2025-01-27 18:57:17,785][__main__][INFO] - 
model:
  dim_treatments: 4
  dim_vitals: 0
  dim_static_features: 1
  dim_outcomes: 1
  name: G-Net
  g_net:
    _target_: src.models.gnet.GNet
    seq_hidden_units: 24
    num_layer: 1
    r_size: 18
    fc_hidden_units: 72
    num_comp: 1
    mc_samples: 50
    fit_vitals: true
    comp_sizes: null
    batch_size: 256
    dropout_rate: 0.1
    optimizer:
      optimizer_cls: adam
      learning_rate: 0.01
      weight_decay: 0.0
      lr_scheduler: false
    tune_hparams: false
    tune_range: 50
    hparams_grid: null
    resources_per_trial: null
dataset:
  val_batch_size: 4096
  treatment_mode: multiclass
  _target_: src.data.SyntheticCancerDatasetCollection
  name: tumor_generator
  coeff: 5.0
  chemo_coeff: 5.0
  radio_coeff: 5.0
  seed: 10
  random: false
  noise_percentage: 0.0
  num_patients:
    train: 10000
    val: 1000
    test: 1000
  window_size: 15
  lag: 0
  max_seq_length: 60
  projection_horizon: 5
  cf_seq_mode: sliding_treatment
  holdout_ratio: 0.1
exp:
  seed: 10
  gpus:
  - 0
  max_epochs: 100
  logging: true
  mlflow_uri: http://127.0.0.1:5000
  unscale_rmse: true
  percentage_rmse: true
  alpha: 1.0
  update_alpha: false
  alpha_rate: exp
  initial_balancing_method: null
  final_balancing_method: null
  bce_weight: false
  weights_ema: true
  beta: 0.99
  alpha_wass: 0.0001
  alpha_wass_epoch: false
  alpha_wass_growth: 0.001
  alpha_wass_max: 0.01

[2025-01-27 18:57:17,802][root][INFO] - Simulating initial volumes for stage I  with norm params: mu=1.72, sigma=4.7, lb=-0.6221218732608373, ub=-0.023523848418276528
[2025-01-27 18:57:17,807][root][INFO] - Simulating initial volumes for stage II  with norm params: mu=1.96, sigma=1.63, lb=-1.9410876100159118, ub=0.3711345751297772
[2025-01-27 18:57:17,808][root][INFO] - Simulating initial volumes for stage IIIA  with norm params: mu=1.91, sigma=9.4, lb=-0.33127370258786554, ub=0.06967546355973796
[2025-01-27 18:57:17,809][root][INFO] - Simulating initial volumes for stage IIIB  with norm params: mu=2.76, sigma=6.87, lb=-0.5769974969906748, ub=-0.02839165102452155
[2025-01-27 18:57:17,812][root][INFO] - Simulating initial volumes for stage IV  with norm params: mu=3.86, sigma=8.82, lb=-0.5741465764541877, ub=-0.14683113860980307
[2025-01-27 18:57:17,837][root][INFO] - Got correlated params for 4658 patients
[2025-01-27 18:57:17,842][root][INFO] - Got correlated params for 9338 patients
[2025-01-27 18:57:17,847][root][INFO] - Got correlated params for 13912 patients
[2025-01-27 18:57:17,855][root][INFO] - Simulating beta_c parameters
[2025-01-27 18:57:17,860][root][INFO] - Randomising outputs
[2025-01-27 18:57:34,660][root][INFO] - Simulating initial volumes for stage I  with norm params: mu=1.72, sigma=4.7, lb=-0.6221218732608373, ub=-0.023523848418276528
[2025-01-27 18:57:34,662][root][INFO] - Simulating initial volumes for stage II  with norm params: mu=1.96, sigma=1.63, lb=-1.9410876100159118, ub=0.3711345751297772
[2025-01-27 18:57:34,663][root][INFO] - Simulating initial volumes for stage IIIA  with norm params: mu=1.91, sigma=9.4, lb=-0.33127370258786554, ub=0.06967546355973796
[2025-01-27 18:57:34,663][root][INFO] - Simulating initial volumes for stage IIIB  with norm params: mu=2.76, sigma=6.87, lb=-0.5769974969906748, ub=-0.02839165102452155
[2025-01-27 18:57:34,664][root][INFO] - Simulating initial volumes for stage IV  with norm params: mu=3.86, sigma=8.82, lb=-0.5741465764541877, ub=-0.14683113860980307
[2025-01-27 18:57:34,666][root][INFO] - Got correlated params for 464 patients
[2025-01-27 18:57:34,667][root][INFO] - Got correlated params for 942 patients
[2025-01-27 18:57:34,668][root][INFO] - Got correlated params for 1398 patients
[2025-01-27 18:57:34,669][root][INFO] - Simulating beta_c parameters
[2025-01-27 18:57:34,670][root][INFO] - Randomising outputs
[2025-01-27 18:57:36,355][root][INFO] - Simulating initial volumes for stage I  with norm params: mu=1.72, sigma=4.7, lb=-0.6221218732608373, ub=-0.023523848418276528
[2025-01-27 18:57:36,355][root][INFO] - Simulating initial volumes for stage II  with norm params: mu=1.96, sigma=1.63, lb=-1.9410876100159118, ub=0.3711345751297772
[2025-01-27 18:57:36,356][root][INFO] - Simulating initial volumes for stage IIIA  with norm params: mu=1.91, sigma=9.4, lb=-0.33127370258786554, ub=0.06967546355973796
[2025-01-27 18:57:36,357][root][INFO] - Simulating initial volumes for stage IIIB  with norm params: mu=2.76, sigma=6.87, lb=-0.5769974969906748, ub=-0.02839165102452155
[2025-01-27 18:57:36,357][root][INFO] - Simulating initial volumes for stage IV  with norm params: mu=3.86, sigma=8.82, lb=-0.5741465764541877, ub=-0.14683113860980307
[2025-01-27 18:57:36,359][root][INFO] - Got correlated params for 491 patients
[2025-01-27 18:57:36,360][root][INFO] - Got correlated params for 936 patients
[2025-01-27 18:57:36,361][root][INFO] - Got correlated params for 1396 patients
[2025-01-27 18:57:36,362][root][INFO] - Simulating beta_c parameters
[2025-01-27 18:57:36,363][root][INFO] - Randomising outputs
[2025-01-27 18:57:42,462][root][INFO] - Simulating initial volumes for stage I  with norm params: mu=1.72, sigma=4.7, lb=-0.6221218732608373, ub=-0.023523848418276528
[2025-01-27 18:57:42,464][root][INFO] - Simulating initial volumes for stage II  with norm params: mu=1.96, sigma=1.63, lb=-1.9410876100159118, ub=0.3711345751297772
[2025-01-27 18:57:42,465][root][INFO] - Simulating initial volumes for stage IIIA  with norm params: mu=1.91, sigma=9.4, lb=-0.33127370258786554, ub=0.06967546355973796
[2025-01-27 18:57:42,465][root][INFO] - Simulating initial volumes for stage IIIB  with norm params: mu=2.76, sigma=6.87, lb=-0.5769974969906748, ub=-0.02839165102452155
[2025-01-27 18:57:42,466][root][INFO] - Simulating initial volumes for stage IV  with norm params: mu=3.86, sigma=8.82, lb=-0.5741465764541877, ub=-0.14683113860980307
[2025-01-27 18:57:42,468][root][INFO] - Got correlated params for 434 patients
[2025-01-27 18:57:42,469][root][INFO] - Got correlated params for 874 patients
[2025-01-27 18:57:42,470][root][INFO] - Got correlated params for 1357 patients
[2025-01-27 18:57:42,471][root][INFO] - Simulating beta_c parameters
[2025-01-27 18:57:42,472][root][INFO] - Randomising outputs
[2025-01-27 18:58:10,349][src.data.cancer_sim.dataset][INFO] - Processing train dataset before training
[2025-01-27 18:58:11,261][src.data.cancer_sim.dataset][INFO] - Shape of processed train data: {'cancer_volume': (10000, 60), 'chemo_dosage': (10000, 60), 'radio_dosage': (10000, 60), 'chemo_application': (10000, 60), 'radio_application': (10000, 60), 'chemo_probabilities': (10000, 60), 'radio_probabilities': (10000, 60), 'sequence_lengths': (10000,), 'death_flags': (10000, 60), 'recovery_flags': (10000, 60), 'patient_types': (10000,), 'prev_treatments': (10000, 59, 4), 'current_treatments': (10000, 59, 4), 'current_covariates': (10000, 59, 2), 'outputs': (10000, 59, 1), 'active_entries': (10000, 59, 1), 'unscaled_outputs': (10000, 59, 1), 'prev_outputs': (10000, 59, 1), 'static_features': (10000, 1)}
[2025-01-27 18:58:11,262][src.data.cancer_sim.dataset][INFO] - Processing val dataset before training
[2025-01-27 18:58:11,353][src.data.cancer_sim.dataset][INFO] - Shape of processed val data: {'cancer_volume': (1000, 60), 'chemo_dosage': (1000, 60), 'radio_dosage': (1000, 60), 'chemo_application': (1000, 60), 'radio_application': (1000, 60), 'chemo_probabilities': (1000, 60), 'radio_probabilities': (1000, 60), 'sequence_lengths': (1000,), 'death_flags': (1000, 60), 'recovery_flags': (1000, 60), 'patient_types': (1000,), 'prev_treatments': (1000, 59, 4), 'current_treatments': (1000, 59, 4), 'current_covariates': (1000, 59, 2), 'outputs': (1000, 59, 1), 'active_entries': (1000, 59, 1), 'unscaled_outputs': (1000, 59, 1), 'prev_outputs': (1000, 59, 1), 'static_features': (1000, 1)}
[2025-01-27 18:58:11,353][src.data.cancer_sim.dataset][INFO] - Processing test dataset before training
[2025-01-27 18:58:31,022][src.data.cancer_sim.dataset][INFO] - Shape of processed test data: {'cancer_volume': (225248, 60), 'chemo_application': (225248, 60), 'radio_application': (225248, 60), 'sequence_lengths': (225248,), 'patient_types': (225248,), 'prev_treatments': (225248, 59, 4), 'current_treatments': (225248, 59, 4), 'current_covariates': (225248, 59, 2), 'outputs': (225248, 59, 1), 'active_entries': (225248, 59, 1), 'unscaled_outputs': (225248, 59, 1), 'prev_outputs': (225248, 59, 1), 'static_features': (225248, 1)}
[2025-01-27 18:58:31,023][src.data.cancer_sim.dataset][INFO] - Processing test dataset before training
[2025-01-27 18:59:23,968][src.data.cancer_sim.dataset][INFO] - Shape of processed test data: {'cancer_volume': (554444, 65), 'chemo_application': (554444, 65), 'radio_application': (554444, 65), 'sequence_lengths': (554444,), 'patient_types': (554444,), 'patient_ids_all_trajectories': (554444,), 'patient_current_t': (554444,), 'prev_treatments': (554444, 64, 4), 'current_treatments': (554444, 64, 4), 'current_covariates': (554444, 64, 2), 'outputs': (554444, 64, 1), 'active_entries': (554444, 64, 1), 'unscaled_outputs': (554444, 64, 1), 'prev_outputs': (554444, 64, 1), 'static_features': (554444, 1)}
[2025-01-27 18:59:23,972][src.data.cancer_sim.dataset][INFO] - Processing test dataset before testing (multiple sequences)
[2025-01-27 18:59:31,409][src.data.cancer_sim.dataset][INFO] - Shape of processed test data: {'active_encoder_r': (554444, 59), 'prev_treatments': (554444, 5, 4), 'current_treatments': (554444, 5, 4), 'current_covariates': (554444, 5, 2), 'prev_outputs': (554444, 5, 1), 'static_features': (554444, 1), 'outputs': (554444, 5, 1), 'sequence_lengths': (554444,), 'active_entries': (554444, 5, 1), 'unscaled_outputs': (554444, 5, 1), 'patient_types': (554444,), 'patient_ids_all_trajectories': (554444,), 'patient_current_t': (554444,)}
[2025-01-27 18:59:33,992][src.models.gnet][INFO] - Input size of g_net: 6
[2025-01-27 18:59:34,144][src.data.dataset_collection][INFO] - Splited train_f on train_f: 9000 and train_f_holdout: 1000
[2025-01-27 18:59:34,145][src.data.dataset_collection][INFO] - Exploding test_cf_treatment_seq 50 times
[2025-01-27 19:04:05,676][src.models.gnet][INFO] - Fitting residuals based on train_f_holdout.
[2025-01-27 19:04:05,676][src.models.gnet][INFO] - Predictions for train.
[2025-01-27 19:04:06,430][src.models.time_varying_model][INFO] - RMSE calculation for val.
[2025-01-27 19:04:06,430][src.models.gnet][INFO] - Predictions for val.
[2025-01-27 19:04:07,190][__main__][INFO] - Val normalised RMSE (all): 0.6477167815915481; Val normalised RMSE (orig): 0.6394245610260628
[2025-01-27 19:04:07,190][src.models.time_varying_model][INFO] - RMSE calculation for test.
[2025-01-27 19:04:07,190][src.models.gnet][INFO] - Predictions for test.
[2025-01-27 19:04:19,622][__main__][INFO] - Test normalised RMSE (all): 0.9782665221174889; Test normalised RMSE (orig): 0.7666663422182929; Test normalised RMSE (only counterfactual): 1.3763716138933197
[2025-01-27 19:04:19,675][src.models.time_varying_model][INFO] - RMSE calculation for test.
[2025-01-27 19:04:19,675][src.models.gnet][INFO] - Autoregressive Prediction for test with MC-sampling of trajectories.
[2025-01-27 19:04:19,676][src.models.gnet][INFO] - t = 1
[2025-01-27 19:04:19,676][src.models.gnet][INFO] - Predictions for test.
[2025-01-27 19:04:49,151][src.models.gnet][INFO] - Predictions for test.
[2025-01-27 19:05:18,888][src.models.gnet][INFO] - Predictions for test.
[2025-01-27 19:05:48,411][src.models.gnet][INFO] - Predictions for test.
[2025-01-27 19:06:17,870][src.models.gnet][INFO] - Predictions for test.
[2025-01-27 19:06:47,357][src.models.gnet][INFO] - Predictions for test.
[2025-01-27 19:07:17,151][src.models.gnet][INFO] - Predictions for test.
[2025-01-27 19:07:46,810][src.models.gnet][INFO] - Predictions for test.
[2025-01-27 19:08:16,343][src.models.gnet][INFO] - Predictions for test.
[2025-01-27 19:08:45,880][src.models.gnet][INFO] - Predictions for test.
[2025-01-27 19:09:15,440][src.models.gnet][INFO] - Predictions for test.
[2025-01-27 19:09:44,953][src.models.gnet][INFO] - Predictions for test.
[2025-01-27 19:10:14,825][src.models.gnet][INFO] - Predictions for test.
[2025-01-27 19:10:44,293][src.models.gnet][INFO] - Predictions for test.
[2025-01-27 19:11:14,045][src.models.gnet][INFO] - Predictions for test.
[2025-01-27 19:11:43,683][src.models.gnet][INFO] - Predictions for test.
[2025-01-27 19:12:13,284][src.models.gnet][INFO] - Predictions for test.
[2025-01-27 19:12:42,730][src.models.gnet][INFO] - Predictions for test.
[2025-01-27 19:13:12,208][src.models.gnet][INFO] - Predictions for test.
[2025-01-27 19:13:41,783][src.models.gnet][INFO] - Predictions for test.
[2025-01-27 19:14:11,234][src.models.gnet][INFO] - Predictions for test.
[2025-01-27 19:14:40,793][src.models.gnet][INFO] - Predictions for test.
[2025-01-27 19:15:10,675][src.models.gnet][INFO] - Predictions for test.
[2025-01-27 19:15:40,319][src.models.gnet][INFO] - Predictions for test.
[2025-01-27 19:16:10,026][src.models.gnet][INFO] - Predictions for test.
[2025-01-27 19:16:39,584][src.models.gnet][INFO] - Predictions for test.
[2025-01-27 19:17:09,078][src.models.gnet][INFO] - Predictions for test.
[2025-01-27 19:17:38,673][src.models.gnet][INFO] - Predictions for test.
[2025-01-27 19:18:08,177][src.models.gnet][INFO] - Predictions for test.
[2025-01-27 19:18:37,543][src.models.gnet][INFO] - Predictions for test.
[2025-01-27 19:19:06,882][src.models.gnet][INFO] - Predictions for test.
[2025-01-27 19:19:36,294][src.models.gnet][INFO] - Predictions for test.
[2025-01-27 19:20:05,946][src.models.gnet][INFO] - Predictions for test.
[2025-01-27 19:20:35,376][src.models.gnet][INFO] - Predictions for test.
[2025-01-27 19:21:04,845][src.models.gnet][INFO] - Predictions for test.
[2025-01-27 19:21:34,421][src.models.gnet][INFO] - Predictions for test.
[2025-01-27 19:22:06,617][src.models.gnet][INFO] - Predictions for test.
[2025-01-27 19:22:35,952][src.models.gnet][INFO] - Predictions for test.
[2025-01-27 19:23:05,482][src.models.gnet][INFO] - Predictions for test.
[2025-01-27 19:23:34,926][src.models.gnet][INFO] - Predictions for test.
[2025-01-27 19:24:04,397][src.models.gnet][INFO] - Predictions for test.
[2025-01-27 19:24:33,755][src.models.gnet][INFO] - Predictions for test.
[2025-01-27 19:25:04,127][src.models.gnet][INFO] - Predictions for test.
[2025-01-27 19:25:33,560][src.models.gnet][INFO] - Predictions for test.
[2025-01-27 19:26:02,994][src.models.gnet][INFO] - Predictions for test.
[2025-01-27 19:26:32,411][src.models.gnet][INFO] - Predictions for test.
[2025-01-27 19:27:01,921][src.models.gnet][INFO] - Predictions for test.
[2025-01-27 19:27:31,558][src.models.gnet][INFO] - Predictions for test.
[2025-01-27 19:28:00,997][src.models.gnet][INFO] - Predictions for test.
[2025-01-27 19:28:30,515][src.models.gnet][INFO] - Predictions for test.
[2025-01-27 19:28:59,930][src.models.gnet][INFO] - t = 2
[2025-01-27 19:28:59,931][src.models.gnet][INFO] - Predictions for test.
[2025-01-27 19:29:29,378][src.models.gnet][INFO] - Predictions for test.
[2025-01-27 19:29:59,269][src.models.gnet][INFO] - Predictions for test.
[2025-01-27 19:30:28,921][src.models.gnet][INFO] - Predictions for test.
[2025-01-27 19:30:58,378][src.models.gnet][INFO] - Predictions for test.
[2025-01-27 19:31:27,820][src.models.gnet][INFO] - Predictions for test.
[2025-01-27 19:31:57,607][src.models.gnet][INFO] - Predictions for test.
[2025-01-27 19:32:27,171][src.models.gnet][INFO] - Predictions for test.
[2025-01-27 19:32:56,683][src.models.gnet][INFO] - Predictions for test.
[2025-01-27 19:33:26,247][src.models.gnet][INFO] - Predictions for test.
[2025-01-27 19:33:55,835][src.models.gnet][INFO] - Predictions for test.
[2025-01-27 19:34:25,274][src.models.gnet][INFO] - Predictions for test.
[2025-01-27 19:34:56,042][src.models.gnet][INFO] - Predictions for test.
[2025-01-27 19:35:27,480][src.models.gnet][INFO] - Predictions for test.
[2025-01-27 19:35:57,148][src.models.gnet][INFO] - Predictions for test.
[2025-01-27 19:36:26,647][src.models.gnet][INFO] - Predictions for test.
[2025-01-27 19:36:56,279][src.models.gnet][INFO] - Predictions for test.
[2025-01-27 19:37:25,821][src.models.gnet][INFO] - Predictions for test.
[2025-01-27 19:37:55,470][src.models.gnet][INFO] - Predictions for test.
[2025-01-27 19:38:24,858][src.models.gnet][INFO] - Predictions for test.
[2025-01-27 19:38:54,622][src.models.gnet][INFO] - Predictions for test.
[2025-01-27 19:39:24,101][src.models.gnet][INFO] - Predictions for test.
[2025-01-27 19:39:55,425][src.models.gnet][INFO] - Predictions for test.
[2025-01-27 19:40:26,906][src.models.gnet][INFO] - Predictions for test.
[2025-01-27 19:40:56,429][src.models.gnet][INFO] - Predictions for test.
[2025-01-27 19:41:26,024][src.models.gnet][INFO] - Predictions for test.
[2025-01-27 19:41:55,629][src.models.gnet][INFO] - Predictions for test.
[2025-01-27 19:42:24,996][src.models.gnet][INFO] - Predictions for test.
[2025-01-27 19:42:54,611][src.models.gnet][INFO] - Predictions for test.
[2025-01-27 19:43:24,130][src.models.gnet][INFO] - Predictions for test.
[2025-01-27 19:43:53,685][src.models.gnet][INFO] - Predictions for test.
[2025-01-27 19:44:23,156][src.models.gnet][INFO] - Predictions for test.
[2025-01-27 19:44:56,432][src.models.gnet][INFO] - Predictions for test.
[2025-01-27 19:45:28,005][src.models.gnet][INFO] - Predictions for test.
[2025-01-27 19:45:57,500][src.models.gnet][INFO] - Predictions for test.
[2025-01-27 19:46:26,911][src.models.gnet][INFO] - Predictions for test.
[2025-01-27 19:46:56,479][src.models.gnet][INFO] - Predictions for test.
[2025-01-27 19:47:26,156][src.models.gnet][INFO] - Predictions for test.
[2025-01-27 19:47:55,823][src.models.gnet][INFO] - Predictions for test.
[2025-01-27 19:48:25,358][src.models.gnet][INFO] - Predictions for test.
[2025-01-27 19:48:54,918][src.models.gnet][INFO] - Predictions for test.
[2025-01-27 19:49:24,335][src.models.gnet][INFO] - Predictions for test.
[2025-01-27 19:49:56,731][src.models.gnet][INFO] - Predictions for test.
[2025-01-27 19:50:28,309][src.models.gnet][INFO] - Predictions for test.
[2025-01-27 19:50:57,775][src.models.gnet][INFO] - Predictions for test.
[2025-01-27 19:51:27,224][src.models.gnet][INFO] - Predictions for test.
[2025-01-27 19:51:56,888][src.models.gnet][INFO] - Predictions for test.
[2025-01-27 19:52:26,365][src.models.gnet][INFO] - Predictions for test.
[2025-01-27 19:52:55,954][src.models.gnet][INFO] - Predictions for test.
[2025-01-27 19:53:25,828][src.models.gnet][INFO] - Predictions for test.
[2025-01-27 19:53:55,443][src.models.gnet][INFO] - t = 3
[2025-01-27 19:53:55,444][src.models.gnet][INFO] - Predictions for test.
[2025-01-27 19:54:25,000][src.models.gnet][INFO] - Predictions for test.
[2025-01-27 19:54:56,384][src.models.gnet][INFO] - Predictions for test.
[2025-01-27 19:55:28,130][src.models.gnet][INFO] - Predictions for test.
[2025-01-27 19:55:57,765][src.models.gnet][INFO] - Predictions for test.
[2025-01-27 19:56:27,290][src.models.gnet][INFO] - Predictions for test.
[2025-01-27 19:56:56,823][src.models.gnet][INFO] - Predictions for test.
[2025-01-27 19:57:26,386][src.models.gnet][INFO] - Predictions for test.
[2025-01-27 19:57:55,869][src.models.gnet][INFO] - Predictions for test.
[2025-01-27 19:58:25,400][src.models.gnet][INFO] - Predictions for test.
[2025-01-27 19:58:54,943][src.models.gnet][INFO] - Predictions for test.
[2025-01-27 19:59:24,311][src.models.gnet][INFO] - Predictions for test.
[2025-01-27 19:59:56,383][src.models.gnet][INFO] - Predictions for test.
[2025-01-27 20:00:27,958][src.models.gnet][INFO] - Predictions for test.
[2025-01-27 20:00:57,392][src.models.gnet][INFO] - Predictions for test.
[2025-01-27 20:01:26,885][src.models.gnet][INFO] - Predictions for test.
[2025-01-27 20:01:56,505][src.models.gnet][INFO] - Predictions for test.
[2025-01-27 20:02:25,982][src.models.gnet][INFO] - Predictions for test.
[2025-01-27 20:02:55,401][src.models.gnet][INFO] - Predictions for test.
[2025-01-27 20:03:25,238][src.models.gnet][INFO] - Predictions for test.
[2025-01-27 20:03:54,757][src.models.gnet][INFO] - Predictions for test.
[2025-01-27 20:04:24,126][src.models.gnet][INFO] - Predictions for test.
[2025-01-27 20:04:56,740][src.models.gnet][INFO] - Predictions for test.
[2025-01-27 20:05:28,210][src.models.gnet][INFO] - Predictions for test.
[2025-01-27 20:05:57,679][src.models.gnet][INFO] - Predictions for test.
[2025-01-27 20:06:26,987][src.models.gnet][INFO] - Predictions for test.
[2025-01-27 20:06:56,467][src.models.gnet][INFO] - Predictions for test.
[2025-01-27 20:07:25,982][src.models.gnet][INFO] - Predictions for test.
[2025-01-27 20:07:55,560][src.models.gnet][INFO] - Predictions for test.
[2025-01-27 20:08:24,965][src.models.gnet][INFO] - Predictions for test.
[2025-01-27 20:08:54,390][src.models.gnet][INFO] - Predictions for test.
[2025-01-27 20:09:23,838][src.models.gnet][INFO] - Predictions for test.
[2025-01-27 20:09:56,662][src.models.gnet][INFO] - Predictions for test.
[2025-01-27 20:10:28,403][src.models.gnet][INFO] - Predictions for test.
[2025-01-27 20:10:57,726][src.models.gnet][INFO] - Predictions for test.
[2025-01-27 20:11:27,163][src.models.gnet][INFO] - Predictions for test.
[2025-01-27 20:11:56,571][src.models.gnet][INFO] - Predictions for test.
[2025-01-27 20:12:25,947][src.models.gnet][INFO] - Predictions for test.
[2025-01-27 20:12:55,345][src.models.gnet][INFO] - Predictions for test.
[2025-01-27 20:13:24,700][src.models.gnet][INFO] - Predictions for test.
[2025-01-27 20:13:54,459][src.models.gnet][INFO] - Predictions for test.
[2025-01-27 20:14:23,968][src.models.gnet][INFO] - Predictions for test.
[2025-01-27 20:14:56,694][src.models.gnet][INFO] - Predictions for test.
[2025-01-27 20:15:28,259][src.models.gnet][INFO] - Predictions for test.
[2025-01-27 20:15:57,596][src.models.gnet][INFO] - Predictions for test.
[2025-01-27 20:16:26,941][src.models.gnet][INFO] - Predictions for test.
[2025-01-27 20:16:56,331][src.models.gnet][INFO] - Predictions for test.
[2025-01-27 20:17:25,768][src.models.gnet][INFO] - Predictions for test.
[2025-01-27 20:17:55,350][src.models.gnet][INFO] - Predictions for test.
[2025-01-27 20:18:24,767][src.models.gnet][INFO] - Predictions for test.
[2025-01-27 20:18:54,096][src.models.gnet][INFO] - t = 4
[2025-01-27 20:18:54,096][src.models.gnet][INFO] - Predictions for test.
[2025-01-27 20:19:23,717][src.models.gnet][INFO] - Predictions for test.
[2025-01-27 20:19:56,467][src.models.gnet][INFO] - Predictions for test.
[2025-01-27 20:20:27,973][src.models.gnet][INFO] - Predictions for test.
[2025-01-27 20:20:57,473][src.models.gnet][INFO] - Predictions for test.
[2025-01-27 20:21:26,887][src.models.gnet][INFO] - Predictions for test.
[2025-01-27 20:21:56,304][src.models.gnet][INFO] - Predictions for test.
[2025-01-27 20:22:25,786][src.models.gnet][INFO] - Predictions for test.
[2025-01-27 20:22:55,227][src.models.gnet][INFO] - Predictions for test.
[2025-01-27 20:23:24,747][src.models.gnet][INFO] - Predictions for test.
[2025-01-27 20:23:54,429][src.models.gnet][INFO] - Predictions for test.
[2025-01-27 20:24:24,072][src.models.gnet][INFO] - Predictions for test.
[2025-01-27 20:24:56,733][src.models.gnet][INFO] - Predictions for test.
[2025-01-27 20:25:28,250][src.models.gnet][INFO] - Predictions for test.
[2025-01-27 20:25:57,692][src.models.gnet][INFO] - Predictions for test.
[2025-01-27 20:26:26,966][src.models.gnet][INFO] - Predictions for test.
[2025-01-27 20:26:56,355][src.models.gnet][INFO] - Predictions for test.
[2025-01-27 20:27:25,586][src.models.gnet][INFO] - Predictions for test.
[2025-01-27 20:27:54,995][src.models.gnet][INFO] - Predictions for test.
[2025-01-27 20:28:24,397][src.models.gnet][INFO] - Predictions for test.
[2025-01-27 20:28:53,720][src.models.gnet][INFO] - Predictions for test.
[2025-01-27 20:29:23,054][src.models.gnet][INFO] - Predictions for test.
[2025-01-27 20:29:52,369][src.models.gnet][INFO] - Predictions for test.
[2025-01-27 20:30:21,625][src.models.gnet][INFO] - Predictions for test.
[2025-01-27 20:30:50,921][src.models.gnet][INFO] - Predictions for test.
[2025-01-27 20:31:20,217][src.models.gnet][INFO] - Predictions for test.
[2025-01-27 20:31:49,449][src.models.gnet][INFO] - Predictions for test.
[2025-01-27 20:32:18,768][src.models.gnet][INFO] - Predictions for test.
[2025-01-27 20:32:48,011][src.models.gnet][INFO] - Predictions for test.
[2025-01-27 20:33:17,285][src.models.gnet][INFO] - Predictions for test.
[2025-01-27 20:33:46,850][src.models.gnet][INFO] - Predictions for test.
[2025-01-27 20:34:16,298][src.models.gnet][INFO] - Predictions for test.
[2025-01-27 20:34:45,487][src.models.gnet][INFO] - Predictions for test.
[2025-01-27 20:35:15,087][src.models.gnet][INFO] - Predictions for test.
[2025-01-27 20:35:44,458][src.models.gnet][INFO] - Predictions for test.
[2025-01-27 20:36:13,732][src.models.gnet][INFO] - Predictions for test.
[2025-01-27 20:36:42,932][src.models.gnet][INFO] - Predictions for test.
[2025-01-27 20:37:12,288][src.models.gnet][INFO] - Predictions for test.
[2025-01-27 20:37:41,548][src.models.gnet][INFO] - Predictions for test.
[2025-01-27 20:38:10,916][src.models.gnet][INFO] - Predictions for test.
[2025-01-27 20:38:40,093][src.models.gnet][INFO] - Predictions for test.
[2025-01-27 20:39:09,365][src.models.gnet][INFO] - Predictions for test.
[2025-01-27 20:39:38,546][src.models.gnet][INFO] - Predictions for test.
[2025-01-27 20:40:07,979][src.models.gnet][INFO] - Predictions for test.
[2025-01-27 20:40:37,227][src.models.gnet][INFO] - Predictions for test.
[2025-01-27 20:41:06,605][src.models.gnet][INFO] - Predictions for test.
[2025-01-27 20:41:35,806][src.models.gnet][INFO] - Predictions for test.
[2025-01-27 20:42:06,828][src.models.gnet][INFO] - Predictions for test.
[2025-01-27 20:42:36,088][src.models.gnet][INFO] - Predictions for test.
[2025-01-27 20:43:05,312][src.models.gnet][INFO] - Predictions for test.
[2025-01-27 20:43:34,625][src.models.gnet][INFO] - t = 5
[2025-01-27 20:43:34,625][src.models.gnet][INFO] - Predictions for test.
[2025-01-27 20:44:04,128][src.models.gnet][INFO] - Predictions for test.
[2025-01-27 20:44:33,486][src.models.gnet][INFO] - Predictions for test.
[2025-01-27 20:45:04,743][src.models.gnet][INFO] - Predictions for test.
[2025-01-27 20:45:34,166][src.models.gnet][INFO] - Predictions for test.
[2025-01-27 20:46:03,412][src.models.gnet][INFO] - Predictions for test.
[2025-01-27 20:46:32,586][src.models.gnet][INFO] - Predictions for test.
[2025-01-27 20:47:01,940][src.models.gnet][INFO] - Predictions for test.
[2025-01-27 20:47:31,285][src.models.gnet][INFO] - Predictions for test.
[2025-01-27 20:48:00,654][src.models.gnet][INFO] - Predictions for test.
[2025-01-27 20:48:29,803][src.models.gnet][INFO] - Predictions for test.
[2025-01-27 20:48:59,021][src.models.gnet][INFO] - Predictions for test.
[2025-01-27 20:49:28,293][src.models.gnet][INFO] - Predictions for test.
[2025-01-27 20:49:59,675][src.models.gnet][INFO] - Predictions for test.
[2025-01-27 20:50:28,982][src.models.gnet][INFO] - Predictions for test.
[2025-01-27 20:50:58,392][src.models.gnet][INFO] - Predictions for test.
[2025-01-27 20:51:27,611][src.models.gnet][INFO] - Predictions for test.
[2025-01-27 20:51:56,836][src.models.gnet][INFO] - Predictions for test.
[2025-01-27 20:52:26,137][src.models.gnet][INFO] - Predictions for test.
[2025-01-27 20:52:55,380][src.models.gnet][INFO] - Predictions for test.
[2025-01-27 20:53:24,698][src.models.gnet][INFO] - Predictions for test.
[2025-01-27 20:53:54,025][src.models.gnet][INFO] - Predictions for test.
[2025-01-27 20:54:23,474][src.models.gnet][INFO] - Predictions for test.
[2025-01-27 20:54:56,079][src.models.gnet][INFO] - Predictions for test.
[2025-01-27 20:55:27,558][src.models.gnet][INFO] - Predictions for test.
[2025-01-27 20:55:56,765][src.models.gnet][INFO] - Predictions for test.
[2025-01-27 20:56:25,922][src.models.gnet][INFO] - Predictions for test.
[2025-01-27 20:56:55,171][src.models.gnet][INFO] - Predictions for test.
[2025-01-27 20:57:24,476][src.models.gnet][INFO] - Predictions for test.
[2025-01-27 20:57:53,753][src.models.gnet][INFO] - Predictions for test.
[2025-01-27 20:58:22,974][src.models.gnet][INFO] - Predictions for test.
[2025-01-27 20:58:52,202][src.models.gnet][INFO] - Predictions for test.
[2025-01-27 20:59:21,721][src.models.gnet][INFO] - Predictions for test.
[2025-01-27 20:59:51,430][src.models.gnet][INFO] - Predictions for test.
[2025-01-27 21:00:21,138][src.models.gnet][INFO] - Predictions for test.
[2025-01-27 21:00:50,460][src.models.gnet][INFO] - Predictions for test.
[2025-01-27 21:01:19,789][src.models.gnet][INFO] - Predictions for test.
[2025-01-27 21:01:49,009][src.models.gnet][INFO] - Predictions for test.
[2025-01-27 21:02:18,391][src.models.gnet][INFO] - Predictions for test.
[2025-01-27 21:02:47,714][src.models.gnet][INFO] - Predictions for test.
[2025-01-27 21:03:16,969][src.models.gnet][INFO] - Predictions for test.
[2025-01-27 21:03:46,355][src.models.gnet][INFO] - Predictions for test.
[2025-01-27 21:04:15,736][src.models.gnet][INFO] - Predictions for test.
[2025-01-27 21:04:45,177][src.models.gnet][INFO] - Predictions for test.
[2025-01-27 21:05:14,804][src.models.gnet][INFO] - Predictions for test.
[2025-01-27 21:05:43,994][src.models.gnet][INFO] - Predictions for test.
[2025-01-27 21:06:13,240][src.models.gnet][INFO] - Predictions for test.
[2025-01-27 21:06:42,568][src.models.gnet][INFO] - Predictions for test.
[2025-01-27 21:07:11,818][src.models.gnet][INFO] - Predictions for test.
[2025-01-27 21:07:40,967][src.models.gnet][INFO] - Predictions for test.
[2025-01-27 21:08:10,391][src.models.gnet][INFO] - t = 6
[2025-01-27 21:08:10,395][src.models.gnet][INFO] - Predictions for test.
[2025-01-27 21:08:39,504][src.models.gnet][INFO] - Predictions for test.
[2025-01-27 21:09:08,606][src.models.gnet][INFO] - Predictions for test.
[2025-01-27 21:09:37,637][src.models.gnet][INFO] - Predictions for test.
[2025-01-27 21:10:07,108][src.models.gnet][INFO] - Predictions for test.
[2025-01-27 21:10:36,142][src.models.gnet][INFO] - Predictions for test.
[2025-01-27 21:11:05,431][src.models.gnet][INFO] - Predictions for test.
[2025-01-27 21:11:34,491][src.models.gnet][INFO] - Predictions for test.
[2025-01-27 21:12:06,663][src.models.gnet][INFO] - Predictions for test.
[2025-01-27 21:12:35,778][src.models.gnet][INFO] - Predictions for test.
[2025-01-27 21:13:04,847][src.models.gnet][INFO] - Predictions for test.
[2025-01-27 21:13:33,880][src.models.gnet][INFO] - Predictions for test.
[2025-01-27 21:14:03,082][src.models.gnet][INFO] - Predictions for test.
[2025-01-27 21:14:32,215][src.models.gnet][INFO] - Predictions for test.
[2025-01-27 21:15:04,360][src.models.gnet][INFO] - Predictions for test.
[2025-01-27 21:15:33,456][src.models.gnet][INFO] - Predictions for test.
[2025-01-27 21:16:02,556][src.models.gnet][INFO] - Predictions for test.
[2025-01-27 21:16:31,569][src.models.gnet][INFO] - Predictions for test.
[2025-01-27 21:17:00,637][src.models.gnet][INFO] - Predictions for test.
[2025-01-27 21:17:29,720][src.models.gnet][INFO] - Predictions for test.
[2025-01-27 21:17:58,876][src.models.gnet][INFO] - Predictions for test.
[2025-01-27 21:18:27,931][src.models.gnet][INFO] - Predictions for test.
[2025-01-27 21:18:57,014][src.models.gnet][INFO] - Predictions for test.
[2025-01-27 21:19:26,081][src.models.gnet][INFO] - Predictions for test.
[2025-01-27 21:19:56,699][src.models.gnet][INFO] - Predictions for test.
[2025-01-27 21:20:27,976][src.models.gnet][INFO] - Predictions for test.
[2025-01-27 21:20:57,085][src.models.gnet][INFO] - Predictions for test.
[2025-01-27 21:21:26,215][src.models.gnet][INFO] - Predictions for test.
[2025-01-27 21:21:55,273][src.models.gnet][INFO] - Predictions for test.
[2025-01-27 21:22:24,304][src.models.gnet][INFO] - Predictions for test.
[2025-01-27 21:22:53,440][src.models.gnet][INFO] - Predictions for test.
[2025-01-27 21:23:22,485][src.models.gnet][INFO] - Predictions for test.
[2025-01-27 21:23:51,567][src.models.gnet][INFO] - Predictions for test.
[2025-01-27 21:24:20,739][src.models.gnet][INFO] - Predictions for test.
[2025-01-27 21:24:49,890][src.models.gnet][INFO] - Predictions for test.
[2025-01-27 21:25:19,553][src.models.gnet][INFO] - Predictions for test.
[2025-01-27 21:25:48,591][src.models.gnet][INFO] - Predictions for test.
[2025-01-27 21:26:17,750][src.models.gnet][INFO] - Predictions for test.
[2025-01-27 21:26:46,755][src.models.gnet][INFO] - Predictions for test.
[2025-01-27 21:27:15,804][src.models.gnet][INFO] - Predictions for test.
[2025-01-27 21:27:44,790][src.models.gnet][INFO] - Predictions for test.
[2025-01-27 21:28:13,977][src.models.gnet][INFO] - Predictions for test.
[2025-01-27 21:28:43,011][src.models.gnet][INFO] - Predictions for test.
[2025-01-27 21:29:12,122][src.models.gnet][INFO] - Predictions for test.
[2025-01-27 21:29:41,161][src.models.gnet][INFO] - Predictions for test.
[2025-01-27 21:30:10,466][src.models.gnet][INFO] - Predictions for test.
[2025-01-27 21:30:39,518][src.models.gnet][INFO] - Predictions for test.
[2025-01-27 21:31:08,751][src.models.gnet][INFO] - Predictions for test.
[2025-01-27 21:31:38,530][src.models.gnet][INFO] - Predictions for test.
[2025-01-27 21:32:07,612][src.models.gnet][INFO] - Predictions for test.
[2025-01-27 21:32:38,836][__main__][INFO] - Test normalised RMSE (n-step prediction): {'2-step': 1.5764753831264868, '3-step': 1.9388052993681262, '4-step': 2.152645731513343, '5-step': 2.2901074054124524, '6-step': 2.3780666943279285}
