[2025-01-27 15:07:09,675][__main__][INFO] - 
model:
  dim_treatments: 4
  dim_vitals: 0
  dim_static_features: 1
  dim_outcomes: 1
  name: CT
  multi:
    _target_: src.models.ct.CT
    max_seq_length: 65
    seq_hidden_units: 12
    br_size: 16
    fc_hidden_units: 48
    dropout_rate: 0.1
    num_layer: 1
    num_heads: 2
    max_grad_norm: null
    batch_size: 256
    attn_dropout: true
    disable_cross_attention: false
    isolate_subnetwork: _
    self_positional_encoding:
      absolute: false
      trainable: true
      max_relative_position: 15
    optimizer:
      optimizer_cls: adam
      learning_rate: 0.01
      weight_decay: 0.0
      lr_scheduler: false
    augment_with_masked_vitals: true
    tune_hparams: false
    tune_range: 50
    hparams_grid: null
    resources_per_trial: null
  self_positional_encoding:
    max_relative_position: 15
dataset:
  val_batch_size: 512
  treatment_mode: multiclass
  _target_: src.data.SyntheticCancerDatasetCollection
  name: tumor_generator
  coeff: 6.0
  chemo_coeff: 6.0
  radio_coeff: 6.0
  seed: 10
  random: true
  noise_percentage: 0.05
  num_patients:
    train: 10000
    val: 1000
    test: 1000
  window_size: 15
  lag: 0
  max_seq_length: 60
  projection_horizon: 5
  cf_seq_mode: sliding_treatment
exp:
  seed: 10
  gpus:
  - 0
  max_epochs: 50
  logging: true
  mlflow_uri: http://127.0.0.1:5000
  unscale_rmse: true
  percentage_rmse: true
  alpha: 0.01
  update_alpha: true
  alpha_rate: exp
  initial_balancing_method: domain_confusion
  final_balancing_method: domain_confusion
  bce_weight: false
  weights_ema: true
  beta: 0.99
  alpha_wass: 0.0001
  alpha_wass_epoch: false
  alpha_wass_growth: 0.001
  alpha_wass_max: 0.01
  balancing_switch_epoch: 49
  clustering_method: GMM
  number_clusters: 2
  num_timepoints: 59
  gap_epoch: 60
  checkpoint_dir: ./checkpoints/cancer/ct/random/6

[2025-01-27 15:07:09,690][root][INFO] - Simulating initial volumes for stage I  with norm params: mu=1.72, sigma=4.7, lb=-0.6221218732608373, ub=-0.023523848418276528
[2025-01-27 15:07:09,691][root][INFO] - Simulating initial volumes for stage II  with norm params: mu=1.96, sigma=1.63, lb=-1.9410876100159118, ub=0.3711345751297772
[2025-01-27 15:07:09,692][root][INFO] - Simulating initial volumes for stage IIIA  with norm params: mu=1.91, sigma=9.4, lb=-0.33127370258786554, ub=0.06967546355973796
[2025-01-27 15:07:09,693][root][INFO] - Simulating initial volumes for stage IIIB  with norm params: mu=2.76, sigma=6.87, lb=-0.5769974969906748, ub=-0.02839165102452155
[2025-01-27 15:07:09,695][root][INFO] - Simulating initial volumes for stage IV  with norm params: mu=3.86, sigma=8.82, lb=-0.5741465764541877, ub=-0.14683113860980307
[2025-01-27 15:07:09,704][root][INFO] - Got correlated params for 4658 patients
[2025-01-27 15:07:09,709][root][INFO] - Got correlated params for 9338 patients
[2025-01-27 15:07:09,713][root][INFO] - Got correlated params for 13912 patients
[2025-01-27 15:07:09,720][root][INFO] - Simulating beta_c parameters
[2025-01-27 15:07:09,725][root][INFO] - Randomising outputs
[2025-01-27 15:07:27,434][src.data.cancer_sim.dataset][INFO] - Processing train dataset before training
[2025-01-27 15:07:28,313][src.data.cancer_sim.dataset][INFO] - Shape of processed train data: {'cancer_volume': (10000, 60), 'chemo_dosage': (10000, 60), 'radio_dosage': (10000, 60), 'chemo_application': (10000, 60), 'radio_application': (10000, 60), 'chemo_probabilities': (10000, 60), 'radio_probabilities': (10000, 60), 'sequence_lengths': (10000,), 'death_flags': (10000, 60), 'recovery_flags': (10000, 60), 'patient_types': (10000,), 'prev_treatments': (10000, 59, 4), 'current_treatments': (10000, 59, 4), 'current_covariates': (10000, 59, 2), 'outputs': (10000, 59, 1), 'active_entries': (10000, 59, 1), 'unscaled_outputs': (10000, 59, 1), 'prev_outputs': (10000, 59, 1), 'static_features': (10000, 1)}
[2025-01-27 15:07:28,375][root][INFO] - Simulating initial volumes for stage I  with norm params: mu=1.72, sigma=4.7, lb=-0.6221218732608373, ub=-0.023523848418276528
[2025-01-27 15:07:28,376][root][INFO] - Simulating initial volumes for stage II  with norm params: mu=1.96, sigma=1.63, lb=-1.9410876100159118, ub=0.3711345751297772
[2025-01-27 15:07:28,377][root][INFO] - Simulating initial volumes for stage IIIA  with norm params: mu=1.91, sigma=9.4, lb=-0.33127370258786554, ub=0.06967546355973796
[2025-01-27 15:07:28,378][root][INFO] - Simulating initial volumes for stage IIIB  with norm params: mu=2.76, sigma=6.87, lb=-0.5769974969906748, ub=-0.02839165102452155
[2025-01-27 15:07:28,378][root][INFO] - Simulating initial volumes for stage IV  with norm params: mu=3.86, sigma=8.82, lb=-0.5741465764541877, ub=-0.14683113860980307
[2025-01-27 15:07:28,380][root][INFO] - Got correlated params for 455 patients
[2025-01-27 15:07:28,381][root][INFO] - Got correlated params for 905 patients
[2025-01-27 15:07:28,382][root][INFO] - Got correlated params for 1366 patients
[2025-01-27 15:07:28,383][root][INFO] - Simulating beta_c parameters
[2025-01-27 15:07:28,384][root][INFO] - Randomising outputs
[2025-01-27 15:07:30,137][root][INFO] - Simulating initial volumes for stage I  with norm params: mu=1.72, sigma=4.7, lb=-0.6221218732608373, ub=-0.023523848418276528
[2025-01-27 15:07:30,137][root][INFO] - Simulating initial volumes for stage II  with norm params: mu=1.96, sigma=1.63, lb=-1.9410876100159118, ub=0.3711345751297772
[2025-01-27 15:07:30,138][root][INFO] - Simulating initial volumes for stage IIIA  with norm params: mu=1.91, sigma=9.4, lb=-0.33127370258786554, ub=0.06967546355973796
[2025-01-27 15:07:30,139][root][INFO] - Simulating initial volumes for stage IIIB  with norm params: mu=2.76, sigma=6.87, lb=-0.5769974969906748, ub=-0.02839165102452155
[2025-01-27 15:07:30,139][root][INFO] - Simulating initial volumes for stage IV  with norm params: mu=3.86, sigma=8.82, lb=-0.5741465764541877, ub=-0.14683113860980307
[2025-01-27 15:07:30,141][root][INFO] - Got correlated params for 493 patients
[2025-01-27 15:07:30,142][root][INFO] - Got correlated params for 947 patients
[2025-01-27 15:07:30,143][root][INFO] - Got correlated params for 1403 patients
[2025-01-27 15:07:30,144][root][INFO] - Simulating beta_c parameters
[2025-01-27 15:07:30,145][root][INFO] - Randomising outputs
[2025-01-27 15:07:35,978][root][INFO] - Simulating initial volumes for stage I  with norm params: mu=1.72, sigma=4.7, lb=-0.6221218732608373, ub=-0.023523848418276528
[2025-01-27 15:07:35,980][root][INFO] - Simulating initial volumes for stage II  with norm params: mu=1.96, sigma=1.63, lb=-1.9410876100159118, ub=0.3711345751297772
[2025-01-27 15:07:35,980][root][INFO] - Simulating initial volumes for stage IIIA  with norm params: mu=1.91, sigma=9.4, lb=-0.33127370258786554, ub=0.06967546355973796
[2025-01-27 15:07:35,981][root][INFO] - Simulating initial volumes for stage IIIB  with norm params: mu=2.76, sigma=6.87, lb=-0.5769974969906748, ub=-0.02839165102452155
[2025-01-27 15:07:35,982][root][INFO] - Simulating initial volumes for stage IV  with norm params: mu=3.86, sigma=8.82, lb=-0.5741465764541877, ub=-0.14683113860980307
[2025-01-27 15:07:35,984][root][INFO] - Got correlated params for 445 patients
[2025-01-27 15:07:35,985][root][INFO] - Got correlated params for 895 patients
[2025-01-27 15:07:35,986][root][INFO] - Got correlated params for 1355 patients
[2025-01-27 15:07:35,987][root][INFO] - Simulating beta_c parameters
[2025-01-27 15:07:35,988][root][INFO] - Randomising outputs
[2025-01-27 15:08:05,508][src.data.cancer_sim.dataset][INFO] - train Dataset already processed
[2025-01-27 15:08:05,508][src.data.cancer_sim.dataset][INFO] - Processing val dataset before training
[2025-01-27 15:08:05,597][src.data.cancer_sim.dataset][INFO] - Shape of processed val data: {'cancer_volume': (1000, 60), 'chemo_dosage': (1000, 60), 'radio_dosage': (1000, 60), 'chemo_application': (1000, 60), 'radio_application': (1000, 60), 'chemo_probabilities': (1000, 60), 'radio_probabilities': (1000, 60), 'sequence_lengths': (1000,), 'death_flags': (1000, 60), 'recovery_flags': (1000, 60), 'patient_types': (1000,), 'prev_treatments': (1000, 59, 4), 'current_treatments': (1000, 59, 4), 'current_covariates': (1000, 59, 2), 'outputs': (1000, 59, 1), 'active_entries': (1000, 59, 1), 'unscaled_outputs': (1000, 59, 1), 'prev_outputs': (1000, 59, 1), 'static_features': (1000, 1)}
[2025-01-27 15:08:05,598][src.data.cancer_sim.dataset][INFO] - Processing test dataset before training
[2025-01-27 15:08:24,505][src.data.cancer_sim.dataset][INFO] - Shape of processed test data: {'cancer_volume': (212236, 60), 'chemo_application': (212236, 60), 'radio_application': (212236, 60), 'sequence_lengths': (212236,), 'patient_types': (212236,), 'prev_treatments': (212236, 59, 4), 'current_treatments': (212236, 59, 4), 'current_covariates': (212236, 59, 2), 'outputs': (212236, 59, 1), 'active_entries': (212236, 59, 1), 'unscaled_outputs': (212236, 59, 1), 'prev_outputs': (212236, 59, 1), 'static_features': (212236, 1)}
[2025-01-27 15:08:24,507][src.data.cancer_sim.dataset][INFO] - Processing test dataset before training
[2025-01-27 15:09:18,700][src.data.cancer_sim.dataset][INFO] - Shape of processed test data: {'cancer_volume': (576878, 65), 'chemo_application': (576878, 65), 'radio_application': (576878, 65), 'sequence_lengths': (576878,), 'patient_types': (576878,), 'patient_ids_all_trajectories': (576878,), 'patient_current_t': (576878,), 'prev_treatments': (576878, 64, 4), 'current_treatments': (576878, 64, 4), 'current_covariates': (576878, 64, 2), 'outputs': (576878, 64, 1), 'active_entries': (576878, 64, 1), 'unscaled_outputs': (576878, 64, 1), 'prev_outputs': (576878, 64, 1), 'static_features': (576878, 1)}
[2025-01-27 15:09:18,704][src.data.cancer_sim.dataset][INFO] - Processing test dataset before testing (multiple sequences)
[2025-01-27 15:09:26,572][src.data.cancer_sim.dataset][INFO] - Shape of processed test data: {'active_encoder_r': (576878, 59), 'prev_treatments': (576878, 5, 4), 'current_treatments': (576878, 5, 4), 'current_covariates': (576878, 5, 2), 'prev_outputs': (576878, 5, 1), 'static_features': (576878, 1), 'outputs': (576878, 5, 1), 'sequence_lengths': (576878,), 'active_entries': (576878, 5, 1), 'unscaled_outputs': (576878, 5, 1), 'patient_types': (576878,), 'patient_ids_all_trajectories': (576878,), 'patient_current_t': (576878,)}
[2025-01-27 15:09:29,138][src.models.ct][INFO] - Max input size of multi: 4
[2025-01-27 15:12:49,329][src.models.time_varying_model][INFO] - RMSE calculation for val.
[2025-01-27 15:12:49,330][src.models.time_varying_model][INFO] - Predictions for val.
[2025-01-27 15:12:50,368][__main__][INFO] - Val normalised RMSE (all): 0.593824872829827; Val normalised RMSE (orig): 0.5896438780715137
[2025-01-27 15:12:50,369][src.models.time_varying_model][INFO] - RMSE calculation for test.
[2025-01-27 15:12:50,369][src.models.time_varying_model][INFO] - Predictions for test.
[2025-01-27 15:13:07,775][__main__][INFO] - Test normalised RMSE (all): 1.9191835588196173; Test normalised RMSE (orig): 2.051733479991367; Test normalised RMSE (only counterfactual): 2.0505104127909743
[2025-01-27 15:13:07,822][src.models.time_varying_model][INFO] - RMSE calculation for test.
[2025-01-27 15:13:07,822][src.models.ct][INFO] - Autoregressive Prediction for test.
[2025-01-27 15:13:07,825][src.models.ct][INFO] - t = 1
[2025-01-27 15:13:07,825][src.models.time_varying_model][INFO] - Predictions for test.
[2025-01-27 15:14:05,873][src.models.ct][INFO] - t = 2
[2025-01-27 15:14:05,874][src.models.time_varying_model][INFO] - Predictions for test.
[2025-01-27 15:15:04,373][src.models.ct][INFO] - t = 3
[2025-01-27 15:15:04,374][src.models.time_varying_model][INFO] - Predictions for test.
[2025-01-27 15:16:02,328][src.models.ct][INFO] - t = 4
[2025-01-27 15:16:02,328][src.models.time_varying_model][INFO] - Predictions for test.
[2025-01-27 15:17:00,036][src.models.ct][INFO] - t = 5
[2025-01-27 15:17:00,036][src.models.time_varying_model][INFO] - Predictions for test.
[2025-01-27 15:17:59,088][src.models.ct][INFO] - t = 6
[2025-01-27 15:17:59,089][src.models.time_varying_model][INFO] - Predictions for test.
[2025-01-27 15:18:58,798][__main__][INFO] - Test normalised RMSE (n-step prediction): {'2-step': 1.0781764687613105, '3-step': 1.2404908328700366, '4-step': 1.3534903979635406, '5-step': 1.4337978168387886, '6-step': 1.479950836091672}
