[2025-01-30 04:39:18,458][__main__][INFO] - 
model:
  dim_treatments: 4
  dim_vitals: 0
  dim_static_features: 1
  dim_outcomes: 1
  name: CRN
  encoder:
    _target_: src.models.crn.CRNEncoder
    seq_hidden_units: 24
    br_size: 18
    fc_hidden_units: 36
    dropout_rate: 0.1
    num_layer: 1
    batch_size: 128
    optimizer:
      optimizer_cls: adam
      learning_rate: 0.001
      weight_decay: 0.0
      lr_scheduler: false
    tune_hparams: false
    tune_range: 50
    hparams_grid: null
    resources_per_trial: null
  train_decoder: true
  decoder:
    _target_: src.models.crn.CRNDecoder
    seq_hidden_units: null
    br_size: 24
    fc_hidden_units: 24
    dropout_rate: 0.2
    num_layer: 1
    batch_size: 512
    optimizer:
      optimizer_cls: adam
      learning_rate: 0.001
      weight_decay: 0.0
      lr_scheduler: false
    tune_hparams: false
    tune_range: 30
    hparams_grid: null
    resources_per_trial: null
dataset:
  val_batch_size: 512
  treatment_mode: multiclass
  _target_: src.data.SyntheticCancerDatasetCollection
  name: tumor_generator
  coeff: 0.0
  chemo_coeff: 0.0
  radio_coeff: 0.0
  seed: 10
  random: true
  noise_percentage: 0.05
  num_patients:
    train: 10000
    val: 1000
    test: 1000
  window_size: 15
  lag: 0
  max_seq_length: 60
  projection_horizon: 5
  cf_seq_mode: sliding_treatment
exp:
  seed: 10
  gpus:
  - 0
  max_epochs: 120
  logging: true
  mlflow_uri: http://127.0.0.1:5000
  unscale_rmse: true
  percentage_rmse: true
  alpha: 0.01
  update_alpha: true
  alpha_rate: exp
  initial_balancing_method: grad_reverse
  final_balancing_method: subgroup
  bce_weight: false
  weights_ema: false
  beta: 0.99
  alpha_wass: 0.0001
  alpha_wass_epoch: false
  alpha_wass_growth: 0.001
  alpha_wass_max: 0.01
  balancing: grad_reverse
  balancing_switch_epoch: 99
  gap_epoch: 10
  clustering_method: GMM
  number_clusters: 2
  num_timepoints: 59
  checkpoint_dir: ./checkpoints/cancer/crn/0

[2025-01-30 04:39:18,481][root][INFO] - Simulating initial volumes for stage I  with norm params: mu=1.72, sigma=4.7, lb=-0.6221218732608373, ub=-0.023523848418276528
[2025-01-30 04:39:18,490][root][INFO] - Simulating initial volumes for stage II  with norm params: mu=1.96, sigma=1.63, lb=-1.9410876100159118, ub=0.3711345751297772
[2025-01-30 04:39:18,491][root][INFO] - Simulating initial volumes for stage IIIA  with norm params: mu=1.91, sigma=9.4, lb=-0.33127370258786554, ub=0.06967546355973796
[2025-01-30 04:39:18,492][root][INFO] - Simulating initial volumes for stage IIIB  with norm params: mu=2.76, sigma=6.87, lb=-0.5769974969906748, ub=-0.02839165102452155
[2025-01-30 04:39:18,494][root][INFO] - Simulating initial volumes for stage IV  with norm params: mu=3.86, sigma=8.82, lb=-0.5741465764541877, ub=-0.14683113860980307
[2025-01-30 04:39:18,518][root][INFO] - Got correlated params for 4658 patients
[2025-01-30 04:39:18,523][root][INFO] - Got correlated params for 9338 patients
[2025-01-30 04:39:18,528][root][INFO] - Got correlated params for 13912 patients
[2025-01-30 04:39:18,536][root][INFO] - Simulating beta_c parameters
[2025-01-30 04:39:18,541][root][INFO] - Randomising outputs
[2025-01-30 04:39:32,393][src.data.cancer_sim.dataset][INFO] - Processing train dataset before training
[2025-01-30 04:39:33,539][src.data.cancer_sim.dataset][INFO] - Shape of processed train data: {'cancer_volume': (10000, 60), 'chemo_dosage': (10000, 60), 'radio_dosage': (10000, 60), 'chemo_application': (10000, 60), 'radio_application': (10000, 60), 'chemo_probabilities': (10000, 60), 'radio_probabilities': (10000, 60), 'sequence_lengths': (10000,), 'death_flags': (10000, 60), 'recovery_flags': (10000, 60), 'patient_types': (10000,), 'prev_treatments': (10000, 59, 4), 'current_treatments': (10000, 59, 4), 'current_covariates': (10000, 59, 2), 'outputs': (10000, 59, 1), 'active_entries': (10000, 59, 1), 'unscaled_outputs': (10000, 59, 1), 'prev_outputs': (10000, 59, 1), 'static_features': (10000, 1)}
[2025-01-30 04:39:33,591][root][INFO] - Simulating initial volumes for stage I  with norm params: mu=1.72, sigma=4.7, lb=-0.6221218732608373, ub=-0.023523848418276528
[2025-01-30 04:39:33,592][root][INFO] - Simulating initial volumes for stage II  with norm params: mu=1.96, sigma=1.63, lb=-1.9410876100159118, ub=0.3711345751297772
[2025-01-30 04:39:33,592][root][INFO] - Simulating initial volumes for stage IIIA  with norm params: mu=1.91, sigma=9.4, lb=-0.33127370258786554, ub=0.06967546355973796
[2025-01-30 04:39:33,593][root][INFO] - Simulating initial volumes for stage IIIB  with norm params: mu=2.76, sigma=6.87, lb=-0.5769974969906748, ub=-0.02839165102452155
[2025-01-30 04:39:33,594][root][INFO] - Simulating initial volumes for stage IV  with norm params: mu=3.86, sigma=8.82, lb=-0.5741465764541877, ub=-0.14683113860980307
[2025-01-30 04:39:33,596][root][INFO] - Got correlated params for 455 patients
[2025-01-30 04:39:33,597][root][INFO] - Got correlated params for 905 patients
[2025-01-30 04:39:33,598][root][INFO] - Got correlated params for 1366 patients
[2025-01-30 04:39:33,599][root][INFO] - Simulating beta_c parameters
[2025-01-30 04:39:33,600][root][INFO] - Randomising outputs
[2025-01-30 04:39:34,991][root][INFO] - Simulating initial volumes for stage I  with norm params: mu=1.72, sigma=4.7, lb=-0.6221218732608373, ub=-0.023523848418276528
[2025-01-30 04:39:34,992][root][INFO] - Simulating initial volumes for stage II  with norm params: mu=1.96, sigma=1.63, lb=-1.9410876100159118, ub=0.3711345751297772
[2025-01-30 04:39:34,993][root][INFO] - Simulating initial volumes for stage IIIA  with norm params: mu=1.91, sigma=9.4, lb=-0.33127370258786554, ub=0.06967546355973796
[2025-01-30 04:39:34,993][root][INFO] - Simulating initial volumes for stage IIIB  with norm params: mu=2.76, sigma=6.87, lb=-0.5769974969906748, ub=-0.02839165102452155
[2025-01-30 04:39:34,994][root][INFO] - Simulating initial volumes for stage IV  with norm params: mu=3.86, sigma=8.82, lb=-0.5741465764541877, ub=-0.14683113860980307
[2025-01-30 04:39:34,996][root][INFO] - Got correlated params for 493 patients
[2025-01-30 04:39:34,996][root][INFO] - Got correlated params for 947 patients
[2025-01-30 04:39:34,997][root][INFO] - Got correlated params for 1403 patients
[2025-01-30 04:39:34,998][root][INFO] - Simulating beta_c parameters
[2025-01-30 04:39:34,999][root][INFO] - Randomising outputs
[2025-01-30 04:39:40,109][root][INFO] - Simulating initial volumes for stage I  with norm params: mu=1.72, sigma=4.7, lb=-0.6221218732608373, ub=-0.023523848418276528
[2025-01-30 04:39:40,110][root][INFO] - Simulating initial volumes for stage II  with norm params: mu=1.96, sigma=1.63, lb=-1.9410876100159118, ub=0.3711345751297772
[2025-01-30 04:39:40,110][root][INFO] - Simulating initial volumes for stage IIIA  with norm params: mu=1.91, sigma=9.4, lb=-0.33127370258786554, ub=0.06967546355973796
[2025-01-30 04:39:40,111][root][INFO] - Simulating initial volumes for stage IIIB  with norm params: mu=2.76, sigma=6.87, lb=-0.5769974969906748, ub=-0.02839165102452155
[2025-01-30 04:39:40,112][root][INFO] - Simulating initial volumes for stage IV  with norm params: mu=3.86, sigma=8.82, lb=-0.5741465764541877, ub=-0.14683113860980307
[2025-01-30 04:39:40,113][root][INFO] - Got correlated params for 445 patients
[2025-01-30 04:39:40,114][root][INFO] - Got correlated params for 895 patients
[2025-01-30 04:39:40,115][root][INFO] - Got correlated params for 1355 patients
[2025-01-30 04:39:40,116][root][INFO] - Simulating beta_c parameters
[2025-01-30 04:39:40,117][root][INFO] - Randomising outputs
[2025-01-30 04:40:02,778][src.data.cancer_sim.dataset][INFO] - train Dataset already processed
[2025-01-30 04:40:02,778][src.data.cancer_sim.dataset][INFO] - Processing val dataset before training
[2025-01-30 04:40:02,893][src.data.cancer_sim.dataset][INFO] - Shape of processed val data: {'cancer_volume': (1000, 60), 'chemo_dosage': (1000, 60), 'radio_dosage': (1000, 60), 'chemo_application': (1000, 60), 'radio_application': (1000, 60), 'chemo_probabilities': (1000, 60), 'radio_probabilities': (1000, 60), 'sequence_lengths': (1000,), 'death_flags': (1000, 60), 'recovery_flags': (1000, 60), 'patient_types': (1000,), 'prev_treatments': (1000, 59, 4), 'current_treatments': (1000, 59, 4), 'current_covariates': (1000, 59, 2), 'outputs': (1000, 59, 1), 'active_entries': (1000, 59, 1), 'unscaled_outputs': (1000, 59, 1), 'prev_outputs': (1000, 59, 1), 'static_features': (1000, 1)}
[2025-01-30 04:40:02,893][src.data.cancer_sim.dataset][INFO] - Processing test dataset before training
[2025-01-30 04:40:22,847][src.data.cancer_sim.dataset][INFO] - Shape of processed test data: {'cancer_volume': (203388, 60), 'chemo_application': (203388, 60), 'radio_application': (203388, 60), 'sequence_lengths': (203388,), 'patient_types': (203388,), 'prev_treatments': (203388, 59, 4), 'current_treatments': (203388, 59, 4), 'current_covariates': (203388, 59, 2), 'outputs': (203388, 59, 1), 'active_entries': (203388, 59, 1), 'unscaled_outputs': (203388, 59, 1), 'prev_outputs': (203388, 59, 1), 'static_features': (203388, 1)}
[2025-01-30 04:40:23,454][src.models.crn][INFO] - Input size of encoder: 6
[2025-01-30 04:56:02,282][src.models.time_varying_model][INFO] - RMSE calculation for val.
[2025-01-30 04:56:02,283][src.models.time_varying_model][INFO] - Predictions for val.
[2025-01-30 04:56:02,941][__main__][INFO] - Val normalised RMSE (all): 0.641711435265959; Val normalised RMSE (orig): 0.6044008786348292
[2025-01-30 04:56:02,941][src.models.time_varying_model][INFO] - RMSE calculation for test.
[2025-01-30 04:56:02,941][src.models.time_varying_model][INFO] - Predictions for test.
[2025-01-30 04:56:15,601][__main__][INFO] - Test normalised RMSE (all): 0.802620469202321; Test normalised RMSE (orig): 0.558564470148994; Test normalised RMSE (only counterfactual): 0.7061750823338273
[2025-01-30 04:56:15,671][src.models.crn][INFO] - Input size of decoder: 6
[2025-01-30 04:56:15,688][src.data.cancer_sim.dataset][INFO] - train Dataset already processed
[2025-01-30 04:56:15,688][src.data.cancer_sim.dataset][INFO] - val Dataset already processed
[2025-01-30 04:56:15,688][src.data.cancer_sim.dataset][INFO] - Processing test dataset before training
[2025-01-30 04:57:10,377][src.data.cancer_sim.dataset][INFO] - Shape of processed test data: {'cancer_volume': (511418, 65), 'chemo_application': (511418, 65), 'radio_application': (511418, 65), 'sequence_lengths': (511418,), 'patient_types': (511418,), 'patient_ids_all_trajectories': (511418,), 'patient_current_t': (511418,), 'prev_treatments': (511418, 64, 4), 'current_treatments': (511418, 64, 4), 'current_covariates': (511418, 64, 2), 'outputs': (511418, 64, 1), 'active_entries': (511418, 64, 1), 'unscaled_outputs': (511418, 64, 1), 'prev_outputs': (511418, 64, 1), 'static_features': (511418, 1)}
[2025-01-30 04:57:10,381][src.models.time_varying_model][INFO] - Balanced representations inference for train.
[2025-01-30 04:57:11,770][src.models.time_varying_model][INFO] - Balanced representations inference for val.
[2025-01-30 04:57:12,392][src.models.time_varying_model][INFO] - Balanced representations inference for test.
[2025-01-30 04:57:42,438][src.models.time_varying_model][INFO] - Predictions for test.
[2025-01-30 04:58:13,608][src.data.cancer_sim.dataset][INFO] - Processing train dataset before training (multiple sequences)
[2025-01-30 04:58:16,209][src.data.cancer_sim.dataset][INFO] - Shape of processed train data: {'init_state': (453842, 18), 'original_index': (453842,), 'active_encoder_r': (453842, 59), 'prev_treatments': (453842, 5, 4), 'current_treatments': (453842, 5, 4), 'current_covariates': (453842, 5, 2), 'prev_outputs': (453842, 5, 1), 'static_features': (453842, 1), 'outputs': (453842, 5, 1), 'sequence_lengths': (453842,), 'active_entries': (453842, 5, 1), 'unscaled_outputs': (453842, 5, 1)}
[2025-01-30 04:58:16,211][src.data.cancer_sim.dataset][INFO] - Processing val dataset before training (multiple sequences)
[2025-01-30 04:58:16,470][src.data.cancer_sim.dataset][INFO] - Shape of processed val data: {'init_state': (46013, 18), 'original_index': (46013,), 'active_encoder_r': (46013, 59), 'prev_treatments': (46013, 5, 4), 'current_treatments': (46013, 5, 4), 'current_covariates': (46013, 5, 2), 'prev_outputs': (46013, 5, 1), 'static_features': (46013, 1), 'outputs': (46013, 5, 1), 'sequence_lengths': (46013,), 'active_entries': (46013, 5, 1), 'unscaled_outputs': (46013, 5, 1)}
[2025-01-30 04:58:16,470][src.data.cancer_sim.dataset][INFO] - Processing test dataset before testing (multiple sequences)
[2025-01-30 04:58:23,521][src.data.cancer_sim.dataset][INFO] - Shape of processed test data: {'active_encoder_r': (511418, 59), 'prev_treatments': (511418, 5, 4), 'current_treatments': (511418, 5, 4), 'current_covariates': (511418, 5, 2), 'prev_outputs': (511418, 5, 1), 'static_features': (511418, 1), 'outputs': (511418, 5, 1), 'sequence_lengths': (511418,), 'active_entries': (511418, 5, 1), 'unscaled_outputs': (511418, 5, 1), 'patient_types': (511418,), 'patient_ids_all_trajectories': (511418,), 'patient_current_t': (511418,), 'init_state': (511418, 18)}
[2025-01-30 04:58:23,576][src.data.cancer_sim.dataset][INFO] - Processing test dataset before testing (autoregressive)
[2025-01-30 04:58:27,248][src.data.cancer_sim.dataset][INFO] - Shape of processed test data: {'current_covariates': (511418, 5, 2), 'prev_treatments': (511418, 5, 4), 'current_treatments': (511418, 5, 4), 'init_state': (511418, 18), 'active_encoder_r': (511418, 59), 'active_entries': (511418, 5, 1), 'prev_outputs': (511418, 5, 1), 'static_features': (511418, 1)}
[2025-01-30 06:00:26,207][src.models.time_varying_model][INFO] - RMSE calculation for val.
[2025-01-30 06:00:26,208][src.models.time_varying_model][INFO] - Predictions for val.
[2025-01-30 06:00:28,289][__main__][INFO] - Val normalised RMSE (all): 0.4329697115065114; Val normalised RMSE (orig): 0.4329697115065115
[2025-01-30 06:00:28,290][src.models.time_varying_model][INFO] - RMSE calculation for test.
[2025-01-30 06:00:28,290][src.models.time_varying_model][INFO] - Autoregressive Prediction for test.
[2025-01-30 06:00:28,301][src.models.time_varying_model][INFO] - t = 2
[2025-01-30 06:00:28,301][src.models.time_varying_model][INFO] - Predictions for test.
[2025-01-30 06:01:09,734][src.models.time_varying_model][INFO] - t = 3
[2025-01-30 06:01:09,734][src.models.time_varying_model][INFO] - Predictions for test.
[2025-01-30 06:01:23,780][src.models.time_varying_model][INFO] - t = 4
[2025-01-30 06:01:23,781][src.models.time_varying_model][INFO] - Predictions for test.
[2025-01-30 06:01:38,037][src.models.time_varying_model][INFO] - t = 5
[2025-01-30 06:01:38,038][src.models.time_varying_model][INFO] - Predictions for test.
[2025-01-30 06:01:52,610][src.models.time_varying_model][INFO] - t = 6
[2025-01-30 06:01:52,611][src.models.time_varying_model][INFO] - Predictions for test.
[2025-01-30 06:02:07,814][__main__][INFO] - Test normalised RMSE (n-step prediction): {'2-step': 0.7431999541534017, '3-step': 0.7999579348937444, '4-step': 0.8815675296320882, '5-step': 0.9647202063222146, '6-step': 1.0359577448732222}
