[2025-01-27 04:20:52,668][__main__][INFO] - 
model:
  dim_treatments: 4
  dim_vitals: 0
  dim_static_features: 1
  dim_outcomes: 1
  name: CRN
  encoder:
    _target_: src.models.crn.CRNEncoder
    seq_hidden_units: 24
    br_size: 24
    fc_hidden_units: 96
    dropout_rate: 0.2
    num_layer: 1
    batch_size: 1024
    optimizer:
      optimizer_cls: adam
      learning_rate: 0.005
      weight_decay: 0.0
      lr_scheduler: false
    tune_hparams: false
    tune_range: 50
    hparams_grid: null
    resources_per_trial: null
  train_decoder: true
  decoder:
    _target_: src.models.crn.CRNDecoder
    seq_hidden_units: null
    br_size: 24
    fc_hidden_units: 12
    dropout_rate: 0.1
    num_layer: 1
    batch_size: 4096
    optimizer:
      optimizer_cls: adam
      learning_rate: 0.01
      weight_decay: 0.0
      lr_scheduler: false
    tune_hparams: false
    tune_range: 30
    hparams_grid: null
    resources_per_trial: null
dataset:
  val_batch_size: 512
  treatment_mode: multiclass
  _target_: src.data.SyntheticCancerDatasetCollection
  name: tumor_generator
  coeff: 4.0
  chemo_coeff: 4.0
  radio_coeff: 4.0
  seed: 10
  random: true
  noise_percentage: 0.05
  num_patients:
    train: 10000
    val: 1000
    test: 1000
  window_size: 15
  lag: 0
  max_seq_length: 60
  projection_horizon: 5
  cf_seq_mode: sliding_treatment
exp:
  seed: 10
  gpus:
  - 0
  max_epochs: 120
  logging: true
  mlflow_uri: http://127.0.0.1:5006
  unscale_rmse: true
  percentage_rmse: true
  alpha: 0.01
  update_alpha: true
  alpha_rate: exp
  initial_balancing_method: grad_reverse
  final_balancing_method: subgroup
  bce_weight: false
  weights_ema: false
  beta: 0.99
  alpha_wass: 0.0001
  alpha_wass_epoch: false
  alpha_wass_growth: 0.001
  alpha_wass_max: 0.01
  balancing: grad_reverse
  balancing_switch_epoch: 99
  gap_epoch: 10
  clustering_method: GMM
  number_clusters: 2
  num_timepoints: 59
  checkpoint_dir: ./checkpoints/cancer/crn/4

[2025-01-27 04:20:52,682][root][INFO] - Simulating initial volumes for stage I  with norm params: mu=1.72, sigma=4.7, lb=-0.6221218732608373, ub=-0.023523848418276528
[2025-01-27 04:20:52,684][root][INFO] - Simulating initial volumes for stage II  with norm params: mu=1.96, sigma=1.63, lb=-1.9410876100159118, ub=0.3711345751297772
[2025-01-27 04:20:52,685][root][INFO] - Simulating initial volumes for stage IIIA  with norm params: mu=1.91, sigma=9.4, lb=-0.33127370258786554, ub=0.06967546355973796
[2025-01-27 04:20:52,685][root][INFO] - Simulating initial volumes for stage IIIB  with norm params: mu=2.76, sigma=6.87, lb=-0.5769974969906748, ub=-0.02839165102452155
[2025-01-27 04:20:52,688][root][INFO] - Simulating initial volumes for stage IV  with norm params: mu=3.86, sigma=8.82, lb=-0.5741465764541877, ub=-0.14683113860980307
[2025-01-27 04:20:52,701][root][INFO] - Got correlated params for 4658 patients
[2025-01-27 04:20:52,705][root][INFO] - Got correlated params for 9338 patients
[2025-01-27 04:20:52,710][root][INFO] - Got correlated params for 13912 patients
[2025-01-27 04:20:52,717][root][INFO] - Simulating beta_c parameters
[2025-01-27 04:20:52,722][root][INFO] - Randomising outputs
[2025-01-27 04:21:10,746][src.data.cancer_sim.dataset][INFO] - Processing train dataset before training
[2025-01-27 04:21:11,681][src.data.cancer_sim.dataset][INFO] - Shape of processed train data: {'cancer_volume': (10000, 60), 'chemo_dosage': (10000, 60), 'radio_dosage': (10000, 60), 'chemo_application': (10000, 60), 'radio_application': (10000, 60), 'chemo_probabilities': (10000, 60), 'radio_probabilities': (10000, 60), 'sequence_lengths': (10000,), 'death_flags': (10000, 60), 'recovery_flags': (10000, 60), 'patient_types': (10000,), 'prev_treatments': (10000, 59, 4), 'current_treatments': (10000, 59, 4), 'current_covariates': (10000, 59, 2), 'outputs': (10000, 59, 1), 'active_entries': (10000, 59, 1), 'unscaled_outputs': (10000, 59, 1), 'prev_outputs': (10000, 59, 1), 'static_features': (10000, 1)}
[2025-01-27 04:21:11,745][root][INFO] - Simulating initial volumes for stage I  with norm params: mu=1.72, sigma=4.7, lb=-0.6221218732608373, ub=-0.023523848418276528
[2025-01-27 04:21:11,746][root][INFO] - Simulating initial volumes for stage II  with norm params: mu=1.96, sigma=1.63, lb=-1.9410876100159118, ub=0.3711345751297772
[2025-01-27 04:21:11,747][root][INFO] - Simulating initial volumes for stage IIIA  with norm params: mu=1.91, sigma=9.4, lb=-0.33127370258786554, ub=0.06967546355973796
[2025-01-27 04:21:11,747][root][INFO] - Simulating initial volumes for stage IIIB  with norm params: mu=2.76, sigma=6.87, lb=-0.5769974969906748, ub=-0.02839165102452155
[2025-01-27 04:21:11,748][root][INFO] - Simulating initial volumes for stage IV  with norm params: mu=3.86, sigma=8.82, lb=-0.5741465764541877, ub=-0.14683113860980307
[2025-01-27 04:21:11,750][root][INFO] - Got correlated params for 455 patients
[2025-01-27 04:21:11,751][root][INFO] - Got correlated params for 905 patients
[2025-01-27 04:21:11,752][root][INFO] - Got correlated params for 1366 patients
[2025-01-27 04:21:11,753][root][INFO] - Simulating beta_c parameters
[2025-01-27 04:21:11,754][root][INFO] - Randomising outputs
[2025-01-27 04:21:13,497][root][INFO] - Simulating initial volumes for stage I  with norm params: mu=1.72, sigma=4.7, lb=-0.6221218732608373, ub=-0.023523848418276528
[2025-01-27 04:21:13,498][root][INFO] - Simulating initial volumes for stage II  with norm params: mu=1.96, sigma=1.63, lb=-1.9410876100159118, ub=0.3711345751297772
[2025-01-27 04:21:13,499][root][INFO] - Simulating initial volumes for stage IIIA  with norm params: mu=1.91, sigma=9.4, lb=-0.33127370258786554, ub=0.06967546355973796
[2025-01-27 04:21:13,499][root][INFO] - Simulating initial volumes for stage IIIB  with norm params: mu=2.76, sigma=6.87, lb=-0.5769974969906748, ub=-0.02839165102452155
[2025-01-27 04:21:13,500][root][INFO] - Simulating initial volumes for stage IV  with norm params: mu=3.86, sigma=8.82, lb=-0.5741465764541877, ub=-0.14683113860980307
[2025-01-27 04:21:13,502][root][INFO] - Got correlated params for 493 patients
[2025-01-27 04:21:13,503][root][INFO] - Got correlated params for 947 patients
[2025-01-27 04:21:13,504][root][INFO] - Got correlated params for 1403 patients
[2025-01-27 04:21:13,505][root][INFO] - Simulating beta_c parameters
[2025-01-27 04:21:13,506][root][INFO] - Randomising outputs
[2025-01-27 04:21:19,687][root][INFO] - Simulating initial volumes for stage I  with norm params: mu=1.72, sigma=4.7, lb=-0.6221218732608373, ub=-0.023523848418276528
[2025-01-27 04:21:19,688][root][INFO] - Simulating initial volumes for stage II  with norm params: mu=1.96, sigma=1.63, lb=-1.9410876100159118, ub=0.3711345751297772
[2025-01-27 04:21:19,689][root][INFO] - Simulating initial volumes for stage IIIA  with norm params: mu=1.91, sigma=9.4, lb=-0.33127370258786554, ub=0.06967546355973796
[2025-01-27 04:21:19,690][root][INFO] - Simulating initial volumes for stage IIIB  with norm params: mu=2.76, sigma=6.87, lb=-0.5769974969906748, ub=-0.02839165102452155
[2025-01-27 04:21:19,690][root][INFO] - Simulating initial volumes for stage IV  with norm params: mu=3.86, sigma=8.82, lb=-0.5741465764541877, ub=-0.14683113860980307
[2025-01-27 04:21:19,692][root][INFO] - Got correlated params for 445 patients
[2025-01-27 04:21:19,693][root][INFO] - Got correlated params for 895 patients
[2025-01-27 04:21:19,694][root][INFO] - Got correlated params for 1355 patients
[2025-01-27 04:21:19,695][root][INFO] - Simulating beta_c parameters
[2025-01-27 04:21:19,696][root][INFO] - Randomising outputs
[2025-01-27 04:21:48,962][src.data.cancer_sim.dataset][INFO] - train Dataset already processed
[2025-01-27 04:21:48,963][src.data.cancer_sim.dataset][INFO] - Processing val dataset before training
[2025-01-27 04:21:49,064][src.data.cancer_sim.dataset][INFO] - Shape of processed val data: {'cancer_volume': (1000, 60), 'chemo_dosage': (1000, 60), 'radio_dosage': (1000, 60), 'chemo_application': (1000, 60), 'radio_application': (1000, 60), 'chemo_probabilities': (1000, 60), 'radio_probabilities': (1000, 60), 'sequence_lengths': (1000,), 'death_flags': (1000, 60), 'recovery_flags': (1000, 60), 'patient_types': (1000,), 'prev_treatments': (1000, 59, 4), 'current_treatments': (1000, 59, 4), 'current_covariates': (1000, 59, 2), 'outputs': (1000, 59, 1), 'active_entries': (1000, 59, 1), 'unscaled_outputs': (1000, 59, 1), 'prev_outputs': (1000, 59, 1), 'static_features': (1000, 1)}
[2025-01-27 04:21:49,064][src.data.cancer_sim.dataset][INFO] - Processing test dataset before training
[2025-01-27 04:22:08,819][src.data.cancer_sim.dataset][INFO] - Shape of processed test data: {'cancer_volume': (219908, 60), 'chemo_application': (219908, 60), 'radio_application': (219908, 60), 'sequence_lengths': (219908,), 'patient_types': (219908,), 'prev_treatments': (219908, 59, 4), 'current_treatments': (219908, 59, 4), 'current_covariates': (219908, 59, 2), 'outputs': (219908, 59, 1), 'active_entries': (219908, 59, 1), 'unscaled_outputs': (219908, 59, 1), 'prev_outputs': (219908, 59, 1), 'static_features': (219908, 1)}
[2025-01-27 04:22:09,360][src.models.crn][INFO] - Input size of encoder: 6
[2025-01-27 04:25:29,062][src.models.time_varying_model][INFO] - RMSE calculation for val.
[2025-01-27 04:25:29,062][src.models.time_varying_model][INFO] - Predictions for val.
[2025-01-27 04:25:29,562][__main__][INFO] - Val normalised RMSE (all): 0.6215837807738577; Val normalised RMSE (orig): 0.616007557407902
[2025-01-27 04:25:29,562][src.models.time_varying_model][INFO] - RMSE calculation for test.
[2025-01-27 04:25:29,562][src.models.time_varying_model][INFO] - Predictions for test.
[2025-01-27 04:25:45,824][__main__][INFO] - Test normalised RMSE (all): 0.8896496302008857; Test normalised RMSE (orig): 0.6559423817205564; Test normalised RMSE (only counterfactual): 0.9376031972543182
[2025-01-27 04:25:45,878][src.models.crn][INFO] - Input size of decoder: 6
[2025-01-27 04:25:45,895][src.data.cancer_sim.dataset][INFO] - train Dataset already processed
[2025-01-27 04:25:45,895][src.data.cancer_sim.dataset][INFO] - val Dataset already processed
[2025-01-27 04:25:45,895][src.data.cancer_sim.dataset][INFO] - Processing test dataset before training
[2025-01-27 04:26:41,079][src.data.cancer_sim.dataset][INFO] - Shape of processed test data: {'cancer_volume': (575824, 65), 'chemo_application': (575824, 65), 'radio_application': (575824, 65), 'sequence_lengths': (575824,), 'patient_types': (575824,), 'patient_ids_all_trajectories': (575824,), 'patient_current_t': (575824,), 'prev_treatments': (575824, 64, 4), 'current_treatments': (575824, 64, 4), 'current_covariates': (575824, 64, 2), 'outputs': (575824, 64, 1), 'active_entries': (575824, 64, 1), 'unscaled_outputs': (575824, 64, 1), 'prev_outputs': (575824, 64, 1), 'static_features': (575824, 1)}
[2025-01-27 04:26:41,083][src.models.time_varying_model][INFO] - Balanced representations inference for train.
[2025-01-27 04:26:42,467][src.models.time_varying_model][INFO] - Balanced representations inference for val.
[2025-01-27 04:26:42,979][src.models.time_varying_model][INFO] - Balanced representations inference for test.
[2025-01-27 04:27:25,157][src.models.time_varying_model][INFO] - Predictions for test.
[2025-01-27 04:28:08,985][src.data.cancer_sim.dataset][INFO] - Processing train dataset before training (multiple sequences)
[2025-01-27 04:28:11,887][src.data.cancer_sim.dataset][INFO] - Shape of processed train data: {'init_state': (513972, 24), 'original_index': (513972,), 'active_encoder_r': (513972, 59), 'prev_treatments': (513972, 5, 4), 'current_treatments': (513972, 5, 4), 'current_covariates': (513972, 5, 2), 'prev_outputs': (513972, 5, 1), 'static_features': (513972, 1), 'outputs': (513972, 5, 1), 'sequence_lengths': (513972,), 'active_entries': (513972, 5, 1), 'unscaled_outputs': (513972, 5, 1)}
[2025-01-27 04:28:11,889][src.data.cancer_sim.dataset][INFO] - Processing val dataset before training (multiple sequences)
[2025-01-27 04:28:12,178][src.data.cancer_sim.dataset][INFO] - Shape of processed val data: {'init_state': (51809, 24), 'original_index': (51809,), 'active_encoder_r': (51809, 59), 'prev_treatments': (51809, 5, 4), 'current_treatments': (51809, 5, 4), 'current_covariates': (51809, 5, 2), 'prev_outputs': (51809, 5, 1), 'static_features': (51809, 1), 'outputs': (51809, 5, 1), 'sequence_lengths': (51809,), 'active_entries': (51809, 5, 1), 'unscaled_outputs': (51809, 5, 1)}
[2025-01-27 04:28:12,179][src.data.cancer_sim.dataset][INFO] - Processing test dataset before testing (multiple sequences)
[2025-01-27 04:28:21,075][src.data.cancer_sim.dataset][INFO] - Shape of processed test data: {'active_encoder_r': (575824, 59), 'prev_treatments': (575824, 5, 4), 'current_treatments': (575824, 5, 4), 'current_covariates': (575824, 5, 2), 'prev_outputs': (575824, 5, 1), 'static_features': (575824, 1), 'outputs': (575824, 5, 1), 'sequence_lengths': (575824,), 'active_entries': (575824, 5, 1), 'unscaled_outputs': (575824, 5, 1), 'patient_types': (575824,), 'patient_ids_all_trajectories': (575824,), 'patient_current_t': (575824,), 'init_state': (575824, 24)}
[2025-01-27 04:28:21,139][src.data.cancer_sim.dataset][INFO] - Processing test dataset before testing (autoregressive)
[2025-01-27 04:28:26,119][src.data.cancer_sim.dataset][INFO] - Shape of processed test data: {'current_covariates': (575824, 5, 2), 'prev_treatments': (575824, 5, 4), 'current_treatments': (575824, 5, 4), 'init_state': (575824, 24), 'active_encoder_r': (575824, 59), 'active_entries': (575824, 5, 1), 'prev_outputs': (575824, 5, 1), 'static_features': (575824, 1)}
[2025-01-27 04:36:22,883][src.models.time_varying_model][INFO] - RMSE calculation for val.
[2025-01-27 04:36:22,884][src.models.time_varying_model][INFO] - Predictions for val.
[2025-01-27 04:36:25,406][__main__][INFO] - Val normalised RMSE (all): 0.3359871656576457; Val normalised RMSE (orig): 0.3359871656576449
[2025-01-27 04:36:25,407][src.models.time_varying_model][INFO] - RMSE calculation for test.
[2025-01-27 04:36:25,407][src.models.time_varying_model][INFO] - Autoregressive Prediction for test.
[2025-01-27 04:36:25,411][src.models.time_varying_model][INFO] - t = 2
[2025-01-27 04:36:25,411][src.models.time_varying_model][INFO] - Predictions for test.
[2025-01-27 04:36:44,792][src.models.time_varying_model][INFO] - t = 3
[2025-01-27 04:36:44,792][src.models.time_varying_model][INFO] - Predictions for test.
[2025-01-27 04:37:04,321][src.models.time_varying_model][INFO] - t = 4
[2025-01-27 04:37:04,322][src.models.time_varying_model][INFO] - Predictions for test.
[2025-01-27 04:37:24,065][src.models.time_varying_model][INFO] - t = 5
[2025-01-27 04:37:24,065][src.models.time_varying_model][INFO] - Predictions for test.
[2025-01-27 04:37:43,658][src.models.time_varying_model][INFO] - t = 6
[2025-01-27 04:37:43,658][src.models.time_varying_model][INFO] - Predictions for test.
[2025-01-27 04:38:05,009][__main__][INFO] - Test normalised RMSE (n-step prediction): {'2-step': 0.9447515322470023, '3-step': 0.9862387785628285, '4-step': 1.022385145121267, '5-step': 1.0633008729375721, '6-step': 1.0879478766775603}
