[2025-01-20 08:25:48,585][__main__][INFO] - 
model:
  dim_treatments: 4
  dim_vitals: 0
  dim_static_features: 1
  dim_outcomes: 1
  name: CRN
  encoder:
    _target_: src.models.crn.CRNEncoder
    seq_hidden_units: 24
    br_size: 18
    fc_hidden_units: 36
    dropout_rate: 0.1
    num_layer: 1
    batch_size: 128
    optimizer:
      optimizer_cls: adam
      learning_rate: 0.001
      weight_decay: 0.0
      lr_scheduler: false
    tune_hparams: false
    tune_range: 50
    hparams_grid: null
    resources_per_trial: null
  train_decoder: true
  decoder:
    _target_: src.models.crn.CRNDecoder
    seq_hidden_units: null
    br_size: 24
    fc_hidden_units: 24
    dropout_rate: 0.2
    num_layer: 1
    batch_size: 512
    optimizer:
      optimizer_cls: adam
      learning_rate: 0.001
      weight_decay: 0.0
      lr_scheduler: false
    tune_hparams: false
    tune_range: 30
    hparams_grid: null
    resources_per_trial: null
dataset:
  val_batch_size: 512
  treatment_mode: multiclass
  _target_: src.data.SyntheticCancerDatasetCollection
  name: tumor_generator
  coeff: 0.0
  chemo_coeff: 0.0
  radio_coeff: 0.0
  seed: 10
  random: true
  noise_percentage: 0.05
  num_patients:
    train: 10000
    val: 1000
    test: 1000
  window_size: 15
  lag: 0
  max_seq_length: 60
  projection_horizon: 5
  cf_seq_mode: sliding_treatment
exp:
  seed: 10
  gpus:
  - 0
  max_epochs: 100
  logging: true
  mlflow_uri: http://127.0.0.1:5000
  unscale_rmse: true
  percentage_rmse: true
  alpha: 0.01
  update_alpha: true
  alpha_rate: exp
  initial_balancing_method: grad_reverse
  final_balancing_method: grad_reverse
  bce_weight: false
  weights_ema: false
  beta: 0.99
  alpha_wass: 0.0001
  alpha_wass_epoch: false
  alpha_wass_growth: 0.001
  alpha_wass_max: 0.01
  balancing: grad_reverse
  balancing_switch_epoch: 99
  gap_epoch: 50
  clustering_method: GMM
  number_clusters: 2
  num_timepoints: 59
  checkpoint_dir: ./checkpoints/cancer/crn/0

[2025-01-20 08:25:48,609][root][INFO] - Simulating initial volumes for stage I  with norm params: mu=1.72, sigma=4.7, lb=-0.6221218732608373, ub=-0.023523848418276528
[2025-01-20 08:25:48,618][root][INFO] - Simulating initial volumes for stage II  with norm params: mu=1.96, sigma=1.63, lb=-1.9410876100159118, ub=0.3711345751297772
[2025-01-20 08:25:48,620][root][INFO] - Simulating initial volumes for stage IIIA  with norm params: mu=1.91, sigma=9.4, lb=-0.33127370258786554, ub=0.06967546355973796
[2025-01-20 08:25:48,621][root][INFO] - Simulating initial volumes for stage IIIB  with norm params: mu=2.76, sigma=6.87, lb=-0.5769974969906748, ub=-0.02839165102452155
[2025-01-20 08:25:48,623][root][INFO] - Simulating initial volumes for stage IV  with norm params: mu=3.86, sigma=8.82, lb=-0.5741465764541877, ub=-0.14683113860980307
[2025-01-20 08:25:48,649][root][INFO] - Got correlated params for 4658 patients
[2025-01-20 08:25:48,654][root][INFO] - Got correlated params for 9338 patients
[2025-01-20 08:25:48,658][root][INFO] - Got correlated params for 13912 patients
[2025-01-20 08:25:48,667][root][INFO] - Simulating beta_c parameters
[2025-01-20 08:25:48,672][root][INFO] - Randomising outputs
[2025-01-20 08:26:02,553][src.data.cancer_sim.dataset][INFO] - Processing train dataset before training
[2025-01-20 08:26:03,704][src.data.cancer_sim.dataset][INFO] - Shape of processed train data: {'cancer_volume': (10000, 60), 'chemo_dosage': (10000, 60), 'radio_dosage': (10000, 60), 'chemo_application': (10000, 60), 'radio_application': (10000, 60), 'chemo_probabilities': (10000, 60), 'radio_probabilities': (10000, 60), 'sequence_lengths': (10000,), 'death_flags': (10000, 60), 'recovery_flags': (10000, 60), 'patient_types': (10000,), 'prev_treatments': (10000, 59, 4), 'current_treatments': (10000, 59, 4), 'current_covariates': (10000, 59, 2), 'outputs': (10000, 59, 1), 'active_entries': (10000, 59, 1), 'unscaled_outputs': (10000, 59, 1), 'prev_outputs': (10000, 59, 1), 'static_features': (10000, 1)}
[2025-01-20 08:26:03,755][root][INFO] - Simulating initial volumes for stage I  with norm params: mu=1.72, sigma=4.7, lb=-0.6221218732608373, ub=-0.023523848418276528
[2025-01-20 08:26:03,756][root][INFO] - Simulating initial volumes for stage II  with norm params: mu=1.96, sigma=1.63, lb=-1.9410876100159118, ub=0.3711345751297772
[2025-01-20 08:26:03,757][root][INFO] - Simulating initial volumes for stage IIIA  with norm params: mu=1.91, sigma=9.4, lb=-0.33127370258786554, ub=0.06967546355973796
[2025-01-20 08:26:03,758][root][INFO] - Simulating initial volumes for stage IIIB  with norm params: mu=2.76, sigma=6.87, lb=-0.5769974969906748, ub=-0.02839165102452155
[2025-01-20 08:26:03,758][root][INFO] - Simulating initial volumes for stage IV  with norm params: mu=3.86, sigma=8.82, lb=-0.5741465764541877, ub=-0.14683113860980307
[2025-01-20 08:26:03,760][root][INFO] - Got correlated params for 455 patients
[2025-01-20 08:26:03,761][root][INFO] - Got correlated params for 905 patients
[2025-01-20 08:26:03,762][root][INFO] - Got correlated params for 1366 patients
[2025-01-20 08:26:03,763][root][INFO] - Simulating beta_c parameters
[2025-01-20 08:26:03,764][root][INFO] - Randomising outputs
[2025-01-20 08:26:05,106][root][INFO] - Simulating initial volumes for stage I  with norm params: mu=1.72, sigma=4.7, lb=-0.6221218732608373, ub=-0.023523848418276528
[2025-01-20 08:26:05,107][root][INFO] - Simulating initial volumes for stage II  with norm params: mu=1.96, sigma=1.63, lb=-1.9410876100159118, ub=0.3711345751297772
[2025-01-20 08:26:05,107][root][INFO] - Simulating initial volumes for stage IIIA  with norm params: mu=1.91, sigma=9.4, lb=-0.33127370258786554, ub=0.06967546355973796
[2025-01-20 08:26:05,108][root][INFO] - Simulating initial volumes for stage IIIB  with norm params: mu=2.76, sigma=6.87, lb=-0.5769974969906748, ub=-0.02839165102452155
[2025-01-20 08:26:05,109][root][INFO] - Simulating initial volumes for stage IV  with norm params: mu=3.86, sigma=8.82, lb=-0.5741465764541877, ub=-0.14683113860980307
[2025-01-20 08:26:05,110][root][INFO] - Got correlated params for 493 patients
[2025-01-20 08:26:05,111][root][INFO] - Got correlated params for 947 patients
[2025-01-20 08:26:05,112][root][INFO] - Got correlated params for 1403 patients
[2025-01-20 08:26:05,113][root][INFO] - Simulating beta_c parameters
[2025-01-20 08:26:05,114][root][INFO] - Randomising outputs
[2025-01-20 08:26:10,117][root][INFO] - Simulating initial volumes for stage I  with norm params: mu=1.72, sigma=4.7, lb=-0.6221218732608373, ub=-0.023523848418276528
[2025-01-20 08:26:10,118][root][INFO] - Simulating initial volumes for stage II  with norm params: mu=1.96, sigma=1.63, lb=-1.9410876100159118, ub=0.3711345751297772
[2025-01-20 08:26:10,119][root][INFO] - Simulating initial volumes for stage IIIA  with norm params: mu=1.91, sigma=9.4, lb=-0.33127370258786554, ub=0.06967546355973796
[2025-01-20 08:26:10,119][root][INFO] - Simulating initial volumes for stage IIIB  with norm params: mu=2.76, sigma=6.87, lb=-0.5769974969906748, ub=-0.02839165102452155
[2025-01-20 08:26:10,120][root][INFO] - Simulating initial volumes for stage IV  with norm params: mu=3.86, sigma=8.82, lb=-0.5741465764541877, ub=-0.14683113860980307
[2025-01-20 08:26:10,122][root][INFO] - Got correlated params for 445 patients
[2025-01-20 08:26:10,123][root][INFO] - Got correlated params for 895 patients
[2025-01-20 08:26:10,124][root][INFO] - Got correlated params for 1355 patients
[2025-01-20 08:26:10,125][root][INFO] - Simulating beta_c parameters
[2025-01-20 08:26:10,125][root][INFO] - Randomising outputs
[2025-01-20 08:26:32,473][src.data.cancer_sim.dataset][INFO] - train Dataset already processed
[2025-01-20 08:26:32,474][src.data.cancer_sim.dataset][INFO] - Processing val dataset before training
[2025-01-20 08:26:32,590][src.data.cancer_sim.dataset][INFO] - Shape of processed val data: {'cancer_volume': (1000, 60), 'chemo_dosage': (1000, 60), 'radio_dosage': (1000, 60), 'chemo_application': (1000, 60), 'radio_application': (1000, 60), 'chemo_probabilities': (1000, 60), 'radio_probabilities': (1000, 60), 'sequence_lengths': (1000,), 'death_flags': (1000, 60), 'recovery_flags': (1000, 60), 'patient_types': (1000,), 'prev_treatments': (1000, 59, 4), 'current_treatments': (1000, 59, 4), 'current_covariates': (1000, 59, 2), 'outputs': (1000, 59, 1), 'active_entries': (1000, 59, 1), 'unscaled_outputs': (1000, 59, 1), 'prev_outputs': (1000, 59, 1), 'static_features': (1000, 1)}
[2025-01-20 08:26:32,590][src.data.cancer_sim.dataset][INFO] - Processing test dataset before training
[2025-01-20 08:26:52,496][src.data.cancer_sim.dataset][INFO] - Shape of processed test data: {'cancer_volume': (203388, 60), 'chemo_application': (203388, 60), 'radio_application': (203388, 60), 'sequence_lengths': (203388,), 'patient_types': (203388,), 'prev_treatments': (203388, 59, 4), 'current_treatments': (203388, 59, 4), 'current_covariates': (203388, 59, 2), 'outputs': (203388, 59, 1), 'active_entries': (203388, 59, 1), 'unscaled_outputs': (203388, 59, 1), 'prev_outputs': (203388, 59, 1), 'static_features': (203388, 1)}
[2025-01-20 08:26:53,031][src.models.crn][INFO] - Input size of encoder: 6
[2025-01-20 08:31:27,109][src.models.time_varying_model][INFO] - RMSE calculation for val.
[2025-01-20 08:31:27,109][src.models.time_varying_model][INFO] - Predictions for val.
[2025-01-20 08:31:27,572][__main__][INFO] - Val normalised RMSE (all): 0.6540839787165966; Val normalised RMSE (orig): 0.6161012858165549
[2025-01-20 08:31:27,572][src.models.time_varying_model][INFO] - RMSE calculation for test.
[2025-01-20 08:31:27,572][src.models.time_varying_model][INFO] - Predictions for test.
[2025-01-20 08:31:39,855][__main__][INFO] - Test normalised RMSE (all): 0.8170492711060813; Test normalised RMSE (orig): 0.5690185998027718; Test normalised RMSE (only counterfactual): 0.712948953276708
[2025-01-20 08:31:39,906][src.models.crn][INFO] - Input size of decoder: 6
[2025-01-20 08:31:39,918][src.data.cancer_sim.dataset][INFO] - train Dataset already processed
[2025-01-20 08:31:39,918][src.data.cancer_sim.dataset][INFO] - val Dataset already processed
[2025-01-20 08:31:39,919][src.data.cancer_sim.dataset][INFO] - Processing test dataset before training
[2025-01-20 08:32:33,981][src.data.cancer_sim.dataset][INFO] - Shape of processed test data: {'cancer_volume': (511418, 65), 'chemo_application': (511418, 65), 'radio_application': (511418, 65), 'sequence_lengths': (511418,), 'patient_types': (511418,), 'patient_ids_all_trajectories': (511418,), 'patient_current_t': (511418,), 'prev_treatments': (511418, 64, 4), 'current_treatments': (511418, 64, 4), 'current_covariates': (511418, 64, 2), 'outputs': (511418, 64, 1), 'active_entries': (511418, 64, 1), 'unscaled_outputs': (511418, 64, 1), 'prev_outputs': (511418, 64, 1), 'static_features': (511418, 1)}
[2025-01-20 08:32:33,984][src.models.time_varying_model][INFO] - Balanced representations inference for train.
[2025-01-20 08:32:35,167][src.models.time_varying_model][INFO] - Balanced representations inference for val.
[2025-01-20 08:32:35,626][src.models.time_varying_model][INFO] - Balanced representations inference for test.
[2025-01-20 08:33:06,569][src.models.time_varying_model][INFO] - Predictions for test.
[2025-01-20 08:33:37,514][src.data.cancer_sim.dataset][INFO] - Processing train dataset before training (multiple sequences)
[2025-01-20 08:33:40,046][src.data.cancer_sim.dataset][INFO] - Shape of processed train data: {'init_state': (453842, 18), 'original_index': (453842,), 'active_encoder_r': (453842, 59), 'prev_treatments': (453842, 5, 4), 'current_treatments': (453842, 5, 4), 'current_covariates': (453842, 5, 2), 'prev_outputs': (453842, 5, 1), 'static_features': (453842, 1), 'outputs': (453842, 5, 1), 'sequence_lengths': (453842,), 'active_entries': (453842, 5, 1), 'unscaled_outputs': (453842, 5, 1)}
[2025-01-20 08:33:40,048][src.data.cancer_sim.dataset][INFO] - Processing val dataset before training (multiple sequences)
[2025-01-20 08:33:40,301][src.data.cancer_sim.dataset][INFO] - Shape of processed val data: {'init_state': (46013, 18), 'original_index': (46013,), 'active_encoder_r': (46013, 59), 'prev_treatments': (46013, 5, 4), 'current_treatments': (46013, 5, 4), 'current_covariates': (46013, 5, 2), 'prev_outputs': (46013, 5, 1), 'static_features': (46013, 1), 'outputs': (46013, 5, 1), 'sequence_lengths': (46013,), 'active_entries': (46013, 5, 1), 'unscaled_outputs': (46013, 5, 1)}
[2025-01-20 08:33:40,302][src.data.cancer_sim.dataset][INFO] - Processing test dataset before testing (multiple sequences)
[2025-01-20 08:33:47,561][src.data.cancer_sim.dataset][INFO] - Shape of processed test data: {'active_encoder_r': (511418, 59), 'prev_treatments': (511418, 5, 4), 'current_treatments': (511418, 5, 4), 'current_covariates': (511418, 5, 2), 'prev_outputs': (511418, 5, 1), 'static_features': (511418, 1), 'outputs': (511418, 5, 1), 'sequence_lengths': (511418,), 'active_entries': (511418, 5, 1), 'unscaled_outputs': (511418, 5, 1), 'patient_types': (511418,), 'patient_ids_all_trajectories': (511418,), 'patient_current_t': (511418,), 'init_state': (511418, 18)}
[2025-01-20 08:33:47,610][src.data.cancer_sim.dataset][INFO] - Processing test dataset before testing (autoregressive)
[2025-01-20 08:33:51,194][src.data.cancer_sim.dataset][INFO] - Shape of processed test data: {'current_covariates': (511418, 5, 2), 'prev_treatments': (511418, 5, 4), 'current_treatments': (511418, 5, 4), 'init_state': (511418, 18), 'active_encoder_r': (511418, 59), 'active_entries': (511418, 5, 1), 'prev_outputs': (511418, 5, 1), 'static_features': (511418, 1)}
[2025-01-20 09:18:36,744][src.models.time_varying_model][INFO] - RMSE calculation for val.
[2025-01-20 09:18:36,746][src.models.time_varying_model][INFO] - Predictions for val.
[2025-01-20 09:18:38,661][__main__][INFO] - Val normalised RMSE (all): 0.4044896868672084; Val normalised RMSE (orig): 0.4044896868672074
[2025-01-20 09:18:38,661][src.models.time_varying_model][INFO] - RMSE calculation for test.
[2025-01-20 09:18:38,661][src.models.time_varying_model][INFO] - Autoregressive Prediction for test.
[2025-01-20 09:18:38,672][src.models.time_varying_model][INFO] - t = 2
[2025-01-20 09:18:38,672][src.models.time_varying_model][INFO] - Predictions for test.
[2025-01-20 09:18:52,535][src.models.time_varying_model][INFO] - t = 3
[2025-01-20 09:18:52,536][src.models.time_varying_model][INFO] - Predictions for test.
[2025-01-20 09:19:06,336][src.models.time_varying_model][INFO] - t = 4
[2025-01-20 09:19:06,337][src.models.time_varying_model][INFO] - Predictions for test.
[2025-01-20 09:19:20,300][src.models.time_varying_model][INFO] - t = 5
[2025-01-20 09:19:20,300][src.models.time_varying_model][INFO] - Predictions for test.
[2025-01-20 09:19:34,443][src.models.time_varying_model][INFO] - t = 6
[2025-01-20 09:19:34,444][src.models.time_varying_model][INFO] - Predictions for test.
[2025-01-20 09:19:49,595][__main__][INFO] - Test normalised RMSE (n-step prediction): {'2-step': 0.7061015772234384, '3-step': 0.7153372642713038, '4-step': 0.7401694486449643, '5-step': 0.7629420838974751, '6-step': 0.7774122554993722}
