[2025-01-27 23:13:41,710][__main__][INFO] - 
model:
  dim_treatments: 4
  dim_vitals: 0
  dim_static_features: 1
  dim_outcomes: 1
  name: CT
  multi:
    _target_: src.models.ct.CT
    max_seq_length: 65
    seq_hidden_units: 12
    br_size: 16
    fc_hidden_units: 48
    dropout_rate: 0.1
    num_layer: 1
    num_heads: 2
    max_grad_norm: null
    batch_size: 1024
    attn_dropout: true
    disable_cross_attention: false
    isolate_subnetwork: _
    self_positional_encoding:
      absolute: false
      trainable: true
      max_relative_position: 15
    optimizer:
      optimizer_cls: adam
      learning_rate: 0.01
      weight_decay: 0.0
      lr_scheduler: false
    augment_with_masked_vitals: true
    tune_hparams: false
    tune_range: 50
    hparams_grid: null
    resources_per_trial: null
  self_positional_encoding:
    max_relative_position: 15
dataset:
  val_batch_size: 512
  treatment_mode: multiclass
  _target_: src.data.SyntheticCancerDatasetCollection
  name: tumor_generator
  coeff: 5.0
  chemo_coeff: 5.0
  radio_coeff: 5.0
  seed: 10
  random: false
  noise_percentage: 0.0
  num_patients:
    train: 10000
    val: 1000
    test: 1000
  window_size: 15
  lag: 0
  max_seq_length: 60
  projection_horizon: 5
  cf_seq_mode: sliding_treatment
exp:
  seed: 10
  gpus:
  - 0
  max_epochs: 80
  logging: true
  mlflow_uri: http://127.0.0.1:5000
  unscale_rmse: true
  percentage_rmse: true
  alpha: 0.01
  update_alpha: true
  alpha_rate: exp
  initial_balancing_method: domain_confusion
  final_balancing_method: subgroup
  bce_weight: false
  weights_ema: true
  beta: 0.99
  alpha_wass: 0.001
  alpha_wass_epoch: false
  alpha_wass_growth: 0.001
  alpha_wass_max: 0.01
  balancing_switch_epoch: 49
  clustering_method: GMM
  number_clusters: 2
  num_timepoints: 59
  gap_epoch: 5
  checkpoint_dir: ./checkpoints/cancer/ct/SGA/5

[2025-01-27 23:13:41,725][root][INFO] - Simulating initial volumes for stage I  with norm params: mu=1.72, sigma=4.7, lb=-0.6221218732608373, ub=-0.023523848418276528
[2025-01-27 23:13:41,726][root][INFO] - Simulating initial volumes for stage II  with norm params: mu=1.96, sigma=1.63, lb=-1.9410876100159118, ub=0.3711345751297772
[2025-01-27 23:13:41,727][root][INFO] - Simulating initial volumes for stage IIIA  with norm params: mu=1.91, sigma=9.4, lb=-0.33127370258786554, ub=0.06967546355973796
[2025-01-27 23:13:41,728][root][INFO] - Simulating initial volumes for stage IIIB  with norm params: mu=2.76, sigma=6.87, lb=-0.5769974969906748, ub=-0.02839165102452155
[2025-01-27 23:13:41,730][root][INFO] - Simulating initial volumes for stage IV  with norm params: mu=3.86, sigma=8.82, lb=-0.5741465764541877, ub=-0.14683113860980307
[2025-01-27 23:13:41,739][root][INFO] - Got correlated params for 4658 patients
[2025-01-27 23:13:41,743][root][INFO] - Got correlated params for 9338 patients
[2025-01-27 23:13:41,748][root][INFO] - Got correlated params for 13912 patients
[2025-01-27 23:13:41,755][root][INFO] - Simulating beta_c parameters
[2025-01-27 23:13:41,760][root][INFO] - Randomising outputs
[2025-01-27 23:13:57,387][root][INFO] - Simulating initial volumes for stage I  with norm params: mu=1.72, sigma=4.7, lb=-0.6221218732608373, ub=-0.023523848418276528
[2025-01-27 23:13:57,390][root][INFO] - Simulating initial volumes for stage II  with norm params: mu=1.96, sigma=1.63, lb=-1.9410876100159118, ub=0.3711345751297772
[2025-01-27 23:13:57,391][root][INFO] - Simulating initial volumes for stage IIIA  with norm params: mu=1.91, sigma=9.4, lb=-0.33127370258786554, ub=0.06967546355973796
[2025-01-27 23:13:57,391][root][INFO] - Simulating initial volumes for stage IIIB  with norm params: mu=2.76, sigma=6.87, lb=-0.5769974969906748, ub=-0.02839165102452155
[2025-01-27 23:13:57,392][root][INFO] - Simulating initial volumes for stage IV  with norm params: mu=3.86, sigma=8.82, lb=-0.5741465764541877, ub=-0.14683113860980307
[2025-01-27 23:13:57,394][root][INFO] - Got correlated params for 464 patients
[2025-01-27 23:13:57,395][root][INFO] - Got correlated params for 942 patients
[2025-01-27 23:13:57,396][root][INFO] - Got correlated params for 1398 patients
[2025-01-27 23:13:57,397][root][INFO] - Simulating beta_c parameters
[2025-01-27 23:13:57,398][root][INFO] - Randomising outputs
[2025-01-27 23:13:58,967][root][INFO] - Simulating initial volumes for stage I  with norm params: mu=1.72, sigma=4.7, lb=-0.6221218732608373, ub=-0.023523848418276528
[2025-01-27 23:13:58,968][root][INFO] - Simulating initial volumes for stage II  with norm params: mu=1.96, sigma=1.63, lb=-1.9410876100159118, ub=0.3711345751297772
[2025-01-27 23:13:58,969][root][INFO] - Simulating initial volumes for stage IIIA  with norm params: mu=1.91, sigma=9.4, lb=-0.33127370258786554, ub=0.06967546355973796
[2025-01-27 23:13:58,969][root][INFO] - Simulating initial volumes for stage IIIB  with norm params: mu=2.76, sigma=6.87, lb=-0.5769974969906748, ub=-0.02839165102452155
[2025-01-27 23:13:58,970][root][INFO] - Simulating initial volumes for stage IV  with norm params: mu=3.86, sigma=8.82, lb=-0.5741465764541877, ub=-0.14683113860980307
[2025-01-27 23:13:58,971][root][INFO] - Got correlated params for 491 patients
[2025-01-27 23:13:58,972][root][INFO] - Got correlated params for 936 patients
[2025-01-27 23:13:58,973][root][INFO] - Got correlated params for 1396 patients
[2025-01-27 23:13:58,974][root][INFO] - Simulating beta_c parameters
[2025-01-27 23:13:58,975][root][INFO] - Randomising outputs
[2025-01-27 23:14:04,661][root][INFO] - Simulating initial volumes for stage I  with norm params: mu=1.72, sigma=4.7, lb=-0.6221218732608373, ub=-0.023523848418276528
[2025-01-27 23:14:04,663][root][INFO] - Simulating initial volumes for stage II  with norm params: mu=1.96, sigma=1.63, lb=-1.9410876100159118, ub=0.3711345751297772
[2025-01-27 23:14:04,663][root][INFO] - Simulating initial volumes for stage IIIA  with norm params: mu=1.91, sigma=9.4, lb=-0.33127370258786554, ub=0.06967546355973796
[2025-01-27 23:14:04,664][root][INFO] - Simulating initial volumes for stage IIIB  with norm params: mu=2.76, sigma=6.87, lb=-0.5769974969906748, ub=-0.02839165102452155
[2025-01-27 23:14:04,665][root][INFO] - Simulating initial volumes for stage IV  with norm params: mu=3.86, sigma=8.82, lb=-0.5741465764541877, ub=-0.14683113860980307
[2025-01-27 23:14:04,667][root][INFO] - Got correlated params for 434 patients
[2025-01-27 23:14:04,668][root][INFO] - Got correlated params for 874 patients
[2025-01-27 23:14:04,668][root][INFO] - Got correlated params for 1357 patients
[2025-01-27 23:14:04,669][root][INFO] - Simulating beta_c parameters
[2025-01-27 23:14:04,670][root][INFO] - Randomising outputs
[2025-01-27 23:14:30,349][src.data.cancer_sim.dataset][INFO] - Processing train dataset before training
[2025-01-27 23:14:31,283][src.data.cancer_sim.dataset][INFO] - Shape of processed train data: {'cancer_volume': (10000, 60), 'chemo_dosage': (10000, 60), 'radio_dosage': (10000, 60), 'chemo_application': (10000, 60), 'radio_application': (10000, 60), 'chemo_probabilities': (10000, 60), 'radio_probabilities': (10000, 60), 'sequence_lengths': (10000,), 'death_flags': (10000, 60), 'recovery_flags': (10000, 60), 'patient_types': (10000,), 'prev_treatments': (10000, 59, 4), 'current_treatments': (10000, 59, 4), 'current_covariates': (10000, 59, 2), 'outputs': (10000, 59, 1), 'active_entries': (10000, 59, 1), 'unscaled_outputs': (10000, 59, 1), 'prev_outputs': (10000, 59, 1), 'static_features': (10000, 1)}
[2025-01-27 23:14:31,284][src.data.cancer_sim.dataset][INFO] - Processing val dataset before training
[2025-01-27 23:14:31,378][src.data.cancer_sim.dataset][INFO] - Shape of processed val data: {'cancer_volume': (1000, 60), 'chemo_dosage': (1000, 60), 'radio_dosage': (1000, 60), 'chemo_application': (1000, 60), 'radio_application': (1000, 60), 'chemo_probabilities': (1000, 60), 'radio_probabilities': (1000, 60), 'sequence_lengths': (1000,), 'death_flags': (1000, 60), 'recovery_flags': (1000, 60), 'patient_types': (1000,), 'prev_treatments': (1000, 59, 4), 'current_treatments': (1000, 59, 4), 'current_covariates': (1000, 59, 2), 'outputs': (1000, 59, 1), 'active_entries': (1000, 59, 1), 'unscaled_outputs': (1000, 59, 1), 'prev_outputs': (1000, 59, 1), 'static_features': (1000, 1)}
[2025-01-27 23:14:31,378][src.data.cancer_sim.dataset][INFO] - Processing test dataset before training
[2025-01-27 23:14:51,871][src.data.cancer_sim.dataset][INFO] - Shape of processed test data: {'cancer_volume': (225248, 60), 'chemo_application': (225248, 60), 'radio_application': (225248, 60), 'sequence_lengths': (225248,), 'patient_types': (225248,), 'prev_treatments': (225248, 59, 4), 'current_treatments': (225248, 59, 4), 'current_covariates': (225248, 59, 2), 'outputs': (225248, 59, 1), 'active_entries': (225248, 59, 1), 'unscaled_outputs': (225248, 59, 1), 'prev_outputs': (225248, 59, 1), 'static_features': (225248, 1)}
[2025-01-27 23:14:51,873][src.data.cancer_sim.dataset][INFO] - Processing test dataset before training
[2025-01-27 23:15:46,541][src.data.cancer_sim.dataset][INFO] - Shape of processed test data: {'cancer_volume': (554444, 65), 'chemo_application': (554444, 65), 'radio_application': (554444, 65), 'sequence_lengths': (554444,), 'patient_types': (554444,), 'patient_ids_all_trajectories': (554444,), 'patient_current_t': (554444,), 'prev_treatments': (554444, 64, 4), 'current_treatments': (554444, 64, 4), 'current_covariates': (554444, 64, 2), 'outputs': (554444, 64, 1), 'active_entries': (554444, 64, 1), 'unscaled_outputs': (554444, 64, 1), 'prev_outputs': (554444, 64, 1), 'static_features': (554444, 1)}
[2025-01-27 23:15:46,544][src.data.cancer_sim.dataset][INFO] - Processing test dataset before testing (multiple sequences)
[2025-01-27 23:15:53,504][src.data.cancer_sim.dataset][INFO] - Shape of processed test data: {'active_encoder_r': (554444, 59), 'prev_treatments': (554444, 5, 4), 'current_treatments': (554444, 5, 4), 'current_covariates': (554444, 5, 2), 'prev_outputs': (554444, 5, 1), 'static_features': (554444, 1), 'outputs': (554444, 5, 1), 'sequence_lengths': (554444,), 'active_entries': (554444, 5, 1), 'unscaled_outputs': (554444, 5, 1), 'patient_types': (554444,), 'patient_ids_all_trajectories': (554444,), 'patient_current_t': (554444,)}
[2025-01-27 23:15:55,941][src.models.ct][INFO] - Max input size of multi: 4
[2025-01-27 23:23:29,191][src.models.time_varying_model][INFO] - RMSE calculation for val.
[2025-01-27 23:23:29,191][src.models.time_varying_model][INFO] - Predictions for val.
[2025-01-27 23:23:29,852][__main__][INFO] - Val normalised RMSE (all): 0.6377348250297477; Val normalised RMSE (orig): 0.6301038542553926
[2025-01-27 23:23:29,852][src.models.time_varying_model][INFO] - RMSE calculation for test.
[2025-01-27 23:23:29,852][src.models.time_varying_model][INFO] - Predictions for test.
[2025-01-27 23:23:45,166][__main__][INFO] - Test normalised RMSE (all): 1.9359645381247557; Test normalised RMSE (orig): 1.7509787984431284; Test normalised RMSE (only counterfactual): 1.897117213516842
[2025-01-27 23:23:45,213][src.models.time_varying_model][INFO] - RMSE calculation for test.
[2025-01-27 23:23:45,213][src.models.ct][INFO] - Autoregressive Prediction for test.
[2025-01-27 23:23:45,216][src.models.ct][INFO] - t = 1
[2025-01-27 23:23:45,216][src.models.time_varying_model][INFO] - Predictions for test.
[2025-01-27 23:24:35,055][src.models.ct][INFO] - t = 2
[2025-01-27 23:24:35,055][src.models.time_varying_model][INFO] - Predictions for test.
[2025-01-27 23:25:25,555][src.models.ct][INFO] - t = 3
[2025-01-27 23:25:25,555][src.models.time_varying_model][INFO] - Predictions for test.
[2025-01-27 23:26:13,986][src.models.ct][INFO] - t = 4
[2025-01-27 23:26:13,986][src.models.time_varying_model][INFO] - Predictions for test.
[2025-01-27 23:27:03,680][src.models.ct][INFO] - t = 5
[2025-01-27 23:27:03,680][src.models.time_varying_model][INFO] - Predictions for test.
[2025-01-27 23:27:53,996][src.models.ct][INFO] - t = 6
[2025-01-27 23:27:53,996][src.models.time_varying_model][INFO] - Predictions for test.
[2025-01-27 23:28:43,500][__main__][INFO] - Test normalised RMSE (n-step prediction): {'2-step': 2.5228419363215493, '3-step': 2.762548215529972, '4-step': 2.8578399933414578, '5-step': 2.8467034694843787, '6-step': 2.72119063950962}
