[2025-01-27 17:10:19,758][__main__][INFO] - 
model:
  dim_treatments: 4
  dim_vitals: 0
  dim_static_features: 1
  dim_outcomes: 1
  name: CT
  multi:
    _target_: src.models.ct.CT
    max_seq_length: 65
    seq_hidden_units: 12
    br_size: 16
    fc_hidden_units: 48
    dropout_rate: 0.1
    num_layer: 1
    num_heads: 2
    max_grad_norm: null
    batch_size: 256
    attn_dropout: true
    disable_cross_attention: false
    isolate_subnetwork: _
    self_positional_encoding:
      absolute: false
      trainable: true
      max_relative_position: 15
    optimizer:
      optimizer_cls: adam
      learning_rate: 0.01
      weight_decay: 0.0
      lr_scheduler: false
    augment_with_masked_vitals: true
    tune_hparams: false
    tune_range: 50
    hparams_grid: null
    resources_per_trial: null
  self_positional_encoding:
    max_relative_position: 15
dataset:
  val_batch_size: 512
  treatment_mode: multiclass
  _target_: src.data.SyntheticCancerDatasetCollection
  name: tumor_generator
  coeff: 5.0
  chemo_coeff: 5.0
  radio_coeff: 5.0
  seed: 10
  random: false
  noise_percentage: 0.0
  num_patients:
    train: 10000
    val: 1000
    test: 1000
  window_size: 15
  lag: 0
  max_seq_length: 60
  projection_horizon: 5
  cf_seq_mode: sliding_treatment
exp:
  seed: 10
  gpus:
  - 0
  max_epochs: 100
  logging: true
  mlflow_uri: http://127.0.0.1:5000
  unscale_rmse: true
  percentage_rmse: true
  alpha: 0.0
  update_alpha: true
  alpha_rate: exp
  initial_balancing_method: domain_confusion
  final_balancing_method: domain_confusion
  bce_weight: false
  weights_ema: true
  beta: 0.99
  alpha_wass: 0.0001
  alpha_wass_epoch: false
  alpha_wass_growth: 0.001
  alpha_wass_max: 0.01
  balancing_switch_epoch: 99
  clustering_method: GMM
  number_clusters: 2
  num_timepoints: 59
  gap_epoch: 60
  checkpoint_dir: ./checkpoints/cancer/ct/alpha0/5

[2025-01-27 17:10:19,775][root][INFO] - Simulating initial volumes for stage I  with norm params: mu=1.72, sigma=4.7, lb=-0.6221218732608373, ub=-0.023523848418276528
[2025-01-27 17:10:19,776][root][INFO] - Simulating initial volumes for stage II  with norm params: mu=1.96, sigma=1.63, lb=-1.9410876100159118, ub=0.3711345751297772
[2025-01-27 17:10:19,777][root][INFO] - Simulating initial volumes for stage IIIA  with norm params: mu=1.91, sigma=9.4, lb=-0.33127370258786554, ub=0.06967546355973796
[2025-01-27 17:10:19,778][root][INFO] - Simulating initial volumes for stage IIIB  with norm params: mu=2.76, sigma=6.87, lb=-0.5769974969906748, ub=-0.02839165102452155
[2025-01-27 17:10:19,781][root][INFO] - Simulating initial volumes for stage IV  with norm params: mu=3.86, sigma=8.82, lb=-0.5741465764541877, ub=-0.14683113860980307
[2025-01-27 17:10:19,790][root][INFO] - Got correlated params for 4658 patients
[2025-01-27 17:10:19,794][root][INFO] - Got correlated params for 9338 patients
[2025-01-27 17:10:19,799][root][INFO] - Got correlated params for 13912 patients
[2025-01-27 17:10:19,806][root][INFO] - Simulating beta_c parameters
[2025-01-27 17:10:19,811][root][INFO] - Randomising outputs
[2025-01-27 17:10:38,074][root][INFO] - Simulating initial volumes for stage I  with norm params: mu=1.72, sigma=4.7, lb=-0.6221218732608373, ub=-0.023523848418276528
[2025-01-27 17:10:38,077][root][INFO] - Simulating initial volumes for stage II  with norm params: mu=1.96, sigma=1.63, lb=-1.9410876100159118, ub=0.3711345751297772
[2025-01-27 17:10:38,077][root][INFO] - Simulating initial volumes for stage IIIA  with norm params: mu=1.91, sigma=9.4, lb=-0.33127370258786554, ub=0.06967546355973796
[2025-01-27 17:10:38,078][root][INFO] - Simulating initial volumes for stage IIIB  with norm params: mu=2.76, sigma=6.87, lb=-0.5769974969906748, ub=-0.02839165102452155
[2025-01-27 17:10:38,079][root][INFO] - Simulating initial volumes for stage IV  with norm params: mu=3.86, sigma=8.82, lb=-0.5741465764541877, ub=-0.14683113860980307
[2025-01-27 17:10:38,081][root][INFO] - Got correlated params for 464 patients
[2025-01-27 17:10:38,082][root][INFO] - Got correlated params for 942 patients
[2025-01-27 17:10:38,083][root][INFO] - Got correlated params for 1398 patients
[2025-01-27 17:10:38,084][root][INFO] - Simulating beta_c parameters
[2025-01-27 17:10:38,085][root][INFO] - Randomising outputs
[2025-01-27 17:10:39,904][root][INFO] - Simulating initial volumes for stage I  with norm params: mu=1.72, sigma=4.7, lb=-0.6221218732608373, ub=-0.023523848418276528
[2025-01-27 17:10:39,905][root][INFO] - Simulating initial volumes for stage II  with norm params: mu=1.96, sigma=1.63, lb=-1.9410876100159118, ub=0.3711345751297772
[2025-01-27 17:10:39,906][root][INFO] - Simulating initial volumes for stage IIIA  with norm params: mu=1.91, sigma=9.4, lb=-0.33127370258786554, ub=0.06967546355973796
[2025-01-27 17:10:39,907][root][INFO] - Simulating initial volumes for stage IIIB  with norm params: mu=2.76, sigma=6.87, lb=-0.5769974969906748, ub=-0.02839165102452155
[2025-01-27 17:10:39,908][root][INFO] - Simulating initial volumes for stage IV  with norm params: mu=3.86, sigma=8.82, lb=-0.5741465764541877, ub=-0.14683113860980307
[2025-01-27 17:10:39,910][root][INFO] - Got correlated params for 491 patients
[2025-01-27 17:10:39,911][root][INFO] - Got correlated params for 936 patients
[2025-01-27 17:10:39,912][root][INFO] - Got correlated params for 1396 patients
[2025-01-27 17:10:39,913][root][INFO] - Simulating beta_c parameters
[2025-01-27 17:10:39,914][root][INFO] - Randomising outputs
[2025-01-27 17:10:46,299][root][INFO] - Simulating initial volumes for stage I  with norm params: mu=1.72, sigma=4.7, lb=-0.6221218732608373, ub=-0.023523848418276528
[2025-01-27 17:10:46,300][root][INFO] - Simulating initial volumes for stage II  with norm params: mu=1.96, sigma=1.63, lb=-1.9410876100159118, ub=0.3711345751297772
[2025-01-27 17:10:46,301][root][INFO] - Simulating initial volumes for stage IIIA  with norm params: mu=1.91, sigma=9.4, lb=-0.33127370258786554, ub=0.06967546355973796
[2025-01-27 17:10:46,301][root][INFO] - Simulating initial volumes for stage IIIB  with norm params: mu=2.76, sigma=6.87, lb=-0.5769974969906748, ub=-0.02839165102452155
[2025-01-27 17:10:46,302][root][INFO] - Simulating initial volumes for stage IV  with norm params: mu=3.86, sigma=8.82, lb=-0.5741465764541877, ub=-0.14683113860980307
[2025-01-27 17:10:46,304][root][INFO] - Got correlated params for 434 patients
[2025-01-27 17:10:46,305][root][INFO] - Got correlated params for 874 patients
[2025-01-27 17:10:46,306][root][INFO] - Got correlated params for 1357 patients
[2025-01-27 17:10:46,307][root][INFO] - Simulating beta_c parameters
[2025-01-27 17:10:46,308][root][INFO] - Randomising outputs
[2025-01-27 17:11:14,942][src.data.cancer_sim.dataset][INFO] - Processing train dataset before training
[2025-01-27 17:11:15,843][src.data.cancer_sim.dataset][INFO] - Shape of processed train data: {'cancer_volume': (10000, 60), 'chemo_dosage': (10000, 60), 'radio_dosage': (10000, 60), 'chemo_application': (10000, 60), 'radio_application': (10000, 60), 'chemo_probabilities': (10000, 60), 'radio_probabilities': (10000, 60), 'sequence_lengths': (10000,), 'death_flags': (10000, 60), 'recovery_flags': (10000, 60), 'patient_types': (10000,), 'prev_treatments': (10000, 59, 4), 'current_treatments': (10000, 59, 4), 'current_covariates': (10000, 59, 2), 'outputs': (10000, 59, 1), 'active_entries': (10000, 59, 1), 'unscaled_outputs': (10000, 59, 1), 'prev_outputs': (10000, 59, 1), 'static_features': (10000, 1)}
[2025-01-27 17:11:15,843][src.data.cancer_sim.dataset][INFO] - Processing val dataset before training
[2025-01-27 17:11:15,934][src.data.cancer_sim.dataset][INFO] - Shape of processed val data: {'cancer_volume': (1000, 60), 'chemo_dosage': (1000, 60), 'radio_dosage': (1000, 60), 'chemo_application': (1000, 60), 'radio_application': (1000, 60), 'chemo_probabilities': (1000, 60), 'radio_probabilities': (1000, 60), 'sequence_lengths': (1000,), 'death_flags': (1000, 60), 'recovery_flags': (1000, 60), 'patient_types': (1000,), 'prev_treatments': (1000, 59, 4), 'current_treatments': (1000, 59, 4), 'current_covariates': (1000, 59, 2), 'outputs': (1000, 59, 1), 'active_entries': (1000, 59, 1), 'unscaled_outputs': (1000, 59, 1), 'prev_outputs': (1000, 59, 1), 'static_features': (1000, 1)}
[2025-01-27 17:11:15,935][src.data.cancer_sim.dataset][INFO] - Processing test dataset before training
[2025-01-27 17:11:35,013][src.data.cancer_sim.dataset][INFO] - Shape of processed test data: {'cancer_volume': (225248, 60), 'chemo_application': (225248, 60), 'radio_application': (225248, 60), 'sequence_lengths': (225248,), 'patient_types': (225248,), 'prev_treatments': (225248, 59, 4), 'current_treatments': (225248, 59, 4), 'current_covariates': (225248, 59, 2), 'outputs': (225248, 59, 1), 'active_entries': (225248, 59, 1), 'unscaled_outputs': (225248, 59, 1), 'prev_outputs': (225248, 59, 1), 'static_features': (225248, 1)}
[2025-01-27 17:11:35,014][src.data.cancer_sim.dataset][INFO] - Processing test dataset before training
[2025-01-27 17:12:27,795][src.data.cancer_sim.dataset][INFO] - Shape of processed test data: {'cancer_volume': (554444, 65), 'chemo_application': (554444, 65), 'radio_application': (554444, 65), 'sequence_lengths': (554444,), 'patient_types': (554444,), 'patient_ids_all_trajectories': (554444,), 'patient_current_t': (554444,), 'prev_treatments': (554444, 64, 4), 'current_treatments': (554444, 64, 4), 'current_covariates': (554444, 64, 2), 'outputs': (554444, 64, 1), 'active_entries': (554444, 64, 1), 'unscaled_outputs': (554444, 64, 1), 'prev_outputs': (554444, 64, 1), 'static_features': (554444, 1)}
[2025-01-27 17:12:27,799][src.data.cancer_sim.dataset][INFO] - Processing test dataset before testing (multiple sequences)
[2025-01-27 17:12:35,328][src.data.cancer_sim.dataset][INFO] - Shape of processed test data: {'active_encoder_r': (554444, 59), 'prev_treatments': (554444, 5, 4), 'current_treatments': (554444, 5, 4), 'current_covariates': (554444, 5, 2), 'prev_outputs': (554444, 5, 1), 'static_features': (554444, 1), 'outputs': (554444, 5, 1), 'sequence_lengths': (554444,), 'active_entries': (554444, 5, 1), 'unscaled_outputs': (554444, 5, 1), 'patient_types': (554444,), 'patient_ids_all_trajectories': (554444,), 'patient_current_t': (554444,)}
[2025-01-27 17:12:37,936][src.models.ct][INFO] - Max input size of multi: 4
[2025-01-27 17:19:14,089][src.models.time_varying_model][INFO] - RMSE calculation for val.
[2025-01-27 17:19:14,090][src.models.time_varying_model][INFO] - Predictions for val.
[2025-01-27 17:19:14,833][__main__][INFO] - Val normalised RMSE (all): 0.5614378828513885; Val normalised RMSE (orig): 0.5544372116063251
[2025-01-27 17:19:14,833][src.models.time_varying_model][INFO] - RMSE calculation for test.
[2025-01-27 17:19:14,834][src.models.time_varying_model][INFO] - Predictions for test.
[2025-01-27 17:19:32,949][__main__][INFO] - Test normalised RMSE (all): 1.4447924295445165; Test normalised RMSE (orig): 1.242740001359968; Test normalised RMSE (only counterfactual): 1.5464643120077122
[2025-01-27 17:19:33,009][src.models.time_varying_model][INFO] - RMSE calculation for test.
[2025-01-27 17:19:33,009][src.models.ct][INFO] - Autoregressive Prediction for test.
[2025-01-27 17:19:33,009][src.models.ct][INFO] - t = 1
[2025-01-27 17:19:33,009][src.models.time_varying_model][INFO] - Predictions for test.
[2025-01-27 17:20:29,644][src.models.ct][INFO] - t = 2
[2025-01-27 17:20:29,645][src.models.time_varying_model][INFO] - Predictions for test.
[2025-01-27 17:21:26,150][src.models.ct][INFO] - t = 3
[2025-01-27 17:21:26,150][src.models.time_varying_model][INFO] - Predictions for test.
[2025-01-27 17:22:22,022][src.models.ct][INFO] - t = 4
[2025-01-27 17:22:22,023][src.models.time_varying_model][INFO] - Predictions for test.
[2025-01-27 17:23:18,342][src.models.ct][INFO] - t = 5
[2025-01-27 17:23:18,342][src.models.time_varying_model][INFO] - Predictions for test.
[2025-01-27 17:24:14,387][src.models.ct][INFO] - t = 6
[2025-01-27 17:24:14,388][src.models.time_varying_model][INFO] - Predictions for test.
[2025-01-27 17:25:11,578][__main__][INFO] - Test normalised RMSE (n-step prediction): {'2-step': 1.8374794262122491, '3-step': 2.0805358566161543, '4-step': 2.2148730769068816, '5-step': 2.2383205088779867, '6-step': 2.1407670395361134}
