[2025-01-28 02:51:39,208][__main__][INFO] - 
model:
  dim_treatments: 4
  dim_vitals: 0
  dim_static_features: 1
  dim_outcomes: 1
  name: CRN
  encoder:
    _target_: src.models.crn.CRNEncoder
    seq_hidden_units: 24
    br_size: 24
    fc_hidden_units: 96
    dropout_rate: 0.2
    num_layer: 1
    batch_size: 1024
    optimizer:
      optimizer_cls: adam
      learning_rate: 0.001
      weight_decay: 0.0
      lr_scheduler: false
    tune_hparams: false
    tune_range: 50
    hparams_grid: null
    resources_per_trial: null
  train_decoder: true
  decoder:
    _target_: src.models.crn.CRNDecoder
    seq_hidden_units: null
    br_size: 24
    fc_hidden_units: 12
    dropout_rate: 0.1
    num_layer: 1
    batch_size: 4096
    optimizer:
      optimizer_cls: adam
      learning_rate: 0.001
      weight_decay: 0.0
      lr_scheduler: false
    tune_hparams: false
    tune_range: 30
    hparams_grid: null
    resources_per_trial: null
dataset:
  val_batch_size: 512
  treatment_mode: multiclass
  _target_: src.data.SyntheticCancerDatasetCollection
  name: tumor_generator
  coeff: 6.0
  chemo_coeff: 6.0
  radio_coeff: 6.0
  seed: 101
  random: false
  noise_percentage: 0.0
  num_patients:
    train: 10000
    val: 1000
    test: 1000
  window_size: 15
  lag: 0
  max_seq_length: 60
  projection_horizon: 5
  cf_seq_mode: sliding_treatment
exp:
  seed: 101
  gpus:
  - 0
  max_epochs: 20
  logging: true
  mlflow_uri: http://127.0.0.1:5000
  unscale_rmse: true
  percentage_rmse: true
  alpha: 0.01
  update_alpha: true
  alpha_rate: exp
  initial_balancing_method: subgroup
  final_balancing_method: subgroup
  bce_weight: false
  weights_ema: false
  beta: 0.99
  alpha_wass: 0.0001
  alpha_wass_epoch: false
  alpha_wass_growth: 0.001
  alpha_wass_max: 0.01
  balancing: grad_reverse
  balancing_switch_epoch: 19
  gap_epoch: 1
  clustering_method: GMM
  number_clusters: 2
  num_timepoints: 59
  checkpoint_dir: ./checkpoints/cancer/crn/SGA/6

[2025-01-28 02:51:39,235][root][INFO] - Simulating initial volumes for stage I  with norm params: mu=1.72, sigma=4.7, lb=-0.6221218732608373, ub=-0.023523848418276528
[2025-01-28 02:51:39,244][root][INFO] - Simulating initial volumes for stage II  with norm params: mu=1.96, sigma=1.63, lb=-1.9410876100159118, ub=0.3711345751297772
[2025-01-28 02:51:39,246][root][INFO] - Simulating initial volumes for stage IIIA  with norm params: mu=1.91, sigma=9.4, lb=-0.33127370258786554, ub=0.06967546355973796
[2025-01-28 02:51:39,247][root][INFO] - Simulating initial volumes for stage IIIB  with norm params: mu=2.76, sigma=6.87, lb=-0.5769974969906748, ub=-0.02839165102452155
[2025-01-28 02:51:39,249][root][INFO] - Simulating initial volumes for stage IV  with norm params: mu=3.86, sigma=8.82, lb=-0.5741465764541877, ub=-0.14683113860980307
[2025-01-28 02:51:39,274][root][INFO] - Got correlated params for 4645 patients
[2025-01-28 02:51:39,279][root][INFO] - Got correlated params for 9125 patients
[2025-01-28 02:51:39,283][root][INFO] - Got correlated params for 13736 patients
[2025-01-28 02:51:39,292][root][INFO] - Simulating beta_c parameters
[2025-01-28 02:51:39,297][root][INFO] - Randomising outputs
[2025-01-28 02:51:39,516][__main__][INFO] - 
model:
  dim_treatments: 4
  dim_vitals: 0
  dim_static_features: 1
  dim_outcomes: 1
  name: CRN
  encoder:
    _target_: src.models.crn.CRNEncoder
    seq_hidden_units: 24
    br_size: 24
    fc_hidden_units: 96
    dropout_rate: 0.2
    num_layer: 1
    batch_size: 1024
    optimizer:
      optimizer_cls: adam
      learning_rate: 0.001
      weight_decay: 0.0
      lr_scheduler: false
    tune_hparams: false
    tune_range: 50
    hparams_grid: null
    resources_per_trial: null
  train_decoder: true
  decoder:
    _target_: src.models.crn.CRNDecoder
    seq_hidden_units: null
    br_size: 24
    fc_hidden_units: 12
    dropout_rate: 0.1
    num_layer: 1
    batch_size: 4096
    optimizer:
      optimizer_cls: adam
      learning_rate: 0.001
      weight_decay: 0.0
      lr_scheduler: false
    tune_hparams: false
    tune_range: 30
    hparams_grid: null
    resources_per_trial: null
dataset:
  val_batch_size: 512
  treatment_mode: multiclass
  _target_: src.data.SyntheticCancerDatasetCollection
  name: tumor_generator
  coeff: 6.0
  chemo_coeff: 6.0
  radio_coeff: 6.0
  seed: 10
  random: false
  noise_percentage: 0.0
  num_patients:
    train: 10000
    val: 1000
    test: 1000
  window_size: 15
  lag: 0
  max_seq_length: 60
  projection_horizon: 5
  cf_seq_mode: sliding_treatment
exp:
  seed: 10
  gpus:
  - 0
  max_epochs: 120
  logging: true
  mlflow_uri: http://127.0.0.1:5000
  unscale_rmse: true
  percentage_rmse: true
  alpha: 0.01
  update_alpha: true
  alpha_rate: exp
  initial_balancing_method: grad_reverse
  final_balancing_method: subgroup
  bce_weight: false
  weights_ema: false
  beta: 0.99
  alpha_wass: 0.0001
  alpha_wass_epoch: false
  alpha_wass_growth: 0.001
  alpha_wass_max: 0.01
  balancing: grad_reverse
  balancing_switch_epoch: 99
  gap_epoch: 1
  clustering_method: GMM
  number_clusters: 2
  num_timepoints: 59
  checkpoint_dir: ./checkpoints/cancer/crn/SGA/6

[2025-01-28 02:51:39,527][root][INFO] - Simulating initial volumes for stage I  with norm params: mu=1.72, sigma=4.7, lb=-0.6221218732608373, ub=-0.023523848418276528
[2025-01-28 02:51:39,528][root][INFO] - Simulating initial volumes for stage II  with norm params: mu=1.96, sigma=1.63, lb=-1.9410876100159118, ub=0.3711345751297772
[2025-01-28 02:51:39,529][root][INFO] - Simulating initial volumes for stage IIIA  with norm params: mu=1.91, sigma=9.4, lb=-0.33127370258786554, ub=0.06967546355973796
[2025-01-28 02:51:39,530][root][INFO] - Simulating initial volumes for stage IIIB  with norm params: mu=2.76, sigma=6.87, lb=-0.5769974969906748, ub=-0.02839165102452155
[2025-01-28 02:51:39,533][root][INFO] - Simulating initial volumes for stage IV  with norm params: mu=3.86, sigma=8.82, lb=-0.5741465764541877, ub=-0.14683113860980307
[2025-01-28 02:51:39,541][root][INFO] - Got correlated params for 4658 patients
[2025-01-28 02:51:39,546][root][INFO] - Got correlated params for 9338 patients
[2025-01-28 02:51:39,551][root][INFO] - Got correlated params for 13912 patients
[2025-01-28 02:51:39,558][root][INFO] - Simulating beta_c parameters
[2025-01-28 02:51:39,563][root][INFO] - Randomising outputs
[2025-01-28 02:51:55,238][root][INFO] - Simulating initial volumes for stage I  with norm params: mu=1.72, sigma=4.7, lb=-0.6221218732608373, ub=-0.023523848418276528
[2025-01-28 02:51:55,240][root][INFO] - Simulating initial volumes for stage II  with norm params: mu=1.96, sigma=1.63, lb=-1.9410876100159118, ub=0.3711345751297772
[2025-01-28 02:51:55,241][root][INFO] - Simulating initial volumes for stage IIIA  with norm params: mu=1.91, sigma=9.4, lb=-0.33127370258786554, ub=0.06967546355973796
[2025-01-28 02:51:55,241][root][INFO] - Simulating initial volumes for stage IIIB  with norm params: mu=2.76, sigma=6.87, lb=-0.5769974969906748, ub=-0.02839165102452155
[2025-01-28 02:51:55,242][root][INFO] - Simulating initial volumes for stage IV  with norm params: mu=3.86, sigma=8.82, lb=-0.5741465764541877, ub=-0.14683113860980307
[2025-01-28 02:51:55,244][root][INFO] - Got correlated params for 438 patients
[2025-01-28 02:51:55,245][root][INFO] - Got correlated params for 895 patients
[2025-01-28 02:51:55,246][root][INFO] - Got correlated params for 1361 patients
[2025-01-28 02:51:55,247][root][INFO] - Simulating beta_c parameters
[2025-01-28 02:51:55,248][root][INFO] - Randomising outputs
[2025-01-28 02:51:56,808][root][INFO] - Simulating initial volumes for stage I  with norm params: mu=1.72, sigma=4.7, lb=-0.6221218732608373, ub=-0.023523848418276528
[2025-01-28 02:51:56,809][root][INFO] - Simulating initial volumes for stage II  with norm params: mu=1.96, sigma=1.63, lb=-1.9410876100159118, ub=0.3711345751297772
[2025-01-28 02:51:56,809][root][INFO] - Simulating initial volumes for stage IIIA  with norm params: mu=1.91, sigma=9.4, lb=-0.33127370258786554, ub=0.06967546355973796
[2025-01-28 02:51:56,810][root][INFO] - Simulating initial volumes for stage IIIB  with norm params: mu=2.76, sigma=6.87, lb=-0.5769974969906748, ub=-0.02839165102452155
[2025-01-28 02:51:56,811][root][INFO] - Simulating initial volumes for stage IV  with norm params: mu=3.86, sigma=8.82, lb=-0.5741465764541877, ub=-0.14683113860980307
[2025-01-28 02:51:56,812][root][INFO] - Got correlated params for 448 patients
[2025-01-28 02:51:56,813][root][INFO] - Got correlated params for 913 patients
[2025-01-28 02:51:56,814][root][INFO] - Got correlated params for 1384 patients
[2025-01-28 02:51:56,815][root][INFO] - Simulating beta_c parameters
[2025-01-28 02:51:56,816][root][INFO] - Randomising outputs
[2025-01-28 02:51:56,981][root][INFO] - Simulating initial volumes for stage I  with norm params: mu=1.72, sigma=4.7, lb=-0.6221218732608373, ub=-0.023523848418276528
[2025-01-28 02:51:56,983][root][INFO] - Simulating initial volumes for stage II  with norm params: mu=1.96, sigma=1.63, lb=-1.9410876100159118, ub=0.3711345751297772
[2025-01-28 02:51:56,984][root][INFO] - Simulating initial volumes for stage IIIA  with norm params: mu=1.91, sigma=9.4, lb=-0.33127370258786554, ub=0.06967546355973796
[2025-01-28 02:51:56,984][root][INFO] - Simulating initial volumes for stage IIIB  with norm params: mu=2.76, sigma=6.87, lb=-0.5769974969906748, ub=-0.02839165102452155
[2025-01-28 02:51:56,985][root][INFO] - Simulating initial volumes for stage IV  with norm params: mu=3.86, sigma=8.82, lb=-0.5741465764541877, ub=-0.14683113860980307
[2025-01-28 02:51:56,987][root][INFO] - Got correlated params for 464 patients
[2025-01-28 02:51:56,988][root][INFO] - Got correlated params for 942 patients
[2025-01-28 02:51:56,989][root][INFO] - Got correlated params for 1398 patients
[2025-01-28 02:51:56,990][root][INFO] - Simulating beta_c parameters
[2025-01-28 02:51:56,991][root][INFO] - Randomising outputs
[2025-01-28 02:51:58,694][root][INFO] - Simulating initial volumes for stage I  with norm params: mu=1.72, sigma=4.7, lb=-0.6221218732608373, ub=-0.023523848418276528
[2025-01-28 02:51:58,694][root][INFO] - Simulating initial volumes for stage II  with norm params: mu=1.96, sigma=1.63, lb=-1.9410876100159118, ub=0.3711345751297772
[2025-01-28 02:51:58,695][root][INFO] - Simulating initial volumes for stage IIIA  with norm params: mu=1.91, sigma=9.4, lb=-0.33127370258786554, ub=0.06967546355973796
[2025-01-28 02:51:58,695][root][INFO] - Simulating initial volumes for stage IIIB  with norm params: mu=2.76, sigma=6.87, lb=-0.5769974969906748, ub=-0.02839165102452155
[2025-01-28 02:51:58,696][root][INFO] - Simulating initial volumes for stage IV  with norm params: mu=3.86, sigma=8.82, lb=-0.5741465764541877, ub=-0.14683113860980307
[2025-01-28 02:51:58,698][root][INFO] - Got correlated params for 491 patients
[2025-01-28 02:51:58,699][root][INFO] - Got correlated params for 936 patients
[2025-01-28 02:51:58,700][root][INFO] - Got correlated params for 1396 patients
[2025-01-28 02:51:58,701][root][INFO] - Simulating beta_c parameters
[2025-01-28 02:51:58,702][root][INFO] - Randomising outputs
[2025-01-28 02:52:02,492][root][INFO] - Simulating initial volumes for stage I  with norm params: mu=1.72, sigma=4.7, lb=-0.6221218732608373, ub=-0.023523848418276528
[2025-01-28 02:52:02,493][root][INFO] - Simulating initial volumes for stage II  with norm params: mu=1.96, sigma=1.63, lb=-1.9410876100159118, ub=0.3711345751297772
[2025-01-28 02:52:02,494][root][INFO] - Simulating initial volumes for stage IIIA  with norm params: mu=1.91, sigma=9.4, lb=-0.33127370258786554, ub=0.06967546355973796
[2025-01-28 02:52:02,495][root][INFO] - Simulating initial volumes for stage IIIB  with norm params: mu=2.76, sigma=6.87, lb=-0.5769974969906748, ub=-0.02839165102452155
[2025-01-28 02:52:02,495][root][INFO] - Simulating initial volumes for stage IV  with norm params: mu=3.86, sigma=8.82, lb=-0.5741465764541877, ub=-0.14683113860980307
[2025-01-28 02:52:02,497][root][INFO] - Got correlated params for 469 patients
[2025-01-28 02:52:02,498][root][INFO] - Got correlated params for 898 patients
[2025-01-28 02:52:02,499][root][INFO] - Got correlated params for 1364 patients
[2025-01-28 02:52:02,500][root][INFO] - Simulating beta_c parameters
[2025-01-28 02:52:02,501][root][INFO] - Randomising outputs
[2025-01-28 02:52:04,900][root][INFO] - Simulating initial volumes for stage I  with norm params: mu=1.72, sigma=4.7, lb=-0.6221218732608373, ub=-0.023523848418276528
[2025-01-28 02:52:04,901][root][INFO] - Simulating initial volumes for stage II  with norm params: mu=1.96, sigma=1.63, lb=-1.9410876100159118, ub=0.3711345751297772
[2025-01-28 02:52:04,902][root][INFO] - Simulating initial volumes for stage IIIA  with norm params: mu=1.91, sigma=9.4, lb=-0.33127370258786554, ub=0.06967546355973796
[2025-01-28 02:52:04,903][root][INFO] - Simulating initial volumes for stage IIIB  with norm params: mu=2.76, sigma=6.87, lb=-0.5769974969906748, ub=-0.02839165102452155
[2025-01-28 02:52:04,903][root][INFO] - Simulating initial volumes for stage IV  with norm params: mu=3.86, sigma=8.82, lb=-0.5741465764541877, ub=-0.14683113860980307
[2025-01-28 02:52:04,905][root][INFO] - Got correlated params for 434 patients
[2025-01-28 02:52:04,906][root][INFO] - Got correlated params for 874 patients
[2025-01-28 02:52:04,907][root][INFO] - Got correlated params for 1357 patients
[2025-01-28 02:52:04,908][root][INFO] - Simulating beta_c parameters
[2025-01-28 02:52:04,910][root][INFO] - Randomising outputs
[2025-01-28 02:52:28,564][src.data.cancer_sim.dataset][INFO] - Processing train dataset before training
[2025-01-28 02:52:29,486][src.data.cancer_sim.dataset][INFO] - Shape of processed train data: {'cancer_volume': (10000, 60), 'chemo_dosage': (10000, 60), 'radio_dosage': (10000, 60), 'chemo_application': (10000, 60), 'radio_application': (10000, 60), 'chemo_probabilities': (10000, 60), 'radio_probabilities': (10000, 60), 'sequence_lengths': (10000,), 'death_flags': (10000, 60), 'recovery_flags': (10000, 60), 'patient_types': (10000,), 'prev_treatments': (10000, 59, 4), 'current_treatments': (10000, 59, 4), 'current_covariates': (10000, 59, 2), 'outputs': (10000, 59, 1), 'active_entries': (10000, 59, 1), 'unscaled_outputs': (10000, 59, 1), 'prev_outputs': (10000, 59, 1), 'static_features': (10000, 1)}
[2025-01-28 02:52:29,486][src.data.cancer_sim.dataset][INFO] - Processing val dataset before training
[2025-01-28 02:52:29,578][src.data.cancer_sim.dataset][INFO] - Shape of processed val data: {'cancer_volume': (1000, 60), 'chemo_dosage': (1000, 60), 'radio_dosage': (1000, 60), 'chemo_application': (1000, 60), 'radio_application': (1000, 60), 'chemo_probabilities': (1000, 60), 'radio_probabilities': (1000, 60), 'sequence_lengths': (1000,), 'death_flags': (1000, 60), 'recovery_flags': (1000, 60), 'patient_types': (1000,), 'prev_treatments': (1000, 59, 4), 'current_treatments': (1000, 59, 4), 'current_covariates': (1000, 59, 2), 'outputs': (1000, 59, 1), 'active_entries': (1000, 59, 1), 'unscaled_outputs': (1000, 59, 1), 'prev_outputs': (1000, 59, 1), 'static_features': (1000, 1)}
[2025-01-28 02:52:29,578][src.data.cancer_sim.dataset][INFO] - Processing test dataset before training
[2025-01-28 02:52:33,492][src.data.cancer_sim.dataset][INFO] - Processing train dataset before training
[2025-01-28 02:52:34,381][src.data.cancer_sim.dataset][INFO] - Shape of processed train data: {'cancer_volume': (10000, 60), 'chemo_dosage': (10000, 60), 'radio_dosage': (10000, 60), 'chemo_application': (10000, 60), 'radio_application': (10000, 60), 'chemo_probabilities': (10000, 60), 'radio_probabilities': (10000, 60), 'sequence_lengths': (10000,), 'death_flags': (10000, 60), 'recovery_flags': (10000, 60), 'patient_types': (10000,), 'prev_treatments': (10000, 59, 4), 'current_treatments': (10000, 59, 4), 'current_covariates': (10000, 59, 2), 'outputs': (10000, 59, 1), 'active_entries': (10000, 59, 1), 'unscaled_outputs': (10000, 59, 1), 'prev_outputs': (10000, 59, 1), 'static_features': (10000, 1)}
[2025-01-28 02:52:34,382][src.data.cancer_sim.dataset][INFO] - Processing val dataset before training
[2025-01-28 02:52:34,470][src.data.cancer_sim.dataset][INFO] - Shape of processed val data: {'cancer_volume': (1000, 60), 'chemo_dosage': (1000, 60), 'radio_dosage': (1000, 60), 'chemo_application': (1000, 60), 'radio_application': (1000, 60), 'chemo_probabilities': (1000, 60), 'radio_probabilities': (1000, 60), 'sequence_lengths': (1000,), 'death_flags': (1000, 60), 'recovery_flags': (1000, 60), 'patient_types': (1000,), 'prev_treatments': (1000, 59, 4), 'current_treatments': (1000, 59, 4), 'current_covariates': (1000, 59, 2), 'outputs': (1000, 59, 1), 'active_entries': (1000, 59, 1), 'unscaled_outputs': (1000, 59, 1), 'prev_outputs': (1000, 59, 1), 'static_features': (1000, 1)}
[2025-01-28 02:52:34,471][src.data.cancer_sim.dataset][INFO] - Processing test dataset before training
[2025-01-28 02:52:49,632][src.data.cancer_sim.dataset][INFO] - Shape of processed test data: {'cancer_volume': (229084, 60), 'chemo_application': (229084, 60), 'radio_application': (229084, 60), 'sequence_lengths': (229084,), 'patient_types': (229084,), 'prev_treatments': (229084, 59, 4), 'current_treatments': (229084, 59, 4), 'current_covariates': (229084, 59, 2), 'outputs': (229084, 59, 1), 'active_entries': (229084, 59, 1), 'unscaled_outputs': (229084, 59, 1), 'prev_outputs': (229084, 59, 1), 'static_features': (229084, 1)}
[2025-01-28 02:52:50,241][src.models.crn][INFO] - Input size of encoder: 6
[2025-01-28 02:52:53,872][src.data.cancer_sim.dataset][INFO] - Shape of processed test data: {'cancer_volume': (224868, 60), 'chemo_application': (224868, 60), 'radio_application': (224868, 60), 'sequence_lengths': (224868,), 'patient_types': (224868,), 'prev_treatments': (224868, 59, 4), 'current_treatments': (224868, 59, 4), 'current_covariates': (224868, 59, 2), 'outputs': (224868, 59, 1), 'active_entries': (224868, 59, 1), 'unscaled_outputs': (224868, 59, 1), 'prev_outputs': (224868, 59, 1), 'static_features': (224868, 1)}
[2025-01-28 02:52:54,329][src.models.crn][INFO] - Input size of encoder: 6
[2025-01-28 03:13:58,992][src.models.time_varying_model][INFO] - RMSE calculation for val.
[2025-01-28 03:13:58,994][src.models.time_varying_model][INFO] - Predictions for val.
[2025-01-28 03:13:59,629][__main__][INFO] - Val normalised RMSE (all): 0.8720208570732099; Val normalised RMSE (orig): 0.8664407004883334
[2025-01-28 03:13:59,630][src.models.time_varying_model][INFO] - RMSE calculation for test.
[2025-01-28 03:13:59,630][src.models.time_varying_model][INFO] - Predictions for test.
[2025-01-28 03:14:15,805][__main__][INFO] - Test normalised RMSE (all): 3.6282235074889755; Test normalised RMSE (orig): 3.1390252694193723; Test normalised RMSE (only counterfactual): 3.1795831825500525
[2025-01-28 03:14:15,866][src.models.crn][INFO] - Input size of decoder: 6
[2025-01-28 03:14:15,886][src.data.cancer_sim.dataset][INFO] - train Dataset already processed
[2025-01-28 03:14:15,886][src.data.cancer_sim.dataset][INFO] - val Dataset already processed
[2025-01-28 03:14:15,886][src.data.cancer_sim.dataset][INFO] - Processing test dataset before training
[2025-01-28 03:15:10,959][src.data.cancer_sim.dataset][INFO] - Shape of processed test data: {'cancer_volume': (565032, 65), 'chemo_application': (565032, 65), 'radio_application': (565032, 65), 'sequence_lengths': (565032,), 'patient_types': (565032,), 'patient_ids_all_trajectories': (565032,), 'patient_current_t': (565032,), 'prev_treatments': (565032, 64, 4), 'current_treatments': (565032, 64, 4), 'current_covariates': (565032, 64, 2), 'outputs': (565032, 64, 1), 'active_entries': (565032, 64, 1), 'unscaled_outputs': (565032, 64, 1), 'prev_outputs': (565032, 64, 1), 'static_features': (565032, 1)}
[2025-01-28 03:15:10,962][src.models.time_varying_model][INFO] - Balanced representations inference for train.
[2025-01-28 03:15:12,407][src.models.time_varying_model][INFO] - Balanced representations inference for val.
[2025-01-28 03:15:12,958][src.models.time_varying_model][INFO] - Balanced representations inference for test.
[2025-01-28 03:15:52,597][src.models.time_varying_model][INFO] - Predictions for test.
[2025-01-28 03:16:34,349][src.data.cancer_sim.dataset][INFO] - Processing train dataset before training (multiple sequences)
[2025-01-28 03:16:37,361][src.data.cancer_sim.dataset][INFO] - Shape of processed train data: {'init_state': (516818, 24), 'original_index': (516818,), 'active_encoder_r': (516818, 59), 'prev_treatments': (516818, 5, 4), 'current_treatments': (516818, 5, 4), 'current_covariates': (516818, 5, 2), 'prev_outputs': (516818, 5, 1), 'static_features': (516818, 1), 'outputs': (516818, 5, 1), 'sequence_lengths': (516818,), 'active_entries': (516818, 5, 1), 'unscaled_outputs': (516818, 5, 1)}
[2025-01-28 03:16:37,363][src.data.cancer_sim.dataset][INFO] - Processing val dataset before training (multiple sequences)
[2025-01-28 03:16:37,666][src.data.cancer_sim.dataset][INFO] - Shape of processed val data: {'init_state': (52097, 24), 'original_index': (52097,), 'active_encoder_r': (52097, 59), 'prev_treatments': (52097, 5, 4), 'current_treatments': (52097, 5, 4), 'current_covariates': (52097, 5, 2), 'prev_outputs': (52097, 5, 1), 'static_features': (52097, 1), 'outputs': (52097, 5, 1), 'sequence_lengths': (52097,), 'active_entries': (52097, 5, 1), 'unscaled_outputs': (52097, 5, 1)}
[2025-01-28 03:16:37,667][src.data.cancer_sim.dataset][INFO] - Processing test dataset before testing (multiple sequences)
[2025-01-28 03:16:45,982][src.data.cancer_sim.dataset][INFO] - Shape of processed test data: {'active_encoder_r': (565032, 59), 'prev_treatments': (565032, 5, 4), 'current_treatments': (565032, 5, 4), 'current_covariates': (565032, 5, 2), 'prev_outputs': (565032, 5, 1), 'static_features': (565032, 1), 'outputs': (565032, 5, 1), 'sequence_lengths': (565032,), 'active_entries': (565032, 5, 1), 'unscaled_outputs': (565032, 5, 1), 'patient_types': (565032,), 'patient_ids_all_trajectories': (565032,), 'patient_current_t': (565032,), 'init_state': (565032, 24)}
[2025-01-28 03:16:46,042][src.data.cancer_sim.dataset][INFO] - Processing test dataset before testing (autoregressive)
[2025-01-28 03:16:50,212][src.data.cancer_sim.dataset][INFO] - Shape of processed test data: {'current_covariates': (565032, 5, 2), 'prev_treatments': (565032, 5, 4), 'current_treatments': (565032, 5, 4), 'init_state': (565032, 24), 'active_encoder_r': (565032, 59), 'active_entries': (565032, 5, 1), 'prev_outputs': (565032, 5, 1), 'static_features': (565032, 1)}
[2025-01-28 03:24:58,191][src.models.time_varying_model][INFO] - RMSE calculation for val.
[2025-01-28 03:24:58,193][src.models.time_varying_model][INFO] - Predictions for val.
[2025-01-28 03:25:00,642][__main__][INFO] - Val normalised RMSE (all): 0.35567982955149857; Val normalised RMSE (orig): 0.3556798295514984
[2025-01-28 03:25:00,642][src.models.time_varying_model][INFO] - RMSE calculation for test.
[2025-01-28 03:25:00,642][src.models.time_varying_model][INFO] - Autoregressive Prediction for test.
[2025-01-28 03:25:00,653][src.models.time_varying_model][INFO] - t = 2
[2025-01-28 03:25:00,653][src.models.time_varying_model][INFO] - Predictions for test.
[2025-01-28 03:25:19,134][src.models.time_varying_model][INFO] - t = 3
[2025-01-28 03:25:19,137][src.models.time_varying_model][INFO] - Predictions for test.
[2025-01-28 03:25:37,500][src.models.time_varying_model][INFO] - t = 4
[2025-01-28 03:25:37,501][src.models.time_varying_model][INFO] - Predictions for test.
[2025-01-28 03:25:55,414][src.models.time_varying_model][INFO] - t = 5
[2025-01-28 03:25:55,414][src.models.time_varying_model][INFO] - Predictions for test.
[2025-01-28 03:26:13,544][src.models.time_varying_model][INFO] - t = 6
[2025-01-28 03:26:13,545][src.models.time_varying_model][INFO] - Predictions for test.
[2025-01-28 03:26:18,314][src.models.time_varying_model][INFO] - RMSE calculation for val.
[2025-01-28 03:26:18,314][src.models.time_varying_model][INFO] - Predictions for val.
[2025-01-28 03:26:19,056][__main__][INFO] - Val normalised RMSE (all): 0.7108504906264826; Val normalised RMSE (orig): 0.7016861455190496
[2025-01-28 03:26:19,057][src.models.time_varying_model][INFO] - RMSE calculation for test.
[2025-01-28 03:26:19,057][src.models.time_varying_model][INFO] - Predictions for test.
[2025-01-28 03:26:32,688][__main__][INFO] - Test normalised RMSE (n-step prediction): {'2-step': 2.661513632617859, '3-step': 3.0120428528709917, '4-step': 3.1635108508677243, '5-step': 3.1813053313384674, '6-step': 3.1051316307246353}
[2025-01-28 03:26:37,475][__main__][INFO] - Test normalised RMSE (all): 2.729305099127123; Test normalised RMSE (orig): 2.3457685958698007; Test normalised RMSE (only counterfactual): 2.369281245350901
[2025-01-28 03:26:37,534][src.models.crn][INFO] - Input size of decoder: 6
[2025-01-28 03:26:37,557][src.data.cancer_sim.dataset][INFO] - train Dataset already processed
[2025-01-28 03:26:37,557][src.data.cancer_sim.dataset][INFO] - val Dataset already processed
[2025-01-28 03:26:37,558][src.data.cancer_sim.dataset][INFO] - Processing test dataset before training
[2025-01-28 03:27:29,125][src.data.cancer_sim.dataset][INFO] - Shape of processed test data: {'cancer_volume': (548744, 65), 'chemo_application': (548744, 65), 'radio_application': (548744, 65), 'sequence_lengths': (548744,), 'patient_types': (548744,), 'patient_ids_all_trajectories': (548744,), 'patient_current_t': (548744,), 'prev_treatments': (548744, 64, 4), 'current_treatments': (548744, 64, 4), 'current_covariates': (548744, 64, 2), 'outputs': (548744, 64, 1), 'active_entries': (548744, 64, 1), 'unscaled_outputs': (548744, 64, 1), 'prev_outputs': (548744, 64, 1), 'static_features': (548744, 1)}
[2025-01-28 03:27:29,128][src.models.time_varying_model][INFO] - Balanced representations inference for train.
[2025-01-28 03:27:30,654][src.models.time_varying_model][INFO] - Balanced representations inference for val.
[2025-01-28 03:27:31,209][src.models.time_varying_model][INFO] - Balanced representations inference for test.
[2025-01-28 03:28:15,632][src.models.time_varying_model][INFO] - Predictions for test.
[2025-01-28 03:29:02,240][src.data.cancer_sim.dataset][INFO] - Processing train dataset before training (multiple sequences)
[2025-01-28 03:29:05,143][src.data.cancer_sim.dataset][INFO] - Shape of processed train data: {'init_state': (515994, 24), 'original_index': (515994,), 'active_encoder_r': (515994, 59), 'prev_treatments': (515994, 5, 4), 'current_treatments': (515994, 5, 4), 'current_covariates': (515994, 5, 2), 'prev_outputs': (515994, 5, 1), 'static_features': (515994, 1), 'outputs': (515994, 5, 1), 'sequence_lengths': (515994,), 'active_entries': (515994, 5, 1), 'unscaled_outputs': (515994, 5, 1)}
[2025-01-28 03:29:05,145][src.data.cancer_sim.dataset][INFO] - Processing val dataset before training (multiple sequences)
[2025-01-28 03:29:05,433][src.data.cancer_sim.dataset][INFO] - Shape of processed val data: {'init_state': (51287, 24), 'original_index': (51287,), 'active_encoder_r': (51287, 59), 'prev_treatments': (51287, 5, 4), 'current_treatments': (51287, 5, 4), 'current_covariates': (51287, 5, 2), 'prev_outputs': (51287, 5, 1), 'static_features': (51287, 1), 'outputs': (51287, 5, 1), 'sequence_lengths': (51287,), 'active_entries': (51287, 5, 1), 'unscaled_outputs': (51287, 5, 1)}
[2025-01-28 03:29:05,434][src.data.cancer_sim.dataset][INFO] - Processing test dataset before testing (multiple sequences)
[2025-01-28 03:29:13,674][src.data.cancer_sim.dataset][INFO] - Shape of processed test data: {'active_encoder_r': (548744, 59), 'prev_treatments': (548744, 5, 4), 'current_treatments': (548744, 5, 4), 'current_covariates': (548744, 5, 2), 'prev_outputs': (548744, 5, 1), 'static_features': (548744, 1), 'outputs': (548744, 5, 1), 'sequence_lengths': (548744,), 'active_entries': (548744, 5, 1), 'unscaled_outputs': (548744, 5, 1), 'patient_types': (548744,), 'patient_ids_all_trajectories': (548744,), 'patient_current_t': (548744,), 'init_state': (548744, 24)}
[2025-01-28 03:29:13,732][src.data.cancer_sim.dataset][INFO] - Processing test dataset before testing (autoregressive)
[2025-01-28 03:29:18,028][src.data.cancer_sim.dataset][INFO] - Shape of processed test data: {'current_covariates': (548744, 5, 2), 'prev_treatments': (548744, 5, 4), 'current_treatments': (548744, 5, 4), 'init_state': (548744, 24), 'active_encoder_r': (548744, 59), 'active_entries': (548744, 5, 1), 'prev_outputs': (548744, 5, 1), 'static_features': (548744, 1)}
[2025-01-28 04:33:29,733][src.models.time_varying_model][INFO] - RMSE calculation for val.
[2025-01-28 04:33:29,735][src.models.time_varying_model][INFO] - Predictions for val.
[2025-01-28 04:33:32,604][__main__][INFO] - Val normalised RMSE (all): 0.3056119277524493; Val normalised RMSE (orig): 0.30561192775245
[2025-01-28 04:33:32,604][src.models.time_varying_model][INFO] - RMSE calculation for test.
[2025-01-28 04:33:32,604][src.models.time_varying_model][INFO] - Autoregressive Prediction for test.
[2025-01-28 04:33:32,608][src.models.time_varying_model][INFO] - t = 2
[2025-01-28 04:33:32,608][src.models.time_varying_model][INFO] - Predictions for test.
[2025-01-28 04:33:53,599][src.models.time_varying_model][INFO] - t = 3
[2025-01-28 04:33:53,600][src.models.time_varying_model][INFO] - Predictions for test.
[2025-01-28 04:34:15,212][src.models.time_varying_model][INFO] - t = 4
[2025-01-28 04:34:15,213][src.models.time_varying_model][INFO] - Predictions for test.
[2025-01-28 04:34:36,342][src.models.time_varying_model][INFO] - t = 5
[2025-01-28 04:34:36,342][src.models.time_varying_model][INFO] - Predictions for test.
[2025-01-28 04:34:57,820][src.models.time_varying_model][INFO] - t = 6
[2025-01-28 04:34:57,820][src.models.time_varying_model][INFO] - Predictions for test.
[2025-01-28 04:35:20,236][__main__][INFO] - Test normalised RMSE (n-step prediction): {'2-step': 4.183531130419517, '3-step': 4.546248970956094, '4-step': 4.543944947898381, '5-step': 4.351384085240008, '6-step': 4.012330755146928}
