[2025-01-27 03:23:53,981][__main__][INFO] - 
model:
  dim_treatments: 4
  dim_vitals: 0
  dim_static_features: 1
  dim_outcomes: 1
  name: CRN
  encoder:
    _target_: src.models.crn.CRNEncoder
    seq_hidden_units: 24
    br_size: 24
    fc_hidden_units: 96
    dropout_rate: 0.2
    num_layer: 1
    batch_size: 64
    optimizer:
      optimizer_cls: adam
      learning_rate: 0.001
      weight_decay: 0.0
      lr_scheduler: false
    tune_hparams: false
    tune_range: 50
    hparams_grid: null
    resources_per_trial: null
  train_decoder: true
  decoder:
    _target_: src.models.crn.CRNDecoder
    seq_hidden_units: null
    br_size: 18
    fc_hidden_units: 9
    dropout_rate: 0.1
    num_layer: 1
    batch_size: 256
    optimizer:
      optimizer_cls: adam
      learning_rate: 0.01
      weight_decay: 0.0
      lr_scheduler: false
    tune_hparams: false
    tune_range: 30
    hparams_grid: null
    resources_per_trial: null
dataset:
  val_batch_size: 512
  treatment_mode: multiclass
  _target_: src.data.SyntheticCancerDatasetCollection
  name: tumor_generator
  coeff: 3.0
  chemo_coeff: 3.0
  radio_coeff: 3.0
  seed: 10
  random: true
  noise_percentage: 0.1
  num_patients:
    train: 10000
    val: 1000
    test: 1000
  window_size: 15
  lag: 0
  max_seq_length: 60
  projection_horizon: 5
  cf_seq_mode: sliding_treatment
exp:
  seed: 10
  gpus:
  - 0
  max_epochs: 110
  logging: true
  mlflow_uri: http://127.0.0.1:5006
  unscale_rmse: true
  percentage_rmse: true
  alpha: 0.01
  update_alpha: true
  alpha_rate: exp
  initial_balancing_method: grad_reverse
  final_balancing_method: subgroup
  bce_weight: false
  weights_ema: false
  beta: 0.99
  alpha_wass: 0.0001
  alpha_wass_epoch: false
  alpha_wass_growth: 0.001
  alpha_wass_max: 0.01
  balancing: grad_reverse
  balancing_switch_epoch: 99
  gap_epoch: 10
  clustering_method: GMM
  number_clusters: 2
  num_timepoints: 59
  checkpoint_dir: ./checkpoints/cancer/crn/3

[2025-01-27 03:23:54,007][root][INFO] - Simulating initial volumes for stage I  with norm params: mu=1.72, sigma=4.7, lb=-0.6221218732608373, ub=-0.023523848418276528
[2025-01-27 03:23:54,015][root][INFO] - Simulating initial volumes for stage II  with norm params: mu=1.96, sigma=1.63, lb=-1.9410876100159118, ub=0.3711345751297772
[2025-01-27 03:23:54,016][root][INFO] - Simulating initial volumes for stage IIIA  with norm params: mu=1.91, sigma=9.4, lb=-0.33127370258786554, ub=0.06967546355973796
[2025-01-27 03:23:54,017][root][INFO] - Simulating initial volumes for stage IIIB  with norm params: mu=2.76, sigma=6.87, lb=-0.5769974969906748, ub=-0.02839165102452155
[2025-01-27 03:23:54,019][root][INFO] - Simulating initial volumes for stage IV  with norm params: mu=3.86, sigma=8.82, lb=-0.5741465764541877, ub=-0.14683113860980307
[2025-01-27 03:23:54,044][root][INFO] - Got correlated params for 4658 patients
[2025-01-27 03:23:54,049][root][INFO] - Got correlated params for 9338 patients
[2025-01-27 03:23:54,053][root][INFO] - Got correlated params for 13912 patients
[2025-01-27 03:23:54,061][root][INFO] - Simulating beta_c parameters
[2025-01-27 03:23:54,066][root][INFO] - Randomising outputs
[2025-01-27 03:24:11,133][src.data.cancer_sim.dataset][INFO] - Processing train dataset before training
[2025-01-27 03:24:12,118][src.data.cancer_sim.dataset][INFO] - Shape of processed train data: {'cancer_volume': (10000, 60), 'chemo_dosage': (10000, 60), 'radio_dosage': (10000, 60), 'chemo_application': (10000, 60), 'radio_application': (10000, 60), 'chemo_probabilities': (10000, 60), 'radio_probabilities': (10000, 60), 'sequence_lengths': (10000,), 'death_flags': (10000, 60), 'recovery_flags': (10000, 60), 'patient_types': (10000,), 'prev_treatments': (10000, 59, 4), 'current_treatments': (10000, 59, 4), 'current_covariates': (10000, 59, 2), 'outputs': (10000, 59, 1), 'active_entries': (10000, 59, 1), 'unscaled_outputs': (10000, 59, 1), 'prev_outputs': (10000, 59, 1), 'static_features': (10000, 1)}
[2025-01-27 03:24:12,243][root][INFO] - Simulating initial volumes for stage I  with norm params: mu=1.72, sigma=4.7, lb=-0.6221218732608373, ub=-0.023523848418276528
[2025-01-27 03:24:12,244][root][INFO] - Simulating initial volumes for stage II  with norm params: mu=1.96, sigma=1.63, lb=-1.9410876100159118, ub=0.3711345751297772
[2025-01-27 03:24:12,244][root][INFO] - Simulating initial volumes for stage IIIA  with norm params: mu=1.91, sigma=9.4, lb=-0.33127370258786554, ub=0.06967546355973796
[2025-01-27 03:24:12,245][root][INFO] - Simulating initial volumes for stage IIIB  with norm params: mu=2.76, sigma=6.87, lb=-0.5769974969906748, ub=-0.02839165102452155
[2025-01-27 03:24:12,245][root][INFO] - Simulating initial volumes for stage IV  with norm params: mu=3.86, sigma=8.82, lb=-0.5741465764541877, ub=-0.14683113860980307
[2025-01-27 03:24:12,247][root][INFO] - Got correlated params for 477 patients
[2025-01-27 03:24:12,248][root][INFO] - Got correlated params for 911 patients
[2025-01-27 03:24:12,249][root][INFO] - Got correlated params for 1358 patients
[2025-01-27 03:24:12,250][root][INFO] - Simulating beta_c parameters
[2025-01-27 03:24:12,251][root][INFO] - Randomising outputs
[2025-01-27 03:24:13,922][root][INFO] - Simulating initial volumes for stage I  with norm params: mu=1.72, sigma=4.7, lb=-0.6221218732608373, ub=-0.023523848418276528
[2025-01-27 03:24:13,923][root][INFO] - Simulating initial volumes for stage II  with norm params: mu=1.96, sigma=1.63, lb=-1.9410876100159118, ub=0.3711345751297772
[2025-01-27 03:24:13,923][root][INFO] - Simulating initial volumes for stage IIIA  with norm params: mu=1.91, sigma=9.4, lb=-0.33127370258786554, ub=0.06967546355973796
[2025-01-27 03:24:13,924][root][INFO] - Simulating initial volumes for stage IIIB  with norm params: mu=2.76, sigma=6.87, lb=-0.5769974969906748, ub=-0.02839165102452155
[2025-01-27 03:24:13,925][root][INFO] - Simulating initial volumes for stage IV  with norm params: mu=3.86, sigma=8.82, lb=-0.5741465764541877, ub=-0.14683113860980307
[2025-01-27 03:24:13,926][root][INFO] - Got correlated params for 461 patients
[2025-01-27 03:24:13,927][root][INFO] - Got correlated params for 910 patients
[2025-01-27 03:24:13,928][root][INFO] - Got correlated params for 1363 patients
[2025-01-27 03:24:13,929][root][INFO] - Simulating beta_c parameters
[2025-01-27 03:24:13,930][root][INFO] - Randomising outputs
[2025-01-27 03:24:20,017][root][INFO] - Simulating initial volumes for stage I  with norm params: mu=1.72, sigma=4.7, lb=-0.6221218732608373, ub=-0.023523848418276528
[2025-01-27 03:24:20,018][root][INFO] - Simulating initial volumes for stage II  with norm params: mu=1.96, sigma=1.63, lb=-1.9410876100159118, ub=0.3711345751297772
[2025-01-27 03:24:20,019][root][INFO] - Simulating initial volumes for stage IIIA  with norm params: mu=1.91, sigma=9.4, lb=-0.33127370258786554, ub=0.06967546355973796
[2025-01-27 03:24:20,020][root][INFO] - Simulating initial volumes for stage IIIB  with norm params: mu=2.76, sigma=6.87, lb=-0.5769974969906748, ub=-0.02839165102452155
[2025-01-27 03:24:20,020][root][INFO] - Simulating initial volumes for stage IV  with norm params: mu=3.86, sigma=8.82, lb=-0.5741465764541877, ub=-0.14683113860980307
[2025-01-27 03:24:20,022][root][INFO] - Got correlated params for 458 patients
[2025-01-27 03:24:20,023][root][INFO] - Got correlated params for 926 patients
[2025-01-27 03:24:20,024][root][INFO] - Got correlated params for 1397 patients
[2025-01-27 03:24:20,025][root][INFO] - Simulating beta_c parameters
[2025-01-27 03:24:20,026][root][INFO] - Randomising outputs
[2025-01-27 03:24:48,336][src.data.cancer_sim.dataset][INFO] - train Dataset already processed
[2025-01-27 03:24:48,337][src.data.cancer_sim.dataset][INFO] - Processing val dataset before training
[2025-01-27 03:24:48,434][src.data.cancer_sim.dataset][INFO] - Shape of processed val data: {'cancer_volume': (1000, 60), 'chemo_dosage': (1000, 60), 'radio_dosage': (1000, 60), 'chemo_application': (1000, 60), 'radio_application': (1000, 60), 'chemo_probabilities': (1000, 60), 'radio_probabilities': (1000, 60), 'sequence_lengths': (1000,), 'death_flags': (1000, 60), 'recovery_flags': (1000, 60), 'patient_types': (1000,), 'prev_treatments': (1000, 59, 4), 'current_treatments': (1000, 59, 4), 'current_covariates': (1000, 59, 2), 'outputs': (1000, 59, 1), 'active_entries': (1000, 59, 1), 'unscaled_outputs': (1000, 59, 1), 'prev_outputs': (1000, 59, 1), 'static_features': (1000, 1)}
[2025-01-27 03:24:48,434][src.data.cancer_sim.dataset][INFO] - Processing test dataset before training
[2025-01-27 03:25:09,104][src.data.cancer_sim.dataset][INFO] - Shape of processed test data: {'cancer_volume': (222300, 60), 'chemo_application': (222300, 60), 'radio_application': (222300, 60), 'sequence_lengths': (222300,), 'patient_types': (222300,), 'prev_treatments': (222300, 59, 4), 'current_treatments': (222300, 59, 4), 'current_covariates': (222300, 59, 2), 'outputs': (222300, 59, 1), 'active_entries': (222300, 59, 1), 'unscaled_outputs': (222300, 59, 1), 'prev_outputs': (222300, 59, 1), 'static_features': (222300, 1)}
[2025-01-27 03:25:09,681][src.models.crn][INFO] - Input size of encoder: 6
[2025-01-27 03:43:30,212][src.models.time_varying_model][INFO] - RMSE calculation for val.
[2025-01-27 03:43:30,213][src.models.time_varying_model][INFO] - Predictions for val.
[2025-01-27 03:43:30,789][__main__][INFO] - Val normalised RMSE (all): 0.6122191511585059; Val normalised RMSE (orig): 0.6037791766129563
[2025-01-27 03:43:30,790][src.models.time_varying_model][INFO] - RMSE calculation for test.
[2025-01-27 03:43:30,790][src.models.time_varying_model][INFO] - Predictions for test.
[2025-01-27 03:43:47,466][__main__][INFO] - Test normalised RMSE (all): 0.8917495929950735; Test normalised RMSE (orig): 0.645571575586656; Test normalised RMSE (only counterfactual): 0.8424638098026291
[2025-01-27 03:43:47,527][src.models.crn][INFO] - Input size of decoder: 6
[2025-01-27 03:43:47,555][src.data.cancer_sim.dataset][INFO] - train Dataset already processed
[2025-01-27 03:43:47,555][src.data.cancer_sim.dataset][INFO] - val Dataset already processed
[2025-01-27 03:43:47,555][src.data.cancer_sim.dataset][INFO] - Processing test dataset before training
[2025-01-27 03:44:42,777][src.data.cancer_sim.dataset][INFO] - Shape of processed test data: {'cancer_volume': (558086, 65), 'chemo_application': (558086, 65), 'radio_application': (558086, 65), 'sequence_lengths': (558086,), 'patient_types': (558086,), 'patient_ids_all_trajectories': (558086,), 'patient_current_t': (558086,), 'prev_treatments': (558086, 64, 4), 'current_treatments': (558086, 64, 4), 'current_covariates': (558086, 64, 2), 'outputs': (558086, 64, 1), 'active_entries': (558086, 64, 1), 'unscaled_outputs': (558086, 64, 1), 'prev_outputs': (558086, 64, 1), 'static_features': (558086, 1)}
[2025-01-27 03:44:42,781][src.models.time_varying_model][INFO] - Balanced representations inference for train.
[2025-01-27 03:44:44,246][src.models.time_varying_model][INFO] - Balanced representations inference for val.
[2025-01-27 03:44:44,808][src.models.time_varying_model][INFO] - Balanced representations inference for test.
[2025-01-27 03:45:26,291][src.models.time_varying_model][INFO] - Predictions for test.
[2025-01-27 03:46:09,221][src.data.cancer_sim.dataset][INFO] - Processing train dataset before training (multiple sequences)
[2025-01-27 03:46:12,131][src.data.cancer_sim.dataset][INFO] - Shape of processed train data: {'init_state': (512062, 24), 'original_index': (512062,), 'active_encoder_r': (512062, 59), 'prev_treatments': (512062, 5, 4), 'current_treatments': (512062, 5, 4), 'current_covariates': (512062, 5, 2), 'prev_outputs': (512062, 5, 1), 'static_features': (512062, 1), 'outputs': (512062, 5, 1), 'sequence_lengths': (512062,), 'active_entries': (512062, 5, 1), 'unscaled_outputs': (512062, 5, 1)}
[2025-01-27 03:46:12,132][src.data.cancer_sim.dataset][INFO] - Processing val dataset before training (multiple sequences)
[2025-01-27 03:46:12,415][src.data.cancer_sim.dataset][INFO] - Shape of processed val data: {'init_state': (51242, 24), 'original_index': (51242,), 'active_encoder_r': (51242, 59), 'prev_treatments': (51242, 5, 4), 'current_treatments': (51242, 5, 4), 'current_covariates': (51242, 5, 2), 'prev_outputs': (51242, 5, 1), 'static_features': (51242, 1), 'outputs': (51242, 5, 1), 'sequence_lengths': (51242,), 'active_entries': (51242, 5, 1), 'unscaled_outputs': (51242, 5, 1)}
[2025-01-27 03:46:12,416][src.data.cancer_sim.dataset][INFO] - Processing test dataset before testing (multiple sequences)
[2025-01-27 03:46:21,047][src.data.cancer_sim.dataset][INFO] - Shape of processed test data: {'active_encoder_r': (558086, 59), 'prev_treatments': (558086, 5, 4), 'current_treatments': (558086, 5, 4), 'current_covariates': (558086, 5, 2), 'prev_outputs': (558086, 5, 1), 'static_features': (558086, 1), 'outputs': (558086, 5, 1), 'sequence_lengths': (558086,), 'active_entries': (558086, 5, 1), 'unscaled_outputs': (558086, 5, 1), 'patient_types': (558086,), 'patient_ids_all_trajectories': (558086,), 'patient_current_t': (558086,), 'init_state': (558086, 24)}
[2025-01-27 03:46:21,106][src.data.cancer_sim.dataset][INFO] - Processing test dataset before testing (autoregressive)
[2025-01-27 03:46:25,496][src.data.cancer_sim.dataset][INFO] - Shape of processed test data: {'current_covariates': (558086, 5, 2), 'prev_treatments': (558086, 5, 4), 'current_treatments': (558086, 5, 4), 'init_state': (558086, 24), 'active_encoder_r': (558086, 59), 'active_entries': (558086, 5, 1), 'prev_outputs': (558086, 5, 1), 'static_features': (558086, 1)}
[2025-01-27 03:55:11,385][src.models.time_varying_model][INFO] - RMSE calculation for val.
[2025-01-27 03:55:11,386][src.models.time_varying_model][INFO] - Predictions for val.
[2025-01-27 03:55:13,975][__main__][INFO] - Val normalised RMSE (all): 0.34890071062248995; Val normalised RMSE (orig): 0.3489007106224897
[2025-01-27 03:55:13,975][src.models.time_varying_model][INFO] - RMSE calculation for test.
[2025-01-27 03:55:13,976][src.models.time_varying_model][INFO] - Autoregressive Prediction for test.
[2025-01-27 03:55:13,979][src.models.time_varying_model][INFO] - t = 2
[2025-01-27 03:55:13,979][src.models.time_varying_model][INFO] - Predictions for test.
[2025-01-27 03:55:32,900][src.models.time_varying_model][INFO] - t = 3
[2025-01-27 03:55:32,900][src.models.time_varying_model][INFO] - Predictions for test.
[2025-01-27 03:55:51,735][src.models.time_varying_model][INFO] - t = 4
[2025-01-27 03:55:51,736][src.models.time_varying_model][INFO] - Predictions for test.
[2025-01-27 03:56:10,797][src.models.time_varying_model][INFO] - t = 5
[2025-01-27 03:56:10,797][src.models.time_varying_model][INFO] - Predictions for test.
[2025-01-27 03:56:29,953][src.models.time_varying_model][INFO] - t = 6
[2025-01-27 03:56:29,953][src.models.time_varying_model][INFO] - Predictions for test.
[2025-01-27 03:56:50,468][__main__][INFO] - Test normalised RMSE (n-step prediction): {'2-step': 1.005234607164862, '3-step': 1.1419831490943837, '4-step': 1.2633405099080814, '5-step': 1.3499738340743261, '6-step': 1.408393307512261}
