[2025-01-27 02:22:03,699][__main__][INFO] - 
model:
  dim_treatments: 4
  dim_vitals: 0
  dim_static_features: 1
  dim_outcomes: 1
  name: CRN
  encoder:
    _target_: src.models.crn.CRNEncoder
    seq_hidden_units: 24
    br_size: 18
    fc_hidden_units: 36
    dropout_rate: 0.1
    num_layer: 1
    batch_size: 128
    optimizer:
      optimizer_cls: adam
      learning_rate: 0.001
      weight_decay: 0.0
      lr_scheduler: false
    tune_hparams: false
    tune_range: 50
    hparams_grid: null
    resources_per_trial: null
  train_decoder: true
  decoder:
    _target_: src.models.crn.CRNDecoder
    seq_hidden_units: null
    br_size: 24
    fc_hidden_units: 24
    dropout_rate: 0.2
    num_layer: 1
    batch_size: 512
    optimizer:
      optimizer_cls: adam
      learning_rate: 0.001
      weight_decay: 0.0
      lr_scheduler: false
    tune_hparams: false
    tune_range: 30
    hparams_grid: null
    resources_per_trial: null
dataset:
  val_batch_size: 512
  treatment_mode: multiclass
  _target_: src.data.SyntheticCancerDatasetCollection
  name: tumor_generator
  coeff: 0.0
  chemo_coeff: 0.0
  radio_coeff: 0.0
  seed: 10
  random: true
  noise_percentage: 0.05
  num_patients:
    train: 10000
    val: 1000
    test: 1000
  window_size: 15
  lag: 0
  max_seq_length: 60
  projection_horizon: 5
  cf_seq_mode: sliding_treatment
exp:
  seed: 10
  gpus:
  - 0
  max_epochs: 110
  logging: true
  mlflow_uri: http://127.0.0.1:5000
  unscale_rmse: true
  percentage_rmse: true
  alpha: 0.01
  update_alpha: true
  alpha_rate: exp
  initial_balancing_method: grad_reverse
  final_balancing_method: subgroup
  bce_weight: false
  weights_ema: false
  beta: 0.99
  alpha_wass: 0.0001
  alpha_wass_epoch: false
  alpha_wass_growth: 0.001
  alpha_wass_max: 0.01
  balancing: grad_reverse
  balancing_switch_epoch: 99
  gap_epoch: 10
  clustering_method: GMM
  number_clusters: 2
  num_timepoints: 59
  checkpoint_dir: ./checkpoints/cancer/crn/0

[2025-01-27 02:22:03,723][root][INFO] - Simulating initial volumes for stage I  with norm params: mu=1.72, sigma=4.7, lb=-0.6221218732608373, ub=-0.023523848418276528
[2025-01-27 02:22:03,731][root][INFO] - Simulating initial volumes for stage II  with norm params: mu=1.96, sigma=1.63, lb=-1.9410876100159118, ub=0.3711345751297772
[2025-01-27 02:22:03,732][root][INFO] - Simulating initial volumes for stage IIIA  with norm params: mu=1.91, sigma=9.4, lb=-0.33127370258786554, ub=0.06967546355973796
[2025-01-27 02:22:03,733][root][INFO] - Simulating initial volumes for stage IIIB  with norm params: mu=2.76, sigma=6.87, lb=-0.5769974969906748, ub=-0.02839165102452155
[2025-01-27 02:22:03,736][root][INFO] - Simulating initial volumes for stage IV  with norm params: mu=3.86, sigma=8.82, lb=-0.5741465764541877, ub=-0.14683113860980307
[2025-01-27 02:22:03,761][root][INFO] - Got correlated params for 4658 patients
[2025-01-27 02:22:03,766][root][INFO] - Got correlated params for 9338 patients
[2025-01-27 02:22:03,771][root][INFO] - Got correlated params for 13912 patients
[2025-01-27 02:22:03,779][root][INFO] - Simulating beta_c parameters
[2025-01-27 02:22:03,784][root][INFO] - Randomising outputs
[2025-01-27 02:22:20,186][src.data.cancer_sim.dataset][INFO] - Processing train dataset before training
[2025-01-27 02:22:21,339][src.data.cancer_sim.dataset][INFO] - Shape of processed train data: {'cancer_volume': (10000, 60), 'chemo_dosage': (10000, 60), 'radio_dosage': (10000, 60), 'chemo_application': (10000, 60), 'radio_application': (10000, 60), 'chemo_probabilities': (10000, 60), 'radio_probabilities': (10000, 60), 'sequence_lengths': (10000,), 'death_flags': (10000, 60), 'recovery_flags': (10000, 60), 'patient_types': (10000,), 'prev_treatments': (10000, 59, 4), 'current_treatments': (10000, 59, 4), 'current_covariates': (10000, 59, 2), 'outputs': (10000, 59, 1), 'active_entries': (10000, 59, 1), 'unscaled_outputs': (10000, 59, 1), 'prev_outputs': (10000, 59, 1), 'static_features': (10000, 1)}
[2025-01-27 02:22:21,404][root][INFO] - Simulating initial volumes for stage I  with norm params: mu=1.72, sigma=4.7, lb=-0.6221218732608373, ub=-0.023523848418276528
[2025-01-27 02:22:21,405][root][INFO] - Simulating initial volumes for stage II  with norm params: mu=1.96, sigma=1.63, lb=-1.9410876100159118, ub=0.3711345751297772
[2025-01-27 02:22:21,406][root][INFO] - Simulating initial volumes for stage IIIA  with norm params: mu=1.91, sigma=9.4, lb=-0.33127370258786554, ub=0.06967546355973796
[2025-01-27 02:22:21,406][root][INFO] - Simulating initial volumes for stage IIIB  with norm params: mu=2.76, sigma=6.87, lb=-0.5769974969906748, ub=-0.02839165102452155
[2025-01-27 02:22:21,407][root][INFO] - Simulating initial volumes for stage IV  with norm params: mu=3.86, sigma=8.82, lb=-0.5741465764541877, ub=-0.14683113860980307
[2025-01-27 02:22:21,409][root][INFO] - Got correlated params for 455 patients
[2025-01-27 02:22:21,410][root][INFO] - Got correlated params for 905 patients
[2025-01-27 02:22:21,411][root][INFO] - Got correlated params for 1366 patients
[2025-01-27 02:22:21,413][root][INFO] - Simulating beta_c parameters
[2025-01-27 02:22:21,414][root][INFO] - Randomising outputs
[2025-01-27 02:22:23,031][root][INFO] - Simulating initial volumes for stage I  with norm params: mu=1.72, sigma=4.7, lb=-0.6221218732608373, ub=-0.023523848418276528
[2025-01-27 02:22:23,031][root][INFO] - Simulating initial volumes for stage II  with norm params: mu=1.96, sigma=1.63, lb=-1.9410876100159118, ub=0.3711345751297772
[2025-01-27 02:22:23,032][root][INFO] - Simulating initial volumes for stage IIIA  with norm params: mu=1.91, sigma=9.4, lb=-0.33127370258786554, ub=0.06967546355973796
[2025-01-27 02:22:23,032][root][INFO] - Simulating initial volumes for stage IIIB  with norm params: mu=2.76, sigma=6.87, lb=-0.5769974969906748, ub=-0.02839165102452155
[2025-01-27 02:22:23,033][root][INFO] - Simulating initial volumes for stage IV  with norm params: mu=3.86, sigma=8.82, lb=-0.5741465764541877, ub=-0.14683113860980307
[2025-01-27 02:22:23,035][root][INFO] - Got correlated params for 493 patients
[2025-01-27 02:22:23,036][root][INFO] - Got correlated params for 947 patients
[2025-01-27 02:22:23,037][root][INFO] - Got correlated params for 1403 patients
[2025-01-27 02:22:23,038][root][INFO] - Simulating beta_c parameters
[2025-01-27 02:22:23,039][root][INFO] - Randomising outputs
[2025-01-27 02:22:28,856][root][INFO] - Simulating initial volumes for stage I  with norm params: mu=1.72, sigma=4.7, lb=-0.6221218732608373, ub=-0.023523848418276528
[2025-01-27 02:22:28,858][root][INFO] - Simulating initial volumes for stage II  with norm params: mu=1.96, sigma=1.63, lb=-1.9410876100159118, ub=0.3711345751297772
[2025-01-27 02:22:28,859][root][INFO] - Simulating initial volumes for stage IIIA  with norm params: mu=1.91, sigma=9.4, lb=-0.33127370258786554, ub=0.06967546355973796
[2025-01-27 02:22:28,859][root][INFO] - Simulating initial volumes for stage IIIB  with norm params: mu=2.76, sigma=6.87, lb=-0.5769974969906748, ub=-0.02839165102452155
[2025-01-27 02:22:28,860][root][INFO] - Simulating initial volumes for stage IV  with norm params: mu=3.86, sigma=8.82, lb=-0.5741465764541877, ub=-0.14683113860980307
[2025-01-27 02:22:28,862][root][INFO] - Got correlated params for 445 patients
[2025-01-27 02:22:28,863][root][INFO] - Got correlated params for 895 patients
[2025-01-27 02:22:28,864][root][INFO] - Got correlated params for 1355 patients
[2025-01-27 02:22:28,865][root][INFO] - Simulating beta_c parameters
[2025-01-27 02:22:28,866][root][INFO] - Randomising outputs
[2025-01-27 02:22:55,881][src.data.cancer_sim.dataset][INFO] - train Dataset already processed
[2025-01-27 02:22:55,882][src.data.cancer_sim.dataset][INFO] - Processing val dataset before training
[2025-01-27 02:22:55,997][src.data.cancer_sim.dataset][INFO] - Shape of processed val data: {'cancer_volume': (1000, 60), 'chemo_dosage': (1000, 60), 'radio_dosage': (1000, 60), 'chemo_application': (1000, 60), 'radio_application': (1000, 60), 'chemo_probabilities': (1000, 60), 'radio_probabilities': (1000, 60), 'sequence_lengths': (1000,), 'death_flags': (1000, 60), 'recovery_flags': (1000, 60), 'patient_types': (1000,), 'prev_treatments': (1000, 59, 4), 'current_treatments': (1000, 59, 4), 'current_covariates': (1000, 59, 2), 'outputs': (1000, 59, 1), 'active_entries': (1000, 59, 1), 'unscaled_outputs': (1000, 59, 1), 'prev_outputs': (1000, 59, 1), 'static_features': (1000, 1)}
[2025-01-27 02:22:55,997][src.data.cancer_sim.dataset][INFO] - Processing test dataset before training
[2025-01-27 02:23:15,869][src.data.cancer_sim.dataset][INFO] - Shape of processed test data: {'cancer_volume': (203388, 60), 'chemo_application': (203388, 60), 'radio_application': (203388, 60), 'sequence_lengths': (203388,), 'patient_types': (203388,), 'prev_treatments': (203388, 59, 4), 'current_treatments': (203388, 59, 4), 'current_covariates': (203388, 59, 2), 'outputs': (203388, 59, 1), 'active_entries': (203388, 59, 1), 'unscaled_outputs': (203388, 59, 1), 'prev_outputs': (203388, 59, 1), 'static_features': (203388, 1)}
[2025-01-27 02:23:16,429][src.models.crn][INFO] - Input size of encoder: 6
[2025-01-27 02:34:07,900][src.models.time_varying_model][INFO] - RMSE calculation for val.
[2025-01-27 02:34:07,901][src.models.time_varying_model][INFO] - Predictions for val.
[2025-01-27 02:34:08,495][__main__][INFO] - Val normalised RMSE (all): 0.6582940859502686; Val normalised RMSE (orig): 0.6199385673002832
[2025-01-27 02:34:08,495][src.models.time_varying_model][INFO] - RMSE calculation for test.
[2025-01-27 02:34:08,495][src.models.time_varying_model][INFO] - Predictions for test.
[2025-01-27 02:34:23,220][__main__][INFO] - Test normalised RMSE (all): 0.8231097871276553; Test normalised RMSE (orig): 0.5724135244125195; Test normalised RMSE (only counterfactual): 0.7139253513037537
[2025-01-27 02:34:23,281][src.models.crn][INFO] - Input size of decoder: 6
[2025-01-27 02:34:23,311][src.data.cancer_sim.dataset][INFO] - train Dataset already processed
[2025-01-27 02:34:23,312][src.data.cancer_sim.dataset][INFO] - val Dataset already processed
[2025-01-27 02:34:23,312][src.data.cancer_sim.dataset][INFO] - Processing test dataset before training
[2025-01-27 02:35:17,621][src.data.cancer_sim.dataset][INFO] - Shape of processed test data: {'cancer_volume': (511418, 65), 'chemo_application': (511418, 65), 'radio_application': (511418, 65), 'sequence_lengths': (511418,), 'patient_types': (511418,), 'patient_ids_all_trajectories': (511418,), 'patient_current_t': (511418,), 'prev_treatments': (511418, 64, 4), 'current_treatments': (511418, 64, 4), 'current_covariates': (511418, 64, 2), 'outputs': (511418, 64, 1), 'active_entries': (511418, 64, 1), 'unscaled_outputs': (511418, 64, 1), 'prev_outputs': (511418, 64, 1), 'static_features': (511418, 1)}
[2025-01-27 02:35:17,625][src.models.time_varying_model][INFO] - Balanced representations inference for train.
[2025-01-27 02:35:19,053][src.models.time_varying_model][INFO] - Balanced representations inference for val.
[2025-01-27 02:35:19,614][src.models.time_varying_model][INFO] - Balanced representations inference for test.
[2025-01-27 02:35:56,139][src.models.time_varying_model][INFO] - Predictions for test.
[2025-01-27 02:36:33,640][src.data.cancer_sim.dataset][INFO] - Processing train dataset before training (multiple sequences)
[2025-01-27 02:36:36,416][src.data.cancer_sim.dataset][INFO] - Shape of processed train data: {'init_state': (453842, 18), 'original_index': (453842,), 'active_encoder_r': (453842, 59), 'prev_treatments': (453842, 5, 4), 'current_treatments': (453842, 5, 4), 'current_covariates': (453842, 5, 2), 'prev_outputs': (453842, 5, 1), 'static_features': (453842, 1), 'outputs': (453842, 5, 1), 'sequence_lengths': (453842,), 'active_entries': (453842, 5, 1), 'unscaled_outputs': (453842, 5, 1)}
[2025-01-27 02:36:36,418][src.data.cancer_sim.dataset][INFO] - Processing val dataset before training (multiple sequences)
[2025-01-27 02:36:36,696][src.data.cancer_sim.dataset][INFO] - Shape of processed val data: {'init_state': (46013, 18), 'original_index': (46013,), 'active_encoder_r': (46013, 59), 'prev_treatments': (46013, 5, 4), 'current_treatments': (46013, 5, 4), 'current_covariates': (46013, 5, 2), 'prev_outputs': (46013, 5, 1), 'static_features': (46013, 1), 'outputs': (46013, 5, 1), 'sequence_lengths': (46013,), 'active_entries': (46013, 5, 1), 'unscaled_outputs': (46013, 5, 1)}
[2025-01-27 02:36:36,696][src.data.cancer_sim.dataset][INFO] - Processing test dataset before testing (multiple sequences)
[2025-01-27 02:36:44,788][src.data.cancer_sim.dataset][INFO] - Shape of processed test data: {'active_encoder_r': (511418, 59), 'prev_treatments': (511418, 5, 4), 'current_treatments': (511418, 5, 4), 'current_covariates': (511418, 5, 2), 'prev_outputs': (511418, 5, 1), 'static_features': (511418, 1), 'outputs': (511418, 5, 1), 'sequence_lengths': (511418,), 'active_entries': (511418, 5, 1), 'unscaled_outputs': (511418, 5, 1), 'patient_types': (511418,), 'patient_ids_all_trajectories': (511418,), 'patient_current_t': (511418,), 'init_state': (511418, 18)}
[2025-01-27 02:36:44,845][src.data.cancer_sim.dataset][INFO] - Processing test dataset before testing (autoregressive)
[2025-01-27 02:36:48,923][src.data.cancer_sim.dataset][INFO] - Shape of processed test data: {'current_covariates': (511418, 5, 2), 'prev_treatments': (511418, 5, 4), 'current_treatments': (511418, 5, 4), 'init_state': (511418, 18), 'active_encoder_r': (511418, 59), 'active_entries': (511418, 5, 1), 'prev_outputs': (511418, 5, 1), 'static_features': (511418, 1)}
[2025-01-27 02:42:12,347][src.models.time_varying_model][INFO] - RMSE calculation for val.
[2025-01-27 02:42:12,348][src.models.time_varying_model][INFO] - Predictions for val.
[2025-01-27 02:42:14,680][__main__][INFO] - Val normalised RMSE (all): 0.4024712893037438; Val normalised RMSE (orig): 0.4024712893037437
[2025-01-27 02:42:14,681][src.models.time_varying_model][INFO] - RMSE calculation for test.
[2025-01-27 02:42:14,681][src.models.time_varying_model][INFO] - Autoregressive Prediction for test.
[2025-01-27 02:42:14,691][src.models.time_varying_model][INFO] - t = 2
[2025-01-27 02:42:14,691][src.models.time_varying_model][INFO] - Predictions for test.
[2025-01-27 02:42:31,969][src.models.time_varying_model][INFO] - t = 3
[2025-01-27 02:42:31,970][src.models.time_varying_model][INFO] - Predictions for test.
[2025-01-27 02:42:49,144][src.models.time_varying_model][INFO] - t = 4
[2025-01-27 02:42:49,144][src.models.time_varying_model][INFO] - Predictions for test.
[2025-01-27 02:43:06,839][src.models.time_varying_model][INFO] - t = 5
[2025-01-27 02:43:06,839][src.models.time_varying_model][INFO] - Predictions for test.
[2025-01-27 02:43:24,296][src.models.time_varying_model][INFO] - t = 6
[2025-01-27 02:43:24,297][src.models.time_varying_model][INFO] - Predictions for test.
[2025-01-27 02:43:43,135][__main__][INFO] - Test normalised RMSE (n-step prediction): {'2-step': 0.7025675937606389, '3-step': 0.7100982414652727, '4-step': 0.733066144828242, '5-step': 0.755685220750359, '6-step': 0.7735765023732397}
