[2025-01-20 08:39:22,132][__main__][INFO] - 
model:
  dim_treatments: 4
  dim_vitals: 0
  dim_static_features: 1
  dim_outcomes: 1
  name: CRN
  encoder:
    _target_: src.models.crn.CRNEncoder
    seq_hidden_units: 24
    br_size: 24
    fc_hidden_units: 96
    dropout_rate: 0.2
    num_layer: 1
    batch_size: 64
    optimizer:
      optimizer_cls: adam
      learning_rate: 0.001
      weight_decay: 0.0
      lr_scheduler: false
    tune_hparams: false
    tune_range: 50
    hparams_grid: null
    resources_per_trial: null
  train_decoder: true
  decoder:
    _target_: src.models.crn.CRNDecoder
    seq_hidden_units: null
    br_size: 24
    fc_hidden_units: 12
    dropout_rate: 0.1
    num_layer: 1
    batch_size: 1024
    optimizer:
      optimizer_cls: adam
      learning_rate: 0.001
      weight_decay: 0.0
      lr_scheduler: false
    tune_hparams: false
    tune_range: 30
    hparams_grid: null
    resources_per_trial: null
dataset:
  val_batch_size: 512
  treatment_mode: multiclass
  _target_: src.data.SyntheticCancerDatasetCollection
  name: tumor_generator
  coeff: 4.0
  chemo_coeff: 4.0
  radio_coeff: 4.0
  seed: 10
  random: true
  noise_percentage: 0.05
  num_patients:
    train: 10000
    val: 1000
    test: 1000
  window_size: 15
  lag: 0
  max_seq_length: 60
  projection_horizon: 5
  cf_seq_mode: sliding_treatment
exp:
  seed: 10
  gpus:
  - 0
  max_epochs: 100
  logging: true
  mlflow_uri: http://127.0.0.1:5007
  unscale_rmse: true
  percentage_rmse: true
  alpha: 0.01
  update_alpha: true
  alpha_rate: exp
  initial_balancing_method: grad_reverse
  final_balancing_method: grad_reverse
  bce_weight: false
  weights_ema: false
  beta: 0.99
  alpha_wass: 0.0001
  alpha_wass_epoch: false
  alpha_wass_growth: 0.001
  alpha_wass_max: 0.01
  balancing: grad_reverse
  balancing_switch_epoch: 99
  gap_epoch: 50
  clustering_method: GMM
  number_clusters: 2
  num_timepoints: 59
  checkpoint_dir: ./checkpoints/cancer/crn/4

[2025-01-20 08:39:22,149][root][INFO] - Simulating initial volumes for stage I  with norm params: mu=1.72, sigma=4.7, lb=-0.6221218732608373, ub=-0.023523848418276528
[2025-01-20 08:39:22,150][root][INFO] - Simulating initial volumes for stage II  with norm params: mu=1.96, sigma=1.63, lb=-1.9410876100159118, ub=0.3711345751297772
[2025-01-20 08:39:22,151][root][INFO] - Simulating initial volumes for stage IIIA  with norm params: mu=1.91, sigma=9.4, lb=-0.33127370258786554, ub=0.06967546355973796
[2025-01-20 08:39:22,152][root][INFO] - Simulating initial volumes for stage IIIB  with norm params: mu=2.76, sigma=6.87, lb=-0.5769974969906748, ub=-0.02839165102452155
[2025-01-20 08:39:22,155][root][INFO] - Simulating initial volumes for stage IV  with norm params: mu=3.86, sigma=8.82, lb=-0.5741465764541877, ub=-0.14683113860980307
[2025-01-20 08:39:22,180][root][INFO] - Got correlated params for 4658 patients
[2025-01-20 08:39:22,184][root][INFO] - Got correlated params for 9338 patients
[2025-01-20 08:39:22,189][root][INFO] - Got correlated params for 13912 patients
[2025-01-20 08:39:22,196][root][INFO] - Simulating beta_c parameters
[2025-01-20 08:39:22,201][root][INFO] - Randomising outputs
[2025-01-20 08:39:37,900][src.data.cancer_sim.dataset][INFO] - Processing train dataset before training
[2025-01-20 08:39:38,832][src.data.cancer_sim.dataset][INFO] - Shape of processed train data: {'cancer_volume': (10000, 60), 'chemo_dosage': (10000, 60), 'radio_dosage': (10000, 60), 'chemo_application': (10000, 60), 'radio_application': (10000, 60), 'chemo_probabilities': (10000, 60), 'radio_probabilities': (10000, 60), 'sequence_lengths': (10000,), 'death_flags': (10000, 60), 'recovery_flags': (10000, 60), 'patient_types': (10000,), 'prev_treatments': (10000, 59, 4), 'current_treatments': (10000, 59, 4), 'current_covariates': (10000, 59, 2), 'outputs': (10000, 59, 1), 'active_entries': (10000, 59, 1), 'unscaled_outputs': (10000, 59, 1), 'prev_outputs': (10000, 59, 1), 'static_features': (10000, 1)}
[2025-01-20 08:39:38,880][root][INFO] - Simulating initial volumes for stage I  with norm params: mu=1.72, sigma=4.7, lb=-0.6221218732608373, ub=-0.023523848418276528
[2025-01-20 08:39:38,881][root][INFO] - Simulating initial volumes for stage II  with norm params: mu=1.96, sigma=1.63, lb=-1.9410876100159118, ub=0.3711345751297772
[2025-01-20 08:39:38,882][root][INFO] - Simulating initial volumes for stage IIIA  with norm params: mu=1.91, sigma=9.4, lb=-0.33127370258786554, ub=0.06967546355973796
[2025-01-20 08:39:38,882][root][INFO] - Simulating initial volumes for stage IIIB  with norm params: mu=2.76, sigma=6.87, lb=-0.5769974969906748, ub=-0.02839165102452155
[2025-01-20 08:39:38,883][root][INFO] - Simulating initial volumes for stage IV  with norm params: mu=3.86, sigma=8.82, lb=-0.5741465764541877, ub=-0.14683113860980307
[2025-01-20 08:39:38,885][root][INFO] - Got correlated params for 455 patients
[2025-01-20 08:39:38,886][root][INFO] - Got correlated params for 905 patients
[2025-01-20 08:39:38,887][root][INFO] - Got correlated params for 1366 patients
[2025-01-20 08:39:38,888][root][INFO] - Simulating beta_c parameters
[2025-01-20 08:39:38,889][root][INFO] - Randomising outputs
[2025-01-20 08:39:40,373][root][INFO] - Simulating initial volumes for stage I  with norm params: mu=1.72, sigma=4.7, lb=-0.6221218732608373, ub=-0.023523848418276528
[2025-01-20 08:39:40,374][root][INFO] - Simulating initial volumes for stage II  with norm params: mu=1.96, sigma=1.63, lb=-1.9410876100159118, ub=0.3711345751297772
[2025-01-20 08:39:40,374][root][INFO] - Simulating initial volumes for stage IIIA  with norm params: mu=1.91, sigma=9.4, lb=-0.33127370258786554, ub=0.06967546355973796
[2025-01-20 08:39:40,375][root][INFO] - Simulating initial volumes for stage IIIB  with norm params: mu=2.76, sigma=6.87, lb=-0.5769974969906748, ub=-0.02839165102452155
[2025-01-20 08:39:40,376][root][INFO] - Simulating initial volumes for stage IV  with norm params: mu=3.86, sigma=8.82, lb=-0.5741465764541877, ub=-0.14683113860980307
[2025-01-20 08:39:40,377][root][INFO] - Got correlated params for 493 patients
[2025-01-20 08:39:40,378][root][INFO] - Got correlated params for 947 patients
[2025-01-20 08:39:40,379][root][INFO] - Got correlated params for 1403 patients
[2025-01-20 08:39:40,380][root][INFO] - Simulating beta_c parameters
[2025-01-20 08:39:40,381][root][INFO] - Randomising outputs
[2025-01-20 08:39:45,725][root][INFO] - Simulating initial volumes for stage I  with norm params: mu=1.72, sigma=4.7, lb=-0.6221218732608373, ub=-0.023523848418276528
[2025-01-20 08:39:45,727][root][INFO] - Simulating initial volumes for stage II  with norm params: mu=1.96, sigma=1.63, lb=-1.9410876100159118, ub=0.3711345751297772
[2025-01-20 08:39:45,729][root][INFO] - Simulating initial volumes for stage IIIA  with norm params: mu=1.91, sigma=9.4, lb=-0.33127370258786554, ub=0.06967546355973796
[2025-01-20 08:39:45,730][root][INFO] - Simulating initial volumes for stage IIIB  with norm params: mu=2.76, sigma=6.87, lb=-0.5769974969906748, ub=-0.02839165102452155
[2025-01-20 08:39:45,731][root][INFO] - Simulating initial volumes for stage IV  with norm params: mu=3.86, sigma=8.82, lb=-0.5741465764541877, ub=-0.14683113860980307
[2025-01-20 08:39:45,732][root][INFO] - Got correlated params for 445 patients
[2025-01-20 08:39:45,733][root][INFO] - Got correlated params for 895 patients
[2025-01-20 08:39:45,734][root][INFO] - Got correlated params for 1355 patients
[2025-01-20 08:39:45,735][root][INFO] - Simulating beta_c parameters
[2025-01-20 08:39:45,736][root][INFO] - Randomising outputs
[2025-01-20 08:40:11,210][src.data.cancer_sim.dataset][INFO] - train Dataset already processed
[2025-01-20 08:40:11,210][src.data.cancer_sim.dataset][INFO] - Processing val dataset before training
[2025-01-20 08:40:11,303][src.data.cancer_sim.dataset][INFO] - Shape of processed val data: {'cancer_volume': (1000, 60), 'chemo_dosage': (1000, 60), 'radio_dosage': (1000, 60), 'chemo_application': (1000, 60), 'radio_application': (1000, 60), 'chemo_probabilities': (1000, 60), 'radio_probabilities': (1000, 60), 'sequence_lengths': (1000,), 'death_flags': (1000, 60), 'recovery_flags': (1000, 60), 'patient_types': (1000,), 'prev_treatments': (1000, 59, 4), 'current_treatments': (1000, 59, 4), 'current_covariates': (1000, 59, 2), 'outputs': (1000, 59, 1), 'active_entries': (1000, 59, 1), 'unscaled_outputs': (1000, 59, 1), 'prev_outputs': (1000, 59, 1), 'static_features': (1000, 1)}
[2025-01-20 08:40:11,304][src.data.cancer_sim.dataset][INFO] - Processing test dataset before training
[2025-01-20 08:40:31,236][src.data.cancer_sim.dataset][INFO] - Shape of processed test data: {'cancer_volume': (219908, 60), 'chemo_application': (219908, 60), 'radio_application': (219908, 60), 'sequence_lengths': (219908,), 'patient_types': (219908,), 'prev_treatments': (219908, 59, 4), 'current_treatments': (219908, 59, 4), 'current_covariates': (219908, 59, 2), 'outputs': (219908, 59, 1), 'active_entries': (219908, 59, 1), 'unscaled_outputs': (219908, 59, 1), 'prev_outputs': (219908, 59, 1), 'static_features': (219908, 1)}
[2025-01-20 08:40:31,786][src.models.crn][INFO] - Input size of encoder: 6
[2025-01-20 08:48:45,959][src.models.time_varying_model][INFO] - RMSE calculation for val.
[2025-01-20 08:48:45,960][src.models.time_varying_model][INFO] - Predictions for val.
[2025-01-20 08:48:46,464][__main__][INFO] - Val normalised RMSE (all): 0.6333322850853973; Val normalised RMSE (orig): 0.6276835920844153
[2025-01-20 08:48:46,464][src.models.time_varying_model][INFO] - RMSE calculation for test.
[2025-01-20 08:48:46,464][src.models.time_varying_model][INFO] - Predictions for test.
[2025-01-20 08:49:00,553][__main__][INFO] - Test normalised RMSE (all): 0.8943499625649369; Test normalised RMSE (orig): 0.6609686947265783; Test normalised RMSE (only counterfactual): 0.9438678860951618
[2025-01-20 08:49:00,605][src.models.crn][INFO] - Input size of decoder: 6
[2025-01-20 08:49:00,618][src.data.cancer_sim.dataset][INFO] - train Dataset already processed
[2025-01-20 08:49:00,618][src.data.cancer_sim.dataset][INFO] - val Dataset already processed
[2025-01-20 08:49:00,618][src.data.cancer_sim.dataset][INFO] - Processing test dataset before training
[2025-01-20 08:49:55,916][src.data.cancer_sim.dataset][INFO] - Shape of processed test data: {'cancer_volume': (575824, 65), 'chemo_application': (575824, 65), 'radio_application': (575824, 65), 'sequence_lengths': (575824,), 'patient_types': (575824,), 'patient_ids_all_trajectories': (575824,), 'patient_current_t': (575824,), 'prev_treatments': (575824, 64, 4), 'current_treatments': (575824, 64, 4), 'current_covariates': (575824, 64, 2), 'outputs': (575824, 64, 1), 'active_entries': (575824, 64, 1), 'unscaled_outputs': (575824, 64, 1), 'prev_outputs': (575824, 64, 1), 'static_features': (575824, 1)}
[2025-01-20 08:49:55,920][src.models.time_varying_model][INFO] - Balanced representations inference for train.
[2025-01-20 08:49:57,272][src.models.time_varying_model][INFO] - Balanced representations inference for val.
[2025-01-20 08:49:57,753][src.models.time_varying_model][INFO] - Balanced representations inference for test.
[2025-01-20 08:50:34,365][src.models.time_varying_model][INFO] - Predictions for test.
[2025-01-20 08:51:12,480][src.data.cancer_sim.dataset][INFO] - Processing train dataset before training (multiple sequences)
[2025-01-20 08:51:15,333][src.data.cancer_sim.dataset][INFO] - Shape of processed train data: {'init_state': (513972, 24), 'original_index': (513972,), 'active_encoder_r': (513972, 59), 'prev_treatments': (513972, 5, 4), 'current_treatments': (513972, 5, 4), 'current_covariates': (513972, 5, 2), 'prev_outputs': (513972, 5, 1), 'static_features': (513972, 1), 'outputs': (513972, 5, 1), 'sequence_lengths': (513972,), 'active_entries': (513972, 5, 1), 'unscaled_outputs': (513972, 5, 1)}
[2025-01-20 08:51:15,334][src.data.cancer_sim.dataset][INFO] - Processing val dataset before training (multiple sequences)
[2025-01-20 08:51:15,618][src.data.cancer_sim.dataset][INFO] - Shape of processed val data: {'init_state': (51809, 24), 'original_index': (51809,), 'active_encoder_r': (51809, 59), 'prev_treatments': (51809, 5, 4), 'current_treatments': (51809, 5, 4), 'current_covariates': (51809, 5, 2), 'prev_outputs': (51809, 5, 1), 'static_features': (51809, 1), 'outputs': (51809, 5, 1), 'sequence_lengths': (51809,), 'active_entries': (51809, 5, 1), 'unscaled_outputs': (51809, 5, 1)}
[2025-01-20 08:51:15,618][src.data.cancer_sim.dataset][INFO] - Processing test dataset before testing (multiple sequences)
[2025-01-20 08:51:23,581][src.data.cancer_sim.dataset][INFO] - Shape of processed test data: {'active_encoder_r': (575824, 59), 'prev_treatments': (575824, 5, 4), 'current_treatments': (575824, 5, 4), 'current_covariates': (575824, 5, 2), 'prev_outputs': (575824, 5, 1), 'static_features': (575824, 1), 'outputs': (575824, 5, 1), 'sequence_lengths': (575824,), 'active_entries': (575824, 5, 1), 'unscaled_outputs': (575824, 5, 1), 'patient_types': (575824,), 'patient_ids_all_trajectories': (575824,), 'patient_current_t': (575824,), 'init_state': (575824, 24)}
[2025-01-20 08:51:23,640][src.data.cancer_sim.dataset][INFO] - Processing test dataset before testing (autoregressive)
[2025-01-20 08:51:27,729][src.data.cancer_sim.dataset][INFO] - Shape of processed test data: {'current_covariates': (575824, 5, 2), 'prev_treatments': (575824, 5, 4), 'current_treatments': (575824, 5, 4), 'init_state': (575824, 24), 'active_encoder_r': (575824, 59), 'active_entries': (575824, 5, 1), 'prev_outputs': (575824, 5, 1), 'static_features': (575824, 1)}
[2025-01-20 09:31:53,680][src.models.time_varying_model][INFO] - RMSE calculation for val.
[2025-01-20 09:31:53,682][src.models.time_varying_model][INFO] - Predictions for val.
[2025-01-20 09:31:55,772][__main__][INFO] - Val normalised RMSE (all): 0.33423520637132714; Val normalised RMSE (orig): 0.33423520637132614
[2025-01-20 09:31:55,772][src.models.time_varying_model][INFO] - RMSE calculation for test.
[2025-01-20 09:31:55,773][src.models.time_varying_model][INFO] - Autoregressive Prediction for test.
[2025-01-20 09:31:55,784][src.models.time_varying_model][INFO] - t = 2
[2025-01-20 09:31:55,784][src.models.time_varying_model][INFO] - Predictions for test.
[2025-01-20 09:32:11,303][src.models.time_varying_model][INFO] - t = 3
[2025-01-20 09:32:11,303][src.models.time_varying_model][INFO] - Predictions for test.
[2025-01-20 09:32:26,757][src.models.time_varying_model][INFO] - t = 4
[2025-01-20 09:32:26,758][src.models.time_varying_model][INFO] - Predictions for test.
[2025-01-20 09:32:42,494][src.models.time_varying_model][INFO] - t = 5
[2025-01-20 09:32:42,494][src.models.time_varying_model][INFO] - Predictions for test.
[2025-01-20 09:32:58,259][src.models.time_varying_model][INFO] - t = 6
[2025-01-20 09:32:58,259][src.models.time_varying_model][INFO] - Predictions for test.
[2025-01-20 09:33:15,108][__main__][INFO] - Test normalised RMSE (n-step prediction): {'2-step': 0.9399028355224767, '3-step': 0.9661994351848592, '4-step': 1.0023290552440047, '5-step': 1.0309951104015664, '6-step': 1.0523334369428943}
