[2025-01-27 18:43:00,799][__main__][INFO] - 
model:
  dim_treatments: 4
  dim_vitals: 0
  dim_static_features: 1
  dim_outcomes: 1
  name: RMSN
  propensity_treatment:
    _target_: src.models.rmsn.RMSNPropensityNetworkTreatment
    seq_hidden_units: 8
    dropout_rate: 0.2
    num_layer: 1
    batch_size: 64
    max_grad_norm: 2.0
    optimizer:
      optimizer_cls: adam
      learning_rate: 0.01
      weight_decay: 0.0
      lr_scheduler: false
    tune_hparams: false
    tune_range: 50
    resources_per_trial: null
    hparams_grid: null
  propensity_history:
    _target_: src.models.rmsn.RMSNPropensityNetworkHistory
    seq_hidden_units: 16
    dropout_rate: 0.5
    num_layer: 1
    batch_size: 128
    max_grad_norm: 2.0
    optimizer:
      optimizer_cls: adam
      learning_rate: 0.0001
      weight_decay: 0.0
      lr_scheduler: false
    tune_hparams: false
    tune_range: 50
    resources_per_trial: null
    hparams_grid: null
  encoder:
    _target_: src.models.rmsn.RMSNEncoder
    seq_hidden_units: 12
    dropout_rate: 0.1
    num_layer: 1
    batch_size: 128
    max_grad_norm: 0.5
    optimizer:
      optimizer_cls: adam
      learning_rate: 0.01
      weight_decay: 0.0
      lr_scheduler: false
    tune_hparams: false
    tune_range: 50
    resources_per_trial: null
    hparams_grid: null
  train_decoder: true
  decoder:
    _target_: src.models.rmsn.RMSNDecoder
    seq_hidden_units: 64
    dropout_rate: 0.1
    num_layer: 1
    batch_size: 1024
    max_grad_norm: 4.0
    optimizer:
      optimizer_cls: adam
      learning_rate: 0.01
      weight_decay: 0.0
      lr_scheduler: false
    tune_hparams: false
    tune_range: 20
    resources_per_trial: null
dataset:
  val_batch_size: 512
  treatment_mode: multilabel
  _target_: src.data.SyntheticCancerDatasetCollection
  name: tumor_generator
  coeff: 6.0
  chemo_coeff: 6.0
  radio_coeff: 6.0
  seed: 10
  random: false
  noise_percentage: 0.0
  num_patients:
    train: 10000
    val: 1000
    test: 1000
  window_size: 15
  lag: 0
  max_seq_length: 60
  projection_horizon: 5
  cf_seq_mode: sliding_treatment
exp:
  seed: 10
  gpus:
  - 0
  max_epochs: 100
  logging: true
  mlflow_uri: http://127.0.0.1:5000
  unscale_rmse: true
  percentage_rmse: true
  alpha: 1.0
  update_alpha: false
  alpha_rate: exp
  initial_balancing_method: null
  final_balancing_method: null
  bce_weight: false
  weights_ema: true
  beta: 0.99
  alpha_wass: 0.0001
  alpha_wass_epoch: false
  alpha_wass_growth: 0.001
  alpha_wass_max: 0.01

[2025-01-27 18:43:00,819][root][INFO] - Simulating initial volumes for stage I  with norm params: mu=1.72, sigma=4.7, lb=-0.6221218732608373, ub=-0.023523848418276528
[2025-01-27 18:43:00,828][root][INFO] - Simulating initial volumes for stage II  with norm params: mu=1.96, sigma=1.63, lb=-1.9410876100159118, ub=0.3711345751297772
[2025-01-27 18:43:00,830][root][INFO] - Simulating initial volumes for stage IIIA  with norm params: mu=1.91, sigma=9.4, lb=-0.33127370258786554, ub=0.06967546355973796
[2025-01-27 18:43:00,830][root][INFO] - Simulating initial volumes for stage IIIB  with norm params: mu=2.76, sigma=6.87, lb=-0.5769974969906748, ub=-0.02839165102452155
[2025-01-27 18:43:00,833][root][INFO] - Simulating initial volumes for stage IV  with norm params: mu=3.86, sigma=8.82, lb=-0.5741465764541877, ub=-0.14683113860980307
[2025-01-27 18:43:00,857][root][INFO] - Got correlated params for 4658 patients
[2025-01-27 18:43:00,861][root][INFO] - Got correlated params for 9338 patients
[2025-01-27 18:43:00,866][root][INFO] - Got correlated params for 13912 patients
[2025-01-27 18:43:00,874][root][INFO] - Simulating beta_c parameters
[2025-01-27 18:43:00,879][root][INFO] - Randomising outputs
[2025-01-27 18:43:15,945][root][INFO] - Simulating initial volumes for stage I  with norm params: mu=1.72, sigma=4.7, lb=-0.6221218732608373, ub=-0.023523848418276528
[2025-01-27 18:43:15,947][root][INFO] - Simulating initial volumes for stage II  with norm params: mu=1.96, sigma=1.63, lb=-1.9410876100159118, ub=0.3711345751297772
[2025-01-27 18:43:15,948][root][INFO] - Simulating initial volumes for stage IIIA  with norm params: mu=1.91, sigma=9.4, lb=-0.33127370258786554, ub=0.06967546355973796
[2025-01-27 18:43:15,949][root][INFO] - Simulating initial volumes for stage IIIB  with norm params: mu=2.76, sigma=6.87, lb=-0.5769974969906748, ub=-0.02839165102452155
[2025-01-27 18:43:15,949][root][INFO] - Simulating initial volumes for stage IV  with norm params: mu=3.86, sigma=8.82, lb=-0.5741465764541877, ub=-0.14683113860980307
[2025-01-27 18:43:15,951][root][INFO] - Got correlated params for 464 patients
[2025-01-27 18:43:15,952][root][INFO] - Got correlated params for 942 patients
[2025-01-27 18:43:15,953][root][INFO] - Got correlated params for 1398 patients
[2025-01-27 18:43:15,954][root][INFO] - Simulating beta_c parameters
[2025-01-27 18:43:15,955][root][INFO] - Randomising outputs
[2025-01-27 18:43:17,444][root][INFO] - Simulating initial volumes for stage I  with norm params: mu=1.72, sigma=4.7, lb=-0.6221218732608373, ub=-0.023523848418276528
[2025-01-27 18:43:17,444][root][INFO] - Simulating initial volumes for stage II  with norm params: mu=1.96, sigma=1.63, lb=-1.9410876100159118, ub=0.3711345751297772
[2025-01-27 18:43:17,445][root][INFO] - Simulating initial volumes for stage IIIA  with norm params: mu=1.91, sigma=9.4, lb=-0.33127370258786554, ub=0.06967546355973796
[2025-01-27 18:43:17,445][root][INFO] - Simulating initial volumes for stage IIIB  with norm params: mu=2.76, sigma=6.87, lb=-0.5769974969906748, ub=-0.02839165102452155
[2025-01-27 18:43:17,446][root][INFO] - Simulating initial volumes for stage IV  with norm params: mu=3.86, sigma=8.82, lb=-0.5741465764541877, ub=-0.14683113860980307
[2025-01-27 18:43:17,448][root][INFO] - Got correlated params for 491 patients
[2025-01-27 18:43:17,449][root][INFO] - Got correlated params for 936 patients
[2025-01-27 18:43:17,449][root][INFO] - Got correlated params for 1396 patients
[2025-01-27 18:43:17,450][root][INFO] - Simulating beta_c parameters
[2025-01-27 18:43:17,451][root][INFO] - Randomising outputs
[2025-01-27 18:43:22,941][root][INFO] - Simulating initial volumes for stage I  with norm params: mu=1.72, sigma=4.7, lb=-0.6221218732608373, ub=-0.023523848418276528
[2025-01-27 18:43:22,943][root][INFO] - Simulating initial volumes for stage II  with norm params: mu=1.96, sigma=1.63, lb=-1.9410876100159118, ub=0.3711345751297772
[2025-01-27 18:43:22,944][root][INFO] - Simulating initial volumes for stage IIIA  with norm params: mu=1.91, sigma=9.4, lb=-0.33127370258786554, ub=0.06967546355973796
[2025-01-27 18:43:22,944][root][INFO] - Simulating initial volumes for stage IIIB  with norm params: mu=2.76, sigma=6.87, lb=-0.5769974969906748, ub=-0.02839165102452155
[2025-01-27 18:43:22,945][root][INFO] - Simulating initial volumes for stage IV  with norm params: mu=3.86, sigma=8.82, lb=-0.5741465764541877, ub=-0.14683113860980307
[2025-01-27 18:43:22,947][root][INFO] - Got correlated params for 434 patients
[2025-01-27 18:43:22,948][root][INFO] - Got correlated params for 874 patients
[2025-01-27 18:43:22,949][root][INFO] - Got correlated params for 1357 patients
[2025-01-27 18:43:22,950][root][INFO] - Simulating beta_c parameters
[2025-01-27 18:43:22,951][root][INFO] - Randomising outputs
[2025-01-27 18:43:48,165][src.data.cancer_sim.dataset][INFO] - Processing train dataset before training
[2025-01-27 18:43:48,211][src.data.cancer_sim.dataset][INFO] - Shape of processed train data: {'cancer_volume': (10000, 60), 'chemo_dosage': (10000, 60), 'radio_dosage': (10000, 60), 'chemo_application': (10000, 60), 'radio_application': (10000, 60), 'chemo_probabilities': (10000, 60), 'radio_probabilities': (10000, 60), 'sequence_lengths': (10000,), 'death_flags': (10000, 60), 'recovery_flags': (10000, 60), 'patient_types': (10000,), 'prev_treatments': (10000, 59, 2), 'current_treatments': (10000, 59, 2), 'current_covariates': (10000, 59, 2), 'outputs': (10000, 59, 1), 'active_entries': (10000, 59, 1), 'unscaled_outputs': (10000, 59, 1), 'prev_outputs': (10000, 59, 1), 'static_features': (10000, 1)}
[2025-01-27 18:43:48,211][src.data.cancer_sim.dataset][INFO] - Processing val dataset before training
[2025-01-27 18:43:48,215][src.data.cancer_sim.dataset][INFO] - Shape of processed val data: {'cancer_volume': (1000, 60), 'chemo_dosage': (1000, 60), 'radio_dosage': (1000, 60), 'chemo_application': (1000, 60), 'radio_application': (1000, 60), 'chemo_probabilities': (1000, 60), 'radio_probabilities': (1000, 60), 'sequence_lengths': (1000,), 'death_flags': (1000, 60), 'recovery_flags': (1000, 60), 'patient_types': (1000,), 'prev_treatments': (1000, 59, 2), 'current_treatments': (1000, 59, 2), 'current_covariates': (1000, 59, 2), 'outputs': (1000, 59, 1), 'active_entries': (1000, 59, 1), 'unscaled_outputs': (1000, 59, 1), 'prev_outputs': (1000, 59, 1), 'static_features': (1000, 1)}
[2025-01-27 18:43:48,215][src.data.cancer_sim.dataset][INFO] - Processing test dataset before training
[2025-01-27 18:43:49,029][src.data.cancer_sim.dataset][INFO] - Shape of processed test data: {'cancer_volume': (224868, 60), 'chemo_application': (224868, 60), 'radio_application': (224868, 60), 'sequence_lengths': (224868,), 'patient_types': (224868,), 'prev_treatments': (224868, 59, 2), 'current_treatments': (224868, 59, 2), 'current_covariates': (224868, 59, 2), 'outputs': (224868, 59, 1), 'active_entries': (224868, 59, 1), 'unscaled_outputs': (224868, 59, 1), 'prev_outputs': (224868, 59, 1), 'static_features': (224868, 1)}
[2025-01-27 18:43:49,043][src.models.rmsn][INFO] - Input size of propensity_treatment: 2
[2025-01-27 18:44:13,001][src.models.time_varying_model][INFO] - BCE calculation for val.
[2025-01-27 18:44:13,002][src.models.rmsn][INFO] - Propensity scores for val.
[2025-01-27 18:44:13,478][__main__][INFO] - Val normalised BCE (all): 0.7384416829873877; Val normalised RMSE (orig): 0.7384058008812815
[2025-01-27 18:44:13,478][src.models.time_varying_model][INFO] - BCE calculation for test.
[2025-01-27 18:44:13,478][src.models.rmsn][INFO] - Propensity scores for test.
