[2025-01-28 16:51:39,200][__main__][INFO] - 
model:
  dim_treatments: 4
  dim_vitals: 0
  dim_static_features: 1
  dim_outcomes: 1
  name: CRN
  encoder:
    _target_: src.models.crn.CRNEncoder
    seq_hidden_units: 24
    br_size: 24
    fc_hidden_units: 96
    dropout_rate: 0.2
    num_layer: 1
    batch_size: 64
    optimizer:
      optimizer_cls: adam
      learning_rate: 0.001
      weight_decay: 0.0
      lr_scheduler: false
    tune_hparams: false
    tune_range: 50
    hparams_grid: null
    resources_per_trial: null
  train_decoder: true
  decoder:
    _target_: src.models.crn.CRNDecoder
    seq_hidden_units: null
    br_size: 24
    fc_hidden_units: 12
    dropout_rate: 0.1
    num_layer: 1
    batch_size: 1024
    optimizer:
      optimizer_cls: adam
      learning_rate: 0.001
      weight_decay: 0.0
      lr_scheduler: false
    tune_hparams: false
    tune_range: 30
    hparams_grid: null
    resources_per_trial: null
dataset:
  val_batch_size: 512
  treatment_mode: multiclass
  _target_: src.data.SyntheticCancerDatasetCollection
  name: tumor_generator
  coeff: 5.0
  chemo_coeff: 5.0
  radio_coeff: 5.0
  seed: 10
  random: false
  noise_percentage: 0.0
  num_patients:
    train: 10000
    val: 1000
    test: 1000
  window_size: 15
  lag: 0
  max_seq_length: 60
  projection_horizon: 5
  cf_seq_mode: sliding_treatment
exp:
  seed: 10
  gpus:
  - 0
  max_epochs: 130
  logging: true
  mlflow_uri: http://127.0.0.1:5000
  unscale_rmse: true
  percentage_rmse: true
  alpha: 0.01
  update_alpha: true
  alpha_rate: exp
  initial_balancing_method: grad_reverse
  final_balancing_method: subgroup
  bce_weight: false
  weights_ema: false
  beta: 0.99
  alpha_wass: 0.0001
  alpha_wass_epoch: false
  alpha_wass_growth: 0.001
  alpha_wass_max: 0.01
  balancing: grad_reverse
  balancing_switch_epoch: 99
  gap_epoch: 10
  clustering_method: GMM
  number_clusters: 2
  num_timepoints: 59
  checkpoint_dir: ./checkpoints/cancer/crn/SGA/5

[2025-01-28 16:51:39,227][root][INFO] - Simulating initial volumes for stage I  with norm params: mu=1.72, sigma=4.7, lb=-0.6221218732608373, ub=-0.023523848418276528
[2025-01-28 16:51:39,237][root][INFO] - Simulating initial volumes for stage II  with norm params: mu=1.96, sigma=1.63, lb=-1.9410876100159118, ub=0.3711345751297772
[2025-01-28 16:51:39,238][root][INFO] - Simulating initial volumes for stage IIIA  with norm params: mu=1.91, sigma=9.4, lb=-0.33127370258786554, ub=0.06967546355973796
[2025-01-28 16:51:39,239][root][INFO] - Simulating initial volumes for stage IIIB  with norm params: mu=2.76, sigma=6.87, lb=-0.5769974969906748, ub=-0.02839165102452155
[2025-01-28 16:51:39,241][root][INFO] - Simulating initial volumes for stage IV  with norm params: mu=3.86, sigma=8.82, lb=-0.5741465764541877, ub=-0.14683113860980307
[2025-01-28 16:51:39,266][root][INFO] - Got correlated params for 4658 patients
[2025-01-28 16:51:39,271][root][INFO] - Got correlated params for 9338 patients
[2025-01-28 16:51:39,276][root][INFO] - Got correlated params for 13912 patients
[2025-01-28 16:51:39,284][root][INFO] - Simulating beta_c parameters
[2025-01-28 16:51:39,289][root][INFO] - Randomising outputs
[2025-01-28 16:51:39,459][__main__][INFO] - 
model:
  dim_treatments: 4
  dim_vitals: 0
  dim_static_features: 1
  dim_outcomes: 1
  name: CRN
  encoder:
    _target_: src.models.crn.CRNEncoder
    seq_hidden_units: 24
    br_size: 24
    fc_hidden_units: 96
    dropout_rate: 0.2
    num_layer: 1
    batch_size: 64
    optimizer:
      optimizer_cls: adam
      learning_rate: 0.001
      weight_decay: 0.0
      lr_scheduler: false
    tune_hparams: false
    tune_range: 50
    hparams_grid: null
    resources_per_trial: null
  train_decoder: true
  decoder:
    _target_: src.models.crn.CRNDecoder
    seq_hidden_units: null
    br_size: 24
    fc_hidden_units: 12
    dropout_rate: 0.1
    num_layer: 1
    batch_size: 1024
    optimizer:
      optimizer_cls: adam
      learning_rate: 0.001
      weight_decay: 0.0
      lr_scheduler: false
    tune_hparams: false
    tune_range: 30
    hparams_grid: null
    resources_per_trial: null
dataset:
  val_batch_size: 512
  treatment_mode: multiclass
  _target_: src.data.SyntheticCancerDatasetCollection
  name: tumor_generator
  coeff: 6.0
  chemo_coeff: 6.0
  radio_coeff: 6.0
  seed: 10
  random: false
  noise_percentage: 0.0
  num_patients:
    train: 10000
    val: 1000
    test: 1000
  window_size: 15
  lag: 0
  max_seq_length: 60
  projection_horizon: 5
  cf_seq_mode: sliding_treatment
exp:
  seed: 10
  gpus:
  - 0
  max_epochs: 130
  logging: true
  mlflow_uri: http://127.0.0.1:5000
  unscale_rmse: true
  percentage_rmse: true
  alpha: 0.01
  update_alpha: true
  alpha_rate: exp
  initial_balancing_method: grad_reverse
  final_balancing_method: subgroup
  bce_weight: false
  weights_ema: false
  beta: 0.99
  alpha_wass: 0.0001
  alpha_wass_epoch: false
  alpha_wass_growth: 0.001
  alpha_wass_max: 0.01
  balancing: grad_reverse
  balancing_switch_epoch: 99
  gap_epoch: 10
  clustering_method: GMM
  number_clusters: 2
  num_timepoints: 59
  checkpoint_dir: ./checkpoints/cancer/crn/SGA/6

[2025-01-28 16:51:39,470][root][INFO] - Simulating initial volumes for stage I  with norm params: mu=1.72, sigma=4.7, lb=-0.6221218732608373, ub=-0.023523848418276528
[2025-01-28 16:51:39,472][root][INFO] - Simulating initial volumes for stage II  with norm params: mu=1.96, sigma=1.63, lb=-1.9410876100159118, ub=0.3711345751297772
[2025-01-28 16:51:39,472][root][INFO] - Simulating initial volumes for stage IIIA  with norm params: mu=1.91, sigma=9.4, lb=-0.33127370258786554, ub=0.06967546355973796
[2025-01-28 16:51:39,473][root][INFO] - Simulating initial volumes for stage IIIB  with norm params: mu=2.76, sigma=6.87, lb=-0.5769974969906748, ub=-0.02839165102452155
[2025-01-28 16:51:39,476][root][INFO] - Simulating initial volumes for stage IV  with norm params: mu=3.86, sigma=8.82, lb=-0.5741465764541877, ub=-0.14683113860980307
[2025-01-28 16:51:39,485][root][INFO] - Got correlated params for 4658 patients
[2025-01-28 16:51:39,490][root][INFO] - Got correlated params for 9338 patients
[2025-01-28 16:51:39,494][root][INFO] - Got correlated params for 13912 patients
[2025-01-28 16:51:39,501][root][INFO] - Simulating beta_c parameters
[2025-01-28 16:51:39,506][root][INFO] - Randomising outputs
[2025-01-28 16:51:54,722][root][INFO] - Simulating initial volumes for stage I  with norm params: mu=1.72, sigma=4.7, lb=-0.6221218732608373, ub=-0.023523848418276528
[2025-01-28 16:51:54,724][root][INFO] - Simulating initial volumes for stage II  with norm params: mu=1.96, sigma=1.63, lb=-1.9410876100159118, ub=0.3711345751297772
[2025-01-28 16:51:54,725][root][INFO] - Simulating initial volumes for stage IIIA  with norm params: mu=1.91, sigma=9.4, lb=-0.33127370258786554, ub=0.06967546355973796
[2025-01-28 16:51:54,725][root][INFO] - Simulating initial volumes for stage IIIB  with norm params: mu=2.76, sigma=6.87, lb=-0.5769974969906748, ub=-0.02839165102452155
[2025-01-28 16:51:54,726][root][INFO] - Simulating initial volumes for stage IV  with norm params: mu=3.86, sigma=8.82, lb=-0.5741465764541877, ub=-0.14683113860980307
[2025-01-28 16:51:54,728][root][INFO] - Got correlated params for 464 patients
[2025-01-28 16:51:54,729][root][INFO] - Got correlated params for 942 patients
[2025-01-28 16:51:54,730][root][INFO] - Got correlated params for 1398 patients
[2025-01-28 16:51:54,731][root][INFO] - Simulating beta_c parameters
[2025-01-28 16:51:54,732][root][INFO] - Randomising outputs
[2025-01-28 16:51:56,248][root][INFO] - Simulating initial volumes for stage I  with norm params: mu=1.72, sigma=4.7, lb=-0.6221218732608373, ub=-0.023523848418276528
[2025-01-28 16:51:56,249][root][INFO] - Simulating initial volumes for stage II  with norm params: mu=1.96, sigma=1.63, lb=-1.9410876100159118, ub=0.3711345751297772
[2025-01-28 16:51:56,249][root][INFO] - Simulating initial volumes for stage IIIA  with norm params: mu=1.91, sigma=9.4, lb=-0.33127370258786554, ub=0.06967546355973796
[2025-01-28 16:51:56,250][root][INFO] - Simulating initial volumes for stage IIIB  with norm params: mu=2.76, sigma=6.87, lb=-0.5769974969906748, ub=-0.02839165102452155
[2025-01-28 16:51:56,251][root][INFO] - Simulating initial volumes for stage IV  with norm params: mu=3.86, sigma=8.82, lb=-0.5741465764541877, ub=-0.14683113860980307
[2025-01-28 16:51:56,252][root][INFO] - Got correlated params for 491 patients
[2025-01-28 16:51:56,253][root][INFO] - Got correlated params for 936 patients
[2025-01-28 16:51:56,254][root][INFO] - Got correlated params for 1396 patients
[2025-01-28 16:51:56,255][root][INFO] - Simulating beta_c parameters
[2025-01-28 16:51:56,256][root][INFO] - Randomising outputs
[2025-01-28 16:51:57,123][root][INFO] - Simulating initial volumes for stage I  with norm params: mu=1.72, sigma=4.7, lb=-0.6221218732608373, ub=-0.023523848418276528
[2025-01-28 16:51:57,125][root][INFO] - Simulating initial volumes for stage II  with norm params: mu=1.96, sigma=1.63, lb=-1.9410876100159118, ub=0.3711345751297772
[2025-01-28 16:51:57,125][root][INFO] - Simulating initial volumes for stage IIIA  with norm params: mu=1.91, sigma=9.4, lb=-0.33127370258786554, ub=0.06967546355973796
[2025-01-28 16:51:57,126][root][INFO] - Simulating initial volumes for stage IIIB  with norm params: mu=2.76, sigma=6.87, lb=-0.5769974969906748, ub=-0.02839165102452155
[2025-01-28 16:51:57,127][root][INFO] - Simulating initial volumes for stage IV  with norm params: mu=3.86, sigma=8.82, lb=-0.5741465764541877, ub=-0.14683113860980307
[2025-01-28 16:51:57,129][root][INFO] - Got correlated params for 464 patients
[2025-01-28 16:51:57,130][root][INFO] - Got correlated params for 942 patients
[2025-01-28 16:51:57,131][root][INFO] - Got correlated params for 1398 patients
[2025-01-28 16:51:57,132][root][INFO] - Simulating beta_c parameters
[2025-01-28 16:51:57,133][root][INFO] - Randomising outputs
[2025-01-28 16:51:58,848][root][INFO] - Simulating initial volumes for stage I  with norm params: mu=1.72, sigma=4.7, lb=-0.6221218732608373, ub=-0.023523848418276528
[2025-01-28 16:51:58,850][root][INFO] - Simulating initial volumes for stage II  with norm params: mu=1.96, sigma=1.63, lb=-1.9410876100159118, ub=0.3711345751297772
[2025-01-28 16:51:58,850][root][INFO] - Simulating initial volumes for stage IIIA  with norm params: mu=1.91, sigma=9.4, lb=-0.33127370258786554, ub=0.06967546355973796
[2025-01-28 16:51:58,851][root][INFO] - Simulating initial volumes for stage IIIB  with norm params: mu=2.76, sigma=6.87, lb=-0.5769974969906748, ub=-0.02839165102452155
[2025-01-28 16:51:58,852][root][INFO] - Simulating initial volumes for stage IV  with norm params: mu=3.86, sigma=8.82, lb=-0.5741465764541877, ub=-0.14683113860980307
[2025-01-28 16:51:58,854][root][INFO] - Got correlated params for 491 patients
[2025-01-28 16:51:58,855][root][INFO] - Got correlated params for 936 patients
[2025-01-28 16:51:58,856][root][INFO] - Got correlated params for 1396 patients
[2025-01-28 16:51:58,857][root][INFO] - Simulating beta_c parameters
[2025-01-28 16:51:58,858][root][INFO] - Randomising outputs
[2025-01-28 16:52:01,776][root][INFO] - Simulating initial volumes for stage I  with norm params: mu=1.72, sigma=4.7, lb=-0.6221218732608373, ub=-0.023523848418276528
[2025-01-28 16:52:01,777][root][INFO] - Simulating initial volumes for stage II  with norm params: mu=1.96, sigma=1.63, lb=-1.9410876100159118, ub=0.3711345751297772
[2025-01-28 16:52:01,778][root][INFO] - Simulating initial volumes for stage IIIA  with norm params: mu=1.91, sigma=9.4, lb=-0.33127370258786554, ub=0.06967546355973796
[2025-01-28 16:52:01,778][root][INFO] - Simulating initial volumes for stage IIIB  with norm params: mu=2.76, sigma=6.87, lb=-0.5769974969906748, ub=-0.02839165102452155
[2025-01-28 16:52:01,779][root][INFO] - Simulating initial volumes for stage IV  with norm params: mu=3.86, sigma=8.82, lb=-0.5741465764541877, ub=-0.14683113860980307
[2025-01-28 16:52:01,781][root][INFO] - Got correlated params for 434 patients
[2025-01-28 16:52:01,782][root][INFO] - Got correlated params for 874 patients
[2025-01-28 16:52:01,783][root][INFO] - Got correlated params for 1357 patients
[2025-01-28 16:52:01,784][root][INFO] - Simulating beta_c parameters
[2025-01-28 16:52:01,785][root][INFO] - Randomising outputs
[2025-01-28 16:52:05,077][root][INFO] - Simulating initial volumes for stage I  with norm params: mu=1.72, sigma=4.7, lb=-0.6221218732608373, ub=-0.023523848418276528
[2025-01-28 16:52:05,078][root][INFO] - Simulating initial volumes for stage II  with norm params: mu=1.96, sigma=1.63, lb=-1.9410876100159118, ub=0.3711345751297772
[2025-01-28 16:52:05,079][root][INFO] - Simulating initial volumes for stage IIIA  with norm params: mu=1.91, sigma=9.4, lb=-0.33127370258786554, ub=0.06967546355973796
[2025-01-28 16:52:05,080][root][INFO] - Simulating initial volumes for stage IIIB  with norm params: mu=2.76, sigma=6.87, lb=-0.5769974969906748, ub=-0.02839165102452155
[2025-01-28 16:52:05,080][root][INFO] - Simulating initial volumes for stage IV  with norm params: mu=3.86, sigma=8.82, lb=-0.5741465764541877, ub=-0.14683113860980307
[2025-01-28 16:52:05,082][root][INFO] - Got correlated params for 434 patients
[2025-01-28 16:52:05,083][root][INFO] - Got correlated params for 874 patients
[2025-01-28 16:52:05,084][root][INFO] - Got correlated params for 1357 patients
[2025-01-28 16:52:05,085][root][INFO] - Simulating beta_c parameters
[2025-01-28 16:52:05,086][root][INFO] - Randomising outputs
[2025-01-28 16:52:26,850][src.data.cancer_sim.dataset][INFO] - Processing train dataset before training
[2025-01-28 16:52:27,761][src.data.cancer_sim.dataset][INFO] - Shape of processed train data: {'cancer_volume': (10000, 60), 'chemo_dosage': (10000, 60), 'radio_dosage': (10000, 60), 'chemo_application': (10000, 60), 'radio_application': (10000, 60), 'chemo_probabilities': (10000, 60), 'radio_probabilities': (10000, 60), 'sequence_lengths': (10000,), 'death_flags': (10000, 60), 'recovery_flags': (10000, 60), 'patient_types': (10000,), 'prev_treatments': (10000, 59, 4), 'current_treatments': (10000, 59, 4), 'current_covariates': (10000, 59, 2), 'outputs': (10000, 59, 1), 'active_entries': (10000, 59, 1), 'unscaled_outputs': (10000, 59, 1), 'prev_outputs': (10000, 59, 1), 'static_features': (10000, 1)}
[2025-01-28 16:52:27,761][src.data.cancer_sim.dataset][INFO] - Processing val dataset before training
[2025-01-28 16:52:27,852][src.data.cancer_sim.dataset][INFO] - Shape of processed val data: {'cancer_volume': (1000, 60), 'chemo_dosage': (1000, 60), 'radio_dosage': (1000, 60), 'chemo_application': (1000, 60), 'radio_application': (1000, 60), 'chemo_probabilities': (1000, 60), 'radio_probabilities': (1000, 60), 'sequence_lengths': (1000,), 'death_flags': (1000, 60), 'recovery_flags': (1000, 60), 'patient_types': (1000,), 'prev_treatments': (1000, 59, 4), 'current_treatments': (1000, 59, 4), 'current_covariates': (1000, 59, 2), 'outputs': (1000, 59, 1), 'active_entries': (1000, 59, 1), 'unscaled_outputs': (1000, 59, 1), 'prev_outputs': (1000, 59, 1), 'static_features': (1000, 1)}
[2025-01-28 16:52:27,852][src.data.cancer_sim.dataset][INFO] - Processing test dataset before training
[2025-01-28 16:52:33,506][src.data.cancer_sim.dataset][INFO] - Processing train dataset before training
[2025-01-28 16:52:34,373][src.data.cancer_sim.dataset][INFO] - Shape of processed train data: {'cancer_volume': (10000, 60), 'chemo_dosage': (10000, 60), 'radio_dosage': (10000, 60), 'chemo_application': (10000, 60), 'radio_application': (10000, 60), 'chemo_probabilities': (10000, 60), 'radio_probabilities': (10000, 60), 'sequence_lengths': (10000,), 'death_flags': (10000, 60), 'recovery_flags': (10000, 60), 'patient_types': (10000,), 'prev_treatments': (10000, 59, 4), 'current_treatments': (10000, 59, 4), 'current_covariates': (10000, 59, 2), 'outputs': (10000, 59, 1), 'active_entries': (10000, 59, 1), 'unscaled_outputs': (10000, 59, 1), 'prev_outputs': (10000, 59, 1), 'static_features': (10000, 1)}
[2025-01-28 16:52:34,374][src.data.cancer_sim.dataset][INFO] - Processing val dataset before training
[2025-01-28 16:52:34,464][src.data.cancer_sim.dataset][INFO] - Shape of processed val data: {'cancer_volume': (1000, 60), 'chemo_dosage': (1000, 60), 'radio_dosage': (1000, 60), 'chemo_application': (1000, 60), 'radio_application': (1000, 60), 'chemo_probabilities': (1000, 60), 'radio_probabilities': (1000, 60), 'sequence_lengths': (1000,), 'death_flags': (1000, 60), 'recovery_flags': (1000, 60), 'patient_types': (1000,), 'prev_treatments': (1000, 59, 4), 'current_treatments': (1000, 59, 4), 'current_covariates': (1000, 59, 2), 'outputs': (1000, 59, 1), 'active_entries': (1000, 59, 1), 'unscaled_outputs': (1000, 59, 1), 'prev_outputs': (1000, 59, 1), 'static_features': (1000, 1)}
[2025-01-28 16:52:34,464][src.data.cancer_sim.dataset][INFO] - Processing test dataset before training
[2025-01-28 16:52:47,349][src.data.cancer_sim.dataset][INFO] - Shape of processed test data: {'cancer_volume': (225248, 60), 'chemo_application': (225248, 60), 'radio_application': (225248, 60), 'sequence_lengths': (225248,), 'patient_types': (225248,), 'prev_treatments': (225248, 59, 4), 'current_treatments': (225248, 59, 4), 'current_covariates': (225248, 59, 2), 'outputs': (225248, 59, 1), 'active_entries': (225248, 59, 1), 'unscaled_outputs': (225248, 59, 1), 'prev_outputs': (225248, 59, 1), 'static_features': (225248, 1)}
[2025-01-28 16:52:47,975][src.models.crn][INFO] - Input size of encoder: 6
[2025-01-28 16:52:53,848][src.data.cancer_sim.dataset][INFO] - Shape of processed test data: {'cancer_volume': (224868, 60), 'chemo_application': (224868, 60), 'radio_application': (224868, 60), 'sequence_lengths': (224868,), 'patient_types': (224868,), 'prev_treatments': (224868, 59, 4), 'current_treatments': (224868, 59, 4), 'current_covariates': (224868, 59, 2), 'outputs': (224868, 59, 1), 'active_entries': (224868, 59, 1), 'unscaled_outputs': (224868, 59, 1), 'prev_outputs': (224868, 59, 1), 'static_features': (224868, 1)}
[2025-01-28 16:52:54,318][src.models.crn][INFO] - Input size of encoder: 6
[2025-01-28 17:31:38,765][src.models.time_varying_model][INFO] - RMSE calculation for val.
[2025-01-28 17:31:38,767][src.models.time_varying_model][INFO] - Predictions for val.
[2025-01-28 17:31:39,332][__main__][INFO] - Val normalised RMSE (all): 0.6427067958168492; Val normalised RMSE (orig): 0.6346389487592146
[2025-01-28 17:31:39,332][src.models.time_varying_model][INFO] - RMSE calculation for test.
[2025-01-28 17:31:39,332][src.models.time_varying_model][INFO] - Predictions for test.
[2025-01-28 17:31:53,802][__main__][INFO] - Test normalised RMSE (all): 1.036981176910468; Test normalised RMSE (orig): 0.8261581941490184; Test normalised RMSE (only counterfactual): 1.3883026082835384
[2025-01-28 17:31:53,865][src.models.crn][INFO] - Input size of decoder: 6
[2025-01-28 17:31:53,904][src.data.cancer_sim.dataset][INFO] - train Dataset already processed
[2025-01-28 17:31:53,904][src.data.cancer_sim.dataset][INFO] - val Dataset already processed
[2025-01-28 17:31:53,904][src.data.cancer_sim.dataset][INFO] - Processing test dataset before training
[2025-01-28 17:32:46,718][src.data.cancer_sim.dataset][INFO] - Shape of processed test data: {'cancer_volume': (554444, 65), 'chemo_application': (554444, 65), 'radio_application': (554444, 65), 'sequence_lengths': (554444,), 'patient_types': (554444,), 'patient_ids_all_trajectories': (554444,), 'patient_current_t': (554444,), 'prev_treatments': (554444, 64, 4), 'current_treatments': (554444, 64, 4), 'current_covariates': (554444, 64, 2), 'outputs': (554444, 64, 1), 'active_entries': (554444, 64, 1), 'unscaled_outputs': (554444, 64, 1), 'prev_outputs': (554444, 64, 1), 'static_features': (554444, 1)}
[2025-01-28 17:32:46,721][src.models.time_varying_model][INFO] - Balanced representations inference for train.
[2025-01-28 17:32:47,983][src.models.time_varying_model][INFO] - Balanced representations inference for val.
[2025-01-28 17:32:48,511][src.models.time_varying_model][INFO] - Balanced representations inference for test.
[2025-01-28 17:33:23,206][src.models.time_varying_model][INFO] - Predictions for test.
[2025-01-28 17:33:59,958][src.data.cancer_sim.dataset][INFO] - Processing train dataset before training (multiple sequences)
[2025-01-28 17:34:02,836][src.data.cancer_sim.dataset][INFO] - Shape of processed train data: {'init_state': (514877, 24), 'original_index': (514877,), 'active_encoder_r': (514877, 59), 'prev_treatments': (514877, 5, 4), 'current_treatments': (514877, 5, 4), 'current_covariates': (514877, 5, 2), 'prev_outputs': (514877, 5, 1), 'static_features': (514877, 1), 'outputs': (514877, 5, 1), 'sequence_lengths': (514877,), 'active_entries': (514877, 5, 1), 'unscaled_outputs': (514877, 5, 1)}
[2025-01-28 17:34:02,837][src.data.cancer_sim.dataset][INFO] - Processing val dataset before training (multiple sequences)
[2025-01-28 17:34:03,125][src.data.cancer_sim.dataset][INFO] - Shape of processed val data: {'init_state': (51318, 24), 'original_index': (51318,), 'active_encoder_r': (51318, 59), 'prev_treatments': (51318, 5, 4), 'current_treatments': (51318, 5, 4), 'current_covariates': (51318, 5, 2), 'prev_outputs': (51318, 5, 1), 'static_features': (51318, 1), 'outputs': (51318, 5, 1), 'sequence_lengths': (51318,), 'active_entries': (51318, 5, 1), 'unscaled_outputs': (51318, 5, 1)}
[2025-01-28 17:34:03,125][src.data.cancer_sim.dataset][INFO] - Processing test dataset before testing (multiple sequences)
[2025-01-28 17:34:11,068][src.data.cancer_sim.dataset][INFO] - Shape of processed test data: {'active_encoder_r': (554444, 59), 'prev_treatments': (554444, 5, 4), 'current_treatments': (554444, 5, 4), 'current_covariates': (554444, 5, 2), 'prev_outputs': (554444, 5, 1), 'static_features': (554444, 1), 'outputs': (554444, 5, 1), 'sequence_lengths': (554444,), 'active_entries': (554444, 5, 1), 'unscaled_outputs': (554444, 5, 1), 'patient_types': (554444,), 'patient_ids_all_trajectories': (554444,), 'patient_current_t': (554444,), 'init_state': (554444, 24)}
[2025-01-28 17:34:11,124][src.data.cancer_sim.dataset][INFO] - Processing test dataset before testing (autoregressive)
[2025-01-28 17:34:15,128][src.data.cancer_sim.dataset][INFO] - Shape of processed test data: {'current_covariates': (554444, 5, 2), 'prev_treatments': (554444, 5, 4), 'current_treatments': (554444, 5, 4), 'init_state': (554444, 24), 'active_encoder_r': (554444, 59), 'active_entries': (554444, 5, 1), 'prev_outputs': (554444, 5, 1), 'static_features': (554444, 1)}
[2025-01-28 17:46:14,049][src.models.time_varying_model][INFO] - RMSE calculation for val.
[2025-01-28 17:46:14,050][src.models.time_varying_model][INFO] - Predictions for val.
[2025-01-28 17:46:16,266][__main__][INFO] - Val normalised RMSE (all): 0.311800691365015; Val normalised RMSE (orig): 0.31180069136501437
[2025-01-28 17:46:16,267][src.models.time_varying_model][INFO] - RMSE calculation for test.
[2025-01-28 17:46:16,267][src.models.time_varying_model][INFO] - Autoregressive Prediction for test.
[2025-01-28 17:46:16,278][src.models.time_varying_model][INFO] - t = 2
[2025-01-28 17:46:16,278][src.models.time_varying_model][INFO] - Predictions for test.
[2025-01-28 17:46:31,496][src.models.time_varying_model][INFO] - t = 3
[2025-01-28 17:46:31,496][src.models.time_varying_model][INFO] - Predictions for test.
[2025-01-28 17:46:46,798][src.models.time_varying_model][INFO] - t = 4
[2025-01-28 17:46:46,799][src.models.time_varying_model][INFO] - Predictions for test.
[2025-01-28 17:47:02,458][src.models.time_varying_model][INFO] - t = 5
[2025-01-28 17:47:02,459][src.models.time_varying_model][INFO] - Predictions for test.
[2025-01-28 17:47:17,868][src.models.time_varying_model][INFO] - t = 6
[2025-01-28 17:47:17,868][src.models.time_varying_model][INFO] - Predictions for test.
[2025-01-28 17:47:34,658][__main__][INFO] - Test normalised RMSE (n-step prediction): {'2-step': 1.3261533361524214, '3-step': 1.4892381083582868, '4-step': 1.5935256808770144, '5-step': 1.6690271480772387, '6-step': 1.7279989124947575}
[2025-01-28 17:57:23,660][src.models.time_varying_model][INFO] - RMSE calculation for val.
[2025-01-28 17:57:23,661][src.models.time_varying_model][INFO] - Predictions for val.
[2025-01-28 17:57:24,237][__main__][INFO] - Val normalised RMSE (all): 0.6452561179140479; Val normalised RMSE (orig): 0.636876475888312
[2025-01-28 17:57:24,237][src.models.time_varying_model][INFO] - RMSE calculation for test.
[2025-01-28 17:57:24,237][src.models.time_varying_model][INFO] - Predictions for test.
[2025-01-28 17:57:40,996][__main__][INFO] - Test normalised RMSE (all): 1.8171677314666104; Test normalised RMSE (orig): 1.5770174570568678; Test normalised RMSE (only counterfactual): 2.093116967598423
[2025-01-28 17:57:41,066][src.models.crn][INFO] - Input size of decoder: 6
[2025-01-28 17:57:41,131][src.data.cancer_sim.dataset][INFO] - train Dataset already processed
[2025-01-28 17:57:41,131][src.data.cancer_sim.dataset][INFO] - val Dataset already processed
[2025-01-28 17:57:41,131][src.data.cancer_sim.dataset][INFO] - Processing test dataset before training
[2025-01-28 17:58:33,148][src.data.cancer_sim.dataset][INFO] - Shape of processed test data: {'cancer_volume': (548744, 65), 'chemo_application': (548744, 65), 'radio_application': (548744, 65), 'sequence_lengths': (548744,), 'patient_types': (548744,), 'patient_ids_all_trajectories': (548744,), 'patient_current_t': (548744,), 'prev_treatments': (548744, 64, 4), 'current_treatments': (548744, 64, 4), 'current_covariates': (548744, 64, 2), 'outputs': (548744, 64, 1), 'active_entries': (548744, 64, 1), 'unscaled_outputs': (548744, 64, 1), 'prev_outputs': (548744, 64, 1), 'static_features': (548744, 1)}
[2025-01-28 17:58:33,152][src.models.time_varying_model][INFO] - Balanced representations inference for train.
[2025-01-28 17:58:34,703][src.models.time_varying_model][INFO] - Balanced representations inference for val.
[2025-01-28 17:58:35,277][src.models.time_varying_model][INFO] - Balanced representations inference for test.
[2025-01-28 17:59:15,400][src.models.time_varying_model][INFO] - Predictions for test.
[2025-01-28 17:59:58,095][src.data.cancer_sim.dataset][INFO] - Processing train dataset before training (multiple sequences)
[2025-01-28 18:00:01,109][src.data.cancer_sim.dataset][INFO] - Shape of processed train data: {'init_state': (515994, 24), 'original_index': (515994,), 'active_encoder_r': (515994, 59), 'prev_treatments': (515994, 5, 4), 'current_treatments': (515994, 5, 4), 'current_covariates': (515994, 5, 2), 'prev_outputs': (515994, 5, 1), 'static_features': (515994, 1), 'outputs': (515994, 5, 1), 'sequence_lengths': (515994,), 'active_entries': (515994, 5, 1), 'unscaled_outputs': (515994, 5, 1)}
[2025-01-28 18:00:01,111][src.data.cancer_sim.dataset][INFO] - Processing val dataset before training (multiple sequences)
[2025-01-28 18:00:01,413][src.data.cancer_sim.dataset][INFO] - Shape of processed val data: {'init_state': (51287, 24), 'original_index': (51287,), 'active_encoder_r': (51287, 59), 'prev_treatments': (51287, 5, 4), 'current_treatments': (51287, 5, 4), 'current_covariates': (51287, 5, 2), 'prev_outputs': (51287, 5, 1), 'static_features': (51287, 1), 'outputs': (51287, 5, 1), 'sequence_lengths': (51287,), 'active_entries': (51287, 5, 1), 'unscaled_outputs': (51287, 5, 1)}
[2025-01-28 18:00:01,413][src.data.cancer_sim.dataset][INFO] - Processing test dataset before testing (multiple sequences)
[2025-01-28 18:00:09,761][src.data.cancer_sim.dataset][INFO] - Shape of processed test data: {'active_encoder_r': (548744, 59), 'prev_treatments': (548744, 5, 4), 'current_treatments': (548744, 5, 4), 'current_covariates': (548744, 5, 2), 'prev_outputs': (548744, 5, 1), 'static_features': (548744, 1), 'outputs': (548744, 5, 1), 'sequence_lengths': (548744,), 'active_entries': (548744, 5, 1), 'unscaled_outputs': (548744, 5, 1), 'patient_types': (548744,), 'patient_ids_all_trajectories': (548744,), 'patient_current_t': (548744,), 'init_state': (548744, 24)}
[2025-01-28 18:00:09,818][src.data.cancer_sim.dataset][INFO] - Processing test dataset before testing (autoregressive)
[2025-01-28 18:00:14,452][src.data.cancer_sim.dataset][INFO] - Shape of processed test data: {'current_covariates': (548744, 5, 2), 'prev_treatments': (548744, 5, 4), 'current_treatments': (548744, 5, 4), 'init_state': (548744, 24), 'active_encoder_r': (548744, 59), 'active_entries': (548744, 5, 1), 'prev_outputs': (548744, 5, 1), 'static_features': (548744, 1)}
[2025-01-28 18:15:17,807][src.models.time_varying_model][INFO] - RMSE calculation for val.
[2025-01-28 18:15:17,808][src.models.time_varying_model][INFO] - Predictions for val.
[2025-01-28 18:15:20,368][__main__][INFO] - Val normalised RMSE (all): 0.30087224055400325; Val normalised RMSE (orig): 0.30087224055400286
[2025-01-28 18:15:20,369][src.models.time_varying_model][INFO] - RMSE calculation for test.
[2025-01-28 18:15:20,369][src.models.time_varying_model][INFO] - Autoregressive Prediction for test.
[2025-01-28 18:15:20,380][src.models.time_varying_model][INFO] - t = 2
[2025-01-28 18:15:20,380][src.models.time_varying_model][INFO] - Predictions for test.
[2025-01-28 18:15:38,790][src.models.time_varying_model][INFO] - t = 3
[2025-01-28 18:15:38,791][src.models.time_varying_model][INFO] - Predictions for test.
[2025-01-28 18:15:57,282][src.models.time_varying_model][INFO] - t = 4
[2025-01-28 18:15:57,283][src.models.time_varying_model][INFO] - Predictions for test.
[2025-01-28 18:16:16,001][src.models.time_varying_model][INFO] - t = 5
[2025-01-28 18:16:16,001][src.models.time_varying_model][INFO] - Predictions for test.
[2025-01-28 18:16:34,884][src.models.time_varying_model][INFO] - t = 6
[2025-01-28 18:16:34,884][src.models.time_varying_model][INFO] - Predictions for test.
[2025-01-28 18:16:55,172][__main__][INFO] - Test normalised RMSE (n-step prediction): {'2-step': 2.878194548273834, '3-step': 3.1574814043010693, '4-step': 3.28448484241139, '5-step': 3.2305497632304987, '6-step': 3.0337921664404432}
