[2025-01-27 03:25:21,181][__main__][INFO] - 
model:
  dim_treatments: 4
  dim_vitals: 0
  dim_static_features: 1
  dim_outcomes: 1
  name: CRN
  encoder:
    _target_: src.models.crn.CRNEncoder
    seq_hidden_units: 24
    br_size: 24
    fc_hidden_units: 96
    dropout_rate: 0.2
    num_layer: 1
    batch_size: 128
    optimizer:
      optimizer_cls: adam
      learning_rate: 0.001
      weight_decay: 0.0
      lr_scheduler: false
    tune_hparams: false
    tune_range: 50
    hparams_grid: null
    resources_per_trial: null
  train_decoder: true
  decoder:
    _target_: src.models.crn.CRNDecoder
    seq_hidden_units: null
    br_size: 24
    fc_hidden_units: 12
    dropout_rate: 0.1
    num_layer: 1
    batch_size: 1024
    optimizer:
      optimizer_cls: adam
      learning_rate: 0.001
      weight_decay: 0.0
      lr_scheduler: false
    tune_hparams: false
    tune_range: 30
    hparams_grid: null
    resources_per_trial: null
dataset:
  val_batch_size: 512
  treatment_mode: multiclass
  _target_: src.data.SyntheticCancerDatasetCollection
  name: tumor_generator
  coeff: 2.0
  chemo_coeff: 2.0
  radio_coeff: 2.0
  seed: 10
  random: true
  noise_percentage: 0.05
  num_patients:
    train: 10000
    val: 1000
    test: 1000
  window_size: 15
  lag: 0
  max_seq_length: 60
  projection_horizon: 5
  cf_seq_mode: sliding_treatment
exp:
  seed: 10
  gpus:
  - 0
  max_epochs: 110
  logging: true
  mlflow_uri: http://127.0.0.1:5005
  unscale_rmse: true
  percentage_rmse: true
  alpha: 0.01
  update_alpha: true
  alpha_rate: exp
  initial_balancing_method: grad_reverse
  final_balancing_method: subgroup
  bce_weight: false
  weights_ema: false
  beta: 0.99
  alpha_wass: 0.0001
  alpha_wass_epoch: false
  alpha_wass_growth: 0.001
  alpha_wass_max: 0.01
  balancing: grad_reverse
  balancing_switch_epoch: 99
  gap_epoch: 10
  clustering_method: GMM
  number_clusters: 2
  num_timepoints: 59
  checkpoint_dir: ./checkpoints/cancer/crn/2

[2025-01-27 03:25:21,207][root][INFO] - Simulating initial volumes for stage I  with norm params: mu=1.72, sigma=4.7, lb=-0.6221218732608373, ub=-0.023523848418276528
[2025-01-27 03:25:21,216][root][INFO] - Simulating initial volumes for stage II  with norm params: mu=1.96, sigma=1.63, lb=-1.9410876100159118, ub=0.3711345751297772
[2025-01-27 03:25:21,218][root][INFO] - Simulating initial volumes for stage IIIA  with norm params: mu=1.91, sigma=9.4, lb=-0.33127370258786554, ub=0.06967546355973796
[2025-01-27 03:25:21,219][root][INFO] - Simulating initial volumes for stage IIIB  with norm params: mu=2.76, sigma=6.87, lb=-0.5769974969906748, ub=-0.02839165102452155
[2025-01-27 03:25:21,221][root][INFO] - Simulating initial volumes for stage IV  with norm params: mu=3.86, sigma=8.82, lb=-0.5741465764541877, ub=-0.14683113860980307
[2025-01-27 03:25:21,250][root][INFO] - Got correlated params for 4658 patients
[2025-01-27 03:25:21,254][root][INFO] - Got correlated params for 9338 patients
[2025-01-27 03:25:21,259][root][INFO] - Got correlated params for 13912 patients
[2025-01-27 03:25:21,267][root][INFO] - Simulating beta_c parameters
[2025-01-27 03:25:21,273][root][INFO] - Randomising outputs
[2025-01-27 03:25:21,500][__main__][INFO] - 
model:
  dim_treatments: 4
  dim_vitals: 0
  dim_static_features: 1
  dim_outcomes: 1
  name: CRN
  encoder:
    _target_: src.models.crn.CRNEncoder
    seq_hidden_units: 24
    br_size: 24
    fc_hidden_units: 96
    dropout_rate: 0.2
    num_layer: 1
    batch_size: 256
    optimizer:
      optimizer_cls: adam
      learning_rate: 0.001
      weight_decay: 0.0
      lr_scheduler: false
    tune_hparams: false
    tune_range: 50
    hparams_grid: null
    resources_per_trial: null
  train_decoder: true
  decoder:
    _target_: src.models.crn.CRNDecoder
    seq_hidden_units: null
    br_size: 24
    fc_hidden_units: 12
    dropout_rate: 0.1
    num_layer: 1
    batch_size: 1024
    optimizer:
      optimizer_cls: adam
      learning_rate: 0.001
      weight_decay: 0.0
      lr_scheduler: false
    tune_hparams: false
    tune_range: 30
    hparams_grid: null
    resources_per_trial: null
dataset:
  val_batch_size: 512
  treatment_mode: multiclass
  _target_: src.data.SyntheticCancerDatasetCollection
  name: tumor_generator
  coeff: 2.0
  chemo_coeff: 2.0
  radio_coeff: 2.0
  seed: 10
  random: true
  noise_percentage: 0.05
  num_patients:
    train: 10000
    val: 1000
    test: 1000
  window_size: 15
  lag: 0
  max_seq_length: 60
  projection_horizon: 5
  cf_seq_mode: sliding_treatment
exp:
  seed: 10
  gpus:
  - 0
  max_epochs: 110
  logging: true
  mlflow_uri: http://127.0.0.1:5005
  unscale_rmse: true
  percentage_rmse: true
  alpha: 0.01
  update_alpha: true
  alpha_rate: exp
  initial_balancing_method: grad_reverse
  final_balancing_method: subgroup
  bce_weight: false
  weights_ema: false
  beta: 0.99
  alpha_wass: 0.0001
  alpha_wass_epoch: false
  alpha_wass_growth: 0.001
  alpha_wass_max: 0.01
  balancing: grad_reverse
  balancing_switch_epoch: 99
  gap_epoch: 10
  clustering_method: GMM
  number_clusters: 2
  num_timepoints: 59
  checkpoint_dir: ./checkpoints/cancer/crn/2

[2025-01-27 03:25:21,510][root][INFO] - Simulating initial volumes for stage I  with norm params: mu=1.72, sigma=4.7, lb=-0.6221218732608373, ub=-0.023523848418276528
[2025-01-27 03:25:21,511][root][INFO] - Simulating initial volumes for stage II  with norm params: mu=1.96, sigma=1.63, lb=-1.9410876100159118, ub=0.3711345751297772
[2025-01-27 03:25:21,512][root][INFO] - Simulating initial volumes for stage IIIA  with norm params: mu=1.91, sigma=9.4, lb=-0.33127370258786554, ub=0.06967546355973796
[2025-01-27 03:25:21,513][root][INFO] - Simulating initial volumes for stage IIIB  with norm params: mu=2.76, sigma=6.87, lb=-0.5769974969906748, ub=-0.02839165102452155
[2025-01-27 03:25:21,515][root][INFO] - Simulating initial volumes for stage IV  with norm params: mu=3.86, sigma=8.82, lb=-0.5741465764541877, ub=-0.14683113860980307
[2025-01-27 03:25:21,524][root][INFO] - Got correlated params for 4658 patients
[2025-01-27 03:25:21,529][root][INFO] - Got correlated params for 9338 patients
[2025-01-27 03:25:21,534][root][INFO] - Got correlated params for 13912 patients
[2025-01-27 03:25:21,541][root][INFO] - Simulating beta_c parameters
[2025-01-27 03:25:21,546][root][INFO] - Randomising outputs
[2025-01-27 03:25:36,485][src.data.cancer_sim.dataset][INFO] - Processing train dataset before training
[2025-01-27 03:25:37,527][src.data.cancer_sim.dataset][INFO] - Shape of processed train data: {'cancer_volume': (10000, 60), 'chemo_dosage': (10000, 60), 'radio_dosage': (10000, 60), 'chemo_application': (10000, 60), 'radio_application': (10000, 60), 'chemo_probabilities': (10000, 60), 'radio_probabilities': (10000, 60), 'sequence_lengths': (10000,), 'death_flags': (10000, 60), 'recovery_flags': (10000, 60), 'patient_types': (10000,), 'prev_treatments': (10000, 59, 4), 'current_treatments': (10000, 59, 4), 'current_covariates': (10000, 59, 2), 'outputs': (10000, 59, 1), 'active_entries': (10000, 59, 1), 'unscaled_outputs': (10000, 59, 1), 'prev_outputs': (10000, 59, 1), 'static_features': (10000, 1)}
[2025-01-27 03:25:37,578][root][INFO] - Simulating initial volumes for stage I  with norm params: mu=1.72, sigma=4.7, lb=-0.6221218732608373, ub=-0.023523848418276528
[2025-01-27 03:25:37,579][root][INFO] - Simulating initial volumes for stage II  with norm params: mu=1.96, sigma=1.63, lb=-1.9410876100159118, ub=0.3711345751297772
[2025-01-27 03:25:37,579][root][INFO] - Simulating initial volumes for stage IIIA  with norm params: mu=1.91, sigma=9.4, lb=-0.33127370258786554, ub=0.06967546355973796
[2025-01-27 03:25:37,580][root][INFO] - Simulating initial volumes for stage IIIB  with norm params: mu=2.76, sigma=6.87, lb=-0.5769974969906748, ub=-0.02839165102452155
[2025-01-27 03:25:37,581][root][INFO] - Simulating initial volumes for stage IV  with norm params: mu=3.86, sigma=8.82, lb=-0.5741465764541877, ub=-0.14683113860980307
[2025-01-27 03:25:37,583][root][INFO] - Got correlated params for 455 patients
[2025-01-27 03:25:37,584][root][INFO] - Got correlated params for 905 patients
[2025-01-27 03:25:37,585][root][INFO] - Got correlated params for 1366 patients
[2025-01-27 03:25:37,586][root][INFO] - Simulating beta_c parameters
[2025-01-27 03:25:37,587][root][INFO] - Randomising outputs
[2025-01-27 03:25:38,884][src.data.cancer_sim.dataset][INFO] - Processing train dataset before training
[2025-01-27 03:25:39,041][root][INFO] - Simulating initial volumes for stage I  with norm params: mu=1.72, sigma=4.7, lb=-0.6221218732608373, ub=-0.023523848418276528
[2025-01-27 03:25:39,042][root][INFO] - Simulating initial volumes for stage II  with norm params: mu=1.96, sigma=1.63, lb=-1.9410876100159118, ub=0.3711345751297772
[2025-01-27 03:25:39,042][root][INFO] - Simulating initial volumes for stage IIIA  with norm params: mu=1.91, sigma=9.4, lb=-0.33127370258786554, ub=0.06967546355973796
[2025-01-27 03:25:39,043][root][INFO] - Simulating initial volumes for stage IIIB  with norm params: mu=2.76, sigma=6.87, lb=-0.5769974969906748, ub=-0.02839165102452155
[2025-01-27 03:25:39,044][root][INFO] - Simulating initial volumes for stage IV  with norm params: mu=3.86, sigma=8.82, lb=-0.5741465764541877, ub=-0.14683113860980307
[2025-01-27 03:25:39,045][root][INFO] - Got correlated params for 493 patients
[2025-01-27 03:25:39,046][root][INFO] - Got correlated params for 947 patients
[2025-01-27 03:25:39,047][root][INFO] - Got correlated params for 1403 patients
[2025-01-27 03:25:39,048][root][INFO] - Simulating beta_c parameters
[2025-01-27 03:25:39,049][root][INFO] - Randomising outputs
[2025-01-27 03:25:39,907][src.data.cancer_sim.dataset][INFO] - Shape of processed train data: {'cancer_volume': (10000, 60), 'chemo_dosage': (10000, 60), 'radio_dosage': (10000, 60), 'chemo_application': (10000, 60), 'radio_application': (10000, 60), 'chemo_probabilities': (10000, 60), 'radio_probabilities': (10000, 60), 'sequence_lengths': (10000,), 'death_flags': (10000, 60), 'recovery_flags': (10000, 60), 'patient_types': (10000,), 'prev_treatments': (10000, 59, 4), 'current_treatments': (10000, 59, 4), 'current_covariates': (10000, 59, 2), 'outputs': (10000, 59, 1), 'active_entries': (10000, 59, 1), 'unscaled_outputs': (10000, 59, 1), 'prev_outputs': (10000, 59, 1), 'static_features': (10000, 1)}
[2025-01-27 03:25:39,971][root][INFO] - Simulating initial volumes for stage I  with norm params: mu=1.72, sigma=4.7, lb=-0.6221218732608373, ub=-0.023523848418276528
[2025-01-27 03:25:39,972][root][INFO] - Simulating initial volumes for stage II  with norm params: mu=1.96, sigma=1.63, lb=-1.9410876100159118, ub=0.3711345751297772
[2025-01-27 03:25:39,973][root][INFO] - Simulating initial volumes for stage IIIA  with norm params: mu=1.91, sigma=9.4, lb=-0.33127370258786554, ub=0.06967546355973796
[2025-01-27 03:25:39,973][root][INFO] - Simulating initial volumes for stage IIIB  with norm params: mu=2.76, sigma=6.87, lb=-0.5769974969906748, ub=-0.02839165102452155
[2025-01-27 03:25:39,974][root][INFO] - Simulating initial volumes for stage IV  with norm params: mu=3.86, sigma=8.82, lb=-0.5741465764541877, ub=-0.14683113860980307
[2025-01-27 03:25:39,976][root][INFO] - Got correlated params for 455 patients
[2025-01-27 03:25:39,977][root][INFO] - Got correlated params for 905 patients
[2025-01-27 03:25:39,978][root][INFO] - Got correlated params for 1366 patients
[2025-01-27 03:25:39,979][root][INFO] - Simulating beta_c parameters
[2025-01-27 03:25:39,980][root][INFO] - Randomising outputs
[2025-01-27 03:25:41,711][root][INFO] - Simulating initial volumes for stage I  with norm params: mu=1.72, sigma=4.7, lb=-0.6221218732608373, ub=-0.023523848418276528
[2025-01-27 03:25:41,711][root][INFO] - Simulating initial volumes for stage II  with norm params: mu=1.96, sigma=1.63, lb=-1.9410876100159118, ub=0.3711345751297772
[2025-01-27 03:25:41,712][root][INFO] - Simulating initial volumes for stage IIIA  with norm params: mu=1.91, sigma=9.4, lb=-0.33127370258786554, ub=0.06967546355973796
[2025-01-27 03:25:41,712][root][INFO] - Simulating initial volumes for stage IIIB  with norm params: mu=2.76, sigma=6.87, lb=-0.5769974969906748, ub=-0.02839165102452155
[2025-01-27 03:25:41,713][root][INFO] - Simulating initial volumes for stage IV  with norm params: mu=3.86, sigma=8.82, lb=-0.5741465764541877, ub=-0.14683113860980307
[2025-01-27 03:25:41,715][root][INFO] - Got correlated params for 493 patients
[2025-01-27 03:25:41,716][root][INFO] - Got correlated params for 947 patients
[2025-01-27 03:25:41,717][root][INFO] - Got correlated params for 1403 patients
[2025-01-27 03:25:41,718][root][INFO] - Simulating beta_c parameters
[2025-01-27 03:25:41,719][root][INFO] - Randomising outputs
[2025-01-27 03:25:44,498][root][INFO] - Simulating initial volumes for stage I  with norm params: mu=1.72, sigma=4.7, lb=-0.6221218732608373, ub=-0.023523848418276528
[2025-01-27 03:25:44,499][root][INFO] - Simulating initial volumes for stage II  with norm params: mu=1.96, sigma=1.63, lb=-1.9410876100159118, ub=0.3711345751297772
[2025-01-27 03:25:44,500][root][INFO] - Simulating initial volumes for stage IIIA  with norm params: mu=1.91, sigma=9.4, lb=-0.33127370258786554, ub=0.06967546355973796
[2025-01-27 03:25:44,500][root][INFO] - Simulating initial volumes for stage IIIB  with norm params: mu=2.76, sigma=6.87, lb=-0.5769974969906748, ub=-0.02839165102452155
[2025-01-27 03:25:44,501][root][INFO] - Simulating initial volumes for stage IV  with norm params: mu=3.86, sigma=8.82, lb=-0.5741465764541877, ub=-0.14683113860980307
[2025-01-27 03:25:44,503][root][INFO] - Got correlated params for 445 patients
[2025-01-27 03:25:44,504][root][INFO] - Got correlated params for 895 patients
[2025-01-27 03:25:44,505][root][INFO] - Got correlated params for 1355 patients
[2025-01-27 03:25:44,506][root][INFO] - Simulating beta_c parameters
[2025-01-27 03:25:44,507][root][INFO] - Randomising outputs
[2025-01-27 03:25:48,017][root][INFO] - Simulating initial volumes for stage I  with norm params: mu=1.72, sigma=4.7, lb=-0.6221218732608373, ub=-0.023523848418276528
[2025-01-27 03:25:48,019][root][INFO] - Simulating initial volumes for stage II  with norm params: mu=1.96, sigma=1.63, lb=-1.9410876100159118, ub=0.3711345751297772
[2025-01-27 03:25:48,019][root][INFO] - Simulating initial volumes for stage IIIA  with norm params: mu=1.91, sigma=9.4, lb=-0.33127370258786554, ub=0.06967546355973796
[2025-01-27 03:25:48,020][root][INFO] - Simulating initial volumes for stage IIIB  with norm params: mu=2.76, sigma=6.87, lb=-0.5769974969906748, ub=-0.02839165102452155
[2025-01-27 03:25:48,021][root][INFO] - Simulating initial volumes for stage IV  with norm params: mu=3.86, sigma=8.82, lb=-0.5741465764541877, ub=-0.14683113860980307
[2025-01-27 03:25:48,022][root][INFO] - Got correlated params for 445 patients
[2025-01-27 03:25:48,023][root][INFO] - Got correlated params for 895 patients
[2025-01-27 03:25:48,024][root][INFO] - Got correlated params for 1355 patients
[2025-01-27 03:25:48,025][root][INFO] - Simulating beta_c parameters
[2025-01-27 03:25:48,026][root][INFO] - Randomising outputs
[2025-01-27 03:26:09,286][src.data.cancer_sim.dataset][INFO] - train Dataset already processed
[2025-01-27 03:26:09,287][src.data.cancer_sim.dataset][INFO] - Processing val dataset before training
[2025-01-27 03:26:09,391][src.data.cancer_sim.dataset][INFO] - Shape of processed val data: {'cancer_volume': (1000, 60), 'chemo_dosage': (1000, 60), 'radio_dosage': (1000, 60), 'chemo_application': (1000, 60), 'radio_application': (1000, 60), 'chemo_probabilities': (1000, 60), 'radio_probabilities': (1000, 60), 'sequence_lengths': (1000,), 'death_flags': (1000, 60), 'recovery_flags': (1000, 60), 'patient_types': (1000,), 'prev_treatments': (1000, 59, 4), 'current_treatments': (1000, 59, 4), 'current_covariates': (1000, 59, 2), 'outputs': (1000, 59, 1), 'active_entries': (1000, 59, 1), 'unscaled_outputs': (1000, 59, 1), 'prev_outputs': (1000, 59, 1), 'static_features': (1000, 1)}
[2025-01-27 03:26:09,391][src.data.cancer_sim.dataset][INFO] - Processing test dataset before training
[2025-01-27 03:26:17,360][src.data.cancer_sim.dataset][INFO] - train Dataset already processed
[2025-01-27 03:26:17,360][src.data.cancer_sim.dataset][INFO] - Processing val dataset before training
[2025-01-27 03:26:17,464][src.data.cancer_sim.dataset][INFO] - Shape of processed val data: {'cancer_volume': (1000, 60), 'chemo_dosage': (1000, 60), 'radio_dosage': (1000, 60), 'chemo_application': (1000, 60), 'radio_application': (1000, 60), 'chemo_probabilities': (1000, 60), 'radio_probabilities': (1000, 60), 'sequence_lengths': (1000,), 'death_flags': (1000, 60), 'recovery_flags': (1000, 60), 'patient_types': (1000,), 'prev_treatments': (1000, 59, 4), 'current_treatments': (1000, 59, 4), 'current_covariates': (1000, 59, 2), 'outputs': (1000, 59, 1), 'active_entries': (1000, 59, 1), 'unscaled_outputs': (1000, 59, 1), 'prev_outputs': (1000, 59, 1), 'static_features': (1000, 1)}
[2025-01-27 03:26:17,464][src.data.cancer_sim.dataset][INFO] - Processing test dataset before training
[2025-01-27 03:26:30,380][src.data.cancer_sim.dataset][INFO] - Shape of processed test data: {'cancer_volume': (222916, 60), 'chemo_application': (222916, 60), 'radio_application': (222916, 60), 'sequence_lengths': (222916,), 'patient_types': (222916,), 'prev_treatments': (222916, 59, 4), 'current_treatments': (222916, 59, 4), 'current_covariates': (222916, 59, 2), 'outputs': (222916, 59, 1), 'active_entries': (222916, 59, 1), 'unscaled_outputs': (222916, 59, 1), 'prev_outputs': (222916, 59, 1), 'static_features': (222916, 1)}
[2025-01-27 03:26:30,928][src.models.crn][INFO] - Input size of encoder: 6
[2025-01-27 03:26:38,318][src.data.cancer_sim.dataset][INFO] - Shape of processed test data: {'cancer_volume': (222916, 60), 'chemo_application': (222916, 60), 'radio_application': (222916, 60), 'sequence_lengths': (222916,), 'patient_types': (222916,), 'prev_treatments': (222916, 59, 4), 'current_treatments': (222916, 59, 4), 'current_covariates': (222916, 59, 2), 'outputs': (222916, 59, 1), 'active_entries': (222916, 59, 1), 'unscaled_outputs': (222916, 59, 1), 'prev_outputs': (222916, 59, 1), 'static_features': (222916, 1)}
[2025-01-27 03:26:38,752][src.models.crn][INFO] - Input size of encoder: 6
[2025-01-27 03:30:53,729][src.models.time_varying_model][INFO] - RMSE calculation for val.
[2025-01-27 03:30:53,730][src.models.time_varying_model][INFO] - Predictions for val.
[2025-01-27 03:30:54,225][__main__][INFO] - Val normalised RMSE (all): 0.6269694232366864; Val normalised RMSE (orig): 0.6186938563499447
[2025-01-27 03:30:54,225][src.models.time_varying_model][INFO] - RMSE calculation for test.
[2025-01-27 03:30:54,225][src.models.time_varying_model][INFO] - Predictions for test.
[2025-01-27 03:31:08,484][__main__][INFO] - Test normalised RMSE (all): 0.79839926311761; Test normalised RMSE (orig): 0.5764342573472674; Test normalised RMSE (only counterfactual): 0.7663507383418455
[2025-01-27 03:31:08,539][src.models.crn][INFO] - Input size of decoder: 6
[2025-01-27 03:31:08,557][src.data.cancer_sim.dataset][INFO] - train Dataset already processed
[2025-01-27 03:31:08,557][src.data.cancer_sim.dataset][INFO] - val Dataset already processed
[2025-01-27 03:31:08,557][src.data.cancer_sim.dataset][INFO] - Processing test dataset before training
[2025-01-27 03:32:05,643][src.data.cancer_sim.dataset][INFO] - Shape of processed test data: {'cancer_volume': (565098, 65), 'chemo_application': (565098, 65), 'radio_application': (565098, 65), 'sequence_lengths': (565098,), 'patient_types': (565098,), 'patient_ids_all_trajectories': (565098,), 'patient_current_t': (565098,), 'prev_treatments': (565098, 64, 4), 'current_treatments': (565098, 64, 4), 'current_covariates': (565098, 64, 2), 'outputs': (565098, 64, 1), 'active_entries': (565098, 64, 1), 'unscaled_outputs': (565098, 64, 1), 'prev_outputs': (565098, 64, 1), 'static_features': (565098, 1)}
[2025-01-27 03:32:05,647][src.models.time_varying_model][INFO] - Balanced representations inference for train.
[2025-01-27 03:32:06,889][src.models.time_varying_model][INFO] - Balanced representations inference for val.
[2025-01-27 03:32:07,405][src.models.time_varying_model][INFO] - Balanced representations inference for test.
[2025-01-27 03:32:43,446][src.models.time_varying_model][INFO] - Predictions for test.
[2025-01-27 03:33:22,436][src.data.cancer_sim.dataset][INFO] - Processing train dataset before training (multiple sequences)
[2025-01-27 03:33:25,241][src.data.cancer_sim.dataset][INFO] - Shape of processed train data: {'init_state': (507446, 24), 'original_index': (507446,), 'active_encoder_r': (507446, 59), 'prev_treatments': (507446, 5, 4), 'current_treatments': (507446, 5, 4), 'current_covariates': (507446, 5, 2), 'prev_outputs': (507446, 5, 1), 'static_features': (507446, 1), 'outputs': (507446, 5, 1), 'sequence_lengths': (507446,), 'active_entries': (507446, 5, 1), 'unscaled_outputs': (507446, 5, 1)}
[2025-01-27 03:33:25,243][src.data.cancer_sim.dataset][INFO] - Processing val dataset before training (multiple sequences)
[2025-01-27 03:33:25,525][src.data.cancer_sim.dataset][INFO] - Shape of processed val data: {'init_state': (51251, 24), 'original_index': (51251,), 'active_encoder_r': (51251, 59), 'prev_treatments': (51251, 5, 4), 'current_treatments': (51251, 5, 4), 'current_covariates': (51251, 5, 2), 'prev_outputs': (51251, 5, 1), 'static_features': (51251, 1), 'outputs': (51251, 5, 1), 'sequence_lengths': (51251,), 'active_entries': (51251, 5, 1), 'unscaled_outputs': (51251, 5, 1)}
[2025-01-27 03:33:25,525][src.data.cancer_sim.dataset][INFO] - Processing test dataset before testing (multiple sequences)
[2025-01-27 03:33:33,392][src.data.cancer_sim.dataset][INFO] - Shape of processed test data: {'active_encoder_r': (565098, 59), 'prev_treatments': (565098, 5, 4), 'current_treatments': (565098, 5, 4), 'current_covariates': (565098, 5, 2), 'prev_outputs': (565098, 5, 1), 'static_features': (565098, 1), 'outputs': (565098, 5, 1), 'sequence_lengths': (565098,), 'active_entries': (565098, 5, 1), 'unscaled_outputs': (565098, 5, 1), 'patient_types': (565098,), 'patient_ids_all_trajectories': (565098,), 'patient_current_t': (565098,), 'init_state': (565098, 24)}
[2025-01-27 03:33:33,449][src.data.cancer_sim.dataset][INFO] - Processing test dataset before testing (autoregressive)
[2025-01-27 03:33:37,486][src.data.cancer_sim.dataset][INFO] - Shape of processed test data: {'current_covariates': (565098, 5, 2), 'prev_treatments': (565098, 5, 4), 'current_treatments': (565098, 5, 4), 'init_state': (565098, 24), 'active_encoder_r': (565098, 59), 'active_entries': (565098, 5, 1), 'prev_outputs': (565098, 5, 1), 'static_features': (565098, 1)}
[2025-01-27 03:37:04,606][src.models.time_varying_model][INFO] - RMSE calculation for val.
[2025-01-27 03:37:04,607][src.models.time_varying_model][INFO] - Predictions for val.
[2025-01-27 03:37:05,196][__main__][INFO] - Val normalised RMSE (all): 0.626194053488556; Val normalised RMSE (orig): 0.6179121302481035
[2025-01-27 03:37:05,196][src.models.time_varying_model][INFO] - RMSE calculation for test.
[2025-01-27 03:37:05,196][src.models.time_varying_model][INFO] - Predictions for test.
[2025-01-27 03:37:22,087][__main__][INFO] - Test normalised RMSE (all): 0.7923070032047794; Test normalised RMSE (orig): 0.5714714192810191; Test normalised RMSE (only counterfactual): 0.7495785570779618
[2025-01-27 03:37:22,148][src.models.crn][INFO] - Input size of decoder: 6
[2025-01-27 03:37:22,181][src.data.cancer_sim.dataset][INFO] - train Dataset already processed
[2025-01-27 03:37:22,181][src.data.cancer_sim.dataset][INFO] - val Dataset already processed
[2025-01-27 03:37:22,181][src.data.cancer_sim.dataset][INFO] - Processing test dataset before training
[2025-01-27 03:37:34,915][src.models.time_varying_model][INFO] - RMSE calculation for val.
[2025-01-27 03:37:34,915][src.models.time_varying_model][INFO] - Predictions for val.
[2025-01-27 03:37:37,001][__main__][INFO] - Val normalised RMSE (all): 0.34605513525897624; Val normalised RMSE (orig): 0.34605513525897613
[2025-01-27 03:37:37,002][src.models.time_varying_model][INFO] - RMSE calculation for test.
[2025-01-27 03:37:37,002][src.models.time_varying_model][INFO] - Autoregressive Prediction for test.
[2025-01-27 03:37:37,013][src.models.time_varying_model][INFO] - t = 2
[2025-01-27 03:37:37,013][src.models.time_varying_model][INFO] - Predictions for test.
[2025-01-27 03:37:52,548][src.models.time_varying_model][INFO] - t = 3
[2025-01-27 03:37:52,548][src.models.time_varying_model][INFO] - Predictions for test.
[2025-01-27 03:38:07,928][src.models.time_varying_model][INFO] - t = 4
[2025-01-27 03:38:07,928][src.models.time_varying_model][INFO] - Predictions for test.
[2025-01-27 03:38:19,015][src.data.cancer_sim.dataset][INFO] - Shape of processed test data: {'cancer_volume': (565098, 65), 'chemo_application': (565098, 65), 'radio_application': (565098, 65), 'sequence_lengths': (565098,), 'patient_types': (565098,), 'patient_ids_all_trajectories': (565098,), 'patient_current_t': (565098,), 'prev_treatments': (565098, 64, 4), 'current_treatments': (565098, 64, 4), 'current_covariates': (565098, 64, 2), 'outputs': (565098, 64, 1), 'active_entries': (565098, 64, 1), 'unscaled_outputs': (565098, 64, 1), 'prev_outputs': (565098, 64, 1), 'static_features': (565098, 1)}
[2025-01-27 03:38:19,019][src.models.time_varying_model][INFO] - Balanced representations inference for train.
[2025-01-27 03:38:21,047][src.models.time_varying_model][INFO] - Balanced representations inference for val.
[2025-01-27 03:38:21,636][src.models.time_varying_model][INFO] - Balanced representations inference for test.
[2025-01-27 03:38:23,678][src.models.time_varying_model][INFO] - t = 5
[2025-01-27 03:38:23,678][src.models.time_varying_model][INFO] - Predictions for test.
[2025-01-27 03:38:39,132][src.models.time_varying_model][INFO] - t = 6
[2025-01-27 03:38:39,133][src.models.time_varying_model][INFO] - Predictions for test.
[2025-01-27 03:38:56,167][__main__][INFO] - Test normalised RMSE (n-step prediction): {'2-step': 0.7380723866795025, '3-step': 0.753632559732564, '4-step': 0.7874898231903359, '5-step': 0.8326465668572117, '6-step': 0.869489186419599}
[2025-01-27 03:39:04,183][src.models.time_varying_model][INFO] - Predictions for test.
[2025-01-27 03:39:47,988][src.data.cancer_sim.dataset][INFO] - Processing train dataset before training (multiple sequences)
[2025-01-27 03:39:50,885][src.data.cancer_sim.dataset][INFO] - Shape of processed train data: {'init_state': (507446, 24), 'original_index': (507446,), 'active_encoder_r': (507446, 59), 'prev_treatments': (507446, 5, 4), 'current_treatments': (507446, 5, 4), 'current_covariates': (507446, 5, 2), 'prev_outputs': (507446, 5, 1), 'static_features': (507446, 1), 'outputs': (507446, 5, 1), 'sequence_lengths': (507446,), 'active_entries': (507446, 5, 1), 'unscaled_outputs': (507446, 5, 1)}
[2025-01-27 03:39:50,886][src.data.cancer_sim.dataset][INFO] - Processing val dataset before training (multiple sequences)
[2025-01-27 03:39:51,172][src.data.cancer_sim.dataset][INFO] - Shape of processed val data: {'init_state': (51251, 24), 'original_index': (51251,), 'active_encoder_r': (51251, 59), 'prev_treatments': (51251, 5, 4), 'current_treatments': (51251, 5, 4), 'current_covariates': (51251, 5, 2), 'prev_outputs': (51251, 5, 1), 'static_features': (51251, 1), 'outputs': (51251, 5, 1), 'sequence_lengths': (51251,), 'active_entries': (51251, 5, 1), 'unscaled_outputs': (51251, 5, 1)}
[2025-01-27 03:39:51,173][src.data.cancer_sim.dataset][INFO] - Processing test dataset before testing (multiple sequences)
[2025-01-27 03:39:59,749][src.data.cancer_sim.dataset][INFO] - Shape of processed test data: {'active_encoder_r': (565098, 59), 'prev_treatments': (565098, 5, 4), 'current_treatments': (565098, 5, 4), 'current_covariates': (565098, 5, 2), 'prev_outputs': (565098, 5, 1), 'static_features': (565098, 1), 'outputs': (565098, 5, 1), 'sequence_lengths': (565098,), 'active_entries': (565098, 5, 1), 'unscaled_outputs': (565098, 5, 1), 'patient_types': (565098,), 'patient_ids_all_trajectories': (565098,), 'patient_current_t': (565098,), 'init_state': (565098, 24)}
[2025-01-27 03:39:59,807][src.data.cancer_sim.dataset][INFO] - Processing test dataset before testing (autoregressive)
[2025-01-27 03:40:04,284][src.data.cancer_sim.dataset][INFO] - Shape of processed test data: {'current_covariates': (565098, 5, 2), 'prev_treatments': (565098, 5, 4), 'current_treatments': (565098, 5, 4), 'init_state': (565098, 24), 'active_encoder_r': (565098, 59), 'active_entries': (565098, 5, 1), 'prev_outputs': (565098, 5, 1), 'static_features': (565098, 1)}
[2025-01-27 03:44:58,860][src.models.time_varying_model][INFO] - RMSE calculation for val.
[2025-01-27 03:44:58,860][src.models.time_varying_model][INFO] - Predictions for val.
[2025-01-27 03:45:02,099][__main__][INFO] - Val normalised RMSE (all): 0.35096493190740136; Val normalised RMSE (orig): 0.35096493190740075
[2025-01-27 03:45:02,099][src.models.time_varying_model][INFO] - RMSE calculation for test.
[2025-01-27 03:45:02,100][src.models.time_varying_model][INFO] - Autoregressive Prediction for test.
[2025-01-27 03:45:02,111][src.models.time_varying_model][INFO] - t = 2
[2025-01-27 03:45:02,111][src.models.time_varying_model][INFO] - Predictions for test.
[2025-01-27 03:45:22,071][src.models.time_varying_model][INFO] - t = 3
[2025-01-27 03:45:22,072][src.models.time_varying_model][INFO] - Predictions for test.
[2025-01-27 03:45:41,362][src.models.time_varying_model][INFO] - t = 4
[2025-01-27 03:45:41,363][src.models.time_varying_model][INFO] - Predictions for test.
[2025-01-27 03:46:00,776][src.models.time_varying_model][INFO] - t = 5
[2025-01-27 03:46:00,777][src.models.time_varying_model][INFO] - Predictions for test.
[2025-01-27 03:46:20,343][src.models.time_varying_model][INFO] - t = 6
[2025-01-27 03:46:20,343][src.models.time_varying_model][INFO] - Predictions for test.
[2025-01-27 03:46:41,624][__main__][INFO] - Test normalised RMSE (n-step prediction): {'2-step': 0.7375908921993791, '3-step': 0.7568383946678557, '4-step': 0.7976942222191816, '5-step': 0.8494260185071983, '6-step': 0.8928213634041183}
