[2024-11-21 16:02:35,367][__main__][INFO] - 
model:
  dim_treatments: 4
  dim_vitals: 0
  dim_static_features: 1
  dim_outcomes: 1
  name: CT
  multi:
    _target_: src.models.ct.CT
    max_seq_length: 65
    seq_hidden_units: 16
    br_size: 12
    fc_hidden_units: 24
    dropout_rate: 0.1
    num_layer: 1
    num_heads: 2
    max_grad_norm: null
    batch_size: 128
    attn_dropout: true
    disable_cross_attention: false
    isolate_subnetwork: _
    self_positional_encoding:
      absolute: false
      trainable: true
      max_relative_position: 15
    optimizer:
      optimizer_cls: adam
      learning_rate: 0.001
      weight_decay: 0.0
      lr_scheduler: false
    augment_with_masked_vitals: true
    tune_hparams: false
    tune_range: 50
    hparams_grid: null
    resources_per_trial: null
  self_positional_encoding:
    max_relative_position: 15
dataset:
  val_batch_size: 512
  treatment_mode: multiclass
  _target_: src.data.SyntheticCancerDatasetCollection
  name: tumor_generator
  coeff: 3.0
  chemo_coeff: 3.0
  radio_coeff: 3.0
  seed: 10
  random: true
  noise_percentage: 0.05
  num_patients:
    train: 10000
    val: 1000
    test: 1000
  window_size: 15
  lag: 0
  max_seq_length: 60
  projection_horizon: 5
  cf_seq_mode: sliding_treatment
exp:
  seed: 10
  gpus:
  - 0
  max_epochs: 200
  logging: true
  mlflow_uri: http://127.0.0.1:5000
  unscale_rmse: true
  percentage_rmse: true
  alpha: 0.01
  update_alpha: true
  alpha_rate: exp
  initial_balancing_method: domain_confusion
  final_balancing_method: domain_confusion
  bce_weight: false
  weights_ema: true
  beta: 0.99
  alpha_wass: 0.001
  alpha_wass_epoch: false
  alpha_wass_growth: 0.001
  alpha_wass_max: 0.01
  balancing_switch_epoch: 199
  clustering_method: GMM
  number_clusters: 2
  num_timepoints: 59
  gap_epoch: 60
  checkpoint_dir: ./checkpoints/cancer/ct/3

[2024-11-21 16:02:35,386][root][INFO] - Simulating initial volumes for stage I  with norm params: mu=1.72, sigma=4.7, lb=-0.6221218732608373, ub=-0.023523848418276528
[2024-11-21 16:02:35,388][root][INFO] - Simulating initial volumes for stage II  with norm params: mu=1.96, sigma=1.63, lb=-1.9410876100159118, ub=0.3711345751297772
[2024-11-21 16:02:35,390][root][INFO] - Simulating initial volumes for stage IIIA  with norm params: mu=1.91, sigma=9.4, lb=-0.33127370258786554, ub=0.06967546355973796
[2024-11-21 16:02:35,391][root][INFO] - Simulating initial volumes for stage IIIB  with norm params: mu=2.76, sigma=6.87, lb=-0.5769974969906748, ub=-0.02839165102452155
[2024-11-21 16:02:35,393][root][INFO] - Simulating initial volumes for stage IV  with norm params: mu=3.86, sigma=8.82, lb=-0.5741465764541877, ub=-0.14683113860980307
[2024-11-21 16:02:35,402][root][INFO] - Got correlated params for 4658 patients
[2024-11-21 16:02:35,407][root][INFO] - Got correlated params for 9338 patients
[2024-11-21 16:02:35,411][root][INFO] - Got correlated params for 13912 patients
[2024-11-21 16:02:35,419][root][INFO] - Simulating beta_c parameters
[2024-11-21 16:02:35,424][root][INFO] - Randomising outputs
[2024-11-21 16:02:52,662][src.data.cancer_sim.dataset][INFO] - Processing train dataset before training
[2024-11-21 16:02:53,609][src.data.cancer_sim.dataset][INFO] - Shape of processed train data: {'cancer_volume': (10000, 60), 'chemo_dosage': (10000, 60), 'radio_dosage': (10000, 60), 'chemo_application': (10000, 60), 'radio_application': (10000, 60), 'chemo_probabilities': (10000, 60), 'radio_probabilities': (10000, 60), 'sequence_lengths': (10000,), 'death_flags': (10000, 60), 'recovery_flags': (10000, 60), 'patient_types': (10000,), 'prev_treatments': (10000, 59, 4), 'current_treatments': (10000, 59, 4), 'current_covariates': (10000, 59, 2), 'outputs': (10000, 59, 1), 'active_entries': (10000, 59, 1), 'unscaled_outputs': (10000, 59, 1), 'prev_outputs': (10000, 59, 1), 'static_features': (10000, 1)}
[2024-11-21 16:02:53,689][root][INFO] - Simulating initial volumes for stage I  with norm params: mu=1.72, sigma=4.7, lb=-0.6221218732608373, ub=-0.023523848418276528
[2024-11-21 16:02:53,691][root][INFO] - Simulating initial volumes for stage II  with norm params: mu=1.96, sigma=1.63, lb=-1.9410876100159118, ub=0.3711345751297772
[2024-11-21 16:02:53,691][root][INFO] - Simulating initial volumes for stage IIIA  with norm params: mu=1.91, sigma=9.4, lb=-0.33127370258786554, ub=0.06967546355973796
[2024-11-21 16:02:53,692][root][INFO] - Simulating initial volumes for stage IIIB  with norm params: mu=2.76, sigma=6.87, lb=-0.5769974969906748, ub=-0.02839165102452155
[2024-11-21 16:02:53,693][root][INFO] - Simulating initial volumes for stage IV  with norm params: mu=3.86, sigma=8.82, lb=-0.5741465764541877, ub=-0.14683113860980307
[2024-11-21 16:02:53,695][root][INFO] - Got correlated params for 455 patients
[2024-11-21 16:02:53,696][root][INFO] - Got correlated params for 905 patients
[2024-11-21 16:02:53,697][root][INFO] - Got correlated params for 1366 patients
[2024-11-21 16:02:53,699][root][INFO] - Simulating beta_c parameters
[2024-11-21 16:02:53,700][root][INFO] - Randomising outputs
[2024-11-21 16:02:55,395][root][INFO] - Simulating initial volumes for stage I  with norm params: mu=1.72, sigma=4.7, lb=-0.6221218732608373, ub=-0.023523848418276528
[2024-11-21 16:02:55,396][root][INFO] - Simulating initial volumes for stage II  with norm params: mu=1.96, sigma=1.63, lb=-1.9410876100159118, ub=0.3711345751297772
[2024-11-21 16:02:55,396][root][INFO] - Simulating initial volumes for stage IIIA  with norm params: mu=1.91, sigma=9.4, lb=-0.33127370258786554, ub=0.06967546355973796
[2024-11-21 16:02:55,397][root][INFO] - Simulating initial volumes for stage IIIB  with norm params: mu=2.76, sigma=6.87, lb=-0.5769974969906748, ub=-0.02839165102452155
[2024-11-21 16:02:55,398][root][INFO] - Simulating initial volumes for stage IV  with norm params: mu=3.86, sigma=8.82, lb=-0.5741465764541877, ub=-0.14683113860980307
[2024-11-21 16:02:55,399][root][INFO] - Got correlated params for 493 patients
[2024-11-21 16:02:55,400][root][INFO] - Got correlated params for 947 patients
[2024-11-21 16:02:55,401][root][INFO] - Got correlated params for 1403 patients
[2024-11-21 16:02:55,402][root][INFO] - Simulating beta_c parameters
[2024-11-21 16:02:55,403][root][INFO] - Randomising outputs
[2024-11-21 16:03:03,249][root][INFO] - Simulating initial volumes for stage I  with norm params: mu=1.72, sigma=4.7, lb=-0.6221218732608373, ub=-0.023523848418276528
[2024-11-21 16:03:03,251][root][INFO] - Simulating initial volumes for stage II  with norm params: mu=1.96, sigma=1.63, lb=-1.9410876100159118, ub=0.3711345751297772
[2024-11-21 16:03:03,251][root][INFO] - Simulating initial volumes for stage IIIA  with norm params: mu=1.91, sigma=9.4, lb=-0.33127370258786554, ub=0.06967546355973796
[2024-11-21 16:03:03,252][root][INFO] - Simulating initial volumes for stage IIIB  with norm params: mu=2.76, sigma=6.87, lb=-0.5769974969906748, ub=-0.02839165102452155
[2024-11-21 16:03:03,253][root][INFO] - Simulating initial volumes for stage IV  with norm params: mu=3.86, sigma=8.82, lb=-0.5741465764541877, ub=-0.14683113860980307
[2024-11-21 16:03:03,255][root][INFO] - Got correlated params for 445 patients
[2024-11-21 16:03:03,256][root][INFO] - Got correlated params for 895 patients
[2024-11-21 16:03:03,257][root][INFO] - Got correlated params for 1355 patients
[2024-11-21 16:03:03,258][root][INFO] - Simulating beta_c parameters
[2024-11-21 16:03:03,259][root][INFO] - Randomising outputs
[2024-11-21 16:03:31,930][src.data.cancer_sim.dataset][INFO] - train Dataset already processed
[2024-11-21 16:03:31,930][src.data.cancer_sim.dataset][INFO] - Processing val dataset before training
[2024-11-21 16:03:32,028][src.data.cancer_sim.dataset][INFO] - Shape of processed val data: {'cancer_volume': (1000, 60), 'chemo_dosage': (1000, 60), 'radio_dosage': (1000, 60), 'chemo_application': (1000, 60), 'radio_application': (1000, 60), 'chemo_probabilities': (1000, 60), 'radio_probabilities': (1000, 60), 'sequence_lengths': (1000,), 'death_flags': (1000, 60), 'recovery_flags': (1000, 60), 'patient_types': (1000,), 'prev_treatments': (1000, 59, 4), 'current_treatments': (1000, 59, 4), 'current_covariates': (1000, 59, 2), 'outputs': (1000, 59, 1), 'active_entries': (1000, 59, 1), 'unscaled_outputs': (1000, 59, 1), 'prev_outputs': (1000, 59, 1), 'static_features': (1000, 1)}
[2024-11-21 16:03:32,028][src.data.cancer_sim.dataset][INFO] - Processing test dataset before training
[2024-11-21 16:03:51,761][src.data.cancer_sim.dataset][INFO] - Shape of processed test data: {'cancer_volume': (222916, 60), 'chemo_application': (222916, 60), 'radio_application': (222916, 60), 'sequence_lengths': (222916,), 'patient_types': (222916,), 'prev_treatments': (222916, 59, 4), 'current_treatments': (222916, 59, 4), 'current_covariates': (222916, 59, 2), 'outputs': (222916, 59, 1), 'active_entries': (222916, 59, 1), 'unscaled_outputs': (222916, 59, 1), 'prev_outputs': (222916, 59, 1), 'static_features': (222916, 1)}
[2024-11-21 16:03:51,763][src.data.cancer_sim.dataset][INFO] - Processing test dataset before training
[2024-11-21 16:04:45,846][src.data.cancer_sim.dataset][INFO] - Shape of processed test data: {'cancer_volume': (573992, 65), 'chemo_application': (573992, 65), 'radio_application': (573992, 65), 'sequence_lengths': (573992,), 'patient_types': (573992,), 'patient_ids_all_trajectories': (573992,), 'patient_current_t': (573992,), 'prev_treatments': (573992, 64, 4), 'current_treatments': (573992, 64, 4), 'current_covariates': (573992, 64, 2), 'outputs': (573992, 64, 1), 'active_entries': (573992, 64, 1), 'unscaled_outputs': (573992, 64, 1), 'prev_outputs': (573992, 64, 1), 'static_features': (573992, 1)}
[2024-11-21 16:04:45,849][src.data.cancer_sim.dataset][INFO] - Processing test dataset before testing (multiple sequences)
[2024-11-21 16:04:55,212][src.data.cancer_sim.dataset][INFO] - Shape of processed test data: {'active_encoder_r': (573992, 59), 'prev_treatments': (573992, 5, 4), 'current_treatments': (573992, 5, 4), 'current_covariates': (573992, 5, 2), 'prev_outputs': (573992, 5, 1), 'static_features': (573992, 1), 'outputs': (573992, 5, 1), 'sequence_lengths': (573992,), 'active_entries': (573992, 5, 1), 'unscaled_outputs': (573992, 5, 1), 'patient_types': (573992,), 'patient_ids_all_trajectories': (573992,), 'patient_current_t': (573992,)}
[2024-11-21 16:04:58,162][src.models.ct][INFO] - Max input size of multi: 4
[2024-11-21 16:42:13,618][src.models.time_varying_model][INFO] - RMSE calculation for val.
[2024-11-21 16:42:13,620][src.models.time_varying_model][INFO] - Predictions for val.
[2024-11-21 16:42:14,439][__main__][INFO] - Val normalised RMSE (all): 0.5846154089898543; Val normalised RMSE (orig): 0.5792383241875668
[2024-11-21 16:42:14,439][src.models.time_varying_model][INFO] - RMSE calculation for test.
[2024-11-21 16:42:14,439][src.models.time_varying_model][INFO] - Predictions for test.
[2024-11-21 16:42:34,000][__main__][INFO] - Test normalised RMSE (all): 0.9603128053816752; Test normalised RMSE (orig): 0.7066153222939611; Test normalised RMSE (only counterfactual): 0.8923129283673715
[2024-11-21 16:42:34,052][src.models.time_varying_model][INFO] - RMSE calculation for test.
[2024-11-21 16:42:34,052][src.models.ct][INFO] - Autoregressive Prediction for test.
[2024-11-21 16:42:34,052][src.models.ct][INFO] - t = 1
[2024-11-21 16:42:34,053][src.models.time_varying_model][INFO] - Predictions for test.
[2024-11-21 16:43:37,909][src.models.ct][INFO] - t = 2
[2024-11-21 16:43:37,910][src.models.time_varying_model][INFO] - Predictions for test.
[2024-11-21 16:44:42,187][src.models.ct][INFO] - t = 3
[2024-11-21 16:44:42,188][src.models.time_varying_model][INFO] - Predictions for test.
[2024-11-21 16:45:46,733][src.models.ct][INFO] - t = 4
[2024-11-21 16:45:46,734][src.models.time_varying_model][INFO] - Predictions for test.
[2024-11-21 16:46:50,235][src.models.ct][INFO] - t = 5
[2024-11-21 16:46:50,236][src.models.time_varying_model][INFO] - Predictions for test.
[2024-11-21 16:47:54,115][src.models.ct][INFO] - t = 6
[2024-11-21 16:47:54,116][src.models.time_varying_model][INFO] - Predictions for test.
[2024-11-21 16:49:00,173][__main__][INFO] - Test normalised RMSE (n-step prediction): {'2-step': 0.776905029820734, '3-step': 0.8308672553200639, '4-step': 0.8883773775322635, '5-step': 0.9305822751485939, '6-step': 0.9839880289736641}
