[2025-01-27 03:46:05,677][__main__][INFO] - 
model:
  dim_treatments: 4
  dim_vitals: 0
  dim_static_features: 1
  dim_outcomes: 1
  name: CRN
  encoder:
    _target_: src.models.crn.CRNEncoder
    seq_hidden_units: 24
    br_size: 24
    fc_hidden_units: 96
    dropout_rate: 0.2
    num_layer: 1
    batch_size: 1024
    optimizer:
      optimizer_cls: adam
      learning_rate: 0.005
      weight_decay: 0.0
      lr_scheduler: false
    tune_hparams: false
    tune_range: 50
    hparams_grid: null
    resources_per_trial: null
  train_decoder: true
  decoder:
    _target_: src.models.crn.CRNDecoder
    seq_hidden_units: null
    br_size: 24
    fc_hidden_units: 12
    dropout_rate: 0.1
    num_layer: 1
    batch_size: 4096
    optimizer:
      optimizer_cls: adam
      learning_rate: 0.01
      weight_decay: 0.0
      lr_scheduler: false
    tune_hparams: false
    tune_range: 30
    hparams_grid: null
    resources_per_trial: null
dataset:
  val_batch_size: 512
  treatment_mode: multiclass
  _target_: src.data.SyntheticCancerDatasetCollection
  name: tumor_generator
  coeff: 2.0
  chemo_coeff: 2.0
  radio_coeff: 2.0
  seed: 10
  random: true
  noise_percentage: 0.05
  num_patients:
    train: 10000
    val: 1000
    test: 1000
  window_size: 15
  lag: 0
  max_seq_length: 60
  projection_horizon: 5
  cf_seq_mode: sliding_treatment
exp:
  seed: 10
  gpus:
  - 0
  max_epochs: 110
  logging: true
  mlflow_uri: http://127.0.0.1:5005
  unscale_rmse: true
  percentage_rmse: true
  alpha: 0.01
  update_alpha: true
  alpha_rate: exp
  initial_balancing_method: grad_reverse
  final_balancing_method: subgroup
  bce_weight: false
  weights_ema: false
  beta: 0.99
  alpha_wass: 0.0001
  alpha_wass_epoch: false
  alpha_wass_growth: 0.001
  alpha_wass_max: 0.01
  balancing: grad_reverse
  balancing_switch_epoch: 99
  gap_epoch: 10
  clustering_method: GMM
  number_clusters: 2
  num_timepoints: 59
  checkpoint_dir: ./checkpoints/cancer/crn/2

[2025-01-27 03:46:05,697][root][INFO] - Simulating initial volumes for stage I  with norm params: mu=1.72, sigma=4.7, lb=-0.6221218732608373, ub=-0.023523848418276528
[2025-01-27 03:46:05,701][root][INFO] - Simulating initial volumes for stage II  with norm params: mu=1.96, sigma=1.63, lb=-1.9410876100159118, ub=0.3711345751297772
[2025-01-27 03:46:05,702][root][INFO] - Simulating initial volumes for stage IIIA  with norm params: mu=1.91, sigma=9.4, lb=-0.33127370258786554, ub=0.06967546355973796
[2025-01-27 03:46:05,702][root][INFO] - Simulating initial volumes for stage IIIB  with norm params: mu=2.76, sigma=6.87, lb=-0.5769974969906748, ub=-0.02839165102452155
[2025-01-27 03:46:05,705][root][INFO] - Simulating initial volumes for stage IV  with norm params: mu=3.86, sigma=8.82, lb=-0.5741465764541877, ub=-0.14683113860980307
[2025-01-27 03:46:05,727][root][INFO] - Got correlated params for 4658 patients
[2025-01-27 03:46:05,732][root][INFO] - Got correlated params for 9338 patients
[2025-01-27 03:46:05,736][root][INFO] - Got correlated params for 13912 patients
[2025-01-27 03:46:05,744][root][INFO] - Simulating beta_c parameters
[2025-01-27 03:46:05,749][root][INFO] - Randomising outputs
[2025-01-27 03:46:20,863][src.data.cancer_sim.dataset][INFO] - Processing train dataset before training
[2025-01-27 03:46:21,895][src.data.cancer_sim.dataset][INFO] - Shape of processed train data: {'cancer_volume': (10000, 60), 'chemo_dosage': (10000, 60), 'radio_dosage': (10000, 60), 'chemo_application': (10000, 60), 'radio_application': (10000, 60), 'chemo_probabilities': (10000, 60), 'radio_probabilities': (10000, 60), 'sequence_lengths': (10000,), 'death_flags': (10000, 60), 'recovery_flags': (10000, 60), 'patient_types': (10000,), 'prev_treatments': (10000, 59, 4), 'current_treatments': (10000, 59, 4), 'current_covariates': (10000, 59, 2), 'outputs': (10000, 59, 1), 'active_entries': (10000, 59, 1), 'unscaled_outputs': (10000, 59, 1), 'prev_outputs': (10000, 59, 1), 'static_features': (10000, 1)}
[2025-01-27 03:46:21,943][root][INFO] - Simulating initial volumes for stage I  with norm params: mu=1.72, sigma=4.7, lb=-0.6221218732608373, ub=-0.023523848418276528
[2025-01-27 03:46:21,944][root][INFO] - Simulating initial volumes for stage II  with norm params: mu=1.96, sigma=1.63, lb=-1.9410876100159118, ub=0.3711345751297772
[2025-01-27 03:46:21,945][root][INFO] - Simulating initial volumes for stage IIIA  with norm params: mu=1.91, sigma=9.4, lb=-0.33127370258786554, ub=0.06967546355973796
[2025-01-27 03:46:21,945][root][INFO] - Simulating initial volumes for stage IIIB  with norm params: mu=2.76, sigma=6.87, lb=-0.5769974969906748, ub=-0.02839165102452155
[2025-01-27 03:46:21,946][root][INFO] - Simulating initial volumes for stage IV  with norm params: mu=3.86, sigma=8.82, lb=-0.5741465764541877, ub=-0.14683113860980307
[2025-01-27 03:46:21,948][root][INFO] - Got correlated params for 455 patients
[2025-01-27 03:46:21,949][root][INFO] - Got correlated params for 905 patients
[2025-01-27 03:46:21,950][root][INFO] - Got correlated params for 1366 patients
[2025-01-27 03:46:21,951][root][INFO] - Simulating beta_c parameters
[2025-01-27 03:46:21,952][root][INFO] - Randomising outputs
[2025-01-27 03:46:23,400][root][INFO] - Simulating initial volumes for stage I  with norm params: mu=1.72, sigma=4.7, lb=-0.6221218732608373, ub=-0.023523848418276528
[2025-01-27 03:46:23,401][root][INFO] - Simulating initial volumes for stage II  with norm params: mu=1.96, sigma=1.63, lb=-1.9410876100159118, ub=0.3711345751297772
[2025-01-27 03:46:23,402][root][INFO] - Simulating initial volumes for stage IIIA  with norm params: mu=1.91, sigma=9.4, lb=-0.33127370258786554, ub=0.06967546355973796
[2025-01-27 03:46:23,402][root][INFO] - Simulating initial volumes for stage IIIB  with norm params: mu=2.76, sigma=6.87, lb=-0.5769974969906748, ub=-0.02839165102452155
[2025-01-27 03:46:23,403][root][INFO] - Simulating initial volumes for stage IV  with norm params: mu=3.86, sigma=8.82, lb=-0.5741465764541877, ub=-0.14683113860980307
[2025-01-27 03:46:23,404][root][INFO] - Got correlated params for 493 patients
[2025-01-27 03:46:23,405][root][INFO] - Got correlated params for 947 patients
[2025-01-27 03:46:23,406][root][INFO] - Got correlated params for 1403 patients
[2025-01-27 03:46:23,407][root][INFO] - Simulating beta_c parameters
[2025-01-27 03:46:23,408][root][INFO] - Randomising outputs
[2025-01-27 03:46:28,698][root][INFO] - Simulating initial volumes for stage I  with norm params: mu=1.72, sigma=4.7, lb=-0.6221218732608373, ub=-0.023523848418276528
[2025-01-27 03:46:28,699][root][INFO] - Simulating initial volumes for stage II  with norm params: mu=1.96, sigma=1.63, lb=-1.9410876100159118, ub=0.3711345751297772
[2025-01-27 03:46:28,700][root][INFO] - Simulating initial volumes for stage IIIA  with norm params: mu=1.91, sigma=9.4, lb=-0.33127370258786554, ub=0.06967546355973796
[2025-01-27 03:46:28,700][root][INFO] - Simulating initial volumes for stage IIIB  with norm params: mu=2.76, sigma=6.87, lb=-0.5769974969906748, ub=-0.02839165102452155
[2025-01-27 03:46:28,701][root][INFO] - Simulating initial volumes for stage IV  with norm params: mu=3.86, sigma=8.82, lb=-0.5741465764541877, ub=-0.14683113860980307
[2025-01-27 03:46:28,703][root][INFO] - Got correlated params for 445 patients
[2025-01-27 03:46:28,704][root][INFO] - Got correlated params for 895 patients
[2025-01-27 03:46:28,705][root][INFO] - Got correlated params for 1355 patients
[2025-01-27 03:46:28,706][root][INFO] - Simulating beta_c parameters
[2025-01-27 03:46:28,707][root][INFO] - Randomising outputs
[2025-01-27 03:46:53,466][src.data.cancer_sim.dataset][INFO] - train Dataset already processed
[2025-01-27 03:46:53,467][src.data.cancer_sim.dataset][INFO] - Processing val dataset before training
[2025-01-27 03:46:53,570][src.data.cancer_sim.dataset][INFO] - Shape of processed val data: {'cancer_volume': (1000, 60), 'chemo_dosage': (1000, 60), 'radio_dosage': (1000, 60), 'chemo_application': (1000, 60), 'radio_application': (1000, 60), 'chemo_probabilities': (1000, 60), 'radio_probabilities': (1000, 60), 'sequence_lengths': (1000,), 'death_flags': (1000, 60), 'recovery_flags': (1000, 60), 'patient_types': (1000,), 'prev_treatments': (1000, 59, 4), 'current_treatments': (1000, 59, 4), 'current_covariates': (1000, 59, 2), 'outputs': (1000, 59, 1), 'active_entries': (1000, 59, 1), 'unscaled_outputs': (1000, 59, 1), 'prev_outputs': (1000, 59, 1), 'static_features': (1000, 1)}
[2025-01-27 03:46:53,571][src.data.cancer_sim.dataset][INFO] - Processing test dataset before training
[2025-01-27 03:47:14,618][src.data.cancer_sim.dataset][INFO] - Shape of processed test data: {'cancer_volume': (222916, 60), 'chemo_application': (222916, 60), 'radio_application': (222916, 60), 'sequence_lengths': (222916,), 'patient_types': (222916,), 'prev_treatments': (222916, 59, 4), 'current_treatments': (222916, 59, 4), 'current_covariates': (222916, 59, 2), 'outputs': (222916, 59, 1), 'active_entries': (222916, 59, 1), 'unscaled_outputs': (222916, 59, 1), 'prev_outputs': (222916, 59, 1), 'static_features': (222916, 1)}
[2025-01-27 03:47:15,197][src.models.crn][INFO] - Input size of encoder: 6
[2025-01-27 03:48:40,954][src.models.time_varying_model][INFO] - RMSE calculation for val.
[2025-01-27 03:48:40,954][src.models.time_varying_model][INFO] - Predictions for val.
[2025-01-27 03:48:41,451][__main__][INFO] - Val normalised RMSE (all): 0.6232621609895332; Val normalised RMSE (orig): 0.6150265578158908
[2025-01-27 03:48:41,451][src.models.time_varying_model][INFO] - RMSE calculation for test.
[2025-01-27 03:48:41,451][src.models.time_varying_model][INFO] - Predictions for test.
[2025-01-27 03:48:55,773][__main__][INFO] - Test normalised RMSE (all): 0.7871971454389318; Test normalised RMSE (orig): 0.5683997053177214; Test normalised RMSE (only counterfactual): 0.7585461282627209
[2025-01-27 03:48:55,834][src.models.crn][INFO] - Input size of decoder: 6
[2025-01-27 03:48:55,854][src.data.cancer_sim.dataset][INFO] - train Dataset already processed
[2025-01-27 03:48:55,854][src.data.cancer_sim.dataset][INFO] - val Dataset already processed
[2025-01-27 03:48:55,854][src.data.cancer_sim.dataset][INFO] - Processing test dataset before training
[2025-01-27 03:49:52,614][src.data.cancer_sim.dataset][INFO] - Shape of processed test data: {'cancer_volume': (565098, 65), 'chemo_application': (565098, 65), 'radio_application': (565098, 65), 'sequence_lengths': (565098,), 'patient_types': (565098,), 'patient_ids_all_trajectories': (565098,), 'patient_current_t': (565098,), 'prev_treatments': (565098, 64, 4), 'current_treatments': (565098, 64, 4), 'current_covariates': (565098, 64, 2), 'outputs': (565098, 64, 1), 'active_entries': (565098, 64, 1), 'unscaled_outputs': (565098, 64, 1), 'prev_outputs': (565098, 64, 1), 'static_features': (565098, 1)}
[2025-01-27 03:49:52,619][src.models.time_varying_model][INFO] - Balanced representations inference for train.
[2025-01-27 03:49:56,916][src.models.time_varying_model][INFO] - Balanced representations inference for val.
[2025-01-27 03:49:57,463][src.models.time_varying_model][INFO] - Balanced representations inference for test.
[2025-01-27 03:50:33,163][src.models.time_varying_model][INFO] - Predictions for test.
[2025-01-27 03:51:10,608][src.data.cancer_sim.dataset][INFO] - Processing train dataset before training (multiple sequences)
[2025-01-27 03:51:13,427][src.data.cancer_sim.dataset][INFO] - Shape of processed train data: {'init_state': (507446, 24), 'original_index': (507446,), 'active_encoder_r': (507446, 59), 'prev_treatments': (507446, 5, 4), 'current_treatments': (507446, 5, 4), 'current_covariates': (507446, 5, 2), 'prev_outputs': (507446, 5, 1), 'static_features': (507446, 1), 'outputs': (507446, 5, 1), 'sequence_lengths': (507446,), 'active_entries': (507446, 5, 1), 'unscaled_outputs': (507446, 5, 1)}
[2025-01-27 03:51:13,428][src.data.cancer_sim.dataset][INFO] - Processing val dataset before training (multiple sequences)
[2025-01-27 03:51:13,707][src.data.cancer_sim.dataset][INFO] - Shape of processed val data: {'init_state': (51251, 24), 'original_index': (51251,), 'active_encoder_r': (51251, 59), 'prev_treatments': (51251, 5, 4), 'current_treatments': (51251, 5, 4), 'current_covariates': (51251, 5, 2), 'prev_outputs': (51251, 5, 1), 'static_features': (51251, 1), 'outputs': (51251, 5, 1), 'sequence_lengths': (51251,), 'active_entries': (51251, 5, 1), 'unscaled_outputs': (51251, 5, 1)}
[2025-01-27 03:51:13,708][src.data.cancer_sim.dataset][INFO] - Processing test dataset before testing (multiple sequences)
[2025-01-27 03:51:21,685][src.data.cancer_sim.dataset][INFO] - Shape of processed test data: {'active_encoder_r': (565098, 59), 'prev_treatments': (565098, 5, 4), 'current_treatments': (565098, 5, 4), 'current_covariates': (565098, 5, 2), 'prev_outputs': (565098, 5, 1), 'static_features': (565098, 1), 'outputs': (565098, 5, 1), 'sequence_lengths': (565098,), 'active_entries': (565098, 5, 1), 'unscaled_outputs': (565098, 5, 1), 'patient_types': (565098,), 'patient_ids_all_trajectories': (565098,), 'patient_current_t': (565098,), 'init_state': (565098, 24)}
[2025-01-27 03:51:21,744][src.data.cancer_sim.dataset][INFO] - Processing test dataset before testing (autoregressive)
[2025-01-27 03:51:25,739][src.data.cancer_sim.dataset][INFO] - Shape of processed test data: {'current_covariates': (565098, 5, 2), 'prev_treatments': (565098, 5, 4), 'current_treatments': (565098, 5, 4), 'init_state': (565098, 24), 'active_encoder_r': (565098, 59), 'active_entries': (565098, 5, 1), 'prev_outputs': (565098, 5, 1), 'static_features': (565098, 1)}
[2025-01-27 03:54:42,072][src.models.time_varying_model][INFO] - RMSE calculation for val.
[2025-01-27 03:54:42,072][src.models.time_varying_model][INFO] - Predictions for val.
[2025-01-27 03:54:44,152][__main__][INFO] - Val normalised RMSE (all): 0.36333103514274717; Val normalised RMSE (orig): 0.36333103514274684
[2025-01-27 03:54:44,153][src.models.time_varying_model][INFO] - RMSE calculation for test.
[2025-01-27 03:54:44,153][src.models.time_varying_model][INFO] - Autoregressive Prediction for test.
[2025-01-27 03:54:44,156][src.models.time_varying_model][INFO] - t = 2
[2025-01-27 03:54:44,156][src.models.time_varying_model][INFO] - Predictions for test.
[2025-01-27 03:54:59,799][src.models.time_varying_model][INFO] - t = 3
[2025-01-27 03:54:59,799][src.models.time_varying_model][INFO] - Predictions for test.
[2025-01-27 03:55:15,256][src.models.time_varying_model][INFO] - t = 4
[2025-01-27 03:55:15,257][src.models.time_varying_model][INFO] - Predictions for test.
[2025-01-27 03:55:30,895][src.models.time_varying_model][INFO] - t = 5
[2025-01-27 03:55:30,896][src.models.time_varying_model][INFO] - Predictions for test.
[2025-01-27 03:55:46,856][src.models.time_varying_model][INFO] - t = 6
[2025-01-27 03:55:46,856][src.models.time_varying_model][INFO] - Predictions for test.
[2025-01-27 03:56:03,757][__main__][INFO] - Test normalised RMSE (n-step prediction): {'2-step': 0.7417111845223896, '3-step': 0.7749076712757451, '4-step': 0.8138132974661286, '5-step': 0.8561358958529858, '6-step': 0.8940243038262168}
