[2025-01-20 08:35:25,429][__main__][INFO] - 
model:
  dim_treatments: 4
  dim_vitals: 0
  dim_static_features: 1
  dim_outcomes: 1
  name: CRN
  encoder:
    _target_: src.models.crn.CRNEncoder
    seq_hidden_units: 24
    br_size: 24
    fc_hidden_units: 96
    dropout_rate: 0.2
    num_layer: 1
    batch_size: 64
    optimizer:
      optimizer_cls: adam
      learning_rate: 0.001
      weight_decay: 0.0
      lr_scheduler: false
    tune_hparams: false
    tune_range: 50
    hparams_grid: null
    resources_per_trial: null
  train_decoder: true
  decoder:
    _target_: src.models.crn.CRNDecoder
    seq_hidden_units: null
    br_size: 24
    fc_hidden_units: 12
    dropout_rate: 0.1
    num_layer: 1
    batch_size: 1024
    optimizer:
      optimizer_cls: adam
      learning_rate: 0.001
      weight_decay: 0.0
      lr_scheduler: false
    tune_hparams: false
    tune_range: 30
    hparams_grid: null
    resources_per_trial: null
dataset:
  val_batch_size: 512
  treatment_mode: multiclass
  _target_: src.data.SyntheticCancerDatasetCollection
  name: tumor_generator
  coeff: 2.0
  chemo_coeff: 2.0
  radio_coeff: 2.0
  seed: 10
  random: true
  noise_percentage: 0.05
  num_patients:
    train: 10000
    val: 1000
    test: 1000
  window_size: 15
  lag: 0
  max_seq_length: 60
  projection_horizon: 5
  cf_seq_mode: sliding_treatment
exp:
  seed: 10
  gpus:
  - 0
  max_epochs: 100
  logging: true
  mlflow_uri: http://127.0.0.1:5005
  unscale_rmse: true
  percentage_rmse: true
  alpha: 0.01
  update_alpha: true
  alpha_rate: exp
  initial_balancing_method: grad_reverse
  final_balancing_method: grad_reverse
  bce_weight: false
  weights_ema: false
  beta: 0.99
  alpha_wass: 0.0001
  alpha_wass_epoch: false
  alpha_wass_growth: 0.001
  alpha_wass_max: 0.01
  balancing: grad_reverse
  balancing_switch_epoch: 99
  gap_epoch: 50
  clustering_method: GMM
  number_clusters: 2
  num_timepoints: 59
  checkpoint_dir: ./checkpoints/cancer/crn/2

[2025-01-20 08:35:25,445][root][INFO] - Simulating initial volumes for stage I  with norm params: mu=1.72, sigma=4.7, lb=-0.6221218732608373, ub=-0.023523848418276528
[2025-01-20 08:35:25,447][root][INFO] - Simulating initial volumes for stage II  with norm params: mu=1.96, sigma=1.63, lb=-1.9410876100159118, ub=0.3711345751297772
[2025-01-20 08:35:25,447][root][INFO] - Simulating initial volumes for stage IIIA  with norm params: mu=1.91, sigma=9.4, lb=-0.33127370258786554, ub=0.06967546355973796
[2025-01-20 08:35:25,448][root][INFO] - Simulating initial volumes for stage IIIB  with norm params: mu=2.76, sigma=6.87, lb=-0.5769974969906748, ub=-0.02839165102452155
[2025-01-20 08:35:25,451][root][INFO] - Simulating initial volumes for stage IV  with norm params: mu=3.86, sigma=8.82, lb=-0.5741465764541877, ub=-0.14683113860980307
[2025-01-20 08:35:25,459][root][INFO] - Got correlated params for 4658 patients
[2025-01-20 08:35:25,464][root][INFO] - Got correlated params for 9338 patients
[2025-01-20 08:35:25,469][root][INFO] - Got correlated params for 13912 patients
[2025-01-20 08:35:25,476][root][INFO] - Simulating beta_c parameters
[2025-01-20 08:35:25,480][root][INFO] - Randomising outputs
[2025-01-20 08:35:41,542][src.data.cancer_sim.dataset][INFO] - Processing train dataset before training
[2025-01-20 08:35:42,625][src.data.cancer_sim.dataset][INFO] - Shape of processed train data: {'cancer_volume': (10000, 60), 'chemo_dosage': (10000, 60), 'radio_dosage': (10000, 60), 'chemo_application': (10000, 60), 'radio_application': (10000, 60), 'chemo_probabilities': (10000, 60), 'radio_probabilities': (10000, 60), 'sequence_lengths': (10000,), 'death_flags': (10000, 60), 'recovery_flags': (10000, 60), 'patient_types': (10000,), 'prev_treatments': (10000, 59, 4), 'current_treatments': (10000, 59, 4), 'current_covariates': (10000, 59, 2), 'outputs': (10000, 59, 1), 'active_entries': (10000, 59, 1), 'unscaled_outputs': (10000, 59, 1), 'prev_outputs': (10000, 59, 1), 'static_features': (10000, 1)}
[2025-01-20 08:35:42,677][root][INFO] - Simulating initial volumes for stage I  with norm params: mu=1.72, sigma=4.7, lb=-0.6221218732608373, ub=-0.023523848418276528
[2025-01-20 08:35:42,678][root][INFO] - Simulating initial volumes for stage II  with norm params: mu=1.96, sigma=1.63, lb=-1.9410876100159118, ub=0.3711345751297772
[2025-01-20 08:35:42,679][root][INFO] - Simulating initial volumes for stage IIIA  with norm params: mu=1.91, sigma=9.4, lb=-0.33127370258786554, ub=0.06967546355973796
[2025-01-20 08:35:42,679][root][INFO] - Simulating initial volumes for stage IIIB  with norm params: mu=2.76, sigma=6.87, lb=-0.5769974969906748, ub=-0.02839165102452155
[2025-01-20 08:35:42,680][root][INFO] - Simulating initial volumes for stage IV  with norm params: mu=3.86, sigma=8.82, lb=-0.5741465764541877, ub=-0.14683113860980307
[2025-01-20 08:35:42,682][root][INFO] - Got correlated params for 455 patients
[2025-01-20 08:35:42,683][root][INFO] - Got correlated params for 905 patients
[2025-01-20 08:35:42,684][root][INFO] - Got correlated params for 1366 patients
[2025-01-20 08:35:42,685][root][INFO] - Simulating beta_c parameters
[2025-01-20 08:35:42,686][root][INFO] - Randomising outputs
[2025-01-20 08:35:44,234][root][INFO] - Simulating initial volumes for stage I  with norm params: mu=1.72, sigma=4.7, lb=-0.6221218732608373, ub=-0.023523848418276528
[2025-01-20 08:35:44,235][root][INFO] - Simulating initial volumes for stage II  with norm params: mu=1.96, sigma=1.63, lb=-1.9410876100159118, ub=0.3711345751297772
[2025-01-20 08:35:44,236][root][INFO] - Simulating initial volumes for stage IIIA  with norm params: mu=1.91, sigma=9.4, lb=-0.33127370258786554, ub=0.06967546355973796
[2025-01-20 08:35:44,236][root][INFO] - Simulating initial volumes for stage IIIB  with norm params: mu=2.76, sigma=6.87, lb=-0.5769974969906748, ub=-0.02839165102452155
[2025-01-20 08:35:44,237][root][INFO] - Simulating initial volumes for stage IV  with norm params: mu=3.86, sigma=8.82, lb=-0.5741465764541877, ub=-0.14683113860980307
[2025-01-20 08:35:44,238][root][INFO] - Got correlated params for 493 patients
[2025-01-20 08:35:44,239][root][INFO] - Got correlated params for 947 patients
[2025-01-20 08:35:44,240][root][INFO] - Got correlated params for 1403 patients
[2025-01-20 08:35:44,241][root][INFO] - Simulating beta_c parameters
[2025-01-20 08:35:44,242][root][INFO] - Randomising outputs
[2025-01-20 08:35:49,850][root][INFO] - Simulating initial volumes for stage I  with norm params: mu=1.72, sigma=4.7, lb=-0.6221218732608373, ub=-0.023523848418276528
[2025-01-20 08:35:49,852][root][INFO] - Simulating initial volumes for stage II  with norm params: mu=1.96, sigma=1.63, lb=-1.9410876100159118, ub=0.3711345751297772
[2025-01-20 08:35:49,852][root][INFO] - Simulating initial volumes for stage IIIA  with norm params: mu=1.91, sigma=9.4, lb=-0.33127370258786554, ub=0.06967546355973796
[2025-01-20 08:35:49,853][root][INFO] - Simulating initial volumes for stage IIIB  with norm params: mu=2.76, sigma=6.87, lb=-0.5769974969906748, ub=-0.02839165102452155
[2025-01-20 08:35:49,854][root][INFO] - Simulating initial volumes for stage IV  with norm params: mu=3.86, sigma=8.82, lb=-0.5741465764541877, ub=-0.14683113860980307
[2025-01-20 08:35:49,855][root][INFO] - Got correlated params for 445 patients
[2025-01-20 08:35:49,856][root][INFO] - Got correlated params for 895 patients
[2025-01-20 08:35:49,857][root][INFO] - Got correlated params for 1355 patients
[2025-01-20 08:35:49,858][root][INFO] - Simulating beta_c parameters
[2025-01-20 08:35:49,859][root][INFO] - Randomising outputs
[2025-01-20 08:36:15,888][src.data.cancer_sim.dataset][INFO] - train Dataset already processed
[2025-01-20 08:36:15,889][src.data.cancer_sim.dataset][INFO] - Processing val dataset before training
[2025-01-20 08:36:15,992][src.data.cancer_sim.dataset][INFO] - Shape of processed val data: {'cancer_volume': (1000, 60), 'chemo_dosage': (1000, 60), 'radio_dosage': (1000, 60), 'chemo_application': (1000, 60), 'radio_application': (1000, 60), 'chemo_probabilities': (1000, 60), 'radio_probabilities': (1000, 60), 'sequence_lengths': (1000,), 'death_flags': (1000, 60), 'recovery_flags': (1000, 60), 'patient_types': (1000,), 'prev_treatments': (1000, 59, 4), 'current_treatments': (1000, 59, 4), 'current_covariates': (1000, 59, 2), 'outputs': (1000, 59, 1), 'active_entries': (1000, 59, 1), 'unscaled_outputs': (1000, 59, 1), 'prev_outputs': (1000, 59, 1), 'static_features': (1000, 1)}
[2025-01-20 08:36:15,992][src.data.cancer_sim.dataset][INFO] - Processing test dataset before training
[2025-01-20 08:36:37,021][src.data.cancer_sim.dataset][INFO] - Shape of processed test data: {'cancer_volume': (222916, 60), 'chemo_application': (222916, 60), 'radio_application': (222916, 60), 'sequence_lengths': (222916,), 'patient_types': (222916,), 'prev_treatments': (222916, 59, 4), 'current_treatments': (222916, 59, 4), 'current_covariates': (222916, 59, 2), 'outputs': (222916, 59, 1), 'active_entries': (222916, 59, 1), 'unscaled_outputs': (222916, 59, 1), 'prev_outputs': (222916, 59, 1), 'static_features': (222916, 1)}
[2025-01-20 08:36:37,565][src.models.crn][INFO] - Input size of encoder: 6
[2025-01-20 08:44:51,624][src.models.time_varying_model][INFO] - RMSE calculation for val.
[2025-01-20 08:44:51,625][src.models.time_varying_model][INFO] - Predictions for val.
[2025-01-20 08:44:52,378][__main__][INFO] - Val normalised RMSE (all): 0.6352897124620581; Val normalised RMSE (orig): 0.6269608039168749
[2025-01-20 08:44:52,378][src.models.time_varying_model][INFO] - RMSE calculation for test.
[2025-01-20 08:44:52,378][src.models.time_varying_model][INFO] - Predictions for test.
[2025-01-20 08:45:09,600][__main__][INFO] - Test normalised RMSE (all): 0.8104200455287867; Test normalised RMSE (orig): 0.5860732712883465; Test normalised RMSE (only counterfactual): 0.772110471389682
[2025-01-20 08:45:09,653][src.models.crn][INFO] - Input size of decoder: 6
[2025-01-20 08:45:09,666][src.data.cancer_sim.dataset][INFO] - train Dataset already processed
[2025-01-20 08:45:09,667][src.data.cancer_sim.dataset][INFO] - val Dataset already processed
[2025-01-20 08:45:09,667][src.data.cancer_sim.dataset][INFO] - Processing test dataset before training
[2025-01-20 08:46:06,299][src.data.cancer_sim.dataset][INFO] - Shape of processed test data: {'cancer_volume': (565098, 65), 'chemo_application': (565098, 65), 'radio_application': (565098, 65), 'sequence_lengths': (565098,), 'patient_types': (565098,), 'patient_ids_all_trajectories': (565098,), 'patient_current_t': (565098,), 'prev_treatments': (565098, 64, 4), 'current_treatments': (565098, 64, 4), 'current_covariates': (565098, 64, 2), 'outputs': (565098, 64, 1), 'active_entries': (565098, 64, 1), 'unscaled_outputs': (565098, 64, 1), 'prev_outputs': (565098, 64, 1), 'static_features': (565098, 1)}
[2025-01-20 08:46:06,302][src.models.time_varying_model][INFO] - Balanced representations inference for train.
[2025-01-20 08:46:07,522][src.models.time_varying_model][INFO] - Balanced representations inference for val.
[2025-01-20 08:46:07,975][src.models.time_varying_model][INFO] - Balanced representations inference for test.
[2025-01-20 08:46:44,512][src.models.time_varying_model][INFO] - Predictions for test.
[2025-01-20 08:47:21,934][src.data.cancer_sim.dataset][INFO] - Processing train dataset before training (multiple sequences)
[2025-01-20 08:47:24,817][src.data.cancer_sim.dataset][INFO] - Shape of processed train data: {'init_state': (507446, 24), 'original_index': (507446,), 'active_encoder_r': (507446, 59), 'prev_treatments': (507446, 5, 4), 'current_treatments': (507446, 5, 4), 'current_covariates': (507446, 5, 2), 'prev_outputs': (507446, 5, 1), 'static_features': (507446, 1), 'outputs': (507446, 5, 1), 'sequence_lengths': (507446,), 'active_entries': (507446, 5, 1), 'unscaled_outputs': (507446, 5, 1)}
[2025-01-20 08:47:24,819][src.data.cancer_sim.dataset][INFO] - Processing val dataset before training (multiple sequences)
[2025-01-20 08:47:25,106][src.data.cancer_sim.dataset][INFO] - Shape of processed val data: {'init_state': (51251, 24), 'original_index': (51251,), 'active_encoder_r': (51251, 59), 'prev_treatments': (51251, 5, 4), 'current_treatments': (51251, 5, 4), 'current_covariates': (51251, 5, 2), 'prev_outputs': (51251, 5, 1), 'static_features': (51251, 1), 'outputs': (51251, 5, 1), 'sequence_lengths': (51251,), 'active_entries': (51251, 5, 1), 'unscaled_outputs': (51251, 5, 1)}
[2025-01-20 08:47:25,106][src.data.cancer_sim.dataset][INFO] - Processing test dataset before testing (multiple sequences)
[2025-01-20 08:47:33,352][src.data.cancer_sim.dataset][INFO] - Shape of processed test data: {'active_encoder_r': (565098, 59), 'prev_treatments': (565098, 5, 4), 'current_treatments': (565098, 5, 4), 'current_covariates': (565098, 5, 2), 'prev_outputs': (565098, 5, 1), 'static_features': (565098, 1), 'outputs': (565098, 5, 1), 'sequence_lengths': (565098,), 'active_entries': (565098, 5, 1), 'unscaled_outputs': (565098, 5, 1), 'patient_types': (565098,), 'patient_ids_all_trajectories': (565098,), 'patient_current_t': (565098,), 'init_state': (565098, 24)}
[2025-01-20 08:47:33,409][src.data.cancer_sim.dataset][INFO] - Processing test dataset before testing (autoregressive)
[2025-01-20 08:47:37,495][src.data.cancer_sim.dataset][INFO] - Shape of processed test data: {'current_covariates': (565098, 5, 2), 'prev_treatments': (565098, 5, 4), 'current_treatments': (565098, 5, 4), 'init_state': (565098, 24), 'active_encoder_r': (565098, 59), 'active_entries': (565098, 5, 1), 'prev_outputs': (565098, 5, 1), 'static_features': (565098, 1)}
[2025-01-20 09:28:25,549][src.models.time_varying_model][INFO] - RMSE calculation for val.
[2025-01-20 09:28:25,550][src.models.time_varying_model][INFO] - Predictions for val.
[2025-01-20 09:28:27,662][__main__][INFO] - Val normalised RMSE (all): 0.3434525182697076; Val normalised RMSE (orig): 0.34345251826970746
[2025-01-20 09:28:27,662][src.models.time_varying_model][INFO] - RMSE calculation for test.
[2025-01-20 09:28:27,663][src.models.time_varying_model][INFO] - Autoregressive Prediction for test.
[2025-01-20 09:28:27,677][src.models.time_varying_model][INFO] - t = 2
[2025-01-20 09:28:27,677][src.models.time_varying_model][INFO] - Predictions for test.
[2025-01-20 09:28:43,394][src.models.time_varying_model][INFO] - t = 3
[2025-01-20 09:28:43,395][src.models.time_varying_model][INFO] - Predictions for test.
[2025-01-20 09:28:59,146][src.models.time_varying_model][INFO] - t = 4
[2025-01-20 09:28:59,146][src.models.time_varying_model][INFO] - Predictions for test.
[2025-01-20 09:29:15,015][src.models.time_varying_model][INFO] - t = 5
[2025-01-20 09:29:15,015][src.models.time_varying_model][INFO] - Predictions for test.
[2025-01-20 09:29:30,660][src.models.time_varying_model][INFO] - t = 6
[2025-01-20 09:29:30,660][src.models.time_varying_model][INFO] - Predictions for test.
[2025-01-20 09:29:47,907][__main__][INFO] - Test normalised RMSE (n-step prediction): {'2-step': 0.7145471123724192, '3-step': 0.7272212418793916, '4-step': 0.7622598425651245, '5-step': 0.8064972355540511, '6-step': 0.8452064897200452}
