[2025-01-27 15:21:47,015][__main__][INFO] - 
model:
  dim_treatments: 4
  dim_vitals: 0
  dim_static_features: 1
  dim_outcomes: 1
  name: CT
  multi:
    _target_: src.models.ct.CT
    max_seq_length: 65
    seq_hidden_units: 12
    br_size: 16
    fc_hidden_units: 48
    dropout_rate: 0.1
    num_layer: 1
    num_heads: 2
    max_grad_norm: null
    batch_size: 256
    attn_dropout: true
    disable_cross_attention: false
    isolate_subnetwork: _
    self_positional_encoding:
      absolute: false
      trainable: true
      max_relative_position: 15
    optimizer:
      optimizer_cls: adam
      learning_rate: 0.01
      weight_decay: 0.0
      lr_scheduler: false
    augment_with_masked_vitals: true
    tune_hparams: false
    tune_range: 50
    hparams_grid: null
    resources_per_trial: null
  self_positional_encoding:
    max_relative_position: 15
dataset:
  val_batch_size: 512
  treatment_mode: multiclass
  _target_: src.data.SyntheticCancerDatasetCollection
  name: tumor_generator
  coeff: 6.0
  chemo_coeff: 6.0
  radio_coeff: 6.0
  seed: 10
  random: true
  noise_percentage: 0.05
  num_patients:
    train: 10000
    val: 1000
    test: 1000
  window_size: 15
  lag: 0
  max_seq_length: 60
  projection_horizon: 5
  cf_seq_mode: sliding_treatment
exp:
  seed: 10
  gpus:
  - 0
  max_epochs: 20
  logging: true
  mlflow_uri: http://127.0.0.1:5000
  unscale_rmse: true
  percentage_rmse: true
  alpha: 0.01
  update_alpha: true
  alpha_rate: exp
  initial_balancing_method: domain_confusion
  final_balancing_method: domain_confusion
  bce_weight: false
  weights_ema: true
  beta: 0.99
  alpha_wass: 0.0001
  alpha_wass_epoch: false
  alpha_wass_growth: 0.001
  alpha_wass_max: 0.01
  balancing_switch_epoch: 19
  clustering_method: GMM
  number_clusters: 2
  num_timepoints: 59
  gap_epoch: 1
  checkpoint_dir: ./checkpoints/cancer/ct/random/6

[2025-01-27 15:21:47,035][root][INFO] - Simulating initial volumes for stage I  with norm params: mu=1.72, sigma=4.7, lb=-0.6221218732608373, ub=-0.023523848418276528
[2025-01-27 15:21:47,040][root][INFO] - Simulating initial volumes for stage II  with norm params: mu=1.96, sigma=1.63, lb=-1.9410876100159118, ub=0.3711345751297772
[2025-01-27 15:21:47,041][root][INFO] - Simulating initial volumes for stage IIIA  with norm params: mu=1.91, sigma=9.4, lb=-0.33127370258786554, ub=0.06967546355973796
[2025-01-27 15:21:47,042][root][INFO] - Simulating initial volumes for stage IIIB  with norm params: mu=2.76, sigma=6.87, lb=-0.5769974969906748, ub=-0.02839165102452155
[2025-01-27 15:21:47,044][root][INFO] - Simulating initial volumes for stage IV  with norm params: mu=3.86, sigma=8.82, lb=-0.5741465764541877, ub=-0.14683113860980307
[2025-01-27 15:21:47,064][root][INFO] - Got correlated params for 4658 patients
[2025-01-27 15:21:47,069][root][INFO] - Got correlated params for 9338 patients
[2025-01-27 15:21:47,074][root][INFO] - Got correlated params for 13912 patients
[2025-01-27 15:21:47,082][root][INFO] - Simulating beta_c parameters
[2025-01-27 15:21:47,087][root][INFO] - Randomising outputs
[2025-01-27 15:22:05,089][src.data.cancer_sim.dataset][INFO] - Processing train dataset before training
[2025-01-27 15:22:05,980][src.data.cancer_sim.dataset][INFO] - Shape of processed train data: {'cancer_volume': (10000, 60), 'chemo_dosage': (10000, 60), 'radio_dosage': (10000, 60), 'chemo_application': (10000, 60), 'radio_application': (10000, 60), 'chemo_probabilities': (10000, 60), 'radio_probabilities': (10000, 60), 'sequence_lengths': (10000,), 'death_flags': (10000, 60), 'recovery_flags': (10000, 60), 'patient_types': (10000,), 'prev_treatments': (10000, 59, 4), 'current_treatments': (10000, 59, 4), 'current_covariates': (10000, 59, 2), 'outputs': (10000, 59, 1), 'active_entries': (10000, 59, 1), 'unscaled_outputs': (10000, 59, 1), 'prev_outputs': (10000, 59, 1), 'static_features': (10000, 1)}
[2025-01-27 15:22:06,043][root][INFO] - Simulating initial volumes for stage I  with norm params: mu=1.72, sigma=4.7, lb=-0.6221218732608373, ub=-0.023523848418276528
[2025-01-27 15:22:06,044][root][INFO] - Simulating initial volumes for stage II  with norm params: mu=1.96, sigma=1.63, lb=-1.9410876100159118, ub=0.3711345751297772
[2025-01-27 15:22:06,045][root][INFO] - Simulating initial volumes for stage IIIA  with norm params: mu=1.91, sigma=9.4, lb=-0.33127370258786554, ub=0.06967546355973796
[2025-01-27 15:22:06,046][root][INFO] - Simulating initial volumes for stage IIIB  with norm params: mu=2.76, sigma=6.87, lb=-0.5769974969906748, ub=-0.02839165102452155
[2025-01-27 15:22:06,046][root][INFO] - Simulating initial volumes for stage IV  with norm params: mu=3.86, sigma=8.82, lb=-0.5741465764541877, ub=-0.14683113860980307
[2025-01-27 15:22:06,048][root][INFO] - Got correlated params for 455 patients
[2025-01-27 15:22:06,049][root][INFO] - Got correlated params for 905 patients
[2025-01-27 15:22:06,050][root][INFO] - Got correlated params for 1366 patients
[2025-01-27 15:22:06,051][root][INFO] - Simulating beta_c parameters
[2025-01-27 15:22:06,052][root][INFO] - Randomising outputs
[2025-01-27 15:22:07,802][root][INFO] - Simulating initial volumes for stage I  with norm params: mu=1.72, sigma=4.7, lb=-0.6221218732608373, ub=-0.023523848418276528
[2025-01-27 15:22:07,803][root][INFO] - Simulating initial volumes for stage II  with norm params: mu=1.96, sigma=1.63, lb=-1.9410876100159118, ub=0.3711345751297772
[2025-01-27 15:22:07,803][root][INFO] - Simulating initial volumes for stage IIIA  with norm params: mu=1.91, sigma=9.4, lb=-0.33127370258786554, ub=0.06967546355973796
[2025-01-27 15:22:07,804][root][INFO] - Simulating initial volumes for stage IIIB  with norm params: mu=2.76, sigma=6.87, lb=-0.5769974969906748, ub=-0.02839165102452155
[2025-01-27 15:22:07,805][root][INFO] - Simulating initial volumes for stage IV  with norm params: mu=3.86, sigma=8.82, lb=-0.5741465764541877, ub=-0.14683113860980307
[2025-01-27 15:22:07,806][root][INFO] - Got correlated params for 493 patients
[2025-01-27 15:22:07,807][root][INFO] - Got correlated params for 947 patients
[2025-01-27 15:22:07,808][root][INFO] - Got correlated params for 1403 patients
[2025-01-27 15:22:07,809][root][INFO] - Simulating beta_c parameters
[2025-01-27 15:22:07,810][root][INFO] - Randomising outputs
[2025-01-27 15:22:13,777][root][INFO] - Simulating initial volumes for stage I  with norm params: mu=1.72, sigma=4.7, lb=-0.6221218732608373, ub=-0.023523848418276528
[2025-01-27 15:22:13,779][root][INFO] - Simulating initial volumes for stage II  with norm params: mu=1.96, sigma=1.63, lb=-1.9410876100159118, ub=0.3711345751297772
[2025-01-27 15:22:13,779][root][INFO] - Simulating initial volumes for stage IIIA  with norm params: mu=1.91, sigma=9.4, lb=-0.33127370258786554, ub=0.06967546355973796
[2025-01-27 15:22:13,780][root][INFO] - Simulating initial volumes for stage IIIB  with norm params: mu=2.76, sigma=6.87, lb=-0.5769974969906748, ub=-0.02839165102452155
[2025-01-27 15:22:13,781][root][INFO] - Simulating initial volumes for stage IV  with norm params: mu=3.86, sigma=8.82, lb=-0.5741465764541877, ub=-0.14683113860980307
[2025-01-27 15:22:13,783][root][INFO] - Got correlated params for 445 patients
[2025-01-27 15:22:13,784][root][INFO] - Got correlated params for 895 patients
[2025-01-27 15:22:13,785][root][INFO] - Got correlated params for 1355 patients
[2025-01-27 15:22:13,786][root][INFO] - Simulating beta_c parameters
[2025-01-27 15:22:13,787][root][INFO] - Randomising outputs
[2025-01-27 15:22:43,721][src.data.cancer_sim.dataset][INFO] - train Dataset already processed
[2025-01-27 15:22:43,722][src.data.cancer_sim.dataset][INFO] - Processing val dataset before training
[2025-01-27 15:22:43,811][src.data.cancer_sim.dataset][INFO] - Shape of processed val data: {'cancer_volume': (1000, 60), 'chemo_dosage': (1000, 60), 'radio_dosage': (1000, 60), 'chemo_application': (1000, 60), 'radio_application': (1000, 60), 'chemo_probabilities': (1000, 60), 'radio_probabilities': (1000, 60), 'sequence_lengths': (1000,), 'death_flags': (1000, 60), 'recovery_flags': (1000, 60), 'patient_types': (1000,), 'prev_treatments': (1000, 59, 4), 'current_treatments': (1000, 59, 4), 'current_covariates': (1000, 59, 2), 'outputs': (1000, 59, 1), 'active_entries': (1000, 59, 1), 'unscaled_outputs': (1000, 59, 1), 'prev_outputs': (1000, 59, 1), 'static_features': (1000, 1)}
[2025-01-27 15:22:43,811][src.data.cancer_sim.dataset][INFO] - Processing test dataset before training
[2025-01-27 15:23:02,779][src.data.cancer_sim.dataset][INFO] - Shape of processed test data: {'cancer_volume': (212236, 60), 'chemo_application': (212236, 60), 'radio_application': (212236, 60), 'sequence_lengths': (212236,), 'patient_types': (212236,), 'prev_treatments': (212236, 59, 4), 'current_treatments': (212236, 59, 4), 'current_covariates': (212236, 59, 2), 'outputs': (212236, 59, 1), 'active_entries': (212236, 59, 1), 'unscaled_outputs': (212236, 59, 1), 'prev_outputs': (212236, 59, 1), 'static_features': (212236, 1)}
[2025-01-27 15:23:02,781][src.data.cancer_sim.dataset][INFO] - Processing test dataset before training
[2025-01-27 15:23:56,732][src.data.cancer_sim.dataset][INFO] - Shape of processed test data: {'cancer_volume': (576878, 65), 'chemo_application': (576878, 65), 'radio_application': (576878, 65), 'sequence_lengths': (576878,), 'patient_types': (576878,), 'patient_ids_all_trajectories': (576878,), 'patient_current_t': (576878,), 'prev_treatments': (576878, 64, 4), 'current_treatments': (576878, 64, 4), 'current_covariates': (576878, 64, 2), 'outputs': (576878, 64, 1), 'active_entries': (576878, 64, 1), 'unscaled_outputs': (576878, 64, 1), 'prev_outputs': (576878, 64, 1), 'static_features': (576878, 1)}
[2025-01-27 15:23:56,736][src.data.cancer_sim.dataset][INFO] - Processing test dataset before testing (multiple sequences)
[2025-01-27 15:24:04,712][src.data.cancer_sim.dataset][INFO] - Shape of processed test data: {'active_encoder_r': (576878, 59), 'prev_treatments': (576878, 5, 4), 'current_treatments': (576878, 5, 4), 'current_covariates': (576878, 5, 2), 'prev_outputs': (576878, 5, 1), 'static_features': (576878, 1), 'outputs': (576878, 5, 1), 'sequence_lengths': (576878,), 'active_entries': (576878, 5, 1), 'unscaled_outputs': (576878, 5, 1), 'patient_types': (576878,), 'patient_ids_all_trajectories': (576878,), 'patient_current_t': (576878,)}
[2025-01-27 15:24:07,356][src.models.ct][INFO] - Max input size of multi: 4
[2025-01-27 15:25:37,226][src.models.time_varying_model][INFO] - RMSE calculation for val.
[2025-01-27 15:25:37,227][src.models.time_varying_model][INFO] - Predictions for val.
[2025-01-27 15:25:38,275][__main__][INFO] - Val normalised RMSE (all): 0.636139908820121; Val normalised RMSE (orig): 0.6317904393241336
[2025-01-27 15:25:38,275][src.models.time_varying_model][INFO] - RMSE calculation for test.
[2025-01-27 15:25:38,275][src.models.time_varying_model][INFO] - Predictions for test.
[2025-01-27 15:25:55,375][__main__][INFO] - Test normalised RMSE (all): 3.1950245140298215; Test normalised RMSE (orig): 3.2795954307786492; Test normalised RMSE (only counterfactual): 2.8221788194854343
[2025-01-27 15:25:55,423][src.models.time_varying_model][INFO] - RMSE calculation for test.
[2025-01-27 15:25:55,424][src.models.ct][INFO] - Autoregressive Prediction for test.
[2025-01-27 15:25:55,424][src.models.ct][INFO] - t = 1
[2025-01-27 15:25:55,424][src.models.time_varying_model][INFO] - Predictions for test.
[2025-01-27 15:26:53,777][src.models.ct][INFO] - t = 2
[2025-01-27 15:26:53,778][src.models.time_varying_model][INFO] - Predictions for test.
[2025-01-27 15:27:52,835][src.models.ct][INFO] - t = 3
[2025-01-27 15:27:52,835][src.models.time_varying_model][INFO] - Predictions for test.
[2025-01-27 15:28:50,530][src.models.ct][INFO] - t = 4
[2025-01-27 15:28:50,530][src.models.time_varying_model][INFO] - Predictions for test.
[2025-01-27 15:29:48,970][src.models.ct][INFO] - t = 5
[2025-01-27 15:29:48,971][src.models.time_varying_model][INFO] - Predictions for test.
[2025-01-27 15:30:46,875][src.models.ct][INFO] - t = 6
[2025-01-27 15:30:46,876][src.models.time_varying_model][INFO] - Predictions for test.
[2025-01-27 15:31:45,836][__main__][INFO] - Test normalised RMSE (n-step prediction): {'2-step': 1.5475786441213546, '3-step': 1.7601434741545414, '4-step': 1.877801086435845, '5-step': 1.9202981047486851, '6-step': 1.8811822633287751}
