[2025-01-27 04:14:56,908][__main__][INFO] - 
model:
  dim_treatments: 4
  dim_vitals: 0
  dim_static_features: 1
  dim_outcomes: 1
  name: CRN
  encoder:
    _target_: src.models.crn.CRNEncoder
    seq_hidden_units: 24
    br_size: 24
    fc_hidden_units: 96
    dropout_rate: 0.2
    num_layer: 1
    batch_size: 1024
    optimizer:
      optimizer_cls: adam
      learning_rate: 0.005
      weight_decay: 0.0
      lr_scheduler: false
    tune_hparams: false
    tune_range: 50
    hparams_grid: null
    resources_per_trial: null
  train_decoder: true
  decoder:
    _target_: src.models.crn.CRNDecoder
    seq_hidden_units: null
    br_size: 24
    fc_hidden_units: 12
    dropout_rate: 0.1
    num_layer: 1
    batch_size: 4096
    optimizer:
      optimizer_cls: adam
      learning_rate: 0.01
      weight_decay: 0.0
      lr_scheduler: false
    tune_hparams: false
    tune_range: 30
    hparams_grid: null
    resources_per_trial: null
dataset:
  val_batch_size: 512
  treatment_mode: multiclass
  _target_: src.data.SyntheticCancerDatasetCollection
  name: tumor_generator
  coeff: 4.0
  chemo_coeff: 4.0
  radio_coeff: 4.0
  seed: 10
  random: true
  noise_percentage: 0.05
  num_patients:
    train: 10000
    val: 1000
    test: 1000
  window_size: 15
  lag: 0
  max_seq_length: 60
  projection_horizon: 5
  cf_seq_mode: sliding_treatment
exp:
  seed: 10
  gpus:
  - 0
  max_epochs: 110
  logging: true
  mlflow_uri: http://127.0.0.1:5006
  unscale_rmse: true
  percentage_rmse: true
  alpha: 0.01
  update_alpha: true
  alpha_rate: exp
  initial_balancing_method: grad_reverse
  final_balancing_method: subgroup
  bce_weight: false
  weights_ema: false
  beta: 0.99
  alpha_wass: 0.0001
  alpha_wass_epoch: false
  alpha_wass_growth: 0.001
  alpha_wass_max: 0.01
  balancing: grad_reverse
  balancing_switch_epoch: 99
  gap_epoch: 10
  clustering_method: GMM
  number_clusters: 2
  num_timepoints: 59
  checkpoint_dir: ./checkpoints/cancer/crn/4

[2025-01-27 04:14:56,923][root][INFO] - Simulating initial volumes for stage I  with norm params: mu=1.72, sigma=4.7, lb=-0.6221218732608373, ub=-0.023523848418276528
[2025-01-27 04:14:56,924][root][INFO] - Simulating initial volumes for stage II  with norm params: mu=1.96, sigma=1.63, lb=-1.9410876100159118, ub=0.3711345751297772
[2025-01-27 04:14:56,925][root][INFO] - Simulating initial volumes for stage IIIA  with norm params: mu=1.91, sigma=9.4, lb=-0.33127370258786554, ub=0.06967546355973796
[2025-01-27 04:14:56,926][root][INFO] - Simulating initial volumes for stage IIIB  with norm params: mu=2.76, sigma=6.87, lb=-0.5769974969906748, ub=-0.02839165102452155
[2025-01-27 04:14:56,928][root][INFO] - Simulating initial volumes for stage IV  with norm params: mu=3.86, sigma=8.82, lb=-0.5741465764541877, ub=-0.14683113860980307
[2025-01-27 04:14:56,937][root][INFO] - Got correlated params for 4658 patients
[2025-01-27 04:14:56,941][root][INFO] - Got correlated params for 9338 patients
[2025-01-27 04:14:56,946][root][INFO] - Got correlated params for 13912 patients
[2025-01-27 04:14:56,953][root][INFO] - Simulating beta_c parameters
[2025-01-27 04:14:56,958][root][INFO] - Randomising outputs
[2025-01-27 04:15:12,993][src.data.cancer_sim.dataset][INFO] - Processing train dataset before training
[2025-01-27 04:15:13,943][src.data.cancer_sim.dataset][INFO] - Shape of processed train data: {'cancer_volume': (10000, 60), 'chemo_dosage': (10000, 60), 'radio_dosage': (10000, 60), 'chemo_application': (10000, 60), 'radio_application': (10000, 60), 'chemo_probabilities': (10000, 60), 'radio_probabilities': (10000, 60), 'sequence_lengths': (10000,), 'death_flags': (10000, 60), 'recovery_flags': (10000, 60), 'patient_types': (10000,), 'prev_treatments': (10000, 59, 4), 'current_treatments': (10000, 59, 4), 'current_covariates': (10000, 59, 2), 'outputs': (10000, 59, 1), 'active_entries': (10000, 59, 1), 'unscaled_outputs': (10000, 59, 1), 'prev_outputs': (10000, 59, 1), 'static_features': (10000, 1)}
[2025-01-27 04:15:13,991][root][INFO] - Simulating initial volumes for stage I  with norm params: mu=1.72, sigma=4.7, lb=-0.6221218732608373, ub=-0.023523848418276528
[2025-01-27 04:15:13,992][root][INFO] - Simulating initial volumes for stage II  with norm params: mu=1.96, sigma=1.63, lb=-1.9410876100159118, ub=0.3711345751297772
[2025-01-27 04:15:13,993][root][INFO] - Simulating initial volumes for stage IIIA  with norm params: mu=1.91, sigma=9.4, lb=-0.33127370258786554, ub=0.06967546355973796
[2025-01-27 04:15:13,994][root][INFO] - Simulating initial volumes for stage IIIB  with norm params: mu=2.76, sigma=6.87, lb=-0.5769974969906748, ub=-0.02839165102452155
[2025-01-27 04:15:13,995][root][INFO] - Simulating initial volumes for stage IV  with norm params: mu=3.86, sigma=8.82, lb=-0.5741465764541877, ub=-0.14683113860980307
[2025-01-27 04:15:13,996][root][INFO] - Got correlated params for 455 patients
[2025-01-27 04:15:13,997][root][INFO] - Got correlated params for 905 patients
[2025-01-27 04:15:13,998][root][INFO] - Got correlated params for 1366 patients
[2025-01-27 04:15:13,999][root][INFO] - Simulating beta_c parameters
[2025-01-27 04:15:14,000][root][INFO] - Randomising outputs
[2025-01-27 04:15:15,535][root][INFO] - Simulating initial volumes for stage I  with norm params: mu=1.72, sigma=4.7, lb=-0.6221218732608373, ub=-0.023523848418276528
[2025-01-27 04:15:15,536][root][INFO] - Simulating initial volumes for stage II  with norm params: mu=1.96, sigma=1.63, lb=-1.9410876100159118, ub=0.3711345751297772
[2025-01-27 04:15:15,536][root][INFO] - Simulating initial volumes for stage IIIA  with norm params: mu=1.91, sigma=9.4, lb=-0.33127370258786554, ub=0.06967546355973796
[2025-01-27 04:15:15,537][root][INFO] - Simulating initial volumes for stage IIIB  with norm params: mu=2.76, sigma=6.87, lb=-0.5769974969906748, ub=-0.02839165102452155
[2025-01-27 04:15:15,538][root][INFO] - Simulating initial volumes for stage IV  with norm params: mu=3.86, sigma=8.82, lb=-0.5741465764541877, ub=-0.14683113860980307
[2025-01-27 04:15:15,539][root][INFO] - Got correlated params for 493 patients
[2025-01-27 04:15:15,540][root][INFO] - Got correlated params for 947 patients
[2025-01-27 04:15:15,541][root][INFO] - Got correlated params for 1403 patients
[2025-01-27 04:15:15,542][root][INFO] - Simulating beta_c parameters
[2025-01-27 04:15:15,543][root][INFO] - Randomising outputs
[2025-01-27 04:15:21,021][root][INFO] - Simulating initial volumes for stage I  with norm params: mu=1.72, sigma=4.7, lb=-0.6221218732608373, ub=-0.023523848418276528
[2025-01-27 04:15:21,023][root][INFO] - Simulating initial volumes for stage II  with norm params: mu=1.96, sigma=1.63, lb=-1.9410876100159118, ub=0.3711345751297772
[2025-01-27 04:15:21,023][root][INFO] - Simulating initial volumes for stage IIIA  with norm params: mu=1.91, sigma=9.4, lb=-0.33127370258786554, ub=0.06967546355973796
[2025-01-27 04:15:21,024][root][INFO] - Simulating initial volumes for stage IIIB  with norm params: mu=2.76, sigma=6.87, lb=-0.5769974969906748, ub=-0.02839165102452155
[2025-01-27 04:15:21,025][root][INFO] - Simulating initial volumes for stage IV  with norm params: mu=3.86, sigma=8.82, lb=-0.5741465764541877, ub=-0.14683113860980307
[2025-01-27 04:15:21,026][root][INFO] - Got correlated params for 445 patients
[2025-01-27 04:15:21,027][root][INFO] - Got correlated params for 895 patients
[2025-01-27 04:15:21,028][root][INFO] - Got correlated params for 1355 patients
[2025-01-27 04:15:21,029][root][INFO] - Simulating beta_c parameters
[2025-01-27 04:15:21,030][root][INFO] - Randomising outputs
[2025-01-27 04:15:47,059][src.data.cancer_sim.dataset][INFO] - train Dataset already processed
[2025-01-27 04:15:47,059][src.data.cancer_sim.dataset][INFO] - Processing val dataset before training
[2025-01-27 04:15:47,155][src.data.cancer_sim.dataset][INFO] - Shape of processed val data: {'cancer_volume': (1000, 60), 'chemo_dosage': (1000, 60), 'radio_dosage': (1000, 60), 'chemo_application': (1000, 60), 'radio_application': (1000, 60), 'chemo_probabilities': (1000, 60), 'radio_probabilities': (1000, 60), 'sequence_lengths': (1000,), 'death_flags': (1000, 60), 'recovery_flags': (1000, 60), 'patient_types': (1000,), 'prev_treatments': (1000, 59, 4), 'current_treatments': (1000, 59, 4), 'current_covariates': (1000, 59, 2), 'outputs': (1000, 59, 1), 'active_entries': (1000, 59, 1), 'unscaled_outputs': (1000, 59, 1), 'prev_outputs': (1000, 59, 1), 'static_features': (1000, 1)}
[2025-01-27 04:15:47,156][src.data.cancer_sim.dataset][INFO] - Processing test dataset before training
[2025-01-27 04:16:07,713][src.data.cancer_sim.dataset][INFO] - Shape of processed test data: {'cancer_volume': (219908, 60), 'chemo_application': (219908, 60), 'radio_application': (219908, 60), 'sequence_lengths': (219908,), 'patient_types': (219908,), 'prev_treatments': (219908, 59, 4), 'current_treatments': (219908, 59, 4), 'current_covariates': (219908, 59, 2), 'outputs': (219908, 59, 1), 'active_entries': (219908, 59, 1), 'unscaled_outputs': (219908, 59, 1), 'prev_outputs': (219908, 59, 1), 'static_features': (219908, 1)}
[2025-01-27 04:16:08,291][src.models.crn][INFO] - Input size of encoder: 6
[2025-01-27 04:17:28,478][src.models.time_varying_model][INFO] - RMSE calculation for val.
[2025-01-27 04:17:28,479][src.models.time_varying_model][INFO] - Predictions for val.
[2025-01-27 04:17:28,956][__main__][INFO] - Val normalised RMSE (all): 0.6241879945197213; Val normalised RMSE (orig): 0.6186288431090095
[2025-01-27 04:17:28,956][src.models.time_varying_model][INFO] - RMSE calculation for test.
[2025-01-27 04:17:28,956][src.models.time_varying_model][INFO] - Predictions for test.
[2025-01-27 04:17:43,224][__main__][INFO] - Test normalised RMSE (all): 0.9084356909721057; Test normalised RMSE (orig): 0.6725969211431718; Test normalised RMSE (only counterfactual): 0.9494490205626631
[2025-01-27 04:17:43,279][src.models.crn][INFO] - Input size of decoder: 6
[2025-01-27 04:17:43,298][src.data.cancer_sim.dataset][INFO] - train Dataset already processed
[2025-01-27 04:17:43,298][src.data.cancer_sim.dataset][INFO] - val Dataset already processed
[2025-01-27 04:17:43,298][src.data.cancer_sim.dataset][INFO] - Processing test dataset before training
[2025-01-27 04:18:40,271][src.data.cancer_sim.dataset][INFO] - Shape of processed test data: {'cancer_volume': (575824, 65), 'chemo_application': (575824, 65), 'radio_application': (575824, 65), 'sequence_lengths': (575824,), 'patient_types': (575824,), 'patient_ids_all_trajectories': (575824,), 'patient_current_t': (575824,), 'prev_treatments': (575824, 64, 4), 'current_treatments': (575824, 64, 4), 'current_covariates': (575824, 64, 2), 'outputs': (575824, 64, 1), 'active_entries': (575824, 64, 1), 'unscaled_outputs': (575824, 64, 1), 'prev_outputs': (575824, 64, 1), 'static_features': (575824, 1)}
[2025-01-27 04:18:40,276][src.models.time_varying_model][INFO] - Balanced representations inference for train.
[2025-01-27 04:18:41,504][src.models.time_varying_model][INFO] - Balanced representations inference for val.
[2025-01-27 04:18:42,006][src.models.time_varying_model][INFO] - Balanced representations inference for test.
[2025-01-27 04:19:18,528][src.models.time_varying_model][INFO] - Predictions for test.
[2025-01-27 04:19:59,219][src.data.cancer_sim.dataset][INFO] - Processing train dataset before training (multiple sequences)
[2025-01-27 04:20:02,056][src.data.cancer_sim.dataset][INFO] - Shape of processed train data: {'init_state': (513972, 24), 'original_index': (513972,), 'active_encoder_r': (513972, 59), 'prev_treatments': (513972, 5, 4), 'current_treatments': (513972, 5, 4), 'current_covariates': (513972, 5, 2), 'prev_outputs': (513972, 5, 1), 'static_features': (513972, 1), 'outputs': (513972, 5, 1), 'sequence_lengths': (513972,), 'active_entries': (513972, 5, 1), 'unscaled_outputs': (513972, 5, 1)}
[2025-01-27 04:20:02,057][src.data.cancer_sim.dataset][INFO] - Processing val dataset before training (multiple sequences)
[2025-01-27 04:20:02,342][src.data.cancer_sim.dataset][INFO] - Shape of processed val data: {'init_state': (51809, 24), 'original_index': (51809,), 'active_encoder_r': (51809, 59), 'prev_treatments': (51809, 5, 4), 'current_treatments': (51809, 5, 4), 'current_covariates': (51809, 5, 2), 'prev_outputs': (51809, 5, 1), 'static_features': (51809, 1), 'outputs': (51809, 5, 1), 'sequence_lengths': (51809,), 'active_entries': (51809, 5, 1), 'unscaled_outputs': (51809, 5, 1)}
[2025-01-27 04:20:02,342][src.data.cancer_sim.dataset][INFO] - Processing test dataset before testing (multiple sequences)
[2025-01-27 04:20:10,333][src.data.cancer_sim.dataset][INFO] - Shape of processed test data: {'active_encoder_r': (575824, 59), 'prev_treatments': (575824, 5, 4), 'current_treatments': (575824, 5, 4), 'current_covariates': (575824, 5, 2), 'prev_outputs': (575824, 5, 1), 'static_features': (575824, 1), 'outputs': (575824, 5, 1), 'sequence_lengths': (575824,), 'active_entries': (575824, 5, 1), 'unscaled_outputs': (575824, 5, 1), 'patient_types': (575824,), 'patient_ids_all_trajectories': (575824,), 'patient_current_t': (575824,), 'init_state': (575824, 24)}
[2025-01-27 04:20:10,391][src.data.cancer_sim.dataset][INFO] - Processing test dataset before testing (autoregressive)
[2025-01-27 04:20:14,873][src.data.cancer_sim.dataset][INFO] - Shape of processed test data: {'current_covariates': (575824, 5, 2), 'prev_treatments': (575824, 5, 4), 'current_treatments': (575824, 5, 4), 'init_state': (575824, 24), 'active_encoder_r': (575824, 59), 'active_entries': (575824, 5, 1), 'prev_outputs': (575824, 5, 1), 'static_features': (575824, 1)}
[2025-01-27 04:23:34,997][src.models.time_varying_model][INFO] - RMSE calculation for val.
[2025-01-27 04:23:34,998][src.models.time_varying_model][INFO] - Predictions for val.
[2025-01-27 04:23:37,157][__main__][INFO] - Val normalised RMSE (all): 0.33598038439611566; Val normalised RMSE (orig): 0.33598038439611616
[2025-01-27 04:23:37,157][src.models.time_varying_model][INFO] - RMSE calculation for test.
[2025-01-27 04:23:37,158][src.models.time_varying_model][INFO] - Autoregressive Prediction for test.
[2025-01-27 04:23:37,161][src.models.time_varying_model][INFO] - t = 2
[2025-01-27 04:23:37,161][src.models.time_varying_model][INFO] - Predictions for test.
[2025-01-27 04:23:53,064][src.models.time_varying_model][INFO] - t = 3
[2025-01-27 04:23:53,065][src.models.time_varying_model][INFO] - Predictions for test.
[2025-01-27 04:24:08,873][src.models.time_varying_model][INFO] - t = 4
[2025-01-27 04:24:08,873][src.models.time_varying_model][INFO] - Predictions for test.
[2025-01-27 04:24:25,008][src.models.time_varying_model][INFO] - t = 5
[2025-01-27 04:24:25,009][src.models.time_varying_model][INFO] - Predictions for test.
[2025-01-27 04:24:41,060][src.models.time_varying_model][INFO] - t = 6
[2025-01-27 04:24:41,060][src.models.time_varying_model][INFO] - Predictions for test.
[2025-01-27 04:24:58,964][__main__][INFO] - Test normalised RMSE (n-step prediction): {'2-step': 0.9339112287031758, '3-step': 0.9811069820865403, '4-step': 1.0162881400185781, '5-step': 1.0463299650698603, '6-step': 1.064108678612347}
