[2025-01-29 20:15:53,955][__main__][INFO] - 
model:
  dim_treatments: 4
  dim_vitals: 0
  dim_static_features: 1
  dim_outcomes: 1
  name: RMSN
  propensity_treatment:
    _target_: src.models.rmsn.RMSNPropensityNetworkTreatment
    seq_hidden_units: 8
    dropout_rate: 0.2
    num_layer: 1
    batch_size: 256
    max_grad_norm: 2.0
    optimizer:
      optimizer_cls: adam
      learning_rate: 0.001
      weight_decay: 0.0
      lr_scheduler: false
    tune_hparams: false
    tune_range: 50
    resources_per_trial: null
    hparams_grid: null
  propensity_history:
    _target_: src.models.rmsn.RMSNPropensityNetworkHistory
    seq_hidden_units: 16
    dropout_rate: 0.5
    num_layer: 1
    batch_size: 256
    max_grad_norm: 2.0
    optimizer:
      optimizer_cls: adam
      learning_rate: 0.001
      weight_decay: 0.0
      lr_scheduler: false
    tune_hparams: false
    tune_range: 50
    resources_per_trial: null
    hparams_grid: null
  encoder:
    _target_: src.models.rmsn.RMSNEncoder
    seq_hidden_units: 12
    dropout_rate: 0.1
    num_layer: 1
    batch_size: 256
    max_grad_norm: 0.5
    optimizer:
      optimizer_cls: adam
      learning_rate: 0.001
      weight_decay: 0.0
      lr_scheduler: false
    tune_hparams: false
    tune_range: 50
    resources_per_trial: null
    hparams_grid: null
  train_decoder: true
  decoder:
    _target_: src.models.rmsn.RMSNDecoder
    seq_hidden_units: 64
    dropout_rate: 0.2
    num_layer: 1
    batch_size: 1024
    max_grad_norm: 4.0
    optimizer:
      optimizer_cls: adam
      learning_rate: 0.001
      weight_decay: 0.0
      lr_scheduler: false
    tune_hparams: false
    tune_range: 20
    resources_per_trial: null
dataset:
  val_batch_size: 512
  treatment_mode: multilabel
  _target_: src.data.SyntheticCancerDatasetCollection
  name: tumor_generator
  coeff: 6.0
  chemo_coeff: 6.0
  radio_coeff: 6.0
  seed: 10
  random: false
  noise_percentage: 0.0
  num_patients:
    train: 10000
    val: 1000
    test: 1000
  window_size: 15
  lag: 0
  max_seq_length: 60
  projection_horizon: 5
  cf_seq_mode: sliding_treatment
exp:
  seed: 10
  gpus:
  - 0
  max_epochs: 50
  logging: true
  mlflow_uri: http://127.0.0.1:5000
  unscale_rmse: true
  percentage_rmse: true
  alpha: 1.0
  update_alpha: false
  alpha_rate: exp
  initial_balancing_method: null
  final_balancing_method: null
  bce_weight: false
  weights_ema: true
  beta: 0.99
  alpha_wass: 0.0001
  alpha_wass_epoch: false
  alpha_wass_growth: 0.001
  alpha_wass_max: 0.01

[2025-01-29 20:15:53,964][root][INFO] - Simulating initial volumes for stage I  with norm params: mu=1.72, sigma=4.7, lb=-0.6221218732608373, ub=-0.023523848418276528
[2025-01-29 20:15:53,966][root][INFO] - Simulating initial volumes for stage II  with norm params: mu=1.96, sigma=1.63, lb=-1.9410876100159118, ub=0.3711345751297772
[2025-01-29 20:15:53,967][root][INFO] - Simulating initial volumes for stage IIIA  with norm params: mu=1.91, sigma=9.4, lb=-0.33127370258786554, ub=0.06967546355973796
[2025-01-29 20:15:53,967][root][INFO] - Simulating initial volumes for stage IIIB  with norm params: mu=2.76, sigma=6.87, lb=-0.5769974969906748, ub=-0.02839165102452155
[2025-01-29 20:15:53,970][root][INFO] - Simulating initial volumes for stage IV  with norm params: mu=3.86, sigma=8.82, lb=-0.5741465764541877, ub=-0.14683113860980307
[2025-01-29 20:15:53,979][root][INFO] - Got correlated params for 4658 patients
[2025-01-29 20:15:53,983][root][INFO] - Got correlated params for 9338 patients
[2025-01-29 20:15:53,988][root][INFO] - Got correlated params for 13912 patients
[2025-01-29 20:15:53,995][root][INFO] - Simulating beta_c parameters
[2025-01-29 20:15:54,000][root][INFO] - Randomising outputs
[2025-01-29 20:16:09,121][root][INFO] - Simulating initial volumes for stage I  with norm params: mu=1.72, sigma=4.7, lb=-0.6221218732608373, ub=-0.023523848418276528
[2025-01-29 20:16:09,124][root][INFO] - Simulating initial volumes for stage II  with norm params: mu=1.96, sigma=1.63, lb=-1.9410876100159118, ub=0.3711345751297772
[2025-01-29 20:16:09,125][root][INFO] - Simulating initial volumes for stage IIIA  with norm params: mu=1.91, sigma=9.4, lb=-0.33127370258786554, ub=0.06967546355973796
[2025-01-29 20:16:09,125][root][INFO] - Simulating initial volumes for stage IIIB  with norm params: mu=2.76, sigma=6.87, lb=-0.5769974969906748, ub=-0.02839165102452155
[2025-01-29 20:16:09,126][root][INFO] - Simulating initial volumes for stage IV  with norm params: mu=3.86, sigma=8.82, lb=-0.5741465764541877, ub=-0.14683113860980307
[2025-01-29 20:16:09,128][root][INFO] - Got correlated params for 464 patients
[2025-01-29 20:16:09,129][root][INFO] - Got correlated params for 942 patients
[2025-01-29 20:16:09,130][root][INFO] - Got correlated params for 1398 patients
[2025-01-29 20:16:09,131][root][INFO] - Simulating beta_c parameters
[2025-01-29 20:16:09,132][root][INFO] - Randomising outputs
[2025-01-29 20:16:10,631][root][INFO] - Simulating initial volumes for stage I  with norm params: mu=1.72, sigma=4.7, lb=-0.6221218732608373, ub=-0.023523848418276528
[2025-01-29 20:16:10,633][root][INFO] - Simulating initial volumes for stage II  with norm params: mu=1.96, sigma=1.63, lb=-1.9410876100159118, ub=0.3711345751297772
[2025-01-29 20:16:10,633][root][INFO] - Simulating initial volumes for stage IIIA  with norm params: mu=1.91, sigma=9.4, lb=-0.33127370258786554, ub=0.06967546355973796
[2025-01-29 20:16:10,634][root][INFO] - Simulating initial volumes for stage IIIB  with norm params: mu=2.76, sigma=6.87, lb=-0.5769974969906748, ub=-0.02839165102452155
[2025-01-29 20:16:10,635][root][INFO] - Simulating initial volumes for stage IV  with norm params: mu=3.86, sigma=8.82, lb=-0.5741465764541877, ub=-0.14683113860980307
[2025-01-29 20:16:10,637][root][INFO] - Got correlated params for 491 patients
[2025-01-29 20:16:10,638][root][INFO] - Got correlated params for 936 patients
[2025-01-29 20:16:10,639][root][INFO] - Got correlated params for 1396 patients
[2025-01-29 20:16:10,640][root][INFO] - Simulating beta_c parameters
[2025-01-29 20:16:10,641][root][INFO] - Randomising outputs
[2025-01-29 20:16:16,135][root][INFO] - Simulating initial volumes for stage I  with norm params: mu=1.72, sigma=4.7, lb=-0.6221218732608373, ub=-0.023523848418276528
[2025-01-29 20:16:16,136][root][INFO] - Simulating initial volumes for stage II  with norm params: mu=1.96, sigma=1.63, lb=-1.9410876100159118, ub=0.3711345751297772
[2025-01-29 20:16:16,137][root][INFO] - Simulating initial volumes for stage IIIA  with norm params: mu=1.91, sigma=9.4, lb=-0.33127370258786554, ub=0.06967546355973796
[2025-01-29 20:16:16,137][root][INFO] - Simulating initial volumes for stage IIIB  with norm params: mu=2.76, sigma=6.87, lb=-0.5769974969906748, ub=-0.02839165102452155
[2025-01-29 20:16:16,138][root][INFO] - Simulating initial volumes for stage IV  with norm params: mu=3.86, sigma=8.82, lb=-0.5741465764541877, ub=-0.14683113860980307
[2025-01-29 20:16:16,140][root][INFO] - Got correlated params for 434 patients
[2025-01-29 20:16:16,141][root][INFO] - Got correlated params for 874 patients
[2025-01-29 20:16:16,142][root][INFO] - Got correlated params for 1357 patients
[2025-01-29 20:16:16,143][root][INFO] - Simulating beta_c parameters
[2025-01-29 20:16:16,144][root][INFO] - Randomising outputs
[2025-01-29 20:16:40,538][src.data.cancer_sim.dataset][INFO] - Processing train dataset before training
[2025-01-29 20:16:40,575][src.data.cancer_sim.dataset][INFO] - Shape of processed train data: {'cancer_volume': (10000, 60), 'chemo_dosage': (10000, 60), 'radio_dosage': (10000, 60), 'chemo_application': (10000, 60), 'radio_application': (10000, 60), 'chemo_probabilities': (10000, 60), 'radio_probabilities': (10000, 60), 'sequence_lengths': (10000,), 'death_flags': (10000, 60), 'recovery_flags': (10000, 60), 'patient_types': (10000,), 'prev_treatments': (10000, 59, 2), 'current_treatments': (10000, 59, 2), 'current_covariates': (10000, 59, 2), 'outputs': (10000, 59, 1), 'active_entries': (10000, 59, 1), 'unscaled_outputs': (10000, 59, 1), 'prev_outputs': (10000, 59, 1), 'static_features': (10000, 1)}
[2025-01-29 20:16:40,575][src.data.cancer_sim.dataset][INFO] - Processing val dataset before training
[2025-01-29 20:16:40,579][src.data.cancer_sim.dataset][INFO] - Shape of processed val data: {'cancer_volume': (1000, 60), 'chemo_dosage': (1000, 60), 'radio_dosage': (1000, 60), 'chemo_application': (1000, 60), 'radio_application': (1000, 60), 'chemo_probabilities': (1000, 60), 'radio_probabilities': (1000, 60), 'sequence_lengths': (1000,), 'death_flags': (1000, 60), 'recovery_flags': (1000, 60), 'patient_types': (1000,), 'prev_treatments': (1000, 59, 2), 'current_treatments': (1000, 59, 2), 'current_covariates': (1000, 59, 2), 'outputs': (1000, 59, 1), 'active_entries': (1000, 59, 1), 'unscaled_outputs': (1000, 59, 1), 'prev_outputs': (1000, 59, 1), 'static_features': (1000, 1)}
[2025-01-29 20:16:40,579][src.data.cancer_sim.dataset][INFO] - Processing test dataset before training
[2025-01-29 20:16:41,327][src.data.cancer_sim.dataset][INFO] - Shape of processed test data: {'cancer_volume': (224868, 60), 'chemo_application': (224868, 60), 'radio_application': (224868, 60), 'sequence_lengths': (224868,), 'patient_types': (224868,), 'prev_treatments': (224868, 59, 2), 'current_treatments': (224868, 59, 2), 'current_covariates': (224868, 59, 2), 'outputs': (224868, 59, 1), 'active_entries': (224868, 59, 1), 'unscaled_outputs': (224868, 59, 1), 'prev_outputs': (224868, 59, 1), 'static_features': (224868, 1)}
[2025-01-29 20:16:41,341][src.models.rmsn][INFO] - Input size of propensity_treatment: 2
[2025-01-29 20:17:50,682][src.models.time_varying_model][INFO] - BCE calculation for val.
[2025-01-29 20:17:50,683][src.models.rmsn][INFO] - Propensity scores for val.
[2025-01-29 20:17:51,100][__main__][INFO] - Val normalised BCE (all): 0.7370336021857593; Val normalised RMSE (orig): 0.7369704360672562
[2025-01-29 20:17:51,100][src.models.time_varying_model][INFO] - BCE calculation for test.
[2025-01-29 20:17:51,100][src.models.rmsn][INFO] - Propensity scores for test.
[2025-01-29 20:18:01,875][__main__][INFO] - Test normalised RMSE (all): 0.7283222372463977; Test normalised RMSE (orig): 0.7280928657367092.
[2025-01-29 20:18:01,918][src.models.rmsn][INFO] - Input size of propensity_history: 4
[2025-01-29 20:19:05,513][src.models.time_varying_model][INFO] - BCE calculation for val.
[2025-01-29 20:19:05,513][src.models.rmsn][INFO] - Propensity scores for val.
[2025-01-29 20:19:05,922][__main__][INFO] - Val normalised BCE (all): 0.7237657615232672; Val normalised RMSE (orig): 0.7237103118473367
[2025-01-29 20:19:05,922][src.models.time_varying_model][INFO] - BCE calculation for test.
[2025-01-29 20:19:05,923][src.models.rmsn][INFO] - Propensity scores for test.
[2025-01-29 20:19:16,777][__main__][INFO] - Test normalised BCE (all): 0.7518959706101079; Test normalised BCE (orig): 0.7542068858627545.
[2025-01-29 20:19:16,819][src.models.rmsn][INFO] - Input size of encoder: 4
[2025-01-29 20:19:16,832][src.models.rmsn][INFO] - Propensity scores for train.
[2025-01-29 20:19:17,775][src.models.rmsn][INFO] - Propensity scores for train.
[2025-01-29 20:20:30,552][src.models.time_varying_model][INFO] - RMSE calculation for val.
[2025-01-29 20:20:30,553][src.models.rmsn][INFO] - Predictions for val.
[2025-01-29 20:20:30,943][__main__][INFO] - Val normalised RMSE (all): 1.2968992997563478; Val normalised RMSE (orig): 1.278138950973166
[2025-01-29 20:20:30,944][src.models.time_varying_model][INFO] - RMSE calculation for test.
[2025-01-29 20:20:30,944][src.models.rmsn][INFO] - Predictions for test.
[2025-01-29 20:20:42,141][__main__][INFO] - Test normalised RMSE (all): 2.665361201691268; Test normalised RMSE (orig): 2.202836977427671; Test normalised RMSE (only counterfactual): 2.3953182643304056
[2025-01-29 20:20:42,189][src.models.rmsn][INFO] - Input size of decoder: 4
[2025-01-29 20:20:42,202][src.data.cancer_sim.dataset][INFO] - train Dataset already processed
[2025-01-29 20:20:42,202][src.data.cancer_sim.dataset][INFO] - val Dataset already processed
[2025-01-29 20:20:42,202][src.data.cancer_sim.dataset][INFO] - Processing test dataset before training
[2025-01-29 20:20:44,374][src.data.cancer_sim.dataset][INFO] - Shape of processed test data: {'cancer_volume': (548744, 65), 'chemo_application': (548744, 65), 'radio_application': (548744, 65), 'sequence_lengths': (548744,), 'patient_types': (548744,), 'patient_ids_all_trajectories': (548744,), 'patient_current_t': (548744,), 'prev_treatments': (548744, 64, 2), 'current_treatments': (548744, 64, 2), 'current_covariates': (548744, 64, 2), 'outputs': (548744, 64, 1), 'active_entries': (548744, 64, 1), 'unscaled_outputs': (548744, 64, 1), 'prev_outputs': (548744, 64, 1), 'static_features': (548744, 1)}
[2025-01-29 20:20:44,375][src.models.rmsn][INFO] - Representations inference for train.
[2025-01-29 20:20:45,431][src.models.rmsn][INFO] - Representations inference for val.
[2025-01-29 20:20:45,820][src.models.rmsn][INFO] - Representations inference for test.
[2025-01-29 20:21:13,316][src.models.rmsn][INFO] - Predictions for test.
[2025-01-29 20:21:41,893][src.data.cancer_sim.dataset][INFO] - Processing train dataset before training (multiple sequences)
[2025-01-29 20:21:44,808][src.data.cancer_sim.dataset][INFO] - Shape of processed train data: {'init_state': (515994, 12), 'original_index': (515994,), 'active_encoder_r': (515994, 59), 'prev_treatments': (515994, 5, 2), 'current_treatments': (515994, 5, 2), 'current_covariates': (515994, 5, 2), 'prev_outputs': (515994, 5, 1), 'static_features': (515994, 1), 'outputs': (515994, 5, 1), 'sequence_lengths': (515994,), 'active_entries': (515994, 5, 1), 'unscaled_outputs': (515994, 5, 1), 'stabilized_weights': (515994, 6)}
[2025-01-29 20:21:44,809][src.data.cancer_sim.dataset][INFO] - Processing val dataset before training (multiple sequences)
[2025-01-29 20:21:45,074][src.data.cancer_sim.dataset][INFO] - Shape of processed val data: {'init_state': (51287, 12), 'original_index': (51287,), 'active_encoder_r': (51287, 59), 'prev_treatments': (51287, 5, 2), 'current_treatments': (51287, 5, 2), 'current_covariates': (51287, 5, 2), 'prev_outputs': (51287, 5, 1), 'static_features': (51287, 1), 'outputs': (51287, 5, 1), 'sequence_lengths': (51287,), 'active_entries': (51287, 5, 1), 'unscaled_outputs': (51287, 5, 1)}
[2025-01-29 20:21:45,074][src.data.cancer_sim.dataset][INFO] - Processing test dataset before testing (multiple sequences)
[2025-01-29 20:21:51,623][src.data.cancer_sim.dataset][INFO] - Shape of processed test data: {'active_encoder_r': (548744, 59), 'prev_treatments': (548744, 5, 2), 'current_treatments': (548744, 5, 2), 'current_covariates': (548744, 5, 2), 'prev_outputs': (548744, 5, 1), 'static_features': (548744, 1), 'outputs': (548744, 5, 1), 'sequence_lengths': (548744,), 'active_entries': (548744, 5, 1), 'unscaled_outputs': (548744, 5, 1), 'patient_types': (548744,), 'patient_ids_all_trajectories': (548744,), 'patient_current_t': (548744,), 'init_state': (548744, 12)}
[2025-01-29 20:21:51,630][src.data.cancer_sim.dataset][INFO] - Processing test dataset before testing (autoregressive)
[2025-01-29 20:21:55,369][src.data.cancer_sim.dataset][INFO] - Shape of processed test data: {'current_covariates': (548744, 5, 2), 'prev_treatments': (548744, 5, 2), 'current_treatments': (548744, 5, 2), 'init_state': (548744, 12), 'active_encoder_r': (548744, 59), 'active_entries': (548744, 5, 1), 'prev_outputs': (548744, 5, 1), 'static_features': (548744, 1)}
[2025-01-29 20:43:00,846][src.models.time_varying_model][INFO] - RMSE calculation for val.
[2025-01-29 20:43:00,848][src.models.rmsn][INFO] - Predictions for val.
[2025-01-29 20:43:02,901][__main__][INFO] - Val normalised RMSE (all): 0.3360366263197965; Val normalised RMSE (orig): 0.3360366263197967
[2025-01-29 20:43:02,901][src.models.time_varying_model][INFO] - RMSE calculation for test.
[2025-01-29 20:43:02,902][src.models.time_varying_model][INFO] - Autoregressive Prediction for test.
[2025-01-29 20:43:02,913][src.models.time_varying_model][INFO] - t = 2
[2025-01-29 20:43:02,913][src.models.rmsn][INFO] - Predictions for test.
[2025-01-29 20:43:17,726][src.models.time_varying_model][INFO] - t = 3
[2025-01-29 20:43:17,726][src.models.rmsn][INFO] - Predictions for test.
[2025-01-29 20:43:32,294][src.models.time_varying_model][INFO] - t = 4
[2025-01-29 20:43:32,294][src.models.rmsn][INFO] - Predictions for test.
[2025-01-29 20:43:47,230][src.models.time_varying_model][INFO] - t = 5
[2025-01-29 20:43:47,230][src.models.rmsn][INFO] - Predictions for test.
[2025-01-29 20:44:02,129][src.models.time_varying_model][INFO] - t = 6
[2025-01-29 20:44:02,129][src.models.rmsn][INFO] - Predictions for test.
[2025-01-29 20:44:18,139][__main__][INFO] - Test normalised RMSE (n-step prediction): {'2-step': 4.2655455492872365, '3-step': 4.864753497590189, '4-step': 5.417972618630551, '5-step': 5.692902949918125, '6-step': 5.6668255135781065}
