[2025-01-27 04:17:34,521][__main__][INFO] - 
model:
  dim_treatments: 4
  dim_vitals: 0
  dim_static_features: 1
  dim_outcomes: 1
  name: CRN
  encoder:
    _target_: src.models.crn.CRNEncoder
    seq_hidden_units: 24
    br_size: 18
    fc_hidden_units: 36
    dropout_rate: 0.1
    num_layer: 1
    batch_size: 128
    optimizer:
      optimizer_cls: adam
      learning_rate: 0.001
      weight_decay: 0.0
      lr_scheduler: false
    tune_hparams: false
    tune_range: 50
    hparams_grid: null
    resources_per_trial: null
  train_decoder: true
  decoder:
    _target_: src.models.crn.CRNDecoder
    seq_hidden_units: null
    br_size: 24
    fc_hidden_units: 24
    dropout_rate: 0.2
    num_layer: 1
    batch_size: 512
    optimizer:
      optimizer_cls: adam
      learning_rate: 0.001
      weight_decay: 0.0
      lr_scheduler: false
    tune_hparams: false
    tune_range: 30
    hparams_grid: null
    resources_per_trial: null
dataset:
  val_batch_size: 512
  treatment_mode: multiclass
  _target_: src.data.SyntheticCancerDatasetCollection
  name: tumor_generator
  coeff: 0.0
  chemo_coeff: 0.0
  radio_coeff: 0.0
  seed: 10
  random: true
  noise_percentage: 0.0
  num_patients:
    train: 10000
    val: 1000
    test: 1000
  window_size: 15
  lag: 0
  max_seq_length: 60
  projection_horizon: 5
  cf_seq_mode: sliding_treatment
exp:
  seed: 10
  gpus:
  - 0
  max_epochs: 120
  logging: true
  mlflow_uri: http://127.0.0.1:5000
  unscale_rmse: true
  percentage_rmse: true
  alpha: 0.01
  update_alpha: true
  alpha_rate: exp
  initial_balancing_method: grad_reverse
  final_balancing_method: subgroup
  bce_weight: false
  weights_ema: false
  beta: 0.99
  alpha_wass: 0.0001
  alpha_wass_epoch: false
  alpha_wass_growth: 0.001
  alpha_wass_max: 0.01
  balancing: grad_reverse
  balancing_switch_epoch: 99
  gap_epoch: 10
  clustering_method: GMM
  number_clusters: 2
  num_timepoints: 59
  checkpoint_dir: ./checkpoints/cancer/crn/0

[2025-01-27 04:17:34,544][root][INFO] - Simulating initial volumes for stage I  with norm params: mu=1.72, sigma=4.7, lb=-0.6221218732608373, ub=-0.023523848418276528
[2025-01-27 04:17:34,551][root][INFO] - Simulating initial volumes for stage II  with norm params: mu=1.96, sigma=1.63, lb=-1.9410876100159118, ub=0.3711345751297772
[2025-01-27 04:17:34,552][root][INFO] - Simulating initial volumes for stage IIIA  with norm params: mu=1.91, sigma=9.4, lb=-0.33127370258786554, ub=0.06967546355973796
[2025-01-27 04:17:34,553][root][INFO] - Simulating initial volumes for stage IIIB  with norm params: mu=2.76, sigma=6.87, lb=-0.5769974969906748, ub=-0.02839165102452155
[2025-01-27 04:17:34,556][root][INFO] - Simulating initial volumes for stage IV  with norm params: mu=3.86, sigma=8.82, lb=-0.5741465764541877, ub=-0.14683113860980307
[2025-01-27 04:17:34,580][root][INFO] - Got correlated params for 4658 patients
[2025-01-27 04:17:34,585][root][INFO] - Got correlated params for 9338 patients
[2025-01-27 04:17:34,590][root][INFO] - Got correlated params for 13912 patients
[2025-01-27 04:17:34,597][root][INFO] - Simulating beta_c parameters
[2025-01-27 04:17:34,602][root][INFO] - Randomising outputs
[2025-01-27 04:17:50,421][src.data.cancer_sim.dataset][INFO] - Processing train dataset before training
[2025-01-27 04:17:51,568][src.data.cancer_sim.dataset][INFO] - Shape of processed train data: {'cancer_volume': (10000, 60), 'chemo_dosage': (10000, 60), 'radio_dosage': (10000, 60), 'chemo_application': (10000, 60), 'radio_application': (10000, 60), 'chemo_probabilities': (10000, 60), 'radio_probabilities': (10000, 60), 'sequence_lengths': (10000,), 'death_flags': (10000, 60), 'recovery_flags': (10000, 60), 'patient_types': (10000,), 'prev_treatments': (10000, 59, 4), 'current_treatments': (10000, 59, 4), 'current_covariates': (10000, 59, 2), 'outputs': (10000, 59, 1), 'active_entries': (10000, 59, 1), 'unscaled_outputs': (10000, 59, 1), 'prev_outputs': (10000, 59, 1), 'static_features': (10000, 1)}
[2025-01-27 04:17:51,584][root][INFO] - Simulating initial volumes for stage I  with norm params: mu=1.72, sigma=4.7, lb=-0.6221218732608373, ub=-0.023523848418276528
[2025-01-27 04:17:51,585][root][INFO] - Simulating initial volumes for stage II  with norm params: mu=1.96, sigma=1.63, lb=-1.9410876100159118, ub=0.3711345751297772
[2025-01-27 04:17:51,585][root][INFO] - Simulating initial volumes for stage IIIA  with norm params: mu=1.91, sigma=9.4, lb=-0.33127370258786554, ub=0.06967546355973796
[2025-01-27 04:17:51,586][root][INFO] - Simulating initial volumes for stage IIIB  with norm params: mu=2.76, sigma=6.87, lb=-0.5769974969906748, ub=-0.02839165102452155
[2025-01-27 04:17:51,587][root][INFO] - Simulating initial volumes for stage IV  with norm params: mu=3.86, sigma=8.82, lb=-0.5741465764541877, ub=-0.14683113860980307
[2025-01-27 04:17:51,589][root][INFO] - Got correlated params for 499 patients
[2025-01-27 04:17:51,590][root][INFO] - Got correlated params for 982 patients
[2025-01-27 04:17:51,591][root][INFO] - Got correlated params for 1434 patients
[2025-01-27 04:17:51,592][root][INFO] - Simulating beta_c parameters
[2025-01-27 04:17:51,593][root][INFO] - Randomising outputs
[2025-01-27 04:17:53,142][root][INFO] - Simulating initial volumes for stage I  with norm params: mu=1.72, sigma=4.7, lb=-0.6221218732608373, ub=-0.023523848418276528
[2025-01-27 04:17:53,143][root][INFO] - Simulating initial volumes for stage II  with norm params: mu=1.96, sigma=1.63, lb=-1.9410876100159118, ub=0.3711345751297772
[2025-01-27 04:17:53,143][root][INFO] - Simulating initial volumes for stage IIIA  with norm params: mu=1.91, sigma=9.4, lb=-0.33127370258786554, ub=0.06967546355973796
[2025-01-27 04:17:53,144][root][INFO] - Simulating initial volumes for stage IIIB  with norm params: mu=2.76, sigma=6.87, lb=-0.5769974969906748, ub=-0.02839165102452155
[2025-01-27 04:17:53,145][root][INFO] - Simulating initial volumes for stage IV  with norm params: mu=3.86, sigma=8.82, lb=-0.5741465764541877, ub=-0.14683113860980307
[2025-01-27 04:17:53,146][root][INFO] - Got correlated params for 494 patients
[2025-01-27 04:17:53,147][root][INFO] - Got correlated params for 937 patients
[2025-01-27 04:17:53,148][root][INFO] - Got correlated params for 1397 patients
[2025-01-27 04:17:53,149][root][INFO] - Simulating beta_c parameters
[2025-01-27 04:17:53,150][root][INFO] - Randomising outputs
[2025-01-27 04:17:58,682][root][INFO] - Simulating initial volumes for stage I  with norm params: mu=1.72, sigma=4.7, lb=-0.6221218732608373, ub=-0.023523848418276528
[2025-01-27 04:17:58,683][root][INFO] - Simulating initial volumes for stage II  with norm params: mu=1.96, sigma=1.63, lb=-1.9410876100159118, ub=0.3711345751297772
[2025-01-27 04:17:58,683][root][INFO] - Simulating initial volumes for stage IIIA  with norm params: mu=1.91, sigma=9.4, lb=-0.33127370258786554, ub=0.06967546355973796
[2025-01-27 04:17:58,684][root][INFO] - Simulating initial volumes for stage IIIB  with norm params: mu=2.76, sigma=6.87, lb=-0.5769974969906748, ub=-0.02839165102452155
[2025-01-27 04:17:58,685][root][INFO] - Simulating initial volumes for stage IV  with norm params: mu=3.86, sigma=8.82, lb=-0.5741465764541877, ub=-0.14683113860980307
[2025-01-27 04:17:58,688][root][INFO] - Got correlated params for 434 patients
[2025-01-27 04:17:58,689][root][INFO] - Got correlated params for 874 patients
[2025-01-27 04:17:58,690][root][INFO] - Got correlated params for 1357 patients
[2025-01-27 04:17:58,691][root][INFO] - Simulating beta_c parameters
[2025-01-27 04:17:58,692][root][INFO] - Randomising outputs
[2025-01-27 04:18:24,725][src.data.cancer_sim.dataset][INFO] - train Dataset already processed
[2025-01-27 04:18:24,726][src.data.cancer_sim.dataset][INFO] - Processing val dataset before training
[2025-01-27 04:18:24,839][src.data.cancer_sim.dataset][INFO] - Shape of processed val data: {'cancer_volume': (1000, 60), 'chemo_dosage': (1000, 60), 'radio_dosage': (1000, 60), 'chemo_application': (1000, 60), 'radio_application': (1000, 60), 'chemo_probabilities': (1000, 60), 'radio_probabilities': (1000, 60), 'sequence_lengths': (1000,), 'death_flags': (1000, 60), 'recovery_flags': (1000, 60), 'patient_types': (1000,), 'prev_treatments': (1000, 59, 4), 'current_treatments': (1000, 59, 4), 'current_covariates': (1000, 59, 2), 'outputs': (1000, 59, 1), 'active_entries': (1000, 59, 1), 'unscaled_outputs': (1000, 59, 1), 'prev_outputs': (1000, 59, 1), 'static_features': (1000, 1)}
[2025-01-27 04:18:24,839][src.data.cancer_sim.dataset][INFO] - Processing test dataset before training
[2025-01-27 04:18:44,422][src.data.cancer_sim.dataset][INFO] - Shape of processed test data: {'cancer_volume': (200260, 60), 'chemo_application': (200260, 60), 'radio_application': (200260, 60), 'sequence_lengths': (200260,), 'patient_types': (200260,), 'prev_treatments': (200260, 59, 4), 'current_treatments': (200260, 59, 4), 'current_covariates': (200260, 59, 2), 'outputs': (200260, 59, 1), 'active_entries': (200260, 59, 1), 'unscaled_outputs': (200260, 59, 1), 'prev_outputs': (200260, 59, 1), 'static_features': (200260, 1)}
[2025-01-27 04:18:45,000][src.models.crn][INFO] - Input size of encoder: 6
[2025-01-27 04:39:41,606][src.models.time_varying_model][INFO] - RMSE calculation for val.
[2025-01-27 04:39:41,607][src.models.time_varying_model][INFO] - Predictions for val.
[2025-01-27 04:39:43,957][__main__][INFO] - Val normalised RMSE (all): 0.726660609715769; Val normalised RMSE (orig): 0.6801040361484291
[2025-01-27 04:39:43,957][src.models.time_varying_model][INFO] - RMSE calculation for test.
[2025-01-27 04:39:43,957][src.models.time_varying_model][INFO] - Predictions for test.
[2025-01-27 04:39:58,256][__main__][INFO] - Test normalised RMSE (all): 0.8601950889794218; Test normalised RMSE (orig): 0.5969473783102435; Test normalised RMSE (only counterfactual): 0.7198624919387566
[2025-01-27 04:39:58,311][src.models.crn][INFO] - Input size of decoder: 6
[2025-01-27 04:39:58,340][src.data.cancer_sim.dataset][INFO] - train Dataset already processed
[2025-01-27 04:39:58,340][src.data.cancer_sim.dataset][INFO] - val Dataset already processed
[2025-01-27 04:39:58,341][src.data.cancer_sim.dataset][INFO] - Processing test dataset before training
[2025-01-27 04:40:52,044][src.data.cancer_sim.dataset][INFO] - Shape of processed test data: {'cancer_volume': (506363, 65), 'chemo_application': (506363, 65), 'radio_application': (506363, 65), 'sequence_lengths': (506363,), 'patient_types': (506363,), 'patient_ids_all_trajectories': (506363,), 'patient_current_t': (506363,), 'prev_treatments': (506363, 64, 4), 'current_treatments': (506363, 64, 4), 'current_covariates': (506363, 64, 2), 'outputs': (506363, 64, 1), 'active_entries': (506363, 64, 1), 'unscaled_outputs': (506363, 64, 1), 'prev_outputs': (506363, 64, 1), 'static_features': (506363, 1)}
[2025-01-27 04:40:52,047][src.models.time_varying_model][INFO] - Balanced representations inference for train.
[2025-01-27 04:40:53,507][src.models.time_varying_model][INFO] - Balanced representations inference for val.
[2025-01-27 04:40:54,022][src.models.time_varying_model][INFO] - Balanced representations inference for test.
[2025-01-27 04:41:29,625][src.models.time_varying_model][INFO] - Predictions for test.
[2025-01-27 04:42:05,992][src.data.cancer_sim.dataset][INFO] - Processing train dataset before training (multiple sequences)
[2025-01-27 04:42:08,560][src.data.cancer_sim.dataset][INFO] - Shape of processed train data: {'init_state': (453842, 18), 'original_index': (453842,), 'active_encoder_r': (453842, 59), 'prev_treatments': (453842, 5, 4), 'current_treatments': (453842, 5, 4), 'current_covariates': (453842, 5, 2), 'prev_outputs': (453842, 5, 1), 'static_features': (453842, 1), 'outputs': (453842, 5, 1), 'sequence_lengths': (453842,), 'active_entries': (453842, 5, 1), 'unscaled_outputs': (453842, 5, 1)}
[2025-01-27 04:42:08,561][src.data.cancer_sim.dataset][INFO] - Processing val dataset before training (multiple sequences)
[2025-01-27 04:42:08,815][src.data.cancer_sim.dataset][INFO] - Shape of processed val data: {'init_state': (45188, 18), 'original_index': (45188,), 'active_encoder_r': (45188, 59), 'prev_treatments': (45188, 5, 4), 'current_treatments': (45188, 5, 4), 'current_covariates': (45188, 5, 2), 'prev_outputs': (45188, 5, 1), 'static_features': (45188, 1), 'outputs': (45188, 5, 1), 'sequence_lengths': (45188,), 'active_entries': (45188, 5, 1), 'unscaled_outputs': (45188, 5, 1)}
[2025-01-27 04:42:08,815][src.data.cancer_sim.dataset][INFO] - Processing test dataset before testing (multiple sequences)
[2025-01-27 04:42:16,405][src.data.cancer_sim.dataset][INFO] - Shape of processed test data: {'active_encoder_r': (506363, 59), 'prev_treatments': (506363, 5, 4), 'current_treatments': (506363, 5, 4), 'current_covariates': (506363, 5, 2), 'prev_outputs': (506363, 5, 1), 'static_features': (506363, 1), 'outputs': (506363, 5, 1), 'sequence_lengths': (506363,), 'active_entries': (506363, 5, 1), 'unscaled_outputs': (506363, 5, 1), 'patient_types': (506363,), 'patient_ids_all_trajectories': (506363,), 'patient_current_t': (506363,), 'init_state': (506363, 18)}
[2025-01-27 04:42:16,461][src.data.cancer_sim.dataset][INFO] - Processing test dataset before testing (autoregressive)
[2025-01-27 04:42:20,517][src.data.cancer_sim.dataset][INFO] - Shape of processed test data: {'current_covariates': (506363, 5, 2), 'prev_treatments': (506363, 5, 4), 'current_treatments': (506363, 5, 4), 'init_state': (506363, 18), 'active_encoder_r': (506363, 59), 'active_entries': (506363, 5, 1), 'prev_outputs': (506363, 5, 1), 'static_features': (506363, 1)}
[2025-01-27 04:52:59,454][src.models.time_varying_model][INFO] - RMSE calculation for val.
[2025-01-27 04:52:59,455][src.models.time_varying_model][INFO] - Predictions for val.
[2025-01-27 04:53:01,722][__main__][INFO] - Val normalised RMSE (all): 0.412263349756849; Val normalised RMSE (orig): 0.41226334975684964
[2025-01-27 04:53:01,723][src.models.time_varying_model][INFO] - RMSE calculation for test.
[2025-01-27 04:53:01,723][src.models.time_varying_model][INFO] - Autoregressive Prediction for test.
[2025-01-27 04:53:01,733][src.models.time_varying_model][INFO] - t = 2
[2025-01-27 04:53:01,733][src.models.time_varying_model][INFO] - Predictions for test.
[2025-01-27 04:53:19,225][src.models.time_varying_model][INFO] - t = 3
[2025-01-27 04:53:19,225][src.models.time_varying_model][INFO] - Predictions for test.
[2025-01-27 04:53:36,259][src.models.time_varying_model][INFO] - t = 4
[2025-01-27 04:53:36,259][src.models.time_varying_model][INFO] - Predictions for test.
[2025-01-27 04:53:53,319][src.models.time_varying_model][INFO] - t = 5
[2025-01-27 04:53:53,319][src.models.time_varying_model][INFO] - Predictions for test.
[2025-01-27 04:54:10,333][src.models.time_varying_model][INFO] - t = 6
[2025-01-27 04:54:10,333][src.models.time_varying_model][INFO] - Predictions for test.
[2025-01-27 04:54:28,839][__main__][INFO] - Test normalised RMSE (n-step prediction): {'2-step': 0.6289999796789496, '3-step': 0.6434151558561374, '4-step': 0.6618838429201056, '5-step': 0.6824636767933401, '6-step': 0.7013678067579205}
