[2025-01-30 14:56:44,400][__main__][INFO] - 
model:
  dim_treatments: 4
  dim_vitals: 0
  dim_static_features: 1
  dim_outcomes: 1
  name: CRN
  encoder:
    _target_: src.models.crn.CRNEncoder
    seq_hidden_units: 24
    br_size: 24
    fc_hidden_units: 96
    dropout_rate: 0.2
    num_layer: 1
    batch_size: 1024
    optimizer:
      optimizer_cls: adam
      learning_rate: 0.001
      weight_decay: 0.0
      lr_scheduler: false
    tune_hparams: false
    tune_range: 50
    hparams_grid: null
    resources_per_trial: null
  train_decoder: true
  decoder:
    _target_: src.models.crn.CRNDecoder
    seq_hidden_units: null
    br_size: 24
    fc_hidden_units: 12
    dropout_rate: 0.1
    num_layer: 1
    batch_size: 1024
    optimizer:
      optimizer_cls: adam
      learning_rate: 0.001
      weight_decay: 0.0
      lr_scheduler: false
    tune_hparams: false
    tune_range: 30
    hparams_grid: null
    resources_per_trial: null
dataset:
  val_batch_size: 512
  treatment_mode: multiclass
  _target_: src.data.SyntheticCancerDatasetCollection
  name: tumor_generator
  coeff: 6.0
  chemo_coeff: 6.0
  radio_coeff: 6.0
  seed: 10
  random: false
  noise_percentage: 0.0
  num_patients:
    train: 10000
    val: 1000
    test: 1000
  window_size: 15
  lag: 0
  max_seq_length: 60
  projection_horizon: 5
  cf_seq_mode: sliding_treatment
exp:
  seed: 10
  gpus:
  - 0
  max_epochs: 130
  logging: true
  mlflow_uri: http://127.0.0.1:5000
  unscale_rmse: true
  percentage_rmse: true
  alpha: 0.01
  update_alpha: true
  alpha_rate: exp
  initial_balancing_method: grad_reverse
  final_balancing_method: subgroup
  bce_weight: false
  weights_ema: false
  beta: 0.99
  alpha_wass: 0.1
  alpha_wass_epoch: false
  alpha_wass_growth: 0.001
  alpha_wass_max: 0.01
  balancing: grad_reverse
  balancing_switch_epoch: 99
  gap_epoch: 5
  clustering_method: KMeans
  number_clusters: 2
  num_timepoints: 59
  checkpoint_dir: ./checkpoints/cancer/crn/SGA/6

[2025-01-30 14:56:44,415][root][INFO] - Simulating initial volumes for stage I  with norm params: mu=1.72, sigma=4.7, lb=-0.6221218732608373, ub=-0.023523848418276528
[2025-01-30 14:56:44,416][root][INFO] - Simulating initial volumes for stage II  with norm params: mu=1.96, sigma=1.63, lb=-1.9410876100159118, ub=0.3711345751297772
[2025-01-30 14:56:44,417][root][INFO] - Simulating initial volumes for stage IIIA  with norm params: mu=1.91, sigma=9.4, lb=-0.33127370258786554, ub=0.06967546355973796
[2025-01-30 14:56:44,418][root][INFO] - Simulating initial volumes for stage IIIB  with norm params: mu=2.76, sigma=6.87, lb=-0.5769974969906748, ub=-0.02839165102452155
[2025-01-30 14:56:44,420][root][INFO] - Simulating initial volumes for stage IV  with norm params: mu=3.86, sigma=8.82, lb=-0.5741465764541877, ub=-0.14683113860980307
[2025-01-30 14:56:44,429][root][INFO] - Got correlated params for 4658 patients
[2025-01-30 14:56:44,434][root][INFO] - Got correlated params for 9338 patients
[2025-01-30 14:56:44,438][root][INFO] - Got correlated params for 13912 patients
[2025-01-30 14:56:44,445][root][INFO] - Simulating beta_c parameters
[2025-01-30 14:56:44,450][root][INFO] - Randomising outputs
[2025-01-30 14:57:01,901][root][INFO] - Simulating initial volumes for stage I  with norm params: mu=1.72, sigma=4.7, lb=-0.6221218732608373, ub=-0.023523848418276528
[2025-01-30 14:57:01,904][root][INFO] - Simulating initial volumes for stage II  with norm params: mu=1.96, sigma=1.63, lb=-1.9410876100159118, ub=0.3711345751297772
[2025-01-30 14:57:01,905][root][INFO] - Simulating initial volumes for stage IIIA  with norm params: mu=1.91, sigma=9.4, lb=-0.33127370258786554, ub=0.06967546355973796
[2025-01-30 14:57:01,905][root][INFO] - Simulating initial volumes for stage IIIB  with norm params: mu=2.76, sigma=6.87, lb=-0.5769974969906748, ub=-0.02839165102452155
[2025-01-30 14:57:01,906][root][INFO] - Simulating initial volumes for stage IV  with norm params: mu=3.86, sigma=8.82, lb=-0.5741465764541877, ub=-0.14683113860980307
[2025-01-30 14:57:01,908][root][INFO] - Got correlated params for 464 patients
[2025-01-30 14:57:01,909][root][INFO] - Got correlated params for 942 patients
[2025-01-30 14:57:01,910][root][INFO] - Got correlated params for 1398 patients
[2025-01-30 14:57:01,911][root][INFO] - Simulating beta_c parameters
[2025-01-30 14:57:01,913][root][INFO] - Randomising outputs
[2025-01-30 14:57:03,613][root][INFO] - Simulating initial volumes for stage I  with norm params: mu=1.72, sigma=4.7, lb=-0.6221218732608373, ub=-0.023523848418276528
[2025-01-30 14:57:03,613][root][INFO] - Simulating initial volumes for stage II  with norm params: mu=1.96, sigma=1.63, lb=-1.9410876100159118, ub=0.3711345751297772
[2025-01-30 14:57:03,614][root][INFO] - Simulating initial volumes for stage IIIA  with norm params: mu=1.91, sigma=9.4, lb=-0.33127370258786554, ub=0.06967546355973796
[2025-01-30 14:57:03,614][root][INFO] - Simulating initial volumes for stage IIIB  with norm params: mu=2.76, sigma=6.87, lb=-0.5769974969906748, ub=-0.02839165102452155
[2025-01-30 14:57:03,615][root][INFO] - Simulating initial volumes for stage IV  with norm params: mu=3.86, sigma=8.82, lb=-0.5741465764541877, ub=-0.14683113860980307
[2025-01-30 14:57:03,617][root][INFO] - Got correlated params for 491 patients
[2025-01-30 14:57:03,618][root][INFO] - Got correlated params for 936 patients
[2025-01-30 14:57:03,619][root][INFO] - Got correlated params for 1396 patients
[2025-01-30 14:57:03,620][root][INFO] - Simulating beta_c parameters
[2025-01-30 14:57:03,621][root][INFO] - Randomising outputs
[2025-01-30 14:57:09,851][root][INFO] - Simulating initial volumes for stage I  with norm params: mu=1.72, sigma=4.7, lb=-0.6221218732608373, ub=-0.023523848418276528
[2025-01-30 14:57:09,853][root][INFO] - Simulating initial volumes for stage II  with norm params: mu=1.96, sigma=1.63, lb=-1.9410876100159118, ub=0.3711345751297772
[2025-01-30 14:57:09,854][root][INFO] - Simulating initial volumes for stage IIIA  with norm params: mu=1.91, sigma=9.4, lb=-0.33127370258786554, ub=0.06967546355973796
[2025-01-30 14:57:09,854][root][INFO] - Simulating initial volumes for stage IIIB  with norm params: mu=2.76, sigma=6.87, lb=-0.5769974969906748, ub=-0.02839165102452155
[2025-01-30 14:57:09,855][root][INFO] - Simulating initial volumes for stage IV  with norm params: mu=3.86, sigma=8.82, lb=-0.5741465764541877, ub=-0.14683113860980307
[2025-01-30 14:57:09,857][root][INFO] - Got correlated params for 434 patients
[2025-01-30 14:57:09,858][root][INFO] - Got correlated params for 874 patients
[2025-01-30 14:57:09,859][root][INFO] - Got correlated params for 1357 patients
[2025-01-30 14:57:09,860][root][INFO] - Simulating beta_c parameters
[2025-01-30 14:57:09,861][root][INFO] - Randomising outputs
[2025-01-30 14:57:37,983][src.data.cancer_sim.dataset][INFO] - Processing train dataset before training
[2025-01-30 14:57:38,865][src.data.cancer_sim.dataset][INFO] - Shape of processed train data: {'cancer_volume': (10000, 60), 'chemo_dosage': (10000, 60), 'radio_dosage': (10000, 60), 'chemo_application': (10000, 60), 'radio_application': (10000, 60), 'chemo_probabilities': (10000, 60), 'radio_probabilities': (10000, 60), 'sequence_lengths': (10000,), 'death_flags': (10000, 60), 'recovery_flags': (10000, 60), 'patient_types': (10000,), 'prev_treatments': (10000, 59, 4), 'current_treatments': (10000, 59, 4), 'current_covariates': (10000, 59, 2), 'outputs': (10000, 59, 1), 'active_entries': (10000, 59, 1), 'unscaled_outputs': (10000, 59, 1), 'prev_outputs': (10000, 59, 1), 'static_features': (10000, 1)}
[2025-01-30 14:57:38,866][src.data.cancer_sim.dataset][INFO] - Processing val dataset before training
[2025-01-30 14:57:38,954][src.data.cancer_sim.dataset][INFO] - Shape of processed val data: {'cancer_volume': (1000, 60), 'chemo_dosage': (1000, 60), 'radio_dosage': (1000, 60), 'chemo_application': (1000, 60), 'radio_application': (1000, 60), 'chemo_probabilities': (1000, 60), 'radio_probabilities': (1000, 60), 'sequence_lengths': (1000,), 'death_flags': (1000, 60), 'recovery_flags': (1000, 60), 'patient_types': (1000,), 'prev_treatments': (1000, 59, 4), 'current_treatments': (1000, 59, 4), 'current_covariates': (1000, 59, 2), 'outputs': (1000, 59, 1), 'active_entries': (1000, 59, 1), 'unscaled_outputs': (1000, 59, 1), 'prev_outputs': (1000, 59, 1), 'static_features': (1000, 1)}
[2025-01-30 14:57:38,954][src.data.cancer_sim.dataset][INFO] - Processing test dataset before training
[2025-01-30 14:57:58,272][src.data.cancer_sim.dataset][INFO] - Shape of processed test data: {'cancer_volume': (224868, 60), 'chemo_application': (224868, 60), 'radio_application': (224868, 60), 'sequence_lengths': (224868,), 'patient_types': (224868,), 'prev_treatments': (224868, 59, 4), 'current_treatments': (224868, 59, 4), 'current_covariates': (224868, 59, 2), 'outputs': (224868, 59, 1), 'active_entries': (224868, 59, 1), 'unscaled_outputs': (224868, 59, 1), 'prev_outputs': (224868, 59, 1), 'static_features': (224868, 1)}
[2025-01-30 14:57:58,810][src.models.crn][INFO] - Input size of encoder: 6
[2025-01-30 15:05:37,607][src.models.time_varying_model][INFO] - RMSE calculation for val.
[2025-01-30 15:05:37,607][src.models.time_varying_model][INFO] - Predictions for val.
[2025-01-30 15:05:38,284][__main__][INFO] - Val normalised RMSE (all): 0.6498425117659637; Val normalised RMSE (orig): 0.6414070885850989
[2025-01-30 15:05:38,285][src.models.time_varying_model][INFO] - RMSE calculation for test.
[2025-01-30 15:05:38,285][src.models.time_varying_model][INFO] - Predictions for test.
[2025-01-30 15:05:55,265][__main__][INFO] - Test normalised RMSE (all): 1.8354816425125275; Test normalised RMSE (orig): 1.5966170620962739; Test normalised RMSE (only counterfactual): 2.107328159775064
[2025-01-30 15:05:55,337][src.models.crn][INFO] - Input size of decoder: 6
[2025-01-30 15:05:55,350][src.data.cancer_sim.dataset][INFO] - train Dataset already processed
[2025-01-30 15:05:55,350][src.data.cancer_sim.dataset][INFO] - val Dataset already processed
[2025-01-30 15:05:55,351][src.data.cancer_sim.dataset][INFO] - Processing test dataset before training
[2025-01-30 15:06:47,686][src.data.cancer_sim.dataset][INFO] - Shape of processed test data: {'cancer_volume': (548744, 65), 'chemo_application': (548744, 65), 'radio_application': (548744, 65), 'sequence_lengths': (548744,), 'patient_types': (548744,), 'patient_ids_all_trajectories': (548744,), 'patient_current_t': (548744,), 'prev_treatments': (548744, 64, 4), 'current_treatments': (548744, 64, 4), 'current_covariates': (548744, 64, 2), 'outputs': (548744, 64, 1), 'active_entries': (548744, 64, 1), 'unscaled_outputs': (548744, 64, 1), 'prev_outputs': (548744, 64, 1), 'static_features': (548744, 1)}
[2025-01-30 15:06:47,689][src.models.time_varying_model][INFO] - Balanced representations inference for train.
[2025-01-30 15:06:49,657][src.models.time_varying_model][INFO] - Balanced representations inference for val.
[2025-01-30 15:06:50,584][src.models.time_varying_model][INFO] - Balanced representations inference for test.
[2025-01-30 15:07:31,310][src.models.time_varying_model][INFO] - Predictions for test.
[2025-01-30 15:08:13,894][src.data.cancer_sim.dataset][INFO] - Processing train dataset before training (multiple sequences)
[2025-01-30 15:08:16,821][src.data.cancer_sim.dataset][INFO] - Shape of processed train data: {'init_state': (515994, 24), 'original_index': (515994,), 'active_encoder_r': (515994, 59), 'prev_treatments': (515994, 5, 4), 'current_treatments': (515994, 5, 4), 'current_covariates': (515994, 5, 2), 'prev_outputs': (515994, 5, 1), 'static_features': (515994, 1), 'outputs': (515994, 5, 1), 'sequence_lengths': (515994,), 'active_entries': (515994, 5, 1), 'unscaled_outputs': (515994, 5, 1)}
[2025-01-30 15:08:16,854][src.data.cancer_sim.dataset][INFO] - Processing val dataset before training (multiple sequences)
[2025-01-30 15:08:17,144][src.data.cancer_sim.dataset][INFO] - Shape of processed val data: {'init_state': (51287, 24), 'original_index': (51287,), 'active_encoder_r': (51287, 59), 'prev_treatments': (51287, 5, 4), 'current_treatments': (51287, 5, 4), 'current_covariates': (51287, 5, 2), 'prev_outputs': (51287, 5, 1), 'static_features': (51287, 1), 'outputs': (51287, 5, 1), 'sequence_lengths': (51287,), 'active_entries': (51287, 5, 1), 'unscaled_outputs': (51287, 5, 1)}
[2025-01-30 15:08:17,144][src.data.cancer_sim.dataset][INFO] - Processing test dataset before testing (multiple sequences)
[2025-01-30 15:08:25,601][src.data.cancer_sim.dataset][INFO] - Shape of processed test data: {'active_encoder_r': (548744, 59), 'prev_treatments': (548744, 5, 4), 'current_treatments': (548744, 5, 4), 'current_covariates': (548744, 5, 2), 'prev_outputs': (548744, 5, 1), 'static_features': (548744, 1), 'outputs': (548744, 5, 1), 'sequence_lengths': (548744,), 'active_entries': (548744, 5, 1), 'unscaled_outputs': (548744, 5, 1), 'patient_types': (548744,), 'patient_ids_all_trajectories': (548744,), 'patient_current_t': (548744,), 'init_state': (548744, 24)}
[2025-01-30 15:08:25,661][src.data.cancer_sim.dataset][INFO] - Processing test dataset before testing (autoregressive)
[2025-01-30 15:08:29,913][src.data.cancer_sim.dataset][INFO] - Shape of processed test data: {'current_covariates': (548744, 5, 2), 'prev_treatments': (548744, 5, 4), 'current_treatments': (548744, 5, 4), 'init_state': (548744, 24), 'active_encoder_r': (548744, 59), 'active_entries': (548744, 5, 1), 'prev_outputs': (548744, 5, 1), 'static_features': (548744, 1)}
[2025-01-30 16:12:59,172][src.models.time_varying_model][INFO] - RMSE calculation for val.
[2025-01-30 16:12:59,173][src.models.time_varying_model][INFO] - Predictions for val.
[2025-01-30 16:13:01,746][__main__][INFO] - Val normalised RMSE (all): 0.2912397329257447; Val normalised RMSE (orig): 0.2912397329257432
[2025-01-30 16:13:01,746][src.models.time_varying_model][INFO] - RMSE calculation for test.
[2025-01-30 16:13:01,747][src.models.time_varying_model][INFO] - Autoregressive Prediction for test.
[2025-01-30 16:13:01,758][src.models.time_varying_model][INFO] - t = 2
[2025-01-30 16:13:01,758][src.models.time_varying_model][INFO] - Predictions for test.
[2025-01-30 16:13:20,336][src.models.time_varying_model][INFO] - t = 3
[2025-01-30 16:13:20,336][src.models.time_varying_model][INFO] - Predictions for test.
[2025-01-30 16:13:38,910][src.models.time_varying_model][INFO] - t = 4
[2025-01-30 16:13:38,911][src.models.time_varying_model][INFO] - Predictions for test.
[2025-01-30 16:13:57,679][src.models.time_varying_model][INFO] - t = 5
[2025-01-30 16:13:57,680][src.models.time_varying_model][INFO] - Predictions for test.
[2025-01-30 16:14:16,586][src.models.time_varying_model][INFO] - t = 6
[2025-01-30 16:14:16,587][src.models.time_varying_model][INFO] - Predictions for test.
[2025-01-30 16:14:36,841][__main__][INFO] - Test normalised RMSE (n-step prediction): {'2-step': 2.8152244777429862, '3-step': 3.0666778401145915, '4-step': 3.2294516802954085, '5-step': 3.296303895288826, '6-step': 3.2578696082896172}
