[2025-01-28 03:50:48,753][__main__][INFO] - 
model:
  dim_treatments: 4
  dim_vitals: 0
  dim_static_features: 1
  dim_outcomes: 1
  name: CRN
  encoder:
    _target_: src.models.crn.CRNEncoder
    seq_hidden_units: 24
    br_size: 24
    fc_hidden_units: 96
    dropout_rate: 0.2
    num_layer: 1
    batch_size: 1024
    optimizer:
      optimizer_cls: adam
      learning_rate: 0.001
      weight_decay: 0.0
      lr_scheduler: false
    tune_hparams: false
    tune_range: 50
    hparams_grid: null
    resources_per_trial: null
  train_decoder: true
  decoder:
    _target_: src.models.crn.CRNDecoder
    seq_hidden_units: null
    br_size: 24
    fc_hidden_units: 12
    dropout_rate: 0.1
    num_layer: 1
    batch_size: 4096
    optimizer:
      optimizer_cls: adam
      learning_rate: 0.001
      weight_decay: 0.0
      lr_scheduler: false
    tune_hparams: false
    tune_range: 30
    hparams_grid: null
    resources_per_trial: null
dataset:
  val_batch_size: 512
  treatment_mode: multiclass
  _target_: src.data.SyntheticCancerDatasetCollection
  name: tumor_generator
  coeff: 5.0
  chemo_coeff: 5.0
  radio_coeff: 5.0
  seed: 101
  random: false
  noise_percentage: 0.0
  num_patients:
    train: 10000
    val: 1000
    test: 1000
  window_size: 15
  lag: 0
  max_seq_length: 60
  projection_horizon: 5
  cf_seq_mode: sliding_treatment
exp:
  seed: 101
  gpus:
  - 0
  max_epochs: 30
  logging: true
  mlflow_uri: http://127.0.0.1:5000
  unscale_rmse: true
  percentage_rmse: true
  alpha: 0.01
  update_alpha: true
  alpha_rate: exp
  initial_balancing_method: subgroup
  final_balancing_method: subgroup
  bce_weight: false
  weights_ema: false
  beta: 0.99
  alpha_wass: 0.001
  alpha_wass_epoch: false
  alpha_wass_growth: 0.001
  alpha_wass_max: 0.01
  balancing: grad_reverse
  balancing_switch_epoch: 29
  gap_epoch: 1
  clustering_method: GMM
  number_clusters: 2
  num_timepoints: 59
  checkpoint_dir: ./checkpoints/cancer/crn/SGA/5

[2025-01-28 03:50:48,779][root][INFO] - Simulating initial volumes for stage I  with norm params: mu=1.72, sigma=4.7, lb=-0.6221218732608373, ub=-0.023523848418276528
[2025-01-28 03:50:48,788][root][INFO] - Simulating initial volumes for stage II  with norm params: mu=1.96, sigma=1.63, lb=-1.9410876100159118, ub=0.3711345751297772
[2025-01-28 03:50:48,789][root][INFO] - Simulating initial volumes for stage IIIA  with norm params: mu=1.91, sigma=9.4, lb=-0.33127370258786554, ub=0.06967546355973796
[2025-01-28 03:50:48,790][root][INFO] - Simulating initial volumes for stage IIIB  with norm params: mu=2.76, sigma=6.87, lb=-0.5769974969906748, ub=-0.02839165102452155
[2025-01-28 03:50:48,792][root][INFO] - Simulating initial volumes for stage IV  with norm params: mu=3.86, sigma=8.82, lb=-0.5741465764541877, ub=-0.14683113860980307
[2025-01-28 03:50:48,817][root][INFO] - Got correlated params for 4645 patients
[2025-01-28 03:50:48,821][root][INFO] - Got correlated params for 9125 patients
[2025-01-28 03:50:48,826][root][INFO] - Got correlated params for 13736 patients
[2025-01-28 03:50:48,834][root][INFO] - Simulating beta_c parameters
[2025-01-28 03:50:48,839][root][INFO] - Randomising outputs
[2025-01-28 03:51:06,345][root][INFO] - Simulating initial volumes for stage I  with norm params: mu=1.72, sigma=4.7, lb=-0.6221218732608373, ub=-0.023523848418276528
[2025-01-28 03:51:06,348][root][INFO] - Simulating initial volumes for stage II  with norm params: mu=1.96, sigma=1.63, lb=-1.9410876100159118, ub=0.3711345751297772
[2025-01-28 03:51:06,349][root][INFO] - Simulating initial volumes for stage IIIA  with norm params: mu=1.91, sigma=9.4, lb=-0.33127370258786554, ub=0.06967546355973796
[2025-01-28 03:51:06,350][root][INFO] - Simulating initial volumes for stage IIIB  with norm params: mu=2.76, sigma=6.87, lb=-0.5769974969906748, ub=-0.02839165102452155
[2025-01-28 03:51:06,350][root][INFO] - Simulating initial volumes for stage IV  with norm params: mu=3.86, sigma=8.82, lb=-0.5741465764541877, ub=-0.14683113860980307
[2025-01-28 03:51:06,353][root][INFO] - Got correlated params for 438 patients
[2025-01-28 03:51:06,354][root][INFO] - Got correlated params for 895 patients
[2025-01-28 03:51:06,355][root][INFO] - Got correlated params for 1361 patients
[2025-01-28 03:51:06,356][root][INFO] - Simulating beta_c parameters
[2025-01-28 03:51:06,357][root][INFO] - Randomising outputs
[2025-01-28 03:51:08,102][root][INFO] - Simulating initial volumes for stage I  with norm params: mu=1.72, sigma=4.7, lb=-0.6221218732608373, ub=-0.023523848418276528
[2025-01-28 03:51:08,103][root][INFO] - Simulating initial volumes for stage II  with norm params: mu=1.96, sigma=1.63, lb=-1.9410876100159118, ub=0.3711345751297772
[2025-01-28 03:51:08,104][root][INFO] - Simulating initial volumes for stage IIIA  with norm params: mu=1.91, sigma=9.4, lb=-0.33127370258786554, ub=0.06967546355973796
[2025-01-28 03:51:08,104][root][INFO] - Simulating initial volumes for stage IIIB  with norm params: mu=2.76, sigma=6.87, lb=-0.5769974969906748, ub=-0.02839165102452155
[2025-01-28 03:51:08,105][root][INFO] - Simulating initial volumes for stage IV  with norm params: mu=3.86, sigma=8.82, lb=-0.5741465764541877, ub=-0.14683113860980307
[2025-01-28 03:51:08,107][root][INFO] - Got correlated params for 448 patients
[2025-01-28 03:51:08,108][root][INFO] - Got correlated params for 913 patients
[2025-01-28 03:51:08,109][root][INFO] - Got correlated params for 1384 patients
[2025-01-28 03:51:08,110][root][INFO] - Simulating beta_c parameters
[2025-01-28 03:51:08,111][root][INFO] - Randomising outputs
[2025-01-28 03:51:14,521][root][INFO] - Simulating initial volumes for stage I  with norm params: mu=1.72, sigma=4.7, lb=-0.6221218732608373, ub=-0.023523848418276528
[2025-01-28 03:51:14,522][root][INFO] - Simulating initial volumes for stage II  with norm params: mu=1.96, sigma=1.63, lb=-1.9410876100159118, ub=0.3711345751297772
[2025-01-28 03:51:14,522][root][INFO] - Simulating initial volumes for stage IIIA  with norm params: mu=1.91, sigma=9.4, lb=-0.33127370258786554, ub=0.06967546355973796
[2025-01-28 03:51:14,523][root][INFO] - Simulating initial volumes for stage IIIB  with norm params: mu=2.76, sigma=6.87, lb=-0.5769974969906748, ub=-0.02839165102452155
[2025-01-28 03:51:14,524][root][INFO] - Simulating initial volumes for stage IV  with norm params: mu=3.86, sigma=8.82, lb=-0.5741465764541877, ub=-0.14683113860980307
[2025-01-28 03:51:14,525][root][INFO] - Got correlated params for 469 patients
[2025-01-28 03:51:14,526][root][INFO] - Got correlated params for 898 patients
[2025-01-28 03:51:14,527][root][INFO] - Got correlated params for 1364 patients
[2025-01-28 03:51:14,528][root][INFO] - Simulating beta_c parameters
[2025-01-28 03:51:14,529][root][INFO] - Randomising outputs
[2025-01-28 03:51:43,983][src.data.cancer_sim.dataset][INFO] - Processing train dataset before training
[2025-01-28 03:51:44,905][src.data.cancer_sim.dataset][INFO] - Shape of processed train data: {'cancer_volume': (10000, 60), 'chemo_dosage': (10000, 60), 'radio_dosage': (10000, 60), 'chemo_application': (10000, 60), 'radio_application': (10000, 60), 'chemo_probabilities': (10000, 60), 'radio_probabilities': (10000, 60), 'sequence_lengths': (10000,), 'death_flags': (10000, 60), 'recovery_flags': (10000, 60), 'patient_types': (10000,), 'prev_treatments': (10000, 59, 4), 'current_treatments': (10000, 59, 4), 'current_covariates': (10000, 59, 2), 'outputs': (10000, 59, 1), 'active_entries': (10000, 59, 1), 'unscaled_outputs': (10000, 59, 1), 'prev_outputs': (10000, 59, 1), 'static_features': (10000, 1)}
[2025-01-28 03:51:44,906][src.data.cancer_sim.dataset][INFO] - Processing val dataset before training
[2025-01-28 03:51:44,997][src.data.cancer_sim.dataset][INFO] - Shape of processed val data: {'cancer_volume': (1000, 60), 'chemo_dosage': (1000, 60), 'radio_dosage': (1000, 60), 'chemo_application': (1000, 60), 'radio_application': (1000, 60), 'chemo_probabilities': (1000, 60), 'radio_probabilities': (1000, 60), 'sequence_lengths': (1000,), 'death_flags': (1000, 60), 'recovery_flags': (1000, 60), 'patient_types': (1000,), 'prev_treatments': (1000, 59, 4), 'current_treatments': (1000, 59, 4), 'current_covariates': (1000, 59, 2), 'outputs': (1000, 59, 1), 'active_entries': (1000, 59, 1), 'unscaled_outputs': (1000, 59, 1), 'prev_outputs': (1000, 59, 1), 'static_features': (1000, 1)}
[2025-01-28 03:51:44,997][src.data.cancer_sim.dataset][INFO] - Processing test dataset before training
[2025-01-28 03:52:04,572][src.data.cancer_sim.dataset][INFO] - Shape of processed test data: {'cancer_volume': (228824, 60), 'chemo_application': (228824, 60), 'radio_application': (228824, 60), 'sequence_lengths': (228824,), 'patient_types': (228824,), 'prev_treatments': (228824, 59, 4), 'current_treatments': (228824, 59, 4), 'current_covariates': (228824, 59, 2), 'outputs': (228824, 59, 1), 'active_entries': (228824, 59, 1), 'unscaled_outputs': (228824, 59, 1), 'prev_outputs': (228824, 59, 1), 'static_features': (228824, 1)}
[2025-01-28 03:52:05,225][src.models.crn][INFO] - Input size of encoder: 6
[2025-01-28 04:33:47,742][src.models.time_varying_model][INFO] - RMSE calculation for val.
[2025-01-28 04:33:47,744][src.models.time_varying_model][INFO] - Predictions for val.
[2025-01-28 04:33:48,381][__main__][INFO] - Val normalised RMSE (all): 0.835626056231588; Val normalised RMSE (orig): 0.8287415533668432
[2025-01-28 04:33:48,381][src.models.time_varying_model][INFO] - RMSE calculation for test.
[2025-01-28 04:33:48,381][src.models.time_varying_model][INFO] - Predictions for test.
[2025-01-28 04:34:06,889][__main__][INFO] - Test normalised RMSE (all): 3.0592243222991318; Test normalised RMSE (orig): 2.4486731277976497; Test normalised RMSE (only counterfactual): 2.4454742788856927
[2025-01-28 04:34:06,947][src.models.crn][INFO] - Input size of decoder: 6
[2025-01-28 04:34:06,973][src.data.cancer_sim.dataset][INFO] - train Dataset already processed
[2025-01-28 04:34:06,974][src.data.cancer_sim.dataset][INFO] - val Dataset already processed
[2025-01-28 04:34:06,974][src.data.cancer_sim.dataset][INFO] - Processing test dataset before training
[2025-01-28 04:35:00,839][src.data.cancer_sim.dataset][INFO] - Shape of processed test data: {'cancer_volume': (563559, 65), 'chemo_application': (563559, 65), 'radio_application': (563559, 65), 'sequence_lengths': (563559,), 'patient_types': (563559,), 'patient_ids_all_trajectories': (563559,), 'patient_current_t': (563559,), 'prev_treatments': (563559, 64, 4), 'current_treatments': (563559, 64, 4), 'current_covariates': (563559, 64, 2), 'outputs': (563559, 64, 1), 'active_entries': (563559, 64, 1), 'unscaled_outputs': (563559, 64, 1), 'prev_outputs': (563559, 64, 1), 'static_features': (563559, 1)}
[2025-01-28 04:35:00,842][src.models.time_varying_model][INFO] - Balanced representations inference for train.
[2025-01-28 04:35:05,141][src.models.time_varying_model][INFO] - Balanced representations inference for val.
[2025-01-28 04:35:05,783][src.models.time_varying_model][INFO] - Balanced representations inference for test.
[2025-01-28 04:35:51,086][src.models.time_varying_model][INFO] - Predictions for test.
[2025-01-28 04:36:41,592][src.data.cancer_sim.dataset][INFO] - Processing train dataset before training (multiple sequences)
[2025-01-28 04:36:44,479][src.data.cancer_sim.dataset][INFO] - Shape of processed train data: {'init_state': (515057, 24), 'original_index': (515057,), 'active_encoder_r': (515057, 59), 'prev_treatments': (515057, 5, 4), 'current_treatments': (515057, 5, 4), 'current_covariates': (515057, 5, 2), 'prev_outputs': (515057, 5, 1), 'static_features': (515057, 1), 'outputs': (515057, 5, 1), 'sequence_lengths': (515057,), 'active_entries': (515057, 5, 1), 'unscaled_outputs': (515057, 5, 1)}
[2025-01-28 04:36:44,481][src.data.cancer_sim.dataset][INFO] - Processing val dataset before training (multiple sequences)
[2025-01-28 04:36:44,786][src.data.cancer_sim.dataset][INFO] - Shape of processed val data: {'init_state': (51859, 24), 'original_index': (51859,), 'active_encoder_r': (51859, 59), 'prev_treatments': (51859, 5, 4), 'current_treatments': (51859, 5, 4), 'current_covariates': (51859, 5, 2), 'prev_outputs': (51859, 5, 1), 'static_features': (51859, 1), 'outputs': (51859, 5, 1), 'sequence_lengths': (51859,), 'active_entries': (51859, 5, 1), 'unscaled_outputs': (51859, 5, 1)}
[2025-01-28 04:36:44,786][src.data.cancer_sim.dataset][INFO] - Processing test dataset before testing (multiple sequences)
[2025-01-28 04:36:53,242][src.data.cancer_sim.dataset][INFO] - Shape of processed test data: {'active_encoder_r': (563559, 59), 'prev_treatments': (563559, 5, 4), 'current_treatments': (563559, 5, 4), 'current_covariates': (563559, 5, 2), 'prev_outputs': (563559, 5, 1), 'static_features': (563559, 1), 'outputs': (563559, 5, 1), 'sequence_lengths': (563559,), 'active_entries': (563559, 5, 1), 'unscaled_outputs': (563559, 5, 1), 'patient_types': (563559,), 'patient_ids_all_trajectories': (563559,), 'patient_current_t': (563559,), 'init_state': (563559, 24)}
[2025-01-28 04:36:53,304][src.data.cancer_sim.dataset][INFO] - Processing test dataset before testing (autoregressive)
[2025-01-28 04:36:57,889][src.data.cancer_sim.dataset][INFO] - Shape of processed test data: {'current_covariates': (563559, 5, 2), 'prev_treatments': (563559, 5, 4), 'current_treatments': (563559, 5, 4), 'init_state': (563559, 24), 'active_encoder_r': (563559, 59), 'active_entries': (563559, 5, 1), 'prev_outputs': (563559, 5, 1), 'static_features': (563559, 1)}
[2025-01-28 04:51:20,020][src.models.time_varying_model][INFO] - RMSE calculation for val.
[2025-01-28 04:51:20,021][src.models.time_varying_model][INFO] - Predictions for val.
[2025-01-28 04:51:22,902][__main__][INFO] - Val normalised RMSE (all): 0.33819756870350093; Val normalised RMSE (orig): 0.33819756870350004
[2025-01-28 04:51:22,903][src.models.time_varying_model][INFO] - RMSE calculation for test.
[2025-01-28 04:51:22,903][src.models.time_varying_model][INFO] - Autoregressive Prediction for test.
[2025-01-28 04:51:22,915][src.models.time_varying_model][INFO] - t = 2
[2025-01-28 04:51:22,915][src.models.time_varying_model][INFO] - Predictions for test.
[2025-01-28 04:51:44,379][src.models.time_varying_model][INFO] - t = 3
[2025-01-28 04:51:44,380][src.models.time_varying_model][INFO] - Predictions for test.
[2025-01-28 04:52:06,611][src.models.time_varying_model][INFO] - t = 4
[2025-01-28 04:52:06,612][src.models.time_varying_model][INFO] - Predictions for test.
[2025-01-28 04:52:28,190][src.models.time_varying_model][INFO] - t = 5
[2025-01-28 04:52:28,190][src.models.time_varying_model][INFO] - Predictions for test.
[2025-01-28 04:52:50,102][src.models.time_varying_model][INFO] - t = 6
[2025-01-28 04:52:50,102][src.models.time_varying_model][INFO] - Predictions for test.
[2025-01-28 04:53:13,440][__main__][INFO] - Test normalised RMSE (n-step prediction): {'2-step': 1.8112637030506897, '3-step': 1.862340753840704, '4-step': 1.915421815514713, '5-step': 1.9353264613646786, '6-step': 1.913194124015318}
