[2025-01-24 19:58:44,956][__main__][INFO] - 
model:
  dim_treatments: ???
  dim_vitals: ???
  dim_static_features: ???
  dim_outcomes: ???
  name: CRN
  encoder:
    _target_: src.models.crn.CRNEncoder
    seq_hidden_units: 74
    br_size: 74
    fc_hidden_units: 37
    dropout_rate: 0.1
    num_layer: 1
    batch_size: 128
    optimizer:
      optimizer_cls: adam
      learning_rate: 0.001
      weight_decay: 0.0
      lr_scheduler: false
    tune_hparams: false
    tune_range: 50
    hparams_grid: null
    resources_per_trial: null
  train_decoder: true
  decoder:
    _target_: src.models.crn.CRNDecoder
    seq_hidden_units: null
    br_size: 98
    fc_hidden_units: 98
    dropout_rate: 0.1
    num_layer: 2
    batch_size: 512
    optimizer:
      optimizer_cls: adam
      learning_rate: 0.0001
      weight_decay: 0.0
      lr_scheduler: false
    tune_hparams: false
    tune_range: 30
    hparams_grid: null
    resources_per_trial: null
dataset:
  val_batch_size: 512
  treatment_mode: multilabel
  _target_: src.data.MIMIC3SyntheticDatasetCollection
  seed: 101
  name: mimic3_synthetic
  path: data/processed/all_hourly_data.h5
  min_seq_length: 20
  max_seq_length: 100
  max_number: 1000
  data_seed: 101
  projection_horizon: 10
  n_treatments_seq: 10
  split:
    val: 0.2
    test: 0.2
  autoregressive: true
  random: false
  vital_list:
  - heart rate
  - red blood cell count
  - sodium
  - mean blood pressure
  - systemic vascular resistance
  - glucose
  - chloride urine
  - glascow coma scale total
  - hematocrit
  - positive end-expiratory pressure set
  - respiratory rate
  - prothrombin time pt
  - cholesterol
  - hemoglobin
  - creatinine
  - blood urea nitrogen
  - bicarbonate
  - calcium ionized
  - partial pressure of carbon dioxide
  - magnesium
  - anion gap
  - phosphorous
  - venous pvo2
  - platelets
  - calcium urine
  static_list:
  - gender
  - ethnicity
  - age
  drop_first: false
  synth_outcomes_list:
  - _target_: src.data.mimic_iii.SyntheticOutcomeGenerator
    exogeneous_vars:
    - heart rate
    - glucose
    - sodium
    exog_dependency:
      _target_: src.data.mimic_iii.utils.RandomFourierFeaturesFunction
      input_dim: 3
      gamma: 0.005
      scale: 40.0
    exog_weight: 0.9
    endo_dependency:
      _target_: src.data.mimic_iii.utils.DiscretizedRandomGPFunction
      kernels:
      - _target_: sklearn.gaussian_process.kernels.Matern
        length_scale: 25.0
        nu: 2.5
      - _target_: sklearn.gaussian_process.kernels.WhiteKernel
        noise_level: 0.005
    endo_rand_weight: 0.4
    endo_spline_weight: 2.0
    outcome_name: y1
  - _target_: src.data.mimic_iii.SyntheticOutcomeGenerator
    exogeneous_vars:
    - heart rate
    - glucose
    - anion gap
    exog_dependency:
      _target_: src.data.mimic_iii.utils.RandomFourierFeaturesFunction
      input_dim: 3
      gamma: 0.005
      scale: 40.0
    exog_weight: 1.0
    endo_dependency:
      _target_: src.data.mimic_iii.utils.DiscretizedRandomGPFunction
      kernels:
      - _target_: sklearn.gaussian_process.kernels.Matern
        length_scale: 25.0
        nu: 2.5
      - _target_: sklearn.gaussian_process.kernels.WhiteKernel
        noise_level: 0.001
    endo_rand_weight: 0.5
    endo_spline_weight: 3.5
    outcome_name: y2
  synth_treatments_list:
  - _target_: src.data.mimic_iii.SyntheticTreatment
    confounding_vars:
    - blood urea nitrogen
    - glucose
    - sodium
    confounder_outcomes:
    - y1
    confounding_dependency:
      _target_: src.data.mimic_iii.utils.RandomFourierFeaturesFunction
      input_dim: 3
      gamma: 0.01
      scale: 30.0
    window: 3
    conf_outcome_weight: 2.5
    conf_vars_weight: 2.5
    bias: 0.0
    full_effect: -1.0
    effect_window: 20
    treatment_name: t1
  - _target_: src.data.mimic_iii.SyntheticTreatment
    confounding_vars:
    - systemic vascular resistance
    - bicarbonate
    - anion gap
    confounder_outcomes:
    - y1
    - y2
    confounding_dependency:
      _target_: src.data.mimic_iii.utils.RandomFourierFeaturesFunction
      input_dim: 3
      gamma: 0.01
      scale: 30.0
    window: 3
    conf_outcome_weight: 2.0
    conf_vars_weight: 0.25
    bias: 1.0
    full_effect: -1.0
    effect_window: 20
    treatment_name: t2
  - _target_: src.data.mimic_iii.SyntheticTreatment
    confounding_vars:
    - chloride urine
    - glucose
    - sodium
    - systemic vascular resistance
    - magnesium
    - anion gap
    confounder_outcomes:
    - y2
    confounding_dependency:
      _target_: src.data.mimic_iii.utils.RandomFourierFeaturesFunction
      input_dim: 6
      gamma: 0.01
      scale: 30.0
    window: 20
    conf_outcome_weight: 1.5
    conf_vars_weight: 0.25
    bias: 0.0
    full_effect: -0.75
    effect_window: 7
    treatment_name: t3
  treatment_outcomes_influence:
    y1:
    - t1
    - t2
    y2:
    - t2
    - t3
  noise_percentage: 0.05
exp:
  seed: 101
  gpus:
  - 0
  max_epochs: 500
  logging: true
  mlflow_uri: http://127.0.0.1:5000
  unscale_rmse: false
  percentage_rmse: false
  alpha: 0
  update_alpha: true
  alpha_rate: exp
  initial_balancing_method: grad_reverse
  final_balancing_method: grad_reverse
  bce_weight: false
  weights_ema: true
  beta: 0.99
  alpha_wass: 1.0e-05
  alpha_wass_epoch: false
  alpha_wass_growth: 0.001
  alpha_wass_max: 0.01
  balancing: grad_reverse
  balancing_switch_epoch: 499
  gap_epoch: 50
  num_timepoints: 99
  clustering_method: GMM
  number_clusters: 2
  checkpoint_dir: ./checkpoints/mimic3_synthetic/crn/1000_random

[2025-01-24 19:58:44,995][src.data.mimic_iii.load_data][INFO] - Loading MIMIC-III dataset from /opt/hpcaas/.mounts/fs-08d5b24cdba02ca24/home/yilingliu/CausalTransformer_rebuttal/data/processed/all_hourly_data.h5.
[2025-01-24 19:58:54,331][src.data.mimic_iii.load_data][INFO] - Number of patients filtered: 1000.
[2025-01-24 19:58:54,405][src.data.mimic_iii.semi_synthetic_dataset][INFO] - Simulating untreated outcome y1
[2025-01-24 19:58:54,521][src.data.mimic_iii.semi_synthetic_dataset][INFO] - Simulating untreated outcome y2
[2025-01-24 19:58:54,634][src.data.mimic_iii.semi_synthetic_dataset][INFO] - Simulating factual treatments and applying them to outcomes.
[2025-01-24 20:07:21,275][src.data.mimic_iii.semi_synthetic_dataset][INFO] - Shape of exploded vitals: (600, 100, 25).
[2025-01-24 20:07:21,278][src.data.mimic_iii.semi_synthetic_dataset][INFO] - Simulating untreated outcome y1
[2025-01-24 20:07:21,323][src.data.mimic_iii.semi_synthetic_dataset][INFO] - Simulating untreated outcome y2
[2025-01-24 20:07:21,374][src.data.mimic_iii.semi_synthetic_dataset][INFO] - Simulating factual treatments and applying them to outcomes.
[2025-01-24 20:09:09,231][src.data.mimic_iii.semi_synthetic_dataset][INFO] - Shape of exploded vitals: (200, 100, 25).
[2025-01-24 20:09:09,234][src.data.mimic_iii.semi_synthetic_dataset][INFO] - Simulating untreated outcome y1
[2025-01-24 20:09:09,318][src.data.mimic_iii.semi_synthetic_dataset][INFO] - Simulating untreated outcome y2
[2025-01-24 20:09:09,368][src.data.mimic_iii.semi_synthetic_dataset][INFO] - Simulating counterfactual_one_step treatments and applying them to outcomes.
[2025-01-24 20:27:24,347][src.data.mimic_iii.semi_synthetic_dataset][INFO] - Concatenating all the trajectories together.
[2025-01-24 20:27:37,782][src.data.mimic_iii.semi_synthetic_dataset][INFO] - Shape of exploded vitals: (89984, 100, 25).
[2025-01-24 20:27:37,784][src.data.mimic_iii.semi_synthetic_dataset][INFO] - Simulating untreated outcome y1
[2025-01-24 20:27:37,879][src.data.mimic_iii.semi_synthetic_dataset][INFO] - Simulating untreated outcome y2
[2025-01-24 20:27:37,929][src.data.mimic_iii.semi_synthetic_dataset][INFO] - Simulating counterfactual_treatment_seq treatments and applying them to outcomes.
[2025-01-24 23:17:59,516][src.data.mimic_iii.semi_synthetic_dataset][INFO] - Concatenating all the trajectories together.
[2025-01-24 23:18:13,919][src.data.mimic_iii.semi_synthetic_dataset][INFO] - Shape of exploded vitals: (92480, 100, 25).
[2025-01-24 23:18:38,248][src.data.mimic_iii.semi_synthetic_dataset][INFO] - Performing normalisation.
[2025-01-24 23:18:38,257][src.data.mimic_iii.semi_synthetic_dataset][INFO] - Processing train dataset before training
[2025-01-24 23:18:38,258][src.data.mimic_iii.semi_synthetic_dataset][INFO] - Shape of processed train data: {'sequence_lengths': (600,), 'prev_treatments': (600, 99, 3), 'vitals': (600, 99, 25), 'next_vitals': (600, 98, 25), 'current_treatments': (600, 99, 3), 'static_features': (600, 44), 'active_entries': (600, 99, 1), 'unscaled_outputs': (600, 99, 2), 'prev_unscaled_outputs': (600, 99, 2), 'outputs': (600, 99, 2), 'prev_outputs': (600, 99, 2)}
[2025-01-24 23:18:38,258][src.data.mimic_iii.semi_synthetic_dataset][INFO] - Processing val dataset before training
[2025-01-24 23:18:38,259][src.data.mimic_iii.semi_synthetic_dataset][INFO] - Shape of processed val data: {'sequence_lengths': (200,), 'prev_treatments': (200, 99, 3), 'vitals': (200, 99, 25), 'next_vitals': (200, 98, 25), 'current_treatments': (200, 99, 3), 'static_features': (200, 44), 'active_entries': (200, 99, 1), 'unscaled_outputs': (200, 99, 2), 'prev_unscaled_outputs': (200, 99, 2), 'outputs': (200, 99, 2), 'prev_outputs': (200, 99, 2)}
[2025-01-24 23:18:38,259][src.data.mimic_iii.semi_synthetic_dataset][INFO] - Processing test dataset before training
[2025-01-24 23:18:38,429][src.data.mimic_iii.semi_synthetic_dataset][INFO] - Shape of processed test data: {'sequence_lengths': (89984,), 'prev_treatments': (89984, 99, 3), 'vitals': (89984, 99, 25), 'next_vitals': (89984, 98, 25), 'current_treatments': (89984, 99, 3), 'static_features': (89984, 44), 'active_entries': (89984, 99, 1), 'unscaled_outputs': (89984, 99, 2), 'prev_unscaled_outputs': (89984, 99, 2), 'outputs': (89984, 99, 2), 'prev_outputs': (89984, 99, 2)}
[2025-01-24 23:18:39,110][src.models.crn][INFO] - Input size of encoder: 74
[2025-01-24 23:21:37,048][src.models.time_varying_model][INFO] - RMSE calculation for val.
[2025-01-24 23:21:37,048][src.models.time_varying_model][INFO] - Predictions for val.
[2025-01-24 23:21:37,745][__main__][INFO] - Val normalised RMSE (all): 0.2369266135736993; Val normalised RMSE (orig): 0.25230987824645035
[2025-01-24 23:21:37,746][src.models.time_varying_model][INFO] - RMSE calculation for test.
[2025-01-24 23:21:37,746][src.models.time_varying_model][INFO] - Predictions for test.
[2025-01-24 23:21:51,919][__main__][INFO] - Test normalised RMSE (all): 0.22913680950221604; Test normalised RMSE (orig): 0.2123540331951292; Test normalised RMSE (only counterfactual): 0.2695159194387931
[2025-01-24 23:21:51,982][src.models.crn][INFO] - Input size of decoder: 49
[2025-01-24 23:21:52,004][src.data.mimic_iii.semi_synthetic_dataset][INFO] - train Dataset already processed
[2025-01-24 23:21:52,004][src.data.mimic_iii.semi_synthetic_dataset][INFO] - val Dataset already processed
[2025-01-24 23:21:52,004][src.data.mimic_iii.semi_synthetic_dataset][INFO] - Processing test dataset before training
[2025-01-24 23:21:52,231][src.data.mimic_iii.semi_synthetic_dataset][INFO] - Shape of processed test data: {'sequence_lengths': (92480,), 'prev_treatments': (92480, 99, 3), 'vitals': (92480, 99, 25), 'next_vitals': (92480, 98, 25), 'current_treatments': (92480, 99, 3), 'static_features': (92480, 44), 'active_entries': (92480, 99, 1), 'unscaled_outputs': (92480, 99, 2), 'prev_unscaled_outputs': (92480, 99, 2), 'outputs': (92480, 99, 2), 'prev_outputs': (92480, 99, 2)}
[2025-01-24 23:21:52,231][src.models.time_varying_model][INFO] - Balanced representations inference for train.
[2025-01-24 23:21:52,787][src.models.time_varying_model][INFO] - Balanced representations inference for val.
[2025-01-24 23:21:53,232][src.models.time_varying_model][INFO] - Balanced representations inference for test.
[2025-01-24 23:22:03,536][src.models.time_varying_model][INFO] - Predictions for test.
[2025-01-24 23:22:17,537][src.data.mimic_iii.real_dataset][INFO] - Processing train dataset before training (multiple sequences)
[2025-01-24 23:22:17,793][src.data.mimic_iii.real_dataset][INFO] - Shape of processed train data: {'init_state': (26047, 74), 'original_index': (26047,), 'active_encoder_r': (26047, 99), 'prev_treatments': (26047, 10, 3), 'current_treatments': (26047, 10, 3), 'static_features': (26047, 44), 'prev_outputs': (26047, 10, 2), 'outputs': (26047, 10, 2), 'unscaled_outputs': (26047, 10, 2), 'sequence_lengths': (26047,), 'active_entries': (26047, 10, 1)}
[2025-01-24 23:22:17,794][src.data.mimic_iii.real_dataset][INFO] - Processing val dataset before training (multiple sequences)
[2025-01-24 23:22:17,863][src.data.mimic_iii.real_dataset][INFO] - Shape of processed val data: {'init_state': (8739, 74), 'original_index': (8739,), 'active_encoder_r': (8739, 99), 'prev_treatments': (8739, 10, 3), 'current_treatments': (8739, 10, 3), 'static_features': (8739, 44), 'prev_outputs': (8739, 10, 2), 'outputs': (8739, 10, 2), 'unscaled_outputs': (8739, 10, 2), 'sequence_lengths': (8739,), 'active_entries': (8739, 10, 1)}
[2025-01-24 23:22:17,864][src.data.mimic_iii.real_dataset][INFO] - Processing test dataset before testing (multiple sequences)
[2025-01-24 23:22:20,425][src.data.mimic_iii.real_dataset][INFO] - Shape of processed test data: {'original_index': (92480,), 'active_encoder_r': (92480, 89), 'prev_treatments': (92480, 10, 3), 'current_treatments': (92480, 10, 3), 'static_features': (92480, 44), 'prev_outputs': (92480, 10, 2), 'outputs': (92480, 10, 2), 'unscaled_outputs': (92480, 10, 2), 'sequence_lengths': (92480,), 'active_entries': (92480, 10, 1), 'init_state': (92480, 74)}
[2025-01-24 23:22:20,428][src.data.mimic_iii.real_dataset][INFO] - Processing test dataset before testing (autoregressive)
[2025-01-24 23:22:20,920][src.data.mimic_iii.real_dataset][INFO] - Shape of processed test data: {'prev_treatments': (92480, 10, 3), 'current_treatments': (92480, 10, 3), 'prev_outputs': (92480, 10, 2), 'init_state': (92480, 74), 'active_encoder_r': (92480, 89), 'active_entries': (92480, 10, 1), 'static_features': (92480, 44)}
[2025-01-24 23:45:11,610][src.models.time_varying_model][INFO] - RMSE calculation for val.
[2025-01-24 23:45:11,612][src.models.time_varying_model][INFO] - Predictions for val.
[2025-01-24 23:45:12,431][__main__][INFO] - Val normalised RMSE (all): 0.4591604908883708; Val normalised RMSE (orig): 0.4591604908883708
[2025-01-24 23:45:12,431][src.models.time_varying_model][INFO] - RMSE calculation for test.
[2025-01-24 23:45:12,432][src.models.time_varying_model][INFO] - Autoregressive Prediction for test.
[2025-01-24 23:45:12,441][src.models.time_varying_model][INFO] - t = 2
[2025-01-24 23:45:12,441][src.models.time_varying_model][INFO] - Predictions for test.
[2025-01-24 23:45:16,274][src.models.time_varying_model][INFO] - t = 3
[2025-01-24 23:45:16,274][src.models.time_varying_model][INFO] - Predictions for test.
[2025-01-24 23:45:20,003][src.models.time_varying_model][INFO] - t = 4
[2025-01-24 23:45:20,004][src.models.time_varying_model][INFO] - Predictions for test.
[2025-01-24 23:45:23,538][src.models.time_varying_model][INFO] - t = 5
[2025-01-24 23:45:23,538][src.models.time_varying_model][INFO] - Predictions for test.
[2025-01-24 23:45:27,026][src.models.time_varying_model][INFO] - t = 6
[2025-01-24 23:45:27,026][src.models.time_varying_model][INFO] - Predictions for test.
[2025-01-24 23:45:30,606][src.models.time_varying_model][INFO] - t = 7
[2025-01-24 23:45:30,606][src.models.time_varying_model][INFO] - Predictions for test.
[2025-01-24 23:45:34,093][src.models.time_varying_model][INFO] - t = 8
[2025-01-24 23:45:34,093][src.models.time_varying_model][INFO] - Predictions for test.
[2025-01-24 23:45:37,542][src.models.time_varying_model][INFO] - t = 9
[2025-01-24 23:45:37,543][src.models.time_varying_model][INFO] - Predictions for test.
[2025-01-24 23:45:40,895][src.models.time_varying_model][INFO] - t = 10
[2025-01-24 23:45:40,895][src.models.time_varying_model][INFO] - Predictions for test.
[2025-01-24 23:45:44,217][src.models.time_varying_model][INFO] - t = 11
[2025-01-24 23:45:44,217][src.models.time_varying_model][INFO] - Predictions for test.
[2025-01-24 23:45:47,744][__main__][INFO] - Test normalised RMSE (n-step prediction): {'2-step': 0.5729122415385982, '3-step': 0.7425086648351571, '4-step': 0.874959405698253, '5-step': 1.0302919313596475, '6-step': 1.1794549068236253, '7-step': 1.3116658551258742, '8-step': 1.4358951832743994, '9-step': 1.5546756263928194, '10-step': 1.6622190183486167, '11-step': 1.7568410841120161}
