[2025-01-27 03:38:07,559][__main__][INFO] - 
model:
  dim_treatments: 4
  dim_vitals: 0
  dim_static_features: 1
  dim_outcomes: 1
  name: CRN
  encoder:
    _target_: src.models.crn.CRNEncoder
    seq_hidden_units: 24
    br_size: 18
    fc_hidden_units: 36
    dropout_rate: 0.1
    num_layer: 1
    batch_size: 128
    optimizer:
      optimizer_cls: adam
      learning_rate: 0.001
      weight_decay: 0.0
      lr_scheduler: false
    tune_hparams: false
    tune_range: 50
    hparams_grid: null
    resources_per_trial: null
  train_decoder: true
  decoder:
    _target_: src.models.crn.CRNDecoder
    seq_hidden_units: null
    br_size: 24
    fc_hidden_units: 24
    dropout_rate: 0.2
    num_layer: 1
    batch_size: 512
    optimizer:
      optimizer_cls: adam
      learning_rate: 0.001
      weight_decay: 0.0
      lr_scheduler: false
    tune_hparams: false
    tune_range: 30
    hparams_grid: null
    resources_per_trial: null
dataset:
  val_batch_size: 512
  treatment_mode: multiclass
  _target_: src.data.SyntheticCancerDatasetCollection
  name: tumor_generator
  coeff: 0.0
  chemo_coeff: 0.0
  radio_coeff: 0.0
  seed: 10
  random: true
  noise_percentage: 0.03
  num_patients:
    train: 10000
    val: 1000
    test: 1000
  window_size: 15
  lag: 0
  max_seq_length: 60
  projection_horizon: 5
  cf_seq_mode: sliding_treatment
exp:
  seed: 10
  gpus:
  - 0
  max_epochs: 120
  logging: true
  mlflow_uri: http://127.0.0.1:5000
  unscale_rmse: true
  percentage_rmse: true
  alpha: 0.01
  update_alpha: true
  alpha_rate: exp
  initial_balancing_method: grad_reverse
  final_balancing_method: subgroup
  bce_weight: false
  weights_ema: false
  beta: 0.99
  alpha_wass: 0.0001
  alpha_wass_epoch: false
  alpha_wass_growth: 0.001
  alpha_wass_max: 0.01
  balancing: grad_reverse
  balancing_switch_epoch: 99
  gap_epoch: 10
  clustering_method: GMM
  number_clusters: 2
  num_timepoints: 59
  checkpoint_dir: ./checkpoints/cancer/crn/0

[2025-01-27 03:38:07,583][root][INFO] - Simulating initial volumes for stage I  with norm params: mu=1.72, sigma=4.7, lb=-0.6221218732608373, ub=-0.023523848418276528
[2025-01-27 03:38:07,591][root][INFO] - Simulating initial volumes for stage II  with norm params: mu=1.96, sigma=1.63, lb=-1.9410876100159118, ub=0.3711345751297772
[2025-01-27 03:38:07,592][root][INFO] - Simulating initial volumes for stage IIIA  with norm params: mu=1.91, sigma=9.4, lb=-0.33127370258786554, ub=0.06967546355973796
[2025-01-27 03:38:07,593][root][INFO] - Simulating initial volumes for stage IIIB  with norm params: mu=2.76, sigma=6.87, lb=-0.5769974969906748, ub=-0.02839165102452155
[2025-01-27 03:38:07,596][root][INFO] - Simulating initial volumes for stage IV  with norm params: mu=3.86, sigma=8.82, lb=-0.5741465764541877, ub=-0.14683113860980307
[2025-01-27 03:38:07,619][root][INFO] - Got correlated params for 4658 patients
[2025-01-27 03:38:07,624][root][INFO] - Got correlated params for 9338 patients
[2025-01-27 03:38:07,629][root][INFO] - Got correlated params for 13912 patients
[2025-01-27 03:38:07,636][root][INFO] - Simulating beta_c parameters
[2025-01-27 03:38:07,642][root][INFO] - Randomising outputs
[2025-01-27 03:38:23,760][src.data.cancer_sim.dataset][INFO] - Processing train dataset before training
[2025-01-27 03:38:24,903][src.data.cancer_sim.dataset][INFO] - Shape of processed train data: {'cancer_volume': (10000, 60), 'chemo_dosage': (10000, 60), 'radio_dosage': (10000, 60), 'chemo_application': (10000, 60), 'radio_application': (10000, 60), 'chemo_probabilities': (10000, 60), 'radio_probabilities': (10000, 60), 'sequence_lengths': (10000,), 'death_flags': (10000, 60), 'recovery_flags': (10000, 60), 'patient_types': (10000,), 'prev_treatments': (10000, 59, 4), 'current_treatments': (10000, 59, 4), 'current_covariates': (10000, 59, 2), 'outputs': (10000, 59, 1), 'active_entries': (10000, 59, 1), 'unscaled_outputs': (10000, 59, 1), 'prev_outputs': (10000, 59, 1), 'static_features': (10000, 1)}
[2025-01-27 03:38:24,947][root][INFO] - Simulating initial volumes for stage I  with norm params: mu=1.72, sigma=4.7, lb=-0.6221218732608373, ub=-0.023523848418276528
[2025-01-27 03:38:24,948][root][INFO] - Simulating initial volumes for stage II  with norm params: mu=1.96, sigma=1.63, lb=-1.9410876100159118, ub=0.3711345751297772
[2025-01-27 03:38:24,949][root][INFO] - Simulating initial volumes for stage IIIA  with norm params: mu=1.91, sigma=9.4, lb=-0.33127370258786554, ub=0.06967546355973796
[2025-01-27 03:38:24,949][root][INFO] - Simulating initial volumes for stage IIIB  with norm params: mu=2.76, sigma=6.87, lb=-0.5769974969906748, ub=-0.02839165102452155
[2025-01-27 03:38:24,950][root][INFO] - Simulating initial volumes for stage IV  with norm params: mu=3.86, sigma=8.82, lb=-0.5741465764541877, ub=-0.14683113860980307
[2025-01-27 03:38:24,952][root][INFO] - Got correlated params for 466 patients
[2025-01-27 03:38:24,953][root][INFO] - Got correlated params for 931 patients
[2025-01-27 03:38:24,954][root][INFO] - Got correlated params for 1402 patients
[2025-01-27 03:38:24,955][root][INFO] - Simulating beta_c parameters
[2025-01-27 03:38:24,956][root][INFO] - Randomising outputs
[2025-01-27 03:38:26,550][root][INFO] - Simulating initial volumes for stage I  with norm params: mu=1.72, sigma=4.7, lb=-0.6221218732608373, ub=-0.023523848418276528
[2025-01-27 03:38:26,550][root][INFO] - Simulating initial volumes for stage II  with norm params: mu=1.96, sigma=1.63, lb=-1.9410876100159118, ub=0.3711345751297772
[2025-01-27 03:38:26,551][root][INFO] - Simulating initial volumes for stage IIIA  with norm params: mu=1.91, sigma=9.4, lb=-0.33127370258786554, ub=0.06967546355973796
[2025-01-27 03:38:26,552][root][INFO] - Simulating initial volumes for stage IIIB  with norm params: mu=2.76, sigma=6.87, lb=-0.5769974969906748, ub=-0.02839165102452155
[2025-01-27 03:38:26,552][root][INFO] - Simulating initial volumes for stage IV  with norm params: mu=3.86, sigma=8.82, lb=-0.5741465764541877, ub=-0.14683113860980307
[2025-01-27 03:38:26,554][root][INFO] - Got correlated params for 484 patients
[2025-01-27 03:38:26,555][root][INFO] - Got correlated params for 931 patients
[2025-01-27 03:38:26,556][root][INFO] - Got correlated params for 1397 patients
[2025-01-27 03:38:26,557][root][INFO] - Simulating beta_c parameters
[2025-01-27 03:38:26,558][root][INFO] - Randomising outputs
[2025-01-27 03:38:32,362][root][INFO] - Simulating initial volumes for stage I  with norm params: mu=1.72, sigma=4.7, lb=-0.6221218732608373, ub=-0.023523848418276528
[2025-01-27 03:38:32,363][root][INFO] - Simulating initial volumes for stage II  with norm params: mu=1.96, sigma=1.63, lb=-1.9410876100159118, ub=0.3711345751297772
[2025-01-27 03:38:32,364][root][INFO] - Simulating initial volumes for stage IIIA  with norm params: mu=1.91, sigma=9.4, lb=-0.33127370258786554, ub=0.06967546355973796
[2025-01-27 03:38:32,364][root][INFO] - Simulating initial volumes for stage IIIB  with norm params: mu=2.76, sigma=6.87, lb=-0.5769974969906748, ub=-0.02839165102452155
[2025-01-27 03:38:32,365][root][INFO] - Simulating initial volumes for stage IV  with norm params: mu=3.86, sigma=8.82, lb=-0.5741465764541877, ub=-0.14683113860980307
[2025-01-27 03:38:32,367][root][INFO] - Got correlated params for 476 patients
[2025-01-27 03:38:32,368][root][INFO] - Got correlated params for 945 patients
[2025-01-27 03:38:32,369][root][INFO] - Got correlated params for 1393 patients
[2025-01-27 03:38:32,370][root][INFO] - Simulating beta_c parameters
[2025-01-27 03:38:32,371][root][INFO] - Randomising outputs
[2025-01-27 03:38:59,587][src.data.cancer_sim.dataset][INFO] - train Dataset already processed
[2025-01-27 03:38:59,588][src.data.cancer_sim.dataset][INFO] - Processing val dataset before training
[2025-01-27 03:38:59,702][src.data.cancer_sim.dataset][INFO] - Shape of processed val data: {'cancer_volume': (1000, 60), 'chemo_dosage': (1000, 60), 'radio_dosage': (1000, 60), 'chemo_application': (1000, 60), 'radio_application': (1000, 60), 'chemo_probabilities': (1000, 60), 'radio_probabilities': (1000, 60), 'sequence_lengths': (1000,), 'death_flags': (1000, 60), 'recovery_flags': (1000, 60), 'patient_types': (1000,), 'prev_treatments': (1000, 59, 4), 'current_treatments': (1000, 59, 4), 'current_covariates': (1000, 59, 2), 'outputs': (1000, 59, 1), 'active_entries': (1000, 59, 1), 'unscaled_outputs': (1000, 59, 1), 'prev_outputs': (1000, 59, 1), 'static_features': (1000, 1)}
[2025-01-27 03:38:59,702][src.data.cancer_sim.dataset][INFO] - Processing test dataset before training
[2025-01-27 03:39:19,554][src.data.cancer_sim.dataset][INFO] - Shape of processed test data: {'cancer_volume': (205140, 60), 'chemo_application': (205140, 60), 'radio_application': (205140, 60), 'sequence_lengths': (205140,), 'patient_types': (205140,), 'prev_treatments': (205140, 59, 4), 'current_treatments': (205140, 59, 4), 'current_covariates': (205140, 59, 2), 'outputs': (205140, 59, 1), 'active_entries': (205140, 59, 1), 'unscaled_outputs': (205140, 59, 1), 'prev_outputs': (205140, 59, 1), 'static_features': (205140, 1)}
[2025-01-27 03:39:20,093][src.models.crn][INFO] - Input size of encoder: 6
[2025-01-27 04:00:15,007][src.models.time_varying_model][INFO] - RMSE calculation for val.
[2025-01-27 04:00:15,008][src.models.time_varying_model][INFO] - Predictions for val.
[2025-01-27 04:00:15,570][__main__][INFO] - Val normalised RMSE (all): 0.6860131174002231; Val normalised RMSE (orig): 0.6443922909608111
[2025-01-27 04:00:15,570][src.models.time_varying_model][INFO] - RMSE calculation for test.
[2025-01-27 04:00:15,571][src.models.time_varying_model][INFO] - Predictions for test.
[2025-01-27 04:00:30,387][__main__][INFO] - Test normalised RMSE (all): 0.820109303350806; Test normalised RMSE (orig): 0.5717990031057862; Test normalised RMSE (only counterfactual): 0.7516684524462313
[2025-01-27 04:00:30,442][src.models.crn][INFO] - Input size of decoder: 6
[2025-01-27 04:00:30,471][src.data.cancer_sim.dataset][INFO] - train Dataset already processed
[2025-01-27 04:00:30,471][src.data.cancer_sim.dataset][INFO] - val Dataset already processed
[2025-01-27 04:00:30,472][src.data.cancer_sim.dataset][INFO] - Processing test dataset before training
[2025-01-27 04:01:24,771][src.data.cancer_sim.dataset][INFO] - Shape of processed test data: {'cancer_volume': (512490, 65), 'chemo_application': (512490, 65), 'radio_application': (512490, 65), 'sequence_lengths': (512490,), 'patient_types': (512490,), 'patient_ids_all_trajectories': (512490,), 'patient_current_t': (512490,), 'prev_treatments': (512490, 64, 4), 'current_treatments': (512490, 64, 4), 'current_covariates': (512490, 64, 2), 'outputs': (512490, 64, 1), 'active_entries': (512490, 64, 1), 'unscaled_outputs': (512490, 64, 1), 'prev_outputs': (512490, 64, 1), 'static_features': (512490, 1)}
[2025-01-27 04:01:24,774][src.models.time_varying_model][INFO] - Balanced representations inference for train.
[2025-01-27 04:01:26,147][src.models.time_varying_model][INFO] - Balanced representations inference for val.
[2025-01-27 04:01:26,648][src.models.time_varying_model][INFO] - Balanced representations inference for test.
[2025-01-27 04:02:03,099][src.models.time_varying_model][INFO] - Predictions for test.
[2025-01-27 04:02:40,510][src.data.cancer_sim.dataset][INFO] - Processing train dataset before training (multiple sequences)
[2025-01-27 04:02:42,960][src.data.cancer_sim.dataset][INFO] - Shape of processed train data: {'init_state': (453842, 18), 'original_index': (453842,), 'active_encoder_r': (453842, 59), 'prev_treatments': (453842, 5, 4), 'current_treatments': (453842, 5, 4), 'current_covariates': (453842, 5, 2), 'prev_outputs': (453842, 5, 1), 'static_features': (453842, 1), 'outputs': (453842, 5, 1), 'sequence_lengths': (453842,), 'active_entries': (453842, 5, 1), 'unscaled_outputs': (453842, 5, 1)}
[2025-01-27 04:02:42,962][src.data.cancer_sim.dataset][INFO] - Processing val dataset before training (multiple sequences)
[2025-01-27 04:02:43,212][src.data.cancer_sim.dataset][INFO] - Shape of processed val data: {'init_state': (45757, 18), 'original_index': (45757,), 'active_encoder_r': (45757, 59), 'prev_treatments': (45757, 5, 4), 'current_treatments': (45757, 5, 4), 'current_covariates': (45757, 5, 2), 'prev_outputs': (45757, 5, 1), 'static_features': (45757, 1), 'outputs': (45757, 5, 1), 'sequence_lengths': (45757,), 'active_entries': (45757, 5, 1), 'unscaled_outputs': (45757, 5, 1)}
[2025-01-27 04:02:43,212][src.data.cancer_sim.dataset][INFO] - Processing test dataset before testing (multiple sequences)
[2025-01-27 04:02:50,516][src.data.cancer_sim.dataset][INFO] - Shape of processed test data: {'active_encoder_r': (512490, 59), 'prev_treatments': (512490, 5, 4), 'current_treatments': (512490, 5, 4), 'current_covariates': (512490, 5, 2), 'prev_outputs': (512490, 5, 1), 'static_features': (512490, 1), 'outputs': (512490, 5, 1), 'sequence_lengths': (512490,), 'active_entries': (512490, 5, 1), 'unscaled_outputs': (512490, 5, 1), 'patient_types': (512490,), 'patient_ids_all_trajectories': (512490,), 'patient_current_t': (512490,), 'init_state': (512490, 18)}
[2025-01-27 04:02:50,572][src.data.cancer_sim.dataset][INFO] - Processing test dataset before testing (autoregressive)
[2025-01-27 04:02:54,529][src.data.cancer_sim.dataset][INFO] - Shape of processed test data: {'current_covariates': (512490, 5, 2), 'prev_treatments': (512490, 5, 4), 'current_treatments': (512490, 5, 4), 'init_state': (512490, 18), 'active_encoder_r': (512490, 59), 'active_entries': (512490, 5, 1), 'prev_outputs': (512490, 5, 1), 'static_features': (512490, 1)}
[2025-01-27 04:13:36,724][src.models.time_varying_model][INFO] - RMSE calculation for val.
[2025-01-27 04:13:36,726][src.models.time_varying_model][INFO] - Predictions for val.
[2025-01-27 04:13:39,123][__main__][INFO] - Val normalised RMSE (all): 0.414618468156758; Val normalised RMSE (orig): 0.4146184681567571
[2025-01-27 04:13:39,124][src.models.time_varying_model][INFO] - RMSE calculation for test.
[2025-01-27 04:13:39,124][src.models.time_varying_model][INFO] - Autoregressive Prediction for test.
[2025-01-27 04:13:39,134][src.models.time_varying_model][INFO] - t = 2
[2025-01-27 04:13:39,134][src.models.time_varying_model][INFO] - Predictions for test.
[2025-01-27 04:13:56,483][src.models.time_varying_model][INFO] - t = 3
[2025-01-27 04:13:56,483][src.models.time_varying_model][INFO] - Predictions for test.
[2025-01-27 04:14:14,509][src.models.time_varying_model][INFO] - t = 4
[2025-01-27 04:14:14,509][src.models.time_varying_model][INFO] - Predictions for test.
[2025-01-27 04:14:32,731][src.models.time_varying_model][INFO] - t = 5
[2025-01-27 04:14:32,732][src.models.time_varying_model][INFO] - Predictions for test.
[2025-01-27 04:14:50,292][src.models.time_varying_model][INFO] - t = 6
[2025-01-27 04:14:50,292][src.models.time_varying_model][INFO] - Predictions for test.
[2025-01-27 04:15:09,337][__main__][INFO] - Test normalised RMSE (n-step prediction): {'2-step': 0.7008098496026062, '3-step': 0.737437248986802, '4-step': 0.7853744961336948, '5-step': 0.8369554742404679, '6-step': 0.8893241280401674}
