[2025-01-30 07:30:57,139][__main__][INFO] - 
model:
  dim_treatments: 4
  dim_vitals: 0
  dim_static_features: 1
  dim_outcomes: 1
  name: CT
  multi:
    _target_: src.models.ct.CT
    max_seq_length: 65
    seq_hidden_units: 12
    br_size: 16
    fc_hidden_units: 48
    dropout_rate: 0.1
    num_layer: 1
    num_heads: 2
    max_grad_norm: null
    batch_size: 1024
    attn_dropout: true
    disable_cross_attention: false
    isolate_subnetwork: _
    self_positional_encoding:
      absolute: false
      trainable: true
      max_relative_position: 15
    optimizer:
      optimizer_cls: adam
      learning_rate: 0.02
      weight_decay: 0.0
      lr_scheduler: false
    augment_with_masked_vitals: true
    tune_hparams: false
    tune_range: 50
    hparams_grid: null
    resources_per_trial: null
  self_positional_encoding:
    max_relative_position: 15
dataset:
  val_batch_size: 512
  treatment_mode: multiclass
  _target_: src.data.SyntheticCancerDatasetCollection
  name: tumor_generator
  coeff: 6.0
  chemo_coeff: 6.0
  radio_coeff: 6.0
  seed: 10
  random: false
  noise_percentage: 0.0
  num_patients:
    train: 10000
    val: 1000
    test: 1000
  window_size: 15
  lag: 0
  max_seq_length: 60
  projection_horizon: 5
  cf_seq_mode: sliding_treatment
exp:
  seed: 10
  gpus:
  - 0
  max_epochs: 120
  logging: true
  mlflow_uri: http://127.0.0.1:5000
  unscale_rmse: true
  percentage_rmse: true
  alpha: 0.01
  update_alpha: true
  alpha_rate: exp
  initial_balancing_method: domain_confusion
  final_balancing_method: subgroup
  bce_weight: false
  weights_ema: true
  beta: 0.99
  alpha_wass: 1
  alpha_wass_epoch: false
  alpha_wass_growth: 0.001
  alpha_wass_max: 0.01
  balancing_switch_epoch: 99
  clustering_method: KMeans
  number_clusters: 3
  num_timepoints: 59
  gap_epoch: 10
  checkpoint_dir: ./checkpoints/cancer/ct/SGA/6

[2025-01-30 07:30:57,161][root][INFO] - Simulating initial volumes for stage I  with norm params: mu=1.72, sigma=4.7, lb=-0.6221218732608373, ub=-0.023523848418276528
[2025-01-30 07:30:57,169][root][INFO] - Simulating initial volumes for stage II  with norm params: mu=1.96, sigma=1.63, lb=-1.9410876100159118, ub=0.3711345751297772
[2025-01-30 07:30:57,171][root][INFO] - Simulating initial volumes for stage IIIA  with norm params: mu=1.91, sigma=9.4, lb=-0.33127370258786554, ub=0.06967546355973796
[2025-01-30 07:30:57,172][root][INFO] - Simulating initial volumes for stage IIIB  with norm params: mu=2.76, sigma=6.87, lb=-0.5769974969906748, ub=-0.02839165102452155
[2025-01-30 07:30:57,174][root][INFO] - Simulating initial volumes for stage IV  with norm params: mu=3.86, sigma=8.82, lb=-0.5741465764541877, ub=-0.14683113860980307
[2025-01-30 07:30:57,198][root][INFO] - Got correlated params for 4658 patients
[2025-01-30 07:30:57,203][root][INFO] - Got correlated params for 9338 patients
[2025-01-30 07:30:57,207][root][INFO] - Got correlated params for 13912 patients
[2025-01-30 07:30:57,215][root][INFO] - Simulating beta_c parameters
[2025-01-30 07:30:57,220][root][INFO] - Randomising outputs
[2025-01-30 07:31:14,464][root][INFO] - Simulating initial volumes for stage I  with norm params: mu=1.72, sigma=4.7, lb=-0.6221218732608373, ub=-0.023523848418276528
[2025-01-30 07:31:14,467][root][INFO] - Simulating initial volumes for stage II  with norm params: mu=1.96, sigma=1.63, lb=-1.9410876100159118, ub=0.3711345751297772
[2025-01-30 07:31:14,467][root][INFO] - Simulating initial volumes for stage IIIA  with norm params: mu=1.91, sigma=9.4, lb=-0.33127370258786554, ub=0.06967546355973796
[2025-01-30 07:31:14,468][root][INFO] - Simulating initial volumes for stage IIIB  with norm params: mu=2.76, sigma=6.87, lb=-0.5769974969906748, ub=-0.02839165102452155
[2025-01-30 07:31:14,469][root][INFO] - Simulating initial volumes for stage IV  with norm params: mu=3.86, sigma=8.82, lb=-0.5741465764541877, ub=-0.14683113860980307
[2025-01-30 07:31:14,471][root][INFO] - Got correlated params for 464 patients
[2025-01-30 07:31:14,472][root][INFO] - Got correlated params for 942 patients
[2025-01-30 07:31:14,473][root][INFO] - Got correlated params for 1398 patients
[2025-01-30 07:31:14,474][root][INFO] - Simulating beta_c parameters
[2025-01-30 07:31:14,475][root][INFO] - Randomising outputs
[2025-01-30 07:31:16,193][root][INFO] - Simulating initial volumes for stage I  with norm params: mu=1.72, sigma=4.7, lb=-0.6221218732608373, ub=-0.023523848418276528
[2025-01-30 07:31:16,194][root][INFO] - Simulating initial volumes for stage II  with norm params: mu=1.96, sigma=1.63, lb=-1.9410876100159118, ub=0.3711345751297772
[2025-01-30 07:31:16,195][root][INFO] - Simulating initial volumes for stage IIIA  with norm params: mu=1.91, sigma=9.4, lb=-0.33127370258786554, ub=0.06967546355973796
[2025-01-30 07:31:16,195][root][INFO] - Simulating initial volumes for stage IIIB  with norm params: mu=2.76, sigma=6.87, lb=-0.5769974969906748, ub=-0.02839165102452155
[2025-01-30 07:31:16,196][root][INFO] - Simulating initial volumes for stage IV  with norm params: mu=3.86, sigma=8.82, lb=-0.5741465764541877, ub=-0.14683113860980307
[2025-01-30 07:31:16,198][root][INFO] - Got correlated params for 491 patients
[2025-01-30 07:31:16,199][root][INFO] - Got correlated params for 936 patients
[2025-01-30 07:31:16,200][root][INFO] - Got correlated params for 1396 patients
[2025-01-30 07:31:16,201][root][INFO] - Simulating beta_c parameters
[2025-01-30 07:31:16,202][root][INFO] - Randomising outputs
[2025-01-30 07:31:22,273][root][INFO] - Simulating initial volumes for stage I  with norm params: mu=1.72, sigma=4.7, lb=-0.6221218732608373, ub=-0.023523848418276528
[2025-01-30 07:31:22,274][root][INFO] - Simulating initial volumes for stage II  with norm params: mu=1.96, sigma=1.63, lb=-1.9410876100159118, ub=0.3711345751297772
[2025-01-30 07:31:22,274][root][INFO] - Simulating initial volumes for stage IIIA  with norm params: mu=1.91, sigma=9.4, lb=-0.33127370258786554, ub=0.06967546355973796
[2025-01-30 07:31:22,275][root][INFO] - Simulating initial volumes for stage IIIB  with norm params: mu=2.76, sigma=6.87, lb=-0.5769974969906748, ub=-0.02839165102452155
[2025-01-30 07:31:22,276][root][INFO] - Simulating initial volumes for stage IV  with norm params: mu=3.86, sigma=8.82, lb=-0.5741465764541877, ub=-0.14683113860980307
[2025-01-30 07:31:22,277][root][INFO] - Got correlated params for 434 patients
[2025-01-30 07:31:22,278][root][INFO] - Got correlated params for 874 patients
[2025-01-30 07:31:22,279][root][INFO] - Got correlated params for 1357 patients
[2025-01-30 07:31:22,280][root][INFO] - Simulating beta_c parameters
[2025-01-30 07:31:22,281][root][INFO] - Randomising outputs
[2025-01-30 07:31:50,001][src.data.cancer_sim.dataset][INFO] - Processing train dataset before training
[2025-01-30 07:31:50,893][src.data.cancer_sim.dataset][INFO] - Shape of processed train data: {'cancer_volume': (10000, 60), 'chemo_dosage': (10000, 60), 'radio_dosage': (10000, 60), 'chemo_application': (10000, 60), 'radio_application': (10000, 60), 'chemo_probabilities': (10000, 60), 'radio_probabilities': (10000, 60), 'sequence_lengths': (10000,), 'death_flags': (10000, 60), 'recovery_flags': (10000, 60), 'patient_types': (10000,), 'prev_treatments': (10000, 59, 4), 'current_treatments': (10000, 59, 4), 'current_covariates': (10000, 59, 2), 'outputs': (10000, 59, 1), 'active_entries': (10000, 59, 1), 'unscaled_outputs': (10000, 59, 1), 'prev_outputs': (10000, 59, 1), 'static_features': (10000, 1)}
[2025-01-30 07:31:50,894][src.data.cancer_sim.dataset][INFO] - Processing val dataset before training
[2025-01-30 07:31:50,983][src.data.cancer_sim.dataset][INFO] - Shape of processed val data: {'cancer_volume': (1000, 60), 'chemo_dosage': (1000, 60), 'radio_dosage': (1000, 60), 'chemo_application': (1000, 60), 'radio_application': (1000, 60), 'chemo_probabilities': (1000, 60), 'radio_probabilities': (1000, 60), 'sequence_lengths': (1000,), 'death_flags': (1000, 60), 'recovery_flags': (1000, 60), 'patient_types': (1000,), 'prev_treatments': (1000, 59, 4), 'current_treatments': (1000, 59, 4), 'current_covariates': (1000, 59, 2), 'outputs': (1000, 59, 1), 'active_entries': (1000, 59, 1), 'unscaled_outputs': (1000, 59, 1), 'prev_outputs': (1000, 59, 1), 'static_features': (1000, 1)}
[2025-01-30 07:31:50,983][src.data.cancer_sim.dataset][INFO] - Processing test dataset before training
[2025-01-30 07:32:10,227][src.data.cancer_sim.dataset][INFO] - Shape of processed test data: {'cancer_volume': (224868, 60), 'chemo_application': (224868, 60), 'radio_application': (224868, 60), 'sequence_lengths': (224868,), 'patient_types': (224868,), 'prev_treatments': (224868, 59, 4), 'current_treatments': (224868, 59, 4), 'current_covariates': (224868, 59, 2), 'outputs': (224868, 59, 1), 'active_entries': (224868, 59, 1), 'unscaled_outputs': (224868, 59, 1), 'prev_outputs': (224868, 59, 1), 'static_features': (224868, 1)}
[2025-01-30 07:32:10,229][src.data.cancer_sim.dataset][INFO] - Processing test dataset before training
[2025-01-30 07:33:02,294][src.data.cancer_sim.dataset][INFO] - Shape of processed test data: {'cancer_volume': (548744, 65), 'chemo_application': (548744, 65), 'radio_application': (548744, 65), 'sequence_lengths': (548744,), 'patient_types': (548744,), 'patient_ids_all_trajectories': (548744,), 'patient_current_t': (548744,), 'prev_treatments': (548744, 64, 4), 'current_treatments': (548744, 64, 4), 'current_covariates': (548744, 64, 2), 'outputs': (548744, 64, 1), 'active_entries': (548744, 64, 1), 'unscaled_outputs': (548744, 64, 1), 'prev_outputs': (548744, 64, 1), 'static_features': (548744, 1)}
[2025-01-30 07:33:02,297][src.data.cancer_sim.dataset][INFO] - Processing test dataset before testing (multiple sequences)
[2025-01-30 07:33:09,763][src.data.cancer_sim.dataset][INFO] - Shape of processed test data: {'active_encoder_r': (548744, 59), 'prev_treatments': (548744, 5, 4), 'current_treatments': (548744, 5, 4), 'current_covariates': (548744, 5, 2), 'prev_outputs': (548744, 5, 1), 'static_features': (548744, 1), 'outputs': (548744, 5, 1), 'sequence_lengths': (548744,), 'active_entries': (548744, 5, 1), 'unscaled_outputs': (548744, 5, 1), 'patient_types': (548744,), 'patient_ids_all_trajectories': (548744,), 'patient_current_t': (548744,)}
[2025-01-30 07:33:12,112][src.models.ct][INFO] - Max input size of multi: 4
[2025-01-30 07:36:47,379][src.models.time_varying_model][INFO] - RMSE calculation for val.
[2025-01-30 07:36:47,379][src.models.time_varying_model][INFO] - Predictions for val.
[2025-01-30 07:36:48,158][__main__][INFO] - Val normalised RMSE (all): 0.6388466801447247; Val normalised RMSE (orig): 0.6311286666025182
[2025-01-30 07:36:48,158][src.models.time_varying_model][INFO] - RMSE calculation for test.
[2025-01-30 07:36:48,158][src.models.time_varying_model][INFO] - Predictions for test.
[2025-01-30 07:37:06,080][__main__][INFO] - Test normalised RMSE (all): 2.013555238994987; Test normalised RMSE (orig): 1.9589755827800857; Test normalised RMSE (only counterfactual): 2.2428600163912504
[2025-01-30 07:37:06,132][src.models.time_varying_model][INFO] - RMSE calculation for test.
[2025-01-30 07:37:06,132][src.models.ct][INFO] - Autoregressive Prediction for test.
[2025-01-30 07:37:06,135][src.models.ct][INFO] - t = 1
[2025-01-30 07:37:06,135][src.models.time_varying_model][INFO] - Predictions for test.
[2025-01-30 07:38:02,246][src.models.ct][INFO] - t = 2
[2025-01-30 07:38:02,247][src.models.time_varying_model][INFO] - Predictions for test.
[2025-01-30 07:38:57,988][src.models.ct][INFO] - t = 3
[2025-01-30 07:38:57,989][src.models.time_varying_model][INFO] - Predictions for test.
[2025-01-30 07:39:53,753][src.models.ct][INFO] - t = 4
[2025-01-30 07:39:53,753][src.models.time_varying_model][INFO] - Predictions for test.
[2025-01-30 07:40:48,606][src.models.ct][INFO] - t = 5
[2025-01-30 07:40:48,607][src.models.time_varying_model][INFO] - Predictions for test.
[2025-01-30 07:41:44,189][src.models.ct][INFO] - t = 6
[2025-01-30 07:41:44,190][src.models.time_varying_model][INFO] - Predictions for test.
[2025-01-30 07:42:41,380][__main__][INFO] - Test normalised RMSE (n-step prediction): {'2-step': 3.2889423931796555, '3-step': 3.5023652630853044, '4-step': 3.603950317911206, '5-step': 3.585727322268318, '6-step': 3.374388755429223}
