[2025-01-27 20:05:10,537][__main__][INFO] - 
model:
  dim_treatments: 4
  dim_vitals: 0
  dim_static_features: 1
  dim_outcomes: 1
  name: CRN
  encoder:
    _target_: src.models.crn.CRNEncoder
    seq_hidden_units: 24
    br_size: 18
    fc_hidden_units: 36
    dropout_rate: 0.1
    num_layer: 1
    batch_size: 512
    optimizer:
      optimizer_cls: adam
      learning_rate: 0.001
      weight_decay: 0.0
      lr_scheduler: false
    tune_hparams: false
    tune_range: 50
    hparams_grid: null
    resources_per_trial: null
  train_decoder: true
  decoder:
    _target_: src.models.crn.CRNDecoder
    seq_hidden_units: null
    br_size: 24
    fc_hidden_units: 12
    dropout_rate: 0.1
    num_layer: 1
    batch_size: 1024
    optimizer:
      optimizer_cls: adam
      learning_rate: 0.001
      weight_decay: 0.0
      lr_scheduler: false
    tune_hparams: false
    tune_range: 30
    hparams_grid: null
    resources_per_trial: null
dataset:
  val_batch_size: 512
  treatment_mode: multiclass
  _target_: src.data.SyntheticCancerDatasetCollection
  name: tumor_generator
  coeff: 1.0
  chemo_coeff: 1.0
  radio_coeff: 1.0
  seed: 101
  random: true
  noise_percentage: 0.0
  num_patients:
    train: 10000
    val: 1000
    test: 1000
  window_size: 15
  lag: 0
  max_seq_length: 60
  projection_horizon: 5
  cf_seq_mode: sliding_treatment
exp:
  seed: 101
  gpus:
  - 0
  max_epochs: 140
  logging: true
  mlflow_uri: http://127.0.0.1:5000
  unscale_rmse: true
  percentage_rmse: true
  alpha: 0.01
  update_alpha: true
  alpha_rate: exp
  initial_balancing_method: grad_reverse
  final_balancing_method: subgroup
  bce_weight: false
  weights_ema: false
  beta: 0.99
  alpha_wass: 0.0001
  alpha_wass_epoch: false
  alpha_wass_growth: 0.001
  alpha_wass_max: 0.01
  balancing: grad_reverse
  balancing_switch_epoch: 99
  gap_epoch: 10
  clustering_method: GMM
  number_clusters: 2
  num_timepoints: 59
  checkpoint_dir: ./checkpoints/cancer/crn/1

[2025-01-27 20:05:10,562][root][INFO] - Simulating initial volumes for stage I  with norm params: mu=1.72, sigma=4.7, lb=-0.6221218732608373, ub=-0.023523848418276528
[2025-01-27 20:05:10,571][root][INFO] - Simulating initial volumes for stage II  with norm params: mu=1.96, sigma=1.63, lb=-1.9410876100159118, ub=0.3711345751297772
[2025-01-27 20:05:10,572][root][INFO] - Simulating initial volumes for stage IIIA  with norm params: mu=1.91, sigma=9.4, lb=-0.33127370258786554, ub=0.06967546355973796
[2025-01-27 20:05:10,573][root][INFO] - Simulating initial volumes for stage IIIB  with norm params: mu=2.76, sigma=6.87, lb=-0.5769974969906748, ub=-0.02839165102452155
[2025-01-27 20:05:10,575][root][INFO] - Simulating initial volumes for stage IV  with norm params: mu=3.86, sigma=8.82, lb=-0.5741465764541877, ub=-0.14683113860980307
[2025-01-27 20:05:10,621][root][INFO] - Got correlated params for 4645 patients
[2025-01-27 20:05:10,625][root][INFO] - Got correlated params for 9125 patients
[2025-01-27 20:05:10,630][root][INFO] - Got correlated params for 13736 patients
[2025-01-27 20:05:10,638][root][INFO] - Simulating beta_c parameters
[2025-01-27 20:05:10,644][root][INFO] - Randomising outputs
[2025-01-27 20:05:25,724][src.data.cancer_sim.dataset][INFO] - Processing train dataset before training
[2025-01-27 20:05:26,817][src.data.cancer_sim.dataset][INFO] - Shape of processed train data: {'cancer_volume': (10000, 60), 'chemo_dosage': (10000, 60), 'radio_dosage': (10000, 60), 'chemo_application': (10000, 60), 'radio_application': (10000, 60), 'chemo_probabilities': (10000, 60), 'radio_probabilities': (10000, 60), 'sequence_lengths': (10000,), 'death_flags': (10000, 60), 'recovery_flags': (10000, 60), 'patient_types': (10000,), 'prev_treatments': (10000, 59, 4), 'current_treatments': (10000, 59, 4), 'current_covariates': (10000, 59, 2), 'outputs': (10000, 59, 1), 'active_entries': (10000, 59, 1), 'unscaled_outputs': (10000, 59, 1), 'prev_outputs': (10000, 59, 1), 'static_features': (10000, 1)}
[2025-01-27 20:05:26,833][root][INFO] - Simulating initial volumes for stage I  with norm params: mu=1.72, sigma=4.7, lb=-0.6221218732608373, ub=-0.023523848418276528
[2025-01-27 20:05:26,834][root][INFO] - Simulating initial volumes for stage II  with norm params: mu=1.96, sigma=1.63, lb=-1.9410876100159118, ub=0.3711345751297772
[2025-01-27 20:05:26,835][root][INFO] - Simulating initial volumes for stage IIIA  with norm params: mu=1.91, sigma=9.4, lb=-0.33127370258786554, ub=0.06967546355973796
[2025-01-27 20:05:26,835][root][INFO] - Simulating initial volumes for stage IIIB  with norm params: mu=2.76, sigma=6.87, lb=-0.5769974969906748, ub=-0.02839165102452155
[2025-01-27 20:05:26,836][root][INFO] - Simulating initial volumes for stage IV  with norm params: mu=3.86, sigma=8.82, lb=-0.5741465764541877, ub=-0.14683113860980307
[2025-01-27 20:05:26,838][root][INFO] - Got correlated params for 466 patients
[2025-01-27 20:05:26,839][root][INFO] - Got correlated params for 915 patients
[2025-01-27 20:05:26,840][root][INFO] - Got correlated params for 1392 patients
[2025-01-27 20:05:26,841][root][INFO] - Simulating beta_c parameters
[2025-01-27 20:05:26,842][root][INFO] - Randomising outputs
[2025-01-27 20:05:28,300][root][INFO] - Simulating initial volumes for stage I  with norm params: mu=1.72, sigma=4.7, lb=-0.6221218732608373, ub=-0.023523848418276528
[2025-01-27 20:05:28,302][root][INFO] - Simulating initial volumes for stage II  with norm params: mu=1.96, sigma=1.63, lb=-1.9410876100159118, ub=0.3711345751297772
[2025-01-27 20:05:28,302][root][INFO] - Simulating initial volumes for stage IIIA  with norm params: mu=1.91, sigma=9.4, lb=-0.33127370258786554, ub=0.06967546355973796
[2025-01-27 20:05:28,303][root][INFO] - Simulating initial volumes for stage IIIB  with norm params: mu=2.76, sigma=6.87, lb=-0.5769974969906748, ub=-0.02839165102452155
[2025-01-27 20:05:28,303][root][INFO] - Simulating initial volumes for stage IV  with norm params: mu=3.86, sigma=8.82, lb=-0.5741465764541877, ub=-0.14683113860980307
[2025-01-27 20:05:28,305][root][INFO] - Got correlated params for 461 patients
[2025-01-27 20:05:28,306][root][INFO] - Got correlated params for 887 patients
[2025-01-27 20:05:28,307][root][INFO] - Got correlated params for 1354 patients
[2025-01-27 20:05:28,308][root][INFO] - Simulating beta_c parameters
[2025-01-27 20:05:28,309][root][INFO] - Randomising outputs
[2025-01-27 20:05:33,614][root][INFO] - Simulating initial volumes for stage I  with norm params: mu=1.72, sigma=4.7, lb=-0.6221218732608373, ub=-0.023523848418276528
[2025-01-27 20:05:33,615][root][INFO] - Simulating initial volumes for stage II  with norm params: mu=1.96, sigma=1.63, lb=-1.9410876100159118, ub=0.3711345751297772
[2025-01-27 20:05:33,616][root][INFO] - Simulating initial volumes for stage IIIA  with norm params: mu=1.91, sigma=9.4, lb=-0.33127370258786554, ub=0.06967546355973796
[2025-01-27 20:05:33,616][root][INFO] - Simulating initial volumes for stage IIIB  with norm params: mu=2.76, sigma=6.87, lb=-0.5769974969906748, ub=-0.02839165102452155
[2025-01-27 20:05:33,617][root][INFO] - Simulating initial volumes for stage IV  with norm params: mu=3.86, sigma=8.82, lb=-0.5741465764541877, ub=-0.14683113860980307
[2025-01-27 20:05:33,619][root][INFO] - Got correlated params for 467 patients
[2025-01-27 20:05:33,620][root][INFO] - Got correlated params for 925 patients
[2025-01-27 20:05:33,620][root][INFO] - Got correlated params for 1383 patients
[2025-01-27 20:05:33,621][root][INFO] - Simulating beta_c parameters
[2025-01-27 20:05:33,622][root][INFO] - Randomising outputs
[2025-01-27 20:05:58,514][src.data.cancer_sim.dataset][INFO] - train Dataset already processed
[2025-01-27 20:05:58,514][src.data.cancer_sim.dataset][INFO] - Processing val dataset before training
[2025-01-27 20:05:58,624][src.data.cancer_sim.dataset][INFO] - Shape of processed val data: {'cancer_volume': (1000, 60), 'chemo_dosage': (1000, 60), 'radio_dosage': (1000, 60), 'chemo_application': (1000, 60), 'radio_application': (1000, 60), 'chemo_probabilities': (1000, 60), 'radio_probabilities': (1000, 60), 'sequence_lengths': (1000,), 'death_flags': (1000, 60), 'recovery_flags': (1000, 60), 'patient_types': (1000,), 'prev_treatments': (1000, 59, 4), 'current_treatments': (1000, 59, 4), 'current_covariates': (1000, 59, 2), 'outputs': (1000, 59, 1), 'active_entries': (1000, 59, 1), 'unscaled_outputs': (1000, 59, 1), 'prev_outputs': (1000, 59, 1), 'static_features': (1000, 1)}
[2025-01-27 20:05:58,625][src.data.cancer_sim.dataset][INFO] - Processing test dataset before training
[2025-01-27 20:06:19,443][src.data.cancer_sim.dataset][INFO] - Shape of processed test data: {'cancer_volume': (215848, 60), 'chemo_application': (215848, 60), 'radio_application': (215848, 60), 'sequence_lengths': (215848,), 'patient_types': (215848,), 'prev_treatments': (215848, 59, 4), 'current_treatments': (215848, 59, 4), 'current_covariates': (215848, 59, 2), 'outputs': (215848, 59, 1), 'active_entries': (215848, 59, 1), 'unscaled_outputs': (215848, 59, 1), 'prev_outputs': (215848, 59, 1), 'static_features': (215848, 1)}
[2025-01-27 20:06:20,040][src.models.crn][INFO] - Input size of encoder: 6
[2025-01-27 20:17:02,609][src.models.time_varying_model][INFO] - RMSE calculation for val.
[2025-01-27 20:17:02,611][src.models.time_varying_model][INFO] - Predictions for val.
[2025-01-27 20:17:03,124][__main__][INFO] - Val normalised RMSE (all): 0.7039672668974132; Val normalised RMSE (orig): 0.683345705075368
[2025-01-27 20:17:03,124][src.models.time_varying_model][INFO] - RMSE calculation for test.
[2025-01-27 20:17:03,124][src.models.time_varying_model][INFO] - Predictions for test.
[2025-01-27 20:17:16,044][__main__][INFO] - Test normalised RMSE (all): 0.8913804167877163; Test normalised RMSE (orig): 0.6421447005142278; Test normalised RMSE (only counterfactual): 0.7616653582141935
[2025-01-27 20:17:16,100][src.models.crn][INFO] - Input size of decoder: 6
[2025-01-27 20:17:16,116][src.data.cancer_sim.dataset][INFO] - train Dataset already processed
[2025-01-27 20:17:16,117][src.data.cancer_sim.dataset][INFO] - val Dataset already processed
[2025-01-27 20:17:16,117][src.data.cancer_sim.dataset][INFO] - Processing test dataset before training
[2025-01-27 20:18:12,096][src.data.cancer_sim.dataset][INFO] - Shape of processed test data: {'cancer_volume': (545187, 65), 'chemo_application': (545187, 65), 'radio_application': (545187, 65), 'sequence_lengths': (545187,), 'patient_types': (545187,), 'patient_ids_all_trajectories': (545187,), 'patient_current_t': (545187,), 'prev_treatments': (545187, 64, 4), 'current_treatments': (545187, 64, 4), 'current_covariates': (545187, 64, 2), 'outputs': (545187, 64, 1), 'active_entries': (545187, 64, 1), 'unscaled_outputs': (545187, 64, 1), 'prev_outputs': (545187, 64, 1), 'static_features': (545187, 1)}
[2025-01-27 20:18:12,099][src.models.time_varying_model][INFO] - Balanced representations inference for train.
[2025-01-27 20:18:13,336][src.models.time_varying_model][INFO] - Balanced representations inference for val.
[2025-01-27 20:18:13,863][src.models.time_varying_model][INFO] - Balanced representations inference for test.
[2025-01-27 20:18:46,440][src.models.time_varying_model][INFO] - Predictions for test.
[2025-01-27 20:19:19,787][src.data.cancer_sim.dataset][INFO] - Processing train dataset before training (multiple sequences)
[2025-01-27 20:19:22,489][src.data.cancer_sim.dataset][INFO] - Shape of processed train data: {'init_state': (488634, 18), 'original_index': (488634,), 'active_encoder_r': (488634, 59), 'prev_treatments': (488634, 5, 4), 'current_treatments': (488634, 5, 4), 'current_covariates': (488634, 5, 2), 'prev_outputs': (488634, 5, 1), 'static_features': (488634, 1), 'outputs': (488634, 5, 1), 'sequence_lengths': (488634,), 'active_entries': (488634, 5, 1), 'unscaled_outputs': (488634, 5, 1)}
[2025-01-27 20:19:22,490][src.data.cancer_sim.dataset][INFO] - Processing val dataset before training (multiple sequences)
[2025-01-27 20:19:22,754][src.data.cancer_sim.dataset][INFO] - Shape of processed val data: {'init_state': (49208, 18), 'original_index': (49208,), 'active_encoder_r': (49208, 59), 'prev_treatments': (49208, 5, 4), 'current_treatments': (49208, 5, 4), 'current_covariates': (49208, 5, 2), 'prev_outputs': (49208, 5, 1), 'static_features': (49208, 1), 'outputs': (49208, 5, 1), 'sequence_lengths': (49208,), 'active_entries': (49208, 5, 1), 'unscaled_outputs': (49208, 5, 1)}
[2025-01-27 20:19:22,754][src.data.cancer_sim.dataset][INFO] - Processing test dataset before testing (multiple sequences)
[2025-01-27 20:19:30,346][src.data.cancer_sim.dataset][INFO] - Shape of processed test data: {'active_encoder_r': (545187, 59), 'prev_treatments': (545187, 5, 4), 'current_treatments': (545187, 5, 4), 'current_covariates': (545187, 5, 2), 'prev_outputs': (545187, 5, 1), 'static_features': (545187, 1), 'outputs': (545187, 5, 1), 'sequence_lengths': (545187,), 'active_entries': (545187, 5, 1), 'unscaled_outputs': (545187, 5, 1), 'patient_types': (545187,), 'patient_ids_all_trajectories': (545187,), 'patient_current_t': (545187,), 'init_state': (545187, 18)}
[2025-01-27 20:19:30,404][src.data.cancer_sim.dataset][INFO] - Processing test dataset before testing (autoregressive)
[2025-01-27 20:19:34,231][src.data.cancer_sim.dataset][INFO] - Shape of processed test data: {'current_covariates': (545187, 5, 2), 'prev_treatments': (545187, 5, 4), 'current_treatments': (545187, 5, 4), 'init_state': (545187, 18), 'active_encoder_r': (545187, 59), 'active_entries': (545187, 5, 1), 'prev_outputs': (545187, 5, 1), 'static_features': (545187, 1)}
[2025-01-27 21:12:18,927][src.models.time_varying_model][INFO] - RMSE calculation for val.
[2025-01-27 21:12:18,929][src.models.time_varying_model][INFO] - Predictions for val.
[2025-01-27 21:12:20,936][__main__][INFO] - Val normalised RMSE (all): 0.3539760659516963; Val normalised RMSE (orig): 0.35397606595169573
[2025-01-27 21:12:20,936][src.models.time_varying_model][INFO] - RMSE calculation for test.
[2025-01-27 21:12:20,936][src.models.time_varying_model][INFO] - Autoregressive Prediction for test.
[2025-01-27 21:12:20,940][src.models.time_varying_model][INFO] - t = 2
[2025-01-27 21:12:20,940][src.models.time_varying_model][INFO] - Predictions for test.
[2025-01-27 21:12:35,697][src.models.time_varying_model][INFO] - t = 3
[2025-01-27 21:12:35,698][src.models.time_varying_model][INFO] - Predictions for test.
[2025-01-27 21:12:50,391][src.models.time_varying_model][INFO] - t = 4
[2025-01-27 21:12:50,391][src.models.time_varying_model][INFO] - Predictions for test.
[2025-01-27 21:13:05,105][src.models.time_varying_model][INFO] - t = 5
[2025-01-27 21:13:05,106][src.models.time_varying_model][INFO] - Predictions for test.
[2025-01-27 21:13:20,061][src.models.time_varying_model][INFO] - t = 6
[2025-01-27 21:13:20,061][src.models.time_varying_model][INFO] - Predictions for test.
[2025-01-27 21:13:36,340][__main__][INFO] - Test normalised RMSE (n-step prediction): {'2-step': 0.8253573711689539, '3-step': 0.840724142284295, '4-step': 0.871303844724653, '5-step': 0.9094192095245969, '6-step': 0.9500516468418359}
