[2025-01-29 19:45:08,857][__main__][INFO] - 
model:
  dim_treatments: 4
  dim_vitals: 0
  dim_static_features: 1
  dim_outcomes: 1
  name: G-Net
  g_net:
    _target_: src.models.gnet.GNet
    seq_hidden_units: 24
    num_layer: 1
    r_size: 18
    fc_hidden_units: 72
    num_comp: 1
    mc_samples: 50
    fit_vitals: true
    comp_sizes: null
    batch_size: 1024
    dropout_rate: 0.2
    optimizer:
      optimizer_cls: adam
      learning_rate: 0.01
      weight_decay: 0.0
      lr_scheduler: false
    tune_hparams: false
    tune_range: 50
    hparams_grid: null
    resources_per_trial: null
dataset:
  val_batch_size: 4096
  treatment_mode: multiclass
  _target_: src.data.SyntheticCancerDatasetCollection
  name: tumor_generator
  coeff: 6.0
  chemo_coeff: 6.0
  radio_coeff: 6.0
  seed: 10
  random: false
  noise_percentage: 0.0
  num_patients:
    train: 10000
    val: 1000
    test: 1000
  window_size: 15
  lag: 0
  max_seq_length: 60
  projection_horizon: 5
  cf_seq_mode: sliding_treatment
  holdout_ratio: 0.1
exp:
  seed: 10
  gpus:
  - 0
  max_epochs: 100
  logging: true
  mlflow_uri: http://127.0.0.1:5000
  unscale_rmse: true
  percentage_rmse: true
  alpha: 1.0
  update_alpha: false
  alpha_rate: exp
  initial_balancing_method: null
  final_balancing_method: null
  bce_weight: false
  weights_ema: true
  beta: 0.99
  alpha_wass: 0.0001
  alpha_wass_epoch: false
  alpha_wass_growth: 0.001
  alpha_wass_max: 0.01

[2025-01-29 19:45:08,879][root][INFO] - Simulating initial volumes for stage I  with norm params: mu=1.72, sigma=4.7, lb=-0.6221218732608373, ub=-0.023523848418276528
[2025-01-29 19:45:08,888][root][INFO] - Simulating initial volumes for stage II  with norm params: mu=1.96, sigma=1.63, lb=-1.9410876100159118, ub=0.3711345751297772
[2025-01-29 19:45:08,889][root][INFO] - Simulating initial volumes for stage IIIA  with norm params: mu=1.91, sigma=9.4, lb=-0.33127370258786554, ub=0.06967546355973796
[2025-01-29 19:45:08,890][root][INFO] - Simulating initial volumes for stage IIIB  with norm params: mu=2.76, sigma=6.87, lb=-0.5769974969906748, ub=-0.02839165102452155
[2025-01-29 19:45:08,893][root][INFO] - Simulating initial volumes for stage IV  with norm params: mu=3.86, sigma=8.82, lb=-0.5741465764541877, ub=-0.14683113860980307
[2025-01-29 19:45:08,916][root][INFO] - Got correlated params for 4658 patients
[2025-01-29 19:45:08,921][root][INFO] - Got correlated params for 9338 patients
[2025-01-29 19:45:08,926][root][INFO] - Got correlated params for 13912 patients
[2025-01-29 19:45:08,934][root][INFO] - Simulating beta_c parameters
[2025-01-29 19:45:08,939][root][INFO] - Randomising outputs
[2025-01-29 19:45:24,017][root][INFO] - Simulating initial volumes for stage I  with norm params: mu=1.72, sigma=4.7, lb=-0.6221218732608373, ub=-0.023523848418276528
[2025-01-29 19:45:24,020][root][INFO] - Simulating initial volumes for stage II  with norm params: mu=1.96, sigma=1.63, lb=-1.9410876100159118, ub=0.3711345751297772
[2025-01-29 19:45:24,020][root][INFO] - Simulating initial volumes for stage IIIA  with norm params: mu=1.91, sigma=9.4, lb=-0.33127370258786554, ub=0.06967546355973796
[2025-01-29 19:45:24,021][root][INFO] - Simulating initial volumes for stage IIIB  with norm params: mu=2.76, sigma=6.87, lb=-0.5769974969906748, ub=-0.02839165102452155
[2025-01-29 19:45:24,022][root][INFO] - Simulating initial volumes for stage IV  with norm params: mu=3.86, sigma=8.82, lb=-0.5741465764541877, ub=-0.14683113860980307
[2025-01-29 19:45:24,024][root][INFO] - Got correlated params for 464 patients
[2025-01-29 19:45:24,025][root][INFO] - Got correlated params for 942 patients
[2025-01-29 19:45:24,026][root][INFO] - Got correlated params for 1398 patients
[2025-01-29 19:45:24,027][root][INFO] - Simulating beta_c parameters
[2025-01-29 19:45:24,028][root][INFO] - Randomising outputs
[2025-01-29 19:45:25,526][root][INFO] - Simulating initial volumes for stage I  with norm params: mu=1.72, sigma=4.7, lb=-0.6221218732608373, ub=-0.023523848418276528
[2025-01-29 19:45:25,527][root][INFO] - Simulating initial volumes for stage II  with norm params: mu=1.96, sigma=1.63, lb=-1.9410876100159118, ub=0.3711345751297772
[2025-01-29 19:45:25,527][root][INFO] - Simulating initial volumes for stage IIIA  with norm params: mu=1.91, sigma=9.4, lb=-0.33127370258786554, ub=0.06967546355973796
[2025-01-29 19:45:25,528][root][INFO] - Simulating initial volumes for stage IIIB  with norm params: mu=2.76, sigma=6.87, lb=-0.5769974969906748, ub=-0.02839165102452155
[2025-01-29 19:45:25,529][root][INFO] - Simulating initial volumes for stage IV  with norm params: mu=3.86, sigma=8.82, lb=-0.5741465764541877, ub=-0.14683113860980307
[2025-01-29 19:45:25,530][root][INFO] - Got correlated params for 491 patients
[2025-01-29 19:45:25,531][root][INFO] - Got correlated params for 936 patients
[2025-01-29 19:45:25,532][root][INFO] - Got correlated params for 1396 patients
[2025-01-29 19:45:25,533][root][INFO] - Simulating beta_c parameters
[2025-01-29 19:45:25,534][root][INFO] - Randomising outputs
[2025-01-29 19:45:31,081][root][INFO] - Simulating initial volumes for stage I  with norm params: mu=1.72, sigma=4.7, lb=-0.6221218732608373, ub=-0.023523848418276528
[2025-01-29 19:45:31,083][root][INFO] - Simulating initial volumes for stage II  with norm params: mu=1.96, sigma=1.63, lb=-1.9410876100159118, ub=0.3711345751297772
[2025-01-29 19:45:31,083][root][INFO] - Simulating initial volumes for stage IIIA  with norm params: mu=1.91, sigma=9.4, lb=-0.33127370258786554, ub=0.06967546355973796
[2025-01-29 19:45:31,084][root][INFO] - Simulating initial volumes for stage IIIB  with norm params: mu=2.76, sigma=6.87, lb=-0.5769974969906748, ub=-0.02839165102452155
[2025-01-29 19:45:31,085][root][INFO] - Simulating initial volumes for stage IV  with norm params: mu=3.86, sigma=8.82, lb=-0.5741465764541877, ub=-0.14683113860980307
[2025-01-29 19:45:31,087][root][INFO] - Got correlated params for 434 patients
[2025-01-29 19:45:31,088][root][INFO] - Got correlated params for 874 patients
[2025-01-29 19:45:31,089][root][INFO] - Got correlated params for 1357 patients
[2025-01-29 19:45:31,090][root][INFO] - Simulating beta_c parameters
[2025-01-29 19:45:31,091][root][INFO] - Randomising outputs
[2025-01-29 19:45:56,505][src.data.cancer_sim.dataset][INFO] - Processing train dataset before training
[2025-01-29 19:45:57,405][src.data.cancer_sim.dataset][INFO] - Shape of processed train data: {'cancer_volume': (10000, 60), 'chemo_dosage': (10000, 60), 'radio_dosage': (10000, 60), 'chemo_application': (10000, 60), 'radio_application': (10000, 60), 'chemo_probabilities': (10000, 60), 'radio_probabilities': (10000, 60), 'sequence_lengths': (10000,), 'death_flags': (10000, 60), 'recovery_flags': (10000, 60), 'patient_types': (10000,), 'prev_treatments': (10000, 59, 4), 'current_treatments': (10000, 59, 4), 'current_covariates': (10000, 59, 2), 'outputs': (10000, 59, 1), 'active_entries': (10000, 59, 1), 'unscaled_outputs': (10000, 59, 1), 'prev_outputs': (10000, 59, 1), 'static_features': (10000, 1)}
[2025-01-29 19:45:57,405][src.data.cancer_sim.dataset][INFO] - Processing val dataset before training
[2025-01-29 19:45:57,494][src.data.cancer_sim.dataset][INFO] - Shape of processed val data: {'cancer_volume': (1000, 60), 'chemo_dosage': (1000, 60), 'radio_dosage': (1000, 60), 'chemo_application': (1000, 60), 'radio_application': (1000, 60), 'chemo_probabilities': (1000, 60), 'radio_probabilities': (1000, 60), 'sequence_lengths': (1000,), 'death_flags': (1000, 60), 'recovery_flags': (1000, 60), 'patient_types': (1000,), 'prev_treatments': (1000, 59, 4), 'current_treatments': (1000, 59, 4), 'current_covariates': (1000, 59, 2), 'outputs': (1000, 59, 1), 'active_entries': (1000, 59, 1), 'unscaled_outputs': (1000, 59, 1), 'prev_outputs': (1000, 59, 1), 'static_features': (1000, 1)}
[2025-01-29 19:45:57,494][src.data.cancer_sim.dataset][INFO] - Processing test dataset before training
[2025-01-29 19:46:16,868][src.data.cancer_sim.dataset][INFO] - Shape of processed test data: {'cancer_volume': (224868, 60), 'chemo_application': (224868, 60), 'radio_application': (224868, 60), 'sequence_lengths': (224868,), 'patient_types': (224868,), 'prev_treatments': (224868, 59, 4), 'current_treatments': (224868, 59, 4), 'current_covariates': (224868, 59, 2), 'outputs': (224868, 59, 1), 'active_entries': (224868, 59, 1), 'unscaled_outputs': (224868, 59, 1), 'prev_outputs': (224868, 59, 1), 'static_features': (224868, 1)}
[2025-01-29 19:46:16,870][src.data.cancer_sim.dataset][INFO] - Processing test dataset before training
[2025-01-29 19:47:08,935][src.data.cancer_sim.dataset][INFO] - Shape of processed test data: {'cancer_volume': (548744, 65), 'chemo_application': (548744, 65), 'radio_application': (548744, 65), 'sequence_lengths': (548744,), 'patient_types': (548744,), 'patient_ids_all_trajectories': (548744,), 'patient_current_t': (548744,), 'prev_treatments': (548744, 64, 4), 'current_treatments': (548744, 64, 4), 'current_covariates': (548744, 64, 2), 'outputs': (548744, 64, 1), 'active_entries': (548744, 64, 1), 'unscaled_outputs': (548744, 64, 1), 'prev_outputs': (548744, 64, 1), 'static_features': (548744, 1)}
[2025-01-29 19:47:08,939][src.data.cancer_sim.dataset][INFO] - Processing test dataset before testing (multiple sequences)
[2025-01-29 19:47:15,725][src.data.cancer_sim.dataset][INFO] - Shape of processed test data: {'active_encoder_r': (548744, 59), 'prev_treatments': (548744, 5, 4), 'current_treatments': (548744, 5, 4), 'current_covariates': (548744, 5, 2), 'prev_outputs': (548744, 5, 1), 'static_features': (548744, 1), 'outputs': (548744, 5, 1), 'sequence_lengths': (548744,), 'active_entries': (548744, 5, 1), 'unscaled_outputs': (548744, 5, 1), 'patient_types': (548744,), 'patient_ids_all_trajectories': (548744,), 'patient_current_t': (548744,)}
[2025-01-29 19:47:18,254][src.models.gnet][INFO] - Input size of g_net: 6
[2025-01-29 19:47:18,425][src.data.dataset_collection][INFO] - Splited train_f on train_f: 9000 and train_f_holdout: 1000
[2025-01-29 19:47:18,426][src.data.dataset_collection][INFO] - Exploding test_cf_treatment_seq 50 times
[2025-01-29 19:50:16,065][src.models.gnet][INFO] - Fitting residuals based on train_f_holdout.
[2025-01-29 19:50:16,065][src.models.gnet][INFO] - Predictions for train.
[2025-01-29 19:50:16,757][src.models.time_varying_model][INFO] - RMSE calculation for val.
[2025-01-29 19:50:16,757][src.models.gnet][INFO] - Predictions for val.
[2025-01-29 19:50:17,397][__main__][INFO] - Val normalised RMSE (all): 0.6664806667169151; Val normalised RMSE (orig): 0.6579902909548794
[2025-01-29 19:50:17,397][src.models.time_varying_model][INFO] - RMSE calculation for test.
[2025-01-29 19:50:17,397][src.models.gnet][INFO] - Predictions for test.
[2025-01-29 19:50:27,909][__main__][INFO] - Test normalised RMSE (all): 1.2593533429081987; Test normalised RMSE (orig): 1.0671034354173279; Test normalised RMSE (only counterfactual): 1.9235788053056935
[2025-01-29 19:50:27,957][src.models.time_varying_model][INFO] - RMSE calculation for test.
[2025-01-29 19:50:27,958][src.models.gnet][INFO] - Autoregressive Prediction for test with MC-sampling of trajectories.
[2025-01-29 19:50:27,958][src.models.gnet][INFO] - t = 1
[2025-01-29 19:50:27,958][src.models.gnet][INFO] - Predictions for test.
[2025-01-29 19:50:53,151][src.models.gnet][INFO] - Predictions for test.
[2025-01-29 19:51:18,350][src.models.gnet][INFO] - Predictions for test.
[2025-01-29 19:51:43,731][src.models.gnet][INFO] - Predictions for test.
[2025-01-29 19:52:09,036][src.models.gnet][INFO] - Predictions for test.
[2025-01-29 19:52:34,033][src.models.gnet][INFO] - Predictions for test.
[2025-01-29 19:52:59,307][src.models.gnet][INFO] - Predictions for test.
[2025-01-29 19:53:24,555][src.models.gnet][INFO] - Predictions for test.
[2025-01-29 19:53:49,826][src.models.gnet][INFO] - Predictions for test.
[2025-01-29 19:54:15,164][src.models.gnet][INFO] - Predictions for test.
[2025-01-29 19:54:40,289][src.models.gnet][INFO] - Predictions for test.
[2025-01-29 19:55:06,022][src.models.gnet][INFO] - Predictions for test.
[2025-01-29 19:55:31,530][src.models.gnet][INFO] - Predictions for test.
[2025-01-29 19:55:56,784][src.models.gnet][INFO] - Predictions for test.
[2025-01-29 19:56:22,048][src.models.gnet][INFO] - Predictions for test.
[2025-01-29 19:56:47,368][src.models.gnet][INFO] - Predictions for test.
[2025-01-29 19:57:12,515][src.models.gnet][INFO] - Predictions for test.
[2025-01-29 19:57:37,833][src.models.gnet][INFO] - Predictions for test.
[2025-01-29 19:58:03,311][src.models.gnet][INFO] - Predictions for test.
[2025-01-29 19:58:28,554][src.models.gnet][INFO] - Predictions for test.
[2025-01-29 19:58:53,878][src.models.gnet][INFO] - Predictions for test.
[2025-01-29 19:59:19,471][src.models.gnet][INFO] - Predictions for test.
[2025-01-29 19:59:44,726][src.models.gnet][INFO] - Predictions for test.
[2025-01-29 20:00:10,334][src.models.gnet][INFO] - Predictions for test.
[2025-01-29 20:00:35,654][src.models.gnet][INFO] - Predictions for test.
[2025-01-29 20:01:01,003][src.models.gnet][INFO] - Predictions for test.
[2025-01-29 20:01:26,246][src.models.gnet][INFO] - Predictions for test.
[2025-01-29 20:01:51,532][src.models.gnet][INFO] - Predictions for test.
[2025-01-29 20:02:16,840][src.models.gnet][INFO] - Predictions for test.
[2025-01-29 20:02:41,946][src.models.gnet][INFO] - Predictions for test.
[2025-01-29 20:03:07,368][src.models.gnet][INFO] - Predictions for test.
[2025-01-29 20:03:32,580][src.models.gnet][INFO] - Predictions for test.
[2025-01-29 20:03:57,809][src.models.gnet][INFO] - Predictions for test.
[2025-01-29 20:04:22,982][src.models.gnet][INFO] - Predictions for test.
[2025-01-29 20:04:48,339][src.models.gnet][INFO] - Predictions for test.
[2025-01-29 20:05:13,865][src.models.gnet][INFO] - Predictions for test.
[2025-01-29 20:05:39,122][src.models.gnet][INFO] - Predictions for test.
[2025-01-29 20:06:04,565][src.models.gnet][INFO] - Predictions for test.
[2025-01-29 20:06:29,882][src.models.gnet][INFO] - Predictions for test.
[2025-01-29 20:06:55,286][src.models.gnet][INFO] - Predictions for test.
[2025-01-29 20:07:20,737][src.models.gnet][INFO] - Predictions for test.
