[2025-01-28 15:27:00,963][__main__][INFO] - 
model:
  dim_treatments: 4
  dim_vitals: 0
  dim_static_features: 1
  dim_outcomes: 1
  name: CRN
  encoder:
    _target_: src.models.crn.CRNEncoder
    seq_hidden_units: 24
    br_size: 24
    fc_hidden_units: 96
    dropout_rate: 0.2
    num_layer: 1
    batch_size: 64
    optimizer:
      optimizer_cls: adam
      learning_rate: 0.001
      weight_decay: 0.0
      lr_scheduler: false
    tune_hparams: false
    tune_range: 50
    hparams_grid: null
    resources_per_trial: null
  train_decoder: true
  decoder:
    _target_: src.models.crn.CRNDecoder
    seq_hidden_units: null
    br_size: 24
    fc_hidden_units: 12
    dropout_rate: 0.1
    num_layer: 1
    batch_size: 1024
    optimizer:
      optimizer_cls: adam
      learning_rate: 0.001
      weight_decay: 0.0
      lr_scheduler: false
    tune_hparams: false
    tune_range: 30
    hparams_grid: null
    resources_per_trial: null
dataset:
  val_batch_size: 512
  treatment_mode: multiclass
  _target_: src.data.SyntheticCancerDatasetCollection
  name: tumor_generator
  coeff: 6.0
  chemo_coeff: 6.0
  radio_coeff: 6.0
  seed: 10
  random: false
  noise_percentage: 0.0
  num_patients:
    train: 10000
    val: 1000
    test: 1000
  window_size: 15
  lag: 0
  max_seq_length: 60
  projection_horizon: 5
  cf_seq_mode: sliding_treatment
exp:
  seed: 10
  gpus:
  - 0
  max_epochs: 100
  logging: true
  mlflow_uri: http://127.0.0.1:5000
  unscale_rmse: true
  percentage_rmse: true
  alpha: 0.01
  update_alpha: true
  alpha_rate: exp
  initial_balancing_method: grad_reverse
  final_balancing_method: grad_reverse
  bce_weight: false
  weights_ema: false
  beta: 0.99
  alpha_wass: 0.0001
  alpha_wass_epoch: false
  alpha_wass_growth: 0.001
  alpha_wass_max: 0.01
  balancing: grad_reverse
  balancing_switch_epoch: 99
  gap_epoch: 50
  clustering_method: GMM
  number_clusters: 2
  num_timepoints: 59
  checkpoint_dir: ./checkpoints/cancer/crn/SGA/6

[2025-01-28 15:27:00,989][root][INFO] - Simulating initial volumes for stage I  with norm params: mu=1.72, sigma=4.7, lb=-0.6221218732608373, ub=-0.023523848418276528
[2025-01-28 15:27:00,997][root][INFO] - Simulating initial volumes for stage II  with norm params: mu=1.96, sigma=1.63, lb=-1.9410876100159118, ub=0.3711345751297772
[2025-01-28 15:27:00,998][root][INFO] - Simulating initial volumes for stage IIIA  with norm params: mu=1.91, sigma=9.4, lb=-0.33127370258786554, ub=0.06967546355973796
[2025-01-28 15:27:00,999][root][INFO] - Simulating initial volumes for stage IIIB  with norm params: mu=2.76, sigma=6.87, lb=-0.5769974969906748, ub=-0.02839165102452155
[2025-01-28 15:27:01,002][root][INFO] - Simulating initial volumes for stage IV  with norm params: mu=3.86, sigma=8.82, lb=-0.5741465764541877, ub=-0.14683113860980307
[2025-01-28 15:27:01,023][root][INFO] - Got correlated params for 4658 patients
[2025-01-28 15:27:01,028][root][INFO] - Got correlated params for 9338 patients
[2025-01-28 15:27:01,033][root][INFO] - Got correlated params for 13912 patients
[2025-01-28 15:27:01,041][root][INFO] - Simulating beta_c parameters
[2025-01-28 15:27:01,046][root][INFO] - Randomising outputs
[2025-01-28 15:27:18,591][root][INFO] - Simulating initial volumes for stage I  with norm params: mu=1.72, sigma=4.7, lb=-0.6221218732608373, ub=-0.023523848418276528
[2025-01-28 15:27:18,593][root][INFO] - Simulating initial volumes for stage II  with norm params: mu=1.96, sigma=1.63, lb=-1.9410876100159118, ub=0.3711345751297772
[2025-01-28 15:27:18,594][root][INFO] - Simulating initial volumes for stage IIIA  with norm params: mu=1.91, sigma=9.4, lb=-0.33127370258786554, ub=0.06967546355973796
[2025-01-28 15:27:18,595][root][INFO] - Simulating initial volumes for stage IIIB  with norm params: mu=2.76, sigma=6.87, lb=-0.5769974969906748, ub=-0.02839165102452155
[2025-01-28 15:27:18,596][root][INFO] - Simulating initial volumes for stage IV  with norm params: mu=3.86, sigma=8.82, lb=-0.5741465764541877, ub=-0.14683113860980307
[2025-01-28 15:27:18,597][root][INFO] - Got correlated params for 464 patients
[2025-01-28 15:27:18,598][root][INFO] - Got correlated params for 942 patients
[2025-01-28 15:27:18,599][root][INFO] - Got correlated params for 1398 patients
[2025-01-28 15:27:18,600][root][INFO] - Simulating beta_c parameters
[2025-01-28 15:27:18,601][root][INFO] - Randomising outputs
[2025-01-28 15:27:20,325][root][INFO] - Simulating initial volumes for stage I  with norm params: mu=1.72, sigma=4.7, lb=-0.6221218732608373, ub=-0.023523848418276528
[2025-01-28 15:27:20,325][root][INFO] - Simulating initial volumes for stage II  with norm params: mu=1.96, sigma=1.63, lb=-1.9410876100159118, ub=0.3711345751297772
[2025-01-28 15:27:20,326][root][INFO] - Simulating initial volumes for stage IIIA  with norm params: mu=1.91, sigma=9.4, lb=-0.33127370258786554, ub=0.06967546355973796
[2025-01-28 15:27:20,327][root][INFO] - Simulating initial volumes for stage IIIB  with norm params: mu=2.76, sigma=6.87, lb=-0.5769974969906748, ub=-0.02839165102452155
[2025-01-28 15:27:20,327][root][INFO] - Simulating initial volumes for stage IV  with norm params: mu=3.86, sigma=8.82, lb=-0.5741465764541877, ub=-0.14683113860980307
[2025-01-28 15:27:20,329][root][INFO] - Got correlated params for 491 patients
[2025-01-28 15:27:20,330][root][INFO] - Got correlated params for 936 patients
[2025-01-28 15:27:20,331][root][INFO] - Got correlated params for 1396 patients
[2025-01-28 15:27:20,332][root][INFO] - Simulating beta_c parameters
[2025-01-28 15:27:20,333][root][INFO] - Randomising outputs
[2025-01-28 15:27:26,701][root][INFO] - Simulating initial volumes for stage I  with norm params: mu=1.72, sigma=4.7, lb=-0.6221218732608373, ub=-0.023523848418276528
[2025-01-28 15:27:26,702][root][INFO] - Simulating initial volumes for stage II  with norm params: mu=1.96, sigma=1.63, lb=-1.9410876100159118, ub=0.3711345751297772
[2025-01-28 15:27:26,702][root][INFO] - Simulating initial volumes for stage IIIA  with norm params: mu=1.91, sigma=9.4, lb=-0.33127370258786554, ub=0.06967546355973796
[2025-01-28 15:27:26,703][root][INFO] - Simulating initial volumes for stage IIIB  with norm params: mu=2.76, sigma=6.87, lb=-0.5769974969906748, ub=-0.02839165102452155
[2025-01-28 15:27:26,704][root][INFO] - Simulating initial volumes for stage IV  with norm params: mu=3.86, sigma=8.82, lb=-0.5741465764541877, ub=-0.14683113860980307
[2025-01-28 15:27:26,705][root][INFO] - Got correlated params for 434 patients
[2025-01-28 15:27:26,706][root][INFO] - Got correlated params for 874 patients
[2025-01-28 15:27:26,707][root][INFO] - Got correlated params for 1357 patients
[2025-01-28 15:27:26,708][root][INFO] - Simulating beta_c parameters
[2025-01-28 15:27:26,709][root][INFO] - Randomising outputs
[2025-01-28 15:27:55,353][src.data.cancer_sim.dataset][INFO] - Processing train dataset before training
[2025-01-28 15:27:56,264][src.data.cancer_sim.dataset][INFO] - Shape of processed train data: {'cancer_volume': (10000, 60), 'chemo_dosage': (10000, 60), 'radio_dosage': (10000, 60), 'chemo_application': (10000, 60), 'radio_application': (10000, 60), 'chemo_probabilities': (10000, 60), 'radio_probabilities': (10000, 60), 'sequence_lengths': (10000,), 'death_flags': (10000, 60), 'recovery_flags': (10000, 60), 'patient_types': (10000,), 'prev_treatments': (10000, 59, 4), 'current_treatments': (10000, 59, 4), 'current_covariates': (10000, 59, 2), 'outputs': (10000, 59, 1), 'active_entries': (10000, 59, 1), 'unscaled_outputs': (10000, 59, 1), 'prev_outputs': (10000, 59, 1), 'static_features': (10000, 1)}
[2025-01-28 15:27:56,264][src.data.cancer_sim.dataset][INFO] - Processing val dataset before training
[2025-01-28 15:27:56,355][src.data.cancer_sim.dataset][INFO] - Shape of processed val data: {'cancer_volume': (1000, 60), 'chemo_dosage': (1000, 60), 'radio_dosage': (1000, 60), 'chemo_application': (1000, 60), 'radio_application': (1000, 60), 'chemo_probabilities': (1000, 60), 'radio_probabilities': (1000, 60), 'sequence_lengths': (1000,), 'death_flags': (1000, 60), 'recovery_flags': (1000, 60), 'patient_types': (1000,), 'prev_treatments': (1000, 59, 4), 'current_treatments': (1000, 59, 4), 'current_covariates': (1000, 59, 2), 'outputs': (1000, 59, 1), 'active_entries': (1000, 59, 1), 'unscaled_outputs': (1000, 59, 1), 'prev_outputs': (1000, 59, 1), 'static_features': (1000, 1)}
[2025-01-28 15:27:56,356][src.data.cancer_sim.dataset][INFO] - Processing test dataset before training
[2025-01-28 15:28:15,940][src.data.cancer_sim.dataset][INFO] - Shape of processed test data: {'cancer_volume': (224868, 60), 'chemo_application': (224868, 60), 'radio_application': (224868, 60), 'sequence_lengths': (224868,), 'patient_types': (224868,), 'prev_treatments': (224868, 59, 4), 'current_treatments': (224868, 59, 4), 'current_covariates': (224868, 59, 2), 'outputs': (224868, 59, 1), 'active_entries': (224868, 59, 1), 'unscaled_outputs': (224868, 59, 1), 'prev_outputs': (224868, 59, 1), 'static_features': (224868, 1)}
[2025-01-28 15:28:16,556][src.models.crn][INFO] - Input size of encoder: 6
[2025-01-28 15:28:29,007][src.models.time_varying_model][INFO] - RMSE calculation for val.
[2025-01-28 15:28:29,007][src.models.time_varying_model][INFO] - Predictions for val.
[2025-01-28 15:28:29,609][__main__][INFO] - Val normalised RMSE (all): 0.6587885794055688; Val normalised RMSE (orig): 0.6502370746824203
[2025-01-28 15:28:29,610][src.models.time_varying_model][INFO] - RMSE calculation for test.
[2025-01-28 15:28:29,610][src.models.time_varying_model][INFO] - Predictions for test.
[2025-01-28 15:28:45,848][__main__][INFO] - Test normalised RMSE (all): 1.6701564662768533; Test normalised RMSE (orig): 1.4449354737697653; Test normalised RMSE (only counterfactual): 2.0310763314183813
[2025-01-28 15:28:45,906][src.models.crn][INFO] - Input size of decoder: 6
[2025-01-28 15:28:45,925][src.data.cancer_sim.dataset][INFO] - train Dataset already processed
[2025-01-28 15:28:45,925][src.data.cancer_sim.dataset][INFO] - val Dataset already processed
[2025-01-28 15:28:45,925][src.data.cancer_sim.dataset][INFO] - Processing test dataset before training
[2025-01-28 15:29:39,183][src.data.cancer_sim.dataset][INFO] - Shape of processed test data: {'cancer_volume': (548744, 65), 'chemo_application': (548744, 65), 'radio_application': (548744, 65), 'sequence_lengths': (548744,), 'patient_types': (548744,), 'patient_ids_all_trajectories': (548744,), 'patient_current_t': (548744,), 'prev_treatments': (548744, 64, 4), 'current_treatments': (548744, 64, 4), 'current_covariates': (548744, 64, 2), 'outputs': (548744, 64, 1), 'active_entries': (548744, 64, 1), 'unscaled_outputs': (548744, 64, 1), 'prev_outputs': (548744, 64, 1), 'static_features': (548744, 1)}
[2025-01-28 15:29:39,187][src.models.time_varying_model][INFO] - Balanced representations inference for train.
[2025-01-28 15:29:40,790][src.models.time_varying_model][INFO] - Balanced representations inference for val.
[2025-01-28 15:29:41,366][src.models.time_varying_model][INFO] - Balanced representations inference for test.
[2025-01-28 15:30:20,890][src.models.time_varying_model][INFO] - Predictions for test.
[2025-01-28 15:31:01,867][src.data.cancer_sim.dataset][INFO] - Processing train dataset before training (multiple sequences)
[2025-01-28 15:31:04,799][src.data.cancer_sim.dataset][INFO] - Shape of processed train data: {'init_state': (515994, 24), 'original_index': (515994,), 'active_encoder_r': (515994, 59), 'prev_treatments': (515994, 5, 4), 'current_treatments': (515994, 5, 4), 'current_covariates': (515994, 5, 2), 'prev_outputs': (515994, 5, 1), 'static_features': (515994, 1), 'outputs': (515994, 5, 1), 'sequence_lengths': (515994,), 'active_entries': (515994, 5, 1), 'unscaled_outputs': (515994, 5, 1)}
[2025-01-28 15:31:04,801][src.data.cancer_sim.dataset][INFO] - Processing val dataset before training (multiple sequences)
[2025-01-28 15:31:05,094][src.data.cancer_sim.dataset][INFO] - Shape of processed val data: {'init_state': (51287, 24), 'original_index': (51287,), 'active_encoder_r': (51287, 59), 'prev_treatments': (51287, 5, 4), 'current_treatments': (51287, 5, 4), 'current_covariates': (51287, 5, 2), 'prev_outputs': (51287, 5, 1), 'static_features': (51287, 1), 'outputs': (51287, 5, 1), 'sequence_lengths': (51287,), 'active_entries': (51287, 5, 1), 'unscaled_outputs': (51287, 5, 1)}
[2025-01-28 15:31:05,094][src.data.cancer_sim.dataset][INFO] - Processing test dataset before testing (multiple sequences)
[2025-01-28 15:31:13,384][src.data.cancer_sim.dataset][INFO] - Shape of processed test data: {'active_encoder_r': (548744, 59), 'prev_treatments': (548744, 5, 4), 'current_treatments': (548744, 5, 4), 'current_covariates': (548744, 5, 2), 'prev_outputs': (548744, 5, 1), 'static_features': (548744, 1), 'outputs': (548744, 5, 1), 'sequence_lengths': (548744,), 'active_entries': (548744, 5, 1), 'unscaled_outputs': (548744, 5, 1), 'patient_types': (548744,), 'patient_ids_all_trajectories': (548744,), 'patient_current_t': (548744,), 'init_state': (548744, 24)}
[2025-01-28 15:31:13,441][src.data.cancer_sim.dataset][INFO] - Processing test dataset before testing (autoregressive)
[2025-01-28 15:31:18,025][src.data.cancer_sim.dataset][INFO] - Shape of processed test data: {'current_covariates': (548744, 5, 2), 'prev_treatments': (548744, 5, 4), 'current_treatments': (548744, 5, 4), 'init_state': (548744, 24), 'active_encoder_r': (548744, 59), 'active_entries': (548744, 5, 1), 'prev_outputs': (548744, 5, 1), 'static_features': (548744, 1)}
[2025-01-28 15:31:21,774][src.models.time_varying_model][INFO] - RMSE calculation for val.
[2025-01-28 15:31:21,774][src.models.time_varying_model][INFO] - Predictions for val.
[2025-01-28 15:31:24,312][__main__][INFO] - Val normalised RMSE (all): 0.3022396999890833; Val normalised RMSE (orig): 0.30223969998908323
[2025-01-28 15:31:24,312][src.models.time_varying_model][INFO] - RMSE calculation for test.
[2025-01-28 15:31:24,313][src.models.time_varying_model][INFO] - Autoregressive Prediction for test.
[2025-01-28 15:31:24,316][src.models.time_varying_model][INFO] - t = 2
[2025-01-28 15:31:24,316][src.models.time_varying_model][INFO] - Predictions for test.
[2025-01-28 15:31:42,256][src.models.time_varying_model][INFO] - t = 3
[2025-01-28 15:31:42,256][src.models.time_varying_model][INFO] - Predictions for test.
[2025-01-28 15:32:00,318][src.models.time_varying_model][INFO] - t = 4
[2025-01-28 15:32:00,319][src.models.time_varying_model][INFO] - Predictions for test.
[2025-01-28 15:32:18,734][src.models.time_varying_model][INFO] - t = 5
[2025-01-28 15:32:18,734][src.models.time_varying_model][INFO] - Predictions for test.
[2025-01-28 15:32:37,079][src.models.time_varying_model][INFO] - t = 6
[2025-01-28 15:32:37,079][src.models.time_varying_model][INFO] - Predictions for test.
[2025-01-28 15:32:56,936][__main__][INFO] - Test normalised RMSE (n-step prediction): {'2-step': 3.1174943334129472, '3-step': 3.4506095766140095, '4-step': 3.5943398837763936, '5-step': 3.560246821801496, '6-step': 3.371663857823874}
