[2025-01-27 23:45:31,044][__main__][INFO] - 
model:
  dim_treatments: 4
  dim_vitals: 0
  dim_static_features: 1
  dim_outcomes: 1
  name: CT
  multi:
    _target_: src.models.ct.CT
    max_seq_length: 65
    seq_hidden_units: 12
    br_size: 16
    fc_hidden_units: 48
    dropout_rate: 0.1
    num_layer: 1
    num_heads: 2
    max_grad_norm: null
    batch_size: 1024
    attn_dropout: true
    disable_cross_attention: false
    isolate_subnetwork: _
    self_positional_encoding:
      absolute: false
      trainable: true
      max_relative_position: 15
    optimizer:
      optimizer_cls: adam
      learning_rate: 0.01
      weight_decay: 0.0
      lr_scheduler: false
    augment_with_masked_vitals: true
    tune_hparams: false
    tune_range: 50
    hparams_grid: null
    resources_per_trial: null
  self_positional_encoding:
    max_relative_position: 15
dataset:
  val_batch_size: 512
  treatment_mode: multiclass
  _target_: src.data.SyntheticCancerDatasetCollection
  name: tumor_generator
  coeff: 5.0
  chemo_coeff: 5.0
  radio_coeff: 5.0
  seed: 10
  random: false
  noise_percentage: 0.0
  num_patients:
    train: 10000
    val: 1000
    test: 1000
  window_size: 15
  lag: 0
  max_seq_length: 60
  projection_horizon: 5
  cf_seq_mode: sliding_treatment
exp:
  seed: 10
  gpus:
  - 0
  max_epochs: 140
  logging: true
  mlflow_uri: http://127.0.0.1:5000
  unscale_rmse: true
  percentage_rmse: true
  alpha: 0.01
  update_alpha: true
  alpha_rate: exp
  initial_balancing_method: domain_confusion
  final_balancing_method: subgroup
  bce_weight: false
  weights_ema: true
  beta: 0.99
  alpha_wass: 0.001
  alpha_wass_epoch: false
  alpha_wass_growth: 0.001
  alpha_wass_max: 0.01
  balancing_switch_epoch: 99
  clustering_method: GMM
  number_clusters: 2
  num_timepoints: 59
  gap_epoch: 5
  checkpoint_dir: ./checkpoints/cancer/ct/SGA/5

[2025-01-27 23:45:31,060][root][INFO] - Simulating initial volumes for stage I  with norm params: mu=1.72, sigma=4.7, lb=-0.6221218732608373, ub=-0.023523848418276528
[2025-01-27 23:45:31,061][root][INFO] - Simulating initial volumes for stage II  with norm params: mu=1.96, sigma=1.63, lb=-1.9410876100159118, ub=0.3711345751297772
[2025-01-27 23:45:31,062][root][INFO] - Simulating initial volumes for stage IIIA  with norm params: mu=1.91, sigma=9.4, lb=-0.33127370258786554, ub=0.06967546355973796
[2025-01-27 23:45:31,063][root][INFO] - Simulating initial volumes for stage IIIB  with norm params: mu=2.76, sigma=6.87, lb=-0.5769974969906748, ub=-0.02839165102452155
[2025-01-27 23:45:31,066][root][INFO] - Simulating initial volumes for stage IV  with norm params: mu=3.86, sigma=8.82, lb=-0.5741465764541877, ub=-0.14683113860980307
[2025-01-27 23:45:31,074][root][INFO] - Got correlated params for 4658 patients
[2025-01-27 23:45:31,079][root][INFO] - Got correlated params for 9338 patients
[2025-01-27 23:45:31,084][root][INFO] - Got correlated params for 13912 patients
[2025-01-27 23:45:31,091][root][INFO] - Simulating beta_c parameters
[2025-01-27 23:45:31,095][root][INFO] - Randomising outputs
[2025-01-27 23:45:48,750][root][INFO] - Simulating initial volumes for stage I  with norm params: mu=1.72, sigma=4.7, lb=-0.6221218732608373, ub=-0.023523848418276528
[2025-01-27 23:45:48,753][root][INFO] - Simulating initial volumes for stage II  with norm params: mu=1.96, sigma=1.63, lb=-1.9410876100159118, ub=0.3711345751297772
[2025-01-27 23:45:48,754][root][INFO] - Simulating initial volumes for stage IIIA  with norm params: mu=1.91, sigma=9.4, lb=-0.33127370258786554, ub=0.06967546355973796
[2025-01-27 23:45:48,754][root][INFO] - Simulating initial volumes for stage IIIB  with norm params: mu=2.76, sigma=6.87, lb=-0.5769974969906748, ub=-0.02839165102452155
[2025-01-27 23:45:48,755][root][INFO] - Simulating initial volumes for stage IV  with norm params: mu=3.86, sigma=8.82, lb=-0.5741465764541877, ub=-0.14683113860980307
[2025-01-27 23:45:48,757][root][INFO] - Got correlated params for 464 patients
[2025-01-27 23:45:48,758][root][INFO] - Got correlated params for 942 patients
[2025-01-27 23:45:48,759][root][INFO] - Got correlated params for 1398 patients
[2025-01-27 23:45:48,760][root][INFO] - Simulating beta_c parameters
[2025-01-27 23:45:48,761][root][INFO] - Randomising outputs
[2025-01-27 23:45:50,525][root][INFO] - Simulating initial volumes for stage I  with norm params: mu=1.72, sigma=4.7, lb=-0.6221218732608373, ub=-0.023523848418276528
[2025-01-27 23:45:50,526][root][INFO] - Simulating initial volumes for stage II  with norm params: mu=1.96, sigma=1.63, lb=-1.9410876100159118, ub=0.3711345751297772
[2025-01-27 23:45:50,527][root][INFO] - Simulating initial volumes for stage IIIA  with norm params: mu=1.91, sigma=9.4, lb=-0.33127370258786554, ub=0.06967546355973796
[2025-01-27 23:45:50,528][root][INFO] - Simulating initial volumes for stage IIIB  with norm params: mu=2.76, sigma=6.87, lb=-0.5769974969906748, ub=-0.02839165102452155
[2025-01-27 23:45:50,528][root][INFO] - Simulating initial volumes for stage IV  with norm params: mu=3.86, sigma=8.82, lb=-0.5741465764541877, ub=-0.14683113860980307
[2025-01-27 23:45:50,530][root][INFO] - Got correlated params for 491 patients
[2025-01-27 23:45:50,531][root][INFO] - Got correlated params for 936 patients
[2025-01-27 23:45:50,532][root][INFO] - Got correlated params for 1396 patients
[2025-01-27 23:45:50,533][root][INFO] - Simulating beta_c parameters
[2025-01-27 23:45:50,534][root][INFO] - Randomising outputs
[2025-01-27 23:45:56,796][root][INFO] - Simulating initial volumes for stage I  with norm params: mu=1.72, sigma=4.7, lb=-0.6221218732608373, ub=-0.023523848418276528
[2025-01-27 23:45:56,797][root][INFO] - Simulating initial volumes for stage II  with norm params: mu=1.96, sigma=1.63, lb=-1.9410876100159118, ub=0.3711345751297772
[2025-01-27 23:45:56,798][root][INFO] - Simulating initial volumes for stage IIIA  with norm params: mu=1.91, sigma=9.4, lb=-0.33127370258786554, ub=0.06967546355973796
[2025-01-27 23:45:56,798][root][INFO] - Simulating initial volumes for stage IIIB  with norm params: mu=2.76, sigma=6.87, lb=-0.5769974969906748, ub=-0.02839165102452155
[2025-01-27 23:45:56,799][root][INFO] - Simulating initial volumes for stage IV  with norm params: mu=3.86, sigma=8.82, lb=-0.5741465764541877, ub=-0.14683113860980307
[2025-01-27 23:45:56,801][root][INFO] - Got correlated params for 434 patients
[2025-01-27 23:45:56,802][root][INFO] - Got correlated params for 874 patients
[2025-01-27 23:45:56,803][root][INFO] - Got correlated params for 1357 patients
[2025-01-27 23:45:56,804][root][INFO] - Simulating beta_c parameters
[2025-01-27 23:45:56,805][root][INFO] - Randomising outputs
[2025-01-27 23:46:25,553][src.data.cancer_sim.dataset][INFO] - Processing train dataset before training
[2025-01-27 23:46:26,434][src.data.cancer_sim.dataset][INFO] - Shape of processed train data: {'cancer_volume': (10000, 60), 'chemo_dosage': (10000, 60), 'radio_dosage': (10000, 60), 'chemo_application': (10000, 60), 'radio_application': (10000, 60), 'chemo_probabilities': (10000, 60), 'radio_probabilities': (10000, 60), 'sequence_lengths': (10000,), 'death_flags': (10000, 60), 'recovery_flags': (10000, 60), 'patient_types': (10000,), 'prev_treatments': (10000, 59, 4), 'current_treatments': (10000, 59, 4), 'current_covariates': (10000, 59, 2), 'outputs': (10000, 59, 1), 'active_entries': (10000, 59, 1), 'unscaled_outputs': (10000, 59, 1), 'prev_outputs': (10000, 59, 1), 'static_features': (10000, 1)}
[2025-01-27 23:46:26,434][src.data.cancer_sim.dataset][INFO] - Processing val dataset before training
[2025-01-27 23:46:26,526][src.data.cancer_sim.dataset][INFO] - Shape of processed val data: {'cancer_volume': (1000, 60), 'chemo_dosage': (1000, 60), 'radio_dosage': (1000, 60), 'chemo_application': (1000, 60), 'radio_application': (1000, 60), 'chemo_probabilities': (1000, 60), 'radio_probabilities': (1000, 60), 'sequence_lengths': (1000,), 'death_flags': (1000, 60), 'recovery_flags': (1000, 60), 'patient_types': (1000,), 'prev_treatments': (1000, 59, 4), 'current_treatments': (1000, 59, 4), 'current_covariates': (1000, 59, 2), 'outputs': (1000, 59, 1), 'active_entries': (1000, 59, 1), 'unscaled_outputs': (1000, 59, 1), 'prev_outputs': (1000, 59, 1), 'static_features': (1000, 1)}
[2025-01-27 23:46:26,526][src.data.cancer_sim.dataset][INFO] - Processing test dataset before training
[2025-01-27 23:46:46,165][src.data.cancer_sim.dataset][INFO] - Shape of processed test data: {'cancer_volume': (225248, 60), 'chemo_application': (225248, 60), 'radio_application': (225248, 60), 'sequence_lengths': (225248,), 'patient_types': (225248,), 'prev_treatments': (225248, 59, 4), 'current_treatments': (225248, 59, 4), 'current_covariates': (225248, 59, 2), 'outputs': (225248, 59, 1), 'active_entries': (225248, 59, 1), 'unscaled_outputs': (225248, 59, 1), 'prev_outputs': (225248, 59, 1), 'static_features': (225248, 1)}
[2025-01-27 23:46:46,167][src.data.cancer_sim.dataset][INFO] - Processing test dataset before training
[2025-01-27 23:47:39,352][src.data.cancer_sim.dataset][INFO] - Shape of processed test data: {'cancer_volume': (554444, 65), 'chemo_application': (554444, 65), 'radio_application': (554444, 65), 'sequence_lengths': (554444,), 'patient_types': (554444,), 'patient_ids_all_trajectories': (554444,), 'patient_current_t': (554444,), 'prev_treatments': (554444, 64, 4), 'current_treatments': (554444, 64, 4), 'current_covariates': (554444, 64, 2), 'outputs': (554444, 64, 1), 'active_entries': (554444, 64, 1), 'unscaled_outputs': (554444, 64, 1), 'prev_outputs': (554444, 64, 1), 'static_features': (554444, 1)}
[2025-01-27 23:47:39,355][src.data.cancer_sim.dataset][INFO] - Processing test dataset before testing (multiple sequences)
[2025-01-27 23:47:46,765][src.data.cancer_sim.dataset][INFO] - Shape of processed test data: {'active_encoder_r': (554444, 59), 'prev_treatments': (554444, 5, 4), 'current_treatments': (554444, 5, 4), 'current_covariates': (554444, 5, 2), 'prev_outputs': (554444, 5, 1), 'static_features': (554444, 1), 'outputs': (554444, 5, 1), 'sequence_lengths': (554444,), 'active_entries': (554444, 5, 1), 'unscaled_outputs': (554444, 5, 1), 'patient_types': (554444,), 'patient_ids_all_trajectories': (554444,), 'patient_current_t': (554444,)}
[2025-01-27 23:47:49,211][src.models.ct][INFO] - Max input size of multi: 4
[2025-01-27 23:57:31,500][src.models.time_varying_model][INFO] - RMSE calculation for val.
[2025-01-27 23:57:31,500][src.models.time_varying_model][INFO] - Predictions for val.
[2025-01-27 23:57:32,199][__main__][INFO] - Val normalised RMSE (all): 0.6192214965458803; Val normalised RMSE (orig): 0.611709435790232
[2025-01-27 23:57:32,199][src.models.time_varying_model][INFO] - RMSE calculation for test.
[2025-01-27 23:57:32,199][src.models.time_varying_model][INFO] - Predictions for test.
[2025-01-27 23:57:50,853][__main__][INFO] - Test normalised RMSE (all): 1.5170177496509674; Test normalised RMSE (orig): 1.3530664140424133; Test normalised RMSE (only counterfactual): 1.6437452346404178
[2025-01-27 23:57:50,910][src.models.time_varying_model][INFO] - RMSE calculation for test.
[2025-01-27 23:57:50,911][src.models.ct][INFO] - Autoregressive Prediction for test.
[2025-01-27 23:57:50,916][src.models.ct][INFO] - t = 1
[2025-01-27 23:57:50,917][src.models.time_varying_model][INFO] - Predictions for test.
[2025-01-27 23:58:48,560][src.models.ct][INFO] - t = 2
[2025-01-27 23:58:48,561][src.models.time_varying_model][INFO] - Predictions for test.
[2025-01-27 23:59:46,366][src.models.ct][INFO] - t = 3
[2025-01-27 23:59:46,366][src.models.time_varying_model][INFO] - Predictions for test.
[2025-01-28 00:00:43,692][src.models.ct][INFO] - t = 4
[2025-01-28 00:00:43,693][src.models.time_varying_model][INFO] - Predictions for test.
[2025-01-28 00:01:40,887][src.models.ct][INFO] - t = 5
[2025-01-28 00:01:40,888][src.models.time_varying_model][INFO] - Predictions for test.
[2025-01-28 00:02:38,144][src.models.ct][INFO] - t = 6
[2025-01-28 00:02:38,144][src.models.time_varying_model][INFO] - Predictions for test.
[2025-01-28 00:03:37,000][__main__][INFO] - Test normalised RMSE (n-step prediction): {'2-step': 1.8887891471700187, '3-step': 2.109605924637131, '4-step': 2.1838075403394654, '5-step': 2.189659645316074, '6-step': 2.0953412582000084}
