[2024-11-26 04:09:07,536][__main__][INFO] - 
model:
  dim_treatments: 4
  dim_vitals: 0
  dim_static_features: 1
  dim_outcomes: 1
  name: CRN
  encoder:
    _target_: src.models.crn.CRNEncoder
    seq_hidden_units: 24
    br_size: 24
    fc_hidden_units: 96
    dropout_rate: 0.2
    num_layer: 1
    batch_size: 64
    optimizer:
      optimizer_cls: adam
      learning_rate: 0.001
      weight_decay: 0.0
      lr_scheduler: false
    tune_hparams: false
    tune_range: 50
    hparams_grid: null
    resources_per_trial: null
  train_decoder: true
  decoder:
    _target_: src.models.crn.CRNDecoder
    seq_hidden_units: null
    br_size: 24
    fc_hidden_units: 12
    dropout_rate: 0.1
    num_layer: 1
    batch_size: 1024
    optimizer:
      optimizer_cls: adam
      learning_rate: 0.001
      weight_decay: 0.0
      lr_scheduler: false
    tune_hparams: false
    tune_range: 30
    hparams_grid: null
    resources_per_trial: null
dataset:
  val_batch_size: 512
  treatment_mode: multiclass
  _target_: src.data.SyntheticCancerDatasetCollection
  name: tumor_generator
  coeff: 4.0
  chemo_coeff: 4.0
  radio_coeff: 4.0
  seed: 10
  random: true
  noise_percentage: 0.05
  num_patients:
    train: 10000
    val: 1000
    test: 1000
  window_size: 15
  lag: 0
  max_seq_length: 60
  projection_horizon: 5
  cf_seq_mode: sliding_treatment
exp:
  seed: 10
  gpus:
  - 0
  max_epochs: 200
  logging: true
  mlflow_uri: http://127.0.0.1:5000
  unscale_rmse: true
  percentage_rmse: true
  alpha: 1.0
  update_alpha: true
  alpha_rate: exp
  initial_balancing_method: grad_reverse
  final_balancing_method: grad_reverse
  bce_weight: false
  weights_ema: false
  beta: 0.99
  alpha_wass: 0.0001
  alpha_wass_epoch: false
  alpha_wass_growth: 0.001
  alpha_wass_max: 0.01
  balancing: grad_reverse
  balancing_switch_epoch: 199
  clustering_method: GMM
  number_clusters: 2
  num_timepoints: 59
  gap_epoch: 60
  checkpoint_dir: ./checkpoints/cancer/crn/4

[2024-11-26 04:09:07,582][root][INFO] - Simulating initial volumes for stage I  with norm params: mu=1.72, sigma=4.7, lb=-0.6221218732608373, ub=-0.023523848418276528
[2024-11-26 04:09:07,586][root][INFO] - Simulating initial volumes for stage II  with norm params: mu=1.96, sigma=1.63, lb=-1.9410876100159118, ub=0.3711345751297772
[2024-11-26 04:09:07,587][root][INFO] - Simulating initial volumes for stage IIIA  with norm params: mu=1.91, sigma=9.4, lb=-0.33127370258786554, ub=0.06967546355973796
[2024-11-26 04:09:07,588][root][INFO] - Simulating initial volumes for stage IIIB  with norm params: mu=2.76, sigma=6.87, lb=-0.5769974969906748, ub=-0.02839165102452155
[2024-11-26 04:09:07,590][root][INFO] - Simulating initial volumes for stage IV  with norm params: mu=3.86, sigma=8.82, lb=-0.5741465764541877, ub=-0.14683113860980307
[2024-11-26 04:09:07,616][root][INFO] - Got correlated params for 4658 patients
[2024-11-26 04:09:07,621][root][INFO] - Got correlated params for 9338 patients
[2024-11-26 04:09:07,625][root][INFO] - Got correlated params for 13912 patients
[2024-11-26 04:09:07,633][root][INFO] - Simulating beta_c parameters
[2024-11-26 04:09:07,639][root][INFO] - Randomising outputs
[2024-11-26 04:09:24,896][src.data.cancer_sim.dataset][INFO] - Processing train dataset before training
[2024-11-26 04:09:25,812][src.data.cancer_sim.dataset][INFO] - Shape of processed train data: {'cancer_volume': (10000, 60), 'chemo_dosage': (10000, 60), 'radio_dosage': (10000, 60), 'chemo_application': (10000, 60), 'radio_application': (10000, 60), 'chemo_probabilities': (10000, 60), 'radio_probabilities': (10000, 60), 'sequence_lengths': (10000,), 'death_flags': (10000, 60), 'recovery_flags': (10000, 60), 'patient_types': (10000,), 'prev_treatments': (10000, 59, 4), 'current_treatments': (10000, 59, 4), 'current_covariates': (10000, 59, 2), 'outputs': (10000, 59, 1), 'active_entries': (10000, 59, 1), 'unscaled_outputs': (10000, 59, 1), 'prev_outputs': (10000, 59, 1), 'static_features': (10000, 1)}
[2024-11-26 04:09:25,889][root][INFO] - Simulating initial volumes for stage I  with norm params: mu=1.72, sigma=4.7, lb=-0.6221218732608373, ub=-0.023523848418276528
[2024-11-26 04:09:25,890][root][INFO] - Simulating initial volumes for stage II  with norm params: mu=1.96, sigma=1.63, lb=-1.9410876100159118, ub=0.3711345751297772
[2024-11-26 04:09:25,891][root][INFO] - Simulating initial volumes for stage IIIA  with norm params: mu=1.91, sigma=9.4, lb=-0.33127370258786554, ub=0.06967546355973796
[2024-11-26 04:09:25,891][root][INFO] - Simulating initial volumes for stage IIIB  with norm params: mu=2.76, sigma=6.87, lb=-0.5769974969906748, ub=-0.02839165102452155
[2024-11-26 04:09:25,892][root][INFO] - Simulating initial volumes for stage IV  with norm params: mu=3.86, sigma=8.82, lb=-0.5741465764541877, ub=-0.14683113860980307
[2024-11-26 04:09:25,894][root][INFO] - Got correlated params for 455 patients
[2024-11-26 04:09:25,895][root][INFO] - Got correlated params for 905 patients
[2024-11-26 04:09:25,896][root][INFO] - Got correlated params for 1366 patients
[2024-11-26 04:09:25,898][root][INFO] - Simulating beta_c parameters
[2024-11-26 04:09:25,899][root][INFO] - Randomising outputs
[2024-11-26 04:09:27,590][root][INFO] - Simulating initial volumes for stage I  with norm params: mu=1.72, sigma=4.7, lb=-0.6221218732608373, ub=-0.023523848418276528
[2024-11-26 04:09:27,591][root][INFO] - Simulating initial volumes for stage II  with norm params: mu=1.96, sigma=1.63, lb=-1.9410876100159118, ub=0.3711345751297772
[2024-11-26 04:09:27,591][root][INFO] - Simulating initial volumes for stage IIIA  with norm params: mu=1.91, sigma=9.4, lb=-0.33127370258786554, ub=0.06967546355973796
[2024-11-26 04:09:27,592][root][INFO] - Simulating initial volumes for stage IIIB  with norm params: mu=2.76, sigma=6.87, lb=-0.5769974969906748, ub=-0.02839165102452155
[2024-11-26 04:09:27,593][root][INFO] - Simulating initial volumes for stage IV  with norm params: mu=3.86, sigma=8.82, lb=-0.5741465764541877, ub=-0.14683113860980307
[2024-11-26 04:09:27,594][root][INFO] - Got correlated params for 493 patients
[2024-11-26 04:09:27,595][root][INFO] - Got correlated params for 947 patients
[2024-11-26 04:09:27,596][root][INFO] - Got correlated params for 1403 patients
[2024-11-26 04:09:27,597][root][INFO] - Simulating beta_c parameters
[2024-11-26 04:09:27,598][root][INFO] - Randomising outputs
[2024-11-26 04:09:35,314][root][INFO] - Simulating initial volumes for stage I  with norm params: mu=1.72, sigma=4.7, lb=-0.6221218732608373, ub=-0.023523848418276528
[2024-11-26 04:09:35,315][root][INFO] - Simulating initial volumes for stage II  with norm params: mu=1.96, sigma=1.63, lb=-1.9410876100159118, ub=0.3711345751297772
[2024-11-26 04:09:35,315][root][INFO] - Simulating initial volumes for stage IIIA  with norm params: mu=1.91, sigma=9.4, lb=-0.33127370258786554, ub=0.06967546355973796
[2024-11-26 04:09:35,316][root][INFO] - Simulating initial volumes for stage IIIB  with norm params: mu=2.76, sigma=6.87, lb=-0.5769974969906748, ub=-0.02839165102452155
[2024-11-26 04:09:35,317][root][INFO] - Simulating initial volumes for stage IV  with norm params: mu=3.86, sigma=8.82, lb=-0.5741465764541877, ub=-0.14683113860980307
[2024-11-26 04:09:35,319][root][INFO] - Got correlated params for 445 patients
[2024-11-26 04:09:35,320][root][INFO] - Got correlated params for 895 patients
[2024-11-26 04:09:35,321][root][INFO] - Got correlated params for 1355 patients
[2024-11-26 04:09:35,322][root][INFO] - Simulating beta_c parameters
[2024-11-26 04:09:35,323][root][INFO] - Randomising outputs
[2024-11-26 04:10:04,811][src.data.cancer_sim.dataset][INFO] - train Dataset already processed
[2024-11-26 04:10:04,812][src.data.cancer_sim.dataset][INFO] - Processing val dataset before training
[2024-11-26 04:10:04,906][src.data.cancer_sim.dataset][INFO] - Shape of processed val data: {'cancer_volume': (1000, 60), 'chemo_dosage': (1000, 60), 'radio_dosage': (1000, 60), 'chemo_application': (1000, 60), 'radio_application': (1000, 60), 'chemo_probabilities': (1000, 60), 'radio_probabilities': (1000, 60), 'sequence_lengths': (1000,), 'death_flags': (1000, 60), 'recovery_flags': (1000, 60), 'patient_types': (1000,), 'prev_treatments': (1000, 59, 4), 'current_treatments': (1000, 59, 4), 'current_covariates': (1000, 59, 2), 'outputs': (1000, 59, 1), 'active_entries': (1000, 59, 1), 'unscaled_outputs': (1000, 59, 1), 'prev_outputs': (1000, 59, 1), 'static_features': (1000, 1)}
[2024-11-26 04:10:04,906][src.data.cancer_sim.dataset][INFO] - Processing test dataset before training
[2024-11-26 04:10:24,214][src.data.cancer_sim.dataset][INFO] - Shape of processed test data: {'cancer_volume': (219908, 60), 'chemo_application': (219908, 60), 'radio_application': (219908, 60), 'sequence_lengths': (219908,), 'patient_types': (219908,), 'prev_treatments': (219908, 59, 4), 'current_treatments': (219908, 59, 4), 'current_covariates': (219908, 59, 2), 'outputs': (219908, 59, 1), 'active_entries': (219908, 59, 1), 'unscaled_outputs': (219908, 59, 1), 'prev_outputs': (219908, 59, 1), 'static_features': (219908, 1)}
[2024-11-26 04:10:24,926][src.models.crn][INFO] - Input size of encoder: 6
[2024-11-26 04:32:44,975][src.models.time_varying_model][INFO] - RMSE calculation for val.
[2024-11-26 04:32:44,976][src.models.time_varying_model][INFO] - Predictions for val.
[2024-11-26 04:32:45,661][__main__][INFO] - Val normalised RMSE (all): 0.6435974137215509; Val normalised RMSE (orig): 0.6380893058438762
[2024-11-26 04:32:45,661][src.models.time_varying_model][INFO] - RMSE calculation for test.
[2024-11-26 04:32:45,662][src.models.time_varying_model][INFO] - Predictions for test.
[2024-11-26 04:33:04,400][__main__][INFO] - Test normalised RMSE (all): 0.9277866876258157; Test normalised RMSE (orig): 0.7056782406708015; Test normalised RMSE (only counterfactual): 0.9296585321041714
[2024-11-26 04:33:04,466][src.models.crn][INFO] - Input size of decoder: 6
[2024-11-26 04:33:04,482][src.data.cancer_sim.dataset][INFO] - train Dataset already processed
[2024-11-26 04:33:04,482][src.data.cancer_sim.dataset][INFO] - val Dataset already processed
[2024-11-26 04:33:04,482][src.data.cancer_sim.dataset][INFO] - Processing test dataset before training
[2024-11-26 04:33:57,766][src.data.cancer_sim.dataset][INFO] - Shape of processed test data: {'cancer_volume': (575824, 65), 'chemo_application': (575824, 65), 'radio_application': (575824, 65), 'sequence_lengths': (575824,), 'patient_types': (575824,), 'patient_ids_all_trajectories': (575824,), 'patient_current_t': (575824,), 'prev_treatments': (575824, 64, 4), 'current_treatments': (575824, 64, 4), 'current_covariates': (575824, 64, 2), 'outputs': (575824, 64, 1), 'active_entries': (575824, 64, 1), 'unscaled_outputs': (575824, 64, 1), 'prev_outputs': (575824, 64, 1), 'static_features': (575824, 1)}
[2024-11-26 04:33:57,769][src.models.time_varying_model][INFO] - Balanced representations inference for train.
[2024-11-26 04:33:59,463][src.models.time_varying_model][INFO] - Balanced representations inference for val.
[2024-11-26 04:34:00,107][src.models.time_varying_model][INFO] - Balanced representations inference for test.
[2024-11-26 04:34:49,131][src.models.time_varying_model][INFO] - Predictions for test.
[2024-11-26 04:35:40,451][src.data.cancer_sim.dataset][INFO] - Processing train dataset before training (multiple sequences)
[2024-11-26 04:35:43,428][src.data.cancer_sim.dataset][INFO] - Shape of processed train data: {'init_state': (513972, 24), 'original_index': (513972,), 'active_encoder_r': (513972, 59), 'prev_treatments': (513972, 5, 4), 'current_treatments': (513972, 5, 4), 'current_covariates': (513972, 5, 2), 'prev_outputs': (513972, 5, 1), 'static_features': (513972, 1), 'outputs': (513972, 5, 1), 'sequence_lengths': (513972,), 'active_entries': (513972, 5, 1), 'unscaled_outputs': (513972, 5, 1)}
[2024-11-26 04:35:43,429][src.data.cancer_sim.dataset][INFO] - Processing val dataset before training (multiple sequences)
[2024-11-26 04:35:43,726][src.data.cancer_sim.dataset][INFO] - Shape of processed val data: {'init_state': (51809, 24), 'original_index': (51809,), 'active_encoder_r': (51809, 59), 'prev_treatments': (51809, 5, 4), 'current_treatments': (51809, 5, 4), 'current_covariates': (51809, 5, 2), 'prev_outputs': (51809, 5, 1), 'static_features': (51809, 1), 'outputs': (51809, 5, 1), 'sequence_lengths': (51809,), 'active_entries': (51809, 5, 1), 'unscaled_outputs': (51809, 5, 1)}
[2024-11-26 04:35:43,726][src.data.cancer_sim.dataset][INFO] - Processing test dataset before testing (multiple sequences)
[2024-11-26 04:35:53,481][src.data.cancer_sim.dataset][INFO] - Shape of processed test data: {'active_encoder_r': (575824, 59), 'prev_treatments': (575824, 5, 4), 'current_treatments': (575824, 5, 4), 'current_covariates': (575824, 5, 2), 'prev_outputs': (575824, 5, 1), 'static_features': (575824, 1), 'outputs': (575824, 5, 1), 'sequence_lengths': (575824,), 'active_entries': (575824, 5, 1), 'unscaled_outputs': (575824, 5, 1), 'patient_types': (575824,), 'patient_ids_all_trajectories': (575824,), 'patient_current_t': (575824,), 'init_state': (575824, 24)}
[2024-11-26 04:35:53,529][src.data.cancer_sim.dataset][INFO] - Processing test dataset before testing (autoregressive)
[2024-11-26 04:35:56,322][src.data.cancer_sim.dataset][INFO] - Shape of processed test data: {'current_covariates': (575824, 5, 2), 'prev_treatments': (575824, 5, 4), 'current_treatments': (575824, 5, 4), 'init_state': (575824, 24), 'active_encoder_r': (575824, 59), 'active_entries': (575824, 5, 1), 'prev_outputs': (575824, 5, 1), 'static_features': (575824, 1)}
[2024-11-26 06:45:41,513][src.models.time_varying_model][INFO] - RMSE calculation for val.
[2024-11-26 06:45:41,514][src.models.time_varying_model][INFO] - Predictions for val.
[2024-11-26 06:45:44,757][__main__][INFO] - Val normalised RMSE (all): 0.5037131562579283; Val normalised RMSE (orig): 0.5037131562579283
[2024-11-26 06:45:44,757][src.models.time_varying_model][INFO] - RMSE calculation for test.
[2024-11-26 06:45:44,757][src.models.time_varying_model][INFO] - Autoregressive Prediction for test.
[2024-11-26 06:45:44,768][src.models.time_varying_model][INFO] - t = 2
[2024-11-26 06:45:44,768][src.models.time_varying_model][INFO] - Predictions for test.
[2024-11-26 06:46:09,723][src.models.time_varying_model][INFO] - t = 3
[2024-11-26 06:46:09,724][src.models.time_varying_model][INFO] - Predictions for test.
[2024-11-26 06:46:35,334][src.models.time_varying_model][INFO] - t = 4
[2024-11-26 06:46:35,334][src.models.time_varying_model][INFO] - Predictions for test.
[2024-11-26 06:47:00,831][src.models.time_varying_model][INFO] - t = 5
[2024-11-26 06:47:00,831][src.models.time_varying_model][INFO] - Predictions for test.
[2024-11-26 06:47:26,724][src.models.time_varying_model][INFO] - t = 6
[2024-11-26 06:47:26,724][src.models.time_varying_model][INFO] - Predictions for test.
[2024-11-26 06:47:53,930][__main__][INFO] - Test normalised RMSE (n-step prediction): {'2-step': 1.1532494771285726, '3-step': 1.2191406059254177, '4-step': 1.3771540114777925, '5-step': 1.4744119720647124, '6-step': 1.5405394283569769}
