[2024-11-27 16:06:06,313][__main__][INFO] - 
model:
  dim_treatments: 4
  dim_vitals: 0
  dim_static_features: 1
  dim_outcomes: 1
  name: CRN
  encoder:
    _target_: src.models.crn.CRNEncoder
    seq_hidden_units: 24
    br_size: 24
    fc_hidden_units: 96
    dropout_rate: 0.2
    num_layer: 1
    batch_size: 64
    optimizer:
      optimizer_cls: adam
      learning_rate: 0.001
      weight_decay: 0.0
      lr_scheduler: false
    tune_hparams: false
    tune_range: 50
    hparams_grid: null
    resources_per_trial: null
  train_decoder: true
  decoder:
    _target_: src.models.crn.CRNDecoder
    seq_hidden_units: null
    br_size: 18
    fc_hidden_units: 9
    dropout_rate: 0.1
    num_layer: 1
    batch_size: 256
    optimizer:
      optimizer_cls: adam
      learning_rate: 0.01
      weight_decay: 0.0
      lr_scheduler: false
    tune_hparams: false
    tune_range: 30
    hparams_grid: null
    resources_per_trial: null
dataset:
  val_batch_size: 512
  treatment_mode: multiclass
  _target_: src.data.SyntheticCancerDatasetCollection
  name: tumor_generator
  coeff: 3.0
  chemo_coeff: 3.0
  radio_coeff: 3.0
  seed: 10
  random: true
  noise_percentage: 0.05
  num_patients:
    train: 10000
    val: 1000
    test: 1000
  window_size: 15
  lag: 0
  max_seq_length: 60
  projection_horizon: 5
  cf_seq_mode: sliding_treatment
exp:
  seed: 10
  gpus:
  - 0
  max_epochs: 220
  logging: true
  mlflow_uri: http://127.0.0.1:5000
  unscale_rmse: true
  percentage_rmse: true
  alpha: 1.0
  update_alpha: true
  alpha_rate: exp
  initial_balancing_method: grad_reverse
  final_balancing_method: subgroup
  bce_weight: false
  weights_ema: false
  beta: 0.99
  alpha_wass: 0.0001
  alpha_wass_epoch: false
  alpha_wass_growth: 0.001
  alpha_wass_max: 0.01
  balancing: grad_reverse
  balancing_switch_epoch: 199
  clustering_method: GMM
  number_clusters: 2
  num_timepoints: 59
  gap_epoch: 10
  checkpoint_dir: ./checkpoints/cancer/crn/3

[2024-11-27 16:06:06,355][root][INFO] - Simulating initial volumes for stage I  with norm params: mu=1.72, sigma=4.7, lb=-0.6221218732608373, ub=-0.023523848418276528
[2024-11-27 16:06:06,358][root][INFO] - Simulating initial volumes for stage II  with norm params: mu=1.96, sigma=1.63, lb=-1.9410876100159118, ub=0.3711345751297772
[2024-11-27 16:06:06,359][root][INFO] - Simulating initial volumes for stage IIIA  with norm params: mu=1.91, sigma=9.4, lb=-0.33127370258786554, ub=0.06967546355973796
[2024-11-27 16:06:06,360][root][INFO] - Simulating initial volumes for stage IIIB  with norm params: mu=2.76, sigma=6.87, lb=-0.5769974969906748, ub=-0.02839165102452155
[2024-11-27 16:06:06,362][root][INFO] - Simulating initial volumes for stage IV  with norm params: mu=3.86, sigma=8.82, lb=-0.5741465764541877, ub=-0.14683113860980307
[2024-11-27 16:06:06,375][__main__][INFO] - 
model:
  dim_treatments: 4
  dim_vitals: 0
  dim_static_features: 1
  dim_outcomes: 1
  name: CRN
  encoder:
    _target_: src.models.crn.CRNEncoder
    seq_hidden_units: 24
    br_size: 24
    fc_hidden_units: 96
    dropout_rate: 0.2
    num_layer: 1
    batch_size: 64
    optimizer:
      optimizer_cls: adam
      learning_rate: 0.001
      weight_decay: 0.0
      lr_scheduler: false
    tune_hparams: false
    tune_range: 50
    hparams_grid: null
    resources_per_trial: null
  train_decoder: true
  decoder:
    _target_: src.models.crn.CRNDecoder
    seq_hidden_units: null
    br_size: 24
    fc_hidden_units: 12
    dropout_rate: 0.1
    num_layer: 1
    batch_size: 1024
    optimizer:
      optimizer_cls: adam
      learning_rate: 0.001
      weight_decay: 0.0
      lr_scheduler: false
    tune_hparams: false
    tune_range: 30
    hparams_grid: null
    resources_per_trial: null
dataset:
  val_batch_size: 512
  treatment_mode: multiclass
  _target_: src.data.SyntheticCancerDatasetCollection
  name: tumor_generator
  coeff: 4.0
  chemo_coeff: 4.0
  radio_coeff: 4.0
  seed: 10
  random: true
  noise_percentage: 0.05
  num_patients:
    train: 10000
    val: 1000
    test: 1000
  window_size: 15
  lag: 0
  max_seq_length: 60
  projection_horizon: 5
  cf_seq_mode: sliding_treatment
exp:
  seed: 10
  gpus:
  - 0
  max_epochs: 220
  logging: true
  mlflow_uri: http://127.0.0.1:5000
  unscale_rmse: true
  percentage_rmse: true
  alpha: 1.0
  update_alpha: true
  alpha_rate: exp
  initial_balancing_method: grad_reverse
  final_balancing_method: subgroup
  bce_weight: false
  weights_ema: false
  beta: 0.99
  alpha_wass: 0.0001
  alpha_wass_epoch: false
  alpha_wass_growth: 0.001
  alpha_wass_max: 0.01
  balancing: grad_reverse
  balancing_switch_epoch: 199
  clustering_method: GMM
  number_clusters: 2
  num_timepoints: 59
  gap_epoch: 10
  checkpoint_dir: ./checkpoints/cancer/crn/4

[2024-11-27 16:06:06,388][root][INFO] - Simulating initial volumes for stage I  with norm params: mu=1.72, sigma=4.7, lb=-0.6221218732608373, ub=-0.023523848418276528
[2024-11-27 16:06:06,389][root][INFO] - Simulating initial volumes for stage II  with norm params: mu=1.96, sigma=1.63, lb=-1.9410876100159118, ub=0.3711345751297772
[2024-11-27 16:06:06,390][root][INFO] - Got correlated params for 4658 patients
[2024-11-27 16:06:06,390][root][INFO] - Simulating initial volumes for stage IIIA  with norm params: mu=1.91, sigma=9.4, lb=-0.33127370258786554, ub=0.06967546355973796
[2024-11-27 16:06:06,391][root][INFO] - Simulating initial volumes for stage IIIB  with norm params: mu=2.76, sigma=6.87, lb=-0.5769974969906748, ub=-0.02839165102452155
[2024-11-27 16:06:06,393][root][INFO] - Simulating initial volumes for stage IV  with norm params: mu=3.86, sigma=8.82, lb=-0.5741465764541877, ub=-0.14683113860980307
[2024-11-27 16:06:06,395][root][INFO] - Got correlated params for 9338 patients
[2024-11-27 16:06:06,400][root][INFO] - Got correlated params for 13912 patients
[2024-11-27 16:06:06,402][root][INFO] - Got correlated params for 4658 patients
[2024-11-27 16:06:06,407][root][INFO] - Got correlated params for 9338 patients
[2024-11-27 16:06:06,408][root][INFO] - Simulating beta_c parameters
[2024-11-27 16:06:06,411][root][INFO] - Got correlated params for 13912 patients
[2024-11-27 16:06:06,413][root][INFO] - Randomising outputs
[2024-11-27 16:06:06,419][root][INFO] - Simulating beta_c parameters
[2024-11-27 16:06:06,424][root][INFO] - Randomising outputs
[2024-11-27 16:06:21,125][src.data.cancer_sim.dataset][INFO] - Processing train dataset before training
[2024-11-27 16:06:22,071][src.data.cancer_sim.dataset][INFO] - Shape of processed train data: {'cancer_volume': (10000, 60), 'chemo_dosage': (10000, 60), 'radio_dosage': (10000, 60), 'chemo_application': (10000, 60), 'radio_application': (10000, 60), 'chemo_probabilities': (10000, 60), 'radio_probabilities': (10000, 60), 'sequence_lengths': (10000,), 'death_flags': (10000, 60), 'recovery_flags': (10000, 60), 'patient_types': (10000,), 'prev_treatments': (10000, 59, 4), 'current_treatments': (10000, 59, 4), 'current_covariates': (10000, 59, 2), 'outputs': (10000, 59, 1), 'active_entries': (10000, 59, 1), 'unscaled_outputs': (10000, 59, 1), 'prev_outputs': (10000, 59, 1), 'static_features': (10000, 1)}
[2024-11-27 16:06:22,127][root][INFO] - Simulating initial volumes for stage I  with norm params: mu=1.72, sigma=4.7, lb=-0.6221218732608373, ub=-0.023523848418276528
[2024-11-27 16:06:22,128][root][INFO] - Simulating initial volumes for stage II  with norm params: mu=1.96, sigma=1.63, lb=-1.9410876100159118, ub=0.3711345751297772
[2024-11-27 16:06:22,128][root][INFO] - Simulating initial volumes for stage IIIA  with norm params: mu=1.91, sigma=9.4, lb=-0.33127370258786554, ub=0.06967546355973796
[2024-11-27 16:06:22,129][root][INFO] - Simulating initial volumes for stage IIIB  with norm params: mu=2.76, sigma=6.87, lb=-0.5769974969906748, ub=-0.02839165102452155
[2024-11-27 16:06:22,130][root][INFO] - Simulating initial volumes for stage IV  with norm params: mu=3.86, sigma=8.82, lb=-0.5741465764541877, ub=-0.14683113860980307
[2024-11-27 16:06:22,132][root][INFO] - Got correlated params for 455 patients
[2024-11-27 16:06:22,133][root][INFO] - Got correlated params for 905 patients
[2024-11-27 16:06:22,134][root][INFO] - Got correlated params for 1366 patients
[2024-11-27 16:06:22,135][root][INFO] - Simulating beta_c parameters
[2024-11-27 16:06:22,136][root][INFO] - Randomising outputs
[2024-11-27 16:06:23,567][root][INFO] - Simulating initial volumes for stage I  with norm params: mu=1.72, sigma=4.7, lb=-0.6221218732608373, ub=-0.023523848418276528
[2024-11-27 16:06:23,568][root][INFO] - Simulating initial volumes for stage II  with norm params: mu=1.96, sigma=1.63, lb=-1.9410876100159118, ub=0.3711345751297772
[2024-11-27 16:06:23,569][root][INFO] - Simulating initial volumes for stage IIIA  with norm params: mu=1.91, sigma=9.4, lb=-0.33127370258786554, ub=0.06967546355973796
[2024-11-27 16:06:23,569][root][INFO] - Simulating initial volumes for stage IIIB  with norm params: mu=2.76, sigma=6.87, lb=-0.5769974969906748, ub=-0.02839165102452155
[2024-11-27 16:06:23,570][root][INFO] - Simulating initial volumes for stage IV  with norm params: mu=3.86, sigma=8.82, lb=-0.5741465764541877, ub=-0.14683113860980307
[2024-11-27 16:06:23,571][root][INFO] - Got correlated params for 493 patients
[2024-11-27 16:06:23,572][root][INFO] - Got correlated params for 947 patients
[2024-11-27 16:06:23,573][root][INFO] - Got correlated params for 1403 patients
[2024-11-27 16:06:23,574][root][INFO] - Simulating beta_c parameters
[2024-11-27 16:06:23,575][root][INFO] - Randomising outputs
[2024-11-27 16:06:24,066][src.data.cancer_sim.dataset][INFO] - Processing train dataset before training
[2024-11-27 16:06:24,964][src.data.cancer_sim.dataset][INFO] - Shape of processed train data: {'cancer_volume': (10000, 60), 'chemo_dosage': (10000, 60), 'radio_dosage': (10000, 60), 'chemo_application': (10000, 60), 'radio_application': (10000, 60), 'chemo_probabilities': (10000, 60), 'radio_probabilities': (10000, 60), 'sequence_lengths': (10000,), 'death_flags': (10000, 60), 'recovery_flags': (10000, 60), 'patient_types': (10000,), 'prev_treatments': (10000, 59, 4), 'current_treatments': (10000, 59, 4), 'current_covariates': (10000, 59, 2), 'outputs': (10000, 59, 1), 'active_entries': (10000, 59, 1), 'unscaled_outputs': (10000, 59, 1), 'prev_outputs': (10000, 59, 1), 'static_features': (10000, 1)}
[2024-11-27 16:06:25,035][root][INFO] - Simulating initial volumes for stage I  with norm params: mu=1.72, sigma=4.7, lb=-0.6221218732608373, ub=-0.023523848418276528
[2024-11-27 16:06:25,036][root][INFO] - Simulating initial volumes for stage II  with norm params: mu=1.96, sigma=1.63, lb=-1.9410876100159118, ub=0.3711345751297772
[2024-11-27 16:06:25,037][root][INFO] - Simulating initial volumes for stage IIIA  with norm params: mu=1.91, sigma=9.4, lb=-0.33127370258786554, ub=0.06967546355973796
[2024-11-27 16:06:25,037][root][INFO] - Simulating initial volumes for stage IIIB  with norm params: mu=2.76, sigma=6.87, lb=-0.5769974969906748, ub=-0.02839165102452155
[2024-11-27 16:06:25,038][root][INFO] - Simulating initial volumes for stage IV  with norm params: mu=3.86, sigma=8.82, lb=-0.5741465764541877, ub=-0.14683113860980307
[2024-11-27 16:06:25,040][root][INFO] - Got correlated params for 455 patients
[2024-11-27 16:06:25,041][root][INFO] - Got correlated params for 905 patients
[2024-11-27 16:06:25,042][root][INFO] - Got correlated params for 1366 patients
[2024-11-27 16:06:25,043][root][INFO] - Simulating beta_c parameters
[2024-11-27 16:06:25,044][root][INFO] - Randomising outputs
[2024-11-27 16:06:26,766][root][INFO] - Simulating initial volumes for stage I  with norm params: mu=1.72, sigma=4.7, lb=-0.6221218732608373, ub=-0.023523848418276528
[2024-11-27 16:06:26,767][root][INFO] - Simulating initial volumes for stage II  with norm params: mu=1.96, sigma=1.63, lb=-1.9410876100159118, ub=0.3711345751297772
[2024-11-27 16:06:26,768][root][INFO] - Simulating initial volumes for stage IIIA  with norm params: mu=1.91, sigma=9.4, lb=-0.33127370258786554, ub=0.06967546355973796
[2024-11-27 16:06:26,768][root][INFO] - Simulating initial volumes for stage IIIB  with norm params: mu=2.76, sigma=6.87, lb=-0.5769974969906748, ub=-0.02839165102452155
[2024-11-27 16:06:26,769][root][INFO] - Simulating initial volumes for stage IV  with norm params: mu=3.86, sigma=8.82, lb=-0.5741465764541877, ub=-0.14683113860980307
[2024-11-27 16:06:26,771][root][INFO] - Got correlated params for 493 patients
[2024-11-27 16:06:26,772][root][INFO] - Got correlated params for 947 patients
[2024-11-27 16:06:26,773][root][INFO] - Got correlated params for 1403 patients
[2024-11-27 16:06:26,774][root][INFO] - Simulating beta_c parameters
[2024-11-27 16:06:26,775][root][INFO] - Randomising outputs
[2024-11-27 16:06:30,293][root][INFO] - Simulating initial volumes for stage I  with norm params: mu=1.72, sigma=4.7, lb=-0.6221218732608373, ub=-0.023523848418276528
[2024-11-27 16:06:30,294][root][INFO] - Simulating initial volumes for stage II  with norm params: mu=1.96, sigma=1.63, lb=-1.9410876100159118, ub=0.3711345751297772
[2024-11-27 16:06:30,295][root][INFO] - Simulating initial volumes for stage IIIA  with norm params: mu=1.91, sigma=9.4, lb=-0.33127370258786554, ub=0.06967546355973796
[2024-11-27 16:06:30,296][root][INFO] - Simulating initial volumes for stage IIIB  with norm params: mu=2.76, sigma=6.87, lb=-0.5769974969906748, ub=-0.02839165102452155
[2024-11-27 16:06:30,296][root][INFO] - Simulating initial volumes for stage IV  with norm params: mu=3.86, sigma=8.82, lb=-0.5741465764541877, ub=-0.14683113860980307
[2024-11-27 16:06:30,298][root][INFO] - Got correlated params for 445 patients
[2024-11-27 16:06:30,299][root][INFO] - Got correlated params for 895 patients
[2024-11-27 16:06:30,301][root][INFO] - Got correlated params for 1355 patients
[2024-11-27 16:06:30,302][root][INFO] - Simulating beta_c parameters
[2024-11-27 16:06:30,303][root][INFO] - Randomising outputs
[2024-11-27 16:06:34,529][root][INFO] - Simulating initial volumes for stage I  with norm params: mu=1.72, sigma=4.7, lb=-0.6221218732608373, ub=-0.023523848418276528
[2024-11-27 16:06:34,530][root][INFO] - Simulating initial volumes for stage II  with norm params: mu=1.96, sigma=1.63, lb=-1.9410876100159118, ub=0.3711345751297772
[2024-11-27 16:06:34,531][root][INFO] - Simulating initial volumes for stage IIIA  with norm params: mu=1.91, sigma=9.4, lb=-0.33127370258786554, ub=0.06967546355973796
[2024-11-27 16:06:34,531][root][INFO] - Simulating initial volumes for stage IIIB  with norm params: mu=2.76, sigma=6.87, lb=-0.5769974969906748, ub=-0.02839165102452155
[2024-11-27 16:06:34,532][root][INFO] - Simulating initial volumes for stage IV  with norm params: mu=3.86, sigma=8.82, lb=-0.5741465764541877, ub=-0.14683113860980307
[2024-11-27 16:06:34,534][root][INFO] - Got correlated params for 445 patients
[2024-11-27 16:06:34,535][root][INFO] - Got correlated params for 895 patients
[2024-11-27 16:06:34,536][root][INFO] - Got correlated params for 1355 patients
[2024-11-27 16:06:34,537][root][INFO] - Simulating beta_c parameters
[2024-11-27 16:06:34,539][root][INFO] - Randomising outputs
[2024-11-27 16:06:55,440][src.data.cancer_sim.dataset][INFO] - train Dataset already processed
[2024-11-27 16:06:55,441][src.data.cancer_sim.dataset][INFO] - Processing val dataset before training
[2024-11-27 16:06:55,538][src.data.cancer_sim.dataset][INFO] - Shape of processed val data: {'cancer_volume': (1000, 60), 'chemo_dosage': (1000, 60), 'radio_dosage': (1000, 60), 'chemo_application': (1000, 60), 'radio_application': (1000, 60), 'chemo_probabilities': (1000, 60), 'radio_probabilities': (1000, 60), 'sequence_lengths': (1000,), 'death_flags': (1000, 60), 'recovery_flags': (1000, 60), 'patient_types': (1000,), 'prev_treatments': (1000, 59, 4), 'current_treatments': (1000, 59, 4), 'current_covariates': (1000, 59, 2), 'outputs': (1000, 59, 1), 'active_entries': (1000, 59, 1), 'unscaled_outputs': (1000, 59, 1), 'prev_outputs': (1000, 59, 1), 'static_features': (1000, 1)}
[2024-11-27 16:06:55,539][src.data.cancer_sim.dataset][INFO] - Processing test dataset before training
[2024-11-27 16:07:03,815][src.data.cancer_sim.dataset][INFO] - train Dataset already processed
[2024-11-27 16:07:03,815][src.data.cancer_sim.dataset][INFO] - Processing val dataset before training
[2024-11-27 16:07:03,910][src.data.cancer_sim.dataset][INFO] - Shape of processed val data: {'cancer_volume': (1000, 60), 'chemo_dosage': (1000, 60), 'radio_dosage': (1000, 60), 'chemo_application': (1000, 60), 'radio_application': (1000, 60), 'chemo_probabilities': (1000, 60), 'radio_probabilities': (1000, 60), 'sequence_lengths': (1000,), 'death_flags': (1000, 60), 'recovery_flags': (1000, 60), 'patient_types': (1000,), 'prev_treatments': (1000, 59, 4), 'current_treatments': (1000, 59, 4), 'current_covariates': (1000, 59, 2), 'outputs': (1000, 59, 1), 'active_entries': (1000, 59, 1), 'unscaled_outputs': (1000, 59, 1), 'prev_outputs': (1000, 59, 1), 'static_features': (1000, 1)}
[2024-11-27 16:07:03,910][src.data.cancer_sim.dataset][INFO] - Processing test dataset before training
[2024-11-27 16:07:15,303][src.data.cancer_sim.dataset][INFO] - Shape of processed test data: {'cancer_volume': (222916, 60), 'chemo_application': (222916, 60), 'radio_application': (222916, 60), 'sequence_lengths': (222916,), 'patient_types': (222916,), 'prev_treatments': (222916, 59, 4), 'current_treatments': (222916, 59, 4), 'current_covariates': (222916, 59, 2), 'outputs': (222916, 59, 1), 'active_entries': (222916, 59, 1), 'unscaled_outputs': (222916, 59, 1), 'prev_outputs': (222916, 59, 1), 'static_features': (222916, 1)}
[2024-11-27 16:07:16,036][src.models.crn][INFO] - Input size of encoder: 6
[2024-11-27 16:07:23,310][src.data.cancer_sim.dataset][INFO] - Shape of processed test data: {'cancer_volume': (219908, 60), 'chemo_application': (219908, 60), 'radio_application': (219908, 60), 'sequence_lengths': (219908,), 'patient_types': (219908,), 'prev_treatments': (219908, 59, 4), 'current_treatments': (219908, 59, 4), 'current_covariates': (219908, 59, 2), 'outputs': (219908, 59, 1), 'active_entries': (219908, 59, 1), 'unscaled_outputs': (219908, 59, 1), 'prev_outputs': (219908, 59, 1), 'static_features': (219908, 1)}
[2024-11-27 16:07:23,826][src.models.crn][INFO] - Input size of encoder: 6
[2024-11-27 16:37:25,975][src.models.time_varying_model][INFO] - RMSE calculation for val.
[2024-11-27 16:37:25,976][src.models.time_varying_model][INFO] - Predictions for val.
[2024-11-27 16:37:26,611][__main__][INFO] - Val normalised RMSE (all): 0.6285403182269805; Val normalised RMSE (orig): 0.6226699510283917
[2024-11-27 16:37:26,612][src.models.time_varying_model][INFO] - RMSE calculation for test.
[2024-11-27 16:37:26,612][src.models.time_varying_model][INFO] - Predictions for test.
[2024-11-27 16:37:41,798][__main__][INFO] - Test normalised RMSE (all): 0.8453452321686354; Test normalised RMSE (orig): 0.6162494819512668; Test normalised RMSE (only counterfactual): 0.7969740021961097
[2024-11-27 16:37:41,866][src.models.crn][INFO] - Input size of decoder: 6
[2024-11-27 16:37:41,893][src.data.cancer_sim.dataset][INFO] - train Dataset already processed
[2024-11-27 16:37:41,893][src.data.cancer_sim.dataset][INFO] - val Dataset already processed
[2024-11-27 16:37:41,893][src.data.cancer_sim.dataset][INFO] - Processing test dataset before training
[2024-11-27 16:38:36,599][src.data.cancer_sim.dataset][INFO] - Shape of processed test data: {'cancer_volume': (573992, 65), 'chemo_application': (573992, 65), 'radio_application': (573992, 65), 'sequence_lengths': (573992,), 'patient_types': (573992,), 'patient_ids_all_trajectories': (573992,), 'patient_current_t': (573992,), 'prev_treatments': (573992, 64, 4), 'current_treatments': (573992, 64, 4), 'current_covariates': (573992, 64, 2), 'outputs': (573992, 64, 1), 'active_entries': (573992, 64, 1), 'unscaled_outputs': (573992, 64, 1), 'prev_outputs': (573992, 64, 1), 'static_features': (573992, 1)}
[2024-11-27 16:53:11,976][src.models.time_varying_model][INFO] - Balanced representations inference for train.
[2024-11-27 16:53:13,974][src.models.time_varying_model][INFO] - Balanced representations inference for val.
[2024-11-27 16:53:14,591][src.models.time_varying_model][INFO] - Balanced representations inference for test.
[2024-11-27 16:53:18,139][src.models.time_varying_model][INFO] - RMSE calculation for val.
[2024-11-27 16:53:18,139][src.models.time_varying_model][INFO] - Predictions for val.
[2024-11-27 16:53:18,896][__main__][INFO] - Val normalised RMSE (all): 0.6319703752576662; Val normalised RMSE (orig): 0.6262729296030032
[2024-11-27 16:53:18,896][src.models.time_varying_model][INFO] - RMSE calculation for test.
[2024-11-27 16:53:18,896][src.models.time_varying_model][INFO] - Predictions for test.
[2024-11-27 16:53:38,582][__main__][INFO] - Test normalised RMSE (all): 0.8785796103528173; Test normalised RMSE (orig): 0.648992024158572; Test normalised RMSE (only counterfactual): 0.8975465119978617
[2024-11-27 16:53:38,664][src.models.crn][INFO] - Input size of decoder: 6
[2024-11-27 16:53:38,706][src.data.cancer_sim.dataset][INFO] - train Dataset already processed
[2024-11-27 16:53:38,706][src.data.cancer_sim.dataset][INFO] - val Dataset already processed
[2024-11-27 16:53:38,706][src.data.cancer_sim.dataset][INFO] - Processing test dataset before training
[2024-11-27 16:53:52,729][src.models.time_varying_model][INFO] - Predictions for test.
[2024-11-27 16:54:32,245][src.data.cancer_sim.dataset][INFO] - Processing train dataset before training (multiple sequences)
[2024-11-27 16:54:32,819][src.data.cancer_sim.dataset][INFO] - Shape of processed test data: {'cancer_volume': (575824, 65), 'chemo_application': (575824, 65), 'radio_application': (575824, 65), 'sequence_lengths': (575824,), 'patient_types': (575824,), 'patient_ids_all_trajectories': (575824,), 'patient_current_t': (575824,), 'prev_treatments': (575824, 64, 4), 'current_treatments': (575824, 64, 4), 'current_covariates': (575824, 64, 2), 'outputs': (575824, 64, 1), 'active_entries': (575824, 64, 1), 'unscaled_outputs': (575824, 64, 1), 'prev_outputs': (575824, 64, 1), 'static_features': (575824, 1)}
[2024-11-27 16:54:32,821][src.models.time_varying_model][INFO] - Balanced representations inference for train.
[2024-11-27 16:54:34,584][src.models.time_varying_model][INFO] - Balanced representations inference for val.
[2024-11-27 16:54:35,305][src.models.time_varying_model][INFO] - Balanced representations inference for test.
[2024-11-27 16:54:35,454][src.data.cancer_sim.dataset][INFO] - Shape of processed train data: {'init_state': (512062, 24), 'original_index': (512062,), 'active_encoder_r': (512062, 59), 'prev_treatments': (512062, 5, 4), 'current_treatments': (512062, 5, 4), 'current_covariates': (512062, 5, 2), 'prev_outputs': (512062, 5, 1), 'static_features': (512062, 1), 'outputs': (512062, 5, 1), 'sequence_lengths': (512062,), 'active_entries': (512062, 5, 1), 'unscaled_outputs': (512062, 5, 1)}
[2024-11-27 16:54:35,456][src.data.cancer_sim.dataset][INFO] - Processing val dataset before training (multiple sequences)
[2024-11-27 16:54:35,800][src.data.cancer_sim.dataset][INFO] - Shape of processed val data: {'init_state': (51750, 24), 'original_index': (51750,), 'active_encoder_r': (51750, 59), 'prev_treatments': (51750, 5, 4), 'current_treatments': (51750, 5, 4), 'current_covariates': (51750, 5, 2), 'prev_outputs': (51750, 5, 1), 'static_features': (51750, 1), 'outputs': (51750, 5, 1), 'sequence_lengths': (51750,), 'active_entries': (51750, 5, 1), 'unscaled_outputs': (51750, 5, 1)}
[2024-11-27 16:54:35,801][src.data.cancer_sim.dataset][INFO] - Processing test dataset before testing (multiple sequences)
[2024-11-27 16:54:44,018][src.data.cancer_sim.dataset][INFO] - Shape of processed test data: {'active_encoder_r': (573992, 59), 'prev_treatments': (573992, 5, 4), 'current_treatments': (573992, 5, 4), 'current_covariates': (573992, 5, 2), 'prev_outputs': (573992, 5, 1), 'static_features': (573992, 1), 'outputs': (573992, 5, 1), 'sequence_lengths': (573992,), 'active_entries': (573992, 5, 1), 'unscaled_outputs': (573992, 5, 1), 'patient_types': (573992,), 'patient_ids_all_trajectories': (573992,), 'patient_current_t': (573992,), 'init_state': (573992, 24)}
[2024-11-27 16:54:44,065][src.data.cancer_sim.dataset][INFO] - Processing test dataset before testing (autoregressive)
[2024-11-27 16:54:46,600][src.data.cancer_sim.dataset][INFO] - Shape of processed test data: {'current_covariates': (573992, 5, 2), 'prev_treatments': (573992, 5, 4), 'current_treatments': (573992, 5, 4), 'init_state': (573992, 24), 'active_encoder_r': (573992, 59), 'active_entries': (573992, 5, 1), 'prev_outputs': (573992, 5, 1), 'static_features': (573992, 1)}
[2024-11-27 16:55:25,328][src.models.time_varying_model][INFO] - Predictions for test.
[2024-11-27 16:56:18,486][src.data.cancer_sim.dataset][INFO] - Processing train dataset before training (multiple sequences)
[2024-11-27 16:56:21,450][src.data.cancer_sim.dataset][INFO] - Shape of processed train data: {'init_state': (513972, 24), 'original_index': (513972,), 'active_encoder_r': (513972, 59), 'prev_treatments': (513972, 5, 4), 'current_treatments': (513972, 5, 4), 'current_covariates': (513972, 5, 2), 'prev_outputs': (513972, 5, 1), 'static_features': (513972, 1), 'outputs': (513972, 5, 1), 'sequence_lengths': (513972,), 'active_entries': (513972, 5, 1), 'unscaled_outputs': (513972, 5, 1)}
[2024-11-27 16:56:21,452][src.data.cancer_sim.dataset][INFO] - Processing val dataset before training (multiple sequences)
[2024-11-27 16:56:21,743][src.data.cancer_sim.dataset][INFO] - Shape of processed val data: {'init_state': (51809, 24), 'original_index': (51809,), 'active_encoder_r': (51809, 59), 'prev_treatments': (51809, 5, 4), 'current_treatments': (51809, 5, 4), 'current_covariates': (51809, 5, 2), 'prev_outputs': (51809, 5, 1), 'static_features': (51809, 1), 'outputs': (51809, 5, 1), 'sequence_lengths': (51809,), 'active_entries': (51809, 5, 1), 'unscaled_outputs': (51809, 5, 1)}
[2024-11-27 16:56:21,744][src.data.cancer_sim.dataset][INFO] - Processing test dataset before testing (multiple sequences)
[2024-11-27 16:56:32,565][src.data.cancer_sim.dataset][INFO] - Shape of processed test data: {'active_encoder_r': (575824, 59), 'prev_treatments': (575824, 5, 4), 'current_treatments': (575824, 5, 4), 'current_covariates': (575824, 5, 2), 'prev_outputs': (575824, 5, 1), 'static_features': (575824, 1), 'outputs': (575824, 5, 1), 'sequence_lengths': (575824,), 'active_entries': (575824, 5, 1), 'unscaled_outputs': (575824, 5, 1), 'patient_types': (575824,), 'patient_ids_all_trajectories': (575824,), 'patient_current_t': (575824,), 'init_state': (575824, 24)}
[2024-11-27 16:56:32,629][src.data.cancer_sim.dataset][INFO] - Processing test dataset before testing (autoregressive)
[2024-11-27 16:56:35,208][src.data.cancer_sim.dataset][INFO] - Shape of processed test data: {'current_covariates': (575824, 5, 2), 'prev_treatments': (575824, 5, 4), 'current_treatments': (575824, 5, 4), 'init_state': (575824, 24), 'active_encoder_r': (575824, 59), 'active_entries': (575824, 5, 1), 'prev_outputs': (575824, 5, 1), 'static_features': (575824, 1)}
