[2025-01-27 02:51:14,586][__main__][INFO] - 
model:
  dim_treatments: 4
  dim_vitals: 0
  dim_static_features: 1
  dim_outcomes: 1
  name: CRN
  encoder:
    _target_: src.models.crn.CRNEncoder
    seq_hidden_units: 24
    br_size: 18
    fc_hidden_units: 36
    dropout_rate: 0.1
    num_layer: 1
    batch_size: 128
    optimizer:
      optimizer_cls: adam
      learning_rate: 0.001
      weight_decay: 0.0
      lr_scheduler: false
    tune_hparams: false
    tune_range: 50
    hparams_grid: null
    resources_per_trial: null
  train_decoder: true
  decoder:
    _target_: src.models.crn.CRNDecoder
    seq_hidden_units: null
    br_size: 24
    fc_hidden_units: 24
    dropout_rate: 0.2
    num_layer: 1
    batch_size: 512
    optimizer:
      optimizer_cls: adam
      learning_rate: 0.001
      weight_decay: 0.0
      lr_scheduler: false
    tune_hparams: false
    tune_range: 30
    hparams_grid: null
    resources_per_trial: null
dataset:
  val_batch_size: 512
  treatment_mode: multiclass
  _target_: src.data.SyntheticCancerDatasetCollection
  name: tumor_generator
  coeff: 0.0
  chemo_coeff: 0.0
  radio_coeff: 0.0
  seed: 10
  random: true
  noise_percentage: 0.05
  num_patients:
    train: 10000
    val: 1000
    test: 1000
  window_size: 15
  lag: 0
  max_seq_length: 60
  projection_horizon: 5
  cf_seq_mode: sliding_treatment
exp:
  seed: 10
  gpus:
  - 0
  max_epochs: 120
  logging: true
  mlflow_uri: http://127.0.0.1:5000
  unscale_rmse: true
  percentage_rmse: true
  alpha: 0.01
  update_alpha: true
  alpha_rate: exp
  initial_balancing_method: grad_reverse
  final_balancing_method: subgroup
  bce_weight: false
  weights_ema: false
  beta: 0.99
  alpha_wass: 0.0001
  alpha_wass_epoch: false
  alpha_wass_growth: 0.001
  alpha_wass_max: 0.01
  balancing: grad_reverse
  balancing_switch_epoch: 99
  gap_epoch: 5
  clustering_method: GMM
  number_clusters: 2
  num_timepoints: 59
  checkpoint_dir: ./checkpoints/cancer/crn/0

[2025-01-27 02:51:14,608][root][INFO] - Simulating initial volumes for stage I  with norm params: mu=1.72, sigma=4.7, lb=-0.6221218732608373, ub=-0.023523848418276528
[2025-01-27 02:51:14,614][root][INFO] - Simulating initial volumes for stage II  with norm params: mu=1.96, sigma=1.63, lb=-1.9410876100159118, ub=0.3711345751297772
[2025-01-27 02:51:14,616][root][INFO] - Simulating initial volumes for stage IIIA  with norm params: mu=1.91, sigma=9.4, lb=-0.33127370258786554, ub=0.06967546355973796
[2025-01-27 02:51:14,616][root][INFO] - Simulating initial volumes for stage IIIB  with norm params: mu=2.76, sigma=6.87, lb=-0.5769974969906748, ub=-0.02839165102452155
[2025-01-27 02:51:14,619][root][INFO] - Simulating initial volumes for stage IV  with norm params: mu=3.86, sigma=8.82, lb=-0.5741465764541877, ub=-0.14683113860980307
[2025-01-27 02:51:14,650][root][INFO] - Got correlated params for 4658 patients
[2025-01-27 02:51:14,654][root][INFO] - Got correlated params for 9338 patients
[2025-01-27 02:51:14,659][root][INFO] - Got correlated params for 13912 patients
[2025-01-27 02:51:14,666][root][INFO] - Simulating beta_c parameters
[2025-01-27 02:51:14,672][root][INFO] - Randomising outputs
[2025-01-27 02:51:14,881][__main__][INFO] - 
model:
  dim_treatments: 4
  dim_vitals: 0
  dim_static_features: 1
  dim_outcomes: 1
  name: CRN
  encoder:
    _target_: src.models.crn.CRNEncoder
    seq_hidden_units: 24
    br_size: 18
    fc_hidden_units: 36
    dropout_rate: 0.1
    num_layer: 1
    batch_size: 128
    optimizer:
      optimizer_cls: adam
      learning_rate: 0.001
      weight_decay: 0.0
      lr_scheduler: false
    tune_hparams: false
    tune_range: 50
    hparams_grid: null
    resources_per_trial: null
  train_decoder: true
  decoder:
    _target_: src.models.crn.CRNDecoder
    seq_hidden_units: null
    br_size: 24
    fc_hidden_units: 24
    dropout_rate: 0.2
    num_layer: 1
    batch_size: 512
    optimizer:
      optimizer_cls: adam
      learning_rate: 0.001
      weight_decay: 0.0
      lr_scheduler: false
    tune_hparams: false
    tune_range: 30
    hparams_grid: null
    resources_per_trial: null
dataset:
  val_batch_size: 512
  treatment_mode: multiclass
  _target_: src.data.SyntheticCancerDatasetCollection
  name: tumor_generator
  coeff: 0.0
  chemo_coeff: 0.0
  radio_coeff: 0.0
  seed: 10
  random: true
  noise_percentage: 0.1
  num_patients:
    train: 10000
    val: 1000
    test: 1000
  window_size: 15
  lag: 0
  max_seq_length: 60
  projection_horizon: 5
  cf_seq_mode: sliding_treatment
exp:
  seed: 10
  gpus:
  - 0
  max_epochs: 120
  logging: true
  mlflow_uri: http://127.0.0.1:5000
  unscale_rmse: true
  percentage_rmse: true
  alpha: 0.01
  update_alpha: true
  alpha_rate: exp
  initial_balancing_method: grad_reverse
  final_balancing_method: subgroup
  bce_weight: false
  weights_ema: false
  beta: 0.99
  alpha_wass: 0.0001
  alpha_wass_epoch: false
  alpha_wass_growth: 0.001
  alpha_wass_max: 0.01
  balancing: grad_reverse
  balancing_switch_epoch: 99
  gap_epoch: 10
  clustering_method: GMM
  number_clusters: 2
  num_timepoints: 59
  checkpoint_dir: ./checkpoints/cancer/crn/0

[2025-01-27 02:51:14,891][root][INFO] - Simulating initial volumes for stage I  with norm params: mu=1.72, sigma=4.7, lb=-0.6221218732608373, ub=-0.023523848418276528
[2025-01-27 02:51:14,893][root][INFO] - Simulating initial volumes for stage II  with norm params: mu=1.96, sigma=1.63, lb=-1.9410876100159118, ub=0.3711345751297772
[2025-01-27 02:51:14,893][root][INFO] - Simulating initial volumes for stage IIIA  with norm params: mu=1.91, sigma=9.4, lb=-0.33127370258786554, ub=0.06967546355973796
[2025-01-27 02:51:14,894][root][INFO] - Simulating initial volumes for stage IIIB  with norm params: mu=2.76, sigma=6.87, lb=-0.5769974969906748, ub=-0.02839165102452155
[2025-01-27 02:51:14,897][root][INFO] - Simulating initial volumes for stage IV  with norm params: mu=3.86, sigma=8.82, lb=-0.5741465764541877, ub=-0.14683113860980307
[2025-01-27 02:51:14,906][root][INFO] - Got correlated params for 4658 patients
[2025-01-27 02:51:14,910][root][INFO] - Got correlated params for 9338 patients
[2025-01-27 02:51:14,915][root][INFO] - Got correlated params for 13912 patients
[2025-01-27 02:51:14,922][root][INFO] - Simulating beta_c parameters
[2025-01-27 02:51:14,927][root][INFO] - Randomising outputs
[2025-01-27 02:51:28,412][src.data.cancer_sim.dataset][INFO] - Processing train dataset before training
[2025-01-27 02:51:29,548][src.data.cancer_sim.dataset][INFO] - Shape of processed train data: {'cancer_volume': (10000, 60), 'chemo_dosage': (10000, 60), 'radio_dosage': (10000, 60), 'chemo_application': (10000, 60), 'radio_application': (10000, 60), 'chemo_probabilities': (10000, 60), 'radio_probabilities': (10000, 60), 'sequence_lengths': (10000,), 'death_flags': (10000, 60), 'recovery_flags': (10000, 60), 'patient_types': (10000,), 'prev_treatments': (10000, 59, 4), 'current_treatments': (10000, 59, 4), 'current_covariates': (10000, 59, 2), 'outputs': (10000, 59, 1), 'active_entries': (10000, 59, 1), 'unscaled_outputs': (10000, 59, 1), 'prev_outputs': (10000, 59, 1), 'static_features': (10000, 1)}
[2025-01-27 02:51:29,598][root][INFO] - Simulating initial volumes for stage I  with norm params: mu=1.72, sigma=4.7, lb=-0.6221218732608373, ub=-0.023523848418276528
[2025-01-27 02:51:29,599][root][INFO] - Simulating initial volumes for stage II  with norm params: mu=1.96, sigma=1.63, lb=-1.9410876100159118, ub=0.3711345751297772
[2025-01-27 02:51:29,600][root][INFO] - Simulating initial volumes for stage IIIA  with norm params: mu=1.91, sigma=9.4, lb=-0.33127370258786554, ub=0.06967546355973796
[2025-01-27 02:51:29,601][root][INFO] - Simulating initial volumes for stage IIIB  with norm params: mu=2.76, sigma=6.87, lb=-0.5769974969906748, ub=-0.02839165102452155
[2025-01-27 02:51:29,601][root][INFO] - Simulating initial volumes for stage IV  with norm params: mu=3.86, sigma=8.82, lb=-0.5741465764541877, ub=-0.14683113860980307
[2025-01-27 02:51:29,603][root][INFO] - Got correlated params for 455 patients
[2025-01-27 02:51:29,604][root][INFO] - Got correlated params for 905 patients
[2025-01-27 02:51:29,605][root][INFO] - Got correlated params for 1366 patients
[2025-01-27 02:51:29,606][root][INFO] - Simulating beta_c parameters
[2025-01-27 02:51:29,607][root][INFO] - Randomising outputs
[2025-01-27 02:51:30,914][src.data.cancer_sim.dataset][INFO] - Processing train dataset before training
[2025-01-27 02:51:30,940][root][INFO] - Simulating initial volumes for stage I  with norm params: mu=1.72, sigma=4.7, lb=-0.6221218732608373, ub=-0.023523848418276528
[2025-01-27 02:51:30,941][root][INFO] - Simulating initial volumes for stage II  with norm params: mu=1.96, sigma=1.63, lb=-1.9410876100159118, ub=0.3711345751297772
[2025-01-27 02:51:30,942][root][INFO] - Simulating initial volumes for stage IIIA  with norm params: mu=1.91, sigma=9.4, lb=-0.33127370258786554, ub=0.06967546355973796
[2025-01-27 02:51:30,942][root][INFO] - Simulating initial volumes for stage IIIB  with norm params: mu=2.76, sigma=6.87, lb=-0.5769974969906748, ub=-0.02839165102452155
[2025-01-27 02:51:30,943][root][INFO] - Simulating initial volumes for stage IV  with norm params: mu=3.86, sigma=8.82, lb=-0.5741465764541877, ub=-0.14683113860980307
[2025-01-27 02:51:30,944][root][INFO] - Got correlated params for 493 patients
[2025-01-27 02:51:30,945][root][INFO] - Got correlated params for 947 patients
[2025-01-27 02:51:30,946][root][INFO] - Got correlated params for 1403 patients
[2025-01-27 02:51:30,947][root][INFO] - Simulating beta_c parameters
[2025-01-27 02:51:30,948][root][INFO] - Randomising outputs
[2025-01-27 02:51:32,041][src.data.cancer_sim.dataset][INFO] - Shape of processed train data: {'cancer_volume': (10000, 60), 'chemo_dosage': (10000, 60), 'radio_dosage': (10000, 60), 'chemo_application': (10000, 60), 'radio_application': (10000, 60), 'chemo_probabilities': (10000, 60), 'radio_probabilities': (10000, 60), 'sequence_lengths': (10000,), 'death_flags': (10000, 60), 'recovery_flags': (10000, 60), 'patient_types': (10000,), 'prev_treatments': (10000, 59, 4), 'current_treatments': (10000, 59, 4), 'current_covariates': (10000, 59, 2), 'outputs': (10000, 59, 1), 'active_entries': (10000, 59, 1), 'unscaled_outputs': (10000, 59, 1), 'prev_outputs': (10000, 59, 1), 'static_features': (10000, 1)}
[2025-01-27 02:51:32,154][root][INFO] - Simulating initial volumes for stage I  with norm params: mu=1.72, sigma=4.7, lb=-0.6221218732608373, ub=-0.023523848418276528
[2025-01-27 02:51:32,155][root][INFO] - Simulating initial volumes for stage II  with norm params: mu=1.96, sigma=1.63, lb=-1.9410876100159118, ub=0.3711345751297772
[2025-01-27 02:51:32,155][root][INFO] - Simulating initial volumes for stage IIIA  with norm params: mu=1.91, sigma=9.4, lb=-0.33127370258786554, ub=0.06967546355973796
[2025-01-27 02:51:32,156][root][INFO] - Simulating initial volumes for stage IIIB  with norm params: mu=2.76, sigma=6.87, lb=-0.5769974969906748, ub=-0.02839165102452155
[2025-01-27 02:51:32,157][root][INFO] - Simulating initial volumes for stage IV  with norm params: mu=3.86, sigma=8.82, lb=-0.5741465764541877, ub=-0.14683113860980307
[2025-01-27 02:51:32,159][root][INFO] - Got correlated params for 477 patients
[2025-01-27 02:51:32,160][root][INFO] - Got correlated params for 911 patients
[2025-01-27 02:51:32,161][root][INFO] - Got correlated params for 1358 patients
[2025-01-27 02:51:32,162][root][INFO] - Simulating beta_c parameters
[2025-01-27 02:51:32,163][root][INFO] - Randomising outputs
[2025-01-27 02:51:33,691][root][INFO] - Simulating initial volumes for stage I  with norm params: mu=1.72, sigma=4.7, lb=-0.6221218732608373, ub=-0.023523848418276528
[2025-01-27 02:51:33,691][root][INFO] - Simulating initial volumes for stage II  with norm params: mu=1.96, sigma=1.63, lb=-1.9410876100159118, ub=0.3711345751297772
[2025-01-27 02:51:33,692][root][INFO] - Simulating initial volumes for stage IIIA  with norm params: mu=1.91, sigma=9.4, lb=-0.33127370258786554, ub=0.06967546355973796
[2025-01-27 02:51:33,693][root][INFO] - Simulating initial volumes for stage IIIB  with norm params: mu=2.76, sigma=6.87, lb=-0.5769974969906748, ub=-0.02839165102452155
[2025-01-27 02:51:33,693][root][INFO] - Simulating initial volumes for stage IV  with norm params: mu=3.86, sigma=8.82, lb=-0.5741465764541877, ub=-0.14683113860980307
[2025-01-27 02:51:33,695][root][INFO] - Got correlated params for 461 patients
[2025-01-27 02:51:33,696][root][INFO] - Got correlated params for 910 patients
[2025-01-27 02:51:33,697][root][INFO] - Got correlated params for 1363 patients
[2025-01-27 02:51:33,698][root][INFO] - Simulating beta_c parameters
[2025-01-27 02:51:33,699][root][INFO] - Randomising outputs
[2025-01-27 02:51:35,835][root][INFO] - Simulating initial volumes for stage I  with norm params: mu=1.72, sigma=4.7, lb=-0.6221218732608373, ub=-0.023523848418276528
[2025-01-27 02:51:35,836][root][INFO] - Simulating initial volumes for stage II  with norm params: mu=1.96, sigma=1.63, lb=-1.9410876100159118, ub=0.3711345751297772
[2025-01-27 02:51:35,837][root][INFO] - Simulating initial volumes for stage IIIA  with norm params: mu=1.91, sigma=9.4, lb=-0.33127370258786554, ub=0.06967546355973796
[2025-01-27 02:51:35,838][root][INFO] - Simulating initial volumes for stage IIIB  with norm params: mu=2.76, sigma=6.87, lb=-0.5769974969906748, ub=-0.02839165102452155
[2025-01-27 02:51:35,838][root][INFO] - Simulating initial volumes for stage IV  with norm params: mu=3.86, sigma=8.82, lb=-0.5741465764541877, ub=-0.14683113860980307
[2025-01-27 02:51:35,840][root][INFO] - Got correlated params for 445 patients
[2025-01-27 02:51:35,841][root][INFO] - Got correlated params for 895 patients
[2025-01-27 02:51:35,842][root][INFO] - Got correlated params for 1355 patients
[2025-01-27 02:51:35,843][root][INFO] - Simulating beta_c parameters
[2025-01-27 02:51:35,844][root][INFO] - Randomising outputs
[2025-01-27 02:51:39,318][root][INFO] - Simulating initial volumes for stage I  with norm params: mu=1.72, sigma=4.7, lb=-0.6221218732608373, ub=-0.023523848418276528
[2025-01-27 02:51:39,319][root][INFO] - Simulating initial volumes for stage II  with norm params: mu=1.96, sigma=1.63, lb=-1.9410876100159118, ub=0.3711345751297772
[2025-01-27 02:51:39,319][root][INFO] - Simulating initial volumes for stage IIIA  with norm params: mu=1.91, sigma=9.4, lb=-0.33127370258786554, ub=0.06967546355973796
[2025-01-27 02:51:39,320][root][INFO] - Simulating initial volumes for stage IIIB  with norm params: mu=2.76, sigma=6.87, lb=-0.5769974969906748, ub=-0.02839165102452155
[2025-01-27 02:51:39,321][root][INFO] - Simulating initial volumes for stage IV  with norm params: mu=3.86, sigma=8.82, lb=-0.5741465764541877, ub=-0.14683113860980307
[2025-01-27 02:51:39,322][root][INFO] - Got correlated params for 458 patients
[2025-01-27 02:51:39,323][root][INFO] - Got correlated params for 926 patients
[2025-01-27 02:51:39,324][root][INFO] - Got correlated params for 1397 patients
[2025-01-27 02:51:39,325][root][INFO] - Simulating beta_c parameters
[2025-01-27 02:51:39,326][root][INFO] - Randomising outputs
[2025-01-27 02:51:58,130][src.data.cancer_sim.dataset][INFO] - train Dataset already processed
[2025-01-27 02:51:58,131][src.data.cancer_sim.dataset][INFO] - Processing val dataset before training
[2025-01-27 02:51:58,245][src.data.cancer_sim.dataset][INFO] - Shape of processed val data: {'cancer_volume': (1000, 60), 'chemo_dosage': (1000, 60), 'radio_dosage': (1000, 60), 'chemo_application': (1000, 60), 'radio_application': (1000, 60), 'chemo_probabilities': (1000, 60), 'radio_probabilities': (1000, 60), 'sequence_lengths': (1000,), 'death_flags': (1000, 60), 'recovery_flags': (1000, 60), 'patient_types': (1000,), 'prev_treatments': (1000, 59, 4), 'current_treatments': (1000, 59, 4), 'current_covariates': (1000, 59, 2), 'outputs': (1000, 59, 1), 'active_entries': (1000, 59, 1), 'unscaled_outputs': (1000, 59, 1), 'prev_outputs': (1000, 59, 1), 'static_features': (1000, 1)}
[2025-01-27 02:51:58,245][src.data.cancer_sim.dataset][INFO] - Processing test dataset before training
[2025-01-27 02:52:05,723][src.data.cancer_sim.dataset][INFO] - train Dataset already processed
[2025-01-27 02:52:05,724][src.data.cancer_sim.dataset][INFO] - Processing val dataset before training
[2025-01-27 02:52:05,836][src.data.cancer_sim.dataset][INFO] - Shape of processed val data: {'cancer_volume': (1000, 60), 'chemo_dosage': (1000, 60), 'radio_dosage': (1000, 60), 'chemo_application': (1000, 60), 'radio_application': (1000, 60), 'chemo_probabilities': (1000, 60), 'radio_probabilities': (1000, 60), 'sequence_lengths': (1000,), 'death_flags': (1000, 60), 'recovery_flags': (1000, 60), 'patient_types': (1000,), 'prev_treatments': (1000, 59, 4), 'current_treatments': (1000, 59, 4), 'current_covariates': (1000, 59, 2), 'outputs': (1000, 59, 1), 'active_entries': (1000, 59, 1), 'unscaled_outputs': (1000, 59, 1), 'prev_outputs': (1000, 59, 1), 'static_features': (1000, 1)}
[2025-01-27 02:52:05,836][src.data.cancer_sim.dataset][INFO] - Processing test dataset before training
[2025-01-27 02:52:18,253][src.data.cancer_sim.dataset][INFO] - Shape of processed test data: {'cancer_volume': (203388, 60), 'chemo_application': (203388, 60), 'radio_application': (203388, 60), 'sequence_lengths': (203388,), 'patient_types': (203388,), 'prev_treatments': (203388, 59, 4), 'current_treatments': (203388, 59, 4), 'current_covariates': (203388, 59, 2), 'outputs': (203388, 59, 1), 'active_entries': (203388, 59, 1), 'unscaled_outputs': (203388, 59, 1), 'prev_outputs': (203388, 59, 1), 'static_features': (203388, 1)}
[2025-01-27 02:52:18,768][src.models.crn][INFO] - Input size of encoder: 6
[2025-01-27 02:52:25,812][src.data.cancer_sim.dataset][INFO] - Shape of processed test data: {'cancer_volume': (202936, 60), 'chemo_application': (202936, 60), 'radio_application': (202936, 60), 'sequence_lengths': (202936,), 'patient_types': (202936,), 'prev_treatments': (202936, 59, 4), 'current_treatments': (202936, 59, 4), 'current_covariates': (202936, 59, 2), 'outputs': (202936, 59, 1), 'active_entries': (202936, 59, 1), 'unscaled_outputs': (202936, 59, 1), 'prev_outputs': (202936, 59, 1), 'static_features': (202936, 1)}
[2025-01-27 02:52:26,227][src.models.crn][INFO] - Input size of encoder: 6
[2025-01-27 03:13:27,531][src.models.time_varying_model][INFO] - RMSE calculation for val.
[2025-01-27 03:13:27,532][src.models.time_varying_model][INFO] - Predictions for val.
[2025-01-27 03:13:28,135][__main__][INFO] - Val normalised RMSE (all): 0.626303709696751; Val normalised RMSE (orig): 0.5851586946574162
[2025-01-27 03:13:28,135][src.models.time_varying_model][INFO] - RMSE calculation for test.
[2025-01-27 03:13:28,135][src.models.time_varying_model][INFO] - Predictions for test.
[2025-01-27 03:13:42,658][__main__][INFO] - Test normalised RMSE (all): 0.8536114867152946; Test normalised RMSE (orig): 0.5936871166423279; Test normalised RMSE (only counterfactual): 0.8474102973549394
[2025-01-27 03:13:42,725][src.models.crn][INFO] - Input size of decoder: 6
[2025-01-27 03:13:42,765][src.data.cancer_sim.dataset][INFO] - train Dataset already processed
[2025-01-27 03:13:42,765][src.data.cancer_sim.dataset][INFO] - val Dataset already processed
[2025-01-27 03:13:42,765][src.data.cancer_sim.dataset][INFO] - Processing test dataset before training
[2025-01-27 03:14:37,131][src.data.cancer_sim.dataset][INFO] - Shape of processed test data: {'cancer_volume': (513020, 65), 'chemo_application': (513020, 65), 'radio_application': (513020, 65), 'sequence_lengths': (513020,), 'patient_types': (513020,), 'patient_ids_all_trajectories': (513020,), 'patient_current_t': (513020,), 'prev_treatments': (513020, 64, 4), 'current_treatments': (513020, 64, 4), 'current_covariates': (513020, 64, 2), 'outputs': (513020, 64, 1), 'active_entries': (513020, 64, 1), 'unscaled_outputs': (513020, 64, 1), 'prev_outputs': (513020, 64, 1), 'static_features': (513020, 1)}
[2025-01-27 03:14:37,134][src.models.time_varying_model][INFO] - Balanced representations inference for train.
[2025-01-27 03:14:38,686][src.models.time_varying_model][INFO] - Balanced representations inference for val.
[2025-01-27 03:14:39,295][src.models.time_varying_model][INFO] - Balanced representations inference for test.
[2025-01-27 03:15:15,660][src.models.time_varying_model][INFO] - Predictions for test.
[2025-01-27 03:15:52,936][src.data.cancer_sim.dataset][INFO] - Processing train dataset before training (multiple sequences)
[2025-01-27 03:15:55,517][src.data.cancer_sim.dataset][INFO] - Shape of processed train data: {'init_state': (453842, 18), 'original_index': (453842,), 'active_encoder_r': (453842, 59), 'prev_treatments': (453842, 5, 4), 'current_treatments': (453842, 5, 4), 'current_covariates': (453842, 5, 2), 'prev_outputs': (453842, 5, 1), 'static_features': (453842, 1), 'outputs': (453842, 5, 1), 'sequence_lengths': (453842,), 'active_entries': (453842, 5, 1), 'unscaled_outputs': (453842, 5, 1)}
[2025-01-27 03:15:55,518][src.data.cancer_sim.dataset][INFO] - Processing val dataset before training (multiple sequences)
[2025-01-27 03:15:55,777][src.data.cancer_sim.dataset][INFO] - Shape of processed val data: {'init_state': (44998, 18), 'original_index': (44998,), 'active_encoder_r': (44998, 59), 'prev_treatments': (44998, 5, 4), 'current_treatments': (44998, 5, 4), 'current_covariates': (44998, 5, 2), 'prev_outputs': (44998, 5, 1), 'static_features': (44998, 1), 'outputs': (44998, 5, 1), 'sequence_lengths': (44998,), 'active_entries': (44998, 5, 1), 'unscaled_outputs': (44998, 5, 1)}
[2025-01-27 03:15:55,777][src.data.cancer_sim.dataset][INFO] - Processing test dataset before testing (multiple sequences)
[2025-01-27 03:16:03,645][src.data.cancer_sim.dataset][INFO] - Shape of processed test data: {'active_encoder_r': (513020, 59), 'prev_treatments': (513020, 5, 4), 'current_treatments': (513020, 5, 4), 'current_covariates': (513020, 5, 2), 'prev_outputs': (513020, 5, 1), 'static_features': (513020, 1), 'outputs': (513020, 5, 1), 'sequence_lengths': (513020,), 'active_entries': (513020, 5, 1), 'unscaled_outputs': (513020, 5, 1), 'patient_types': (513020,), 'patient_ids_all_trajectories': (513020,), 'patient_current_t': (513020,), 'init_state': (513020, 18)}
[2025-01-27 03:16:03,701][src.data.cancer_sim.dataset][INFO] - Processing test dataset before testing (autoregressive)
[2025-01-27 03:16:07,686][src.data.cancer_sim.dataset][INFO] - Shape of processed test data: {'current_covariates': (513020, 5, 2), 'prev_treatments': (513020, 5, 4), 'current_treatments': (513020, 5, 4), 'init_state': (513020, 18), 'active_encoder_r': (513020, 59), 'active_entries': (513020, 5, 1), 'prev_outputs': (513020, 5, 1), 'static_features': (513020, 1)}
[2025-01-27 03:21:58,419][src.models.time_varying_model][INFO] - RMSE calculation for val.
[2025-01-27 03:21:58,420][src.models.time_varying_model][INFO] - Predictions for val.
[2025-01-27 03:21:58,912][__main__][INFO] - Val normalised RMSE (all): 0.6811315080640797; Val normalised RMSE (orig): 0.6414593520366264
[2025-01-27 03:21:58,913][src.models.time_varying_model][INFO] - RMSE calculation for test.
[2025-01-27 03:21:58,913][src.models.time_varying_model][INFO] - Predictions for test.
[2025-01-27 03:22:11,196][__main__][INFO] - Test normalised RMSE (all): 0.8592133026285294; Test normalised RMSE (orig): 0.5976618878013641; Test normalised RMSE (only counterfactual): 0.7233267769218961
[2025-01-27 03:22:11,252][src.models.crn][INFO] - Input size of decoder: 6
[2025-01-27 03:22:11,280][src.data.cancer_sim.dataset][INFO] - train Dataset already processed
[2025-01-27 03:22:11,280][src.data.cancer_sim.dataset][INFO] - val Dataset already processed
[2025-01-27 03:22:11,280][src.data.cancer_sim.dataset][INFO] - Processing test dataset before training
[2025-01-27 03:23:05,219][src.data.cancer_sim.dataset][INFO] - Shape of processed test data: {'cancer_volume': (511418, 65), 'chemo_application': (511418, 65), 'radio_application': (511418, 65), 'sequence_lengths': (511418,), 'patient_types': (511418,), 'patient_ids_all_trajectories': (511418,), 'patient_current_t': (511418,), 'prev_treatments': (511418, 64, 4), 'current_treatments': (511418, 64, 4), 'current_covariates': (511418, 64, 2), 'outputs': (511418, 64, 1), 'active_entries': (511418, 64, 1), 'unscaled_outputs': (511418, 64, 1), 'prev_outputs': (511418, 64, 1), 'static_features': (511418, 1)}
[2025-01-27 03:23:05,222][src.models.time_varying_model][INFO] - Balanced representations inference for train.
[2025-01-27 03:23:06,446][src.models.time_varying_model][INFO] - Balanced representations inference for val.
[2025-01-27 03:23:06,976][src.models.time_varying_model][INFO] - Balanced representations inference for test.
[2025-01-27 03:23:37,761][src.models.time_varying_model][INFO] - Predictions for test.
[2025-01-27 03:24:08,938][src.data.cancer_sim.dataset][INFO] - Processing train dataset before training (multiple sequences)
[2025-01-27 03:24:11,455][src.data.cancer_sim.dataset][INFO] - Shape of processed train data: {'init_state': (453842, 18), 'original_index': (453842,), 'active_encoder_r': (453842, 59), 'prev_treatments': (453842, 5, 4), 'current_treatments': (453842, 5, 4), 'current_covariates': (453842, 5, 2), 'prev_outputs': (453842, 5, 1), 'static_features': (453842, 1), 'outputs': (453842, 5, 1), 'sequence_lengths': (453842,), 'active_entries': (453842, 5, 1), 'unscaled_outputs': (453842, 5, 1)}
[2025-01-27 03:24:11,456][src.data.cancer_sim.dataset][INFO] - Processing val dataset before training (multiple sequences)
[2025-01-27 03:24:11,710][src.data.cancer_sim.dataset][INFO] - Shape of processed val data: {'init_state': (46013, 18), 'original_index': (46013,), 'active_encoder_r': (46013, 59), 'prev_treatments': (46013, 5, 4), 'current_treatments': (46013, 5, 4), 'current_covariates': (46013, 5, 2), 'prev_outputs': (46013, 5, 1), 'static_features': (46013, 1), 'outputs': (46013, 5, 1), 'sequence_lengths': (46013,), 'active_entries': (46013, 5, 1), 'unscaled_outputs': (46013, 5, 1)}
[2025-01-27 03:24:11,710][src.data.cancer_sim.dataset][INFO] - Processing test dataset before testing (multiple sequences)
[2025-01-27 03:24:18,683][src.data.cancer_sim.dataset][INFO] - Shape of processed test data: {'active_encoder_r': (511418, 59), 'prev_treatments': (511418, 5, 4), 'current_treatments': (511418, 5, 4), 'current_covariates': (511418, 5, 2), 'prev_outputs': (511418, 5, 1), 'static_features': (511418, 1), 'outputs': (511418, 5, 1), 'sequence_lengths': (511418,), 'active_entries': (511418, 5, 1), 'unscaled_outputs': (511418, 5, 1), 'patient_types': (511418,), 'patient_ids_all_trajectories': (511418,), 'patient_current_t': (511418,), 'init_state': (511418, 18)}
[2025-01-27 03:24:18,738][src.data.cancer_sim.dataset][INFO] - Processing test dataset before testing (autoregressive)
[2025-01-27 03:24:22,299][src.data.cancer_sim.dataset][INFO] - Shape of processed test data: {'current_covariates': (511418, 5, 2), 'prev_treatments': (511418, 5, 4), 'current_treatments': (511418, 5, 4), 'init_state': (511418, 18), 'active_encoder_r': (511418, 59), 'active_entries': (511418, 5, 1), 'prev_outputs': (511418, 5, 1), 'static_features': (511418, 1)}
[2025-01-27 03:26:49,411][src.models.time_varying_model][INFO] - RMSE calculation for val.
[2025-01-27 03:26:49,412][src.models.time_varying_model][INFO] - Predictions for val.
[2025-01-27 03:26:51,757][__main__][INFO] - Val normalised RMSE (all): 0.4009936672032466; Val normalised RMSE (orig): 0.4009936672032464
[2025-01-27 03:26:51,757][src.models.time_varying_model][INFO] - RMSE calculation for test.
[2025-01-27 03:26:51,757][src.models.time_varying_model][INFO] - Autoregressive Prediction for test.
[2025-01-27 03:26:51,768][src.models.time_varying_model][INFO] - t = 2
[2025-01-27 03:26:51,768][src.models.time_varying_model][INFO] - Predictions for test.
[2025-01-27 03:27:08,860][src.models.time_varying_model][INFO] - t = 3
[2025-01-27 03:27:08,860][src.models.time_varying_model][INFO] - Predictions for test.
[2025-01-27 03:27:26,035][src.models.time_varying_model][INFO] - t = 4
[2025-01-27 03:27:26,035][src.models.time_varying_model][INFO] - Predictions for test.
[2025-01-27 03:27:43,544][src.models.time_varying_model][INFO] - t = 5
[2025-01-27 03:27:43,545][src.models.time_varying_model][INFO] - Predictions for test.
[2025-01-27 03:28:00,836][src.models.time_varying_model][INFO] - t = 6
[2025-01-27 03:28:00,837][src.models.time_varying_model][INFO] - Predictions for test.
[2025-01-27 03:28:20,362][__main__][INFO] - Test normalised RMSE (n-step prediction): {'2-step': 0.7472802600666388, '3-step': 0.7704729480356611, '4-step': 0.8005506680513453, '5-step': 0.8279736666200053, '6-step': 0.8569176705634148}
[2025-01-27 03:32:57,078][src.models.time_varying_model][INFO] - RMSE calculation for val.
[2025-01-27 03:32:57,078][src.models.time_varying_model][INFO] - Predictions for val.
[2025-01-27 03:32:58,970][__main__][INFO] - Val normalised RMSE (all): 0.40624093220767343; Val normalised RMSE (orig): 0.4062409322076731
[2025-01-27 03:32:58,971][src.models.time_varying_model][INFO] - RMSE calculation for test.
[2025-01-27 03:32:58,971][src.models.time_varying_model][INFO] - Autoregressive Prediction for test.
[2025-01-27 03:32:58,981][src.models.time_varying_model][INFO] - t = 2
[2025-01-27 03:32:58,981][src.models.time_varying_model][INFO] - Predictions for test.
[2025-01-27 03:33:12,737][src.models.time_varying_model][INFO] - t = 3
[2025-01-27 03:33:12,737][src.models.time_varying_model][INFO] - Predictions for test.
[2025-01-27 03:33:26,340][src.models.time_varying_model][INFO] - t = 4
[2025-01-27 03:33:26,340][src.models.time_varying_model][INFO] - Predictions for test.
[2025-01-27 03:33:40,196][src.models.time_varying_model][INFO] - t = 5
[2025-01-27 03:33:40,200][src.models.time_varying_model][INFO] - Predictions for test.
[2025-01-27 03:33:53,972][src.models.time_varying_model][INFO] - t = 6
[2025-01-27 03:33:53,973][src.models.time_varying_model][INFO] - Predictions for test.
[2025-01-27 03:34:08,948][__main__][INFO] - Test normalised RMSE (n-step prediction): {'2-step': 0.7074222375162275, '3-step': 0.7191473993308426, '4-step': 0.7440790051568013, '5-step': 0.7663427929685526, '6-step': 0.7815028707750521}
