[2025-01-28 19:58:40,648][__main__][INFO] - 
model:
  dim_treatments: 4
  dim_vitals: 0
  dim_static_features: 1
  dim_outcomes: 1
  name: CT
  multi:
    _target_: src.models.ct.CT
    max_seq_length: 65
    seq_hidden_units: 12
    br_size: 16
    fc_hidden_units: 48
    dropout_rate: 0.1
    num_layer: 1
    num_heads: 2
    max_grad_norm: null
    batch_size: 256
    attn_dropout: true
    disable_cross_attention: false
    isolate_subnetwork: _
    self_positional_encoding:
      absolute: false
      trainable: true
      max_relative_position: 15
    optimizer:
      optimizer_cls: adam
      learning_rate: 0.005
      weight_decay: 0.0
      lr_scheduler: false
    augment_with_masked_vitals: true
    tune_hparams: false
    tune_range: 50
    hparams_grid: null
    resources_per_trial: null
  self_positional_encoding:
    max_relative_position: 15
dataset:
  val_batch_size: 512
  treatment_mode: multiclass
  _target_: src.data.SyntheticCancerDatasetCollection
  name: tumor_generator
  coeff: 6.0
  chemo_coeff: 6.0
  radio_coeff: 6.0
  seed: 10
  random: true
  noise_percentage: 0.05
  num_patients:
    train: 10000
    val: 1000
    test: 1000
  window_size: 15
  lag: 0
  max_seq_length: 60
  projection_horizon: 5
  cf_seq_mode: sliding_treatment
exp:
  seed: 10
  gpus:
  - 0
  max_epochs: 120
  logging: true
  mlflow_uri: http://127.0.0.1:5000
  unscale_rmse: true
  percentage_rmse: true
  alpha: 0.01
  update_alpha: true
  alpha_rate: exp
  initial_balancing_method: domain_confusion
  final_balancing_method: subgroup
  bce_weight: false
  weights_ema: true
  beta: 0.99
  alpha_wass: 0.001
  alpha_wass_epoch: false
  alpha_wass_growth: 0.001
  alpha_wass_max: 0.01
  balancing_switch_epoch: 99
  clustering_method: GMM
  number_clusters: 2
  num_timepoints: 59
  gap_epoch: 10
  checkpoint_dir: ./checkpoints/cancer/ct/random_SGA/6

[2025-01-28 19:58:40,677][root][INFO] - Simulating initial volumes for stage I  with norm params: mu=1.72, sigma=4.7, lb=-0.6221218732608373, ub=-0.023523848418276528
[2025-01-28 19:58:40,686][root][INFO] - Simulating initial volumes for stage II  with norm params: mu=1.96, sigma=1.63, lb=-1.9410876100159118, ub=0.3711345751297772
[2025-01-28 19:58:40,688][root][INFO] - Simulating initial volumes for stage IIIA  with norm params: mu=1.91, sigma=9.4, lb=-0.33127370258786554, ub=0.06967546355973796
[2025-01-28 19:58:40,688][root][INFO] - Simulating initial volumes for stage IIIB  with norm params: mu=2.76, sigma=6.87, lb=-0.5769974969906748, ub=-0.02839165102452155
[2025-01-28 19:58:40,691][root][INFO] - Simulating initial volumes for stage IV  with norm params: mu=3.86, sigma=8.82, lb=-0.5741465764541877, ub=-0.14683113860980307
[2025-01-28 19:58:40,716][root][INFO] - Got correlated params for 4658 patients
[2025-01-28 19:58:40,721][root][INFO] - Got correlated params for 9338 patients
[2025-01-28 19:58:40,725][root][INFO] - Got correlated params for 13912 patients
[2025-01-28 19:58:40,733][root][INFO] - Simulating beta_c parameters
[2025-01-28 19:58:40,739][root][INFO] - Randomising outputs
[2025-01-28 19:58:40,945][__main__][INFO] - 
model:
  dim_treatments: 4
  dim_vitals: 0
  dim_static_features: 1
  dim_outcomes: 1
  name: CT
  multi:
    _target_: src.models.ct.CT
    max_seq_length: 65
    seq_hidden_units: 12
    br_size: 16
    fc_hidden_units: 48
    dropout_rate: 0.1
    num_layer: 1
    num_heads: 2
    max_grad_norm: null
    batch_size: 256
    attn_dropout: true
    disable_cross_attention: false
    isolate_subnetwork: _
    self_positional_encoding:
      absolute: false
      trainable: true
      max_relative_position: 15
    optimizer:
      optimizer_cls: adam
      learning_rate: 0.005
      weight_decay: 0.0
      lr_scheduler: false
    augment_with_masked_vitals: true
    tune_hparams: false
    tune_range: 50
    hparams_grid: null
    resources_per_trial: null
  self_positional_encoding:
    max_relative_position: 15
dataset:
  val_batch_size: 512
  treatment_mode: multiclass
  _target_: src.data.SyntheticCancerDatasetCollection
  name: tumor_generator
  coeff: 6.0
  chemo_coeff: 6.0
  radio_coeff: 6.0
  seed: 10
  random: true
  noise_percentage: 0.05
  num_patients:
    train: 10000
    val: 1000
    test: 1000
  window_size: 15
  lag: 0
  max_seq_length: 60
  projection_horizon: 5
  cf_seq_mode: sliding_treatment
exp:
  seed: 10
  gpus:
  - 0
  max_epochs: 120
  logging: true
  mlflow_uri: http://127.0.0.1:5000
  unscale_rmse: true
  percentage_rmse: true
  alpha: 0.01
  update_alpha: true
  alpha_rate: exp
  initial_balancing_method: domain_confusion
  final_balancing_method: subgroup
  bce_weight: false
  weights_ema: true
  beta: 0.99
  alpha_wass: 0.001
  alpha_wass_epoch: false
  alpha_wass_growth: 0.001
  alpha_wass_max: 0.01
  balancing_switch_epoch: 99
  clustering_method: GMM
  number_clusters: 2
  num_timepoints: 59
  gap_epoch: 5
  checkpoint_dir: ./checkpoints/cancer/ct/random_SGA/6

[2025-01-28 19:58:40,954][root][INFO] - Simulating initial volumes for stage I  with norm params: mu=1.72, sigma=4.7, lb=-0.6221218732608373, ub=-0.023523848418276528
[2025-01-28 19:58:40,955][root][INFO] - Simulating initial volumes for stage II  with norm params: mu=1.96, sigma=1.63, lb=-1.9410876100159118, ub=0.3711345751297772
[2025-01-28 19:58:40,956][root][INFO] - Simulating initial volumes for stage IIIA  with norm params: mu=1.91, sigma=9.4, lb=-0.33127370258786554, ub=0.06967546355973796
[2025-01-28 19:58:40,957][root][INFO] - Simulating initial volumes for stage IIIB  with norm params: mu=2.76, sigma=6.87, lb=-0.5769974969906748, ub=-0.02839165102452155
[2025-01-28 19:58:40,959][root][INFO] - Simulating initial volumes for stage IV  with norm params: mu=3.86, sigma=8.82, lb=-0.5741465764541877, ub=-0.14683113860980307
[2025-01-28 19:58:40,968][root][INFO] - Got correlated params for 4658 patients
[2025-01-28 19:58:40,973][root][INFO] - Got correlated params for 9338 patients
[2025-01-28 19:58:40,977][root][INFO] - Got correlated params for 13912 patients
[2025-01-28 19:58:40,984][root][INFO] - Simulating beta_c parameters
[2025-01-28 19:58:40,989][root][INFO] - Randomising outputs
[2025-01-28 19:58:56,039][src.data.cancer_sim.dataset][INFO] - Processing train dataset before training
[2025-01-28 19:58:56,936][src.data.cancer_sim.dataset][INFO] - Shape of processed train data: {'cancer_volume': (10000, 60), 'chemo_dosage': (10000, 60), 'radio_dosage': (10000, 60), 'chemo_application': (10000, 60), 'radio_application': (10000, 60), 'chemo_probabilities': (10000, 60), 'radio_probabilities': (10000, 60), 'sequence_lengths': (10000,), 'death_flags': (10000, 60), 'recovery_flags': (10000, 60), 'patient_types': (10000,), 'prev_treatments': (10000, 59, 4), 'current_treatments': (10000, 59, 4), 'current_covariates': (10000, 59, 2), 'outputs': (10000, 59, 1), 'active_entries': (10000, 59, 1), 'unscaled_outputs': (10000, 59, 1), 'prev_outputs': (10000, 59, 1), 'static_features': (10000, 1)}
[2025-01-28 19:58:56,986][root][INFO] - Simulating initial volumes for stage I  with norm params: mu=1.72, sigma=4.7, lb=-0.6221218732608373, ub=-0.023523848418276528
[2025-01-28 19:58:56,987][root][INFO] - Simulating initial volumes for stage II  with norm params: mu=1.96, sigma=1.63, lb=-1.9410876100159118, ub=0.3711345751297772
[2025-01-28 19:58:56,987][root][INFO] - Simulating initial volumes for stage IIIA  with norm params: mu=1.91, sigma=9.4, lb=-0.33127370258786554, ub=0.06967546355973796
[2025-01-28 19:58:56,988][root][INFO] - Simulating initial volumes for stage IIIB  with norm params: mu=2.76, sigma=6.87, lb=-0.5769974969906748, ub=-0.02839165102452155
[2025-01-28 19:58:56,989][root][INFO] - Simulating initial volumes for stage IV  with norm params: mu=3.86, sigma=8.82, lb=-0.5741465764541877, ub=-0.14683113860980307
[2025-01-28 19:58:56,990][root][INFO] - Got correlated params for 455 patients
[2025-01-28 19:58:56,991][root][INFO] - Got correlated params for 905 patients
[2025-01-28 19:58:56,992][root][INFO] - Got correlated params for 1366 patients
[2025-01-28 19:58:56,993][root][INFO] - Simulating beta_c parameters
[2025-01-28 19:58:56,994][root][INFO] - Randomising outputs
[2025-01-28 19:58:58,451][root][INFO] - Simulating initial volumes for stage I  with norm params: mu=1.72, sigma=4.7, lb=-0.6221218732608373, ub=-0.023523848418276528
[2025-01-28 19:58:58,452][root][INFO] - Simulating initial volumes for stage II  with norm params: mu=1.96, sigma=1.63, lb=-1.9410876100159118, ub=0.3711345751297772
[2025-01-28 19:58:58,453][root][INFO] - Simulating initial volumes for stage IIIA  with norm params: mu=1.91, sigma=9.4, lb=-0.33127370258786554, ub=0.06967546355973796
[2025-01-28 19:58:58,453][root][INFO] - Simulating initial volumes for stage IIIB  with norm params: mu=2.76, sigma=6.87, lb=-0.5769974969906748, ub=-0.02839165102452155
[2025-01-28 19:58:58,454][root][INFO] - Simulating initial volumes for stage IV  with norm params: mu=3.86, sigma=8.82, lb=-0.5741465764541877, ub=-0.14683113860980307
[2025-01-28 19:58:58,455][root][INFO] - Got correlated params for 493 patients
[2025-01-28 19:58:58,456][root][INFO] - Got correlated params for 947 patients
[2025-01-28 19:58:58,457][root][INFO] - Got correlated params for 1403 patients
[2025-01-28 19:58:58,458][root][INFO] - Simulating beta_c parameters
[2025-01-28 19:58:58,459][root][INFO] - Randomising outputs
[2025-01-28 19:58:58,593][src.data.cancer_sim.dataset][INFO] - Processing train dataset before training
[2025-01-28 19:58:59,478][src.data.cancer_sim.dataset][INFO] - Shape of processed train data: {'cancer_volume': (10000, 60), 'chemo_dosage': (10000, 60), 'radio_dosage': (10000, 60), 'chemo_application': (10000, 60), 'radio_application': (10000, 60), 'chemo_probabilities': (10000, 60), 'radio_probabilities': (10000, 60), 'sequence_lengths': (10000,), 'death_flags': (10000, 60), 'recovery_flags': (10000, 60), 'patient_types': (10000,), 'prev_treatments': (10000, 59, 4), 'current_treatments': (10000, 59, 4), 'current_covariates': (10000, 59, 2), 'outputs': (10000, 59, 1), 'active_entries': (10000, 59, 1), 'unscaled_outputs': (10000, 59, 1), 'prev_outputs': (10000, 59, 1), 'static_features': (10000, 1)}
[2025-01-28 19:58:59,540][root][INFO] - Simulating initial volumes for stage I  with norm params: mu=1.72, sigma=4.7, lb=-0.6221218732608373, ub=-0.023523848418276528
[2025-01-28 19:58:59,541][root][INFO] - Simulating initial volumes for stage II  with norm params: mu=1.96, sigma=1.63, lb=-1.9410876100159118, ub=0.3711345751297772
[2025-01-28 19:58:59,541][root][INFO] - Simulating initial volumes for stage IIIA  with norm params: mu=1.91, sigma=9.4, lb=-0.33127370258786554, ub=0.06967546355973796
[2025-01-28 19:58:59,542][root][INFO] - Simulating initial volumes for stage IIIB  with norm params: mu=2.76, sigma=6.87, lb=-0.5769974969906748, ub=-0.02839165102452155
[2025-01-28 19:58:59,543][root][INFO] - Simulating initial volumes for stage IV  with norm params: mu=3.86, sigma=8.82, lb=-0.5741465764541877, ub=-0.14683113860980307
[2025-01-28 19:58:59,545][root][INFO] - Got correlated params for 455 patients
[2025-01-28 19:58:59,546][root][INFO] - Got correlated params for 905 patients
[2025-01-28 19:58:59,547][root][INFO] - Got correlated params for 1366 patients
[2025-01-28 19:58:59,548][root][INFO] - Simulating beta_c parameters
[2025-01-28 19:58:59,549][root][INFO] - Randomising outputs
[2025-01-28 19:59:01,311][root][INFO] - Simulating initial volumes for stage I  with norm params: mu=1.72, sigma=4.7, lb=-0.6221218732608373, ub=-0.023523848418276528
[2025-01-28 19:59:01,312][root][INFO] - Simulating initial volumes for stage II  with norm params: mu=1.96, sigma=1.63, lb=-1.9410876100159118, ub=0.3711345751297772
[2025-01-28 19:59:01,313][root][INFO] - Simulating initial volumes for stage IIIA  with norm params: mu=1.91, sigma=9.4, lb=-0.33127370258786554, ub=0.06967546355973796
[2025-01-28 19:59:01,313][root][INFO] - Simulating initial volumes for stage IIIB  with norm params: mu=2.76, sigma=6.87, lb=-0.5769974969906748, ub=-0.02839165102452155
[2025-01-28 19:59:01,314][root][INFO] - Simulating initial volumes for stage IV  with norm params: mu=3.86, sigma=8.82, lb=-0.5741465764541877, ub=-0.14683113860980307
[2025-01-28 19:59:01,316][root][INFO] - Got correlated params for 493 patients
[2025-01-28 19:59:01,317][root][INFO] - Got correlated params for 947 patients
[2025-01-28 19:59:01,318][root][INFO] - Got correlated params for 1403 patients
[2025-01-28 19:59:01,319][root][INFO] - Simulating beta_c parameters
[2025-01-28 19:59:01,320][root][INFO] - Randomising outputs
[2025-01-28 19:59:03,494][root][INFO] - Simulating initial volumes for stage I  with norm params: mu=1.72, sigma=4.7, lb=-0.6221218732608373, ub=-0.023523848418276528
[2025-01-28 19:59:03,496][root][INFO] - Simulating initial volumes for stage II  with norm params: mu=1.96, sigma=1.63, lb=-1.9410876100159118, ub=0.3711345751297772
[2025-01-28 19:59:03,496][root][INFO] - Simulating initial volumes for stage IIIA  with norm params: mu=1.91, sigma=9.4, lb=-0.33127370258786554, ub=0.06967546355973796
[2025-01-28 19:59:03,497][root][INFO] - Simulating initial volumes for stage IIIB  with norm params: mu=2.76, sigma=6.87, lb=-0.5769974969906748, ub=-0.02839165102452155
[2025-01-28 19:59:03,498][root][INFO] - Simulating initial volumes for stage IV  with norm params: mu=3.86, sigma=8.82, lb=-0.5741465764541877, ub=-0.14683113860980307
[2025-01-28 19:59:03,499][root][INFO] - Got correlated params for 445 patients
[2025-01-28 19:59:03,500][root][INFO] - Got correlated params for 895 patients
[2025-01-28 19:59:03,501][root][INFO] - Got correlated params for 1355 patients
[2025-01-28 19:59:03,502][root][INFO] - Simulating beta_c parameters
[2025-01-28 19:59:03,503][root][INFO] - Randomising outputs
[2025-01-28 19:59:07,240][root][INFO] - Simulating initial volumes for stage I  with norm params: mu=1.72, sigma=4.7, lb=-0.6221218732608373, ub=-0.023523848418276528
[2025-01-28 19:59:07,241][root][INFO] - Simulating initial volumes for stage II  with norm params: mu=1.96, sigma=1.63, lb=-1.9410876100159118, ub=0.3711345751297772
[2025-01-28 19:59:07,242][root][INFO] - Simulating initial volumes for stage IIIA  with norm params: mu=1.91, sigma=9.4, lb=-0.33127370258786554, ub=0.06967546355973796
[2025-01-28 19:59:07,242][root][INFO] - Simulating initial volumes for stage IIIB  with norm params: mu=2.76, sigma=6.87, lb=-0.5769974969906748, ub=-0.02839165102452155
[2025-01-28 19:59:07,243][root][INFO] - Simulating initial volumes for stage IV  with norm params: mu=3.86, sigma=8.82, lb=-0.5741465764541877, ub=-0.14683113860980307
[2025-01-28 19:59:07,245][root][INFO] - Got correlated params for 445 patients
[2025-01-28 19:59:07,246][root][INFO] - Got correlated params for 895 patients
[2025-01-28 19:59:07,247][root][INFO] - Got correlated params for 1355 patients
[2025-01-28 19:59:07,248][root][INFO] - Simulating beta_c parameters
[2025-01-28 19:59:07,249][root][INFO] - Randomising outputs
[2025-01-28 19:59:28,615][src.data.cancer_sim.dataset][INFO] - train Dataset already processed
[2025-01-28 19:59:28,616][src.data.cancer_sim.dataset][INFO] - Processing val dataset before training
[2025-01-28 19:59:28,705][src.data.cancer_sim.dataset][INFO] - Shape of processed val data: {'cancer_volume': (1000, 60), 'chemo_dosage': (1000, 60), 'radio_dosage': (1000, 60), 'chemo_application': (1000, 60), 'radio_application': (1000, 60), 'chemo_probabilities': (1000, 60), 'radio_probabilities': (1000, 60), 'sequence_lengths': (1000,), 'death_flags': (1000, 60), 'recovery_flags': (1000, 60), 'patient_types': (1000,), 'prev_treatments': (1000, 59, 4), 'current_treatments': (1000, 59, 4), 'current_covariates': (1000, 59, 2), 'outputs': (1000, 59, 1), 'active_entries': (1000, 59, 1), 'unscaled_outputs': (1000, 59, 1), 'prev_outputs': (1000, 59, 1), 'static_features': (1000, 1)}
[2025-01-28 19:59:28,706][src.data.cancer_sim.dataset][INFO] - Processing test dataset before training
[2025-01-28 19:59:36,919][src.data.cancer_sim.dataset][INFO] - train Dataset already processed
[2025-01-28 19:59:36,919][src.data.cancer_sim.dataset][INFO] - Processing val dataset before training
[2025-01-28 19:59:37,007][src.data.cancer_sim.dataset][INFO] - Shape of processed val data: {'cancer_volume': (1000, 60), 'chemo_dosage': (1000, 60), 'radio_dosage': (1000, 60), 'chemo_application': (1000, 60), 'radio_application': (1000, 60), 'chemo_probabilities': (1000, 60), 'radio_probabilities': (1000, 60), 'sequence_lengths': (1000,), 'death_flags': (1000, 60), 'recovery_flags': (1000, 60), 'patient_types': (1000,), 'prev_treatments': (1000, 59, 4), 'current_treatments': (1000, 59, 4), 'current_covariates': (1000, 59, 2), 'outputs': (1000, 59, 1), 'active_entries': (1000, 59, 1), 'unscaled_outputs': (1000, 59, 1), 'prev_outputs': (1000, 59, 1), 'static_features': (1000, 1)}
[2025-01-28 19:59:37,007][src.data.cancer_sim.dataset][INFO] - Processing test dataset before training
[2025-01-28 19:59:47,723][src.data.cancer_sim.dataset][INFO] - Shape of processed test data: {'cancer_volume': (212236, 60), 'chemo_application': (212236, 60), 'radio_application': (212236, 60), 'sequence_lengths': (212236,), 'patient_types': (212236,), 'prev_treatments': (212236, 59, 4), 'current_treatments': (212236, 59, 4), 'current_covariates': (212236, 59, 2), 'outputs': (212236, 59, 1), 'active_entries': (212236, 59, 1), 'unscaled_outputs': (212236, 59, 1), 'prev_outputs': (212236, 59, 1), 'static_features': (212236, 1)}
[2025-01-28 19:59:47,725][src.data.cancer_sim.dataset][INFO] - Processing test dataset before training
[2025-01-28 19:59:55,959][src.data.cancer_sim.dataset][INFO] - Shape of processed test data: {'cancer_volume': (212236, 60), 'chemo_application': (212236, 60), 'radio_application': (212236, 60), 'sequence_lengths': (212236,), 'patient_types': (212236,), 'prev_treatments': (212236, 59, 4), 'current_treatments': (212236, 59, 4), 'current_covariates': (212236, 59, 2), 'outputs': (212236, 59, 1), 'active_entries': (212236, 59, 1), 'unscaled_outputs': (212236, 59, 1), 'prev_outputs': (212236, 59, 1), 'static_features': (212236, 1)}
[2025-01-28 19:59:55,960][src.data.cancer_sim.dataset][INFO] - Processing test dataset before training
[2025-01-28 20:00:42,177][src.data.cancer_sim.dataset][INFO] - Shape of processed test data: {'cancer_volume': (576878, 65), 'chemo_application': (576878, 65), 'radio_application': (576878, 65), 'sequence_lengths': (576878,), 'patient_types': (576878,), 'patient_ids_all_trajectories': (576878,), 'patient_current_t': (576878,), 'prev_treatments': (576878, 64, 4), 'current_treatments': (576878, 64, 4), 'current_covariates': (576878, 64, 2), 'outputs': (576878, 64, 1), 'active_entries': (576878, 64, 1), 'unscaled_outputs': (576878, 64, 1), 'prev_outputs': (576878, 64, 1), 'static_features': (576878, 1)}
[2025-01-28 20:00:42,180][src.data.cancer_sim.dataset][INFO] - Processing test dataset before testing (multiple sequences)
[2025-01-28 20:00:49,232][src.data.cancer_sim.dataset][INFO] - Shape of processed test data: {'active_encoder_r': (576878, 59), 'prev_treatments': (576878, 5, 4), 'current_treatments': (576878, 5, 4), 'current_covariates': (576878, 5, 2), 'prev_outputs': (576878, 5, 1), 'static_features': (576878, 1), 'outputs': (576878, 5, 1), 'sequence_lengths': (576878,), 'active_entries': (576878, 5, 1), 'unscaled_outputs': (576878, 5, 1), 'patient_types': (576878,), 'patient_ids_all_trajectories': (576878,), 'patient_current_t': (576878,)}
[2025-01-28 20:00:49,705][src.data.cancer_sim.dataset][INFO] - Shape of processed test data: {'cancer_volume': (576878, 65), 'chemo_application': (576878, 65), 'radio_application': (576878, 65), 'sequence_lengths': (576878,), 'patient_types': (576878,), 'patient_ids_all_trajectories': (576878,), 'patient_current_t': (576878,), 'prev_treatments': (576878, 64, 4), 'current_treatments': (576878, 64, 4), 'current_covariates': (576878, 64, 2), 'outputs': (576878, 64, 1), 'active_entries': (576878, 64, 1), 'unscaled_outputs': (576878, 64, 1), 'prev_outputs': (576878, 64, 1), 'static_features': (576878, 1)}
[2025-01-28 20:00:49,709][src.data.cancer_sim.dataset][INFO] - Processing test dataset before testing (multiple sequences)
[2025-01-28 20:00:51,825][src.models.ct][INFO] - Max input size of multi: 4
[2025-01-28 20:00:57,582][src.data.cancer_sim.dataset][INFO] - Shape of processed test data: {'active_encoder_r': (576878, 59), 'prev_treatments': (576878, 5, 4), 'current_treatments': (576878, 5, 4), 'current_covariates': (576878, 5, 2), 'prev_outputs': (576878, 5, 1), 'static_features': (576878, 1), 'outputs': (576878, 5, 1), 'sequence_lengths': (576878,), 'active_entries': (576878, 5, 1), 'unscaled_outputs': (576878, 5, 1), 'patient_types': (576878,), 'patient_ids_all_trajectories': (576878,), 'patient_current_t': (576878,)}
[2025-01-28 20:00:59,985][src.models.ct][INFO] - Max input size of multi: 4
[2025-01-28 20:15:20,900][src.models.time_varying_model][INFO] - RMSE calculation for val.
[2025-01-28 20:15:20,901][src.models.time_varying_model][INFO] - Predictions for val.
[2025-01-28 20:15:21,650][__main__][INFO] - Val normalised RMSE (all): 0.5663573794344237; Val normalised RMSE (orig): 0.5623113472220415
[2025-01-28 20:15:21,650][src.models.time_varying_model][INFO] - RMSE calculation for test.
[2025-01-28 20:15:21,650][src.models.time_varying_model][INFO] - Predictions for test.
[2025-01-28 20:15:38,551][__main__][INFO] - Test normalised RMSE (all): 1.6837160503608724; Test normalised RMSE (orig): 1.77170534293098; Test normalised RMSE (only counterfactual): 1.9753253186219468
[2025-01-28 20:15:38,598][src.models.time_varying_model][INFO] - RMSE calculation for test.
[2025-01-28 20:15:38,598][src.models.ct][INFO] - Autoregressive Prediction for test.
[2025-01-28 20:15:38,601][src.models.ct][INFO] - t = 1
[2025-01-28 20:15:38,601][src.models.time_varying_model][INFO] - Predictions for test.
[2025-01-28 20:16:36,684][src.models.ct][INFO] - t = 2
[2025-01-28 20:16:36,685][src.models.time_varying_model][INFO] - Predictions for test.
[2025-01-28 20:17:11,419][src.models.time_varying_model][INFO] - RMSE calculation for val.
[2025-01-28 20:17:11,419][src.models.time_varying_model][INFO] - Predictions for val.
[2025-01-28 20:17:12,227][__main__][INFO] - Val normalised RMSE (all): 0.5655391565018966; Val normalised RMSE (orig): 0.5615026845021661
[2025-01-28 20:17:12,228][src.models.time_varying_model][INFO] - RMSE calculation for test.
[2025-01-28 20:17:12,228][src.models.time_varying_model][INFO] - Predictions for test.
[2025-01-28 20:17:26,573][__main__][INFO] - Test normalised RMSE (all): 1.7184583626205934; Test normalised RMSE (orig): 1.778450610843368; Test normalised RMSE (only counterfactual): 1.9837864609680826
[2025-01-28 20:17:26,621][src.models.time_varying_model][INFO] - RMSE calculation for test.
[2025-01-28 20:17:26,621][src.models.ct][INFO] - Autoregressive Prediction for test.
[2025-01-28 20:17:26,624][src.models.ct][INFO] - t = 1
[2025-01-28 20:17:26,624][src.models.time_varying_model][INFO] - Predictions for test.
[2025-01-28 20:17:35,788][src.models.ct][INFO] - t = 3
[2025-01-28 20:17:35,788][src.models.time_varying_model][INFO] - Predictions for test.
[2025-01-28 20:18:18,094][src.models.ct][INFO] - t = 2
[2025-01-28 20:18:18,094][src.models.time_varying_model][INFO] - Predictions for test.
[2025-01-28 20:18:33,456][src.models.ct][INFO] - t = 4
[2025-01-28 20:18:33,457][src.models.time_varying_model][INFO] - Predictions for test.
[2025-01-28 20:19:09,712][src.models.ct][INFO] - t = 3
[2025-01-28 20:19:09,713][src.models.time_varying_model][INFO] - Predictions for test.
[2025-01-28 20:19:31,204][src.models.ct][INFO] - t = 5
[2025-01-28 20:19:31,205][src.models.time_varying_model][INFO] - Predictions for test.
[2025-01-28 20:20:00,637][src.models.ct][INFO] - t = 4
[2025-01-28 20:20:00,637][src.models.time_varying_model][INFO] - Predictions for test.
[2025-01-28 20:20:29,745][src.models.ct][INFO] - t = 6
[2025-01-28 20:20:29,746][src.models.time_varying_model][INFO] - Predictions for test.
[2025-01-28 20:20:52,539][src.models.ct][INFO] - t = 5
[2025-01-28 20:20:52,540][src.models.time_varying_model][INFO] - Predictions for test.
[2025-01-28 20:21:28,992][__main__][INFO] - Test normalised RMSE (n-step prediction): {'2-step': 0.9829111563036416, '3-step': 1.1269281870633483, '4-step': 1.230561958723159, '5-step': 1.3148430310644852, '6-step': 1.3760111538817665}
[2025-01-28 20:21:43,720][src.models.ct][INFO] - t = 6
[2025-01-28 20:21:43,720][src.models.time_varying_model][INFO] - Predictions for test.
[2025-01-28 20:22:35,232][__main__][INFO] - Test normalised RMSE (n-step prediction): {'2-step': 0.994717276797215, '3-step': 1.1447768553493374, '4-step': 1.2580020811053736, '5-step': 1.3444322237784478, '6-step': 1.407010333513006}
