[2025-01-27 18:07:44,855][__main__][INFO] - 
model:
  dim_treatments: 4
  dim_vitals: 0
  dim_static_features: 1
  dim_outcomes: 1
  name: MSM
  lag_features: 2
  propensity_treatment:
    _target_: src.models.msm.MSMPropensityTreatment
  propensity_history:
    _target_: src.models.msm.MSMPropensityHistory
  msm_regressor:
    _target_: src.models.msm.MSMRegressor
dataset:
  val_batch_size: 512
  treatment_mode: multilabel
  _target_: src.data.SyntheticCancerDatasetCollection
  name: tumor_generator
  coeff: 6.0
  chemo_coeff: 6.0
  radio_coeff: 6.0
  seed: 10
  random: false
  noise_percentage: 0.0
  num_patients:
    train: 10000
    val: 1000
    test: 1000
  window_size: 15
  lag: 0
  max_seq_length: 60
  projection_horizon: 5
  cf_seq_mode: sliding_treatment
exp:
  seed: 10
  gpus:
  - 0
  max_epochs: 100
  logging: true
  mlflow_uri: http://127.0.0.1:5000
  unscale_rmse: true
  percentage_rmse: true
  alpha: 1.0
  update_alpha: false
  alpha_rate: exp
  initial_balancing_method: null
  final_balancing_method: null
  bce_weight: false
  weights_ema: true
  beta: 0.99
  alpha_wass: 0.0001
  alpha_wass_epoch: false
  alpha_wass_growth: 0.001
  alpha_wass_max: 0.01

[2025-01-27 18:07:44,872][root][INFO] - Simulating initial volumes for stage I  with norm params: mu=1.72, sigma=4.7, lb=-0.6221218732608373, ub=-0.023523848418276528
[2025-01-27 18:07:44,876][root][INFO] - Simulating initial volumes for stage II  with norm params: mu=1.96, sigma=1.63, lb=-1.9410876100159118, ub=0.3711345751297772
[2025-01-27 18:07:44,877][root][INFO] - Simulating initial volumes for stage IIIA  with norm params: mu=1.91, sigma=9.4, lb=-0.33127370258786554, ub=0.06967546355973796
[2025-01-27 18:07:44,878][root][INFO] - Simulating initial volumes for stage IIIB  with norm params: mu=2.76, sigma=6.87, lb=-0.5769974969906748, ub=-0.02839165102452155
[2025-01-27 18:07:44,881][root][INFO] - Simulating initial volumes for stage IV  with norm params: mu=3.86, sigma=8.82, lb=-0.5741465764541877, ub=-0.14683113860980307
[2025-01-27 18:07:44,906][root][INFO] - Got correlated params for 4658 patients
[2025-01-27 18:07:44,910][root][INFO] - Got correlated params for 9338 patients
[2025-01-27 18:07:44,915][root][INFO] - Got correlated params for 13912 patients
[2025-01-27 18:07:44,923][root][INFO] - Simulating beta_c parameters
[2025-01-27 18:07:44,928][root][INFO] - Randomising outputs
[2025-01-27 18:08:02,375][root][INFO] - Simulating initial volumes for stage I  with norm params: mu=1.72, sigma=4.7, lb=-0.6221218732608373, ub=-0.023523848418276528
[2025-01-27 18:08:02,378][root][INFO] - Simulating initial volumes for stage II  with norm params: mu=1.96, sigma=1.63, lb=-1.9410876100159118, ub=0.3711345751297772
[2025-01-27 18:08:02,379][root][INFO] - Simulating initial volumes for stage IIIA  with norm params: mu=1.91, sigma=9.4, lb=-0.33127370258786554, ub=0.06967546355973796
[2025-01-27 18:08:02,379][root][INFO] - Simulating initial volumes for stage IIIB  with norm params: mu=2.76, sigma=6.87, lb=-0.5769974969906748, ub=-0.02839165102452155
[2025-01-27 18:08:02,380][root][INFO] - Simulating initial volumes for stage IV  with norm params: mu=3.86, sigma=8.82, lb=-0.5741465764541877, ub=-0.14683113860980307
[2025-01-27 18:08:02,382][root][INFO] - Got correlated params for 464 patients
[2025-01-27 18:08:02,383][root][INFO] - Got correlated params for 942 patients
[2025-01-27 18:08:02,384][root][INFO] - Got correlated params for 1398 patients
[2025-01-27 18:08:02,385][root][INFO] - Simulating beta_c parameters
[2025-01-27 18:08:02,386][root][INFO] - Randomising outputs
[2025-01-27 18:08:04,110][root][INFO] - Simulating initial volumes for stage I  with norm params: mu=1.72, sigma=4.7, lb=-0.6221218732608373, ub=-0.023523848418276528
[2025-01-27 18:08:04,110][root][INFO] - Simulating initial volumes for stage II  with norm params: mu=1.96, sigma=1.63, lb=-1.9410876100159118, ub=0.3711345751297772
[2025-01-27 18:08:04,111][root][INFO] - Simulating initial volumes for stage IIIA  with norm params: mu=1.91, sigma=9.4, lb=-0.33127370258786554, ub=0.06967546355973796
[2025-01-27 18:08:04,112][root][INFO] - Simulating initial volumes for stage IIIB  with norm params: mu=2.76, sigma=6.87, lb=-0.5769974969906748, ub=-0.02839165102452155
[2025-01-27 18:08:04,112][root][INFO] - Simulating initial volumes for stage IV  with norm params: mu=3.86, sigma=8.82, lb=-0.5741465764541877, ub=-0.14683113860980307
[2025-01-27 18:08:04,114][root][INFO] - Got correlated params for 491 patients
[2025-01-27 18:08:04,115][root][INFO] - Got correlated params for 936 patients
[2025-01-27 18:08:04,116][root][INFO] - Got correlated params for 1396 patients
[2025-01-27 18:08:04,117][root][INFO] - Simulating beta_c parameters
[2025-01-27 18:08:04,118][root][INFO] - Randomising outputs
[2025-01-27 18:08:10,497][root][INFO] - Simulating initial volumes for stage I  with norm params: mu=1.72, sigma=4.7, lb=-0.6221218732608373, ub=-0.023523848418276528
[2025-01-27 18:08:10,499][root][INFO] - Simulating initial volumes for stage II  with norm params: mu=1.96, sigma=1.63, lb=-1.9410876100159118, ub=0.3711345751297772
[2025-01-27 18:08:10,500][root][INFO] - Simulating initial volumes for stage IIIA  with norm params: mu=1.91, sigma=9.4, lb=-0.33127370258786554, ub=0.06967546355973796
[2025-01-27 18:08:10,500][root][INFO] - Simulating initial volumes for stage IIIB  with norm params: mu=2.76, sigma=6.87, lb=-0.5769974969906748, ub=-0.02839165102452155
[2025-01-27 18:08:10,501][root][INFO] - Simulating initial volumes for stage IV  with norm params: mu=3.86, sigma=8.82, lb=-0.5741465764541877, ub=-0.14683113860980307
[2025-01-27 18:08:10,503][root][INFO] - Got correlated params for 434 patients
[2025-01-27 18:08:10,504][root][INFO] - Got correlated params for 874 patients
[2025-01-27 18:08:10,505][root][INFO] - Got correlated params for 1357 patients
[2025-01-27 18:08:10,506][root][INFO] - Simulating beta_c parameters
[2025-01-27 18:08:10,507][root][INFO] - Randomising outputs
[2025-01-27 18:08:38,956][src.data.cancer_sim.dataset][INFO] - Processing train dataset before training
[2025-01-27 18:08:39,003][src.data.cancer_sim.dataset][INFO] - Shape of processed train data: {'cancer_volume': (10000, 60), 'chemo_dosage': (10000, 60), 'radio_dosage': (10000, 60), 'chemo_application': (10000, 60), 'radio_application': (10000, 60), 'chemo_probabilities': (10000, 60), 'radio_probabilities': (10000, 60), 'sequence_lengths': (10000,), 'death_flags': (10000, 60), 'recovery_flags': (10000, 60), 'patient_types': (10000,), 'prev_treatments': (10000, 59, 2), 'current_treatments': (10000, 59, 2), 'current_covariates': (10000, 59, 2), 'outputs': (10000, 59, 1), 'active_entries': (10000, 59, 1), 'unscaled_outputs': (10000, 59, 1), 'prev_outputs': (10000, 59, 1), 'static_features': (10000, 1)}
[2025-01-27 18:08:39,003][src.data.cancer_sim.dataset][INFO] - Processing val dataset before training
[2025-01-27 18:08:39,007][src.data.cancer_sim.dataset][INFO] - Shape of processed val data: {'cancer_volume': (1000, 60), 'chemo_dosage': (1000, 60), 'radio_dosage': (1000, 60), 'chemo_application': (1000, 60), 'radio_application': (1000, 60), 'chemo_probabilities': (1000, 60), 'radio_probabilities': (1000, 60), 'sequence_lengths': (1000,), 'death_flags': (1000, 60), 'recovery_flags': (1000, 60), 'patient_types': (1000,), 'prev_treatments': (1000, 59, 2), 'current_treatments': (1000, 59, 2), 'current_covariates': (1000, 59, 2), 'outputs': (1000, 59, 1), 'active_entries': (1000, 59, 1), 'unscaled_outputs': (1000, 59, 1), 'prev_outputs': (1000, 59, 1), 'static_features': (1000, 1)}
[2025-01-27 18:08:39,008][src.data.cancer_sim.dataset][INFO] - Processing test dataset before training
[2025-01-27 18:08:39,848][src.data.cancer_sim.dataset][INFO] - Shape of processed test data: {'cancer_volume': (224868, 60), 'chemo_application': (224868, 60), 'radio_application': (224868, 60), 'sequence_lengths': (224868,), 'patient_types': (224868,), 'prev_treatments': (224868, 59, 2), 'current_treatments': (224868, 59, 2), 'current_covariates': (224868, 59, 2), 'outputs': (224868, 59, 1), 'active_entries': (224868, 59, 1), 'unscaled_outputs': (224868, 59, 1), 'prev_outputs': (224868, 59, 1), 'static_features': (224868, 1)}
[2025-01-27 18:08:39,849][src.data.cancer_sim.dataset][INFO] - Processing test dataset before training
[2025-01-27 18:08:42,001][src.data.cancer_sim.dataset][INFO] - Shape of processed test data: {'cancer_volume': (548744, 65), 'chemo_application': (548744, 65), 'radio_application': (548744, 65), 'sequence_lengths': (548744,), 'patient_types': (548744,), 'patient_ids_all_trajectories': (548744,), 'patient_current_t': (548744,), 'prev_treatments': (548744, 64, 2), 'current_treatments': (548744, 64, 2), 'current_covariates': (548744, 64, 2), 'outputs': (548744, 64, 1), 'active_entries': (548744, 64, 1), 'unscaled_outputs': (548744, 64, 1), 'prev_outputs': (548744, 64, 1), 'static_features': (548744, 1)}
[2025-01-27 18:08:42,002][src.data.cancer_sim.dataset][INFO] - Processing test dataset before testing (multiple sequences)
[2025-01-27 18:08:48,873][src.data.cancer_sim.dataset][INFO] - Shape of processed test data: {'active_encoder_r': (548744, 59), 'prev_treatments': (548744, 5, 2), 'current_treatments': (548744, 5, 2), 'current_covariates': (548744, 5, 2), 'prev_outputs': (548744, 5, 1), 'static_features': (548744, 1), 'outputs': (548744, 5, 1), 'sequence_lengths': (548744,), 'active_entries': (548744, 5, 1), 'unscaled_outputs': (548744, 5, 1), 'patient_types': (548744,), 'patient_ids_all_trajectories': (548744,), 'patient_current_t': (548744,)}
[2025-01-27 18:08:50,328][src.models.msm][INFO] - Input size of propensity_treatment: 2
[2025-01-27 18:08:51,265][src.data.cancer_sim.dataset][INFO] - Exploding train dataset before testing (multiple sequences)
[2025-01-27 18:08:54,684][src.data.cancer_sim.dataset][INFO] - Shape of processed train data: {'prev_treatments': (555433, 59, 2), 'current_treatments': (555433, 59, 2), 'static_features': (555433, 1), 'prev_outputs': (555433, 59, 1), 'outputs': (555433, 59, 1), 'unscaled_outputs': (555433, 59, 1), 'sequence_lengths': (555433,), 'active_entries': (555433, 59, 1)}
[2025-01-27 18:08:57,571][src.models.msm][INFO] - Input size of propensity_history: 4
[2025-01-27 18:08:58,028][src.data.cancer_sim.dataset][INFO] - Exploding train dataset before testing (multiple sequences)
[2025-01-27 18:09:01,449][src.data.cancer_sim.dataset][INFO] - Shape of processed train data: {'prev_treatments': (555433, 59, 2), 'current_treatments': (555433, 59, 2), 'static_features': (555433, 1), 'prev_outputs': (555433, 59, 1), 'outputs': (555433, 59, 1), 'unscaled_outputs': (555433, 59, 1), 'sequence_lengths': (555433,), 'active_entries': (555433, 59, 1)}
[2025-01-27 18:09:06,570][src.models.msm][INFO] - Input size of msm_regressor: 4
[2025-01-27 18:09:07,032][src.models.msm][INFO] - Propensity scores for train.
[2025-01-27 18:09:07,083][src.data.cancer_sim.dataset][INFO] - Exploding train dataset before testing (multiple sequences)
[2025-01-27 18:09:10,575][src.data.cancer_sim.dataset][INFO] - Shape of processed train data: {'prev_treatments': (570000, 59, 2), 'current_treatments': (570000, 59, 2), 'static_features': (570000, 1), 'prev_outputs': (570000, 59, 1), 'outputs': (570000, 59, 1), 'unscaled_outputs': (570000, 59, 1), 'sequence_lengths': (570000,), 'active_entries': (570000, 59, 1)}
[2025-01-27 18:09:11,611][src.models.msm][INFO] - Propensity scores for train.
[2025-01-27 18:09:11,657][src.data.cancer_sim.dataset][INFO] - Exploding train dataset before testing (multiple sequences)
[2025-01-27 18:09:15,114][src.data.cancer_sim.dataset][INFO] - Shape of processed train data: {'prev_treatments': (570000, 59, 2), 'current_treatments': (570000, 59, 2), 'static_features': (570000, 1), 'prev_outputs': (570000, 59, 1), 'outputs': (570000, 59, 1), 'unscaled_outputs': (570000, 59, 1), 'sequence_lengths': (570000,), 'active_entries': (570000, 59, 1)}
[2025-01-27 18:09:16,784][src.data.cancer_sim.dataset][INFO] - Exploding train dataset before testing (multiple sequences)
[2025-01-27 18:09:20,652][src.data.cancer_sim.dataset][INFO] - Shape of processed train data: {'prev_treatments': (555433, 59, 2), 'current_treatments': (555433, 59, 2), 'static_features': (555433, 1), 'prev_outputs': (555433, 59, 1), 'outputs': (555433, 59, 1), 'unscaled_outputs': (555433, 59, 1), 'sequence_lengths': (555433,), 'active_entries': (555433, 59, 1), 'stabilized_weights': (555433, 59)}
[2025-01-27 18:09:23,917][src.data.cancer_sim.dataset][INFO] - Exploding train dataset before testing (multiple sequences)
[2025-01-27 18:09:27,645][src.data.cancer_sim.dataset][INFO] - Shape of processed train data: {'prev_treatments': (545527, 59, 2), 'current_treatments': (545527, 59, 2), 'static_features': (545527, 1), 'prev_outputs': (545527, 59, 1), 'outputs': (545527, 59, 1), 'unscaled_outputs': (545527, 59, 1), 'sequence_lengths': (545527,), 'active_entries': (545527, 59, 1), 'stabilized_weights': (545527, 59)}
[2025-01-27 18:09:31,149][src.data.cancer_sim.dataset][INFO] - Exploding train dataset before testing (multiple sequences)
[2025-01-27 18:09:34,859][src.data.cancer_sim.dataset][INFO] - Shape of processed train data: {'prev_treatments': (535658, 59, 2), 'current_treatments': (535658, 59, 2), 'static_features': (535658, 1), 'prev_outputs': (535658, 59, 1), 'outputs': (535658, 59, 1), 'unscaled_outputs': (535658, 59, 1), 'sequence_lengths': (535658,), 'active_entries': (535658, 59, 1), 'stabilized_weights': (535658, 59)}
[2025-01-27 18:09:38,293][src.data.cancer_sim.dataset][INFO] - Exploding train dataset before testing (multiple sequences)
[2025-01-27 18:09:41,909][src.data.cancer_sim.dataset][INFO] - Shape of processed train data: {'prev_treatments': (525817, 59, 2), 'current_treatments': (525817, 59, 2), 'static_features': (525817, 1), 'prev_outputs': (525817, 59, 1), 'outputs': (525817, 59, 1), 'unscaled_outputs': (525817, 59, 1), 'sequence_lengths': (525817,), 'active_entries': (525817, 59, 1), 'stabilized_weights': (525817, 59)}
[2025-01-27 18:09:45,323][src.data.cancer_sim.dataset][INFO] - Exploding train dataset before testing (multiple sequences)
[2025-01-27 18:09:48,948][src.data.cancer_sim.dataset][INFO] - Shape of processed train data: {'prev_treatments': (515994, 59, 2), 'current_treatments': (515994, 59, 2), 'static_features': (515994, 1), 'prev_outputs': (515994, 59, 1), 'outputs': (515994, 59, 1), 'unscaled_outputs': (515994, 59, 1), 'sequence_lengths': (515994,), 'active_entries': (515994, 59, 1), 'stabilized_weights': (515994, 59)}
[2025-01-27 18:09:52,271][src.data.cancer_sim.dataset][INFO] - Exploding train dataset before testing (multiple sequences)
[2025-01-27 18:09:55,770][src.data.cancer_sim.dataset][INFO] - Shape of processed train data: {'prev_treatments': (506184, 59, 2), 'current_treatments': (506184, 59, 2), 'static_features': (506184, 1), 'prev_outputs': (506184, 59, 1), 'outputs': (506184, 59, 1), 'unscaled_outputs': (506184, 59, 1), 'sequence_lengths': (506184,), 'active_entries': (506184, 59, 1), 'stabilized_weights': (506184, 59)}
[2025-01-27 18:09:59,217][src.models.time_varying_model][INFO] - RMSE calculation for test.
[2025-01-27 18:09:59,218][src.models.msm][INFO] - Predictions for test.
[2025-01-27 18:09:59,962][src.data.cancer_sim.dataset][INFO] - Exploding test dataset before testing (multiple sequences)
[2025-01-27 18:10:03,471][src.data.cancer_sim.dataset][INFO] - Shape of processed test data: {'prev_treatments': (570000, 59, 2), 'current_treatments': (570000, 59, 2), 'static_features': (570000, 1), 'prev_outputs': (570000, 59, 1), 'outputs': (570000, 59, 1), 'unscaled_outputs': (570000, 59, 1), 'sequence_lengths': (570000,), 'active_entries': (570000, 59, 1)}
