[2025-01-27 18:44:16,821][__main__][INFO] - 
model:
  dim_treatments: 4
  dim_vitals: 0
  dim_static_features: 1
  dim_outcomes: 1
  name: RMSN
  propensity_treatment:
    _target_: src.models.rmsn.RMSNPropensityNetworkTreatment
    seq_hidden_units: 8
    dropout_rate: 0.2
    num_layer: 1
    batch_size: 64
    max_grad_norm: 2.0
    optimizer:
      optimizer_cls: adam
      learning_rate: 0.01
      weight_decay: 0.0
      lr_scheduler: false
    tune_hparams: false
    tune_range: 50
    resources_per_trial: null
    hparams_grid: null
  propensity_history:
    _target_: src.models.rmsn.RMSNPropensityNetworkHistory
    seq_hidden_units: 16
    dropout_rate: 0.5
    num_layer: 1
    batch_size: 128
    max_grad_norm: 2.0
    optimizer:
      optimizer_cls: adam
      learning_rate: 0.0001
      weight_decay: 0.0
      lr_scheduler: false
    tune_hparams: false
    tune_range: 50
    resources_per_trial: null
    hparams_grid: null
  encoder:
    _target_: src.models.rmsn.RMSNEncoder
    seq_hidden_units: 12
    dropout_rate: 0.1
    num_layer: 1
    batch_size: 128
    max_grad_norm: 0.5
    optimizer:
      optimizer_cls: adam
      learning_rate: 0.01
      weight_decay: 0.0
      lr_scheduler: false
    tune_hparams: false
    tune_range: 50
    resources_per_trial: null
    hparams_grid: null
  train_decoder: true
  decoder:
    _target_: src.models.rmsn.RMSNDecoder
    seq_hidden_units: 64
    dropout_rate: 0.1
    num_layer: 1
    batch_size: 1024
    max_grad_norm: 4.0
    optimizer:
      optimizer_cls: adam
      learning_rate: 0.01
      weight_decay: 0.0
      lr_scheduler: false
    tune_hparams: false
    tune_range: 20
    resources_per_trial: null
dataset:
  val_batch_size: 512
  treatment_mode: multilabel
  _target_: src.data.SyntheticCancerDatasetCollection
  name: tumor_generator
  coeff: 5.0
  chemo_coeff: 5.0
  radio_coeff: 5.0
  seed: 10
  random: false
  noise_percentage: 0.0
  num_patients:
    train: 10000
    val: 1000
    test: 1000
  window_size: 15
  lag: 0
  max_seq_length: 60
  projection_horizon: 5
  cf_seq_mode: sliding_treatment
exp:
  seed: 10
  gpus:
  - 0
  max_epochs: 100
  logging: true
  mlflow_uri: http://127.0.0.1:5000
  unscale_rmse: true
  percentage_rmse: true
  alpha: 1.0
  update_alpha: false
  alpha_rate: exp
  initial_balancing_method: null
  final_balancing_method: null
  bce_weight: false
  weights_ema: true
  beta: 0.99
  alpha_wass: 0.0001
  alpha_wass_epoch: false
  alpha_wass_growth: 0.001
  alpha_wass_max: 0.01

[2025-01-27 18:44:16,843][root][INFO] - Simulating initial volumes for stage I  with norm params: mu=1.72, sigma=4.7, lb=-0.6221218732608373, ub=-0.023523848418276528
[2025-01-27 18:44:16,852][root][INFO] - Simulating initial volumes for stage II  with norm params: mu=1.96, sigma=1.63, lb=-1.9410876100159118, ub=0.3711345751297772
[2025-01-27 18:44:16,854][root][INFO] - Simulating initial volumes for stage IIIA  with norm params: mu=1.91, sigma=9.4, lb=-0.33127370258786554, ub=0.06967546355973796
[2025-01-27 18:44:16,854][root][INFO] - Simulating initial volumes for stage IIIB  with norm params: mu=2.76, sigma=6.87, lb=-0.5769974969906748, ub=-0.02839165102452155
[2025-01-27 18:44:16,857][root][INFO] - Simulating initial volumes for stage IV  with norm params: mu=3.86, sigma=8.82, lb=-0.5741465764541877, ub=-0.14683113860980307
[2025-01-27 18:44:16,881][root][INFO] - Got correlated params for 4658 patients
[2025-01-27 18:44:16,886][root][INFO] - Got correlated params for 9338 patients
[2025-01-27 18:44:16,890][root][INFO] - Got correlated params for 13912 patients
[2025-01-27 18:44:16,899][root][INFO] - Simulating beta_c parameters
[2025-01-27 18:44:16,904][root][INFO] - Randomising outputs
[2025-01-27 18:44:32,002][root][INFO] - Simulating initial volumes for stage I  with norm params: mu=1.72, sigma=4.7, lb=-0.6221218732608373, ub=-0.023523848418276528
[2025-01-27 18:44:32,005][root][INFO] - Simulating initial volumes for stage II  with norm params: mu=1.96, sigma=1.63, lb=-1.9410876100159118, ub=0.3711345751297772
[2025-01-27 18:44:32,005][root][INFO] - Simulating initial volumes for stage IIIA  with norm params: mu=1.91, sigma=9.4, lb=-0.33127370258786554, ub=0.06967546355973796
[2025-01-27 18:44:32,006][root][INFO] - Simulating initial volumes for stage IIIB  with norm params: mu=2.76, sigma=6.87, lb=-0.5769974969906748, ub=-0.02839165102452155
[2025-01-27 18:44:32,007][root][INFO] - Simulating initial volumes for stage IV  with norm params: mu=3.86, sigma=8.82, lb=-0.5741465764541877, ub=-0.14683113860980307
[2025-01-27 18:44:32,009][root][INFO] - Got correlated params for 464 patients
[2025-01-27 18:44:32,010][root][INFO] - Got correlated params for 942 patients
[2025-01-27 18:44:32,011][root][INFO] - Got correlated params for 1398 patients
[2025-01-27 18:44:32,012][root][INFO] - Simulating beta_c parameters
[2025-01-27 18:44:32,013][root][INFO] - Randomising outputs
[2025-01-27 18:44:33,510][root][INFO] - Simulating initial volumes for stage I  with norm params: mu=1.72, sigma=4.7, lb=-0.6221218732608373, ub=-0.023523848418276528
[2025-01-27 18:44:33,511][root][INFO] - Simulating initial volumes for stage II  with norm params: mu=1.96, sigma=1.63, lb=-1.9410876100159118, ub=0.3711345751297772
[2025-01-27 18:44:33,512][root][INFO] - Simulating initial volumes for stage IIIA  with norm params: mu=1.91, sigma=9.4, lb=-0.33127370258786554, ub=0.06967546355973796
[2025-01-27 18:44:33,512][root][INFO] - Simulating initial volumes for stage IIIB  with norm params: mu=2.76, sigma=6.87, lb=-0.5769974969906748, ub=-0.02839165102452155
[2025-01-27 18:44:33,513][root][INFO] - Simulating initial volumes for stage IV  with norm params: mu=3.86, sigma=8.82, lb=-0.5741465764541877, ub=-0.14683113860980307
[2025-01-27 18:44:33,515][root][INFO] - Got correlated params for 491 patients
[2025-01-27 18:44:33,516][root][INFO] - Got correlated params for 936 patients
[2025-01-27 18:44:33,516][root][INFO] - Got correlated params for 1396 patients
[2025-01-27 18:44:33,517][root][INFO] - Simulating beta_c parameters
[2025-01-27 18:44:33,518][root][INFO] - Randomising outputs
[2025-01-27 18:44:39,000][root][INFO] - Simulating initial volumes for stage I  with norm params: mu=1.72, sigma=4.7, lb=-0.6221218732608373, ub=-0.023523848418276528
[2025-01-27 18:44:39,001][root][INFO] - Simulating initial volumes for stage II  with norm params: mu=1.96, sigma=1.63, lb=-1.9410876100159118, ub=0.3711345751297772
[2025-01-27 18:44:39,002][root][INFO] - Simulating initial volumes for stage IIIA  with norm params: mu=1.91, sigma=9.4, lb=-0.33127370258786554, ub=0.06967546355973796
[2025-01-27 18:44:39,003][root][INFO] - Simulating initial volumes for stage IIIB  with norm params: mu=2.76, sigma=6.87, lb=-0.5769974969906748, ub=-0.02839165102452155
[2025-01-27 18:44:39,004][root][INFO] - Simulating initial volumes for stage IV  with norm params: mu=3.86, sigma=8.82, lb=-0.5741465764541877, ub=-0.14683113860980307
[2025-01-27 18:44:39,006][root][INFO] - Got correlated params for 434 patients
[2025-01-27 18:44:39,007][root][INFO] - Got correlated params for 874 patients
[2025-01-27 18:44:39,008][root][INFO] - Got correlated params for 1357 patients
[2025-01-27 18:44:39,009][root][INFO] - Simulating beta_c parameters
[2025-01-27 18:44:39,010][root][INFO] - Randomising outputs
[2025-01-27 18:45:03,813][src.data.cancer_sim.dataset][INFO] - Processing train dataset before training
[2025-01-27 18:45:03,859][src.data.cancer_sim.dataset][INFO] - Shape of processed train data: {'cancer_volume': (10000, 60), 'chemo_dosage': (10000, 60), 'radio_dosage': (10000, 60), 'chemo_application': (10000, 60), 'radio_application': (10000, 60), 'chemo_probabilities': (10000, 60), 'radio_probabilities': (10000, 60), 'sequence_lengths': (10000,), 'death_flags': (10000, 60), 'recovery_flags': (10000, 60), 'patient_types': (10000,), 'prev_treatments': (10000, 59, 2), 'current_treatments': (10000, 59, 2), 'current_covariates': (10000, 59, 2), 'outputs': (10000, 59, 1), 'active_entries': (10000, 59, 1), 'unscaled_outputs': (10000, 59, 1), 'prev_outputs': (10000, 59, 1), 'static_features': (10000, 1)}
[2025-01-27 18:45:03,860][src.data.cancer_sim.dataset][INFO] - Processing val dataset before training
[2025-01-27 18:45:03,864][src.data.cancer_sim.dataset][INFO] - Shape of processed val data: {'cancer_volume': (1000, 60), 'chemo_dosage': (1000, 60), 'radio_dosage': (1000, 60), 'chemo_application': (1000, 60), 'radio_application': (1000, 60), 'chemo_probabilities': (1000, 60), 'radio_probabilities': (1000, 60), 'sequence_lengths': (1000,), 'death_flags': (1000, 60), 'recovery_flags': (1000, 60), 'patient_types': (1000,), 'prev_treatments': (1000, 59, 2), 'current_treatments': (1000, 59, 2), 'current_covariates': (1000, 59, 2), 'outputs': (1000, 59, 1), 'active_entries': (1000, 59, 1), 'unscaled_outputs': (1000, 59, 1), 'prev_outputs': (1000, 59, 1), 'static_features': (1000, 1)}
[2025-01-27 18:45:03,864][src.data.cancer_sim.dataset][INFO] - Processing test dataset before training
[2025-01-27 18:45:04,669][src.data.cancer_sim.dataset][INFO] - Shape of processed test data: {'cancer_volume': (225248, 60), 'chemo_application': (225248, 60), 'radio_application': (225248, 60), 'sequence_lengths': (225248,), 'patient_types': (225248,), 'prev_treatments': (225248, 59, 2), 'current_treatments': (225248, 59, 2), 'current_covariates': (225248, 59, 2), 'outputs': (225248, 59, 1), 'active_entries': (225248, 59, 1), 'unscaled_outputs': (225248, 59, 1), 'prev_outputs': (225248, 59, 1), 'static_features': (225248, 1)}
[2025-01-27 18:45:04,684][src.models.rmsn][INFO] - Input size of propensity_treatment: 2
[2025-01-27 18:50:55,761][src.models.time_varying_model][INFO] - BCE calculation for val.
[2025-01-27 18:50:55,761][src.models.rmsn][INFO] - Propensity scores for val.
[2025-01-27 18:50:56,200][__main__][INFO] - Val normalised BCE (all): 0.7501157929039595; Val normalised RMSE (orig): 0.7501578759644896
[2025-01-27 18:50:56,200][src.models.time_varying_model][INFO] - BCE calculation for test.
[2025-01-27 18:50:56,201][src.models.rmsn][INFO] - Propensity scores for test.
[2025-01-27 18:51:06,821][__main__][INFO] - Test normalised RMSE (all): 0.7404383276167802; Test normalised RMSE (orig): 0.7387298893542481.
[2025-01-27 18:51:06,864][src.models.rmsn][INFO] - Input size of propensity_history: 4
[2025-01-27 18:54:25,927][src.models.time_varying_model][INFO] - BCE calculation for val.
[2025-01-27 18:54:25,927][src.models.rmsn][INFO] - Propensity scores for val.
[2025-01-27 18:54:26,359][__main__][INFO] - Val normalised BCE (all): 0.7328446433644731; Val normalised RMSE (orig): 0.7327790895846275
[2025-01-27 18:54:26,359][src.models.time_varying_model][INFO] - BCE calculation for test.
[2025-01-27 18:54:26,359][src.models.rmsn][INFO] - Propensity scores for test.
[2025-01-27 18:54:37,204][__main__][INFO] - Test normalised BCE (all): 0.7486479233103525; Test normalised BCE (orig): 0.7531795200920787.
[2025-01-27 18:54:37,247][src.models.rmsn][INFO] - Input size of encoder: 4
[2025-01-27 18:54:37,261][src.models.rmsn][INFO] - Propensity scores for train.
[2025-01-27 18:54:38,219][src.models.rmsn][INFO] - Propensity scores for train.
[2025-01-27 18:58:22,837][src.models.time_varying_model][INFO] - RMSE calculation for val.
[2025-01-27 18:58:22,838][src.models.rmsn][INFO] - Predictions for val.
[2025-01-27 18:58:23,234][__main__][INFO] - Val normalised RMSE (all): 0.8888591073904455; Val normalised RMSE (orig): 0.8765465587009094
[2025-01-27 18:58:23,234][src.models.time_varying_model][INFO] - RMSE calculation for test.
[2025-01-27 18:58:23,234][src.models.rmsn][INFO] - Predictions for test.
[2025-01-27 18:58:34,444][__main__][INFO] - Test normalised RMSE (all): 1.1352198795969335; Test normalised RMSE (orig): 0.9023097834270513; Test normalised RMSE (only counterfactual): 1.5857644025284021
[2025-01-27 18:58:34,492][src.models.rmsn][INFO] - Input size of decoder: 4
[2025-01-27 18:58:34,509][src.data.cancer_sim.dataset][INFO] - train Dataset already processed
[2025-01-27 18:58:34,509][src.data.cancer_sim.dataset][INFO] - val Dataset already processed
[2025-01-27 18:58:34,509][src.data.cancer_sim.dataset][INFO] - Processing test dataset before training
[2025-01-27 18:58:36,702][src.data.cancer_sim.dataset][INFO] - Shape of processed test data: {'cancer_volume': (554444, 65), 'chemo_application': (554444, 65), 'radio_application': (554444, 65), 'sequence_lengths': (554444,), 'patient_types': (554444,), 'patient_ids_all_trajectories': (554444,), 'patient_current_t': (554444,), 'prev_treatments': (554444, 64, 2), 'current_treatments': (554444, 64, 2), 'current_covariates': (554444, 64, 2), 'outputs': (554444, 64, 1), 'active_entries': (554444, 64, 1), 'unscaled_outputs': (554444, 64, 1), 'prev_outputs': (554444, 64, 1), 'static_features': (554444, 1)}
[2025-01-27 18:58:36,703][src.models.rmsn][INFO] - Representations inference for train.
[2025-01-27 18:58:37,750][src.models.rmsn][INFO] - Representations inference for val.
[2025-01-27 18:58:38,138][src.models.rmsn][INFO] - Representations inference for test.
[2025-01-27 18:59:05,441][src.models.rmsn][INFO] - Predictions for test.
[2025-01-27 18:59:33,764][src.data.cancer_sim.dataset][INFO] - Processing train dataset before training (multiple sequences)
[2025-01-27 18:59:36,699][src.data.cancer_sim.dataset][INFO] - Shape of processed train data: {'init_state': (514877, 12), 'original_index': (514877,), 'active_encoder_r': (514877, 59), 'prev_treatments': (514877, 5, 2), 'current_treatments': (514877, 5, 2), 'current_covariates': (514877, 5, 2), 'prev_outputs': (514877, 5, 1), 'static_features': (514877, 1), 'outputs': (514877, 5, 1), 'sequence_lengths': (514877,), 'active_entries': (514877, 5, 1), 'unscaled_outputs': (514877, 5, 1), 'stabilized_weights': (514877, 6)}
[2025-01-27 18:59:36,700][src.data.cancer_sim.dataset][INFO] - Processing val dataset before training (multiple sequences)
[2025-01-27 18:59:36,959][src.data.cancer_sim.dataset][INFO] - Shape of processed val data: {'init_state': (51318, 12), 'original_index': (51318,), 'active_encoder_r': (51318, 59), 'prev_treatments': (51318, 5, 2), 'current_treatments': (51318, 5, 2), 'current_covariates': (51318, 5, 2), 'prev_outputs': (51318, 5, 1), 'static_features': (51318, 1), 'outputs': (51318, 5, 1), 'sequence_lengths': (51318,), 'active_entries': (51318, 5, 1), 'unscaled_outputs': (51318, 5, 1)}
[2025-01-27 18:59:36,960][src.data.cancer_sim.dataset][INFO] - Processing test dataset before testing (multiple sequences)
[2025-01-27 18:59:43,197][src.data.cancer_sim.dataset][INFO] - Shape of processed test data: {'active_encoder_r': (554444, 59), 'prev_treatments': (554444, 5, 2), 'current_treatments': (554444, 5, 2), 'current_covariates': (554444, 5, 2), 'prev_outputs': (554444, 5, 1), 'static_features': (554444, 1), 'outputs': (554444, 5, 1), 'sequence_lengths': (554444,), 'active_entries': (554444, 5, 1), 'unscaled_outputs': (554444, 5, 1), 'patient_types': (554444,), 'patient_ids_all_trajectories': (554444,), 'patient_current_t': (554444,), 'init_state': (554444, 12)}
[2025-01-27 18:59:43,203][src.data.cancer_sim.dataset][INFO] - Processing test dataset before testing (autoregressive)
[2025-01-27 18:59:46,863][src.data.cancer_sim.dataset][INFO] - Shape of processed test data: {'current_covariates': (554444, 5, 2), 'prev_treatments': (554444, 5, 2), 'current_treatments': (554444, 5, 2), 'init_state': (554444, 12), 'active_encoder_r': (554444, 59), 'active_entries': (554444, 5, 1), 'prev_outputs': (554444, 5, 1), 'static_features': (554444, 1)}
[2025-01-27 19:41:47,151][src.models.time_varying_model][INFO] - RMSE calculation for val.
[2025-01-27 19:41:47,152][src.models.rmsn][INFO] - Predictions for val.
[2025-01-27 19:41:49,189][__main__][INFO] - Val normalised RMSE (all): 0.3766309112709796; Val normalised RMSE (orig): 0.3766309112709774
[2025-01-27 19:41:49,189][src.models.time_varying_model][INFO] - RMSE calculation for test.
[2025-01-27 19:41:49,190][src.models.time_varying_model][INFO] - Autoregressive Prediction for test.
[2025-01-27 19:41:49,200][src.models.time_varying_model][INFO] - t = 2
[2025-01-27 19:41:49,201][src.models.rmsn][INFO] - Predictions for test.
[2025-01-27 19:42:04,052][src.models.time_varying_model][INFO] - t = 3
[2025-01-27 19:42:04,052][src.models.rmsn][INFO] - Predictions for test.
[2025-01-27 19:42:18,894][src.models.time_varying_model][INFO] - t = 4
[2025-01-27 19:42:18,895][src.models.rmsn][INFO] - Predictions for test.
[2025-01-27 19:42:33,798][src.models.time_varying_model][INFO] - t = 5
[2025-01-27 19:42:33,799][src.models.rmsn][INFO] - Predictions for test.
[2025-01-27 19:42:48,462][src.models.time_varying_model][INFO] - t = 6
[2025-01-27 19:42:48,462][src.models.rmsn][INFO] - Predictions for test.
[2025-01-27 19:43:04,570][__main__][INFO] - Test normalised RMSE (n-step prediction): {'2-step': 2.5929445518134155, '3-step': 2.7546015136385353, '4-step': 2.6389332750769596, '5-step': 2.5887345370700725, '6-step': 2.575033513508099}
