[2025-01-28 01:39:59,562][__main__][INFO] - 
model:
  dim_treatments: 4
  dim_vitals: 0
  dim_static_features: 1
  dim_outcomes: 1
  name: CT
  multi:
    _target_: src.models.ct.CT
    max_seq_length: 65
    seq_hidden_units: 12
    br_size: 16
    fc_hidden_units: 48
    dropout_rate: 0.1
    num_layer: 1
    num_heads: 2
    max_grad_norm: null
    batch_size: 1024
    attn_dropout: true
    disable_cross_attention: false
    isolate_subnetwork: _
    self_positional_encoding:
      absolute: false
      trainable: true
      max_relative_position: 15
    optimizer:
      optimizer_cls: adam
      learning_rate: 0.01
      weight_decay: 0.0
      lr_scheduler: false
    augment_with_masked_vitals: true
    tune_hparams: false
    tune_range: 50
    hparams_grid: null
    resources_per_trial: null
  self_positional_encoding:
    max_relative_position: 15
dataset:
  val_batch_size: 512
  treatment_mode: multiclass
  _target_: src.data.SyntheticCancerDatasetCollection
  name: tumor_generator
  coeff: 5.0
  chemo_coeff: 5.0
  radio_coeff: 5.0
  seed: 10
  random: false
  noise_percentage: 0.0
  num_patients:
    train: 10000
    val: 1000
    test: 1000
  window_size: 15
  lag: 0
  max_seq_length: 60
  projection_horizon: 5
  cf_seq_mode: sliding_treatment
exp:
  seed: 10
  gpus:
  - 0
  max_epochs: 30
  logging: true
  mlflow_uri: http://127.0.0.1:5000
  unscale_rmse: true
  percentage_rmse: true
  alpha: 0.01
  update_alpha: true
  alpha_rate: exp
  initial_balancing_method: domain_confusion
  final_balancing_method: subgroup
  bce_weight: false
  weights_ema: true
  beta: 0.99
  alpha_wass: 0.001
  alpha_wass_epoch: false
  alpha_wass_growth: 0.001
  alpha_wass_max: 0.01
  balancing_switch_epoch: 19
  clustering_method: GMM
  number_clusters: 2
  num_timepoints: 59
  gap_epoch: 5
  checkpoint_dir: ./checkpoints/cancer/ct/SGA/5

[2025-01-28 01:39:59,588][root][INFO] - Simulating initial volumes for stage I  with norm params: mu=1.72, sigma=4.7, lb=-0.6221218732608373, ub=-0.023523848418276528
[2025-01-28 01:39:59,598][root][INFO] - Simulating initial volumes for stage II  with norm params: mu=1.96, sigma=1.63, lb=-1.9410876100159118, ub=0.3711345751297772
[2025-01-28 01:39:59,599][root][INFO] - Simulating initial volumes for stage IIIA  with norm params: mu=1.91, sigma=9.4, lb=-0.33127370258786554, ub=0.06967546355973796
[2025-01-28 01:39:59,600][root][INFO] - Simulating initial volumes for stage IIIB  with norm params: mu=2.76, sigma=6.87, lb=-0.5769974969906748, ub=-0.02839165102452155
[2025-01-28 01:39:59,602][root][INFO] - Simulating initial volumes for stage IV  with norm params: mu=3.86, sigma=8.82, lb=-0.5741465764541877, ub=-0.14683113860980307
[2025-01-28 01:39:59,626][root][INFO] - Got correlated params for 4658 patients
[2025-01-28 01:39:59,631][root][INFO] - Got correlated params for 9338 patients
[2025-01-28 01:39:59,635][root][INFO] - Got correlated params for 13912 patients
[2025-01-28 01:39:59,643][root][INFO] - Simulating beta_c parameters
[2025-01-28 01:39:59,649][root][INFO] - Randomising outputs
[2025-01-28 01:40:15,177][root][INFO] - Simulating initial volumes for stage I  with norm params: mu=1.72, sigma=4.7, lb=-0.6221218732608373, ub=-0.023523848418276528
[2025-01-28 01:40:15,179][root][INFO] - Simulating initial volumes for stage II  with norm params: mu=1.96, sigma=1.63, lb=-1.9410876100159118, ub=0.3711345751297772
[2025-01-28 01:40:15,179][root][INFO] - Simulating initial volumes for stage IIIA  with norm params: mu=1.91, sigma=9.4, lb=-0.33127370258786554, ub=0.06967546355973796
[2025-01-28 01:40:15,180][root][INFO] - Simulating initial volumes for stage IIIB  with norm params: mu=2.76, sigma=6.87, lb=-0.5769974969906748, ub=-0.02839165102452155
[2025-01-28 01:40:15,181][root][INFO] - Simulating initial volumes for stage IV  with norm params: mu=3.86, sigma=8.82, lb=-0.5741465764541877, ub=-0.14683113860980307
[2025-01-28 01:40:15,183][root][INFO] - Got correlated params for 464 patients
[2025-01-28 01:40:15,184][root][INFO] - Got correlated params for 942 patients
[2025-01-28 01:40:15,185][root][INFO] - Got correlated params for 1398 patients
[2025-01-28 01:40:15,186][root][INFO] - Simulating beta_c parameters
[2025-01-28 01:40:15,187][root][INFO] - Randomising outputs
[2025-01-28 01:40:16,732][root][INFO] - Simulating initial volumes for stage I  with norm params: mu=1.72, sigma=4.7, lb=-0.6221218732608373, ub=-0.023523848418276528
[2025-01-28 01:40:16,734][root][INFO] - Simulating initial volumes for stage II  with norm params: mu=1.96, sigma=1.63, lb=-1.9410876100159118, ub=0.3711345751297772
[2025-01-28 01:40:16,734][root][INFO] - Simulating initial volumes for stage IIIA  with norm params: mu=1.91, sigma=9.4, lb=-0.33127370258786554, ub=0.06967546355973796
[2025-01-28 01:40:16,735][root][INFO] - Simulating initial volumes for stage IIIB  with norm params: mu=2.76, sigma=6.87, lb=-0.5769974969906748, ub=-0.02839165102452155
[2025-01-28 01:40:16,736][root][INFO] - Simulating initial volumes for stage IV  with norm params: mu=3.86, sigma=8.82, lb=-0.5741465764541877, ub=-0.14683113860980307
[2025-01-28 01:40:16,738][root][INFO] - Got correlated params for 491 patients
[2025-01-28 01:40:16,739][root][INFO] - Got correlated params for 936 patients
[2025-01-28 01:40:16,740][root][INFO] - Got correlated params for 1396 patients
[2025-01-28 01:40:16,741][root][INFO] - Simulating beta_c parameters
[2025-01-28 01:40:16,742][root][INFO] - Randomising outputs
[2025-01-28 01:40:22,261][root][INFO] - Simulating initial volumes for stage I  with norm params: mu=1.72, sigma=4.7, lb=-0.6221218732608373, ub=-0.023523848418276528
[2025-01-28 01:40:22,262][root][INFO] - Simulating initial volumes for stage II  with norm params: mu=1.96, sigma=1.63, lb=-1.9410876100159118, ub=0.3711345751297772
[2025-01-28 01:40:22,263][root][INFO] - Simulating initial volumes for stage IIIA  with norm params: mu=1.91, sigma=9.4, lb=-0.33127370258786554, ub=0.06967546355973796
[2025-01-28 01:40:22,263][root][INFO] - Simulating initial volumes for stage IIIB  with norm params: mu=2.76, sigma=6.87, lb=-0.5769974969906748, ub=-0.02839165102452155
[2025-01-28 01:40:22,264][root][INFO] - Simulating initial volumes for stage IV  with norm params: mu=3.86, sigma=8.82, lb=-0.5741465764541877, ub=-0.14683113860980307
[2025-01-28 01:40:22,266][root][INFO] - Got correlated params for 434 patients
[2025-01-28 01:40:22,267][root][INFO] - Got correlated params for 874 patients
[2025-01-28 01:40:22,268][root][INFO] - Got correlated params for 1357 patients
[2025-01-28 01:40:22,269][root][INFO] - Simulating beta_c parameters
[2025-01-28 01:40:22,270][root][INFO] - Randomising outputs
[2025-01-28 01:40:47,217][src.data.cancer_sim.dataset][INFO] - Processing train dataset before training
[2025-01-28 01:40:48,141][src.data.cancer_sim.dataset][INFO] - Shape of processed train data: {'cancer_volume': (10000, 60), 'chemo_dosage': (10000, 60), 'radio_dosage': (10000, 60), 'chemo_application': (10000, 60), 'radio_application': (10000, 60), 'chemo_probabilities': (10000, 60), 'radio_probabilities': (10000, 60), 'sequence_lengths': (10000,), 'death_flags': (10000, 60), 'recovery_flags': (10000, 60), 'patient_types': (10000,), 'prev_treatments': (10000, 59, 4), 'current_treatments': (10000, 59, 4), 'current_covariates': (10000, 59, 2), 'outputs': (10000, 59, 1), 'active_entries': (10000, 59, 1), 'unscaled_outputs': (10000, 59, 1), 'prev_outputs': (10000, 59, 1), 'static_features': (10000, 1)}
[2025-01-28 01:40:48,141][src.data.cancer_sim.dataset][INFO] - Processing val dataset before training
[2025-01-28 01:40:48,234][src.data.cancer_sim.dataset][INFO] - Shape of processed val data: {'cancer_volume': (1000, 60), 'chemo_dosage': (1000, 60), 'radio_dosage': (1000, 60), 'chemo_application': (1000, 60), 'radio_application': (1000, 60), 'chemo_probabilities': (1000, 60), 'radio_probabilities': (1000, 60), 'sequence_lengths': (1000,), 'death_flags': (1000, 60), 'recovery_flags': (1000, 60), 'patient_types': (1000,), 'prev_treatments': (1000, 59, 4), 'current_treatments': (1000, 59, 4), 'current_covariates': (1000, 59, 2), 'outputs': (1000, 59, 1), 'active_entries': (1000, 59, 1), 'unscaled_outputs': (1000, 59, 1), 'prev_outputs': (1000, 59, 1), 'static_features': (1000, 1)}
[2025-01-28 01:40:48,235][src.data.cancer_sim.dataset][INFO] - Processing test dataset before training
[2025-01-28 01:41:07,586][src.data.cancer_sim.dataset][INFO] - Shape of processed test data: {'cancer_volume': (225248, 60), 'chemo_application': (225248, 60), 'radio_application': (225248, 60), 'sequence_lengths': (225248,), 'patient_types': (225248,), 'prev_treatments': (225248, 59, 4), 'current_treatments': (225248, 59, 4), 'current_covariates': (225248, 59, 2), 'outputs': (225248, 59, 1), 'active_entries': (225248, 59, 1), 'unscaled_outputs': (225248, 59, 1), 'prev_outputs': (225248, 59, 1), 'static_features': (225248, 1)}
[2025-01-28 01:41:07,588][src.data.cancer_sim.dataset][INFO] - Processing test dataset before training
[2025-01-28 01:42:00,744][src.data.cancer_sim.dataset][INFO] - Shape of processed test data: {'cancer_volume': (554444, 65), 'chemo_application': (554444, 65), 'radio_application': (554444, 65), 'sequence_lengths': (554444,), 'patient_types': (554444,), 'patient_ids_all_trajectories': (554444,), 'patient_current_t': (554444,), 'prev_treatments': (554444, 64, 4), 'current_treatments': (554444, 64, 4), 'current_covariates': (554444, 64, 2), 'outputs': (554444, 64, 1), 'active_entries': (554444, 64, 1), 'unscaled_outputs': (554444, 64, 1), 'prev_outputs': (554444, 64, 1), 'static_features': (554444, 1)}
[2025-01-28 01:42:00,747][src.data.cancer_sim.dataset][INFO] - Processing test dataset before testing (multiple sequences)
[2025-01-28 01:42:07,677][src.data.cancer_sim.dataset][INFO] - Shape of processed test data: {'active_encoder_r': (554444, 59), 'prev_treatments': (554444, 5, 4), 'current_treatments': (554444, 5, 4), 'current_covariates': (554444, 5, 2), 'prev_outputs': (554444, 5, 1), 'static_features': (554444, 1), 'outputs': (554444, 5, 1), 'sequence_lengths': (554444,), 'active_entries': (554444, 5, 1), 'unscaled_outputs': (554444, 5, 1), 'patient_types': (554444,), 'patient_ids_all_trajectories': (554444,), 'patient_current_t': (554444,)}
[2025-01-28 01:42:10,246][src.models.ct][INFO] - Max input size of multi: 4
[2025-01-28 01:44:52,979][src.models.time_varying_model][INFO] - RMSE calculation for val.
[2025-01-28 01:44:52,980][src.models.time_varying_model][INFO] - Predictions for val.
[2025-01-28 01:44:53,643][__main__][INFO] - Val normalised RMSE (all): 0.6776554255350583; Val normalised RMSE (orig): 0.669715162947438
[2025-01-28 01:44:53,643][src.models.time_varying_model][INFO] - RMSE calculation for test.
[2025-01-28 01:44:53,643][src.models.time_varying_model][INFO] - Predictions for test.
[2025-01-28 01:45:09,068][__main__][INFO] - Test normalised RMSE (all): 3.083136378015734; Test normalised RMSE (orig): 2.7996275215015745; Test normalised RMSE (only counterfactual): 2.5491582310317917
[2025-01-28 01:45:09,111][src.models.time_varying_model][INFO] - RMSE calculation for test.
[2025-01-28 01:45:09,111][src.models.ct][INFO] - Autoregressive Prediction for test.
[2025-01-28 01:45:09,114][src.models.ct][INFO] - t = 1
[2025-01-28 01:45:09,114][src.models.time_varying_model][INFO] - Predictions for test.
[2025-01-28 01:45:58,547][src.models.ct][INFO] - t = 2
[2025-01-28 01:45:58,548][src.models.time_varying_model][INFO] - Predictions for test.
[2025-01-28 01:46:47,614][src.models.ct][INFO] - t = 3
[2025-01-28 01:46:47,615][src.models.time_varying_model][INFO] - Predictions for test.
[2025-01-28 01:47:36,997][src.models.ct][INFO] - t = 4
[2025-01-28 01:47:36,998][src.models.time_varying_model][INFO] - Predictions for test.
[2025-01-28 01:48:25,754][src.models.ct][INFO] - t = 5
[2025-01-28 01:48:25,755][src.models.time_varying_model][INFO] - Predictions for test.
[2025-01-28 01:49:15,460][src.models.ct][INFO] - t = 6
[2025-01-28 01:49:15,461][src.models.time_varying_model][INFO] - Predictions for test.
[2025-01-28 01:50:05,752][__main__][INFO] - Test normalised RMSE (n-step prediction): {'2-step': 4.250224849991657, '3-step': 4.753922011305722, '4-step': 4.993628672962557, '5-step': 5.023981046261206, '6-step': 4.86751602815791}
