[2024-11-21 03:53:17,116][__main__][INFO] - 
model:
  dim_treatments: 4
  dim_vitals: 0
  dim_static_features: 1
  dim_outcomes: 1
  name: CT
  multi:
    _target_: src.models.ct.CT
    max_seq_length: 65
    seq_hidden_units: 12
    br_size: 16
    fc_hidden_units: 48
    dropout_rate: 0.1
    num_layer: 1
    num_heads: 2
    max_grad_norm: null
    batch_size: 1024
    attn_dropout: true
    disable_cross_attention: false
    isolate_subnetwork: _
    self_positional_encoding:
      absolute: false
      trainable: true
      max_relative_position: 15
    optimizer:
      optimizer_cls: adam
      learning_rate: 0.01
      weight_decay: 0.0
      lr_scheduler: false
    augment_with_masked_vitals: true
    tune_hparams: false
    tune_range: 50
    hparams_grid: null
    resources_per_trial: null
  self_positional_encoding:
    max_relative_position: 15
dataset:
  val_batch_size: 512
  treatment_mode: multiclass
  _target_: src.data.SyntheticCancerDatasetCollection
  name: tumor_generator
  coeff: 4.0
  chemo_coeff: 4.0
  radio_coeff: 4.0
  seed: 10
  random: true
  noise_percentage: 0.05
  num_patients:
    train: 10000
    val: 1000
    test: 1000
  window_size: 15
  lag: 0
  max_seq_length: 60
  projection_horizon: 5
  cf_seq_mode: sliding_treatment
exp:
  seed: 10
  gpus:
  - 0
  max_epochs: 220
  logging: true
  mlflow_uri: http://127.0.0.1:5000
  unscale_rmse: true
  percentage_rmse: true
  alpha: 0.01
  update_alpha: true
  alpha_rate: exp
  initial_balancing_method: domain_confusion
  final_balancing_method: subgroup
  bce_weight: false
  weights_ema: true
  beta: 0.99
  alpha_wass: 0.001
  alpha_wass_epoch: false
  alpha_wass_growth: 0.001
  alpha_wass_max: 0.01
  balancing_switch_epoch: 199
  clustering_method: GMM
  number_clusters: 2
  num_timepoints: 59
  gap_epoch: 10
  checkpoint_dir: ./checkpoints/cancer/ct/4

[2024-11-21 03:53:17,158][root][INFO] - Simulating initial volumes for stage I  with norm params: mu=1.72, sigma=4.7, lb=-0.6221218732608373, ub=-0.023523848418276528
[2024-11-21 03:53:17,163][root][INFO] - Simulating initial volumes for stage II  with norm params: mu=1.96, sigma=1.63, lb=-1.9410876100159118, ub=0.3711345751297772
[2024-11-21 03:53:17,164][root][INFO] - Simulating initial volumes for stage IIIA  with norm params: mu=1.91, sigma=9.4, lb=-0.33127370258786554, ub=0.06967546355973796
[2024-11-21 03:53:17,165][root][INFO] - Simulating initial volumes for stage IIIB  with norm params: mu=2.76, sigma=6.87, lb=-0.5769974969906748, ub=-0.02839165102452155
[2024-11-21 03:53:17,168][root][INFO] - Simulating initial volumes for stage IV  with norm params: mu=3.86, sigma=8.82, lb=-0.5741465764541877, ub=-0.14683113860980307
[2024-11-21 03:53:17,193][root][INFO] - Got correlated params for 4658 patients
[2024-11-21 03:53:17,197][root][INFO] - Got correlated params for 9338 patients
[2024-11-21 03:53:17,202][root][INFO] - Got correlated params for 13912 patients
[2024-11-21 03:53:17,209][root][INFO] - Simulating beta_c parameters
[2024-11-21 03:53:17,214][root][INFO] - Randomising outputs
[2024-11-21 03:53:32,046][src.data.cancer_sim.dataset][INFO] - Processing train dataset before training
[2024-11-21 03:53:32,948][src.data.cancer_sim.dataset][INFO] - Shape of processed train data: {'cancer_volume': (10000, 60), 'chemo_dosage': (10000, 60), 'radio_dosage': (10000, 60), 'chemo_application': (10000, 60), 'radio_application': (10000, 60), 'chemo_probabilities': (10000, 60), 'radio_probabilities': (10000, 60), 'sequence_lengths': (10000,), 'death_flags': (10000, 60), 'recovery_flags': (10000, 60), 'patient_types': (10000,), 'prev_treatments': (10000, 59, 4), 'current_treatments': (10000, 59, 4), 'current_covariates': (10000, 59, 2), 'outputs': (10000, 59, 1), 'active_entries': (10000, 59, 1), 'unscaled_outputs': (10000, 59, 1), 'prev_outputs': (10000, 59, 1), 'static_features': (10000, 1)}
[2024-11-21 03:53:33,002][root][INFO] - Simulating initial volumes for stage I  with norm params: mu=1.72, sigma=4.7, lb=-0.6221218732608373, ub=-0.023523848418276528
[2024-11-21 03:53:33,003][root][INFO] - Simulating initial volumes for stage II  with norm params: mu=1.96, sigma=1.63, lb=-1.9410876100159118, ub=0.3711345751297772
[2024-11-21 03:53:33,004][root][INFO] - Simulating initial volumes for stage IIIA  with norm params: mu=1.91, sigma=9.4, lb=-0.33127370258786554, ub=0.06967546355973796
[2024-11-21 03:53:33,005][root][INFO] - Simulating initial volumes for stage IIIB  with norm params: mu=2.76, sigma=6.87, lb=-0.5769974969906748, ub=-0.02839165102452155
[2024-11-21 03:53:33,005][root][INFO] - Simulating initial volumes for stage IV  with norm params: mu=3.86, sigma=8.82, lb=-0.5741465764541877, ub=-0.14683113860980307
[2024-11-21 03:53:33,007][root][INFO] - Got correlated params for 455 patients
[2024-11-21 03:53:33,008][root][INFO] - Got correlated params for 905 patients
[2024-11-21 03:53:33,009][root][INFO] - Got correlated params for 1366 patients
[2024-11-21 03:53:33,011][root][INFO] - Simulating beta_c parameters
[2024-11-21 03:53:33,012][root][INFO] - Randomising outputs
[2024-11-21 03:53:34,483][root][INFO] - Simulating initial volumes for stage I  with norm params: mu=1.72, sigma=4.7, lb=-0.6221218732608373, ub=-0.023523848418276528
[2024-11-21 03:53:34,484][root][INFO] - Simulating initial volumes for stage II  with norm params: mu=1.96, sigma=1.63, lb=-1.9410876100159118, ub=0.3711345751297772
[2024-11-21 03:53:34,485][root][INFO] - Simulating initial volumes for stage IIIA  with norm params: mu=1.91, sigma=9.4, lb=-0.33127370258786554, ub=0.06967546355973796
[2024-11-21 03:53:34,485][root][INFO] - Simulating initial volumes for stage IIIB  with norm params: mu=2.76, sigma=6.87, lb=-0.5769974969906748, ub=-0.02839165102452155
[2024-11-21 03:53:34,486][root][INFO] - Simulating initial volumes for stage IV  with norm params: mu=3.86, sigma=8.82, lb=-0.5741465764541877, ub=-0.14683113860980307
[2024-11-21 03:53:34,487][root][INFO] - Got correlated params for 493 patients
[2024-11-21 03:53:34,488][root][INFO] - Got correlated params for 947 patients
[2024-11-21 03:53:34,489][root][INFO] - Got correlated params for 1403 patients
[2024-11-21 03:53:34,490][root][INFO] - Simulating beta_c parameters
[2024-11-21 03:53:34,491][root][INFO] - Randomising outputs
[2024-11-21 03:53:41,116][root][INFO] - Simulating initial volumes for stage I  with norm params: mu=1.72, sigma=4.7, lb=-0.6221218732608373, ub=-0.023523848418276528
[2024-11-21 03:53:41,118][root][INFO] - Simulating initial volumes for stage II  with norm params: mu=1.96, sigma=1.63, lb=-1.9410876100159118, ub=0.3711345751297772
[2024-11-21 03:53:41,118][root][INFO] - Simulating initial volumes for stage IIIA  with norm params: mu=1.91, sigma=9.4, lb=-0.33127370258786554, ub=0.06967546355973796
[2024-11-21 03:53:41,119][root][INFO] - Simulating initial volumes for stage IIIB  with norm params: mu=2.76, sigma=6.87, lb=-0.5769974969906748, ub=-0.02839165102452155
[2024-11-21 03:53:41,120][root][INFO] - Simulating initial volumes for stage IV  with norm params: mu=3.86, sigma=8.82, lb=-0.5741465764541877, ub=-0.14683113860980307
[2024-11-21 03:53:41,122][root][INFO] - Got correlated params for 445 patients
[2024-11-21 03:53:41,123][root][INFO] - Got correlated params for 895 patients
[2024-11-21 03:53:41,124][root][INFO] - Got correlated params for 1355 patients
[2024-11-21 03:53:41,125][root][INFO] - Simulating beta_c parameters
[2024-11-21 03:53:41,126][root][INFO] - Randomising outputs
[2024-11-21 03:54:07,100][src.data.cancer_sim.dataset][INFO] - train Dataset already processed
[2024-11-21 03:54:07,101][src.data.cancer_sim.dataset][INFO] - Processing val dataset before training
[2024-11-21 03:54:07,195][src.data.cancer_sim.dataset][INFO] - Shape of processed val data: {'cancer_volume': (1000, 60), 'chemo_dosage': (1000, 60), 'radio_dosage': (1000, 60), 'chemo_application': (1000, 60), 'radio_application': (1000, 60), 'chemo_probabilities': (1000, 60), 'radio_probabilities': (1000, 60), 'sequence_lengths': (1000,), 'death_flags': (1000, 60), 'recovery_flags': (1000, 60), 'patient_types': (1000,), 'prev_treatments': (1000, 59, 4), 'current_treatments': (1000, 59, 4), 'current_covariates': (1000, 59, 2), 'outputs': (1000, 59, 1), 'active_entries': (1000, 59, 1), 'unscaled_outputs': (1000, 59, 1), 'prev_outputs': (1000, 59, 1), 'static_features': (1000, 1)}
[2024-11-21 03:54:07,195][src.data.cancer_sim.dataset][INFO] - Processing test dataset before training
[2024-11-21 03:54:26,419][src.data.cancer_sim.dataset][INFO] - Shape of processed test data: {'cancer_volume': (219908, 60), 'chemo_application': (219908, 60), 'radio_application': (219908, 60), 'sequence_lengths': (219908,), 'patient_types': (219908,), 'prev_treatments': (219908, 59, 4), 'current_treatments': (219908, 59, 4), 'current_covariates': (219908, 59, 2), 'outputs': (219908, 59, 1), 'active_entries': (219908, 59, 1), 'unscaled_outputs': (219908, 59, 1), 'prev_outputs': (219908, 59, 1), 'static_features': (219908, 1)}
[2024-11-21 03:54:26,420][src.data.cancer_sim.dataset][INFO] - Processing test dataset before training
[2024-11-21 03:55:20,141][src.data.cancer_sim.dataset][INFO] - Shape of processed test data: {'cancer_volume': (575824, 65), 'chemo_application': (575824, 65), 'radio_application': (575824, 65), 'sequence_lengths': (575824,), 'patient_types': (575824,), 'patient_ids_all_trajectories': (575824,), 'patient_current_t': (575824,), 'prev_treatments': (575824, 64, 4), 'current_treatments': (575824, 64, 4), 'current_covariates': (575824, 64, 2), 'outputs': (575824, 64, 1), 'active_entries': (575824, 64, 1), 'unscaled_outputs': (575824, 64, 1), 'prev_outputs': (575824, 64, 1), 'static_features': (575824, 1)}
[2024-11-21 03:55:20,143][src.data.cancer_sim.dataset][INFO] - Processing test dataset before testing (multiple sequences)
[2024-11-21 03:55:28,204][src.data.cancer_sim.dataset][INFO] - Shape of processed test data: {'active_encoder_r': (575824, 59), 'prev_treatments': (575824, 5, 4), 'current_treatments': (575824, 5, 4), 'current_covariates': (575824, 5, 2), 'prev_outputs': (575824, 5, 1), 'static_features': (575824, 1), 'outputs': (575824, 5, 1), 'sequence_lengths': (575824,), 'active_entries': (575824, 5, 1), 'unscaled_outputs': (575824, 5, 1), 'patient_types': (575824,), 'patient_ids_all_trajectories': (575824,), 'patient_current_t': (575824,)}
[2024-11-21 03:55:31,144][src.models.ct][INFO] - Max input size of multi: 4
[2024-11-21 03:58:03,592][src.models.time_varying_model][INFO] - RMSE calculation for val.
[2024-11-21 03:58:03,593][src.models.time_varying_model][INFO] - Predictions for val.
[2024-11-21 03:58:04,386][__main__][INFO] - Val normalised RMSE (all): 0.5718593871213432; Val normalised RMSE (orig): 0.5667692078041138
[2024-11-21 03:58:04,386][src.models.time_varying_model][INFO] - RMSE calculation for test.
[2024-11-21 03:58:04,386][src.models.time_varying_model][INFO] - Predictions for test.
[2024-11-21 03:58:20,232][__main__][INFO] - Test normalised RMSE (all): 1.026263667750053; Test normalised RMSE (orig): 0.7844117916912231; Test normalised RMSE (only counterfactual): 0.9826587402537494
[2024-11-21 03:58:20,285][src.models.time_varying_model][INFO] - RMSE calculation for test.
[2024-11-21 03:58:20,285][src.models.ct][INFO] - Autoregressive Prediction for test.
[2024-11-21 03:58:20,285][src.models.ct][INFO] - t = 1
[2024-11-21 03:58:20,285][src.models.time_varying_model][INFO] - Predictions for test.
[2024-11-21 03:59:14,941][src.models.ct][INFO] - t = 2
[2024-11-21 03:59:14,942][src.models.time_varying_model][INFO] - Predictions for test.
[2024-11-21 04:00:10,180][src.models.ct][INFO] - t = 3
[2024-11-21 04:00:10,181][src.models.time_varying_model][INFO] - Predictions for test.
[2024-11-21 04:01:04,089][src.models.ct][INFO] - t = 4
[2024-11-21 04:01:04,090][src.models.time_varying_model][INFO] - Predictions for test.
[2024-11-21 04:01:57,921][src.models.ct][INFO] - t = 5
[2024-11-21 04:01:57,922][src.models.time_varying_model][INFO] - Predictions for test.
[2024-11-21 04:02:51,707][src.models.ct][INFO] - t = 6
[2024-11-21 04:02:51,708][src.models.time_varying_model][INFO] - Predictions for test.
[2024-11-21 04:03:46,586][__main__][INFO] - Test normalised RMSE (n-step prediction): {'2-step': 0.7860200030944225, '3-step': 0.857933031969716, '4-step': 0.9187896782364339, '5-step': 0.9950207995964852, '6-step': 1.057707074474192}
