[2025-01-27 09:06:28,672][__main__][INFO] - 
model:
  dim_treatments: 4
  dim_vitals: 0
  dim_static_features: 1
  dim_outcomes: 1
  name: CT
  multi:
    _target_: src.models.ct.CT
    max_seq_length: 65
    seq_hidden_units: 12
    br_size: 16
    fc_hidden_units: 48
    dropout_rate: 0.1
    num_layer: 1
    num_heads: 2
    max_grad_norm: null
    batch_size: 256
    attn_dropout: true
    disable_cross_attention: false
    isolate_subnetwork: _
    self_positional_encoding:
      absolute: false
      trainable: true
      max_relative_position: 15
    optimizer:
      optimizer_cls: adam
      learning_rate: 0.01
      weight_decay: 0.0
      lr_scheduler: false
    augment_with_masked_vitals: true
    tune_hparams: false
    tune_range: 50
    hparams_grid: null
    resources_per_trial: null
  self_positional_encoding:
    max_relative_position: 15
dataset:
  val_batch_size: 512
  treatment_mode: multiclass
  _target_: src.data.SyntheticCancerDatasetCollection
  name: tumor_generator
  coeff: 5.0
  chemo_coeff: 5.0
  radio_coeff: 5.0
  seed: 10
  random: false
  noise_percentage: 0.0
  num_patients:
    train: 10000
    val: 1000
    test: 1000
  window_size: 15
  lag: 0
  max_seq_length: 60
  projection_horizon: 5
  cf_seq_mode: sliding_treatment
exp:
  seed: 10
  gpus:
  - 0
  max_epochs: 100
  logging: true
  mlflow_uri: http://127.0.0.1:5000
  unscale_rmse: true
  percentage_rmse: true
  alpha: 0.01
  update_alpha: true
  alpha_rate: exp
  initial_balancing_method: domain_confusion
  final_balancing_method: subgroup
  bce_weight: false
  weights_ema: true
  beta: 0.99
  alpha_wass: 0.0001
  alpha_wass_epoch: false
  alpha_wass_growth: 0.001
  alpha_wass_max: 0.01
  balancing_switch_epoch: 79
  clustering_method: GMM
  number_clusters: 2
  num_timepoints: 59
  gap_epoch: 10
  checkpoint_dir: ./checkpoints/cancer/ct/SGA/5

[2025-01-27 09:06:28,696][root][INFO] - Simulating initial volumes for stage I  with norm params: mu=1.72, sigma=4.7, lb=-0.6221218732608373, ub=-0.023523848418276528
[2025-01-27 09:06:28,704][root][INFO] - Simulating initial volumes for stage II  with norm params: mu=1.96, sigma=1.63, lb=-1.9410876100159118, ub=0.3711345751297772
[2025-01-27 09:06:28,705][root][INFO] - Simulating initial volumes for stage IIIA  with norm params: mu=1.91, sigma=9.4, lb=-0.33127370258786554, ub=0.06967546355973796
[2025-01-27 09:06:28,706][root][INFO] - Simulating initial volumes for stage IIIB  with norm params: mu=2.76, sigma=6.87, lb=-0.5769974969906748, ub=-0.02839165102452155
[2025-01-27 09:06:28,709][root][INFO] - Simulating initial volumes for stage IV  with norm params: mu=3.86, sigma=8.82, lb=-0.5741465764541877, ub=-0.14683113860980307
[2025-01-27 09:06:28,732][root][INFO] - Got correlated params for 4658 patients
[2025-01-27 09:06:28,736][root][INFO] - Got correlated params for 9338 patients
[2025-01-27 09:06:28,741][root][INFO] - Got correlated params for 13912 patients
[2025-01-27 09:06:28,749][root][INFO] - Simulating beta_c parameters
[2025-01-27 09:06:28,754][root][INFO] - Randomising outputs
[2025-01-27 09:06:43,688][root][INFO] - Simulating initial volumes for stage I  with norm params: mu=1.72, sigma=4.7, lb=-0.6221218732608373, ub=-0.023523848418276528
[2025-01-27 09:06:43,691][root][INFO] - Simulating initial volumes for stage II  with norm params: mu=1.96, sigma=1.63, lb=-1.9410876100159118, ub=0.3711345751297772
[2025-01-27 09:06:43,692][root][INFO] - Simulating initial volumes for stage IIIA  with norm params: mu=1.91, sigma=9.4, lb=-0.33127370258786554, ub=0.06967546355973796
[2025-01-27 09:06:43,692][root][INFO] - Simulating initial volumes for stage IIIB  with norm params: mu=2.76, sigma=6.87, lb=-0.5769974969906748, ub=-0.02839165102452155
[2025-01-27 09:06:43,693][root][INFO] - Simulating initial volumes for stage IV  with norm params: mu=3.86, sigma=8.82, lb=-0.5741465764541877, ub=-0.14683113860980307
[2025-01-27 09:06:43,695][root][INFO] - Got correlated params for 464 patients
[2025-01-27 09:06:43,696][root][INFO] - Got correlated params for 942 patients
[2025-01-27 09:06:43,697][root][INFO] - Got correlated params for 1398 patients
[2025-01-27 09:06:43,698][root][INFO] - Simulating beta_c parameters
[2025-01-27 09:06:43,699][root][INFO] - Randomising outputs
[2025-01-27 09:06:45,174][root][INFO] - Simulating initial volumes for stage I  with norm params: mu=1.72, sigma=4.7, lb=-0.6221218732608373, ub=-0.023523848418276528
[2025-01-27 09:06:45,174][root][INFO] - Simulating initial volumes for stage II  with norm params: mu=1.96, sigma=1.63, lb=-1.9410876100159118, ub=0.3711345751297772
[2025-01-27 09:06:45,175][root][INFO] - Simulating initial volumes for stage IIIA  with norm params: mu=1.91, sigma=9.4, lb=-0.33127370258786554, ub=0.06967546355973796
[2025-01-27 09:06:45,175][root][INFO] - Simulating initial volumes for stage IIIB  with norm params: mu=2.76, sigma=6.87, lb=-0.5769974969906748, ub=-0.02839165102452155
[2025-01-27 09:06:45,176][root][INFO] - Simulating initial volumes for stage IV  with norm params: mu=3.86, sigma=8.82, lb=-0.5741465764541877, ub=-0.14683113860980307
[2025-01-27 09:06:45,178][root][INFO] - Got correlated params for 491 patients
[2025-01-27 09:06:45,179][root][INFO] - Got correlated params for 936 patients
[2025-01-27 09:06:45,180][root][INFO] - Got correlated params for 1396 patients
[2025-01-27 09:06:45,181][root][INFO] - Simulating beta_c parameters
[2025-01-27 09:06:45,182][root][INFO] - Randomising outputs
[2025-01-27 09:06:50,616][root][INFO] - Simulating initial volumes for stage I  with norm params: mu=1.72, sigma=4.7, lb=-0.6221218732608373, ub=-0.023523848418276528
[2025-01-27 09:06:50,617][root][INFO] - Simulating initial volumes for stage II  with norm params: mu=1.96, sigma=1.63, lb=-1.9410876100159118, ub=0.3711345751297772
[2025-01-27 09:06:50,618][root][INFO] - Simulating initial volumes for stage IIIA  with norm params: mu=1.91, sigma=9.4, lb=-0.33127370258786554, ub=0.06967546355973796
[2025-01-27 09:06:50,618][root][INFO] - Simulating initial volumes for stage IIIB  with norm params: mu=2.76, sigma=6.87, lb=-0.5769974969906748, ub=-0.02839165102452155
[2025-01-27 09:06:50,619][root][INFO] - Simulating initial volumes for stage IV  with norm params: mu=3.86, sigma=8.82, lb=-0.5741465764541877, ub=-0.14683113860980307
[2025-01-27 09:06:50,621][root][INFO] - Got correlated params for 434 patients
[2025-01-27 09:06:50,621][root][INFO] - Got correlated params for 874 patients
[2025-01-27 09:06:50,622][root][INFO] - Got correlated params for 1357 patients
[2025-01-27 09:06:50,624][root][INFO] - Simulating beta_c parameters
[2025-01-27 09:06:50,625][root][INFO] - Randomising outputs
[2025-01-27 09:07:14,986][src.data.cancer_sim.dataset][INFO] - Processing train dataset before training
[2025-01-27 09:07:15,907][src.data.cancer_sim.dataset][INFO] - Shape of processed train data: {'cancer_volume': (10000, 60), 'chemo_dosage': (10000, 60), 'radio_dosage': (10000, 60), 'chemo_application': (10000, 60), 'radio_application': (10000, 60), 'chemo_probabilities': (10000, 60), 'radio_probabilities': (10000, 60), 'sequence_lengths': (10000,), 'death_flags': (10000, 60), 'recovery_flags': (10000, 60), 'patient_types': (10000,), 'prev_treatments': (10000, 59, 4), 'current_treatments': (10000, 59, 4), 'current_covariates': (10000, 59, 2), 'outputs': (10000, 59, 1), 'active_entries': (10000, 59, 1), 'unscaled_outputs': (10000, 59, 1), 'prev_outputs': (10000, 59, 1), 'static_features': (10000, 1)}
[2025-01-27 09:07:15,907][src.data.cancer_sim.dataset][INFO] - Processing val dataset before training
[2025-01-27 09:07:15,999][src.data.cancer_sim.dataset][INFO] - Shape of processed val data: {'cancer_volume': (1000, 60), 'chemo_dosage': (1000, 60), 'radio_dosage': (1000, 60), 'chemo_application': (1000, 60), 'radio_application': (1000, 60), 'chemo_probabilities': (1000, 60), 'radio_probabilities': (1000, 60), 'sequence_lengths': (1000,), 'death_flags': (1000, 60), 'recovery_flags': (1000, 60), 'patient_types': (1000,), 'prev_treatments': (1000, 59, 4), 'current_treatments': (1000, 59, 4), 'current_covariates': (1000, 59, 2), 'outputs': (1000, 59, 1), 'active_entries': (1000, 59, 1), 'unscaled_outputs': (1000, 59, 1), 'prev_outputs': (1000, 59, 1), 'static_features': (1000, 1)}
[2025-01-27 09:07:15,999][src.data.cancer_sim.dataset][INFO] - Processing test dataset before training
[2025-01-27 09:07:35,664][src.data.cancer_sim.dataset][INFO] - Shape of processed test data: {'cancer_volume': (225248, 60), 'chemo_application': (225248, 60), 'radio_application': (225248, 60), 'sequence_lengths': (225248,), 'patient_types': (225248,), 'prev_treatments': (225248, 59, 4), 'current_treatments': (225248, 59, 4), 'current_covariates': (225248, 59, 2), 'outputs': (225248, 59, 1), 'active_entries': (225248, 59, 1), 'unscaled_outputs': (225248, 59, 1), 'prev_outputs': (225248, 59, 1), 'static_features': (225248, 1)}
[2025-01-27 09:07:35,666][src.data.cancer_sim.dataset][INFO] - Processing test dataset before training
[2025-01-27 09:08:28,643][src.data.cancer_sim.dataset][INFO] - Shape of processed test data: {'cancer_volume': (554444, 65), 'chemo_application': (554444, 65), 'radio_application': (554444, 65), 'sequence_lengths': (554444,), 'patient_types': (554444,), 'patient_ids_all_trajectories': (554444,), 'patient_current_t': (554444,), 'prev_treatments': (554444, 64, 4), 'current_treatments': (554444, 64, 4), 'current_covariates': (554444, 64, 2), 'outputs': (554444, 64, 1), 'active_entries': (554444, 64, 1), 'unscaled_outputs': (554444, 64, 1), 'prev_outputs': (554444, 64, 1), 'static_features': (554444, 1)}
[2025-01-27 09:08:28,647][src.data.cancer_sim.dataset][INFO] - Processing test dataset before testing (multiple sequences)
[2025-01-27 09:08:35,622][src.data.cancer_sim.dataset][INFO] - Shape of processed test data: {'active_encoder_r': (554444, 59), 'prev_treatments': (554444, 5, 4), 'current_treatments': (554444, 5, 4), 'current_covariates': (554444, 5, 2), 'prev_outputs': (554444, 5, 1), 'static_features': (554444, 1), 'outputs': (554444, 5, 1), 'sequence_lengths': (554444,), 'active_entries': (554444, 5, 1), 'unscaled_outputs': (554444, 5, 1), 'patient_types': (554444,), 'patient_ids_all_trajectories': (554444,), 'patient_current_t': (554444,)}
[2025-01-27 09:08:38,176][src.models.ct][INFO] - Max input size of multi: 4
[2025-01-27 09:19:28,194][src.models.time_varying_model][INFO] - RMSE calculation for val.
[2025-01-27 09:19:28,196][src.models.time_varying_model][INFO] - Predictions for val.
[2025-01-27 09:19:28,876][__main__][INFO] - Val normalised RMSE (all): 0.5881321624910196; Val normalised RMSE (orig): 0.5813506219478738
[2025-01-27 09:19:28,876][src.models.time_varying_model][INFO] - RMSE calculation for test.
[2025-01-27 09:19:28,876][src.models.time_varying_model][INFO] - Predictions for test.
[2025-01-27 09:19:44,314][__main__][INFO] - Test normalised RMSE (all): 1.3921002898096169; Test normalised RMSE (orig): 1.1956453157680944; Test normalised RMSE (only counterfactual): 1.5378620482525127
[2025-01-27 09:19:44,356][src.models.time_varying_model][INFO] - RMSE calculation for test.
[2025-01-27 09:19:44,356][src.models.ct][INFO] - Autoregressive Prediction for test.
[2025-01-27 09:19:44,359][src.models.ct][INFO] - t = 1
[2025-01-27 09:19:44,359][src.models.time_varying_model][INFO] - Predictions for test.
[2025-01-27 09:20:34,369][src.models.ct][INFO] - t = 2
[2025-01-27 09:20:34,370][src.models.time_varying_model][INFO] - Predictions for test.
[2025-01-27 09:21:24,345][src.models.ct][INFO] - t = 3
[2025-01-27 09:21:24,346][src.models.time_varying_model][INFO] - Predictions for test.
[2025-01-27 09:22:13,871][src.models.ct][INFO] - t = 4
[2025-01-27 09:22:13,871][src.models.time_varying_model][INFO] - Predictions for test.
[2025-01-27 09:23:02,871][src.models.ct][INFO] - t = 5
[2025-01-27 09:23:02,871][src.models.time_varying_model][INFO] - Predictions for test.
[2025-01-27 09:23:53,529][src.models.ct][INFO] - t = 6
[2025-01-27 09:23:53,529][src.models.time_varying_model][INFO] - Predictions for test.
[2025-01-27 09:24:43,971][__main__][INFO] - Test normalised RMSE (n-step prediction): {'2-step': 1.84896159635571, '3-step': 2.10868628716934, '4-step': 2.276031663623396, '5-step': 2.355175057364899, '6-step': 2.3743047542364017}
