[2025-01-28 21:27:44,676][__main__][INFO] - 
model:
  dim_treatments: 4
  dim_vitals: 0
  dim_static_features: 1
  dim_outcomes: 1
  name: CT
  multi:
    _target_: src.models.ct.CT
    max_seq_length: 65
    seq_hidden_units: 12
    br_size: 16
    fc_hidden_units: 48
    dropout_rate: 0.1
    num_layer: 1
    num_heads: 2
    max_grad_norm: null
    batch_size: 256
    attn_dropout: true
    disable_cross_attention: false
    isolate_subnetwork: _
    self_positional_encoding:
      absolute: false
      trainable: true
      max_relative_position: 15
    optimizer:
      optimizer_cls: adam
      learning_rate: 0.01
      weight_decay: 0.0
      lr_scheduler: false
    augment_with_masked_vitals: true
    tune_hparams: false
    tune_range: 50
    hparams_grid: null
    resources_per_trial: null
  self_positional_encoding:
    max_relative_position: 15
dataset:
  val_batch_size: 512
  treatment_mode: multiclass
  _target_: src.data.SyntheticCancerDatasetCollection
  name: tumor_generator
  coeff: 5.0
  chemo_coeff: 5.0
  radio_coeff: 5.0
  seed: 10
  random: true
  noise_percentage: 0.05
  num_patients:
    train: 10000
    val: 1000
    test: 1000
  window_size: 15
  lag: 0
  max_seq_length: 60
  projection_horizon: 5
  cf_seq_mode: sliding_treatment
exp:
  seed: 10
  gpus:
  - 0
  max_epochs: 110
  logging: true
  mlflow_uri: http://127.0.0.1:5000
  unscale_rmse: true
  percentage_rmse: true
  alpha: 0.01
  update_alpha: true
  alpha_rate: exp
  initial_balancing_method: domain_confusion
  final_balancing_method: subgroup
  bce_weight: false
  weights_ema: true
  beta: 0.99
  alpha_wass: 0.001
  alpha_wass_epoch: false
  alpha_wass_growth: 0.001
  alpha_wass_max: 0.01
  balancing_switch_epoch: 99
  clustering_method: GMM
  number_clusters: 2
  num_timepoints: 59
  gap_epoch: 1
  checkpoint_dir: ./checkpoints/cancer/ct/random_SGA/5

[2025-01-28 21:27:44,701][root][INFO] - Simulating initial volumes for stage I  with norm params: mu=1.72, sigma=4.7, lb=-0.6221218732608373, ub=-0.023523848418276528
[2025-01-28 21:27:44,709][root][INFO] - Simulating initial volumes for stage II  with norm params: mu=1.96, sigma=1.63, lb=-1.9410876100159118, ub=0.3711345751297772
[2025-01-28 21:27:44,710][root][INFO] - Simulating initial volumes for stage IIIA  with norm params: mu=1.91, sigma=9.4, lb=-0.33127370258786554, ub=0.06967546355973796
[2025-01-28 21:27:44,711][root][INFO] - Simulating initial volumes for stage IIIB  with norm params: mu=2.76, sigma=6.87, lb=-0.5769974969906748, ub=-0.02839165102452155
[2025-01-28 21:27:44,713][root][INFO] - Simulating initial volumes for stage IV  with norm params: mu=3.86, sigma=8.82, lb=-0.5741465764541877, ub=-0.14683113860980307
[2025-01-28 21:27:44,739][root][INFO] - Got correlated params for 4658 patients
[2025-01-28 21:27:44,744][root][INFO] - Got correlated params for 9338 patients
[2025-01-28 21:27:44,748][root][INFO] - Got correlated params for 13912 patients
[2025-01-28 21:27:44,757][root][INFO] - Simulating beta_c parameters
[2025-01-28 21:27:44,762][root][INFO] - Randomising outputs
[2025-01-28 21:28:02,040][src.data.cancer_sim.dataset][INFO] - Processing train dataset before training
[2025-01-28 21:28:02,955][src.data.cancer_sim.dataset][INFO] - Shape of processed train data: {'cancer_volume': (10000, 60), 'chemo_dosage': (10000, 60), 'radio_dosage': (10000, 60), 'chemo_application': (10000, 60), 'radio_application': (10000, 60), 'chemo_probabilities': (10000, 60), 'radio_probabilities': (10000, 60), 'sequence_lengths': (10000,), 'death_flags': (10000, 60), 'recovery_flags': (10000, 60), 'patient_types': (10000,), 'prev_treatments': (10000, 59, 4), 'current_treatments': (10000, 59, 4), 'current_covariates': (10000, 59, 2), 'outputs': (10000, 59, 1), 'active_entries': (10000, 59, 1), 'unscaled_outputs': (10000, 59, 1), 'prev_outputs': (10000, 59, 1), 'static_features': (10000, 1)}
[2025-01-28 21:28:03,018][root][INFO] - Simulating initial volumes for stage I  with norm params: mu=1.72, sigma=4.7, lb=-0.6221218732608373, ub=-0.023523848418276528
[2025-01-28 21:28:03,019][root][INFO] - Simulating initial volumes for stage II  with norm params: mu=1.96, sigma=1.63, lb=-1.9410876100159118, ub=0.3711345751297772
[2025-01-28 21:28:03,020][root][INFO] - Simulating initial volumes for stage IIIA  with norm params: mu=1.91, sigma=9.4, lb=-0.33127370258786554, ub=0.06967546355973796
[2025-01-28 21:28:03,021][root][INFO] - Simulating initial volumes for stage IIIB  with norm params: mu=2.76, sigma=6.87, lb=-0.5769974969906748, ub=-0.02839165102452155
[2025-01-28 21:28:03,022][root][INFO] - Simulating initial volumes for stage IV  with norm params: mu=3.86, sigma=8.82, lb=-0.5741465764541877, ub=-0.14683113860980307
[2025-01-28 21:28:03,023][root][INFO] - Got correlated params for 455 patients
[2025-01-28 21:28:03,024][root][INFO] - Got correlated params for 905 patients
[2025-01-28 21:28:03,025][root][INFO] - Got correlated params for 1366 patients
[2025-01-28 21:28:03,026][root][INFO] - Simulating beta_c parameters
[2025-01-28 21:28:03,027][root][INFO] - Randomising outputs
[2025-01-28 21:28:04,773][root][INFO] - Simulating initial volumes for stage I  with norm params: mu=1.72, sigma=4.7, lb=-0.6221218732608373, ub=-0.023523848418276528
[2025-01-28 21:28:04,773][root][INFO] - Simulating initial volumes for stage II  with norm params: mu=1.96, sigma=1.63, lb=-1.9410876100159118, ub=0.3711345751297772
[2025-01-28 21:28:04,774][root][INFO] - Simulating initial volumes for stage IIIA  with norm params: mu=1.91, sigma=9.4, lb=-0.33127370258786554, ub=0.06967546355973796
[2025-01-28 21:28:04,774][root][INFO] - Simulating initial volumes for stage IIIB  with norm params: mu=2.76, sigma=6.87, lb=-0.5769974969906748, ub=-0.02839165102452155
[2025-01-28 21:28:04,775][root][INFO] - Simulating initial volumes for stage IV  with norm params: mu=3.86, sigma=8.82, lb=-0.5741465764541877, ub=-0.14683113860980307
[2025-01-28 21:28:04,777][root][INFO] - Got correlated params for 493 patients
[2025-01-28 21:28:04,778][root][INFO] - Got correlated params for 947 patients
[2025-01-28 21:28:04,779][root][INFO] - Got correlated params for 1403 patients
[2025-01-28 21:28:04,780][root][INFO] - Simulating beta_c parameters
[2025-01-28 21:28:04,780][root][INFO] - Randomising outputs
[2025-01-28 21:28:10,784][root][INFO] - Simulating initial volumes for stage I  with norm params: mu=1.72, sigma=4.7, lb=-0.6221218732608373, ub=-0.023523848418276528
[2025-01-28 21:28:10,786][root][INFO] - Simulating initial volumes for stage II  with norm params: mu=1.96, sigma=1.63, lb=-1.9410876100159118, ub=0.3711345751297772
[2025-01-28 21:28:10,786][root][INFO] - Simulating initial volumes for stage IIIA  with norm params: mu=1.91, sigma=9.4, lb=-0.33127370258786554, ub=0.06967546355973796
[2025-01-28 21:28:10,787][root][INFO] - Simulating initial volumes for stage IIIB  with norm params: mu=2.76, sigma=6.87, lb=-0.5769974969906748, ub=-0.02839165102452155
[2025-01-28 21:28:10,788][root][INFO] - Simulating initial volumes for stage IV  with norm params: mu=3.86, sigma=8.82, lb=-0.5741465764541877, ub=-0.14683113860980307
[2025-01-28 21:28:10,790][root][INFO] - Got correlated params for 445 patients
[2025-01-28 21:28:10,791][root][INFO] - Got correlated params for 895 patients
[2025-01-28 21:28:10,792][root][INFO] - Got correlated params for 1355 patients
[2025-01-28 21:28:10,793][root][INFO] - Simulating beta_c parameters
[2025-01-28 21:28:10,794][root][INFO] - Randomising outputs
[2025-01-28 21:28:40,406][src.data.cancer_sim.dataset][INFO] - train Dataset already processed
[2025-01-28 21:28:40,407][src.data.cancer_sim.dataset][INFO] - Processing val dataset before training
[2025-01-28 21:28:40,498][src.data.cancer_sim.dataset][INFO] - Shape of processed val data: {'cancer_volume': (1000, 60), 'chemo_dosage': (1000, 60), 'radio_dosage': (1000, 60), 'chemo_application': (1000, 60), 'radio_application': (1000, 60), 'chemo_probabilities': (1000, 60), 'radio_probabilities': (1000, 60), 'sequence_lengths': (1000,), 'death_flags': (1000, 60), 'recovery_flags': (1000, 60), 'patient_types': (1000,), 'prev_treatments': (1000, 59, 4), 'current_treatments': (1000, 59, 4), 'current_covariates': (1000, 59, 2), 'outputs': (1000, 59, 1), 'active_entries': (1000, 59, 1), 'unscaled_outputs': (1000, 59, 1), 'prev_outputs': (1000, 59, 1), 'static_features': (1000, 1)}
[2025-01-28 21:28:40,498][src.data.cancer_sim.dataset][INFO] - Processing test dataset before training
[2025-01-28 21:28:59,975][src.data.cancer_sim.dataset][INFO] - Shape of processed test data: {'cancer_volume': (215732, 60), 'chemo_application': (215732, 60), 'radio_application': (215732, 60), 'sequence_lengths': (215732,), 'patient_types': (215732,), 'prev_treatments': (215732, 59, 4), 'current_treatments': (215732, 59, 4), 'current_covariates': (215732, 59, 2), 'outputs': (215732, 59, 1), 'active_entries': (215732, 59, 1), 'unscaled_outputs': (215732, 59, 1), 'prev_outputs': (215732, 59, 1), 'static_features': (215732, 1)}
[2025-01-28 21:28:59,977][src.data.cancer_sim.dataset][INFO] - Processing test dataset before training
[2025-01-28 21:29:54,620][src.data.cancer_sim.dataset][INFO] - Shape of processed test data: {'cancer_volume': (576490, 65), 'chemo_application': (576490, 65), 'radio_application': (576490, 65), 'sequence_lengths': (576490,), 'patient_types': (576490,), 'patient_ids_all_trajectories': (576490,), 'patient_current_t': (576490,), 'prev_treatments': (576490, 64, 4), 'current_treatments': (576490, 64, 4), 'current_covariates': (576490, 64, 2), 'outputs': (576490, 64, 1), 'active_entries': (576490, 64, 1), 'unscaled_outputs': (576490, 64, 1), 'prev_outputs': (576490, 64, 1), 'static_features': (576490, 1)}
[2025-01-28 21:29:54,624][src.data.cancer_sim.dataset][INFO] - Processing test dataset before testing (multiple sequences)
[2025-01-28 21:30:02,711][src.data.cancer_sim.dataset][INFO] - Shape of processed test data: {'active_encoder_r': (576490, 59), 'prev_treatments': (576490, 5, 4), 'current_treatments': (576490, 5, 4), 'current_covariates': (576490, 5, 2), 'prev_outputs': (576490, 5, 1), 'static_features': (576490, 1), 'outputs': (576490, 5, 1), 'sequence_lengths': (576490,), 'active_entries': (576490, 5, 1), 'unscaled_outputs': (576490, 5, 1), 'patient_types': (576490,), 'patient_ids_all_trajectories': (576490,), 'patient_current_t': (576490,)}
[2025-01-28 21:30:05,383][src.models.ct][INFO] - Max input size of multi: 4
[2025-01-28 22:07:04,962][src.models.time_varying_model][INFO] - RMSE calculation for val.
[2025-01-28 22:07:04,964][src.models.time_varying_model][INFO] - Predictions for val.
[2025-01-28 22:07:05,830][__main__][INFO] - Val normalised RMSE (all): 0.5702672161581354; Val normalised RMSE (orig): 0.5653047553691563
[2025-01-28 22:07:05,830][src.models.time_varying_model][INFO] - RMSE calculation for test.
[2025-01-28 22:07:05,830][src.models.time_varying_model][INFO] - Predictions for test.
[2025-01-28 22:07:24,538][__main__][INFO] - Test normalised RMSE (all): 1.370642808340071; Test normalised RMSE (orig): 1.115411252767699; Test normalised RMSE (only counterfactual): 1.3396091001090205
[2025-01-28 22:07:24,584][src.models.time_varying_model][INFO] - RMSE calculation for test.
[2025-01-28 22:07:24,584][src.models.ct][INFO] - Autoregressive Prediction for test.
[2025-01-28 22:07:24,585][src.models.ct][INFO] - t = 1
[2025-01-28 22:07:24,585][src.models.time_varying_model][INFO] - Predictions for test.
[2025-01-28 22:08:26,981][src.models.ct][INFO] - t = 2
[2025-01-28 22:08:26,982][src.models.time_varying_model][INFO] - Predictions for test.
[2025-01-28 22:09:29,378][src.models.ct][INFO] - t = 3
[2025-01-28 22:09:29,379][src.models.time_varying_model][INFO] - Predictions for test.
[2025-01-28 22:10:31,759][src.models.ct][INFO] - t = 4
[2025-01-28 22:10:31,759][src.models.time_varying_model][INFO] - Predictions for test.
[2025-01-28 22:11:34,025][src.models.ct][INFO] - t = 5
[2025-01-28 22:11:34,025][src.models.time_varying_model][INFO] - Predictions for test.
[2025-01-28 22:12:35,987][src.models.ct][INFO] - t = 6
[2025-01-28 22:12:35,988][src.models.time_varying_model][INFO] - Predictions for test.
[2025-01-28 22:13:39,699][__main__][INFO] - Test normalised RMSE (n-step prediction): {'2-step': 0.9112814938348868, '3-step': 1.0231309430748754, '4-step': 1.1066605314214948, '5-step': 1.162006537319324, '6-step': 1.1996218968668857}
