[2025-01-27 19:02:47,876][__main__][INFO] - 
model:
  dim_treatments: 4
  dim_vitals: 0
  dim_static_features: 1
  dim_outcomes: 1
  name: CRN
  encoder:
    _target_: src.models.crn.CRNEncoder
    seq_hidden_units: 24
    br_size: 24
    fc_hidden_units: 96
    dropout_rate: 0.2
    num_layer: 1
    batch_size: 64
    optimizer:
      optimizer_cls: adam
      learning_rate: 0.001
      weight_decay: 0.0
      lr_scheduler: false
    tune_hparams: false
    tune_range: 50
    hparams_grid: null
    resources_per_trial: null
  train_decoder: true
  decoder:
    _target_: src.models.crn.CRNDecoder
    seq_hidden_units: null
    br_size: 24
    fc_hidden_units: 12
    dropout_rate: 0.1
    num_layer: 1
    batch_size: 1024
    optimizer:
      optimizer_cls: adam
      learning_rate: 0.001
      weight_decay: 0.0
      lr_scheduler: false
    tune_hparams: false
    tune_range: 30
    hparams_grid: null
    resources_per_trial: null
dataset:
  val_batch_size: 512
  treatment_mode: multiclass
  _target_: src.data.SyntheticCancerDatasetCollection
  name: tumor_generator
  coeff: 6.0
  chemo_coeff: 6.0
  radio_coeff: 6.0
  seed: 10
  random: true
  noise_percentage: 0.05
  num_patients:
    train: 10000
    val: 1000
    test: 1000
  window_size: 15
  lag: 0
  max_seq_length: 60
  projection_horizon: 5
  cf_seq_mode: sliding_treatment
exp:
  seed: 10
  gpus:
  - 0
  max_epochs: 10
  logging: true
  mlflow_uri: http://127.0.0.1:5000
  unscale_rmse: true
  percentage_rmse: true
  alpha: 0.01
  update_alpha: true
  alpha_rate: exp
  initial_balancing_method: grad_reverse
  final_balancing_method: grad_reverse
  bce_weight: false
  weights_ema: false
  beta: 0.99
  alpha_wass: 0.0001
  alpha_wass_epoch: false
  alpha_wass_growth: 0.001
  alpha_wass_max: 0.01
  balancing: grad_reverse
  balancing_switch_epoch: 9
  gap_epoch: 50
  clustering_method: GMM
  number_clusters: 2
  num_timepoints: 59
  checkpoint_dir: ./checkpoints/cancer/crn/random/6

[2025-01-27 19:02:47,889][root][INFO] - Simulating initial volumes for stage I  with norm params: mu=1.72, sigma=4.7, lb=-0.6221218732608373, ub=-0.023523848418276528
[2025-01-27 19:02:47,891][root][INFO] - Simulating initial volumes for stage II  with norm params: mu=1.96, sigma=1.63, lb=-1.9410876100159118, ub=0.3711345751297772
[2025-01-27 19:02:47,892][root][INFO] - Simulating initial volumes for stage IIIA  with norm params: mu=1.91, sigma=9.4, lb=-0.33127370258786554, ub=0.06967546355973796
[2025-01-27 19:02:47,892][root][INFO] - Simulating initial volumes for stage IIIB  with norm params: mu=2.76, sigma=6.87, lb=-0.5769974969906748, ub=-0.02839165102452155
[2025-01-27 19:02:47,895][root][INFO] - Simulating initial volumes for stage IV  with norm params: mu=3.86, sigma=8.82, lb=-0.5741465764541877, ub=-0.14683113860980307
[2025-01-27 19:02:47,904][root][INFO] - Got correlated params for 4658 patients
[2025-01-27 19:02:47,908][root][INFO] - Got correlated params for 9338 patients
[2025-01-27 19:02:47,913][root][INFO] - Got correlated params for 13912 patients
[2025-01-27 19:02:47,920][root][INFO] - Simulating beta_c parameters
[2025-01-27 19:02:47,925][root][INFO] - Randomising outputs
[2025-01-27 19:03:03,350][src.data.cancer_sim.dataset][INFO] - Processing train dataset before training
[2025-01-27 19:03:04,237][src.data.cancer_sim.dataset][INFO] - Shape of processed train data: {'cancer_volume': (10000, 60), 'chemo_dosage': (10000, 60), 'radio_dosage': (10000, 60), 'chemo_application': (10000, 60), 'radio_application': (10000, 60), 'chemo_probabilities': (10000, 60), 'radio_probabilities': (10000, 60), 'sequence_lengths': (10000,), 'death_flags': (10000, 60), 'recovery_flags': (10000, 60), 'patient_types': (10000,), 'prev_treatments': (10000, 59, 4), 'current_treatments': (10000, 59, 4), 'current_covariates': (10000, 59, 2), 'outputs': (10000, 59, 1), 'active_entries': (10000, 59, 1), 'unscaled_outputs': (10000, 59, 1), 'prev_outputs': (10000, 59, 1), 'static_features': (10000, 1)}
[2025-01-27 19:03:04,288][root][INFO] - Simulating initial volumes for stage I  with norm params: mu=1.72, sigma=4.7, lb=-0.6221218732608373, ub=-0.023523848418276528
[2025-01-27 19:03:04,289][root][INFO] - Simulating initial volumes for stage II  with norm params: mu=1.96, sigma=1.63, lb=-1.9410876100159118, ub=0.3711345751297772
[2025-01-27 19:03:04,289][root][INFO] - Simulating initial volumes for stage IIIA  with norm params: mu=1.91, sigma=9.4, lb=-0.33127370258786554, ub=0.06967546355973796
[2025-01-27 19:03:04,290][root][INFO] - Simulating initial volumes for stage IIIB  with norm params: mu=2.76, sigma=6.87, lb=-0.5769974969906748, ub=-0.02839165102452155
[2025-01-27 19:03:04,291][root][INFO] - Simulating initial volumes for stage IV  with norm params: mu=3.86, sigma=8.82, lb=-0.5741465764541877, ub=-0.14683113860980307
[2025-01-27 19:03:04,293][root][INFO] - Got correlated params for 455 patients
[2025-01-27 19:03:04,294][root][INFO] - Got correlated params for 905 patients
[2025-01-27 19:03:04,295][root][INFO] - Got correlated params for 1366 patients
[2025-01-27 19:03:04,296][root][INFO] - Simulating beta_c parameters
[2025-01-27 19:03:04,297][root][INFO] - Randomising outputs
[2025-01-27 19:03:05,826][root][INFO] - Simulating initial volumes for stage I  with norm params: mu=1.72, sigma=4.7, lb=-0.6221218732608373, ub=-0.023523848418276528
[2025-01-27 19:03:05,827][root][INFO] - Simulating initial volumes for stage II  with norm params: mu=1.96, sigma=1.63, lb=-1.9410876100159118, ub=0.3711345751297772
[2025-01-27 19:03:05,828][root][INFO] - Simulating initial volumes for stage IIIA  with norm params: mu=1.91, sigma=9.4, lb=-0.33127370258786554, ub=0.06967546355973796
[2025-01-27 19:03:05,828][root][INFO] - Simulating initial volumes for stage IIIB  with norm params: mu=2.76, sigma=6.87, lb=-0.5769974969906748, ub=-0.02839165102452155
[2025-01-27 19:03:05,829][root][INFO] - Simulating initial volumes for stage IV  with norm params: mu=3.86, sigma=8.82, lb=-0.5741465764541877, ub=-0.14683113860980307
[2025-01-27 19:03:05,831][root][INFO] - Got correlated params for 493 patients
[2025-01-27 19:03:05,831][root][INFO] - Got correlated params for 947 patients
[2025-01-27 19:03:05,832][root][INFO] - Got correlated params for 1403 patients
[2025-01-27 19:03:05,833][root][INFO] - Simulating beta_c parameters
[2025-01-27 19:03:05,834][root][INFO] - Randomising outputs
[2025-01-27 19:03:11,066][root][INFO] - Simulating initial volumes for stage I  with norm params: mu=1.72, sigma=4.7, lb=-0.6221218732608373, ub=-0.023523848418276528
[2025-01-27 19:03:11,067][root][INFO] - Simulating initial volumes for stage II  with norm params: mu=1.96, sigma=1.63, lb=-1.9410876100159118, ub=0.3711345751297772
[2025-01-27 19:03:11,068][root][INFO] - Simulating initial volumes for stage IIIA  with norm params: mu=1.91, sigma=9.4, lb=-0.33127370258786554, ub=0.06967546355973796
[2025-01-27 19:03:11,069][root][INFO] - Simulating initial volumes for stage IIIB  with norm params: mu=2.76, sigma=6.87, lb=-0.5769974969906748, ub=-0.02839165102452155
[2025-01-27 19:03:11,069][root][INFO] - Simulating initial volumes for stage IV  with norm params: mu=3.86, sigma=8.82, lb=-0.5741465764541877, ub=-0.14683113860980307
[2025-01-27 19:03:11,071][root][INFO] - Got correlated params for 445 patients
[2025-01-27 19:03:11,072][root][INFO] - Got correlated params for 895 patients
[2025-01-27 19:03:11,073][root][INFO] - Got correlated params for 1355 patients
[2025-01-27 19:03:11,074][root][INFO] - Simulating beta_c parameters
[2025-01-27 19:03:11,075][root][INFO] - Randomising outputs
[2025-01-27 19:03:36,408][src.data.cancer_sim.dataset][INFO] - train Dataset already processed
[2025-01-27 19:03:36,408][src.data.cancer_sim.dataset][INFO] - Processing val dataset before training
[2025-01-27 19:03:36,500][src.data.cancer_sim.dataset][INFO] - Shape of processed val data: {'cancer_volume': (1000, 60), 'chemo_dosage': (1000, 60), 'radio_dosage': (1000, 60), 'chemo_application': (1000, 60), 'radio_application': (1000, 60), 'chemo_probabilities': (1000, 60), 'radio_probabilities': (1000, 60), 'sequence_lengths': (1000,), 'death_flags': (1000, 60), 'recovery_flags': (1000, 60), 'patient_types': (1000,), 'prev_treatments': (1000, 59, 4), 'current_treatments': (1000, 59, 4), 'current_covariates': (1000, 59, 2), 'outputs': (1000, 59, 1), 'active_entries': (1000, 59, 1), 'unscaled_outputs': (1000, 59, 1), 'prev_outputs': (1000, 59, 1), 'static_features': (1000, 1)}
[2025-01-27 19:03:36,501][src.data.cancer_sim.dataset][INFO] - Processing test dataset before training
[2025-01-27 19:03:55,299][src.data.cancer_sim.dataset][INFO] - Shape of processed test data: {'cancer_volume': (212236, 60), 'chemo_application': (212236, 60), 'radio_application': (212236, 60), 'sequence_lengths': (212236,), 'patient_types': (212236,), 'prev_treatments': (212236, 59, 4), 'current_treatments': (212236, 59, 4), 'current_covariates': (212236, 59, 2), 'outputs': (212236, 59, 1), 'active_entries': (212236, 59, 1), 'unscaled_outputs': (212236, 59, 1), 'prev_outputs': (212236, 59, 1), 'static_features': (212236, 1)}
[2025-01-27 19:03:55,827][src.models.crn][INFO] - Input size of encoder: 6
[2025-01-27 19:04:54,885][src.models.time_varying_model][INFO] - RMSE calculation for val.
[2025-01-27 19:04:54,886][src.models.time_varying_model][INFO] - Predictions for val.
[2025-01-27 19:04:55,397][__main__][INFO] - Val normalised RMSE (all): 0.7270047998476927; Val normalised RMSE (orig): 0.7219846724053576
[2025-01-27 19:04:55,397][src.models.time_varying_model][INFO] - RMSE calculation for test.
[2025-01-27 19:04:55,398][src.models.time_varying_model][INFO] - Predictions for test.
[2025-01-27 19:05:08,856][__main__][INFO] - Test normalised RMSE (all): 3.019665311189947; Test normalised RMSE (orig): 2.6420129910763244; Test normalised RMSE (only counterfactual): 2.3667484799415464
[2025-01-27 19:05:08,914][src.models.crn][INFO] - Input size of decoder: 6
[2025-01-27 19:05:08,926][src.data.cancer_sim.dataset][INFO] - train Dataset already processed
[2025-01-27 19:05:08,927][src.data.cancer_sim.dataset][INFO] - val Dataset already processed
[2025-01-27 19:05:08,927][src.data.cancer_sim.dataset][INFO] - Processing test dataset before training
[2025-01-27 19:06:02,845][src.data.cancer_sim.dataset][INFO] - Shape of processed test data: {'cancer_volume': (576878, 65), 'chemo_application': (576878, 65), 'radio_application': (576878, 65), 'sequence_lengths': (576878,), 'patient_types': (576878,), 'patient_ids_all_trajectories': (576878,), 'patient_current_t': (576878,), 'prev_treatments': (576878, 64, 4), 'current_treatments': (576878, 64, 4), 'current_covariates': (576878, 64, 2), 'outputs': (576878, 64, 1), 'active_entries': (576878, 64, 1), 'unscaled_outputs': (576878, 64, 1), 'prev_outputs': (576878, 64, 1), 'static_features': (576878, 1)}
[2025-01-27 19:06:02,849][src.models.time_varying_model][INFO] - Balanced representations inference for train.
[2025-01-27 19:06:04,122][src.models.time_varying_model][INFO] - Balanced representations inference for val.
[2025-01-27 19:06:04,664][src.models.time_varying_model][INFO] - Balanced representations inference for test.
[2025-01-27 19:06:41,779][src.models.time_varying_model][INFO] - Predictions for test.
[2025-01-27 19:07:19,465][src.data.cancer_sim.dataset][INFO] - Processing train dataset before training (multiple sequences)
[2025-01-27 19:07:22,339][src.data.cancer_sim.dataset][INFO] - Shape of processed train data: {'init_state': (515994, 24), 'original_index': (515994,), 'active_encoder_r': (515994, 59), 'prev_treatments': (515994, 5, 4), 'current_treatments': (515994, 5, 4), 'current_covariates': (515994, 5, 2), 'prev_outputs': (515994, 5, 1), 'static_features': (515994, 1), 'outputs': (515994, 5, 1), 'sequence_lengths': (515994,), 'active_entries': (515994, 5, 1), 'unscaled_outputs': (515994, 5, 1)}
[2025-01-27 19:07:22,340][src.data.cancer_sim.dataset][INFO] - Processing val dataset before training (multiple sequences)
[2025-01-27 19:07:22,625][src.data.cancer_sim.dataset][INFO] - Shape of processed val data: {'init_state': (52068, 24), 'original_index': (52068,), 'active_encoder_r': (52068, 59), 'prev_treatments': (52068, 5, 4), 'current_treatments': (52068, 5, 4), 'current_covariates': (52068, 5, 2), 'prev_outputs': (52068, 5, 1), 'static_features': (52068, 1), 'outputs': (52068, 5, 1), 'sequence_lengths': (52068,), 'active_entries': (52068, 5, 1), 'unscaled_outputs': (52068, 5, 1)}
[2025-01-27 19:07:22,625][src.data.cancer_sim.dataset][INFO] - Processing test dataset before testing (multiple sequences)
[2025-01-27 19:07:30,722][src.data.cancer_sim.dataset][INFO] - Shape of processed test data: {'active_encoder_r': (576878, 59), 'prev_treatments': (576878, 5, 4), 'current_treatments': (576878, 5, 4), 'current_covariates': (576878, 5, 2), 'prev_outputs': (576878, 5, 1), 'static_features': (576878, 1), 'outputs': (576878, 5, 1), 'sequence_lengths': (576878,), 'active_entries': (576878, 5, 1), 'unscaled_outputs': (576878, 5, 1), 'patient_types': (576878,), 'patient_ids_all_trajectories': (576878,), 'patient_current_t': (576878,), 'init_state': (576878, 24)}
[2025-01-27 19:07:30,786][src.data.cancer_sim.dataset][INFO] - Processing test dataset before testing (autoregressive)
[2025-01-27 19:07:34,887][src.data.cancer_sim.dataset][INFO] - Shape of processed test data: {'current_covariates': (576878, 5, 2), 'prev_treatments': (576878, 5, 4), 'current_treatments': (576878, 5, 4), 'init_state': (576878, 24), 'active_encoder_r': (576878, 59), 'active_entries': (576878, 5, 1), 'prev_outputs': (576878, 5, 1), 'static_features': (576878, 1)}
[2025-01-27 19:11:40,947][src.models.time_varying_model][INFO] - RMSE calculation for val.
[2025-01-27 19:11:40,947][src.models.time_varying_model][INFO] - Predictions for val.
[2025-01-27 19:11:43,069][__main__][INFO] - Val normalised RMSE (all): 0.4062240996925034; Val normalised RMSE (orig): 0.406224099692504
[2025-01-27 19:11:43,069][src.models.time_varying_model][INFO] - RMSE calculation for test.
[2025-01-27 19:11:43,069][src.models.time_varying_model][INFO] - Autoregressive Prediction for test.
[2025-01-27 19:11:43,080][src.models.time_varying_model][INFO] - t = 2
[2025-01-27 19:11:43,081][src.models.time_varying_model][INFO] - Predictions for test.
[2025-01-27 19:11:58,582][src.models.time_varying_model][INFO] - t = 3
[2025-01-27 19:11:58,582][src.models.time_varying_model][INFO] - Predictions for test.
[2025-01-27 19:12:14,282][src.models.time_varying_model][INFO] - t = 4
[2025-01-27 19:12:14,282][src.models.time_varying_model][INFO] - Predictions for test.
[2025-01-27 19:12:29,692][src.models.time_varying_model][INFO] - t = 5
[2025-01-27 19:12:29,693][src.models.time_varying_model][INFO] - Predictions for test.
[2025-01-27 19:12:45,429][src.models.time_varying_model][INFO] - t = 6
[2025-01-27 19:12:45,429][src.models.time_varying_model][INFO] - Predictions for test.
[2025-01-27 19:13:02,307][__main__][INFO] - Test normalised RMSE (n-step prediction): {'2-step': 2.15909701505224, '3-step': 2.316019915354614, '4-step': 2.469062794559425, '5-step': 2.5405544073000734, '6-step': 2.522615282634465}
