[2025-01-29 20:09:54,261][__main__][INFO] - 
model:
  dim_treatments: 4
  dim_vitals: 0
  dim_static_features: 1
  dim_outcomes: 1
  name: RMSN
  propensity_treatment:
    _target_: src.models.rmsn.RMSNPropensityNetworkTreatment
    seq_hidden_units: 8
    dropout_rate: 0.2
    num_layer: 1
    batch_size: 256
    max_grad_norm: 2.0
    optimizer:
      optimizer_cls: adam
      learning_rate: 0.01
      weight_decay: 0.0
      lr_scheduler: false
    tune_hparams: false
    tune_range: 50
    resources_per_trial: null
    hparams_grid: null
  propensity_history:
    _target_: src.models.rmsn.RMSNPropensityNetworkHistory
    seq_hidden_units: 16
    dropout_rate: 0.5
    num_layer: 1
    batch_size: 256
    max_grad_norm: 2.0
    optimizer:
      optimizer_cls: adam
      learning_rate: 0.01
      weight_decay: 0.0
      lr_scheduler: false
    tune_hparams: false
    tune_range: 50
    resources_per_trial: null
    hparams_grid: null
  encoder:
    _target_: src.models.rmsn.RMSNEncoder
    seq_hidden_units: 12
    dropout_rate: 0.1
    num_layer: 1
    batch_size: 256
    max_grad_norm: 0.5
    optimizer:
      optimizer_cls: adam
      learning_rate: 0.01
      weight_decay: 0.0
      lr_scheduler: false
    tune_hparams: false
    tune_range: 50
    resources_per_trial: null
    hparams_grid: null
  train_decoder: true
  decoder:
    _target_: src.models.rmsn.RMSNDecoder
    seq_hidden_units: 64
    dropout_rate: 0.2
    num_layer: 1
    batch_size: 1024
    max_grad_norm: 4.0
    optimizer:
      optimizer_cls: adam
      learning_rate: 0.01
      weight_decay: 0.0
      lr_scheduler: false
    tune_hparams: false
    tune_range: 20
    resources_per_trial: null
dataset:
  val_batch_size: 512
  treatment_mode: multilabel
  _target_: src.data.SyntheticCancerDatasetCollection
  name: tumor_generator
  coeff: 6.0
  chemo_coeff: 6.0
  radio_coeff: 6.0
  seed: 10
  random: false
  noise_percentage: 0.0
  num_patients:
    train: 10000
    val: 1000
    test: 1000
  window_size: 15
  lag: 0
  max_seq_length: 60
  projection_horizon: 5
  cf_seq_mode: sliding_treatment
exp:
  seed: 10
  gpus:
  - 0
  max_epochs: 50
  logging: true
  mlflow_uri: http://127.0.0.1:5000
  unscale_rmse: true
  percentage_rmse: true
  alpha: 1.0
  update_alpha: false
  alpha_rate: exp
  initial_balancing_method: null
  final_balancing_method: null
  bce_weight: false
  weights_ema: true
  beta: 0.99
  alpha_wass: 0.0001
  alpha_wass_epoch: false
  alpha_wass_growth: 0.001
  alpha_wass_max: 0.01

[2025-01-29 20:09:54,275][root][INFO] - Simulating initial volumes for stage I  with norm params: mu=1.72, sigma=4.7, lb=-0.6221218732608373, ub=-0.023523848418276528
[2025-01-29 20:09:54,281][root][INFO] - Simulating initial volumes for stage II  with norm params: mu=1.96, sigma=1.63, lb=-1.9410876100159118, ub=0.3711345751297772
[2025-01-29 20:09:54,282][root][INFO] - Simulating initial volumes for stage IIIA  with norm params: mu=1.91, sigma=9.4, lb=-0.33127370258786554, ub=0.06967546355973796
[2025-01-29 20:09:54,283][root][INFO] - Simulating initial volumes for stage IIIB  with norm params: mu=2.76, sigma=6.87, lb=-0.5769974969906748, ub=-0.02839165102452155
[2025-01-29 20:09:54,285][root][INFO] - Simulating initial volumes for stage IV  with norm params: mu=3.86, sigma=8.82, lb=-0.5741465764541877, ub=-0.14683113860980307
[2025-01-29 20:09:54,309][root][INFO] - Got correlated params for 4658 patients
[2025-01-29 20:09:54,313][root][INFO] - Got correlated params for 9338 patients
[2025-01-29 20:09:54,318][root][INFO] - Got correlated params for 13912 patients
[2025-01-29 20:09:54,326][root][INFO] - Simulating beta_c parameters
[2025-01-29 20:09:54,331][root][INFO] - Randomising outputs
[2025-01-29 20:10:09,019][root][INFO] - Simulating initial volumes for stage I  with norm params: mu=1.72, sigma=4.7, lb=-0.6221218732608373, ub=-0.023523848418276528
[2025-01-29 20:10:09,021][root][INFO] - Simulating initial volumes for stage II  with norm params: mu=1.96, sigma=1.63, lb=-1.9410876100159118, ub=0.3711345751297772
[2025-01-29 20:10:09,022][root][INFO] - Simulating initial volumes for stage IIIA  with norm params: mu=1.91, sigma=9.4, lb=-0.33127370258786554, ub=0.06967546355973796
[2025-01-29 20:10:09,022][root][INFO] - Simulating initial volumes for stage IIIB  with norm params: mu=2.76, sigma=6.87, lb=-0.5769974969906748, ub=-0.02839165102452155
[2025-01-29 20:10:09,023][root][INFO] - Simulating initial volumes for stage IV  with norm params: mu=3.86, sigma=8.82, lb=-0.5741465764541877, ub=-0.14683113860980307
[2025-01-29 20:10:09,025][root][INFO] - Got correlated params for 464 patients
[2025-01-29 20:10:09,026][root][INFO] - Got correlated params for 942 patients
[2025-01-29 20:10:09,027][root][INFO] - Got correlated params for 1398 patients
[2025-01-29 20:10:09,028][root][INFO] - Simulating beta_c parameters
[2025-01-29 20:10:09,029][root][INFO] - Randomising outputs
[2025-01-29 20:10:10,478][root][INFO] - Simulating initial volumes for stage I  with norm params: mu=1.72, sigma=4.7, lb=-0.6221218732608373, ub=-0.023523848418276528
[2025-01-29 20:10:10,479][root][INFO] - Simulating initial volumes for stage II  with norm params: mu=1.96, sigma=1.63, lb=-1.9410876100159118, ub=0.3711345751297772
[2025-01-29 20:10:10,479][root][INFO] - Simulating initial volumes for stage IIIA  with norm params: mu=1.91, sigma=9.4, lb=-0.33127370258786554, ub=0.06967546355973796
[2025-01-29 20:10:10,480][root][INFO] - Simulating initial volumes for stage IIIB  with norm params: mu=2.76, sigma=6.87, lb=-0.5769974969906748, ub=-0.02839165102452155
[2025-01-29 20:10:10,480][root][INFO] - Simulating initial volumes for stage IV  with norm params: mu=3.86, sigma=8.82, lb=-0.5741465764541877, ub=-0.14683113860980307
[2025-01-29 20:10:10,482][root][INFO] - Got correlated params for 491 patients
[2025-01-29 20:10:10,483][root][INFO] - Got correlated params for 936 patients
[2025-01-29 20:10:10,484][root][INFO] - Got correlated params for 1396 patients
[2025-01-29 20:10:10,485][root][INFO] - Simulating beta_c parameters
[2025-01-29 20:10:10,486][root][INFO] - Randomising outputs
[2025-01-29 20:10:15,842][root][INFO] - Simulating initial volumes for stage I  with norm params: mu=1.72, sigma=4.7, lb=-0.6221218732608373, ub=-0.023523848418276528
[2025-01-29 20:10:15,843][root][INFO] - Simulating initial volumes for stage II  with norm params: mu=1.96, sigma=1.63, lb=-1.9410876100159118, ub=0.3711345751297772
[2025-01-29 20:10:15,844][root][INFO] - Simulating initial volumes for stage IIIA  with norm params: mu=1.91, sigma=9.4, lb=-0.33127370258786554, ub=0.06967546355973796
[2025-01-29 20:10:15,844][root][INFO] - Simulating initial volumes for stage IIIB  with norm params: mu=2.76, sigma=6.87, lb=-0.5769974969906748, ub=-0.02839165102452155
[2025-01-29 20:10:15,845][root][INFO] - Simulating initial volumes for stage IV  with norm params: mu=3.86, sigma=8.82, lb=-0.5741465764541877, ub=-0.14683113860980307
[2025-01-29 20:10:15,847][root][INFO] - Got correlated params for 434 patients
[2025-01-29 20:10:15,848][root][INFO] - Got correlated params for 874 patients
[2025-01-29 20:10:15,849][root][INFO] - Got correlated params for 1357 patients
[2025-01-29 20:10:15,850][root][INFO] - Simulating beta_c parameters
[2025-01-29 20:10:15,851][root][INFO] - Randomising outputs
[2025-01-29 20:10:40,267][src.data.cancer_sim.dataset][INFO] - Processing train dataset before training
[2025-01-29 20:10:40,309][src.data.cancer_sim.dataset][INFO] - Shape of processed train data: {'cancer_volume': (10000, 60), 'chemo_dosage': (10000, 60), 'radio_dosage': (10000, 60), 'chemo_application': (10000, 60), 'radio_application': (10000, 60), 'chemo_probabilities': (10000, 60), 'radio_probabilities': (10000, 60), 'sequence_lengths': (10000,), 'death_flags': (10000, 60), 'recovery_flags': (10000, 60), 'patient_types': (10000,), 'prev_treatments': (10000, 59, 2), 'current_treatments': (10000, 59, 2), 'current_covariates': (10000, 59, 2), 'outputs': (10000, 59, 1), 'active_entries': (10000, 59, 1), 'unscaled_outputs': (10000, 59, 1), 'prev_outputs': (10000, 59, 1), 'static_features': (10000, 1)}
[2025-01-29 20:10:40,309][src.data.cancer_sim.dataset][INFO] - Processing val dataset before training
[2025-01-29 20:10:40,313][src.data.cancer_sim.dataset][INFO] - Shape of processed val data: {'cancer_volume': (1000, 60), 'chemo_dosage': (1000, 60), 'radio_dosage': (1000, 60), 'chemo_application': (1000, 60), 'radio_application': (1000, 60), 'chemo_probabilities': (1000, 60), 'radio_probabilities': (1000, 60), 'sequence_lengths': (1000,), 'death_flags': (1000, 60), 'recovery_flags': (1000, 60), 'patient_types': (1000,), 'prev_treatments': (1000, 59, 2), 'current_treatments': (1000, 59, 2), 'current_covariates': (1000, 59, 2), 'outputs': (1000, 59, 1), 'active_entries': (1000, 59, 1), 'unscaled_outputs': (1000, 59, 1), 'prev_outputs': (1000, 59, 1), 'static_features': (1000, 1)}
[2025-01-29 20:10:40,313][src.data.cancer_sim.dataset][INFO] - Processing test dataset before training
[2025-01-29 20:10:41,030][src.data.cancer_sim.dataset][INFO] - Shape of processed test data: {'cancer_volume': (224868, 60), 'chemo_application': (224868, 60), 'radio_application': (224868, 60), 'sequence_lengths': (224868,), 'patient_types': (224868,), 'prev_treatments': (224868, 59, 2), 'current_treatments': (224868, 59, 2), 'current_covariates': (224868, 59, 2), 'outputs': (224868, 59, 1), 'active_entries': (224868, 59, 1), 'unscaled_outputs': (224868, 59, 1), 'prev_outputs': (224868, 59, 1), 'static_features': (224868, 1)}
[2025-01-29 20:10:41,043][src.models.rmsn][INFO] - Input size of propensity_treatment: 2
[2025-01-29 20:11:55,417][src.models.time_varying_model][INFO] - BCE calculation for val.
[2025-01-29 20:11:55,417][src.models.rmsn][INFO] - Propensity scores for val.
[2025-01-29 20:11:55,833][__main__][INFO] - Val normalised BCE (all): 0.740021653186869; Val normalised RMSE (orig): 0.7400253709279947
[2025-01-29 20:11:55,834][src.models.time_varying_model][INFO] - BCE calculation for test.
[2025-01-29 20:11:55,834][src.models.rmsn][INFO] - Propensity scores for test.
[2025-01-29 20:12:06,435][__main__][INFO] - Test normalised RMSE (all): 0.7320468254347166; Test normalised RMSE (orig): 0.7302370127251433.
[2025-01-29 20:12:06,477][src.models.rmsn][INFO] - Input size of propensity_history: 4
[2025-01-29 20:13:09,993][src.models.time_varying_model][INFO] - BCE calculation for val.
[2025-01-29 20:13:09,994][src.models.rmsn][INFO] - Propensity scores for val.
[2025-01-29 20:13:10,430][__main__][INFO] - Val normalised BCE (all): 0.7292690968798909; Val normalised RMSE (orig): 0.7292830698587839
[2025-01-29 20:13:10,430][src.models.time_varying_model][INFO] - BCE calculation for test.
[2025-01-29 20:13:10,430][src.models.rmsn][INFO] - Propensity scores for test.
[2025-01-29 20:13:21,285][__main__][INFO] - Test normalised BCE (all): 0.770793829197508; Test normalised BCE (orig): 0.7729393581251529.
[2025-01-29 20:13:21,327][src.models.rmsn][INFO] - Input size of encoder: 4
[2025-01-29 20:13:21,340][src.models.rmsn][INFO] - Propensity scores for train.
[2025-01-29 20:13:22,280][src.models.rmsn][INFO] - Propensity scores for train.
[2025-01-29 20:14:34,718][src.models.time_varying_model][INFO] - RMSE calculation for val.
[2025-01-29 20:14:34,719][src.models.rmsn][INFO] - Predictions for val.
[2025-01-29 20:14:35,092][__main__][INFO] - Val normalised RMSE (all): 0.6617222530017292; Val normalised RMSE (orig): 0.653106203188389
[2025-01-29 20:14:35,092][src.models.time_varying_model][INFO] - RMSE calculation for test.
[2025-01-29 20:14:35,092][src.models.rmsn][INFO] - Predictions for test.
[2025-01-29 20:14:47,251][__main__][INFO] - Test normalised RMSE (all): 1.1066410902966253; Test normalised RMSE (orig): 0.9401080757952176; Test normalised RMSE (only counterfactual): 1.8887656408130549
[2025-01-29 20:14:47,301][src.models.rmsn][INFO] - Input size of decoder: 4
[2025-01-29 20:14:47,314][src.data.cancer_sim.dataset][INFO] - train Dataset already processed
[2025-01-29 20:14:47,315][src.data.cancer_sim.dataset][INFO] - val Dataset already processed
[2025-01-29 20:14:47,315][src.data.cancer_sim.dataset][INFO] - Processing test dataset before training
[2025-01-29 20:14:49,494][src.data.cancer_sim.dataset][INFO] - Shape of processed test data: {'cancer_volume': (548744, 65), 'chemo_application': (548744, 65), 'radio_application': (548744, 65), 'sequence_lengths': (548744,), 'patient_types': (548744,), 'patient_ids_all_trajectories': (548744,), 'patient_current_t': (548744,), 'prev_treatments': (548744, 64, 2), 'current_treatments': (548744, 64, 2), 'current_covariates': (548744, 64, 2), 'outputs': (548744, 64, 1), 'active_entries': (548744, 64, 1), 'unscaled_outputs': (548744, 64, 1), 'prev_outputs': (548744, 64, 1), 'static_features': (548744, 1)}
[2025-01-29 20:14:49,496][src.models.rmsn][INFO] - Representations inference for train.
[2025-01-29 20:14:50,535][src.models.rmsn][INFO] - Representations inference for val.
[2025-01-29 20:14:50,914][src.models.rmsn][INFO] - Representations inference for test.
[2025-01-29 20:15:18,334][src.models.rmsn][INFO] - Predictions for test.
