[2025-01-28 19:52:31,680][__main__][INFO] - 
model:
  dim_treatments: 4
  dim_vitals: 0
  dim_static_features: 1
  dim_outcomes: 1
  name: CRN
  encoder:
    _target_: src.models.crn.CRNEncoder
    seq_hidden_units: 24
    br_size: 24
    fc_hidden_units: 96
    dropout_rate: 0.2
    num_layer: 1
    batch_size: 64
    optimizer:
      optimizer_cls: adam
      learning_rate: 0.001
      weight_decay: 0.0
      lr_scheduler: false
    tune_hparams: false
    tune_range: 50
    hparams_grid: null
    resources_per_trial: null
  train_decoder: true
  decoder:
    _target_: src.models.crn.CRNDecoder
    seq_hidden_units: null
    br_size: 24
    fc_hidden_units: 12
    dropout_rate: 0.1
    num_layer: 1
    batch_size: 1024
    optimizer:
      optimizer_cls: adam
      learning_rate: 0.001
      weight_decay: 0.0
      lr_scheduler: false
    tune_hparams: false
    tune_range: 30
    hparams_grid: null
    resources_per_trial: null
dataset:
  val_batch_size: 512
  treatment_mode: multiclass
  _target_: src.data.SyntheticCancerDatasetCollection
  name: tumor_generator
  coeff: 6.0
  chemo_coeff: 6.0
  radio_coeff: 6.0
  seed: 10
  random: true
  noise_percentage: 0.05
  num_patients:
    train: 10000
    val: 1000
    test: 1000
  window_size: 15
  lag: 0
  max_seq_length: 60
  projection_horizon: 5
  cf_seq_mode: sliding_treatment
exp:
  seed: 10
  gpus:
  - 0
  max_epochs: 120
  logging: true
  mlflow_uri: http://127.0.0.1:5000
  unscale_rmse: true
  percentage_rmse: true
  alpha: 0.01
  update_alpha: true
  alpha_rate: exp
  initial_balancing_method: grad_reverse
  final_balancing_method: subgroup
  bce_weight: false
  weights_ema: false
  beta: 0.99
  alpha_wass: 0.0001
  alpha_wass_epoch: false
  alpha_wass_growth: 0.001
  alpha_wass_max: 0.01
  balancing: grad_reverse
  balancing_switch_epoch: 99
  gap_epoch: 5
  clustering_method: GMM
  number_clusters: 2
  num_timepoints: 59
  checkpoint_dir: ./checkpoints/cancer/crn/random_SGA/6

[2025-01-28 19:52:31,702][root][INFO] - Simulating initial volumes for stage I  with norm params: mu=1.72, sigma=4.7, lb=-0.6221218732608373, ub=-0.023523848418276528
[2025-01-28 19:52:31,709][root][INFO] - Simulating initial volumes for stage II  with norm params: mu=1.96, sigma=1.63, lb=-1.9410876100159118, ub=0.3711345751297772
[2025-01-28 19:52:31,710][root][INFO] - Simulating initial volumes for stage IIIA  with norm params: mu=1.91, sigma=9.4, lb=-0.33127370258786554, ub=0.06967546355973796
[2025-01-28 19:52:31,711][root][INFO] - Simulating initial volumes for stage IIIB  with norm params: mu=2.76, sigma=6.87, lb=-0.5769974969906748, ub=-0.02839165102452155
[2025-01-28 19:52:31,714][root][INFO] - Simulating initial volumes for stage IV  with norm params: mu=3.86, sigma=8.82, lb=-0.5741465764541877, ub=-0.14683113860980307
[2025-01-28 19:52:31,735][root][INFO] - Got correlated params for 4658 patients
[2025-01-28 19:52:31,739][root][INFO] - Got correlated params for 9338 patients
[2025-01-28 19:52:31,744][root][INFO] - Got correlated params for 13912 patients
[2025-01-28 19:52:31,752][root][INFO] - Simulating beta_c parameters
[2025-01-28 19:52:31,757][root][INFO] - Randomising outputs
[2025-01-28 19:52:47,060][src.data.cancer_sim.dataset][INFO] - Processing train dataset before training
[2025-01-28 19:52:47,962][src.data.cancer_sim.dataset][INFO] - Shape of processed train data: {'cancer_volume': (10000, 60), 'chemo_dosage': (10000, 60), 'radio_dosage': (10000, 60), 'chemo_application': (10000, 60), 'radio_application': (10000, 60), 'chemo_probabilities': (10000, 60), 'radio_probabilities': (10000, 60), 'sequence_lengths': (10000,), 'death_flags': (10000, 60), 'recovery_flags': (10000, 60), 'patient_types': (10000,), 'prev_treatments': (10000, 59, 4), 'current_treatments': (10000, 59, 4), 'current_covariates': (10000, 59, 2), 'outputs': (10000, 59, 1), 'active_entries': (10000, 59, 1), 'unscaled_outputs': (10000, 59, 1), 'prev_outputs': (10000, 59, 1), 'static_features': (10000, 1)}
[2025-01-28 19:52:48,012][root][INFO] - Simulating initial volumes for stage I  with norm params: mu=1.72, sigma=4.7, lb=-0.6221218732608373, ub=-0.023523848418276528
[2025-01-28 19:52:48,014][root][INFO] - Simulating initial volumes for stage II  with norm params: mu=1.96, sigma=1.63, lb=-1.9410876100159118, ub=0.3711345751297772
[2025-01-28 19:52:48,014][root][INFO] - Simulating initial volumes for stage IIIA  with norm params: mu=1.91, sigma=9.4, lb=-0.33127370258786554, ub=0.06967546355973796
[2025-01-28 19:52:48,015][root][INFO] - Simulating initial volumes for stage IIIB  with norm params: mu=2.76, sigma=6.87, lb=-0.5769974969906748, ub=-0.02839165102452155
[2025-01-28 19:52:48,016][root][INFO] - Simulating initial volumes for stage IV  with norm params: mu=3.86, sigma=8.82, lb=-0.5741465764541877, ub=-0.14683113860980307
[2025-01-28 19:52:48,018][root][INFO] - Got correlated params for 455 patients
[2025-01-28 19:52:48,019][root][INFO] - Got correlated params for 905 patients
[2025-01-28 19:52:48,020][root][INFO] - Got correlated params for 1366 patients
[2025-01-28 19:52:48,021][root][INFO] - Simulating beta_c parameters
[2025-01-28 19:52:48,022][root][INFO] - Randomising outputs
[2025-01-28 19:52:49,521][root][INFO] - Simulating initial volumes for stage I  with norm params: mu=1.72, sigma=4.7, lb=-0.6221218732608373, ub=-0.023523848418276528
[2025-01-28 19:52:49,522][root][INFO] - Simulating initial volumes for stage II  with norm params: mu=1.96, sigma=1.63, lb=-1.9410876100159118, ub=0.3711345751297772
[2025-01-28 19:52:49,523][root][INFO] - Simulating initial volumes for stage IIIA  with norm params: mu=1.91, sigma=9.4, lb=-0.33127370258786554, ub=0.06967546355973796
[2025-01-28 19:52:49,523][root][INFO] - Simulating initial volumes for stage IIIB  with norm params: mu=2.76, sigma=6.87, lb=-0.5769974969906748, ub=-0.02839165102452155
[2025-01-28 19:52:49,524][root][INFO] - Simulating initial volumes for stage IV  with norm params: mu=3.86, sigma=8.82, lb=-0.5741465764541877, ub=-0.14683113860980307
[2025-01-28 19:52:49,526][root][INFO] - Got correlated params for 493 patients
[2025-01-28 19:52:49,527][root][INFO] - Got correlated params for 947 patients
[2025-01-28 19:52:49,528][root][INFO] - Got correlated params for 1403 patients
[2025-01-28 19:52:49,529][root][INFO] - Simulating beta_c parameters
[2025-01-28 19:52:49,530][root][INFO] - Randomising outputs
[2025-01-28 19:52:54,693][root][INFO] - Simulating initial volumes for stage I  with norm params: mu=1.72, sigma=4.7, lb=-0.6221218732608373, ub=-0.023523848418276528
[2025-01-28 19:52:54,694][root][INFO] - Simulating initial volumes for stage II  with norm params: mu=1.96, sigma=1.63, lb=-1.9410876100159118, ub=0.3711345751297772
[2025-01-28 19:52:54,695][root][INFO] - Simulating initial volumes for stage IIIA  with norm params: mu=1.91, sigma=9.4, lb=-0.33127370258786554, ub=0.06967546355973796
[2025-01-28 19:52:54,696][root][INFO] - Simulating initial volumes for stage IIIB  with norm params: mu=2.76, sigma=6.87, lb=-0.5769974969906748, ub=-0.02839165102452155
[2025-01-28 19:52:54,696][root][INFO] - Simulating initial volumes for stage IV  with norm params: mu=3.86, sigma=8.82, lb=-0.5741465764541877, ub=-0.14683113860980307
[2025-01-28 19:52:54,698][root][INFO] - Got correlated params for 445 patients
[2025-01-28 19:52:54,699][root][INFO] - Got correlated params for 895 patients
[2025-01-28 19:52:54,700][root][INFO] - Got correlated params for 1355 patients
[2025-01-28 19:52:54,701][root][INFO] - Simulating beta_c parameters
[2025-01-28 19:52:54,702][root][INFO] - Randomising outputs
[2025-01-28 19:53:20,178][src.data.cancer_sim.dataset][INFO] - train Dataset already processed
[2025-01-28 19:53:20,179][src.data.cancer_sim.dataset][INFO] - Processing val dataset before training
[2025-01-28 19:53:20,270][src.data.cancer_sim.dataset][INFO] - Shape of processed val data: {'cancer_volume': (1000, 60), 'chemo_dosage': (1000, 60), 'radio_dosage': (1000, 60), 'chemo_application': (1000, 60), 'radio_application': (1000, 60), 'chemo_probabilities': (1000, 60), 'radio_probabilities': (1000, 60), 'sequence_lengths': (1000,), 'death_flags': (1000, 60), 'recovery_flags': (1000, 60), 'patient_types': (1000,), 'prev_treatments': (1000, 59, 4), 'current_treatments': (1000, 59, 4), 'current_covariates': (1000, 59, 2), 'outputs': (1000, 59, 1), 'active_entries': (1000, 59, 1), 'unscaled_outputs': (1000, 59, 1), 'prev_outputs': (1000, 59, 1), 'static_features': (1000, 1)}
[2025-01-28 19:53:20,270][src.data.cancer_sim.dataset][INFO] - Processing test dataset before training
[2025-01-28 19:53:39,064][src.data.cancer_sim.dataset][INFO] - Shape of processed test data: {'cancer_volume': (212236, 60), 'chemo_application': (212236, 60), 'radio_application': (212236, 60), 'sequence_lengths': (212236,), 'patient_types': (212236,), 'prev_treatments': (212236, 59, 4), 'current_treatments': (212236, 59, 4), 'current_covariates': (212236, 59, 2), 'outputs': (212236, 59, 1), 'active_entries': (212236, 59, 1), 'unscaled_outputs': (212236, 59, 1), 'prev_outputs': (212236, 59, 1), 'static_features': (212236, 1)}
[2025-01-28 19:53:39,625][src.models.crn][INFO] - Input size of encoder: 6
[2025-01-28 20:47:31,925][src.models.time_varying_model][INFO] - RMSE calculation for val.
[2025-01-28 20:47:31,927][src.models.time_varying_model][INFO] - Predictions for val.
[2025-01-28 20:47:32,487][__main__][INFO] - Val normalised RMSE (all): 0.6232476552215251; Val normalised RMSE (orig): 0.6187754469015909
[2025-01-28 20:47:32,487][src.models.time_varying_model][INFO] - RMSE calculation for test.
[2025-01-28 20:47:32,487][src.models.time_varying_model][INFO] - Predictions for test.
[2025-01-28 20:47:45,985][__main__][INFO] - Test normalised RMSE (all): 1.8283518718108362; Test normalised RMSE (orig): 1.6064682607982266; Test normalised RMSE (only counterfactual): 1.808113168100868
[2025-01-28 20:47:46,051][src.models.crn][INFO] - Input size of decoder: 6
[2025-01-28 20:47:46,071][src.data.cancer_sim.dataset][INFO] - train Dataset already processed
[2025-01-28 20:47:46,072][src.data.cancer_sim.dataset][INFO] - val Dataset already processed
[2025-01-28 20:47:46,072][src.data.cancer_sim.dataset][INFO] - Processing test dataset before training
[2025-01-28 20:48:40,453][src.data.cancer_sim.dataset][INFO] - Shape of processed test data: {'cancer_volume': (576878, 65), 'chemo_application': (576878, 65), 'radio_application': (576878, 65), 'sequence_lengths': (576878,), 'patient_types': (576878,), 'patient_ids_all_trajectories': (576878,), 'patient_current_t': (576878,), 'prev_treatments': (576878, 64, 4), 'current_treatments': (576878, 64, 4), 'current_covariates': (576878, 64, 2), 'outputs': (576878, 64, 1), 'active_entries': (576878, 64, 1), 'unscaled_outputs': (576878, 64, 1), 'prev_outputs': (576878, 64, 1), 'static_features': (576878, 1)}
[2025-01-28 20:48:40,456][src.models.time_varying_model][INFO] - Balanced representations inference for train.
[2025-01-28 20:48:41,746][src.models.time_varying_model][INFO] - Balanced representations inference for val.
[2025-01-28 20:48:42,302][src.models.time_varying_model][INFO] - Balanced representations inference for test.
[2025-01-28 20:49:18,270][src.models.time_varying_model][INFO] - Predictions for test.
[2025-01-28 20:49:58,679][src.data.cancer_sim.dataset][INFO] - Processing train dataset before training (multiple sequences)
[2025-01-28 20:50:01,368][src.data.cancer_sim.dataset][INFO] - Shape of processed train data: {'init_state': (515994, 24), 'original_index': (515994,), 'active_encoder_r': (515994, 59), 'prev_treatments': (515994, 5, 4), 'current_treatments': (515994, 5, 4), 'current_covariates': (515994, 5, 2), 'prev_outputs': (515994, 5, 1), 'static_features': (515994, 1), 'outputs': (515994, 5, 1), 'sequence_lengths': (515994,), 'active_entries': (515994, 5, 1), 'unscaled_outputs': (515994, 5, 1)}
[2025-01-28 20:50:01,370][src.data.cancer_sim.dataset][INFO] - Processing val dataset before training (multiple sequences)
[2025-01-28 20:50:01,642][src.data.cancer_sim.dataset][INFO] - Shape of processed val data: {'init_state': (52068, 24), 'original_index': (52068,), 'active_encoder_r': (52068, 59), 'prev_treatments': (52068, 5, 4), 'current_treatments': (52068, 5, 4), 'current_covariates': (52068, 5, 2), 'prev_outputs': (52068, 5, 1), 'static_features': (52068, 1), 'outputs': (52068, 5, 1), 'sequence_lengths': (52068,), 'active_entries': (52068, 5, 1), 'unscaled_outputs': (52068, 5, 1)}
[2025-01-28 20:50:01,643][src.data.cancer_sim.dataset][INFO] - Processing test dataset before testing (multiple sequences)
[2025-01-28 20:50:09,270][src.data.cancer_sim.dataset][INFO] - Shape of processed test data: {'active_encoder_r': (576878, 59), 'prev_treatments': (576878, 5, 4), 'current_treatments': (576878, 5, 4), 'current_covariates': (576878, 5, 2), 'prev_outputs': (576878, 5, 1), 'static_features': (576878, 1), 'outputs': (576878, 5, 1), 'sequence_lengths': (576878,), 'active_entries': (576878, 5, 1), 'unscaled_outputs': (576878, 5, 1), 'patient_types': (576878,), 'patient_ids_all_trajectories': (576878,), 'patient_current_t': (576878,), 'init_state': (576878, 24)}
[2025-01-28 20:50:09,329][src.data.cancer_sim.dataset][INFO] - Processing test dataset before testing (autoregressive)
[2025-01-28 20:50:13,887][src.data.cancer_sim.dataset][INFO] - Shape of processed test data: {'current_covariates': (576878, 5, 2), 'prev_treatments': (576878, 5, 4), 'current_treatments': (576878, 5, 4), 'init_state': (576878, 24), 'active_encoder_r': (576878, 59), 'active_entries': (576878, 5, 1), 'prev_outputs': (576878, 5, 1), 'static_features': (576878, 1)}
[2025-01-28 21:38:26,710][src.models.time_varying_model][INFO] - RMSE calculation for val.
[2025-01-28 21:38:26,711][src.models.time_varying_model][INFO] - Predictions for val.
[2025-01-28 21:38:28,923][__main__][INFO] - Val normalised RMSE (all): 0.33683612123495094; Val normalised RMSE (orig): 0.3368361212349508
[2025-01-28 21:38:28,923][src.models.time_varying_model][INFO] - RMSE calculation for test.
[2025-01-28 21:38:28,923][src.models.time_varying_model][INFO] - Autoregressive Prediction for test.
[2025-01-28 21:38:28,935][src.models.time_varying_model][INFO] - t = 2
[2025-01-28 21:38:28,936][src.models.time_varying_model][INFO] - Predictions for test.
[2025-01-28 21:38:44,629][src.models.time_varying_model][INFO] - t = 3
[2025-01-28 21:38:44,629][src.models.time_varying_model][INFO] - Predictions for test.
[2025-01-28 21:39:00,628][src.models.time_varying_model][INFO] - t = 4
[2025-01-28 21:39:00,628][src.models.time_varying_model][INFO] - Predictions for test.
[2025-01-28 21:39:16,506][src.models.time_varying_model][INFO] - t = 5
[2025-01-28 21:39:16,507][src.models.time_varying_model][INFO] - Predictions for test.
[2025-01-28 21:39:32,397][src.models.time_varying_model][INFO] - t = 6
[2025-01-28 21:39:32,398][src.models.time_varying_model][INFO] - Predictions for test.
[2025-01-28 21:39:49,723][__main__][INFO] - Test normalised RMSE (n-step prediction): {'2-step': 1.3080185536828084, '3-step': 1.404096010347064, '4-step': 1.4780059599740296, '5-step': 1.4966098216308534, '6-step': 1.4796730569252183}
