[2025-01-30 06:42:06,689][__main__][INFO] - 
model:
  dim_treatments: 4
  dim_vitals: 0
  dim_static_features: 1
  dim_outcomes: 1
  name: CT
  multi:
    _target_: src.models.ct.CT
    max_seq_length: 65
    seq_hidden_units: 12
    br_size: 16
    fc_hidden_units: 48
    dropout_rate: 0.1
    num_layer: 1
    num_heads: 2
    max_grad_norm: null
    batch_size: 1024
    attn_dropout: true
    disable_cross_attention: false
    isolate_subnetwork: _
    self_positional_encoding:
      absolute: false
      trainable: true
      max_relative_position: 15
    optimizer:
      optimizer_cls: adam
      learning_rate: 0.02
      weight_decay: 0.0
      lr_scheduler: false
    augment_with_masked_vitals: true
    tune_hparams: false
    tune_range: 50
    hparams_grid: null
    resources_per_trial: null
  self_positional_encoding:
    max_relative_position: 15
dataset:
  val_batch_size: 512
  treatment_mode: multiclass
  _target_: src.data.SyntheticCancerDatasetCollection
  name: tumor_generator
  coeff: 6.0
  chemo_coeff: 6.0
  radio_coeff: 6.0
  seed: 10
  random: false
  noise_percentage: 0.0
  num_patients:
    train: 10000
    val: 1000
    test: 1000
  window_size: 15
  lag: 0
  max_seq_length: 60
  projection_horizon: 5
  cf_seq_mode: sliding_treatment
exp:
  seed: 10
  gpus:
  - 0
  max_epochs: 120
  logging: true
  mlflow_uri: http://127.0.0.1:5000
  unscale_rmse: true
  percentage_rmse: true
  alpha: 0.01
  update_alpha: true
  alpha_rate: exp
  initial_balancing_method: domain_confusion
  final_balancing_method: subgroup
  bce_weight: false
  weights_ema: true
  beta: 0.99
  alpha_wass: 10
  alpha_wass_epoch: false
  alpha_wass_growth: 0.001
  alpha_wass_max: 0.01
  balancing_switch_epoch: 99
  clustering_method: GMM
  number_clusters: 3
  num_timepoints: 59
  gap_epoch: 10
  checkpoint_dir: ./checkpoints/cancer/ct/SGA/6

[2025-01-30 06:42:06,713][root][INFO] - Simulating initial volumes for stage I  with norm params: mu=1.72, sigma=4.7, lb=-0.6221218732608373, ub=-0.023523848418276528
[2025-01-30 06:42:06,722][root][INFO] - Simulating initial volumes for stage II  with norm params: mu=1.96, sigma=1.63, lb=-1.9410876100159118, ub=0.3711345751297772
[2025-01-30 06:42:06,723][root][INFO] - Simulating initial volumes for stage IIIA  with norm params: mu=1.91, sigma=9.4, lb=-0.33127370258786554, ub=0.06967546355973796
[2025-01-30 06:42:06,724][root][INFO] - Simulating initial volumes for stage IIIB  with norm params: mu=2.76, sigma=6.87, lb=-0.5769974969906748, ub=-0.02839165102452155
[2025-01-30 06:42:06,727][root][INFO] - Simulating initial volumes for stage IV  with norm params: mu=3.86, sigma=8.82, lb=-0.5741465764541877, ub=-0.14683113860980307
[2025-01-30 06:42:06,751][root][INFO] - Got correlated params for 4658 patients
[2025-01-30 06:42:06,756][root][INFO] - Got correlated params for 9338 patients
[2025-01-30 06:42:06,761][root][INFO] - Got correlated params for 13912 patients
[2025-01-30 06:42:06,769][root][INFO] - Simulating beta_c parameters
[2025-01-30 06:42:06,774][root][INFO] - Randomising outputs
[2025-01-30 06:42:21,701][root][INFO] - Simulating initial volumes for stage I  with norm params: mu=1.72, sigma=4.7, lb=-0.6221218732608373, ub=-0.023523848418276528
[2025-01-30 06:42:21,704][root][INFO] - Simulating initial volumes for stage II  with norm params: mu=1.96, sigma=1.63, lb=-1.9410876100159118, ub=0.3711345751297772
[2025-01-30 06:42:21,704][root][INFO] - Simulating initial volumes for stage IIIA  with norm params: mu=1.91, sigma=9.4, lb=-0.33127370258786554, ub=0.06967546355973796
[2025-01-30 06:42:21,705][root][INFO] - Simulating initial volumes for stage IIIB  with norm params: mu=2.76, sigma=6.87, lb=-0.5769974969906748, ub=-0.02839165102452155
[2025-01-30 06:42:21,706][root][INFO] - Simulating initial volumes for stage IV  with norm params: mu=3.86, sigma=8.82, lb=-0.5741465764541877, ub=-0.14683113860980307
[2025-01-30 06:42:21,708][root][INFO] - Got correlated params for 464 patients
[2025-01-30 06:42:21,709][root][INFO] - Got correlated params for 942 patients
[2025-01-30 06:42:21,710][root][INFO] - Got correlated params for 1398 patients
[2025-01-30 06:42:21,711][root][INFO] - Simulating beta_c parameters
[2025-01-30 06:42:21,712][root][INFO] - Randomising outputs
[2025-01-30 06:42:23,197][root][INFO] - Simulating initial volumes for stage I  with norm params: mu=1.72, sigma=4.7, lb=-0.6221218732608373, ub=-0.023523848418276528
[2025-01-30 06:42:23,198][root][INFO] - Simulating initial volumes for stage II  with norm params: mu=1.96, sigma=1.63, lb=-1.9410876100159118, ub=0.3711345751297772
[2025-01-30 06:42:23,199][root][INFO] - Simulating initial volumes for stage IIIA  with norm params: mu=1.91, sigma=9.4, lb=-0.33127370258786554, ub=0.06967546355973796
[2025-01-30 06:42:23,199][root][INFO] - Simulating initial volumes for stage IIIB  with norm params: mu=2.76, sigma=6.87, lb=-0.5769974969906748, ub=-0.02839165102452155
[2025-01-30 06:42:23,200][root][INFO] - Simulating initial volumes for stage IV  with norm params: mu=3.86, sigma=8.82, lb=-0.5741465764541877, ub=-0.14683113860980307
[2025-01-30 06:42:23,202][root][INFO] - Got correlated params for 491 patients
[2025-01-30 06:42:23,203][root][INFO] - Got correlated params for 936 patients
[2025-01-30 06:42:23,204][root][INFO] - Got correlated params for 1396 patients
[2025-01-30 06:42:23,205][root][INFO] - Simulating beta_c parameters
[2025-01-30 06:42:23,206][root][INFO] - Randomising outputs
[2025-01-30 06:42:28,529][root][INFO] - Simulating initial volumes for stage I  with norm params: mu=1.72, sigma=4.7, lb=-0.6221218732608373, ub=-0.023523848418276528
[2025-01-30 06:42:28,531][root][INFO] - Simulating initial volumes for stage II  with norm params: mu=1.96, sigma=1.63, lb=-1.9410876100159118, ub=0.3711345751297772
[2025-01-30 06:42:28,531][root][INFO] - Simulating initial volumes for stage IIIA  with norm params: mu=1.91, sigma=9.4, lb=-0.33127370258786554, ub=0.06967546355973796
[2025-01-30 06:42:28,532][root][INFO] - Simulating initial volumes for stage IIIB  with norm params: mu=2.76, sigma=6.87, lb=-0.5769974969906748, ub=-0.02839165102452155
[2025-01-30 06:42:28,533][root][INFO] - Simulating initial volumes for stage IV  with norm params: mu=3.86, sigma=8.82, lb=-0.5741465764541877, ub=-0.14683113860980307
[2025-01-30 06:42:28,535][root][INFO] - Got correlated params for 434 patients
[2025-01-30 06:42:28,536][root][INFO] - Got correlated params for 874 patients
[2025-01-30 06:42:28,537][root][INFO] - Got correlated params for 1357 patients
[2025-01-30 06:42:28,538][root][INFO] - Simulating beta_c parameters
[2025-01-30 06:42:28,539][root][INFO] - Randomising outputs
[2025-01-30 06:42:52,849][src.data.cancer_sim.dataset][INFO] - Processing train dataset before training
[2025-01-30 06:42:53,726][src.data.cancer_sim.dataset][INFO] - Shape of processed train data: {'cancer_volume': (10000, 60), 'chemo_dosage': (10000, 60), 'radio_dosage': (10000, 60), 'chemo_application': (10000, 60), 'radio_application': (10000, 60), 'chemo_probabilities': (10000, 60), 'radio_probabilities': (10000, 60), 'sequence_lengths': (10000,), 'death_flags': (10000, 60), 'recovery_flags': (10000, 60), 'patient_types': (10000,), 'prev_treatments': (10000, 59, 4), 'current_treatments': (10000, 59, 4), 'current_covariates': (10000, 59, 2), 'outputs': (10000, 59, 1), 'active_entries': (10000, 59, 1), 'unscaled_outputs': (10000, 59, 1), 'prev_outputs': (10000, 59, 1), 'static_features': (10000, 1)}
[2025-01-30 06:42:53,727][src.data.cancer_sim.dataset][INFO] - Processing val dataset before training
[2025-01-30 06:42:53,817][src.data.cancer_sim.dataset][INFO] - Shape of processed val data: {'cancer_volume': (1000, 60), 'chemo_dosage': (1000, 60), 'radio_dosage': (1000, 60), 'chemo_application': (1000, 60), 'radio_application': (1000, 60), 'chemo_probabilities': (1000, 60), 'radio_probabilities': (1000, 60), 'sequence_lengths': (1000,), 'death_flags': (1000, 60), 'recovery_flags': (1000, 60), 'patient_types': (1000,), 'prev_treatments': (1000, 59, 4), 'current_treatments': (1000, 59, 4), 'current_covariates': (1000, 59, 2), 'outputs': (1000, 59, 1), 'active_entries': (1000, 59, 1), 'unscaled_outputs': (1000, 59, 1), 'prev_outputs': (1000, 59, 1), 'static_features': (1000, 1)}
[2025-01-30 06:42:53,817][src.data.cancer_sim.dataset][INFO] - Processing test dataset before training
[2025-01-30 06:43:13,172][src.data.cancer_sim.dataset][INFO] - Shape of processed test data: {'cancer_volume': (224868, 60), 'chemo_application': (224868, 60), 'radio_application': (224868, 60), 'sequence_lengths': (224868,), 'patient_types': (224868,), 'prev_treatments': (224868, 59, 4), 'current_treatments': (224868, 59, 4), 'current_covariates': (224868, 59, 2), 'outputs': (224868, 59, 1), 'active_entries': (224868, 59, 1), 'unscaled_outputs': (224868, 59, 1), 'prev_outputs': (224868, 59, 1), 'static_features': (224868, 1)}
[2025-01-30 06:43:13,174][src.data.cancer_sim.dataset][INFO] - Processing test dataset before training
[2025-01-30 06:44:05,335][src.data.cancer_sim.dataset][INFO] - Shape of processed test data: {'cancer_volume': (548744, 65), 'chemo_application': (548744, 65), 'radio_application': (548744, 65), 'sequence_lengths': (548744,), 'patient_types': (548744,), 'patient_ids_all_trajectories': (548744,), 'patient_current_t': (548744,), 'prev_treatments': (548744, 64, 4), 'current_treatments': (548744, 64, 4), 'current_covariates': (548744, 64, 2), 'outputs': (548744, 64, 1), 'active_entries': (548744, 64, 1), 'unscaled_outputs': (548744, 64, 1), 'prev_outputs': (548744, 64, 1), 'static_features': (548744, 1)}
[2025-01-30 06:44:05,339][src.data.cancer_sim.dataset][INFO] - Processing test dataset before testing (multiple sequences)
[2025-01-30 06:44:12,136][src.data.cancer_sim.dataset][INFO] - Shape of processed test data: {'active_encoder_r': (548744, 59), 'prev_treatments': (548744, 5, 4), 'current_treatments': (548744, 5, 4), 'current_covariates': (548744, 5, 2), 'prev_outputs': (548744, 5, 1), 'static_features': (548744, 1), 'outputs': (548744, 5, 1), 'sequence_lengths': (548744,), 'active_entries': (548744, 5, 1), 'unscaled_outputs': (548744, 5, 1), 'patient_types': (548744,), 'patient_ids_all_trajectories': (548744,), 'patient_current_t': (548744,)}
[2025-01-30 06:44:14,642][src.models.ct][INFO] - Max input size of multi: 4
[2025-01-30 06:47:46,243][src.models.time_varying_model][INFO] - RMSE calculation for val.
[2025-01-30 06:47:46,245][src.models.time_varying_model][INFO] - Predictions for val.
[2025-01-30 06:47:46,986][__main__][INFO] - Val normalised RMSE (all): 0.6425127288036302; Val normalised RMSE (orig): 0.6348569343899326
[2025-01-30 06:47:46,987][src.models.time_varying_model][INFO] - RMSE calculation for test.
[2025-01-30 06:47:46,987][src.models.time_varying_model][INFO] - Predictions for test.
[2025-01-30 06:48:02,380][__main__][INFO] - Test normalised RMSE (all): 2.225372565056898; Test normalised RMSE (orig): 2.1366787000281353; Test normalised RMSE (only counterfactual): 2.3470541221175463
[2025-01-30 06:48:02,423][src.models.time_varying_model][INFO] - RMSE calculation for test.
[2025-01-30 06:48:02,424][src.models.ct][INFO] - Autoregressive Prediction for test.
[2025-01-30 06:48:02,426][src.models.ct][INFO] - t = 1
[2025-01-30 06:48:02,426][src.models.time_varying_model][INFO] - Predictions for test.
[2025-01-30 06:48:52,249][src.models.ct][INFO] - t = 2
[2025-01-30 06:48:52,249][src.models.time_varying_model][INFO] - Predictions for test.
[2025-01-30 06:49:42,042][src.models.ct][INFO] - t = 3
[2025-01-30 06:49:42,043][src.models.time_varying_model][INFO] - Predictions for test.
[2025-01-30 06:50:31,117][src.models.ct][INFO] - t = 4
[2025-01-30 06:50:31,118][src.models.time_varying_model][INFO] - Predictions for test.
[2025-01-30 06:51:20,251][src.models.ct][INFO] - t = 5
[2025-01-30 06:51:20,252][src.models.time_varying_model][INFO] - Predictions for test.
[2025-01-30 06:52:09,330][src.models.ct][INFO] - t = 6
[2025-01-30 06:52:09,330][src.models.time_varying_model][INFO] - Predictions for test.
[2025-01-30 06:52:59,256][__main__][INFO] - Test normalised RMSE (n-step prediction): {'2-step': 3.5985618361955325, '3-step': 3.7454193058656693, '4-step': 3.8516909487565485, '5-step': 3.8086737327158295, '6-step': 3.5565161910623804}
